7.42e-01
2.58e-01
7.65e-02
-7.02e-01
2.36e-02
1.92e-01
7.49e-02
-5.21e-01
-4.82e-01
3.22e-01
5.48e-01
-7.94e-01
9.49e-01
9.05e-01
9.11e-01
4.61e-01
5.88e-01
2.48e-02
2.23e-01
7.33e-01
-5.91e-01
3.72e-02
-4.63e-01
-6.73e-01
-6.51e-01
-2.84e-02
-5.54e-01
-5.20e-01
-2.88e-01
6.04e-01
7.67e-01
-6.16e-01
5.47e-01
7.32e-01
-6.58e-01
-3.64e-01
6.02e-01
6.45e-01
-3.88e-01
-9.22e-02
-3.03e-01
-8.85e-01
-9.24e-01
6.87e-01
-6.21e-01
6.48e-01
5.58e-01
1.46e-02
-8.14e-02
9.33e-01
5.53e-01
-3.65e-01
-7.51e-01
9.48e-01
6.69e-01
7.14e-01
-3.54e-01
-6.98e-01
7.14e-01
-2.55e-01
-1.16e-01
8.01e-01
-6.51e-01
2.06e-01
9.94e-01
-2.60e-02
-1.36e-01
6.84e-01
5.92e-02
-4.84e-01
8.84e-01
-7.09e-01
-4.74e-01
-7.66e-01
8.64e-01
-2.08e-01
5.88e-01
9.28e-01
2.64e-01
3.60e-01
6.86e-01
8.42e-01
9.54e-01
-3.93e-01
5.28e-01
4.06e-01
-7.06e-01
-5.93e-01
8.91e-02
4.00e-01
2.18e-01
-5.44e-01
8.47e-01
2.73e-03
5.47e-01
3.14e-01
3.40e-01
4.12e-01
-9.48e-01
-3.42e-01
-1.45e-01
5.33e-01
5.35e-01
6.43e-02
-4.68e-01
7.25e-01
7.74e-01
9.80e-01
-3.75e-01
-3.79e-01
6.03e-01
5.84e-01
-8.74e-01
6.20e-01
1.25e-01
-3.55e-01
-6.52e-01
-7.84e-01
9.51e-01
5.28e-01
6.02e-01
-2.72e-04
-2.59e-01
3.66e-01
4.82e-01
-3.74e-01
-4.71e-01
6.19e-01
-9.44e-01
7.92e-01
5.23e-01
-1.44e-01
-2.92e-03
-9.36e-01
-2.28e-01
-2.79e-01
-9.82e-01
-6.74e-01
-6.39e-01
3.36e-01
-1.39e-01
-1.07e-01
7.71e-01
-4.73e-01
8.80e-01
9.30e-02
-2.22e-02
3.17e-01
9.56e-01
-8.34e-01
1.05e-01
-4.56e-01
-6.61e-01
1.92e-01
3.17e-01
-3.85e-01
1.06e-01
6.45e-01
-8.61e-02
9.87e-01
6.60e-01
-3.53e-01
9.51e-01
6.74e-01
-9.06e-01
1.64e-01
-8.61e-01
8.46e-01
3.88e-01
-8.68e-01
6.16e-01
5.98e-01
-8.27e-01
8.15e-01
-9.29e-01
3.64e-01
6.14e-01
5.43e-01
-4.28e-01
2.63e-01
8.29e-01
3.57e-01
-6.86e-02
-1.08e-04
-5.58e-01
-5.87e-02
-2.58e-02
-6.39e-01
6.52e-01
6.66e-02
8.24e-01
-6.03e-01
5.41e-01
-9.60e-01
6.26e-01
6.21e-02
-4.19e-02
2.35e-01
-7.96e-01
-5.23e-01
-1.89e-01
8.35e-01
-7.50e-01
-8.38e-01
1.78e-01
2.81e-01
9.49e-01
-2.98e-02
7.20e-01
-4.31e-01
-2.98e-01
4.97e-01
8.74e-02
8.41e-01
-3.48e-01
5.36e-01
-6.17e-01
3.39e-01
9.80e-01
-3.93e-02
3.44e-01
8.14e-02
-7.89e-01
-4.48e-01
-6.80e-01
1.36e-01
3.89e-01
-7.42e-01
-6.18e-01
4.50e-01
5.74e-01
-5.31e-01
-1.55e-01
-5.98e-02
1.37e-01
-6.99e-01
8.62e-01
4.24e-01
-1.87e-01
-9.70e-01
2.57e-01
5.75e-02
4.79e-01
5.76e-01
-1.48e-01
9.40e-01
7.25e-01
4.56e-01
-3.50e-01
6.08e-01
-9.10e-01
7.58e-02
4.37e-01
1.06e-01
4.38e-02
9.26e-01
3.09e-01
-5.83e-01
3.23e-01
-7.54e-01
-9.78e-01
-2.75e-01
-1.80e-01
-3.79e-01
9.53e-01
