5.11e-02
-1.70e-01
-2.38e-01
-3.56e-01
-8.88e-01
3.15e-01
3.61e-01
1.36e-01
4.25e-02
-3.29e-01
3.62e-01
-2.44e-01
-1.07e-01
-8.77e-01
3.03e-01
-2.72e-01
-2.82e-01
5.49e-01
5.92e-02
1.90e-01
-5.50e-01
6.29e-01
5.38e-01
-1.62e-01
8.18e-01
4.48e-01
-1.05e-01
-2.12e-01
2.83e-01
-7.21e-01
6.10e-01
9.44e-01
3.15e-01
-3.97e-01
9.98e-01
-6.36e-01
7.92e-01
4.56e-01
1.22e-01
-3.38e-01
-6.38e-01
-8.76e-01
-4.70e-01
-4.82e-01
-8.33e-01
-9.93e-01
2.73e-01
5.01e-01
-9.59e-01
-1.47e-01
1.69e-01
-1.57e-01
2.74e-01
3.27e-01
8.28e-03
-9.38e-01
5.02e-03
7.11e-01
9.75e-01
-2.91e-01
2.37e-01
1.93e-01
-1.24e-01
5.25e-02
-7.45e-01
3.32e-01
-4.42e-01
3.10e-01
7.46e-01
6.03e-01
-4.91e-01
7.73e-02
-8.80e-01
-2.75e-01
3.40e-01
-1.13e-01
-4.05e-01
-7.29e-01
-9.82e-01
7.93e-01
-2.66e-01
-1.97e-01
-2.92e-01
-1.70e-01
7.68e-01
6.92e-01
1.52e-01
5.05e-01
-7.68e-01
-4.49e-01
-2.48e-01
-3.69e-01
-5.63e-02
3.34e-01
5.92e-01
7.98e-01
-8.77e-01
-6.28e-01
6.04e-01
1.88e-01
-7.26e-01
-3.55e-01
-8.19e-01
9.57e-01
-5.07e-01
-3.93e-01
-7.15e-01
-1.10e-01
3.18e-01
-7.30e-01
-5.28e-01
-7.03e-01
8.66e-01
-3.54e-01
3.41e-02
-7.47e-01
-8.94e-01
-4.10e-01
7.79e-01
8.86e-01
-8.84e-01
8.61e-01
-5.61e-01
9.05e-01
7.59e-01
-1.18e-01
-4.90e-02
1.58e-01
-6.32e-01
7.48e-01
-4.97e-01
-4.08e-02
-7.91e-01
-8.39e-01
7.27e-01
3.57e-01
-7.21e-01
9.84e-01
8.79e-01
2.64e-01
-3.99e-01
9.14e-02
3.53e-01
1.38e-02
-8.34e-01
9.26e-01
-6.89e-01
4.73e-01
7.28e-01
-9.98e-03
9.04e-01
9.40e-01
-3.56e-02
8.38e-01
-2.75e-01
5.03e-01
-5.99e-01
7.29e-01
-1.41e-01
-7.24e-03
6.75e-01
5.51e-01
-5.15e-01
5.82e-01
-9.17e-02
-6.49e-03
1.28e-02
1.05e-01
-8.26e-01
-7.25e-01
5.72e-01
-8.66e-01
-5.75e-01
-1.07e-01
-5.97e-01
-6.86e-01
8.74e-01
7.48e-01
-4.04e-01
-5.07e-01
-1.49e-01
-1.29e-01
2.73e-01
1.41e-02
-1.65e-01
-5.58e-01
-6.43e-01
-3.05e-01
-6.94e-01
-9.10e-01
-8.81e-01
-3.95e-01
3.06e-01
-8.64e-01
-9.78e-02
-7.47e-01
1.02e-01
3.95e-01
-9.09e-01
6.22e-01
-5.78e-01
6.68e-01
-3.70e-01
-7.17e-01
-9.81e-01
3.99e-01
5.19e-01
2.78e-01
-8.76e-01
7.82e-01
-7.57e-01
-3.05e-01
4.85e-01
3.75e-01
7.01e-01
-3.56e-01
-4.11e-01
-4.43e-01
7.68e-02
6.88e-01
-9.60e-01
7.74e-01
-4.67e-01
6.99e-01
-4.27e-02
9.41e-01
1.38e-01
6.58e-01
-4.15e-01
-6.45e-01
3.07e-01
2.59e-01
2.69e-01
-7.15e-01
-2.91e-01
-3.34e-02
-3.86e-01
8.75e-01
-1.16e-01
-4.68e-01
-4.69e-01
1.73e-01
8.24e-01
-7.29e-01
-3.63e-01
6.99e-01
-6.81e-01
-8.55e-03
2.22e-01
5.11e-02
-1.22e-01
-6.49e-01
-1.62e-01
-1.13e-02
1.95e-01
3.26e-02
7.74e-01
-5.53e-01
-9.57e-01
9.45e-02
7.80e-01
1.05e-01
-8.50e-01
6.65e-01
2.89e-01
