-1.47e-01
5.55e-01
-1.63e-02
-2.58e-01
-9.30e-01
-9.55e-01
1.25e-01
4.90e-01
-4.17e-01
-6.52e-01
-8.56e-01
8.08e-01
9.89e-01
5.58e-02
-4.74e-01
1.94e-01
9.83e-01
6.93e-01
-2.42e-01
6.78e-01
-7.46e-01
3.40e-01
-3.40e-01
-3.70e-02
-8.46e-02
5.78e-01
1.68e-01
-9.42e-01
-6.33e-01
-3.03e-01
-6.78e-01
9.04e-01
-8.80e-01
-6.63e-01
8.05e-01
-8.00e-01
4.21e-01
-9.84e-01
-7.39e-01
-5.83e-01
-4.47e-01
3.22e-01
-1.49e-01
4.60e-01
-1.99e-01
4.72e-03
-3.22e-01
-7.40e-01
-6.71e-01
-1.93e-01
6.09e-01
7.55e-02
6.42e-01
1.93e-01
-8.61e-01
-3.84e-01
-4.97e-01
6.05e-02
-5.02e-01
3.33e-01
-9.86e-01
1.28e-01
7.40e-01
-7.15e-01
-5.46e-01
-6.07e-01
-9.73e-01
-9.90e-01
-1.67e-01
7.62e-01
8.24e-01
-6.26e-03
-1.51e-02
-4.48e-01
-6.82e-01
3.08e-01
2.28e-01
8.71e-01
-5.18e-01
6.34e-01
8.61e-01
-5.32e-01
5.22e-01
-3.57e-01
-8.50e-02
3.83e-01
2.09e-01
4.67e-01
1.72e-01
-9.96e-01
-8.68e-01
-2.29e-01
7.09e-01
2.67e-01
8.34e-01
3.48e-01
-8.01e-01
-5.00e-01
-9.80e-01
6.39e-01
-7.04e-01
6.72e-01
-6.92e-01
8.08e-01
-1.47e-02
-3.47e-01
4.05e-01
-9.29e-01
-6.70e-01
-3.56e-01
-1.68e-01
7.16e-01
1.43e-01
-4.46e-01
-9.25e-01
-4.53e-01
-6.84e-01
-1.91e-01
1.43e-01
3.11e-01
3.90e-01
1.73e-01
-5.45e-02
-6.20e-01
-7.35e-01
-4.79e-01
6.15e-01
-7.64e-01
-1.80e-01
-4.47e-01
-5.81e-01
-2.18e-01
-1.26e-01
-8.89e-01
2.55e-01
5.79e-01
-7.92e-01
-9.48e-01
-9.15e-01
-9.69e-01
-8.00e-01
7.22e-01
4.59e-01
5.52e-01
-9.17e-01
6.84e-01
-5.02e-01
5.26e-01
-7.16e-01
-8.81e-01
3.28e-01
-5.59e-02
-6.02e-01
1.97e-01
5.40e-01
8.97e-01
-9.73e-01
8.60e-03
9.55e-01
3.36e-01
-6.24e-02
6.86e-02
-1.74e-01
-8.46e-01
-2.35e-01
7.68e-01
5.73e-01
1.99e-01
1.74e-01
-7.80e-03
-2.80e-01
4.38e-01
2.42e-01
2.20e-01
-1.67e-01
-6.66e-02
-1.35e-01
9.24e-01
2.54e-01
-1.96e-01
4.36e-01
5.62e-01
2.36e-01
-1.96e-01
-2.26e-01
-3.08e-01
4.55e-01
9.19e-02
7.47e-01
-6.63e-01
-3.93e-01
-2.10e-01
5.82e-01
-5.99e-01
-1.42e-01
1.11e-01
-8.05e-01
7.35e-01
-9.66e-01
-9.95e-01
-9.55e-01
-4.50e-01
-2.10e-01
4.92e-02
8.38e-01
2.88e-01
-1.54e-01
8.01e-01
6.08e-01
-8.77e-01
-4.04e-01
-6.24e-01
3.75e-01
4.15e-01
-6.99e-01
-8.25e-01
2.16e-01
-8.32e-01
-4.45e-01
-2.36e-01
-6.62e-01
3.60e-02
-4.66e-01
-9.84e-01
1.09e-01
-4.40e-01
-7.05e-01
3.84e-01
9.21e-01
-9.32e-01
8.48e-01
4.97e-01
-2.65e-01
1.71e-01
-4.96e-02
-3.34e-02
-3.86e-01
8.75e-01
-1.16e-01
-4.68e-01
-4.69e-01
-5.53e-01
-4.57e-01
7.43e-01
-3.14e-01
-2.13e-01
-2.23e-01
9.49e-01
-3.02e-01
5.25e-02
-1.15e-01
-9.51e-01
-4.82e-01
6.26e-01
7.40e-01
-6.69e-01
-6.62e-01
-6.29e-01
-5.68e-01
-9.27e-01
1.75e-02
4.49e-01
7.52e-01
3.17e-01
-7.32e-01
