-5.94e-01
9.41e-01
6.16e-01
6.15e-02
-4.43e-01
6.56e-02
-2.19e-01
9.77e-01
5.62e-02
4.80e-01
-7.48e-01
1.03e-01
-7.44e-01
-9.12e-01
-9.33e-02
7.27e-01
-1.36e-01
-2.28e-01
9.77e-01
-6.00e-02
-2.63e-01
4.16e-01
-3.45e-01
2.52e-01
-4.86e-01
-5.05e-01
-9.67e-01
-1.81e-02
-8.00e-01
-6.13e-01
1.08e-01
8.89e-01
6.36e-01
-6.68e-01
-9.52e-01
-5.15e-01
3.35e-01
-3.51e-01
7.66e-01
6.27e-01
9.21e-01
6.90e-02
6.10e-01
9.28e-01
-3.86e-01
5.77e-01
-3.57e-01
5.86e-01
8.48e-01
9.58e-01
5.29e-01
5.77e-01
9.47e-01
8.55e-01
8.78e-01
2.43e-01
5.90e-01
8.38e-01
-9.43e-01
-2.91e-01
2.37e-01
1.93e-01
-1.24e-01
5.25e-02
-7.45e-01
3.32e-01
-4.42e-01
3.10e-01
7.46e-01
6.03e-01
-4.91e-01
7.73e-02
-8.80e-01
-2.75e-01
3.40e-01
-1.13e-01
-4.05e-01
-7.29e-01
-9.82e-01
7.93e-01
-2.66e-01
-1.97e-01
-2.92e-01
-1.70e-01
7.68e-01
6.92e-01
1.52e-01
5.05e-01
-7.68e-01
-4.49e-01
-2.48e-01
-3.69e-01
-5.63e-02
3.34e-01
5.92e-01
7.98e-01
-8.77e-01
-6.28e-01
6.04e-01
1.88e-01
-7.26e-01
-3.55e-01
-8.19e-01
9.57e-01
-5.07e-01
-3.93e-01
-7.15e-01
-1.10e-01
3.18e-01
-7.30e-01
-5.28e-01
6.39e-02
-8.75e-01
-4.89e-01
-6.93e-01
-4.53e-01
5.90e-01
-4.75e-01
7.33e-01
4.67e-01
2.79e-01
-7.23e-01
-3.02e-01
-5.40e-01
5.90e-01
-5.39e-02
1.70e-01
-8.81e-01
3.79e-01
-8.09e-01
-5.29e-01
8.54e-01
-1.61e-01
-9.17e-01
-8.99e-01
-9.23e-02
5.83e-01
-5.46e-01
2.95e-01
-2.96e-01
-2.50e-01
3.60e-01
-3.37e-01
-6.39e-01
9.50e-02
-3.65e-01
1.26e-01
6.73e-01
-1.41e-01
-3.03e-01
7.68e-01
-9.16e-01
2.97e-01
7.84e-02
7.93e-01
-9.01e-01
-8.09e-01
4.15e-01
5.93e-01
5.12e-01
4.15e-01
3.67e-01
2.93e-01
-4.67e-01
6.40e-01
2.02e-01
-2.18e-01
1.99e-01
1.74e-01
-7.80e-03
-2.80e-01
4.38e-01
2.42e-01
2.20e-01
-3.45e-01
-4.86e-01
8.74e-01
7.48e-01
-4.04e-01
-5.07e-01
-1.49e-01
-1.29e-01
2.73e-01
1.41e-02
-1.65e-01
-5.58e-01
-6.43e-01
-3.05e-01
-6.94e-01
-9.10e-01
-8.81e-01
-3.95e-01
3.06e-01
-8.64e-01
-9.78e-02
-7.47e-01
1.02e-01
3.95e-01
-9.66e-01
-9.95e-01
-9.55e-01
-4.50e-01
-2.10e-01
4.92e-02
8.38e-01
2.88e-01
-1.54e-01
8.01e-01
6.08e-01
-8.77e-01
-4.04e-01
-6.24e-01
3.75e-01
4.15e-01
-6.99e-01
-8.25e-01
2.16e-01
-8.32e-01
-4.45e-01
-2.36e-01
-6.62e-01
3.60e-02
-4.66e-01
-9.84e-01
1.09e-01
-4.40e-01
-7.05e-01
3.84e-01
9.21e-01
-9.32e-01
8.48e-01
4.97e-01
-2.65e-01
1.71e-01
-4.96e-02
-3.10e-01
1.21e-01
-7.28e-01
-7.19e-02
-6.46e-01
1.69e-01
1.06e-01
9.82e-01
-8.69e-01
-3.41e-01
3.12e-01
6.97e-01
1.08e-01
8.86e-01
8.85e-01
6.86e-01
5.73e-01
-8.34e-02
1.81e-01
9.65e-01
-3.90e-01
-6.05e-01
-2.93e-02
-1.38e-01
-9.27e-01
1.75e-02
4.49e-01
7.52e-01
3.17e-01
-7.32e-01
