-2.82e-01
-3.79e-01
9.13e-01
3.37e-01
-8.70e-01
9.63e-01
7.21e-01
3.07e-01
-2.91e-01
7.25e-01
8.85e-01
2.81e-01
3.97e-01
8.95e-01
3.17e-01
-4.24e-01
1.84e-02
8.75e-01
4.46e-01
-8.41e-01
-3.87e-01
4.34e-01
5.04e-01
-9.40e-01
-8.46e-02
5.78e-01
1.68e-01
-9.42e-01
-6.33e-01
-3.03e-01
-6.78e-01
9.04e-01
8.51e-01
-6.63e-01
8.05e-01
-1.76e-01
4.21e-01
-9.84e-01
-7.39e-01
-5.83e-01
-4.47e-01
3.22e-01
-1.49e-01
4.60e-01
-1.99e-01
4.72e-03
-3.22e-01
-7.40e-01
-6.71e-01
-1.93e-01
6.09e-01
7.55e-02
6.42e-01
1.93e-01
-8.61e-01
-3.82e-01
1.12e-01
8.90e-01
-4.67e-01
-4.66e-02
-8.73e-01
-5.41e-01
2.79e-01
-6.58e-01
-9.13e-01
3.24e-01
2.08e-01
-1.45e-01
8.18e-02
-4.67e-01
5.06e-01
-5.60e-01
4.64e-01
5.96e-01
-3.45e-01
6.53e-01
1.55e-01
-1.26e-01
4.29e-01
-5.64e-01
-8.90e-01
-8.42e-02
-3.49e-01
-7.25e-01
-4.00e-01
4.32e-01
-4.24e-01
-8.24e-01
1.09e-01
9.61e-01
-6.83e-01
-8.32e-02
6.68e-01
1.55e-01
5.04e-01
9.20e-02
-9.23e-01
7.29e-01
-9.30e-01
4.79e-02
-6.37e-01
-2.23e-01
-8.80e-01
-3.20e-01
4.97e-02
-6.80e-01
5.12e-01
-7.28e-01
6.59e-01
-3.48e-01
4.67e-01
4.25e-01
8.43e-01
4.14e-01
5.44e-01
9.67e-01
-9.81e-02
-8.53e-01
-1.94e-01
-2.31e-01
-6.51e-01
2.33e-01
-7.03e-01
9.75e-02
-9.99e-01
1.00e-01
-8.07e-01
9.16e-01
7.93e-02
-6.82e-01
6.21e-01
9.92e-01
6.44e-01
6.93e-01
2.98e-01
6.44e-02
-6.39e-01
-7.69e-01
2.27e-01
3.13e-01
6.52e-01
3.29e-01
7.77e-01
-1.03e-01
3.81e-01
-6.83e-01
5.95e-01
1.51e-01
2.34e-01
9.91e-01
3.04e-01
7.55e-01
-5.33e-01
-7.91e-01
6.46e-01
-3.99e-01
1.06e-01
1.09e-01
5.61e-01
-1.13e-01
4.00e-02
1.97e-01
3.84e-01
-9.68e-01
3.10e-01
-4.39e-01
2.35e-01
6.75e-01
-7.53e-01
-9.42e-01
7.66e-01
-6.06e-01
-8.29e-01
-1.59e-01
3.31e-01
-8.80e-01
-2.53e-01
-5.21e-01
1.04e-01
5.95e-01
-3.88e-02
4.99e-01
-4.15e-01
-7.68e-01
7.57e-01
-4.28e-01
4.03e-01
-3.05e-01
-6.94e-01
-9.10e-01
-8.81e-01
-3.95e-01
3.06e-01
-8.64e-01
-9.78e-02
-7.47e-01
1.02e-01
3.95e-01
-9.09e-01
6.22e-01
-5.78e-01
6.68e-01
-3.70e-01
-7.17e-01
-9.81e-01
3.99e-01
5.19e-01
2.78e-01
-8.76e-01
7.82e-01
-7.57e-01
-6.81e-01
4.85e-01
3.75e-01
7.01e-01
-3.56e-01
-4.11e-01
-4.43e-01
7.68e-02
6.88e-01
-9.60e-01
7.74e-01
-4.67e-01
6.99e-01
-4.27e-02
9.41e-01
1.38e-01
6.58e-01
-4.15e-01
-6.45e-01
6.50e-02
2.59e-01
2.69e-01
-7.15e-01
-2.91e-01
-3.34e-02
-3.86e-01
8.75e-01
-1.16e-01
-4.68e-01
-4.69e-01
1.73e-01
8.24e-01
-7.29e-01
-3.63e-01
6.99e-01
-3.05e-01
-8.55e-03
2.22e-01
5.11e-02
-1.22e-01
-6.49e-01
-1.62e-01
-1.13e-02
1.95e-01
3.26e-02
7.74e-01
-5.53e-01
-9.57e-01
9.45e-02
7.80e-01
1.05e-01
-8.50e-01
6.65e-01
2.89e-01
