4.59e-01
5.19e-01
-5.62e-01
-1.78e-02
3.66e-01
9.28e-01
2.30e-01
-5.85e-01
1.90e-01
5.44e-01
-4.56e-01
-4.27e-01
9.02e-02
-9.76e-01
-1.78e-01
9.94e-01
1.53e-01
-5.58e-01
6.89e-01
-6.87e-01
1.43e-01
-2.14e-01
3.08e-01
-2.80e-02
2.35e-01
-8.95e-01
-7.09e-01
-8.34e-01
-1.85e-02
7.85e-01
8.96e-01
5.85e-01
-8.32e-03
3.51e-01
8.96e-01
-9.89e-01
-1.05e-01
8.66e-01
-7.40e-01
5.70e-01
1.60e-01
-2.08e-01
-6.65e-01
-8.58e-01
1.38e-01
-2.29e-01
4.89e-01
-3.78e-02
-1.06e-03
9.96e-01
7.14e-02
-6.82e-01
-8.86e-01
-7.92e-02
7.92e-01
-7.87e-01
-3.49e-01
8.63e-01
9.08e-01
-7.23e-01
6.54e-01
-3.03e-01
8.98e-01
-3.26e-01
-2.04e-02
8.39e-01
-5.34e-01
-3.37e-01
-2.69e-01
2.56e-01
1.26e-01
-6.92e-01
9.07e-01
9.57e-01
-2.66e-01
2.05e-01
-5.13e-01
-6.23e-01
1.63e-01
-6.62e-01
-1.06e-01
-3.30e-01
1.09e-02
9.97e-01
9.06e-04
-6.18e-01
-2.81e-01
-7.96e-01
-1.20e-01
-8.33e-01
-6.82e-01
-2.53e-01
7.06e-01
-3.60e-01
-2.46e-01
4.32e-01
-5.26e-01
2.89e-01
-6.77e-01
-6.63e-01
2.85e-01
7.02e-01
-2.03e-01
-8.06e-01
-8.40e-01
9.84e-01
7.61e-03
8.49e-01
-6.33e-01
-7.48e-01
-9.28e-01
3.33e-01
-6.53e-01
3.41e-01
-2.65e-01
-4.58e-01
-8.26e-01
4.75e-01
-5.29e-01
-1.87e-01
3.98e-01
3.86e-01
5.82e-01
3.85e-01
5.42e-01
-9.71e-01
3.43e-02
-9.17e-01
-7.19e-01
-2.74e-01
-5.61e-01
3.91e-01
-2.01e-01
-3.98e-01
3.19e-01
2.48e-01
9.47e-01
-4.23e-01
-7.63e-01
3.04e-01
-5.20e-01
-5.33e-01
3.74e-01
5.53e-02
-5.56e-01
-8.24e-01
4.16e-02
7.07e-01
1.35e-01
-5.85e-01
-2.58e-01
8.96e-01
-9.44e-01
1.01e-01
-9.83e-01
-7.01e-01
-1.24e-01
9.91e-01
6.00e-01
-3.01e-01
-2.09e-01
8.07e-01
1.89e-01
3.26e-01
-9.31e-01
5.95e-01
3.82e-01
7.44e-01
-5.68e-01
6.57e-01
-3.90e-01
5.96e-01
-8.85e-01
8.13e-01
-7.72e-01
-5.04e-01
2.45e-01
-9.87e-01
3.19e-01
7.76e-01
5.53e-01
-9.61e-01
-4.95e-01
-2.83e-01
8.53e-01
-1.75e-01
-3.79e-01
9.43e-01
8.23e-01
-1.41e-01
-9.38e-01
5.90e-01
7.54e-01
1.78e-02
-3.89e-01
5.16e-02
-5.70e-01
6.01e-01
6.91e-02
-3.66e-01
-3.43e-01
-1.86e-01
2.58e-01
-4.89e-01
1.12e-01
-1.61e-01
-6.07e-01
-6.68e-01
3.35e-01
-5.36e-01
-9.05e-01
2.82e-01
5.61e-01
3.66e-01
-3.86e-01
2.50e-01
-9.23e-01
-9.56e-01
3.38e-01
7.54e-01
-5.29e-04
9.11e-01
4.62e-01
-5.53e-01
1.65e-01
-5.28e-01
8.15e-01
7.07e-02
9.25e-02
1.97e-01
-7.10e-01
7.50e-01
-3.64e-01
5.20e-01
-5.21e-01
6.68e-01
1.52e-01
-1.94e-01
2.71e-01
-6.86e-01
9.57e-01
-1.96e-01
7.97e-01
3.79e-01
5.71e-01
7.78e-01
9.83e-01
-5.51e-01
-1.50e-01
-7.77e-01
1.16e-02
7.47e-01
6.05e-01
-3.91e-01
-2.47e-01
8.57e-01
1.45e-01
-6.16e-01
9.26e-01
-2.35e-01
-2.55e-01
-1.98e-01
3.54e-01
-1.55e-01
-8.28e-01
