-1.80e-01
-7.84e-01
-1.88e-01
1.21e-02
6.44e-01
2.19e-01
8.01e-01
8.78e-01
-1.39e-01
1.95e-01
-4.63e-01
2.21e-01
9.27e-01
7.80e-01
-6.37e-01
7.24e-01
-1.49e-01
-8.53e-01
2.63e-01
6.16e-01
-8.38e-01
-2.14e-01
3.08e-01
-2.80e-02
2.35e-01
-8.95e-01
-7.09e-01
-8.34e-01
-1.85e-02
7.85e-01
8.96e-01
5.85e-01
-8.32e-03
3.51e-01
8.96e-01
-9.89e-01
-1.05e-01
8.66e-01
-3.54e-01
-3.14e-01
-7.38e-01
3.97e-01
1.84e-01
-2.82e-01
9.24e-01
-5.20e-01
-1.76e-01
-7.29e-01
-3.53e-01
3.16e-01
-9.37e-02
8.01e-01
-7.10e-01
5.91e-01
-7.12e-01
3.34e-01
9.17e-01
-7.81e-01
8.49e-01
-8.67e-01
9.46e-01
2.72e-01
5.83e-01
3.82e-01
4.56e-01
5.17e-02
9.86e-01
-4.71e-01
-7.26e-01
5.85e-01
6.43e-01
2.63e-01
-5.09e-01
-4.80e-01
-3.65e-01
6.39e-01
1.79e-01
7.91e-01
9.78e-03
6.76e-01
9.25e-01
-2.07e-02
-6.05e-01
-2.08e-01
-1.20e-02
2.25e-01
-7.80e-01
-4.05e-01
-9.31e-01
1.12e-01
-8.86e-01
3.92e-01
5.56e-01
-6.02e-02
-2.45e-01
-2.19e-01
9.29e-01
-6.29e-01
4.54e-01
-9.14e-01
-8.09e-01
-9.99e-01
-9.63e-01
-6.88e-01
9.07e-01
9.19e-01
-9.84e-01
-4.80e-01
7.33e-01
7.86e-01
3.61e-01
-3.32e-01
-1.90e-01
8.46e-01
-9.11e-01
1.54e-01
6.36e-01
-4.21e-01
8.18e-01
-8.85e-01
-3.76e-01
3.08e-01
-3.14e-01
-3.36e-01
-5.29e-02
4.23e-01
-5.61e-01
7.92e-02
9.05e-01
-6.77e-01
2.29e-01
-1.61e-01
-5.42e-01
4.95e-01
2.97e-01
7.83e-01
-9.97e-01
7.98e-01
-6.13e-01
9.70e-01
7.02e-01
8.82e-01
3.74e-01
5.53e-02
-5.56e-01
-8.24e-01
4.16e-02
7.07e-01
1.35e-01
-5.85e-01
-2.58e-01
8.96e-01
-9.44e-01
1.01e-01
-9.83e-01
-7.01e-01
-1.24e-01
9.91e-01
6.00e-01
-3.01e-01
-2.09e-01
8.07e-01
1.89e-01
3.26e-01
-9.31e-01
5.95e-01
3.82e-01
7.44e-01
-5.68e-01
6.57e-01
-3.90e-01
5.96e-01
-8.85e-01
8.13e-01
-7.72e-01
-5.04e-01
2.45e-01
-9.87e-01
3.19e-01
7.76e-01
5.53e-01
-9.61e-01
-4.95e-01
-2.83e-01
8.53e-01
-1.75e-01
-3.79e-01
9.43e-01
8.23e-01
-1.74e-01
-1.96e-01
8.08e-01
-9.41e-01
-1.43e-02
6.84e-01
-3.18e-01
1.99e-01
-1.00e-01
-1.12e-01
4.34e-01
-4.74e-01
-6.02e-01
7.84e-01
8.86e-01
5.24e-01
4.41e-01
-2.57e-01
-8.51e-01
-4.89e-01
-8.31e-01
1.59e-01
8.39e-03
7.99e-01
6.46e-01
5.95e-02
9.89e-01
-8.97e-01
-1.29e-01
5.56e-01
4.95e-02
-7.77e-01
-8.72e-01
-7.89e-01
-9.20e-01
2.03e-03
1.31e-01
9.47e-01
2.58e-01
8.80e-01
4.21e-01
3.65e-01
8.20e-02
-8.05e-01
9.88e-01
-4.85e-01
-9.53e-01
4.30e-01
-1.82e-02
-9.60e-01
-6.87e-01
-7.63e-01
-3.18e-01
2.57e-01
2.13e-01
4.64e-01
-9.49e-01
-2.69e-01
-3.62e-01
7.94e-01
-4.44e-01
-6.20e-01
-2.44e-01
8.07e-01
-6.95e-01
8.63e-01
4.04e-01
-6.48e-01
2.81e-01
7.25e-01
-1.55e-01
-1.66e-01
3.50e-01
-1.62e-01
5.55e-01
2.33e-01
