-1.82e-01
-1.60e-01
-9.91e-01
1.55e-02
8.27e-01
-6.08e-01
7.07e-01
7.43e-01
-3.47e-01
1.95e-01
-4.63e-01
2.21e-01
5.74e-01
2.24e-01
-3.59e-01
3.96e-01
5.21e-01
-6.37e-01
-1.30e-01
1.01e-01
9.23e-01
3.49e-01
6.84e-01
8.23e-01
6.87e-01
3.95e-01
3.35e-01
-8.35e-01
-2.56e-01
-6.69e-01
-9.22e-01
-8.56e-01
-5.11e-01
2.73e-01
1.40e-01
5.67e-01
-6.79e-01
1.81e-01
-7.87e-01
-8.24e-01
5.66e-01
6.96e-01
-7.90e-02
3.43e-01
-3.67e-01
3.74e-02
-1.61e-01
3.34e-01
6.44e-01
8.65e-01
-9.60e-01
-1.76e-01
9.34e-01
-6.63e-01
-7.25e-01
3.38e-01
6.81e-01
-6.67e-01
-7.37e-01
-3.84e-01
4.49e-01
7.43e-01
-8.21e-01
6.03e-01
-3.01e-01
9.47e-01
-3.88e-02
-8.30e-01
9.89e-01
6.67e-01
6.43e-01
2.63e-01
-5.09e-01
-4.80e-01
-3.65e-01
6.39e-01
1.79e-01
7.91e-01
9.78e-03
6.76e-01
9.25e-01
-2.07e-02
-6.05e-01
-2.08e-01
-1.20e-02
2.25e-01
-7.80e-01
-4.05e-01
-7.26e-01
1.12e-01
-8.86e-01
3.92e-01
5.56e-01
-6.02e-02
-2.45e-01
-2.19e-01
9.29e-01
-6.29e-01
4.54e-01
-9.14e-01
-8.09e-01
-9.99e-01
-9.63e-01
-6.88e-01
9.07e-01
9.19e-01
-9.84e-01
-4.80e-01
7.33e-01
7.86e-01
3.61e-01
-3.32e-01
-1.90e-01
8.46e-01
-9.11e-01
1.54e-01
6.36e-01
-4.21e-01
8.18e-01
-8.85e-01
-3.76e-01
3.08e-01
-3.14e-01
-3.36e-01
3.82e-01
4.23e-01
-5.61e-01
7.92e-02
9.05e-01
-6.77e-01
2.29e-01
-1.61e-01
-5.42e-01
4.95e-01
2.97e-01
7.83e-01
-9.97e-01
7.98e-01
-6.13e-01
9.70e-01
7.02e-01
8.82e-01
8.61e-01
9.13e-01
-8.70e-02
4.19e-01
6.47e-01
2.47e-01
-3.53e-01
1.67e-01
-3.82e-01
-8.91e-01
-9.80e-01
-3.45e-01
7.27e-01
4.61e-01
-6.22e-01
-5.73e-01
6.11e-01
-3.82e-01
6.42e-01
7.58e-01
7.11e-01
5.43e-01
9.62e-01
8.35e-01
-9.30e-01
8.18e-01
7.23e-01
7.93e-01
-8.95e-01
-3.00e-01
4.24e-01
2.96e-01
9.12e-01
2.48e-01
-6.41e-01
5.08e-01
1.49e-01
2.90e-01
2.63e-01
4.73e-01
9.32e-01
-6.84e-01
-8.50e-01
-1.92e-01
-5.51e-01
6.50e-02
1.99e-01
-1.74e-01
-1.96e-01
8.08e-01
-9.41e-01
-1.43e-02
2.15e-01
-3.18e-01
7.05e-01
-1.00e-01
-1.12e-01
4.34e-01
-4.74e-01
-6.02e-01
7.84e-01
8.86e-01
5.24e-01
4.41e-01
-2.57e-01
-8.51e-01
-4.89e-01
-8.31e-01
1.59e-01
8.39e-03
7.99e-01
6.46e-01
5.95e-02
9.89e-01
-8.97e-01
-1.29e-01
5.56e-01
4.95e-02
-7.77e-01
-8.72e-01
-7.89e-01
-9.20e-01
2.03e-03
1.31e-01
9.47e-01
2.58e-01
8.80e-01
4.21e-01
3.65e-01
8.20e-02
-8.05e-01
9.88e-01
-4.85e-01
-9.53e-01
4.30e-01
-1.82e-02
-9.60e-01
-6.87e-01
-7.63e-01
-3.18e-01
2.57e-01
2.13e-01
4.64e-01
7.25e-01
-2.69e-01
-3.62e-01
7.94e-01
-4.44e-01
-6.20e-01
-2.44e-01
8.07e-01
-6.95e-01
-9.61e-01
4.04e-01
-6.48e-01
2.81e-01
-9.49e-01
-1.55e-01
-1.66e-01
3.50e-01
-1.62e-01
5.55e-01
2.33e-01
