-8.14e-01
1.05e-01
-8.73e-01
4.43e-01
5.86e-01
6.69e-01
5.52e-01
-7.80e-01
5.78e-01
3.12e-01
-5.50e-01
3.09e-01
7.65e-01
-4.21e-01
8.67e-01
1.19e-01
-7.71e-01
-7.28e-01
-9.81e-01
8.77e-01
3.88e-01
-7.85e-01
-5.98e-01
7.42e-01
-7.54e-01
7.09e-01
-1.18e-01
-2.75e-01
3.40e-01
7.68e-01
-2.73e-01
-5.17e-01
8.39e-01
7.33e-01
-2.32e-01
4.45e-02
3.30e-01
-8.14e-01
-5.69e-01
5.52e-01
7.50e-01
-9.00e-01
9.07e-01
4.36e-01
-9.27e-01
-5.96e-01
3.60e-01
3.09e-01
-4.04e-01
7.43e-01
5.76e-02
-8.93e-01
-8.73e-01
6.79e-02
-5.07e-01
-4.66e-01
-6.07e-01
-1.01e-01
1.05e-01
4.37e-01
4.69e-01
-9.26e-01
1.33e-01
3.35e-01
2.80e-01
1.23e-01
-5.18e-01
4.09e-01
-2.63e-01
-1.79e-01
-7.16e-01
2.01e-02
5.66e-01
-3.89e-01
-5.61e-01
-3.11e-01
-9.62e-01
3.19e-02
-3.01e-01
2.76e-01
-7.31e-01
4.39e-01
1.06e-01
5.18e-01
-3.09e-01
-4.86e-01
5.69e-01
-4.83e-01
3.41e-01
6.77e-01
3.15e-01
-3.79e-01
3.43e-01
9.18e-02
4.78e-01
9.01e-02
8.02e-01
-3.11e-02
6.90e-01
6.62e-01
-8.37e-01
-7.73e-01
-9.96e-02
-2.27e-01
8.50e-01
8.14e-01
3.81e-01
-8.73e-01
6.81e-02
-4.70e-01
4.56e-01
7.65e-01
1.23e-01
9.86e-01
-4.12e-01
8.65e-02
-6.53e-01
5.80e-01
-5.24e-01
-6.54e-01
1.68e-01
4.53e-01
8.89e-01
-3.19e-01
-5.14e-01
2.92e-01
3.34e-01
-2.08e-01
3.75e-01
3.78e-01
8.01e-01
-9.16e-01
-4.49e-01
1.56e-01
3.54e-01
5.44e-01
3.21e-02
5.71e-01
2.04e-01
-3.31e-01
-8.14e-01
-3.18e-01
-9.68e-01
-3.05e-01
-4.03e-01
-3.26e-01
-9.97e-01
5.68e-02
-9.25e-01
7.56e-02
-7.12e-02
-9.20e-01
-5.96e-01
8.27e-01
-9.09e-01
1.03e-01
-9.84e-02
-7.69e-01
9.38e-01
1.75e-01
6.53e-01
-8.04e-01
3.84e-02
-6.17e-01
-8.02e-01
-6.47e-01
-6.63e-01
2.41e-02
-8.80e-01
-4.46e-02
-9.48e-01
4.51e-01
3.30e-01
-7.25e-02
-6.51e-01
1.64e-01
-7.42e-01
8.08e-01
4.57e-02
6.42e-01
4.12e-01
1.63e-01
-4.14e-01
3.05e-01
4.15e-01
3.13e-01
-7.28e-01
-9.25e-01
6.39e-01
3.42e-01
-8.93e-01
2.14e-01
6.40e-01
-4.44e-01
-4.28e-02
3.93e-01
-2.23e-01
4.27e-01
4.33e-01
8.30e-02
7.40e-01
5.23e-01
-9.71e-01
-4.61e-01
-7.95e-01
-2.74e-01
-8.04e-01
-7.68e-01
-9.68e-01
2.47e-01
-3.27e-01
-4.81e-01
5.75e-01
9.15e-01
1.19e-01
-9.64e-01
-9.76e-01
5.53e-01
-5.78e-01
9.01e-01
8.46e-01
3.09e-01
4.81e-01
-2.52e-01
1.77e-01
-3.45e-01
9.33e-01
-4.92e-02
9.36e-01
-6.25e-01
-2.99e-01
3.59e-01
-1.12e-01
-4.05e-01
-6.77e-01
-1.40e-01
9.14e-01
8.26e-01
1.91e-01
3.84e-01
-8.51e-01
-7.34e-01
6.88e-01
-7.21e-01
-9.42e-01
4.69e-01
-5.02e-01
-2.07e-01
8.84e-01
6.94e-01
-5.30e-01
9.83e-01
8.35e-01
1.26e-01
-4.18e-01
6.81e-01
-4.73e-01
-4.21e-01
-2.82e-01
-1.75e-01
-9.36e-01
-1.38e-01
-9.23e-01
1.31e-01
-9.44e-01
