4.60e-01
4.40e-01
3.85e-02
-6.23e-01
8.77e-01
-1.96e-01
-7.81e-01
5.37e-01
5.20e-01
-6.12e-01
-2.86e-01
3.85e-01
-9.73e-01
-3.05e-01
8.51e-01
-7.18e-01
-3.82e-01
-4.24e-01
1.90e-01
-5.15e-01
9.88e-02
9.20e-01
-8.36e-01
-2.61e-01
-6.80e-01
-1.08e-01
4.86e-01
-1.67e-01
-6.22e-01
-3.37e-01
-8.99e-01
-8.92e-01
1.56e-01
3.02e-01
1.88e-01
-4.40e-01
-4.41e-01
8.20e-01
-4.43e-01
5.72e-01
4.75e-02
-5.00e-01
7.30e-01
9.83e-01
-3.96e-01
4.75e-01
6.51e-01
1.62e-01
-1.77e-01
1.55e-01
6.32e-01
5.25e-01
-4.46e-01
-9.12e-01
3.44e-01
6.13e-01
-8.73e-01
7.88e-01
-3.85e-01
2.40e-02
-1.86e-01
3.53e-01
-6.71e-01
-4.75e-02
-7.34e-01
4.87e-02
-8.62e-01
4.27e-01
-7.59e-01
9.80e-01
4.83e-02
-7.67e-01
2.84e-01
9.48e-02
2.16e-01
-6.95e-01
8.76e-01
-7.11e-01
4.57e-01
-3.25e-02
3.78e-01
2.88e-01
7.81e-01
-8.02e-01
-7.21e-01
5.29e-01
-1.58e-01
-9.48e-01
7.76e-01
7.76e-01
6.55e-01
-4.20e-01
-4.60e-01
-6.32e-01
7.36e-01
2.95e-01
-1.82e-01
-8.52e-01
6.17e-01
7.65e-02
8.96e-01
6.49e-01
-6.09e-02
-1.23e-01
-1.26e-01
5.37e-01
-2.06e-01
-6.14e-02
5.79e-01
5.32e-01
1.48e-01
7.93e-01
-5.10e-01
7.64e-01
2.26e-01
-5.55e-01
3.19e-01
3.82e-01
8.82e-01
5.05e-01
-1.25e-01
-6.15e-01
4.14e-01
-8.25e-02
5.86e-01
7.66e-01
8.44e-01
-6.07e-01
-7.34e-01
3.13e-01
-1.10e-01
7.83e-01
-3.41e-01
5.87e-01
-1.11e-02
7.26e-01
-7.81e-01
1.29e-01
3.75e-01
6.37e-01
4.84e-02
1.34e-01
5.94e-01
2.72e-01
1.70e-01
-7.83e-01
5.56e-01
-1.33e-01
4.71e-01
-8.12e-01
-7.78e-01
-2.27e-01
-5.14e-01
9.85e-01
-9.33e-01
2.07e-01
-4.05e-01
6.49e-01
4.73e-01
-4.85e-01
-4.28e-01
5.68e-01
3.34e-01
4.46e-01
-7.78e-01
3.76e-01
3.33e-02
3.22e-01
3.44e-02
-2.27e-01
-3.61e-02
-4.40e-01
6.31e-02
-3.95e-01
3.80e-01
-7.86e-01
4.27e-01
-2.52e-01
8.22e-01
4.38e-01
-5.20e-01
-4.36e-01
-1.84e-01
7.91e-01
-9.14e-01
-5.74e-01
-4.01e-01
-3.99e-01
9.23e-01
-8.49e-01
-8.35e-01
8.75e-01
-2.33e-01
-9.24e-01
-9.70e-01
5.84e-01
8.05e-01
-7.90e-01
-6.61e-01
1.62e-01
9.02e-01
2.15e-01
2.77e-01
-5.48e-01
-9.83e-01
8.84e-01
-6.74e-01
3.36e-01
8.59e-01
2.44e-01
4.21e-01
-4.66e-01
-3.97e-01
7.71e-01
-3.07e-01
-6.77e-01
-4.47e-01
1.07e-01
-8.27e-02
-1.37e-01
-9.60e-01
6.08e-01
-1.16e-01
8.89e-01
7.03e-01
-1.78e-01
-5.21e-01
9.59e-01
-9.23e-01
3.48e-01
-8.98e-01
3.75e-01
8.96e-01
9.07e-01
7.11e-01
2.92e-01
4.32e-01
-6.29e-01
-1.22e-01
-9.58e-01
-3.33e-01
1.46e-01
2.07e-01
-9.68e-02
-5.27e-01
-6.54e-01
5.77e-01
-2.59e-01
5.67e-01
-4.07e-01
-6.67e-01
-5.66e-01
-3.01e-01
-1.69e-02
-2.52e-01
-4.31e-01
3.02e-01
4.83e-01
-5.42e-01
-3.48e-01
1.53e-01
-1.35e-01
1.97e-01
6.21e-01
-3.04e-01
