6.98e-01
9.56e-01
-8.17e-02
-4.17e-01
4.23e-01
-6.31e-01
8.72e-02
-5.53e-01
8.06e-01
1.44e-01
9.26e-01
-3.47e-01
-2.96e-01
1.54e-01
-3.93e-01
4.66e-01
2.36e-01
-3.33e-01
6.49e-02
9.83e-02
-2.78e-01
-4.14e-01
-7.42e-01
3.51e-02
-6.39e-01
5.90e-01
-4.24e-01
-1.99e-01
7.00e-01
7.47e-01
8.41e-01
-7.14e-01
-5.99e-01
-2.46e-01
-4.64e-01
-1.06e-01
-5.42e-01
7.33e-01
-4.44e-01
-8.44e-01
-3.23e-02
-6.07e-01
-5.74e-01
9.71e-01
-7.78e-01
5.23e-01
-2.21e-02
3.32e-01
-2.98e-01
8.95e-01
-5.63e-02
-3.84e-01
8.90e-01
3.56e-01
-4.08e-01
-3.92e-01
-6.97e-02
9.78e-01
8.45e-01
-3.02e-01
6.84e-02
9.38e-01
-8.56e-02
8.51e-01
-9.49e-01
-2.40e-01
-2.82e-01
6.30e-01
-5.44e-02
-9.90e-01
-1.87e-01
4.07e-01
-8.95e-01
-5.72e-01
-8.35e-01
-9.72e-01
9.01e-01
5.23e-01
-2.10e-01
3.53e-02
1.50e-01
5.26e-01
-6.56e-01
-4.03e-02
-4.90e-01
5.40e-01
-8.42e-01
9.81e-01
-6.17e-01
-4.24e-01
9.48e-01
1.41e-01
2.17e-02
4.32e-01
6.11e-01
-5.06e-01
-9.37e-01
3.43e-01
5.91e-01
1.48e-02
-7.85e-01
9.40e-01
-3.07e-01
-1.12e-01
4.79e-01
3.10e-01
-4.77e-01
4.99e-02
-4.91e-01
-3.30e-01
6.35e-01
6.29e-01
-1.12e-01
-6.90e-01
-9.00e-01
-5.36e-01
-5.97e-01
4.80e-01
8.69e-01
5.74e-01
2.75e-01
2.37e-02
-2.58e-01
-4.61e-01
-8.71e-01
8.92e-01
1.66e-01
2.17e-01
6.80e-01
-8.19e-01
-8.69e-01
6.65e-01
7.11e-01
-6.25e-01
-2.61e-01
-3.81e-01
-4.02e-01
-9.65e-01
-4.88e-01
-2.89e-01
7.36e-01
5.15e-01
7.81e-01
-7.04e-01
-9.72e-01
-8.49e-01
2.44e-01
6.51e-01
-9.06e-01
-2.59e-01
7.53e-01
7.93e-01
1.36e-01
-7.65e-01
-7.22e-02
-2.51e-01
7.76e-01
-2.23e-01
-3.28e-01
-8.67e-01
4.23e-01
-9.57e-01
-4.48e-01
4.19e-01
-6.89e-01
5.64e-01
4.95e-01
5.69e-01
3.57e-01
5.05e-01
7.04e-01
2.39e-02
-6.46e-02
8.68e-02
-6.91e-01
-1.41e-01
8.93e-01
-9.75e-01
-4.28e-01
-4.81e-01
-7.89e-02
1.57e-01
-2.30e-02
2.61e-01
-4.27e-03
-3.36e-01
-7.51e-01
-1.37e-01
-2.75e-01
8.03e-01
-5.23e-01
-8.60e-01
4.72e-01
-2.15e-01
-9.49e-01
-1.47e-01
7.12e-02
-8.38e-01
8.23e-01
-2.46e-01
6.33e-01
6.24e-01
2.85e-01
-1.39e-01
-5.25e-01
-9.81e-01
-8.20e-02
-8.32e-01
2.45e-01
7.50e-02
-6.57e-01
-6.42e-02
9.84e-01
6.27e-01
-6.38e-01
-3.51e-01
3.18e-01
-3.72e-01
-8.61e-01
-2.14e-01
-4.66e-01
2.90e-01
6.23e-01
6.68e-01
9.02e-01
2.46e-01
-6.22e-01
-1.91e-01
-4.09e-01
2.66e-01
-4.89e-01
-4.90e-01
-6.47e-01
-7.54e-01
8.24e-01
-3.82e-01
-1.03e-03
2.25e-01
3.20e-01
2.68e-01
-2.08e-01
1.67e-01
-4.52e-02
2.22e-01
-4.15e-01
-1.66e-01
2.56e-02
-5.23e-01
-2.45e-01
3.34e-01
-3.20e-01
-5.40e-01
5.81e-01
1.47e-01
6.38e-01
9.28e-01
-7.33e-01
3.00e-01
9.35e-01
-9.43e-01
9.74e-01
-8.36e-02
-3.50e-01
6.54e-01
3.31e-02
