6.98e-01
9.56e-01
-8.17e-02
-4.17e-01
4.23e-01
-6.31e-01
7.72e-01
-8.97e-01
3.66e-02
-1.91e-01
-4.86e-01
8.01e-01
9.11e-01
6.55e-01
2.32e-01
-4.90e-01
-4.93e-01
3.88e-01
-1.39e-01
-4.77e-01
-6.91e-01
2.28e-01
-9.45e-01
-8.60e-02
-7.17e-02
1.05e-01
1.16e-01
6.53e-01
-1.49e-01
-6.67e-01
-1.99e-01
9.42e-01
-4.93e-01
-5.28e-01
-3.33e-01
4.08e-01
4.45e-01
-1.59e-01
1.24e-01
9.44e-01
-4.38e-01
-6.33e-01
-4.03e-01
-8.60e-02
-8.56e-01
2.36e-01
3.52e-01
-1.97e-01
-6.34e-01
-1.35e-01
-1.03e-01
-6.25e-01
7.43e-01
4.00e-01
6.56e-01
3.30e-01
-3.76e-01
-6.13e-01
8.43e-01
7.05e-01
1.59e-01
8.05e-01
-5.57e-01
-3.34e-01
-7.27e-01
-3.80e-01
-7.58e-01
-4.75e-01
-7.99e-01
6.79e-01
9.43e-01
-8.80e-01
-6.25e-01
-6.46e-01
1.15e-01
7.67e-01
-7.33e-01
2.48e-02
-9.85e-01
3.99e-02
-3.07e-01
9.40e-01
-7.51e-01
5.47e-01
7.75e-01
1.03e-01
4.63e-01
7.06e-01
9.33e-01
2.37e-01
-2.53e-01
3.56e-01
-2.20e-01
5.79e-01
8.41e-01
7.30e-01
-4.28e-01
8.69e-01
6.58e-01
6.27e-01
-6.23e-04
-5.54e-01
4.49e-01
9.24e-02
-8.18e-01
-3.59e-01
-5.75e-02
-9.18e-02
4.85e-01
3.06e-03
-7.96e-01
-9.23e-01
4.02e-01
-3.50e-01
-8.06e-01
1.78e-01
-7.92e-01
-6.12e-01
6.90e-01
-9.78e-01
9.45e-01
6.70e-01
-7.74e-01
-9.88e-01
-2.33e-01
3.79e-01
-7.79e-01
1.23e-01
2.38e-01
-7.91e-01
3.40e-01
3.03e-01
9.59e-01
-2.73e-01
9.10e-01
-7.25e-01
-6.25e-01
-6.28e-01
9.68e-01
-6.15e-01
8.24e-01
-5.43e-01
8.53e-01
2.98e-02
-8.72e-01
5.99e-01
9.18e-01
-7.93e-01
-2.35e-01
-2.43e-01
7.02e-01
-5.82e-01
-2.20e-01
5.47e-01
3.26e-01
6.81e-02
8.81e-01
-9.95e-01
5.11e-01
-1.70e-01
8.54e-01
7.49e-01
-5.43e-01
-2.23e-01
7.25e-01
5.79e-01
-4.53e-01
-2.76e-01
-4.42e-01
6.69e-01
-5.74e-01
-4.64e-01
1.59e-01
-3.43e-01
-7.08e-01
9.83e-01
5.22e-01
8.97e-01
-3.80e-01
1.21e-01
-7.16e-01
-2.38e-01
3.24e-01
-9.04e-01
5.69e-02
6.69e-01
7.55e-01
5.27e-01
8.99e-01
4.72e-01
9.71e-01
7.79e-01
4.16e-01
-5.44e-01
8.51e-01
1.64e-01
1.68e-01
-6.77e-01
-8.48e-01
4.90e-01
7.05e-01
-3.61e-01
6.14e-01
8.34e-01
-6.31e-01
-7.17e-01
5.45e-01
9.50e-01
-3.19e-01
5.83e-01
-9.12e-01
2.21e-01
9.51e-01
6.27e-01
-6.38e-01
-2.60e-01
-5.15e-02
-9.98e-01
7.58e-01
-5.93e-02
7.28e-01
-1.84e-01
5.20e-01
-4.71e-01
-1.37e-01
7.82e-01
5.69e-02
-5.62e-01
9.03e-01
-5.88e-01
-6.00e-01
-6.26e-01
7.48e-01
8.98e-01
9.42e-01
-6.97e-01
-2.40e-01
-7.43e-01
3.61e-02
-5.86e-01
-9.45e-01
-8.76e-01
1.05e-01
4.00e-01
8.86e-01
4.29e-01
6.88e-01
5.97e-01
-8.36e-01
3.11e-01
-4.04e-01
-6.92e-01
-6.87e-01
-6.92e-01
-9.01e-01
9.26e-01
2.00e-01
5.85e-01
3.97e-01
-7.02e-01
1.07e-01
2.54e-01
5.03e-01
-5.03e-02
-6.01e-01
