-1.95e-02
-5.52e-02
-4.68e-01
6.27e-01
5.13e-01
-1.15e-01
5.88e-01
-9.36e-01
6.07e-01
-6.85e-01
1.46e-01
-7.52e-02
5.74e-01
-8.33e-01
-7.98e-01
-1.10e-02
-3.65e-01
-5.07e-01
-6.13e-01
8.87e-01
-7.16e-01
-2.48e-01
2.33e-01
-9.80e-01
-5.82e-01
-1.83e-01
-2.07e-01
3.36e-01
-6.26e-01
-5.37e-01
-4.40e-01
-7.43e-01
-7.07e-01
-8.75e-01
-1.91e-01
-6.77e-02
-9.44e-01
9.50e-01
-4.19e-01
-4.16e-02
6.06e-01
-8.64e-01
9.71e-02
-8.84e-01
7.25e-01
-8.47e-01
3.10e-02
3.15e-01
3.15e-01
5.64e-01
-9.77e-01
2.35e-01
7.12e-01
7.70e-01
2.91e-01
2.42e-01
1.12e-01
1.57e-02
-7.90e-01
2.56e-01
1.51e-01
4.56e-01
8.75e-01
4.88e-02
6.78e-01
8.45e-01
-1.12e-01
-1.42e-02
-9.82e-01
4.34e-01
-7.88e-01
3.48e-01
-5.86e-01
-2.91e-01
-4.62e-01
7.15e-01
7.81e-01
-9.01e-01
8.84e-01
-7.23e-01
9.89e-01
6.44e-01
6.31e-01
9.14e-01
-4.41e-01
-7.27e-01
-5.17e-01
-4.41e-01
-4.03e-01
-4.30e-01
-3.18e-01
5.15e-01
-9.29e-01
4.58e-01
2.69e-01
-8.47e-01
2.98e-01
-4.25e-01
1.78e-01
2.12e-01
-3.63e-01
4.64e-01
6.55e-01
5.47e-02
-9.42e-01
-1.25e-01
6.05e-01
-9.39e-01
-6.52e-01
-3.38e-01
-7.73e-01
-1.14e-01
-8.81e-01
-7.07e-01
-1.94e-02
-1.27e-02
-9.83e-01
4.62e-01
7.09e-01
5.98e-01
4.66e-01
-6.13e-01
-9.58e-01
-9.38e-01
-4.87e-01
9.20e-01
-5.46e-01
-7.60e-03
-3.79e-01
2.77e-01
-8.01e-02
-7.56e-01
5.89e-01
-8.66e-01
-6.58e-01
-2.78e-01
-3.93e-03
9.29e-01
1.10e-01
8.89e-01
6.27e-01
4.85e-01
-1.51e-01
-1.95e-01
-5.83e-01
-7.69e-01
8.87e-01
-1.04e-01
-8.57e-01
-6.61e-01
8.24e-01
-3.68e-02
-6.26e-01
-6.34e-01
1.74e-01
2.91e-01
-4.80e-02
-5.13e-01
-5.53e-01
7.12e-01
6.72e-01
9.58e-01
8.79e-01
-9.85e-01
8.67e-01
9.93e-01
-4.41e-01
9.61e-01
9.62e-01
3.69e-01
1.85e-01
1.00e-01
-4.18e-01
-7.60e-01
-5.04e-01
1.90e-01
-6.83e-01
-8.98e-03
2.38e-01
-5.23e-01
2.99e-01
7.86e-01
6.01e-01
5.28e-01
3.58e-01
-2.80e-02
5.65e-01
3.63e-01
-9.48e-01
3.63e-01
-6.93e-02
-2.19e-01
-1.80e-01
8.87e-01
-4.95e-01
2.19e-01
3.72e-01
6.56e-01
-4.96e-01
-1.82e-01
2.96e-01
-7.36e-01
-1.16e-01
4.98e-01
5.54e-01
8.37e-01
-5.42e-01
6.08e-04
-2.94e-01
2.99e-01
-3.26e-01
-1.90e-01
3.43e-01
3.86e-01
-5.75e-01
-3.54e-01
7.51e-01
-3.14e-01
9.97e-01
-6.83e-01
-4.38e-01
-1.80e-01
9.36e-01
5.37e-01
2.52e-01
-3.07e-01
3.53e-02
3.11e-01
2.70e-01
-3.03e-01
-6.25e-01
-6.14e-01
-2.23e-01
5.05e-01
5.42e-01
9.98e-01
3.24e-01
5.63e-01
6.87e-01
1.11e-01
-5.73e-02
8.54e-02
3.28e-01
-6.05e-01
2.94e-01
7.19e-01
-8.50e-01
3.47e-01
7.98e-01
-9.32e-02
3.61e-01
-3.91e-01
2.14e-01
1.94e-01
3.44e-01
-1.79e-01
-8.25e-01
7.88e-01
5.29e-01
9.50e-01
-9.85e-01
1.30e-01
8.38e-01
2.18e-01
8.82e-01
