-1.95e-02
-5.52e-02
-4.68e-01
6.27e-01
2.11e-01
8.52e-01
-6.27e-01
-9.36e-01
2.77e-01
-6.85e-01
3.88e-01
5.14e-01
-8.43e-01
-7.95e-01
-1.85e-01
-2.14e-01
-5.36e-01
-9.50e-01
-4.90e-01
-7.70e-01
3.58e-01
-8.10e-01
3.09e-01
-5.84e-01
9.12e-01
-2.37e-02
-6.29e-01
-4.21e-02
1.72e-02
9.93e-01
-4.32e-01
-6.15e-01
-9.04e-01
6.14e-01
8.98e-01
-5.86e-01
3.21e-01
2.52e-01
-7.42e-01
5.75e-01
-3.63e-01
5.57e-01
4.47e-01
8.40e-02
-7.91e-01
4.14e-01
6.80e-01
3.15e-01
3.15e-01
5.64e-01
-9.77e-01
2.35e-01
7.12e-01
7.70e-01
2.91e-01
2.42e-01
1.12e-01
1.57e-02
-7.90e-01
-3.86e-01
-4.62e-01
-5.36e-01
2.64e-01
-6.05e-01
6.71e-01
-8.67e-01
5.84e-01
-5.97e-01
-2.89e-01
4.34e-01
1.85e-01
-5.18e-01
3.35e-01
-9.23e-01
-4.62e-01
8.33e-01
6.74e-01
-3.83e-01
-3.64e-02
1.07e-01
9.89e-01
6.37e-01
4.37e-01
8.94e-01
3.33e-01
6.16e-01
-7.35e-01
2.64e-01
-3.92e-01
5.45e-01
6.98e-03
8.48e-02
6.73e-01
6.84e-01
7.01e-01
-9.60e-01
6.65e-01
-7.53e-01
-8.52e-01
-7.62e-01
-5.20e-01
4.30e-01
5.55e-01
-1.23e-01
6.71e-01
-3.04e-01
-4.99e-01
5.52e-02
-3.47e-01
4.50e-01
1.08e-01
-8.73e-01
-8.98e-02
1.41e-01
-7.80e-01
-6.67e-01
-1.76e-01
-8.28e-01
7.87e-01
1.88e-01
5.47e-01
-7.67e-01
-1.89e-01
-5.21e-01
4.95e-01
6.97e-01
5.61e-01
-8.82e-01
-6.19e-01
3.45e-01
2.48e-02
-8.55e-01
-9.27e-01
7.81e-01
-2.34e-02
-1.57e-01
1.57e-01
8.87e-02
-6.56e-01
7.96e-01
-3.33e-01
-2.89e-01
-3.83e-01
2.12e-02
3.32e-01
3.84e-01
4.30e-01
-5.52e-01
5.15e-01
-1.91e-01
-2.12e-01
-6.05e-01
9.75e-01
9.20e-01
6.53e-01
-3.36e-01
9.50e-01
-7.98e-01
-5.15e-01
7.91e-01
1.62e-01
-9.36e-02
3.37e-01
-9.69e-01
-8.62e-01
2.20e-01
-3.82e-01
-5.43e-01
9.62e-01
3.69e-01
1.85e-01
1.00e-01
-4.18e-01
-7.60e-01
-5.04e-01
9.23e-01
-6.83e-01
-8.98e-03
2.38e-01
-5.23e-01
2.99e-01
-6.11e-01
7.35e-01
-6.34e-02
-3.49e-01
-7.58e-01
2.60e-01
5.51e-01
8.85e-01
-4.06e-01
1.63e-01
7.59e-01
-8.10e-01
-4.57e-01
8.60e-01
-6.38e-02
6.78e-01
6.56e-01
-9.53e-01
-2.22e-01
9.27e-01
9.98e-01
1.51e-01
6.81e-01
-9.72e-01
-4.52e-01
-9.56e-01
-3.86e-01
6.12e-01
1.92e-01
-3.26e-01
-1.90e-01
3.43e-01
3.86e-01
-5.75e-01
-3.54e-01
7.51e-01
-3.14e-01
2.52e-02
9.44e-02
-5.31e-01
-3.24e-01
4.09e-01
-2.28e-01
5.29e-01
-6.89e-01
-2.50e-01
2.23e-01
9.62e-01
7.51e-01
5.99e-01
-6.14e-01
-2.23e-01
5.05e-01
5.42e-01
6.38e-01
9.32e-01
-5.97e-01
-4.97e-01
1.11e-01
-5.73e-02
-6.64e-01
3.09e-01
-4.42e-01
7.18e-01
-6.41e-01
-8.50e-01
3.47e-01
7.98e-01
6.56e-01
-3.72e-01
-2.51e-01
-3.96e-01
8.53e-02
-7.50e-02
-1.21e-01
3.99e-01
8.84e-01
9.18e-01
9.50e-01
-9.85e-01
1.30e-01
8.38e-01
2.18e-01
8.82e-01
