-1.95e-02
-5.52e-02
-4.68e-01
6.27e-01
5.13e-01
-1.15e-01
5.88e-01
6.08e-01
-2.08e-02
8.07e-01
8.55e-01
5.74e-01
-8.11e-02
4.17e-01
3.51e-01
4.55e-01
6.05e-01
-4.39e-02
-4.56e-01
6.69e-01
3.58e-01
-8.10e-01
3.09e-01
-9.80e-01
9.12e-01
-2.37e-02
1.79e-01
2.55e-01
4.31e-01
4.43e-01
-4.40e-01
-7.43e-01
-7.07e-01
-8.75e-01
-1.91e-01
-6.77e-02
-9.44e-01
9.50e-01
-4.19e-01
3.10e-01
-4.99e-01
5.70e-01
6.71e-01
-8.84e-01
1.05e-01
-8.53e-01
3.42e-01
-1.15e-01
5.21e-01
8.21e-01
-9.77e-01
2.35e-01
7.12e-01
7.70e-01
2.91e-01
2.42e-01
1.12e-01
1.57e-02
-7.90e-01
-3.86e-01
-7.97e-01
-2.48e-01
7.14e-01
-5.92e-01
6.71e-01
-8.67e-01
5.84e-01
-5.97e-01
-2.89e-01
7.64e-01
1.79e-01
4.27e-01
-5.36e-01
3.74e-01
-5.72e-01
7.15e-01
7.81e-01
-9.01e-01
8.84e-01
-7.23e-01
9.89e-01
6.44e-01
6.31e-01
9.14e-01
-4.41e-01
-7.27e-01
-5.17e-01
-7.36e-01
3.88e-01
1.41e-02
-5.55e-01
1.33e-01
2.14e-01
-3.65e-01
-3.57e-02
8.44e-01
-8.74e-01
8.22e-01
1.16e-01
7.59e-01
-8.66e-01
2.22e-01
-5.06e-01
-7.09e-01
1.27e-01
2.90e-01
-6.43e-01
-7.30e-01
-6.52e-01
-3.38e-01
1.08e-01
2.23e-01
-8.98e-02
1.41e-01
-7.80e-01
-6.67e-01
-1.76e-01
-8.28e-01
7.87e-01
1.88e-01
5.47e-01
-9.10e-01
8.32e-01
-9.39e-01
-4.45e-01
-6.05e-01
-7.17e-01
4.98e-01
7.46e-01
8.38e-02
4.36e-01
8.34e-01
7.13e-01
7.85e-01
-4.76e-01
-2.78e-01
-3.93e-03
9.29e-01
1.10e-01
8.89e-01
6.27e-01
4.85e-01
-1.51e-01
-1.95e-01
-5.83e-01
-7.69e-01
8.87e-01
-1.04e-01
-8.57e-01
-6.61e-01
-4.58e-01
2.91e-01
8.22e-01
-8.20e-01
6.05e-01
7.14e-03
1.52e-01
-2.37e-01
-4.26e-02
7.91e-01
4.25e-02
-4.79e-01
3.14e-01
4.03e-01
7.79e-01
-2.45e-01
-7.80e-01
-5.43e-01
-5.33e-01
-8.96e-01
1.66e-01
5.20e-01
4.04e-01
-5.71e-02
6.09e-01
-7.98e-01
7.54e-01
-9.62e-01
-9.80e-01
-6.31e-01
-6.62e-01
-7.11e-01
-4.06e-01
-9.64e-01
-7.64e-01
1.97e-01
8.22e-02
2.49e-02
-5.83e-01
-9.32e-02
7.28e-01
7.59e-01
-8.10e-01
-2.03e-02
9.46e-01
-5.40e-01
-2.50e-03
1.65e-01
-7.41e-01
-4.76e-01
7.87e-01
-7.26e-01
-1.16e-01
4.98e-01
5.54e-01
8.37e-01
-5.42e-01
6.08e-04
-2.94e-01
2.99e-01
-3.26e-01
-1.90e-01
3.43e-01
3.86e-01
-5.75e-01
-3.54e-01
7.51e-01
-3.14e-01
2.52e-02
9.44e-02
-5.31e-01
-3.24e-01
4.09e-01
-2.28e-01
5.29e-01
-6.89e-01
-2.50e-01
-8.73e-01
3.28e-01
7.51e-01
5.99e-01
-6.14e-01
-2.23e-01
5.05e-01
5.42e-01
6.38e-01
9.32e-01
5.63e-01
6.87e-01
1.11e-01
-5.73e-02
8.54e-02
3.28e-01
-6.05e-01
2.94e-01
7.19e-01
-8.50e-01
3.47e-01
7.98e-01
-9.32e-02
-9.74e-01
-2.29e-01
-3.89e-01
8.31e-01
1.20e-01
-1.97e-01
-7.09e-01
1.65e-01
5.29e-01
9.50e-01
-9.85e-01
1.30e-01
8.38e-01
2.18e-01
8.82e-01
