-6.75e-01
8.41e-01
8.60e-01
-9.08e-01
2.11e-01
8.52e-01
-6.27e-01
-9.36e-01
6.07e-01
-6.85e-01
3.88e-01
-7.73e-01
-2.36e-01
-8.72e-01
8.24e-01
-4.72e-01
2.45e-01
7.50e-01
-2.85e-01
-7.85e-01
3.84e-01
4.98e-02
-2.02e-01
-6.29e-03
-9.75e-02
6.59e-01
-5.70e-01
-7.63e-01
6.04e-01
3.67e-01
1.64e-01
1.31e-01
-1.11e-01
-2.39e-01
-7.28e-01
-5.86e-01
3.21e-01
2.52e-01
-7.42e-01
5.75e-01
-3.63e-01
5.57e-01
4.47e-01
8.40e-02
-7.91e-01
4.14e-01
6.80e-01
3.15e-01
3.15e-01
5.64e-01
-9.77e-01
2.35e-01
7.12e-01
7.70e-01
2.91e-01
2.42e-01
1.12e-01
1.57e-02
-7.90e-01
-3.86e-01
-4.62e-01
-5.36e-01
7.14e-01
-5.92e-01
-6.87e-01
-8.02e-01
8.41e-01
-7.43e-01
-9.90e-01
5.09e-01
6.90e-01
9.95e-01
-3.00e-02
-8.35e-01
-5.03e-01
7.03e-01
-3.10e-01
-9.01e-01
8.84e-01
-7.23e-01
9.89e-01
6.44e-01
6.31e-01
9.14e-01
-4.41e-01
-7.27e-01
-5.17e-01
-7.36e-01
3.88e-01
1.41e-02
-5.55e-01
1.33e-01
2.14e-01
-3.65e-01
-3.57e-02
8.44e-01
-8.74e-01
3.63e-01
-8.52e-01
-7.62e-01
-5.20e-01
4.30e-01
5.55e-01
-1.23e-01
6.71e-01
-3.04e-01
-4.99e-01
5.52e-02
-3.47e-01
4.50e-01
2.96e-02
-2.09e-01
-4.48e-01
1.11e-02
-2.71e-01
7.95e-01
9.66e-01
1.92e-01
-8.09e-01
-4.43e-01
-6.21e-01
-6.78e-01
-9.08e-01
-8.65e-01
-4.87e-01
-4.65e-01
1.65e-01
6.52e-01
2.76e-01
4.98e-01
5.78e-01
4.43e-02
-9.27e-01
7.81e-01
-2.34e-02
-1.57e-01
1.57e-01
-6.78e-01
5.17e-01
7.72e-01
-9.46e-02
-6.79e-01
1.76e-01
7.07e-01
-7.94e-01
6.66e-01
-7.90e-01
-6.65e-01
2.86e-01
-5.72e-01
-2.12e-01
-6.05e-01
9.75e-01
9.20e-01
6.53e-01
-6.38e-01
2.74e-01
-2.37e-01
-4.26e-02
-9.15e-01
3.37e-01
-5.44e-01
-2.15e-01
-7.38e-01
-3.19e-01
-9.79e-01
-6.04e-01
-7.90e-01
-3.54e-01
-5.10e-01
7.00e-01
2.44e-01
-3.87e-01
9.80e-01
2.54e-01
9.23e-01
-1.31e-01
5.65e-01
3.61e-01
-3.76e-01
6.08e-01
-6.11e-01
7.35e-01
-6.34e-02
-3.49e-01
-7.58e-01
2.60e-01
7.30e-01
2.63e-01
-1.53e-01
7.27e-01
7.23e-01
4.25e-01
-4.57e-01
8.60e-01
-6.38e-02
6.78e-01
6.56e-01
-4.96e-01
-1.82e-01
2.96e-01
-7.36e-01
-1.16e-01
4.98e-01
5.54e-01
8.37e-01
8.68e-01
2.98e-01
6.50e-01
-5.25e-01
-6.98e-01
-9.72e-01
3.43e-01
3.86e-01
-5.75e-01
-9.40e-01
7.51e-01
-3.14e-01
2.52e-02
9.44e-02
-5.31e-01
-1.66e-01
-4.36e-01
5.37e-01
2.52e-01
-3.07e-01
3.53e-02
3.11e-01
2.70e-01
-3.03e-01
-1.99e-01
-1.55e-02
4.29e-01
9.73e-01
-2.41e-01
-3.62e-01
-3.04e-01
9.86e-01
6.04e-01
-3.25e-01
-3.58e-01
2.72e-01
4.79e-01
-5.53e-03
9.83e-01
-4.18e-01
4.42e-01
8.26e-01
-2.41e-01
6.77e-01
6.14e-01
9.53e-01
-1.11e-01
-3.91e-01
3.98e-01
-2.82e-02
-5.55e-01
-6.43e-01
6.33e-01
-4.73e-02
-6.92e-01
-7.18e-01
-4.39e-01
9.53e-01
-2.94e-01
