-3.65e-02
-4.05e-01
-4.33e-01
3.62e-01
-8.91e-01
8.52e-01
-6.27e-01
-9.36e-01
6.07e-01
-6.85e-01
3.88e-01
-7.73e-01
5.74e-01
4.17e-01
3.51e-01
4.55e-01
6.05e-01
-4.39e-02
-4.56e-01
6.69e-01
3.58e-01
-8.10e-01
3.09e-01
-9.80e-01
9.12e-01
-2.37e-02
1.79e-01
2.55e-01
4.31e-01
4.43e-01
-4.32e-01
-6.15e-01
-9.04e-01
6.14e-01
8.52e-01
5.01e-01
-9.24e-01
-7.43e-01
3.89e-01
6.14e-01
6.06e-01
5.70e-01
6.71e-01
-8.84e-01
-4.13e-01
2.02e-01
4.17e-01
4.49e-01
-5.15e-01
5.01e-01
-1.30e-01
9.90e-01
6.96e-01
6.54e-01
1.58e-01
-1.87e-01
-1.89e-01
-6.12e-01
9.46e-01
2.56e-01
-7.97e-01
-2.48e-01
-3.60e-01
8.35e-01
7.21e-01
4.19e-02
-3.96e-01
-2.30e-01
-6.20e-01
-7.70e-01
6.28e-01
7.46e-01
5.91e-01
-3.26e-01
4.86e-01
2.16e-01
6.74e-01
-8.31e-01
-3.34e-03
6.09e-01
-2.59e-01
-8.64e-01
-5.10e-01
-5.43e-01
-3.59e-01
1.23e-01
1.86e-01
-9.82e-01
-3.83e-01
1.31e-01
4.87e-01
7.61e-01
6.73e-01
6.84e-01
7.01e-01
-9.60e-01
6.65e-01
-4.25e-01
1.78e-01
2.12e-01
-3.63e-01
-5.84e-01
-1.84e-01
-9.27e-01
-4.51e-01
-7.01e-01
8.87e-01
5.52e-02
-3.47e-01
7.30e-01
1.08e-01
-8.73e-01
-8.98e-02
1.41e-01
-7.80e-01
-6.67e-01
-1.76e-01
-8.28e-01
7.87e-01
1.88e-01
5.47e-01
-7.67e-01
-1.89e-01
1.56e-01
1.54e-01
-7.21e-01
5.01e-01
-7.64e-01
-4.06e-01
8.38e-02
4.36e-01
8.34e-01
7.13e-01
7.85e-01
-4.76e-01
-1.57e-01
1.57e-01
8.87e-02
-6.56e-01
7.96e-01
-3.33e-01
-8.32e-01
-7.32e-01
-3.33e-01
3.72e-01
2.97e-02
8.23e-01
-4.34e-01
-3.74e-01
5.79e-01
1.38e-01
2.22e-01
-2.34e-01
-6.19e-01
-5.87e-02
-3.36e-01
9.50e-01
-7.98e-01
-5.22e-01
-9.26e-01
6.72e-01
9.58e-01
8.79e-01
-9.85e-01
8.67e-01
9.93e-01
-4.41e-01
9.61e-01
9.62e-01
3.69e-01
1.85e-01
1.00e-01
-4.18e-01
-7.60e-01
-5.04e-01
9.23e-01
-1.31e-01
5.65e-01
3.61e-01
-3.76e-01
6.08e-01
-6.11e-01
7.35e-01
8.41e-01
-3.49e-01
-7.58e-01
2.60e-01
7.30e-01
2.63e-01
-1.53e-01
7.27e-01
7.23e-01
4.25e-01
-4.57e-01
8.60e-01
-6.38e-02
6.78e-01
6.56e-01
-4.96e-01
-4.76e-01
7.87e-01
-7.26e-01
-1.16e-01
4.98e-01
5.54e-01
8.37e-01
-5.42e-01
6.08e-04
-2.94e-01
2.99e-01
-3.26e-01
-1.90e-01
2.23e-01
3.86e-01
-5.75e-01
-3.54e-01
7.51e-01
1.11e-01
9.76e-01
5.67e-01
3.26e-01
1.31e-02
8.16e-01
6.31e-01
-7.71e-01
-3.93e-01
-2.50e-01
3.43e-01
3.28e-01
7.51e-01
5.99e-01
-6.14e-01
-2.23e-01
5.05e-01
5.42e-01
6.38e-01
9.32e-01
5.63e-01
6.87e-01
1.11e-01
-5.73e-02
8.54e-02
3.28e-01
-6.05e-01
2.94e-01
7.19e-01
-8.50e-01
5.29e-01
7.98e-01
-9.32e-02
-9.74e-01
-2.29e-01
-3.89e-01
8.31e-01
1.20e-01
-1.97e-01
-7.09e-01
7.88e-01
5.29e-01
9.50e-01
-9.85e-01
1.30e-01
8.38e-01
2.18e-01
8.82e-01
