-1.95e-02
-5.52e-02
-4.68e-01
6.27e-01
2.11e-01
8.52e-01
-6.27e-01
-9.36e-01
2.77e-01
-6.85e-01
3.88e-01
5.14e-01
5.74e-01
-5.97e-01
-7.98e-01
-1.10e-02
-9.10e-01
-5.07e-01
-5.16e-01
3.26e-01
-7.16e-01
-2.48e-01
2.33e-01
-5.84e-01
9.12e-01
-2.37e-02
-6.29e-01
-4.21e-02
1.72e-02
4.43e-01
-4.40e-01
-7.43e-01
-7.07e-01
4.36e-01
8.68e-01
1.18e-01
-8.10e-01
3.15e-02
-5.66e-01
5.75e-01
-3.63e-01
5.57e-01
9.71e-02
-8.84e-01
7.25e-01
-8.47e-01
9.88e-01
1.51e-01
3.15e-01
5.64e-01
-9.77e-01
2.35e-01
-7.54e-01
4.61e-01
-5.97e-01
-1.87e-01
4.63e-02
6.56e-01
9.46e-01
2.56e-01
1.51e-01
4.56e-01
-4.77e-01
-2.95e-01
1.62e-01
-9.38e-01
3.78e-01
-5.97e-01
-2.89e-01
7.64e-01
1.79e-01
-9.61e-01
-5.86e-01
-2.91e-01
-4.62e-01
7.15e-01
7.81e-01
-9.01e-01
8.84e-01
-7.23e-01
9.89e-01
6.44e-01
6.31e-01
9.14e-01
-4.41e-01
-7.27e-01
-5.17e-01
-4.41e-01
-4.03e-01
-4.30e-01
-3.18e-01
5.15e-01
-9.29e-01
4.58e-01
2.69e-01
-8.47e-01
2.98e-01
-4.25e-01
1.78e-01
2.12e-01
-3.63e-01
2.22e-01
6.55e-01
5.47e-02
-9.42e-01
-3.04e-01
-4.99e-01
5.52e-02
-3.47e-01
4.50e-01
2.96e-02
9.02e-01
-8.98e-02
6.08e-04
-7.80e-01
-6.67e-01
-1.76e-01
-3.83e-01
7.87e-01
1.88e-01
5.47e-01
-7.67e-01
8.32e-01
-9.39e-01
-4.45e-01
-6.05e-01
4.60e-01
-7.22e-01
-6.19e-01
3.45e-01
2.32e-02
1.58e-01
-9.77e-01
4.33e-01
1.38e-01
-6.83e-01
-3.93e-03
8.87e-02
-6.56e-01
7.96e-01
-3.33e-01
-2.89e-01
-8.28e-01
2.12e-02
-5.83e-01
-7.69e-01
8.87e-01
5.67e-01
5.15e-01
-1.91e-01
-2.12e-01
-6.05e-01
9.75e-01
9.20e-01
1.74e-01
2.91e-01
-4.80e-02
-5.13e-01
-5.22e-01
1.43e-01
6.72e-01
9.58e-01
8.79e-01
-9.85e-01
8.67e-01
9.93e-01
-4.41e-01
9.61e-01
9.62e-01
3.69e-01
-2.96e-02
-3.26e-01
-8.78e-01
-9.26e-01
-5.04e-01
1.90e-01
-6.83e-01
-5.72e-01
2.38e-01
-5.23e-01
2.99e-01
7.86e-01
6.01e-01
2.72e-02
3.34e-01
-6.73e-01
8.22e-02
2.49e-02
-9.48e-01
-5.68e-01
7.28e-01
-4.32e-01
-8.10e-01
8.26e-01
8.60e-01
-6.38e-02
6.78e-01
6.56e-01
-4.96e-01
-1.82e-01
2.96e-01
-7.36e-01
-1.16e-01
4.98e-01
5.54e-01
8.37e-01
-5.42e-01
6.08e-04
-2.94e-01
2.99e-01
-1.60e-01
-1.90e-01
3.43e-01
3.86e-01
-5.75e-01
-3.54e-01
7.51e-01
-3.14e-01
2.52e-02
9.44e-02
-5.31e-01
-3.24e-01
4.09e-01
-2.28e-01
5.29e-01
-6.89e-01
-2.50e-01
2.23e-01
3.28e-01
7.51e-01
5.99e-01
-6.14e-01
-2.23e-01
5.05e-01
5.42e-01
6.38e-01
9.32e-01
5.63e-01
-4.97e-01
1.11e-01
-5.73e-02
8.54e-02
3.28e-01
-6.05e-01
2.94e-01
7.19e-01
-8.50e-01
3.47e-01
7.98e-01
-9.32e-02
-9.74e-01
-2.48e-01
-7.56e-01
8.31e-01
1.20e-01
-1.97e-01
-7.09e-01
7.88e-01
5.29e-01
9.50e-01
-9.85e-01
1.30e-01
8.38e-01
2.18e-01
8.82e-01
