-3.65e-02
-4.05e-01
-4.33e-01
3.62e-01
-8.91e-01
8.52e-01
-6.27e-01
-9.36e-01
6.07e-01
-6.85e-01
3.88e-01
-7.73e-01
5.74e-01
4.17e-01
3.51e-01
4.55e-01
-3.65e-01
-5.07e-01
-6.13e-01
8.87e-01
-7.16e-01
-2.48e-01
2.33e-01
-5.84e-01
9.12e-01
-2.37e-02
-6.29e-01
-4.21e-02
1.72e-02
9.93e-01
-4.32e-01
-6.15e-01
-9.04e-01
6.14e-01
8.98e-01
-5.86e-01
3.21e-01
2.52e-01
-7.42e-01
5.75e-01
-3.63e-01
5.57e-01
4.47e-01
8.40e-02
-7.91e-01
4.14e-01
6.80e-01
3.15e-01
3.15e-01
5.64e-01
-9.77e-01
2.35e-01
7.12e-01
7.70e-01
2.91e-01
2.42e-01
1.12e-01
1.57e-02
-7.90e-01
-3.86e-01
-4.62e-01
-5.36e-01
8.75e-01
4.88e-02
6.78e-01
8.45e-01
-1.12e-01
-1.42e-02
-9.82e-01
4.34e-01
6.28e-01
7.46e-01
5.91e-01
-3.26e-01
4.86e-01
3.96e-01
6.78e-01
-9.01e-01
8.84e-01
-7.23e-01
-5.87e-02
2.44e-01
3.20e-01
3.50e-01
-3.37e-01
1.61e-01
-7.35e-01
-8.21e-01
-3.92e-01
5.45e-01
6.98e-03
8.48e-02
6.73e-01
6.84e-01
7.01e-01
-9.60e-01
6.65e-01
-7.53e-01
-4.03e-01
2.12e-01
-3.63e-01
2.22e-01
-5.06e-01
-7.09e-01
1.27e-01
2.90e-01
-6.43e-01
-7.30e-01
-6.52e-01
-3.38e-01
-7.73e-01
-1.14e-01
-8.81e-01
-7.07e-01
-1.94e-02
-1.27e-02
-9.83e-01
4.62e-01
7.09e-01
5.98e-01
4.66e-01
-6.13e-01
8.32e-01
-9.39e-01
-4.45e-01
-6.05e-01
-7.17e-01
5.29e-01
2.56e-01
8.38e-02
4.36e-01
8.34e-01
7.13e-01
7.85e-01
-4.76e-01
-1.57e-01
1.57e-01
8.87e-02
-6.56e-01
7.96e-01
-3.33e-01
-2.89e-01
-3.83e-01
2.12e-02
3.32e-01
3.84e-01
4.30e-01
-5.52e-01
5.15e-01
-1.91e-01
-4.58e-01
2.22e-01
-2.34e-01
-6.19e-01
9.89e-01
-3.36e-01
1.52e-01
6.53e-01
-5.53e-01
7.12e-01
6.72e-01
-4.79e-01
3.14e-01
4.03e-01
7.79e-01
9.93e-01
-4.41e-01
9.61e-01
9.62e-01
-8.96e-01
1.66e-01
1.00e-01
-4.18e-01
-7.60e-01
-5.04e-01
9.23e-01
-1.31e-01
5.65e-01
3.61e-01
-3.76e-01
6.08e-01
-6.11e-01
7.35e-01
8.41e-01
-3.49e-01
-7.58e-01
2.60e-01
7.30e-01
2.63e-01
-1.53e-01
7.27e-01
7.23e-01
4.25e-01
-4.57e-01
8.60e-01
-6.38e-02
6.78e-01
6.56e-01
-4.96e-01
-1.82e-01
2.96e-01
-7.36e-01
-1.16e-01
4.98e-01
5.54e-01
8.37e-01
-5.42e-01
6.08e-04
-2.94e-01
2.99e-01
-3.26e-01
-1.90e-01
3.43e-01
3.86e-01
-5.75e-01
-3.54e-01
7.51e-01
-3.14e-01
2.52e-02
9.44e-02
-5.31e-01
-3.24e-01
4.09e-01
-2.28e-01
5.29e-01
-6.89e-01
-2.50e-01
2.23e-01
3.28e-01
7.51e-01
5.99e-01
-6.14e-01
-2.23e-01
5.05e-01
5.42e-01
6.38e-01
9.32e-01
5.63e-01
6.87e-01
1.11e-01
-5.73e-02
8.54e-02
3.28e-01
-6.05e-01
2.94e-01
7.19e-01
-8.50e-01
5.29e-01
7.98e-01
-9.32e-02
-9.74e-01
-2.29e-01
-7.56e-01
8.31e-01
1.20e-01
-1.97e-01
-7.09e-01
7.88e-01
4.98e-01
9.50e-01
-9.85e-01
1.30e-01
8.38e-01
3.42e-01
8.82e-01
