-1.95e-02
-5.52e-02
-4.68e-01
3.62e-01
-8.91e-01
8.52e-01
-6.27e-01
-9.36e-01
6.07e-01
-6.85e-01
3.88e-01
-7.73e-01
5.74e-01
-5.97e-01
-7.98e-01
-1.10e-02
-9.10e-01
-5.07e-01
-5.16e-01
3.26e-01
3.58e-01
-8.10e-01
3.09e-01
-9.80e-01
9.12e-01
-2.37e-02
1.79e-01
2.55e-01
4.31e-01
4.43e-01
-4.32e-01
-6.15e-01
-9.04e-01
6.14e-01
8.98e-01
-5.86e-01
3.21e-01
2.52e-01
-7.42e-01
5.75e-01
-3.63e-01
5.57e-01
9.71e-02
-8.84e-01
7.25e-01
-8.47e-01
9.88e-01
1.51e-01
2.50e-01
9.70e-01
-1.30e-01
9.90e-01
6.96e-01
6.54e-01
-7.68e-01
7.34e-01
3.96e-01
6.56e-01
9.46e-01
2.56e-01
-4.62e-01
-5.36e-01
8.75e-01
4.88e-02
6.78e-01
8.45e-01
-1.12e-01
-1.42e-02
-9.82e-01
4.34e-01
6.28e-01
7.46e-01
5.91e-01
-3.26e-01
4.86e-01
7.15e-01
7.81e-01
-9.01e-01
8.84e-01
-7.23e-01
9.89e-01
6.44e-01
6.31e-01
9.14e-01
-4.41e-01
-7.27e-01
-5.17e-01
-4.41e-01
-4.03e-01
-4.30e-01
-3.18e-01
5.15e-01
-9.29e-01
4.58e-01
2.69e-01
-8.47e-01
2.98e-01
-4.25e-01
1.78e-01
2.12e-01
-3.63e-01
2.22e-01
6.55e-01
5.47e-02
-9.42e-01
-3.04e-01
-4.99e-01
-8.03e-01
-3.47e-01
7.30e-01
1.08e-01
-8.73e-01
-8.98e-02
1.41e-01
-7.80e-01
-6.67e-01
-1.76e-01
-8.28e-01
7.87e-01
1.88e-01
4.66e-01
-6.13e-01
8.32e-01
-9.39e-01
-4.45e-01
-6.05e-01
-7.17e-01
4.98e-01
2.56e-01
8.38e-02
4.36e-01
8.34e-01
7.13e-01
7.85e-01
-4.76e-01
-1.57e-01
1.57e-01
8.87e-02
-6.56e-01
7.96e-01
-3.33e-01
-2.89e-01
-3.83e-01
2.12e-02
3.32e-01
3.84e-01
4.30e-01
5.67e-01
5.15e-01
-1.91e-01
-2.12e-01
-6.05e-01
9.75e-01
9.20e-01
1.74e-01
2.91e-01
-4.80e-02
-5.13e-01
-5.22e-01
-9.26e-01
6.72e-01
9.58e-01
8.79e-01
-9.85e-01
8.67e-01
9.93e-01
-4.41e-01
9.61e-01
9.62e-01
3.69e-01
-2.96e-02
-1.60e-01
-8.78e-01
1.43e-01
6.27e-01
-7.16e-01
-6.83e-01
7.96e-01
9.72e-01
7.17e-01
7.16e-02
7.58e-01
-4.13e-01
2.72e-02
3.34e-01
-6.73e-01
8.22e-02
3.63e-01
-9.48e-01
-5.68e-01
-6.49e-01
7.55e-01
7.09e-01
-4.57e-01
8.60e-01
-5.40e-01
3.72e-01
-3.98e-01
-8.85e-01
1.41e-02
7.87e-01
-7.26e-01
-1.16e-01
4.98e-01
5.54e-01
8.37e-01
-5.42e-01
1.41e-01
-2.94e-01
2.99e-01
-3.26e-01
-1.90e-01
3.43e-01
3.86e-01
-5.75e-01
-3.54e-01
7.51e-01
-3.14e-01
2.52e-02
9.44e-02
-5.31e-01
-3.24e-01
4.09e-01
-2.28e-01
5.29e-01
-6.89e-01
3.53e-02
3.11e-01
3.28e-01
7.51e-01
5.99e-01
-6.14e-01
-2.23e-01
5.05e-01
5.42e-01
6.38e-01
9.32e-01
5.63e-01
-4.97e-01
1.11e-01
-5.73e-02
8.54e-02
3.28e-01
-6.05e-01
2.94e-01
7.19e-01
-8.50e-01
3.47e-01
7.98e-01
-9.32e-02
-9.74e-01
-2.29e-01
-7.56e-01
8.31e-01
7.36e-01
-2.19e-01
-7.09e-01
8.84e-01
9.18e-01
9.50e-01
-9.85e-01
1.30e-01
8.38e-01
2.18e-01
8.82e-01
