-6.75e-01
8.41e-01
8.60e-01
-9.08e-01
2.11e-01
8.52e-01
-6.27e-01
-9.36e-01
6.07e-01
2.58e-01
1.46e-01
-7.52e-02
5.74e-01
-8.33e-01
8.01e-01
8.81e-01
-4.58e-01
6.06e-01
-4.33e-01
5.19e-01
7.55e-01
-5.17e-01
-4.16e-01
-1.66e-01
5.85e-02
7.64e-02
-3.70e-01
-7.56e-01
5.57e-01
-7.38e-01
5.45e-01
-5.67e-01
9.29e-01
-6.19e-01
-3.67e-01
9.12e-01
-2.73e-01
2.34e-01
-6.57e-01
5.72e-01
5.70e-01
5.59e-01
1.79e-01
9.88e-01
5.67e-01
-1.06e-01
-5.87e-01
5.06e-01
-8.70e-01
-5.37e-01
4.67e-01
-4.96e-01
-2.85e-01
1.73e-02
1.50e-01
-5.27e-01
-8.30e-01
-6.86e-01
5.15e-01
-2.15e-01
-6.85e-01
-4.26e-01
-4.77e-01
-2.95e-01
1.62e-01
-9.38e-01
3.78e-01
4.24e-01
-3.62e-01
-6.75e-02
-2.10e-02
4.27e-01
-5.36e-01
3.74e-01
-5.72e-01
7.15e-01
7.81e-01
-9.01e-01
8.84e-01
-7.23e-01
9.89e-01
6.44e-01
6.31e-01
9.14e-01
-4.41e-01
-7.27e-01
-5.17e-01
-4.41e-01
-4.03e-01
-4.30e-01
-3.18e-01
5.15e-01
-9.29e-01
4.58e-01
2.69e-01
-8.47e-01
2.98e-01
3.63e-01
1.78e-01
2.12e-01
-3.63e-01
4.64e-01
6.55e-01
5.47e-02
-9.42e-01
-1.25e-01
6.05e-01
-9.39e-01
7.22e-01
7.30e-01
1.08e-01
-8.73e-01
-8.98e-02
1.41e-01
-7.80e-01
-6.67e-01
-1.76e-01
-8.28e-01
7.87e-01
1.88e-01
5.47e-01
-9.10e-01
-9.58e-01
-9.38e-01
-4.87e-01
-4.65e-01
1.65e-01
6.52e-01
2.76e-01
4.98e-01
1.32e-02
-8.55e-01
-8.01e-01
9.64e-01
-3.24e-02
6.58e-01
2.63e-01
9.93e-01
3.56e-01
-4.91e-01
-4.93e-01
5.48e-02
-8.30e-01
7.01e-01
-2.84e-01
-8.94e-01
4.30e-01
-5.52e-01
5.15e-01
-1.91e-01
-7.32e-01
-7.60e-01
-4.01e-01
7.32e-01
6.80e-01
7.14e-03
1.52e-01
-2.37e-01
-4.26e-02
-8.13e-01
-9.95e-01
-8.86e-01
8.75e-01
-2.17e-01
8.81e-01
-5.62e-01
3.31e-01
-2.44e-01
-2.84e-01
2.07e-01
-5.59e-01
5.38e-01
-4.50e-01
-9.73e-01
6.09e-01
3.69e-01
3.21e-01
-5.06e-01
-3.81e-01
-6.94e-01
8.73e-01
-2.01e-01
2.75e-01
-4.45e-01
7.18e-01
-6.45e-01
-7.29e-01
8.34e-01
9.42e-01
-6.11e-01
-4.80e-01
-4.32e-01
4.25e-01
-4.57e-01
8.60e-01
-6.38e-02
-1.15e-01
6.56e-01
-4.96e-01
-1.82e-01
2.96e-01
-7.36e-01
-1.16e-01
4.98e-01
5.54e-01
8.37e-01
-5.42e-01
6.08e-04
-2.94e-01
2.99e-01
-3.26e-01
-1.90e-01
3.43e-01
3.86e-01
-5.75e-01
-3.54e-01
7.51e-01
-3.14e-01
2.52e-02
9.44e-02
-5.31e-01
-1.66e-01
-4.36e-01
5.37e-01
2.52e-01
-3.07e-01
3.53e-02
3.11e-01
2.70e-01
-3.03e-01
-6.25e-01
2.76e-02
-4.15e-02
-8.08e-01
8.81e-01
8.66e-01
4.67e-01
2.06e-01
7.23e-01
8.48e-01
-4.52e-01
1.72e-01
-1.04e-01
-3.95e-01
-9.38e-01
9.16e-02
-8.50e-01
3.47e-01
7.98e-01
6.56e-01
-3.72e-01
9.05e-01
7.87e-01
-8.19e-01
-3.90e-02
-3.18e-01
-6.03e-01
-3.02e-01
9.78e-01
8.12e-01
-2.55e-01
-9.79e-01
-9.75e-01
4.42e-01
-7.79e-01
