-8.48e-01
-4.14e-01
8.60e-01
-9.08e-01
2.11e-01
8.52e-01
-6.27e-01
-9.36e-01
6.07e-01
2.58e-01
1.46e-01
-7.52e-02
5.74e-01
-8.33e-01
-7.98e-01
-1.10e-02
-3.65e-01
-5.07e-01
-6.13e-01
8.87e-01
-7.16e-01
-2.48e-01
2.33e-01
-5.84e-01
9.12e-01
-2.37e-02
-6.29e-01
2.55e-01
4.31e-01
4.43e-01
-2.49e-01
-7.43e-01
-7.07e-01
-8.75e-01
-1.52e-01
1.03e-01
-9.39e-01
-9.87e-01
-1.20e-03
9.87e-01
7.69e-01
-5.67e-01
-6.46e-01
-9.97e-01
-4.96e-02
5.94e-01
-1.03e-01
3.83e-01
9.72e-01
8.37e-01
-1.30e-01
9.90e-01
-7.54e-01
4.61e-01
-5.97e-01
-1.87e-01
4.63e-02
-6.02e-01
-1.76e-01
4.26e-01
4.17e-01
3.44e-01
2.64e-01
-6.05e-01
6.71e-01
-8.67e-01
5.84e-01
-5.97e-01
-2.89e-01
7.64e-01
1.79e-01
-9.61e-01
-5.86e-01
-2.91e-01
-4.62e-01
8.33e-01
-4.91e-01
-5.85e-01
-9.49e-01
8.62e-01
-1.27e-01
6.08e-01
1.98e-01
1.98e-01
4.38e-01
1.61e-01
-7.51e-01
-8.21e-01
-3.92e-01
5.45e-01
6.98e-03
8.48e-02
6.73e-01
6.84e-01
2.69e-01
-8.47e-01
2.98e-01
-1.90e-01
3.99e-01
-9.03e-02
-9.15e-01
2.15e-01
2.17e-01
5.47e-02
-9.42e-01
-8.31e-01
-8.78e-01
2.81e-01
-9.71e-01
7.30e-01
1.08e-01
-8.73e-01
-8.98e-02
1.41e-01
-7.80e-01
-6.67e-01
-1.76e-01
-8.28e-01
7.87e-01
1.88e-01
5.47e-01
-9.10e-01
-9.58e-01
-9.38e-01
-4.87e-01
-4.65e-01
1.65e-01
6.52e-01
2.76e-01
4.98e-01
1.32e-02
-8.55e-01
-3.17e-01
-1.73e-01
1.96e-01
8.09e-01
4.53e-01
1.94e-01
4.70e-01
1.86e-01
-9.08e-01
2.78e-02
2.55e-01
1.68e-01
-7.28e-01
-9.68e-01
-1.69e-01
4.91e-01
-1.85e-01
-5.72e-01
-2.12e-01
-6.05e-01
9.75e-01
9.20e-01
6.53e-01
-6.38e-01
2.74e-01
-8.83e-01
9.05e-01
-9.15e-01
-3.53e-02
-9.59e-01
-2.68e-01
4.03e-01
7.79e-01
-2.45e-01
-7.80e-01
-1.59e-02
-5.33e-01
-8.96e-01
1.66e-01
5.20e-01
4.04e-01
-5.71e-02
-3.37e-01
-7.98e-01
3.25e-01
-9.39e-01
9.80e-01
3.26e-01
-9.44e-01
6.95e-01
8.70e-01
-2.42e-01
9.37e-01
-4.93e-01
-1.36e-01
5.51e-01
8.85e-01
-4.06e-01
1.63e-01
7.59e-01
-8.10e-01
-2.03e-02
9.46e-01
-5.40e-01
-1.15e-01
-8.26e-01
-9.53e-01
-2.22e-01
9.27e-01
-1.91e-01
-5.45e-01
1.24e-01
-3.81e-01
-3.58e-01
6.16e-01
2.75e-02
7.76e-01
2.99e-01
-3.26e-01
-1.90e-01
3.43e-01
3.86e-01
-5.75e-01
-3.54e-01
7.51e-01
-3.14e-01
2.52e-02
9.44e-02
-5.31e-01
-4.82e-01
-5.82e-01
-2.99e-01
-9.42e-01
-2.61e-01
3.79e-01
-1.69e-01
7.09e-01
-7.42e-01
-6.47e-01
-9.92e-01
5.37e-01
-1.93e-01
-2.43e-01
4.67e-01
9.64e-01
-7.75e-01
3.20e-01
2.80e-01
-4.52e-01
1.72e-01
-1.04e-01
-3.95e-01
-9.38e-01
9.16e-02
-8.50e-01
3.47e-01
7.98e-01
6.56e-01
-3.72e-01
-2.51e-01
-3.96e-01
8.53e-02
-7.82e-01
-8.76e-01
-8.25e-01
7.88e-01
5.29e-01
9.50e-01
-9.85e-01
1.30e-01
8.38e-01
2.18e-01
8.82e-01
