-3.65e-02
-4.05e-01
-4.33e-01
6.99e-01
-6.57e-01
-7.26e-01
4.65e-02
6.42e-01
-9.98e-01
1.87e-01
-8.78e-01
-9.92e-01
8.92e-01
-7.26e-01
-6.68e-01
7.45e-01
-9.10e-01
3.73e-01
-5.16e-01
3.26e-01
9.96e-01
8.90e-01
2.03e-01
6.34e-01
1.43e-01
4.66e-01
1.84e-01
-6.07e-01
-4.63e-01
2.21e-01
3.74e-01
-4.46e-01
-6.06e-01
-4.94e-01
-6.74e-01
-3.25e-01
-2.34e-01
-3.68e-01
-9.43e-01
6.09e-01
2.06e-01
-8.98e-01
9.64e-01
1.44e-01
2.93e-01
-2.85e-01
5.43e-01
6.09e-01
4.02e-01
-5.53e-01
-4.51e-01
9.17e-01
5.85e-01
-2.52e-01
-5.26e-02
-6.01e-01
7.85e-02
-1.06e-01
5.20e-01
-8.63e-01
-8.33e-01
-7.82e-02
7.65e-01
5.50e-02
2.26e-01
1.95e-01
-1.12e-01
-9.45e-01
-3.26e-01
4.34e-01
-1.82e-01
4.34e-02
-7.52e-01
2.62e-01
4.00e-01
-4.21e-01
7.81e-01
-9.01e-01
8.84e-01
-7.23e-01
9.89e-01
6.44e-01
6.31e-01
9.14e-01
-4.41e-01
-7.27e-01
-5.17e-01
-4.41e-01
-4.03e-01
-4.30e-01
-3.18e-01
5.15e-01
-9.29e-01
4.58e-01
2.69e-01
-8.47e-01
2.98e-01
-4.25e-01
1.78e-01
2.12e-01
-3.63e-01
4.64e-01
6.55e-01
5.47e-02
-9.42e-01
-1.25e-01
6.05e-01
-9.39e-01
7.22e-01
7.30e-01
1.08e-01
-8.73e-01
-8.98e-02
1.41e-01
-7.80e-01
-6.67e-01
-1.76e-01
-8.28e-01
7.87e-01
1.88e-01
5.47e-01
-9.10e-01
-9.58e-01
-9.38e-01
-4.87e-01
-4.65e-01
1.65e-01
6.52e-01
2.76e-01
4.98e-01
1.32e-02
-8.55e-01
-8.01e-01
-8.66e-01
-6.58e-01
-2.78e-01
-3.93e-03
9.29e-01
1.10e-01
8.89e-01
6.27e-01
-6.79e-01
1.76e-01
7.07e-01
-7.94e-01
6.66e-01
-7.90e-01
4.27e-01
-6.51e-01
2.20e-01
-1.34e-01
-9.69e-01
-2.93e-01
1.55e-01
-4.18e-01
3.88e-01
6.13e-01
1.30e-01
1.24e-01
-9.26e-01
6.72e-01
9.58e-01
8.79e-01
-9.85e-01
8.67e-01
9.93e-01
-4.41e-01
9.61e-01
5.56e-01
5.51e-01
-9.06e-01
4.42e-01
1.35e-02
1.77e-01
6.09e-01
3.69e-01
3.21e-01
-5.06e-01
-3.81e-01
-6.94e-01
8.73e-01
-2.01e-01
2.75e-01
6.96e-01
-9.71e-01
9.03e-01
6.60e-01
5.88e-01
7.58e-01
-2.06e-01
8.42e-01
-4.32e-01
4.25e-01
-4.57e-01
8.60e-01
-6.38e-02
6.78e-01
6.56e-01
-4.96e-01
-1.82e-01
2.96e-01
-9.75e-01
-1.16e-01
4.98e-01
5.54e-01
8.37e-01
-5.42e-01
6.08e-04
-2.94e-01
2.99e-01
-3.26e-01
-1.90e-01
3.43e-01
3.86e-01
-5.75e-01
-3.54e-01
7.51e-01
-3.14e-01
2.52e-02
9.44e-02
-5.31e-01
-1.66e-01
-4.36e-01
5.37e-01
2.52e-01
-3.07e-01
3.53e-02
3.11e-01
2.70e-01
-3.03e-01
-6.25e-01
2.76e-02
-4.15e-02
-8.08e-01
8.81e-01
8.66e-01
4.67e-01
5.60e-01
-4.05e-01
-9.89e-01
-8.11e-01
1.72e-01
-1.04e-01
-3.95e-01
-9.38e-01
9.16e-02
-8.50e-01
3.47e-01
7.98e-01
6.56e-01
-3.72e-01
9.05e-01
7.87e-01
-8.19e-01
-3.90e-02
-3.18e-01
-6.03e-01
-3.02e-01
9.78e-01
8.12e-01
-2.55e-01
-5.52e-01
-3.08e-01
2.55e-01
8.09e-01
