-1.95e-02
-5.52e-02
-4.68e-01
6.27e-01
5.13e-01
-1.15e-01
5.88e-01
-4.33e-02
-4.06e-01
-6.85e-01
3.88e-01
-7.73e-01
-2.36e-01
-8.72e-01
3.51e-01
4.55e-01
2.45e-01
7.50e-01
-2.85e-01
-7.85e-01
3.84e-01
4.98e-02
-2.02e-01
-6.29e-03
-9.75e-02
6.59e-01
-5.70e-01
-7.63e-01
4.31e-01
4.43e-01
-2.49e-01
-7.43e-01
-7.07e-01
-8.75e-01
-1.52e-01
1.03e-01
-9.39e-01
-9.87e-01
-1.20e-03
3.10e-01
-4.99e-01
-7.94e-03
-3.03e-02
-4.29e-01
-4.96e-02
5.94e-01
-1.03e-01
3.83e-01
1.12e-01
-4.81e-01
-9.91e-01
-7.94e-01
9.26e-01
-2.96e-01
-7.68e-01
7.34e-01
3.96e-01
6.56e-01
9.46e-01
2.56e-01
1.51e-01
4.56e-01
8.75e-01
4.88e-02
6.78e-01
8.45e-01
-1.12e-01
-1.42e-02
-9.82e-01
4.34e-01
-7.88e-01
3.48e-01
-5.86e-01
-2.91e-01
-4.62e-01
8.33e-01
6.74e-01
-8.31e-01
-3.34e-03
6.09e-01
-2.59e-01
3.13e-01
2.99e-01
-7.27e-01
-8.51e-01
6.16e-01
-7.35e-01
-5.38e-01
6.53e-01
-2.18e-01
3.65e-01
8.54e-02
3.28e-01
-7.48e-01
-7.30e-01
9.13e-01
-5.99e-01
-9.74e-01
-6.83e-01
-5.13e-01
-5.52e-02
-7.70e-01
8.69e-01
9.94e-01
3.08e-02
-8.22e-01
3.39e-01
-3.49e-01
7.82e-01
7.01e-01
7.20e-01
-2.84e-01
2.91e-01
-5.85e-01
2.39e-01
8.50e-01
-4.97e-01
-4.39e-01
6.86e-01
-9.87e-01
5.82e-01
9.26e-01
-1.84e-01
-3.17e-02
7.59e-01
9.41e-01
-5.93e-01
-2.35e-01
-1.71e-01
-9.73e-01
-8.01e-02
-7.56e-01
5.89e-01
-8.66e-01
-6.58e-01
-2.78e-01
-3.93e-03
9.29e-01
1.10e-01
8.89e-01
6.27e-01
4.85e-01
-1.51e-01
-1.95e-01
-5.83e-01
-7.69e-01
8.87e-01
7.00e-01
2.76e-01
2.25e-01
8.24e-01
-3.68e-02
-6.26e-01
-6.34e-01
1.74e-01
7.17e-01
-5.70e-01
6.53e-01
-5.53e-01
7.12e-01
-1.79e-01
-8.82e-01
-9.28e-01
-2.43e-01
-8.62e-01
9.93e-01
-4.41e-01
9.61e-01
5.56e-01
-2.95e-01
-9.06e-01
9.79e-01
1.35e-02
1.77e-01
-5.74e-01
2.71e-01
-8.24e-01
-4.28e-01
7.59e-01
1.33e-02
-3.15e-01
-8.74e-01
6.45e-01
5.28e-01
3.58e-01
-2.80e-02
5.65e-01
3.63e-01
-9.48e-01
3.63e-01
-6.93e-02
-2.19e-01
-1.80e-01
8.87e-01
-4.95e-01
2.19e-01
3.72e-01
1.65e-01
-7.41e-01
-4.76e-01
7.87e-01
-7.26e-01
-1.16e-01
4.98e-01
5.54e-01
8.37e-01
-5.42e-01
6.08e-04
-2.94e-01
2.99e-01
-3.26e-01
-1.90e-01
3.43e-01
3.86e-01
-5.75e-01
-3.54e-01
7.51e-01
-3.14e-01
2.52e-02
9.44e-02
-5.31e-01
-1.66e-01
-4.36e-01
5.37e-01
2.52e-01
-3.07e-01
3.53e-02
3.11e-01
2.70e-01
-3.03e-01
-6.25e-01
-6.14e-01
-2.23e-01
5.05e-01
5.42e-01
6.38e-01
9.32e-01
5.60e-01
-4.05e-01
-9.89e-01
-8.11e-01
-6.07e-01
2.11e-01
-4.52e-02
6.58e-01
-6.41e-01
-8.50e-01
3.47e-01
7.98e-01
6.56e-01
-3.72e-01
9.05e-01
7.87e-01
-8.19e-01
-3.90e-02
-3.18e-01
-6.03e-01
8.84e-01
9.18e-01
9.14e-01
-3.19e-02
-5.52e-01
-3.08e-01
2.55e-01
8.09e-01
