-2.35e-01
-5.35e-01
-5.38e-03
-1.94e-01
-5.99e-02
7.97e-01
-7.56e-01
2.64e-02
-8.55e-01
7.85e-02
4.79e-01
5.92e-01
-8.11e-02
4.17e-01
3.51e-01
4.55e-01
6.05e-01
-4.39e-02
-4.56e-01
6.69e-01
4.74e-01
-8.81e-01
3.09e-01
-9.80e-01
-5.82e-01
-1.83e-01
-2.07e-01
3.36e-01
-6.26e-01
-5.37e-01
-4.40e-01
3.16e-02
6.78e-01
4.36e-01
8.68e-01
1.70e-01
-7.60e-01
8.74e-01
5.09e-01
3.10e-01
-4.99e-01
-7.94e-03
-3.03e-02
-4.29e-01
5.78e-01
3.90e-01
-6.66e-01
6.09e-01
-8.32e-01
-8.26e-01
8.87e-01
7.59e-01
-7.54e-01
4.61e-01
-5.97e-01
-1.87e-01
4.63e-02
-6.02e-01
-1.76e-01
4.26e-01
4.17e-01
3.44e-01
2.64e-01
-6.05e-01
6.71e-01
-8.67e-01
-6.01e-01
-9.45e-01
-3.26e-01
4.34e-01
1.85e-01
4.95e-01
7.77e-01
2.09e-01
4.86e-01
2.16e-01
6.78e-01
-6.46e-01
-8.92e-02
-1.44e-01
-1.27e-01
6.08e-01
1.98e-01
1.98e-01
4.38e-01
1.61e-01
-7.35e-01
-8.21e-01
-3.92e-01
5.45e-01
6.98e-03
8.48e-02
6.73e-01
6.84e-01
7.01e-01
-9.60e-01
6.65e-01
-7.53e-01
-4.03e-01
2.12e-01
-3.63e-01
4.64e-01
6.55e-01
5.47e-02
-9.42e-01
-1.25e-01
6.05e-01
3.48e-01
5.75e-02
8.75e-01
-6.21e-01
9.02e-01
1.94e-01
-8.54e-01
-4.33e-01
-7.36e-02
-2.58e-01
-3.22e-01
4.42e-01
9.59e-01
-5.19e-01
-5.70e-01
-3.91e-01
7.60e-01
-1.25e-01
-2.49e-01
-1.92e-01
-1.39e-01
4.09e-01
2.77e-01
-8.01e-02
-7.56e-01
5.89e-01
-8.66e-01
-6.58e-01
-2.78e-01
-3.93e-03
9.29e-01
1.10e-01
8.89e-01
6.27e-01
4.85e-01
-1.51e-01
-1.95e-01
-5.83e-01
-7.69e-01
8.87e-01
5.67e-01
-1.97e-02
5.79e-01
1.38e-01
2.22e-01
-2.34e-01
-6.19e-01
-5.87e-02
-3.36e-01
9.50e-01
-7.98e-01
-5.15e-01
7.91e-01
1.62e-01
-9.36e-02
3.37e-01
-9.69e-01
-6.15e-02
9.26e-01
-3.62e-01
-3.31e-01
-4.28e-01
-2.93e-01
-2.96e-02
-1.60e-01
-8.64e-01
2.62e-02
-7.58e-01
1.90e-01
-6.83e-01
7.96e-01
9.72e-01
7.17e-01
7.16e-02
7.58e-01
-4.13e-01
2.72e-02
3.34e-01
-6.73e-01
8.22e-02
2.49e-02
-9.48e-01
9.31e-01
7.28e-01
7.59e-01
7.09e-01
8.26e-01
-5.91e-01
4.43e-01
-2.50e-03
1.65e-01
-7.41e-01
-4.76e-01
7.87e-01
-7.26e-01
-1.16e-01
4.98e-01
5.54e-01
8.37e-01
-5.42e-01
6.08e-04
-2.94e-01
2.99e-01
-3.26e-01
-1.90e-01
3.43e-01
3.86e-01
-5.75e-01
-3.54e-01
7.51e-01
-3.14e-01
2.52e-02
9.44e-02
-5.31e-01
-3.24e-01
4.09e-01
-2.28e-01
5.29e-01
-6.89e-01
-2.50e-01
2.23e-01
3.28e-01
7.51e-01
5.99e-01
-6.14e-01
-2.23e-01
5.05e-01
5.42e-01
6.38e-01
9.32e-01
5.63e-01
6.87e-01
1.11e-01
-5.73e-02
8.54e-02
3.28e-01
-6.05e-01
2.94e-01
7.19e-01
-8.50e-01
3.47e-01
7.98e-01
-9.32e-02
-9.74e-01
-2.29e-01
-3.89e-01
8.31e-01
1.20e-01
-1.97e-01
-7.09e-01
7.88e-01
5.29e-01
9.50e-01
-9.85e-01
1.30e-01
8.38e-01
2.18e-01
8.82e-01
