5.36e-01
5.61e-01
-9.23e-01
4.51e-01
5.47e-01
-2.69e-01
-5.84e-01
4.34e-02
8.46e-01
2.59e-01
-9.78e-01
6.38e-01
5.27e-02
8.46e-01
5.06e-01
1.34e-01
-7.20e-01
-6.50e-01
-4.09e-01
-3.95e-01
-1.60e-01
-2.64e-01
6.72e-01
4.08e-02
9.45e-01
9.10e-01
1.85e-01
4.23e-01
6.13e-01
6.67e-01
-4.04e-01
7.65e-01
-8.70e-02
3.99e-01
-7.93e-01
-5.16e-01
-3.34e-01
4.90e-02
-6.25e-01
-1.94e-01
-2.32e-01
4.81e-01
5.12e-01
8.01e-01
-7.43e-01
-6.22e-01
6.88e-01
5.35e-01
-5.01e-01
1.16e-01
-1.63e-01
2.03e-01
-4.10e-01
7.65e-01
3.02e-01
6.41e-01
-4.48e-01
8.68e-01
3.01e-01
5.13e-01
-2.00e-01
-4.30e-01
9.06e-01
-8.84e-01
7.52e-01
-1.54e-01
3.92e-01
-6.46e-01
5.74e-02
9.50e-01
4.02e-01
-3.36e-01
7.69e-01
-8.14e-01
9.76e-01
2.03e-01
-2.77e-01
2.44e-01
-7.38e-01
4.44e-01
6.76e-01
-7.45e-01
-1.26e-02
-2.51e-01
6.80e-01
-1.80e-01
8.64e-01
9.63e-01
-7.26e-01
-6.25e-01
-3.47e-02
-4.20e-01
-8.90e-01
-2.39e-02
-2.76e-01
3.90e-01
1.13e-01
-2.81e-02
7.35e-01
-2.53e-01
3.52e-01
8.36e-01
9.38e-01
8.69e-01
-9.37e-01
8.44e-01
-2.28e-01
9.37e-01
3.38e-01
-5.50e-01
-4.51e-02
-9.10e-01
5.14e-02
7.34e-02
-6.04e-01
8.25e-01
-6.78e-01
-5.84e-01
6.29e-01
4.65e-01
4.11e-01
-6.27e-01
8.39e-01
-4.21e-01
4.29e-01
-2.77e-01
-1.56e-01
-5.74e-01
6.23e-01
7.60e-02
1.10e-01
-4.48e-01
7.76e-01
-2.02e-01
-9.67e-01
-9.60e-01
-7.99e-01
1.25e-01
9.43e-03
-5.36e-01
-7.58e-01
-1.91e-01
9.08e-01
-2.59e-01
4.36e-01
-4.65e-01
8.63e-01
7.42e-01
-9.33e-01
-9.35e-01
-2.50e-01
-3.51e-01
2.23e-01
9.54e-01
-8.80e-02
4.88e-01
8.74e-01
-2.39e-01
9.22e-01
-9.87e-01
3.66e-03
1.44e-01
-2.26e-01
2.67e-02
-2.50e-01
-4.94e-01
1.97e-01
1.54e-01
-2.23e-01
-1.26e-01
-6.30e-01
5.51e-01
7.62e-01
-6.37e-02
-9.36e-01
-5.81e-01
3.15e-01
-3.92e-01
1.88e-01
-4.35e-01
-1.27e-01
-1.30e-01
-4.83e-01
6.90e-02
-8.43e-01
7.25e-01
5.13e-01
-3.71e-01
7.68e-01
3.74e-01
-1.95e-01
7.71e-01
-6.17e-01
8.59e-01
7.78e-01
9.82e-01
-5.85e-01
9.06e-01
-8.94e-01
1.44e-01
-2.67e-01
-2.01e-02
-9.04e-01
-7.04e-01
-2.70e-01
5.00e-01
-4.69e-01
3.98e-01
-5.52e-01
9.90e-01
-2.90e-01
1.59e-01
9.04e-01
7.39e-01
-1.97e-01
-5.06e-01
-6.30e-01
-1.03e-01
2.51e-01
5.74e-01
5.35e-02
8.34e-01
-1.54e-01
5.24e-01
8.19e-01
-3.08e-01
-5.24e-01
-1.64e-02
-4.46e-01
1.54e-01
8.09e-01
-4.59e-01
-8.53e-01
6.52e-01
-6.58e-01
-6.86e-01
-5.96e-01
5.54e-02
6.23e-01
5.73e-01
-1.05e-01
-9.98e-02
4.70e-01
-7.66e-01
-3.44e-01
8.49e-01
-5.00e-01
2.40e-01
7.02e-01
2.43e-01
-7.54e-01
-6.31e-01
-3.80e-01
-8.46e-01
-2.04e-01
-3.41e-01
-4.62e-01
3.50e-01
7.78e-02
-8.03e-01
-5.24e-01
4.84e-02
1.96e-01
-5.22e-01
9.83e-01
