5.49e-03
1.62e-01
-9.48e-01
-5.39e-01
4.85e-02
6.94e-01
1.40e-01
-3.44e-01
9.63e-01
5.62e-03
5.24e-01
9.50e-01
5.29e-01
6.46e-01
-3.69e-01
-1.72e-01
6.24e-01
4.60e-01
-9.56e-01
-5.64e-01
-2.05e-01
3.28e-01
6.42e-01
2.61e-01
-6.49e-01
-1.90e-01
-6.28e-01
4.96e-01
5.91e-01
-9.62e-02
9.34e-01
4.80e-01
7.71e-01
1.19e-02
2.19e-01
-2.15e-01
-9.90e-01
-2.70e-01
-2.40e-02
-2.01e-01
-6.67e-01
-9.72e-01
-3.04e-01
-9.73e-02
-9.76e-01
-7.59e-01
-5.36e-01
-2.00e-01
-3.66e-01
1.06e-01
-1.18e-01
9.36e-01
3.38e-01
4.40e-01
-5.61e-01
-9.89e-01
1.56e-01
3.17e-01
-9.78e-01
6.49e-01
2.65e-01
3.32e-01
9.83e-01
2.29e-01
4.94e-01
4.11e-01
7.18e-01
-6.97e-01
5.92e-01
-3.02e-01
5.53e-01
-7.97e-01
-6.57e-01
8.52e-01
9.97e-01
-7.06e-01
-1.56e-02
4.80e-01
-2.18e-01
4.01e-01
-3.23e-01
-8.66e-01
-4.31e-01
9.12e-01
3.61e-01
2.95e-01
-3.67e-01
7.31e-01
5.77e-01
-5.32e-02
-8.62e-01
-5.42e-01
-5.17e-01
5.96e-01
5.91e-01
3.16e-01
4.14e-01
6.65e-01
3.23e-01
6.15e-01
-6.90e-01
3.48e-01
6.73e-01
-3.22e-01
-9.54e-01
-2.09e-02
9.17e-01
8.47e-01
9.55e-02
9.23e-01
6.30e-01
-6.63e-01
-5.71e-01
7.01e-01
-6.67e-01
-2.70e-01
-4.62e-01
-3.82e-01
2.69e-01
4.08e-01
1.91e-01
-7.16e-01
-7.87e-01
-9.15e-02
3.56e-01
-1.75e-02
8.75e-01
1.38e-01
3.88e-01
3.88e-01
3.15e-01
5.92e-01
-2.66e-01
-7.59e-01
-7.26e-01
-6.14e-01
-3.67e-01
1.94e-01
8.36e-01
5.50e-01
8.44e-01
-5.82e-01
-3.98e-01
2.53e-01
-1.50e-01
-7.30e-01
-4.09e-01
-8.46e-01
4.76e-01
7.33e-01
2.04e-01
-9.97e-01
3.17e-02
7.76e-02
8.91e-01
-7.25e-01
3.92e-01
-9.90e-01
-8.76e-01
9.30e-01
7.16e-01
-2.93e-02
5.91e-01
6.88e-01
-4.09e-02
9.81e-01
1.84e-03
-7.90e-01
-4.34e-01
-2.57e-01
-3.48e-02
-8.44e-01
3.33e-01
-9.14e-01
-3.26e-01
-7.35e-01
1.75e-01
9.21e-01
2.23e-01
4.39e-01
9.23e-01
-9.22e-01
7.69e-01
-5.63e-01
-4.91e-01
5.86e-01
-8.12e-01
1.55e-01
7.17e-01
-7.38e-01
8.05e-01
-7.91e-02
3.55e-02
7.50e-01
-3.98e-01
6.10e-01
4.98e-01
7.20e-03
6.24e-01
6.00e-01
-4.42e-01
-9.09e-01
2.67e-01
-6.67e-01
9.76e-01
-6.38e-01
-2.20e-01
6.99e-01
-2.31e-03
4.24e-02
6.34e-02
3.18e-01
-5.21e-01
-4.04e-01
-6.30e-01
-8.40e-01
6.95e-01
8.80e-01
2.87e-01
-5.37e-01
8.26e-01
4.68e-01
-7.46e-01
6.95e-01
2.96e-01
-2.59e-01
-2.25e-01
4.00e-01
7.30e-01
-7.32e-01
8.83e-01
-6.32e-01
4.48e-01
8.58e-01
-1.51e-01
-2.57e-01
-8.96e-01
4.34e-01
4.77e-01
-7.29e-01
-6.71e-01
9.06e-01
-6.41e-01
-6.88e-01
-9.76e-01
2.96e-01
5.48e-01
-8.80e-01
8.23e-01
-8.52e-01
-1.07e-01
-7.34e-01
-6.13e-02
-6.01e-01
3.25e-01
-5.68e-01
-6.64e-01
4.00e-01
-4.31e-01
-2.80e-01
-2.54e-01
-2.05e-01
4.90e-01
-5.79e-01
-3.09e-01
