-9.64e-01
-7.59e-02
4.36e-01
-7.86e-01
-2.71e-01
6.17e-01
-1.91e-01
-2.35e-01
-7.21e-02
9.83e-01
4.42e-01
-1.94e-01
-7.35e-01
-3.74e-02
4.87e-01
3.63e-01
-9.11e-01
6.35e-01
-7.21e-01
-5.64e-02
-2.68e-01
8.53e-01
8.01e-01
-2.08e-01
-2.59e-01
9.79e-01
2.85e-01
7.08e-01
1.84e-01
-6.84e-01
7.44e-01
9.02e-01
-4.63e-01
-4.51e-01
6.99e-02
4.61e-01
-5.77e-01
-4.02e-02
-5.10e-01
6.11e-01
9.78e-01
7.53e-01
-8.83e-01
-5.97e-01
-5.76e-01
-1.56e-01
-8.74e-01
-1.17e-01
3.38e-01
1.98e-01
-8.68e-02
6.89e-01
-5.09e-02
-1.09e-01
7.41e-01
3.82e-01
-5.74e-01
-7.63e-01
9.22e-01
2.81e-01
3.65e-01
9.04e-01
1.61e-01
1.95e-01
-2.14e-01
-6.81e-01
-5.27e-01
7.34e-01
-9.14e-01
6.18e-01
5.93e-01
-8.42e-01
2.56e-01
7.70e-01
-4.34e-01
-2.14e-01
-9.35e-01
5.37e-01
4.09e-01
-7.09e-01
-8.92e-01
9.12e-02
9.24e-01
-3.13e-01
2.99e-01
3.65e-01
7.69e-01
7.29e-01
4.85e-01
3.08e-01
-7.03e-01
-4.43e-01
-6.80e-01
4.72e-01
-3.13e-01
-4.36e-01
-7.96e-01
-3.42e-01
-1.05e-01
2.00e-01
5.87e-01
-5.36e-01
-9.11e-01
-8.03e-01
7.71e-01
-5.58e-01
-6.04e-01
-6.87e-01
8.36e-01
5.55e-01
-2.33e-01
5.44e-01
-4.10e-01
-1.19e-01
-9.38e-01
-4.41e-01
7.50e-01
-9.05e-01
4.24e-01
-8.72e-01
-6.27e-01
-9.22e-01
2.27e-03
3.57e-01
-8.43e-01
-1.86e-01
1.21e-01
9.73e-01
-1.03e-01
-2.20e-01
-1.86e-01
5.89e-01
1.20e-01
-7.29e-01
-8.96e-02
-2.51e-02
3.49e-01
-3.29e-01
-6.18e-01
7.90e-01
-3.20e-01
5.47e-01
6.81e-01
-1.81e-02
2.12e-01
-9.29e-01
1.39e-01
2.25e-02
8.14e-01
-4.03e-01
-5.55e-01
-9.06e-01
4.42e-01
-9.68e-01
-5.71e-01
3.64e-01
8.07e-01
4.37e-01
6.74e-01
3.59e-01
-3.21e-01
7.26e-01
-8.62e-01
5.94e-01
9.03e-01
-1.82e-01
-1.86e-01
-2.91e-01
-2.18e-01
-7.80e-01
-4.05e-01
-1.97e-01
9.85e-01
-8.42e-01
1.54e-01
2.36e-01
2.04e-01
7.71e-01
-7.22e-01
-8.97e-01
3.79e-01
9.97e-01
-1.50e-01
3.79e-01
-9.00e-01
8.86e-01
-7.73e-01
-3.95e-01
8.32e-02
9.98e-01
-4.28e-01
5.77e-01
-8.52e-01
5.24e-01
3.27e-02
5.52e-01
-9.12e-01
3.69e-01
4.68e-01
9.37e-01
-3.37e-01
-2.81e-01
1.99e-01
-1.00e+00
-4.76e-01
8.32e-01
-9.27e-01
-9.18e-01
-3.61e-01
-8.90e-01
-1.17e-01
2.19e-01
3.73e-01
6.68e-01
-2.27e-01
9.91e-01
4.06e-01
-6.64e-01
-3.58e-01
5.71e-01
-4.98e-01
6.75e-03
6.18e-01
8.92e-01
-7.09e-01
-2.77e-02
-9.64e-01
-3.04e-01
-1.75e-01
-5.93e-01
5.85e-01
-2.40e-01
5.64e-01
1.03e-01
8.26e-01
6.05e-02
-6.12e-01
-5.32e-01
7.50e-01
2.60e-01
-3.08e-01
-9.08e-01
-8.31e-01
6.74e-01
-4.51e-01
-9.35e-01
-7.18e-01
-2.78e-01
8.77e-01
6.45e-01
7.70e-01
-5.92e-01
-3.64e-01
9.40e-01
-1.13e-01
-8.55e-01
6.94e-01
5.33e-01
-2.35e-01
-4.84e-01
9.49e-02
-3.88e-01
4.22e-01
8.34e-01
-8.84e-01
