-6.26e-01
-2.56e-01
-7.30e-01
5.64e-01
7.95e-01
6.22e-01
-1.27e-01
9.07e-01
6.25e-01
-8.83e-01
1.66e-01
-2.98e-01
-6.52e-01
3.72e-01
5.93e-01
1.42e-01
1.55e-01
5.57e-02
4.01e-01
7.16e-01
-1.83e-01
-4.86e-01
-2.93e-01
-6.15e-01
6.29e-01
1.93e-01
5.47e-01
8.24e-01
9.50e-01
-1.06e-01
-2.08e-01
4.18e-01
9.56e-01
2.52e-01
4.46e-01
3.10e-01
-6.60e-01
-4.78e-01
-8.75e-02
-3.00e-01
-6.52e-01
-8.76e-02
-8.53e-01
2.68e-01
5.06e-01
3.33e-01
-5.28e-01
-2.82e-01
2.10e-01
-2.76e-01
-3.40e-01
3.96e-01
-7.72e-01
-5.22e-01
-7.32e-01
7.65e-01
-1.79e-01
-8.63e-01
4.60e-01
-7.47e-01
-2.83e-01
4.12e-01
-4.83e-01
-3.47e-01
4.93e-01
1.51e-01
-2.14e-01
-3.96e-01
-5.36e-01
5.39e-01
3.66e-01
-1.17e-01
7.44e-01
-9.75e-01
-3.43e-01
3.73e-01
-2.55e-01
-8.47e-01
2.48e-01
-1.75e-01
1.80e-01
7.65e-01
-5.84e-01
9.14e-01
1.04e-01
4.79e-01
8.31e-01
-4.35e-01
-7.24e-01
6.42e-01
6.44e-02
9.80e-01
2.15e-01
-4.10e-01
9.01e-01
2.73e-01
3.32e-01
-1.63e-01
6.38e-01
6.83e-01
-7.63e-01
-3.55e-01
-4.36e-01
-2.09e-01
-5.59e-01
-7.76e-01
-9.66e-01
-4.39e-01
-5.01e-02
-2.22e-01
-5.27e-01
6.85e-01
-3.40e-01
5.67e-01
-9.15e-01
6.08e-01
6.79e-01
7.79e-02
-8.04e-01
2.88e-01
-4.11e-01
8.38e-01
-8.39e-01
1.58e-01
3.50e-01
7.48e-01
-6.71e-01
-2.25e-01
5.52e-01
7.89e-01
3.33e-01
1.46e-01
-4.83e-01
9.90e-02
3.74e-01
8.78e-01
4.50e-01
2.47e-01
-2.73e-01
-2.27e-01
6.40e-01
5.15e-01
8.75e-01
8.58e-02
-4.94e-01
3.44e-01
2.90e-01
-7.58e-01
-5.11e-01
2.30e-01
-5.43e-01
-6.30e-01
2.77e-01
-5.71e-01
2.29e-01
-4.37e-01
-2.53e-01
-2.03e-01
-5.70e-02
1.20e-01
7.13e-01
-2.50e-01
8.42e-01
-9.87e-01
-7.24e-01
6.82e-01
1.89e-01
2.11e-01
-1.00e+00
-1.20e-01
-3.90e-01
-2.24e-01
2.78e-02
-7.03e-01
-8.29e-01
5.32e-01
-2.36e-01
3.73e-02
5.15e-01
-5.41e-01
8.31e-01
6.83e-01
3.03e-01
-3.86e-01
3.23e-01
-5.27e-01
2.38e-01
-6.75e-03
4.68e-01
-5.05e-01
1.79e-01
5.09e-01
4.35e-01
-8.15e-01
-7.81e-01
-6.89e-01
3.59e-01
1.50e-01
-3.55e-01
-8.82e-02
5.06e-01
5.46e-02
-2.92e-01
6.67e-01
-5.73e-01
8.46e-01
9.46e-01
7.14e-01
-2.31e-01
-1.02e-01
-2.42e-01
-8.40e-01
2.23e-01
7.59e-01
-3.16e-01
-5.90e-01
5.71e-01
-7.84e-01
-1.21e-01
6.66e-01
-5.31e-02
-4.11e-01
1.41e-01
9.92e-01
-5.44e-01
2.07e-02
-1.79e-01
-8.84e-01
9.55e-01
8.10e-01
3.85e-01
9.75e-01
1.20e-01
-4.56e-01
7.10e-01
-8.90e-01
5.28e-01
-7.61e-01
1.94e-01
8.89e-01
-8.79e-01
4.91e-01
4.94e-01
1.19e-01
8.24e-01
3.07e-01
-9.31e-01
4.92e-01
2.74e-01
3.63e-01
-1.30e-01
3.61e-01
6.10e-01
-3.98e-01
-3.89e-01
-4.64e-01
-1.89e-01
3.96e-01
1.76e-01
-9.89e-01
-7.72e-01
8.84e-01
-4.90e-01
-3.96e-01
-1.86e-01
