-8.33e-01
9.90e-01
-4.89e-01
8.69e-01
-5.54e-01
-5.38e-01
5.86e-01
7.29e-01
-5.35e-01
7.07e-01
-4.24e-01
-3.75e-01
-5.42e-01
4.46e-01
9.75e-01
-2.60e-01
-1.80e-01
6.22e-01
3.44e-01
-5.30e-01
6.55e-01
2.48e-01
-4.55e-01
-1.97e-02
5.35e-01
3.84e-01
-1.42e-01
-9.35e-01
-3.10e-01
-1.70e-01
3.84e-01
9.35e-01
6.77e-01
-5.65e-01
-5.36e-01
-1.26e-01
-1.95e-01
9.50e-01
-1.59e-01
-5.85e-01
-8.00e-01
3.59e-02
-1.31e-01
-7.84e-01
-1.57e-01
-7.78e-01
-8.11e-01
-5.50e-01
7.22e-01
-6.61e-01
-8.24e-01
-5.16e-01
-8.77e-01
4.79e-01
9.76e-01
4.99e-01
-8.09e-01
9.10e-01
3.36e-01
7.73e-01
-6.01e-01
-3.53e-02
-9.55e-01
9.12e-01
-4.09e-01
3.03e-01
8.00e-01
-2.47e-02
-9.24e-01
2.27e-01
1.40e-01
-3.75e-01
1.10e-02
8.96e-02
-3.16e-01
3.16e-01
6.47e-01
2.36e-01
7.24e-02
3.78e-01
-8.38e-01
-2.52e-02
-7.90e-01
-6.88e-01
-8.91e-01
-9.81e-01
-5.71e-01
9.00e-01
-6.72e-01
5.38e-01
-1.92e-02
-4.69e-01
2.37e-01
-1.84e-01
-8.11e-01
1.50e-01
5.96e-02
3.34e-01
-5.52e-01
7.93e-01
4.29e-01
-6.60e-01
3.88e-01
-7.76e-01
4.39e-01
2.25e-01
3.06e-01
7.13e-01
7.83e-01
5.37e-01
-5.41e-01
6.81e-01
-9.14e-01
4.00e-01
-7.43e-01
-3.08e-01
2.31e-01
7.47e-01
5.16e-01
-2.39e-01
5.69e-01
1.55e-01
6.52e-01
-1.79e-01
-3.18e-01
-1.95e-01
-2.61e-01
1.50e-01
-2.74e-01
-1.48e-01
5.98e-01
3.03e-01
7.27e-01
9.89e-01
-4.68e-01
-5.29e-01
1.19e-01
3.38e-01
7.58e-01
8.62e-01
4.40e-01
-7.34e-01
-7.28e-01
-7.48e-01
7.66e-01
-7.42e-01
4.60e-03
-6.22e-01
-2.84e-01
9.83e-01
-4.57e-01
8.67e-01
7.04e-01
7.17e-01
-5.45e-01
-5.03e-01
2.91e-01
6.72e-01
4.53e-01
8.45e-01
2.55e-01
5.55e-01
7.53e-01
-9.12e-02
-6.33e-01
-6.42e-01
-4.38e-01
8.54e-01
3.16e-01
-9.91e-01
7.54e-01
-3.79e-01
-6.46e-01
-7.35e-01
6.81e-01
-4.18e-01
-3.91e-01
-3.42e-01
-6.93e-01
-7.81e-01
-5.60e-01
6.33e-01
7.99e-01
-3.51e-01
5.72e-01
3.75e-01
-5.29e-01
-6.22e-01
-7.41e-01
-6.91e-01
4.02e-01
-5.43e-01
6.51e-01
-8.59e-01
4.96e-02
7.69e-01
-1.87e-01
3.46e-01
6.53e-02
1.40e-01
8.59e-01
-1.49e-01
-4.32e-01
-4.64e-01
-6.78e-01
1.80e-01
-8.16e-01
-4.66e-01
-6.87e-01
-3.03e-01
1.49e-01
2.47e-01
-8.53e-01
-3.68e-01
5.80e-01
1.47e-01
-6.99e-01
5.74e-01
-3.26e-01
-7.05e-01
6.45e-01
-1.95e-01
-2.59e-01
8.92e-01
5.01e-01
-4.15e-01
-9.18e-02
1.72e-01
4.57e-01
-2.45e-01
-7.62e-01
-7.90e-01
7.94e-01
6.96e-01
-3.77e-02
-5.58e-01
7.06e-01
5.73e-01
-8.45e-01
4.65e-01
-9.17e-01
-9.44e-01
4.56e-01
9.16e-01
-6.82e-01
1.09e-01
1.65e-01
8.39e-01
-3.62e-01
3.42e-01
-7.80e-01
9.37e-01
6.50e-01
-6.17e-01
8.95e-01
9.95e-01
-5.75e-01
-2.14e-01
-9.51e-02
7.70e-01
-5.83e-01
-5.43e-01
1.59e-01
9.03e-01
6.61e-01
