-8.33e-01
9.90e-01
-4.89e-01
8.69e-01
7.95e-01
6.22e-01
-1.27e-01
9.07e-01
6.09e-01
-4.62e-02
-4.24e-01
9.35e-01
4.01e-01
-1.44e-01
-5.85e-01
-7.50e-01
-3.73e-01
-7.06e-02
-1.26e-01
2.55e-01
-3.38e-01
7.75e-01
-7.82e-01
-6.00e-01
-4.08e-01
-1.18e-01
-9.66e-01
4.04e-02
-6.13e-01
-7.96e-01
7.51e-01
-4.26e-01
-5.73e-01
3.66e-01
-8.44e-01
-1.76e-01
4.87e-01
1.28e-01
4.24e-01
-5.35e-01
5.41e-02
-5.34e-01
-4.35e-01
8.16e-01
-4.79e-01
-3.85e-01
8.78e-01
-7.39e-01
7.22e-01
-6.61e-01
-8.24e-01
-5.16e-01
-8.77e-01
4.79e-01
9.76e-01
4.99e-01
-8.09e-01
5.35e-01
5.89e-01
-1.10e-01
-8.72e-01
-5.41e-01
1.89e-01
6.88e-01
4.59e-01
-8.26e-01
-5.54e-01
-3.25e-01
8.04e-01
2.79e-01
6.07e-01
-3.43e-01
2.41e-01
4.11e-02
9.00e-01
6.62e-01
7.52e-01
-6.93e-01
-9.86e-01
8.62e-01
-2.88e-01
-1.05e-01
1.46e-01
6.86e-01
-8.65e-02
6.56e-01
-9.46e-01
8.55e-01
-3.05e-01
6.81e-01
-5.63e-02
2.81e-01
-6.41e-01
8.11e-01
-8.90e-02
5.56e-02
4.36e-01
5.09e-02
7.91e-01
4.73e-01
-7.35e-01
-3.90e-01
2.50e-01
2.42e-01
3.90e-01
7.50e-01
-8.01e-01
9.08e-01
2.37e-01
-6.94e-01
-2.02e-02
-1.49e-02
7.50e-01
5.67e-01
-7.43e-01
-3.08e-01
2.31e-01
7.47e-01
5.16e-01
-2.39e-01
5.69e-01
1.55e-01
6.52e-01
-1.79e-01
-3.18e-01
-1.95e-01
-2.61e-01
1.50e-01
-2.74e-01
-1.48e-01
5.98e-01
3.03e-01
7.27e-01
5.25e-01
6.02e-01
-6.76e-01
5.60e-02
-2.06e-01
9.63e-02
-3.89e-01
-5.61e-01
5.15e-01
-7.28e-01
-7.48e-01
7.66e-01
-7.42e-01
2.90e-01
2.40e-01
-1.81e-01
4.06e-01
8.54e-01
1.25e-01
-7.95e-01
-8.24e-01
-9.70e-01
-3.73e-01
9.94e-01
-7.64e-01
3.70e-01
-8.01e-01
9.28e-01
-7.51e-01
-7.28e-01
7.33e-01
6.58e-01
5.49e-01
9.51e-01
-2.19e-01
-8.81e-01
-8.72e-01
7.54e-01
1.54e-01
2.78e-02
-7.03e-01
-4.92e-01
1.95e-01
-2.95e-01
9.37e-01
-1.94e-01
4.38e-01
-1.63e-01
7.28e-02
-3.86e-01
-5.92e-01
9.67e-01
-5.96e-01
3.27e-01
-6.75e-03
4.68e-01
-5.05e-01
1.79e-01
5.09e-01
4.35e-01
-8.15e-01
-7.81e-01
-6.89e-01
3.59e-01
1.50e-01
-5.59e-01
-8.82e-02
-3.62e-01
5.46e-02
-2.92e-01
6.67e-01
7.30e-02
8.46e-01
9.46e-01
7.14e-01
-2.31e-01
-1.02e-01
-2.42e-01
-8.40e-01
2.23e-01
7.59e-01
-3.16e-01
-5.90e-01
5.71e-01
5.16e-01
-1.21e-01
2.06e-01
7.26e-01
9.69e-01
9.60e-01
6.61e-01
7.51e-01
-1.16e-01
5.07e-01
3.74e-01
9.10e-01
4.36e-01
-5.67e-01
-6.71e-01
-9.48e-02
-4.90e-01
4.34e-01
-1.42e-01
-9.03e-01
5.66e-01
9.77e-02
4.58e-02
-4.20e-02
-9.79e-01
4.81e-01
-3.05e-02
-6.82e-01
1.09e-01
1.65e-01
8.39e-01
-3.62e-01
3.42e-01
-7.80e-01
9.37e-01
6.50e-01
-6.17e-01
8.95e-01
-9.83e-01
-5.75e-01
-2.62e-01
9.33e-01
-6.06e-01
7.78e-01
7.13e-01
1.31e-01
8.28e-01
1.40e-01
