2.40e-01
-3.19e-01
-2.80e-01
-9.32e-01
7.95e-01
6.22e-01
-7.97e-01
3.45e-01
-3.94e-02
-1.79e-01
-9.96e-01
-7.56e-01
4.58e-01
-7.70e-01
8.15e-01
3.14e-01
3.63e-01
1.36e-01
6.05e-01
-8.50e-01
7.68e-01
8.63e-01
6.87e-01
6.10e-01
9.51e-01
9.01e-01
9.72e-01
-1.48e-01
-2.03e-01
6.86e-01
9.16e-01
-6.84e-01
7.73e-01
3.66e-01
-8.44e-01
-1.76e-01
4.87e-01
-4.78e-01
-5.45e-01
-9.05e-01
-8.00e-01
3.59e-02
-1.31e-01
-7.84e-01
-1.57e-01
-7.78e-01
-8.11e-01
-5.50e-01
-8.88e-01
-6.61e-01
-8.24e-01
-5.16e-01
-8.77e-01
4.79e-01
9.76e-01
4.99e-01
-8.09e-01
9.10e-01
3.36e-01
7.73e-01
-6.01e-01
-3.53e-02
-9.55e-01
9.12e-01
-4.09e-01
3.03e-01
8.00e-01
-2.47e-02
-9.24e-01
2.27e-01
4.92e-01
2.94e-01
1.69e-01
-7.94e-01
9.41e-01
-2.48e-01
-4.03e-01
3.22e-01
5.00e-01
-1.83e-01
-1.62e-01
-2.52e-02
-7.90e-01
-6.88e-01
-8.91e-01
4.36e-01
1.49e-02
5.88e-01
1.89e-01
-8.37e-01
-8.25e-01
-6.82e-01
-6.79e-01
2.37e-01
-7.90e-01
4.31e-01
-6.28e-01
4.22e-01
6.38e-01
6.83e-01
-7.63e-01
-3.55e-01
-4.22e-01
6.62e-02
-4.79e-01
-6.40e-01
3.48e-01
2.52e-01
-4.63e-01
-4.06e-01
-6.66e-01
-8.99e-01
-9.20e-02
-3.36e-01
7.28e-01
4.54e-01
4.07e-01
-3.53e-02
3.35e-01
-7.89e-02
-4.88e-01
4.58e-01
6.01e-01
-7.68e-01
-5.25e-01
-5.05e-01
2.99e-01
8.99e-03
-9.86e-01
-1.11e-01
5.97e-01
-9.52e-02
-1.85e-01
8.14e-01
-5.31e-01
-6.79e-01
-1.44e-01
4.09e-01
-8.22e-01
9.46e-02
-5.75e-01
-1.99e-01
8.85e-01
-5.02e-01
-1.07e-01
-5.25e-01
-6.00e-01
7.09e-01
5.67e-02
8.82e-01
-3.82e-01
1.59e-01
-7.95e-01
-8.24e-01
9.31e-01
5.16e-01
-6.00e-01
-7.19e-01
-5.55e-01
7.22e-01
8.79e-01
4.48e-01
1.10e-02
-6.10e-01
3.56e-02
-3.63e-01
-3.41e-01
3.86e-01
-7.79e-01
-8.79e-02
-9.16e-01
-3.34e-01
5.33e-01
-4.17e-01
6.70e-01
-5.26e-01
8.94e-01
9.37e-01
-1.94e-01
4.38e-01
-1.63e-01
7.28e-02
-3.86e-01
-5.92e-01
9.67e-01
-5.96e-01
3.27e-01
-7.56e-01
1.29e-01
-7.56e-01
-9.28e-01
1.91e-01
3.78e-01
-4.65e-01
7.83e-01
6.70e-01
-5.36e-02
1.50e-01
-3.55e-01
-8.82e-02
5.06e-01
8.71e-01
9.00e-01
-6.49e-01
4.04e-01
-2.57e-01
8.06e-01
-9.65e-01
9.48e-01
-9.78e-01
-7.18e-01
1.03e-01
2.28e-01
3.50e-01
6.21e-01
9.05e-02
-2.46e-01
7.32e-02
5.52e-01
4.78e-01
7.26e-01
9.69e-01
9.60e-01
6.61e-01
7.51e-01
-1.16e-01
5.07e-01
3.74e-01
9.10e-01
4.36e-01
-5.67e-01
-6.71e-01
-9.48e-02
-4.90e-01
9.42e-01
-3.02e-01
-2.60e-01
5.77e-01
-7.70e-01
-2.71e-01
-4.19e-01
-8.95e-01
5.69e-01
-1.74e-01
3.70e-01
-2.58e-02
3.39e-01
4.30e-01
1.57e-01
6.52e-01
9.97e-02
-1.78e-01
-3.23e-01
5.38e-01
-9.49e-01
-7.34e-01
-3.45e-01
-6.02e-01
-1.24e-01
4.37e-02
8.61e-01
-2.87e-01
3.04e-01
1.68e-01
-9.28e-03
