3.56e-01
-7.28e-01
-3.06e-01
-4.61e-01
2.05e-01
7.41e-01
5.86e-01
-8.87e-01
-5.80e-01
2.61e-01
-4.24e-01
9.35e-01
4.01e-01
-1.44e-01
-5.85e-01
3.14e-01
3.63e-01
1.36e-01
6.05e-01
-8.50e-01
6.55e-01
2.48e-01
-7.82e-01
-6.00e-01
-4.08e-01
-1.18e-01
-9.66e-01
4.04e-02
-6.13e-01
-7.96e-01
7.51e-01
-4.26e-01
7.30e-02
3.66e-01
-8.44e-01
3.10e-01
-6.60e-01
-4.78e-01
-1.59e-01
-5.85e-01
-8.00e-01
3.59e-02
-1.31e-01
-7.84e-01
-1.57e-01
-7.78e-01
-8.11e-01
-5.50e-01
7.22e-01
-6.61e-01
-8.24e-01
-5.16e-01
-8.77e-01
1.55e-01
3.21e-01
5.85e-01
2.27e-01
-5.92e-01
5.89e-01
-1.10e-01
-8.72e-01
-5.41e-01
3.13e-01
-1.93e-01
2.79e-01
-8.26e-01
-1.75e-01
3.01e-02
2.27e-01
6.37e-01
6.07e-01
-3.43e-01
2.41e-01
4.11e-02
9.00e-01
6.62e-01
7.52e-01
-6.93e-01
-9.86e-01
8.62e-01
1.82e-01
-2.23e-03
-2.00e-01
7.59e-01
-8.91e-01
-1.94e-01
5.10e-01
9.65e-01
-5.45e-01
-6.47e-01
-4.76e-01
-6.82e-01
-6.79e-01
2.37e-01
-7.90e-01
-4.40e-01
4.36e-01
5.09e-02
7.91e-01
4.73e-01
-7.35e-01
-1.91e-01
7.06e-01
-8.18e-01
9.78e-01
-6.40e-01
3.48e-01
2.52e-01
-4.63e-01
-4.06e-01
-6.66e-01
4.37e-01
-9.20e-02
-3.36e-01
7.28e-01
4.54e-01
4.07e-01
-4.05e-01
5.16e-01
-2.39e-01
-5.33e-01
2.88e-01
2.70e-01
-9.54e-01
9.01e-02
4.84e-01
-1.80e-01
4.49e-01
-4.68e-01
-3.28e-01
7.21e-01
-9.18e-01
4.52e-01
9.85e-01
-9.48e-01
-8.73e-01
5.60e-02
-2.06e-01
9.63e-02
-3.89e-01
-6.21e-01
5.46e-01
8.85e-01
-5.02e-01
-1.07e-01
-5.25e-01
5.49e-01
-3.07e-01
-9.20e-01
-3.86e-01
-9.55e-01
-9.98e-01
7.10e-01
8.51e-01
7.65e-01
-3.81e-01
-7.36e-01
-1.01e-01
-1.14e-01
-4.30e-01
-3.68e-01
-8.59e-01
-6.27e-01
1.40e-01
-2.25e-01
6.99e-01
-3.11e-01
-4.69e-01
5.70e-02
-4.48e-01
2.71e-01
-6.66e-01
-8.88e-01
7.81e-01
2.61e-01
-6.73e-01
8.94e-01
9.37e-01
-1.94e-01
4.38e-01
-1.63e-01
7.28e-02
-3.86e-01
-5.92e-01
-5.85e-01
-5.96e-01
3.27e-01
-4.39e-02
-2.03e-01
-4.92e-01
-1.39e-01
-6.16e-02
8.15e-01
2.25e-01
8.79e-02
-3.79e-01
-4.01e-01
9.46e-01
2.42e-01
6.82e-01
6.10e-01
7.51e-01
-5.58e-01
-3.76e-01
-6.61e-01
-7.64e-01
-4.81e-01
5.15e-01
-1.62e-01
-1.98e-02
-4.82e-01
-2.23e-03
-6.49e-01
5.82e-01
6.99e-02
8.85e-01
-6.65e-01
7.13e-01
8.76e-01
-1.42e-01
7.26e-01
9.69e-01
9.60e-01
6.61e-01
7.51e-01
-1.16e-01
5.07e-01
3.74e-01
9.10e-01
4.36e-01
-5.67e-01
-6.71e-01
-9.48e-02
-4.90e-01
4.34e-01
-1.42e-01
-9.03e-01
5.66e-01
9.77e-02
4.58e-02
-4.20e-02
-9.79e-01
4.81e-01
-3.05e-02
-6.82e-01
1.09e-01
1.65e-01
8.39e-01
-3.62e-01
3.42e-01
-7.80e-01
9.37e-01
6.50e-01
-6.17e-01
8.95e-01
-9.83e-01
-9.84e-01
-1.50e-01
9.85e-01
-6.51e-01
2.91e-01
2.17e-01
1.31e-01
8.28e-01
1.40e-01
