3.56e-01
-7.28e-01
-3.06e-01
-4.61e-01
2.05e-01
7.41e-01
5.86e-01
-8.87e-01
-5.80e-01
2.61e-01
2.33e-01
9.35e-01
4.58e-01
-7.70e-01
8.15e-01
3.14e-01
3.63e-01
1.36e-01
6.05e-01
-8.50e-01
7.68e-01
8.63e-01
6.87e-01
6.10e-01
5.35e-01
3.84e-01
5.81e-01
6.60e-01
-6.13e-01
-7.96e-01
7.51e-01
-4.26e-01
7.30e-02
3.66e-01
-8.44e-01
-1.76e-01
4.87e-01
1.28e-01
4.24e-01
-9.05e-01
-8.00e-01
-5.34e-01
-4.35e-01
8.16e-01
-4.79e-01
-3.85e-01
8.78e-01
-7.39e-01
-3.57e-01
8.53e-01
7.83e-01
-5.16e-01
-8.77e-01
4.79e-01
9.76e-01
4.99e-01
-8.09e-01
-5.92e-01
-3.12e-01
-9.26e-01
-8.72e-01
-5.41e-01
3.13e-01
-1.93e-01
2.79e-01
-8.26e-01
-5.54e-01
6.08e-01
2.27e-01
6.37e-01
4.92e-01
2.94e-01
2.41e-01
4.11e-02
9.00e-01
6.62e-01
7.52e-01
-6.93e-01
-9.86e-01
8.62e-01
1.82e-01
-2.23e-03
-2.00e-01
7.59e-01
9.87e-01
-1.94e-01
5.10e-01
9.65e-01
-5.45e-01
-6.47e-01
-4.76e-01
-6.82e-01
-6.79e-01
2.37e-01
-7.90e-01
-4.40e-01
4.36e-01
5.09e-02
7.91e-01
4.73e-01
-7.35e-01
-1.91e-01
7.06e-01
-8.18e-01
9.78e-01
-6.40e-01
3.48e-01
2.52e-01
-4.63e-01
-4.06e-01
-6.66e-01
4.37e-01
-9.20e-02
-3.36e-01
7.28e-01
4.54e-01
4.07e-01
-4.05e-01
5.16e-01
-2.39e-01
-5.33e-01
2.88e-01
2.70e-01
-9.54e-01
9.01e-02
4.84e-01
-1.80e-01
4.49e-01
-4.68e-01
-3.28e-01
7.21e-01
-9.18e-01
4.52e-01
9.85e-01
-9.48e-01
-8.73e-01
5.60e-02
-2.06e-01
9.63e-02
-3.89e-01
-6.21e-01
5.46e-01
8.85e-01
1.97e-01
3.71e-01
4.54e-01
1.48e-02
-5.84e-02
-2.03e-01
-9.01e-01
-1.26e-02
8.65e-01
7.10e-01
8.51e-01
7.65e-01
-3.81e-01
-7.36e-01
-1.01e-01
-1.14e-01
-4.30e-01
-3.68e-01
-8.59e-01
-6.27e-01
1.40e-01
-2.25e-01
6.99e-01
-3.11e-01
-4.69e-01
5.70e-02
-8.72e-01
-1.89e-01
2.54e-01
-8.88e-01
7.81e-01
2.61e-01
-6.73e-01
8.94e-01
9.37e-01
-1.94e-01
4.38e-01
-1.63e-01
7.28e-02
-3.86e-01
-5.92e-01
-5.85e-01
-5.96e-01
3.27e-01
-4.39e-02
-2.03e-01
-4.92e-01
-1.39e-01
-6.16e-02
8.15e-01
2.25e-01
8.79e-02
-3.79e-01
-4.01e-01
9.46e-01
2.42e-01
6.82e-01
6.10e-01
7.51e-01
-5.58e-01
-3.76e-01
-5.73e-01
8.46e-01
8.15e-01
3.38e-01
7.37e-01
2.22e-01
2.96e-01
3.65e-01
-2.32e-02
3.24e-01
6.76e-02
4.46e-01
-5.31e-01
-5.10e-01
-9.64e-02
6.66e-01
-5.31e-02
-4.11e-01
1.41e-01
8.92e-01
5.01e-01
-4.15e-01
-9.18e-02
1.72e-01
4.57e-01
-2.45e-01
-7.62e-01
-2.57e-01
4.23e-01
5.46e-01
9.42e-01
-3.02e-01
-2.60e-01
5.77e-01
-7.70e-01
-2.71e-01
-4.20e-02
1.35e-01
4.56e-01
9.16e-01
-6.82e-01
1.09e-01
1.65e-01
8.39e-01
5.06e-01
3.42e-01
-7.80e-01
9.37e-01
6.50e-01
-6.17e-01
8.95e-01
9.95e-01
-5.75e-01
-2.14e-01
-9.51e-02
7.70e-01
2.91e-01
2.17e-01
1.31e-01
8.28e-01
1.40e-01
