2.40e-01
-3.19e-01
-2.80e-01
-9.32e-01
5.24e-02
-4.80e-01
-7.97e-01
3.45e-01
-3.94e-02
-1.79e-01
-9.96e-01
-7.56e-01
4.58e-01
-7.70e-01
8.15e-01
3.14e-01
3.63e-01
1.36e-01
9.00e-01
-8.50e-01
7.68e-01
8.63e-01
6.87e-01
-6.00e-01
-4.08e-01
-1.18e-01
-9.65e-01
4.04e-02
-6.13e-01
-7.96e-01
7.51e-01
-4.26e-01
7.30e-02
3.66e-01
-8.44e-01
-8.24e-01
4.95e-01
-4.02e-01
-1.73e-01
-1.83e-01
5.93e-01
-2.89e-01
4.16e-01
-4.70e-01
-5.47e-01
-7.78e-01
-8.11e-01
-5.50e-01
7.22e-01
-6.61e-01
-2.72e-02
-5.63e-01
-3.78e-01
1.55e-01
3.21e-01
5.85e-01
2.27e-01
-5.92e-01
5.89e-01
-1.10e-01
-8.72e-01
-5.41e-01
3.13e-01
-1.93e-01
2.79e-01
-8.26e-01
-5.54e-01
6.08e-01
2.27e-01
6.37e-01
6.07e-01
-3.43e-01
2.41e-01
4.11e-02
6.05e-01
6.62e-01
7.52e-01
-6.93e-01
-9.86e-01
8.62e-01
1.82e-01
-2.23e-03
-2.00e-01
7.59e-01
9.87e-01
-1.94e-01
5.10e-01
9.65e-01
-5.45e-01
-6.47e-01
-4.76e-01
-6.82e-01
-6.79e-01
2.37e-01
-7.90e-01
-4.40e-01
4.36e-01
5.09e-02
6.38e-01
6.83e-01
-7.63e-01
-3.55e-01
7.06e-01
-8.18e-01
9.78e-01
-6.40e-01
3.48e-01
2.52e-01
-4.63e-01
-4.06e-01
-6.66e-01
4.37e-01
-9.20e-02
-3.36e-01
7.28e-01
4.54e-01
4.07e-01
-4.05e-01
5.16e-01
-2.39e-01
-5.33e-01
2.88e-01
2.70e-01
-9.54e-01
2.92e-01
-9.47e-02
2.41e-01
6.91e-01
5.52e-01
7.89e-01
-5.64e-01
8.47e-02
-5.03e-01
1.08e-01
3.26e-01
-8.77e-01
4.16e-02
7.44e-01
9.85e-01
8.46e-01
-5.75e-01
-1.99e-01
8.85e-01
-5.02e-01
-1.07e-01
-5.25e-01
-6.00e-01
7.09e-01
5.67e-02
8.82e-01
-3.82e-01
1.59e-01
-7.95e-01
-8.24e-01
9.31e-01
5.16e-01
-6.00e-01
-7.19e-01
-5.55e-01
-8.88e-01
8.79e-01
4.48e-01
1.10e-02
-6.10e-01
3.56e-02
-3.63e-01
-3.41e-01
3.86e-01
-2.88e-01
-8.79e-02
-9.16e-01
7.69e-03
-3.70e-01
7.81e-01
2.61e-01
-6.73e-01
8.94e-01
9.37e-01
-1.94e-01
4.38e-01
-1.63e-01
7.28e-02
-3.86e-01
-5.92e-01
9.67e-01
-5.96e-01
3.27e-01
-7.56e-01
-2.03e-01
-4.92e-01
-1.39e-01
-6.16e-02
4.35e-01
-8.15e-01
-7.81e-01
-6.89e-01
3.59e-01
1.50e-01
-3.55e-01
-8.82e-02
5.06e-01
5.46e-02
-2.92e-01
-3.76e-01
4.04e-01
-2.57e-01
8.06e-01
-9.66e-01
9.48e-01
-9.78e-01
-7.18e-01
1.03e-01
2.28e-01
3.50e-01
6.21e-01
-5.03e-01
-7.77e-01
7.32e-02
5.52e-01
4.78e-01
7.26e-01
9.69e-01
9.60e-01
6.61e-01
7.51e-01
-1.16e-01
5.07e-01
3.74e-01
9.10e-01
4.36e-01
-5.67e-01
-1.27e-01
-1.64e-02
5.46e-01
9.42e-01
-3.02e-01
-2.60e-01
5.66e-01
9.77e-02
-2.71e-01
-4.19e-01
-8.95e-01
5.69e-01
-1.74e-01
3.70e-01
-2.58e-02
3.39e-01
4.30e-01
1.57e-01
6.52e-01
9.97e-02
-1.78e-01
6.50e-01
-6.17e-01
8.95e-01
-7.34e-01
-3.45e-01
-6.02e-01
-1.24e-01
4.37e-02
8.61e-01
-2.87e-01
3.04e-01
8.28e-01
1.40e-01
