3.56e-01
-7.28e-01
-3.06e-01
-4.61e-01
2.05e-01
7.41e-01
-5.55e-01
3.45e-01
-3.94e-02
-1.79e-01
-9.96e-01
-7.56e-01
4.58e-01
-7.70e-01
8.15e-01
3.14e-01
3.63e-01
1.36e-01
6.05e-01
-8.50e-01
7.68e-01
8.63e-01
6.87e-01
-7.93e-01
-4.64e-01
8.47e-02
-9.66e-01
4.04e-02
5.53e-01
-9.19e-01
-9.08e-01
7.85e-01
7.30e-02
3.66e-01
-8.44e-01
7.10e-01
2.43e-01
9.81e-01
-5.45e-01
-1.83e-01
6.77e-01
8.30e-01
8.16e-01
5.99e-01
5.06e-01
-4.55e-01
8.78e-01
-7.39e-01
-3.57e-01
8.53e-01
7.83e-01
-5.16e-01
-8.77e-01
4.79e-01
9.76e-01
4.99e-01
-8.09e-01
-5.92e-01
-3.12e-01
-9.26e-01
-8.66e-01
9.63e-01
-5.68e-01
9.09e-01
3.41e-01
-7.58e-01
8.22e-01
5.43e-02
4.32e-01
-5.01e-01
4.92e-01
2.94e-01
1.49e-01
-1.20e-01
-4.77e-01
-2.25e-01
2.79e-01
5.22e-01
-8.30e-01
-2.77e-01
1.82e-01
-2.52e-02
-7.90e-01
-6.88e-01
-8.91e-01
-9.81e-01
-5.71e-01
9.00e-01
-6.72e-01
5.38e-01
-1.92e-02
-4.69e-01
-6.79e-01
2.37e-01
-7.90e-01
-4.40e-01
4.36e-01
5.09e-02
7.91e-01
4.73e-01
-7.35e-01
-1.91e-01
7.06e-01
-8.18e-01
9.78e-01
-6.40e-01
3.48e-01
2.52e-01
-4.63e-01
-4.06e-01
-6.66e-01
4.37e-01
-9.20e-02
-3.36e-01
7.28e-01
4.54e-01
4.07e-01
-4.05e-01
5.16e-01
-2.39e-01
-5.33e-01
2.88e-01
2.70e-01
-9.54e-01
2.92e-01
-9.47e-02
2.41e-01
6.91e-01
5.52e-01
7.89e-01
-5.64e-01
8.47e-02
-5.03e-01
1.08e-01
3.26e-01
-8.77e-01
4.16e-02
7.44e-01
9.85e-01
8.46e-01
-5.75e-01
-1.99e-01
8.85e-01
-5.02e-01
-1.07e-01
-5.25e-01
-6.00e-01
7.09e-01
5.67e-02
8.82e-01
-3.82e-01
1.59e-01
-7.95e-01
-8.24e-01
9.31e-01
5.16e-01
9.94e-01
-7.64e-01
-7.97e-01
-8.88e-01
8.79e-01
-8.59e-01
-6.27e-01
1.40e-01
-2.25e-01
6.99e-01
-3.11e-01
-4.69e-01
5.70e-02
-4.48e-01
2.71e-01
7.69e-03
8.28e-01
-8.38e-01
-3.18e-01
-5.99e-01
-2.40e-01
4.74e-01
3.14e-01
3.60e-01
-6.22e-01
-6.48e-02
-7.47e-01
-2.03e-01
2.13e-01
-3.93e-02
5.22e-01
-9.08e-02
6.83e-01
-4.92e-01
-1.39e-01
2.61e-01
5.41e-01
-6.42e-01
-8.45e-01
5.38e-01
3.24e-01
8.51e-01
7.47e-02
1.40e-01
8.59e-01
-1.49e-01
-2.92e-01
6.67e-01
-5.73e-01
8.46e-01
8.15e-01
5.15e-01
-1.62e-01
-1.98e-02
-4.82e-01
2.35e-01
-6.49e-01
5.82e-01
6.99e-02
8.85e-01
-6.65e-01
7.13e-01
8.76e-01
-1.42e-01
7.26e-01
9.69e-01
9.60e-01
6.61e-01
7.51e-01
-1.16e-01
5.07e-01
3.74e-01
9.10e-01
4.36e-01
-5.67e-01
-1.27e-01
-1.64e-02
5.46e-01
9.42e-01
-3.02e-01
-2.60e-01
5.66e-01
9.77e-02
4.58e-02
-4.20e-02
-9.79e-01
4.81e-01
-3.05e-02
-6.82e-01
1.09e-01
1.65e-01
8.39e-01
-3.62e-01
3.42e-01
-7.80e-01
-1.78e-01
-3.23e-01
5.38e-01
-9.49e-01
-7.34e-01
-3.45e-01
-6.02e-01
-1.24e-01
7.70e-01
-2.12e-01
-5.43e-01
-8.58e-01
6.41e-01
8.55e-01
