3.56e-01
-7.28e-01
-4.89e-01
8.69e-01
7.95e-01
6.22e-01
-1.27e-01
9.07e-01
6.09e-01
-1.79e-01
-9.96e-01
9.35e-01
4.01e-01
-1.44e-01
-5.85e-01
3.14e-01
3.63e-01
1.36e-01
6.05e-01
-8.50e-01
6.55e-01
1.20e-01
7.12e-01
-7.93e-01
-4.64e-01
-1.18e-01
-9.66e-01
4.04e-02
-6.13e-01
-7.96e-01
7.51e-01
-4.26e-01
7.30e-02
3.66e-01
-8.44e-01
-1.76e-01
4.87e-01
1.28e-01
4.24e-01
7.15e-02
6.77e-01
8.30e-01
8.16e-01
-2.60e-01
-5.47e-01
-7.10e-01
1.00e+00
-2.14e-01
-4.11e-02
-4.89e-01
3.89e-01
-5.63e-01
-3.78e-01
1.55e-01
3.21e-01
7.50e-01
-5.04e-01
9.10e-01
7.42e-01
-5.23e-01
-5.05e-01
9.63e-01
-5.68e-01
9.09e-01
2.79e-01
3.00e-01
2.97e-01
-4.48e-01
8.04e-01
2.79e-01
9.83e-01
-2.61e-01
1.69e-01
-7.94e-01
-7.16e-01
-2.48e-01
2.79e-01
4.65e-01
1.86e-01
-1.83e-01
-1.62e-01
-2.52e-02
-7.90e-01
-6.88e-01
-8.91e-01
4.36e-01
1.49e-02
5.88e-01
-5.68e-01
8.37e-01
-7.12e-01
7.08e-01
-6.34e-01
4.00e-01
-8.90e-02
5.56e-02
4.36e-01
5.09e-02
7.91e-01
2.46e-01
3.66e-01
-3.90e-01
7.06e-01
-8.18e-01
9.78e-01
-6.40e-01
3.48e-01
2.52e-01
-4.63e-01
-4.06e-01
-6.66e-01
4.37e-01
-9.20e-02
-3.36e-01
7.28e-01
4.54e-01
4.07e-01
-4.05e-01
5.16e-01
-2.39e-01
-5.33e-01
2.88e-01
2.70e-01
-9.54e-01
9.01e-02
4.84e-01
-1.80e-01
4.49e-01
-4.68e-01
-3.28e-01
-5.64e-01
8.47e-02
7.27e-01
9.89e-01
-5.31e-01
-6.79e-01
-1.44e-01
4.09e-01
-8.22e-01
9.46e-02
-5.75e-01
-1.99e-01
8.85e-01
-5.02e-01
-1.07e-01
9.63e-01
5.49e-01
-3.07e-01
-9.20e-01
-5.70e-01
6.54e-01
-3.72e-01
6.52e-01
4.58e-01
4.58e-01
-3.73e-01
9.94e-01
-7.64e-01
3.70e-01
-8.01e-01
9.28e-01
-7.51e-01
-6.27e-01
1.40e-01
6.58e-01
5.49e-01
9.51e-01
-2.19e-01
-8.81e-01
-8.72e-01
-1.89e-01
-3.34e-01
-8.88e-01
7.64e-01
6.70e-01
-5.26e-01
8.94e-01
9.37e-01
-1.94e-01
4.38e-01
-1.63e-01
7.28e-02
-3.86e-01
-5.92e-01
9.67e-01
-5.96e-01
3.27e-01
-7.56e-01
1.29e-01
-7.56e-01
-9.28e-01
1.91e-01
1.48e-02
2.25e-01
8.79e-02
-3.79e-01
-4.01e-01
9.46e-01
2.42e-01
6.82e-01
6.10e-01
7.51e-01
-5.58e-01
-3.76e-01
-6.61e-01
-7.64e-01
8.15e-01
3.38e-01
-2.40e-01
-9.78e-01
-7.18e-01
1.03e-01
2.28e-01
3.50e-01
6.21e-01
9.05e-02
-2.46e-01
7.32e-02
5.52e-01
4.78e-01
7.26e-01
9.69e-01
9.60e-01
6.61e-01
7.51e-01
-1.16e-01
5.07e-01
3.74e-01
9.10e-01
4.36e-01
-5.67e-01
-6.71e-01
-9.48e-02
-4.90e-01
9.42e-01
-3.02e-01
-2.60e-01
5.77e-01
-7.70e-01
-2.71e-01
-4.19e-01
-8.95e-01
5.69e-01
-3.05e-02
-6.82e-01
1.09e-01
3.39e-01
4.30e-01
2.10e-01
6.52e-01
9.97e-02
-1.78e-01
-3.23e-01
5.38e-01
-9.49e-01
-7.34e-01
-3.45e-01
-6.02e-01
-1.24e-01
4.37e-02
8.61e-01
-2.87e-01
3.04e-01
1.68e-01
-9.28e-03
