2.40e-01
-3.19e-01
-2.80e-01
-9.32e-01
7.95e-01
6.22e-01
-2.24e-01
-9.30e-01
-3.94e-02
2.61e-01
2.33e-01
9.35e-01
4.01e-01
-1.44e-01
-5.85e-01
-7.50e-01
-3.73e-01
6.83e-01
3.44e-01
2.55e-01
-3.38e-01
8.63e-01
6.87e-01
-6.00e-01
4.58e-01
-1.18e-01
-9.66e-01
4.04e-02
5.53e-01
-9.19e-01
-9.08e-01
7.85e-01
7.30e-02
3.66e-01
-8.44e-01
7.10e-01
2.43e-01
9.81e-01
-5.45e-01
-9.05e-01
-3.91e-01
-8.76e-02
-8.53e-01
-3.24e-01
5.06e-01
-4.55e-01
2.68e-01
-5.50e-01
-4.11e-02
-6.61e-01
-8.24e-01
-5.16e-01
-8.77e-01
-4.45e-02
8.01e-02
5.85e-01
2.27e-01
-5.92e-01
-3.12e-01
-9.26e-01
-8.66e-01
9.63e-01
-5.68e-01
9.09e-01
2.79e-01
3.00e-01
2.97e-01
-4.48e-01
8.04e-01
2.79e-01
9.83e-01
2.94e-01
1.69e-01
-7.94e-01
9.41e-01
-2.48e-01
-4.03e-01
3.22e-01
5.00e-01
-1.83e-01
-1.62e-01
-2.52e-02
-7.90e-01
-6.88e-01
-7.01e-01
1.47e-01
2.83e-01
-1.64e-01
-6.72e-01
5.38e-01
-1.92e-02
-4.69e-01
2.37e-01
8.11e-01
-8.90e-02
5.56e-02
4.36e-01
5.09e-02
7.91e-01
2.46e-01
3.66e-01
-3.90e-01
2.50e-01
2.42e-01
3.90e-01
-8.13e-01
3.18e-01
2.52e-01
-4.63e-01
-4.06e-01
-6.66e-01
-8.99e-01
-9.20e-02
-3.36e-01
7.28e-01
4.54e-01
4.07e-01
-3.53e-02
3.35e-01
-7.89e-02
-4.88e-01
4.58e-01
6.01e-01
5.04e-01
2.92e-01
-9.47e-02
2.41e-01
6.91e-01
7.44e-01
-8.46e-03
-5.64e-01
8.47e-02
7.27e-01
9.89e-01
-4.68e-01
-6.79e-01
-1.44e-01
4.09e-01
-8.22e-01
9.46e-02
-5.75e-01
-1.99e-01
8.85e-01
-2.42e-01
-3.91e-01
9.63e-01
5.49e-01
-3.07e-01
-9.20e-01
-5.70e-01
6.54e-01
-3.72e-01
6.52e-01
4.58e-01
4.58e-01
-3.73e-01
9.94e-01
-7.64e-01
3.70e-01
-8.01e-01
9.28e-01
-7.51e-01
-6.27e-01
1.40e-01
6.58e-01
5.49e-01
9.51e-01
-2.19e-01
-8.81e-01
-8.72e-01
-1.89e-01
2.54e-01
8.28e-01
-8.38e-01
-3.18e-01
-5.99e-01
-2.40e-01
4.74e-01
3.14e-01
3.60e-01
-6.22e-01
-6.48e-02
-7.47e-01
-2.03e-01
2.13e-01
-3.93e-02
5.22e-01
-9.08e-02
6.83e-01
-4.03e-01
-6.50e-01
2.61e-01
5.41e-01
-6.42e-01
-8.45e-01
5.38e-01
3.24e-01
8.51e-01
7.47e-02
1.40e-01
8.59e-01
-1.49e-01
-2.92e-01
6.67e-01
-5.73e-01
8.46e-01
8.15e-01
5.15e-01
-1.62e-01
-1.98e-02
-4.82e-01
2.35e-01
-6.49e-01
5.82e-01
6.99e-02
8.85e-01
-6.65e-01
7.13e-01
8.76e-01
-1.42e-01
7.26e-01
9.69e-01
9.60e-01
6.61e-01
7.51e-01
-1.16e-01
5.07e-01
3.74e-01
9.10e-01
4.36e-01
-5.67e-01
-6.71e-01
-9.48e-02
-4.90e-01
9.42e-01
-3.02e-01
-2.60e-01
5.77e-01
-7.70e-01
-2.71e-01
-4.19e-01
-8.95e-01
5.69e-01
-3.05e-02
-6.82e-01
1.09e-01
3.39e-01
4.30e-01
2.10e-01
6.52e-01
9.97e-02
-1.78e-01
-3.23e-01
5.38e-01
-9.49e-01
-7.34e-01
-3.45e-01
-6.02e-01
-1.24e-01
7.70e-01
-2.12e-01
-5.43e-01
1.31e-01
8.28e-01
1.40e-01
