2.40e-01
-3.19e-01
-2.80e-01
-9.32e-01
7.95e-01
6.22e-01
-2.24e-01
-9.30e-01
-3.94e-02
2.61e-01
2.33e-01
9.35e-01
4.01e-01
-1.44e-01
-5.85e-01
-7.50e-01
-3.73e-01
6.83e-01
3.44e-01
2.55e-01
-3.38e-01
8.63e-01
-7.82e-01
-6.00e-01
-4.08e-01
-1.18e-01
9.72e-01
-1.48e-01
-2.03e-01
-7.96e-01
7.51e-01
-4.26e-01
7.30e-02
3.66e-01
-8.44e-01
-1.76e-01
4.87e-01
1.28e-01
4.24e-01
-5.35e-01
5.41e-02
-5.34e-01
-4.35e-01
8.16e-01
-4.79e-01
-3.85e-01
8.78e-01
-7.39e-01
-3.57e-01
8.53e-01
7.83e-01
-5.16e-01
-8.77e-01
4.79e-01
9.76e-01
4.99e-01
-8.09e-01
-5.92e-01
-3.12e-01
-9.26e-01
-8.66e-01
9.63e-01
-5.68e-01
9.09e-01
2.79e-01
-8.26e-01
8.00e-01
-2.47e-02
-9.24e-01
6.37e-01
9.83e-01
2.94e-01
1.69e-01
-5.45e-01
9.41e-01
-2.48e-01
-4.03e-01
3.22e-01
5.00e-01
-6.50e-01
-1.62e-01
-2.52e-02
-7.90e-01
-6.88e-01
-7.01e-01
1.47e-01
1.49e-02
9.65e-01
-5.45e-01
-6.47e-01
-4.76e-01
-5.17e-01
-2.31e-01
4.00e-01
-6.18e-03
8.57e-01
-8.48e-01
4.22e-01
6.38e-01
6.83e-01
-7.63e-01
-3.55e-01
-4.36e-01
-2.09e-01
-5.59e-01
-7.76e-01
-9.66e-01
-1.87e-01
-5.01e-02
-2.22e-01
-5.27e-01
4.37e-01
-9.20e-02
-2.00e-01
7.28e-01
4.54e-01
4.07e-01
-4.05e-01
5.16e-01
-1.34e-01
7.25e-01
-7.32e-01
5.87e-01
-4.82e-01
2.92e-01
-9.47e-02
2.41e-01
6.91e-01
7.44e-01
4.16e-02
-5.64e-01
8.47e-02
7.27e-01
9.89e-01
-4.68e-01
-6.79e-01
-8.46e-03
7.44e-01
9.85e-01
9.46e-02
-5.75e-01
-1.99e-01
8.85e-01
-2.42e-01
-3.91e-01
9.63e-01
5.49e-01
-3.07e-01
-9.20e-01
-5.70e-01
6.54e-01
-3.72e-01
6.52e-01
4.58e-01
4.58e-01
-3.73e-01
9.94e-01
-7.64e-01
3.70e-01
-8.01e-01
9.28e-01
-7.51e-01
-6.27e-01
1.40e-01
6.58e-01
5.49e-01
9.51e-01
3.86e-01
-2.88e-01
-8.72e-01
-1.89e-01
2.54e-01
8.28e-01
-8.38e-01
-3.18e-01
-5.99e-01
-2.40e-01
4.74e-01
3.14e-01
3.60e-01
-6.22e-01
-6.48e-02
-7.47e-01
-2.03e-01
2.13e-01
-3.93e-02
5.22e-01
-9.08e-02
6.83e-01
-4.03e-01
-1.83e-01
2.61e-01
4.35e-01
-8.15e-01
-7.81e-01
2.94e-01
-4.39e-01
3.46e-01
6.53e-02
-3.00e-01
-3.12e-02
8.71e-01
-2.92e-01
6.67e-01
-5.73e-01
8.46e-01
8.15e-01
3.38e-01
7.37e-01
2.22e-01
2.96e-01
3.65e-01
-2.32e-02
3.24e-01
6.76e-02
4.46e-01
-6.65e-01
7.13e-01
8.76e-01
-1.42e-01
-6.15e-01
9.69e-01
1.41e-01
8.92e-01
5.01e-01
-4.15e-01
-4.69e-01
1.72e-01
4.57e-01
-2.45e-01
-7.62e-01
-2.57e-01
4.23e-01
5.46e-01
9.42e-01
-3.02e-01
-2.60e-01
5.66e-01
9.77e-02
4.58e-02
-4.20e-02
-9.79e-01
4.81e-01
-3.05e-02
-6.82e-01
1.09e-01
1.65e-01
8.39e-01
-3.62e-01
3.42e-01
-7.80e-01
9.37e-01
-3.23e-01
5.38e-01
-9.49e-01
-7.34e-01
-3.45e-01
-6.02e-01
-1.24e-01
7.70e-01
-2.12e-01
-5.43e-01
1.31e-01
8.28e-01
1.40e-01
