-1.19e-01
-9.06e-01
-3.91e-01
9.58e-01
5.37e-01
3.20e-01
8.47e-01
5.71e-01
-2.50e-01
6.76e-01
-8.26e-01
6.62e-01
4.58e-01
-7.70e-01
8.15e-01
3.14e-01
3.63e-01
1.36e-01
6.05e-01
-8.50e-01
7.68e-01
8.63e-01
6.87e-01
6.10e-01
9.51e-01
9.01e-01
9.72e-01
-1.48e-01
5.53e-01
-9.19e-01
-9.08e-01
7.85e-01
7.30e-02
3.66e-01
-8.44e-01
7.10e-01
2.43e-01
9.81e-01
-5.45e-01
-9.05e-01
-3.91e-01
7.87e-01
-2.77e-01
-2.60e-01
-5.47e-01
-7.10e-01
1.00e+00
8.22e-01
-8.04e-01
-4.89e-01
-2.10e-01
7.96e-01
-8.31e-01
-4.45e-02
8.01e-02
5.85e-01
2.27e-01
-5.92e-01
-3.12e-01
-9.26e-01
-8.66e-01
9.63e-01
-5.68e-01
9.09e-01
-4.09e-01
7.94e-01
2.97e-01
-4.48e-01
-9.83e-02
-5.31e-01
3.97e-03
7.92e-01
-9.92e-02
-5.21e-01
-5.49e-01
6.29e-01
8.63e-01
5.22e-01
-8.30e-01
-2.77e-01
1.82e-01
-2.52e-02
-7.90e-01
-6.88e-01
-8.91e-01
-9.81e-01
-5.71e-01
9.00e-01
-6.72e-01
5.38e-01
-1.92e-02
-4.69e-01
2.37e-01
8.11e-01
-8.90e-02
5.56e-02
4.36e-01
5.09e-02
7.91e-01
8.36e-01
-3.86e-02
1.14e-01
-4.22e-01
6.62e-02
-4.79e-01
-6.40e-01
3.48e-01
2.52e-01
-4.63e-01
-4.06e-01
-6.66e-01
4.37e-01
-9.20e-02
-2.00e-01
9.55e-01
-5.83e-01
-2.88e-01
-4.81e-01
1.01e-01
9.51e-01
-5.57e-01
9.04e-01
5.35e-01
5.04e-01
2.92e-01
-9.47e-02
2.41e-01
6.91e-01
7.44e-01
-8.46e-03
-5.64e-01
8.47e-02
7.27e-01
9.89e-01
-4.68e-01
-5.29e-01
-1.91e-01
7.28e-01
-9.10e-01
3.50e-01
4.58e-01
-7.85e-01
7.15e-01
-2.42e-01
-3.91e-01
9.63e-01
6.02e-01
2.79e-01
-9.49e-01
-5.70e-01
6.54e-01
-3.72e-01
6.52e-01
4.58e-01
4.58e-01
-3.73e-01
9.94e-01
-7.64e-01
3.70e-01
-8.01e-01
9.28e-01
-7.51e-01
-6.27e-01
1.40e-01
6.58e-01
5.49e-01
9.51e-01
-2.19e-01
-8.81e-01
-8.72e-01
-1.89e-01
2.54e-01
8.28e-01
-8.38e-01
-3.18e-01
-5.99e-01
-2.40e-01
4.74e-01
3.14e-01
3.60e-01
-6.22e-01
-6.48e-02
-7.47e-01
-2.03e-01
2.13e-01
-3.93e-02
5.22e-01
-9.08e-02
6.83e-01
-4.03e-01
-6.50e-01
2.61e-01
5.41e-01
-6.42e-01
-8.45e-01
5.38e-01
3.24e-01
8.51e-01
7.47e-02
1.40e-01
8.59e-01
-1.49e-01
-2.92e-01
6.67e-01
-5.73e-01
8.46e-01
-4.81e-01
5.15e-01
-1.62e-01
-1.98e-02
-4.82e-01
2.35e-01
-6.49e-01
5.82e-01
6.99e-02
8.85e-01
-6.65e-01
7.13e-01
8.76e-01
-1.42e-01
-6.15e-01
9.69e-01
9.60e-01
-8.07e-01
-8.26e-03
1.80e-01
-4.95e-02
-5.04e-01
5.65e-01
7.88e-01
1.68e-01
-2.57e-01
4.23e-01
5.46e-01
9.42e-01
-3.02e-01
-2.60e-01
5.77e-01
-7.70e-01
-2.71e-01
-4.19e-01
-8.95e-01
5.69e-01
-1.74e-01
3.70e-01
-2.58e-02
3.39e-01
4.30e-01
2.10e-01
6.52e-01
9.97e-02
-1.78e-01
-3.23e-01
5.38e-01
-9.49e-01
-7.34e-01
-3.45e-01
-6.02e-01
-1.24e-01
7.70e-01
-5.83e-01
-5.43e-01
3.04e-01
1.68e-01
-9.28e-03
