3.56e-01
-9.06e-01
-3.91e-01
9.58e-01
5.37e-01
-8.85e-01
-8.10e-01
-5.99e-01
4.13e-01
6.76e-01
-8.26e-01
6.62e-01
4.58e-01
-7.70e-01
8.15e-01
3.14e-01
3.63e-01
1.36e-01
6.05e-01
-8.50e-01
7.68e-01
8.63e-01
6.87e-01
6.10e-01
9.51e-01
9.01e-01
9.72e-01
-1.48e-01
5.53e-01
-9.19e-01
-9.08e-01
7.85e-01
7.30e-02
3.66e-01
-8.44e-01
-1.76e-01
4.87e-01
1.28e-01
-6.79e-01
7.15e-02
6.77e-01
8.30e-01
8.16e-01
5.99e-01
5.06e-01
-4.55e-01
2.68e-01
-2.14e-01
-4.11e-02
-7.33e-01
4.93e-01
-5.63e-01
-3.78e-01
1.55e-01
3.21e-01
7.50e-01
-5.04e-01
7.78e-01
7.42e-01
-5.23e-01
-5.05e-01
5.51e-01
3.13e-01
-1.93e-01
-4.09e-01
3.03e-01
8.00e-01
-2.47e-02
-9.24e-01
2.27e-01
1.40e-01
-3.75e-01
1.10e-02
-5.21e-01
-5.49e-01
6.29e-01
8.63e-01
5.22e-01
-8.30e-01
-2.77e-01
1.82e-01
-2.23e-03
-2.00e-01
7.59e-01
9.87e-01
-1.94e-01
-5.71e-01
9.00e-01
-6.72e-01
5.38e-01
-1.92e-02
-4.69e-01
2.37e-01
-1.84e-01
-8.11e-01
1.50e-01
-8.48e-01
5.09e-02
7.91e-01
4.73e-01
-7.35e-01
-1.91e-01
7.06e-01
-8.18e-01
9.78e-01
-6.40e-01
3.48e-01
2.52e-01
-4.63e-01
-4.06e-01
-6.66e-01
4.37e-01
-9.20e-02
-3.36e-01
7.28e-01
4.54e-01
4.07e-01
-4.05e-01
-2.72e-01
6.48e-01
-4.11e-01
8.38e-01
-8.39e-01
1.58e-01
3.50e-01
7.48e-01
-6.71e-01
-2.25e-01
5.52e-01
7.89e-01
-5.64e-01
8.47e-02
-5.03e-01
1.08e-01
3.26e-01
-8.77e-01
4.16e-02
7.44e-01
9.85e-01
8.46e-01
-6.21e-01
5.46e-01
8.85e-01
-5.02e-01
-1.07e-01
-5.25e-01
5.49e-01
-3.07e-01
-9.20e-01
-3.86e-01
-6.80e-01
-9.98e-01
7.10e-01
8.51e-01
7.65e-01
-3.81e-01
-7.36e-01
-1.01e-01
-1.14e-01
-4.30e-01
-3.68e-01
-8.59e-01
-6.27e-01
1.40e-01
-2.25e-01
6.99e-01
-3.11e-01
-4.69e-01
5.70e-02
-4.48e-01
2.71e-01
7.69e-03
-3.70e-01
7.81e-01
2.61e-01
-6.73e-01
8.94e-01
9.37e-01
-1.94e-01
4.38e-01
-1.63e-01
7.28e-02
-3.86e-01
-5.92e-01
9.67e-01
-5.96e-01
3.27e-01
-7.56e-01
1.29e-01
-7.56e-01
4.02e-01
-5.43e-01
6.51e-01
-1.11e-01
-2.42e-01
3.50e-01
-9.06e-01
2.95e-01
-3.55e-01
1.20e-01
-4.69e-01
-7.20e-01
8.86e-01
6.67e-01
-9.43e-01
-7.64e-01
-4.81e-01
5.15e-01
-1.62e-01
-5.02e-01
-4.59e-01
-5.31e-01
8.06e-01
3.50e-01
6.21e-01
-5.03e-01
-7.77e-01
7.32e-02
5.52e-01
4.78e-01
7.26e-01
9.69e-01
9.60e-01
6.61e-01
7.51e-01
-1.16e-01
5.07e-01
1.72e-01
4.57e-01
-2.45e-01
-7.62e-01
-7.90e-01
7.94e-01
6.96e-01
-3.77e-02
-5.58e-01
1.91e-01
8.02e-01
8.13e-01
4.65e-01
-9.17e-01
-9.44e-01
4.94e-01
3.25e-01
-5.34e-01
1.09e-01
1.65e-01
8.39e-01
-3.62e-01
3.42e-01
-7.80e-01
9.37e-01
6.50e-01
-6.17e-01
8.95e-01
9.95e-01
-5.75e-01
-2.14e-01
-9.51e-02
7.70e-01
5.24e-01
4.85e-01
1.59e-01
9.03e-01
6.61e-01
