2.40e-01
-7.78e-01
2.53e-01
4.18e-01
4.81e-01
3.20e-01
8.47e-01
5.71e-01
6.09e-01
-4.62e-02
-4.24e-01
9.35e-01
4.01e-01
-1.44e-01
-5.85e-01
-7.50e-01
-3.73e-01
-7.06e-02
-1.26e-01
2.55e-01
-3.38e-01
7.75e-01
-7.82e-01
6.10e-01
9.51e-01
9.01e-01
9.72e-01
-1.48e-01
5.53e-01
-9.19e-01
-9.08e-01
7.85e-01
7.30e-02
3.66e-01
-8.44e-01
-1.76e-01
4.87e-01
1.28e-01
-6.79e-01
7.15e-02
-6.52e-01
-8.76e-02
-8.53e-01
2.68e-01
5.06e-01
-4.55e-01
2.68e-01
-2.14e-01
-4.11e-02
-4.89e-01
-2.10e-01
-1.22e-01
-8.77e-01
4.79e-01
9.76e-01
4.99e-01
-8.09e-01
9.10e-01
3.36e-01
7.73e-01
-6.01e-01
-3.53e-02
-1.21e-01
7.84e-01
3.41e-01
-7.58e-01
8.22e-01
5.43e-02
4.32e-01
7.39e-02
4.92e-01
2.94e-01
1.10e-02
8.96e-02
9.41e-01
-2.48e-01
-4.03e-01
3.22e-01
5.00e-01
7.40e-02
-5.33e-01
6.63e-03
-4.63e-01
-3.36e-01
6.44e-01
-9.81e-01
-5.71e-01
9.00e-01
-6.72e-01
5.38e-01
-1.92e-02
-4.69e-01
2.37e-01
-1.84e-01
-8.11e-01
1.50e-01
-8.48e-01
4.22e-01
-5.52e-01
7.93e-01
4.29e-01
-6.60e-01
-4.36e-01
-2.09e-01
-5.59e-01
-7.76e-01
-9.66e-01
-4.39e-01
-5.01e-02
-2.22e-01
-5.27e-01
6.85e-01
-3.40e-01
-2.00e-01
9.55e-01
-5.83e-01
-2.88e-01
-4.81e-01
1.01e-01
9.51e-01
-5.57e-01
9.04e-01
5.35e-01
5.04e-01
2.92e-01
-9.47e-02
2.41e-01
6.91e-01
7.44e-01
-8.46e-03
-5.64e-01
8.47e-02
-5.03e-01
1.08e-01
3.26e-01
-8.77e-01
4.16e-02
7.44e-01
9.85e-01
8.46e-01
4.32e-02
2.01e-01
4.51e-01
1.97e-01
3.71e-01
4.54e-01
1.48e-02
-7.58e-01
-5.11e-01
2.30e-01
-5.43e-01
-6.30e-01
2.77e-01
-5.71e-01
2.29e-01
-4.37e-01
-2.53e-01
-2.03e-01
-5.70e-02
-8.88e-01
6.96e-01
2.76e-02
6.85e-01
5.70e-01
4.17e-01
6.99e-01
-3.11e-01
-4.69e-01
5.70e-02
-4.48e-01
2.71e-01
7.69e-03
-3.70e-01
7.81e-01
2.61e-01
-5.99e-01
-2.40e-01
4.74e-01
3.14e-01
3.60e-01
-6.22e-01
-6.48e-02
-7.47e-01
-2.03e-01
2.13e-01
-3.93e-02
5.22e-01
4.53e-01
-5.04e-01
-5.05e-01
1.79e-01
5.09e-01
4.35e-01
-8.15e-01
-7.81e-01
-6.89e-01
3.59e-01
1.50e-01
-3.55e-01
1.40e-01
5.06e-01
5.46e-02
9.00e-01
6.67e-01
-6.61e-01
-7.64e-01
-4.81e-01
7.14e-01
-2.31e-01
-1.02e-01
-2.42e-01
-8.40e-01
2.23e-01
7.59e-01
-3.16e-01
-5.90e-01
5.71e-01
-7.84e-01
2.57e-01
2.06e-01
-8.12e-01
8.94e-01
5.13e-01
7.22e-01
4.34e-01
-2.18e-01
-2.70e-01
8.70e-01
-1.98e-01
-2.45e-01
-7.62e-01
-7.90e-01
7.94e-01
6.96e-01
-3.77e-02
-5.58e-01
7.06e-01
5.73e-01
1.21e-01
-7.65e-01
7.64e-01
-4.69e-01
-6.11e-01
2.61e-01
-6.82e-01
1.09e-01
1.65e-01
8.89e-01
-3.62e-01
3.42e-01
-7.80e-01
9.37e-01
6.50e-01
-6.17e-01
8.95e-01
9.95e-01
-5.75e-01
-2.14e-01
-9.51e-02
7.70e-01
-5.83e-01
-5.43e-01
1.59e-01
9.03e-01
6.61e-01
