-9.51e-02
-7.78e-01
2.53e-01
4.18e-01
4.81e-01
3.20e-01
8.47e-01
5.71e-01
9.24e-01
6.76e-01
-8.26e-01
-8.82e-01
4.01e-01
-1.44e-01
-5.85e-01
-7.50e-01
-3.73e-01
-7.06e-02
-1.26e-01
2.55e-01
-3.38e-01
7.75e-01
-7.82e-01
-6.00e-01
-4.08e-01
-1.18e-01
6.91e-01
4.04e-02
-6.13e-01
-7.96e-01
7.51e-01
-4.26e-01
7.30e-02
3.66e-01
-8.44e-01
-1.76e-01
4.87e-01
9.81e-01
-5.45e-01
-9.05e-01
-3.91e-01
-2.89e-01
4.16e-01
-4.70e-01
-5.47e-01
-3.85e-01
8.78e-01
-7.39e-01
-3.57e-01
8.53e-01
3.13e-01
-2.65e-01
-2.50e-01
1.99e-01
8.01e-02
5.85e-01
2.27e-01
5.35e-01
5.89e-01
-1.10e-01
-8.72e-01
-5.41e-01
1.89e-01
6.88e-01
4.59e-01
-8.26e-01
-5.54e-01
-3.25e-01
8.04e-01
2.79e-01
9.83e-01
-2.61e-01
1.69e-01
-7.94e-01
9.41e-01
-2.48e-01
-4.03e-01
3.22e-01
5.00e-01
7.40e-02
-5.33e-01
-1.05e-01
1.46e-01
6.86e-01
-8.65e-02
-9.96e-01
7.58e-01
6.05e-01
1.89e-01
-3.67e-01
-5.63e-02
2.81e-01
-6.41e-01
8.11e-01
-8.90e-02
5.56e-02
4.36e-01
5.09e-02
7.91e-01
4.73e-01
-7.35e-01
-1.91e-01
7.06e-01
-8.18e-01
9.78e-01
7.50e-01
-8.01e-01
9.08e-01
2.37e-01
-6.94e-01
8.48e-01
6.81e-01
-3.40e-01
5.67e-01
-7.43e-01
-3.08e-01
2.31e-01
7.47e-01
5.16e-01
6.48e-01
6.55e-01
3.51e-01
2.70e-01
-9.54e-01
-3.18e-01
-1.95e-01
-2.61e-01
1.50e-01
-2.74e-01
-1.48e-01
5.98e-01
3.03e-01
7.27e-01
-2.86e-02
1.97e-01
7.75e-01
2.18e-01
7.13e-01
-9.58e-01
5.16e-03
4.32e-02
2.01e-01
4.51e-01
1.97e-01
3.71e-01
4.54e-01
1.48e-02
-5.84e-02
-2.03e-01
-9.01e-01
-1.26e-02
8.65e-01
-7.95e-01
-8.24e-01
-9.70e-01
-3.73e-01
9.94e-01
-7.64e-01
-5.55e-01
-8.01e-01
9.28e-01
-7.51e-01
-6.27e-01
7.33e-01
6.58e-01
5.49e-01
9.51e-01
-2.19e-01
-8.81e-01
-8.72e-01
-9.18e-01
1.54e-01
-8.32e-01
-6.57e-01
-8.29e-01
5.32e-01
-2.36e-01
3.73e-02
5.15e-01
-5.41e-01
-5.60e-01
6.33e-01
7.99e-01
-3.51e-01
5.72e-01
3.75e-01
-5.29e-01
-6.22e-01
-7.41e-01
-6.91e-01
1.79e-01
5.09e-01
4.35e-01
-8.15e-01
-7.81e-01
-6.89e-01
3.59e-01
1.50e-01
-5.59e-01
-8.82e-02
5.06e-01
5.46e-02
-2.92e-01
6.45e-01
6.28e-01
-5.22e-01
-4.95e-01
3.38e-01
7.37e-01
2.22e-01
2.96e-01
3.65e-01
-2.32e-02
3.24e-01
6.76e-02
4.46e-01
-5.31e-01
-5.10e-01
-9.64e-02
6.66e-01
-5.31e-02
-4.11e-01
1.41e-01
8.92e-01
5.01e-01
-4.15e-01
-9.18e-02
1.72e-01
4.57e-01
-2.45e-01
-7.62e-01
-7.90e-01
7.94e-01
6.96e-01
-3.77e-02
-5.58e-01
1.91e-01
8.02e-01
8.13e-01
-7.82e-01
3.80e-02
-9.31e-01
4.94e-01
9.16e-01
-6.82e-01
1.09e-01
1.65e-01
8.39e-01
-3.62e-01
3.42e-01
-7.80e-01
9.37e-01
6.50e-01
-6.17e-01
8.95e-01
9.95e-01
-5.75e-01
-2.14e-01
-9.51e-02
7.70e-01
-5.83e-01
-5.43e-01
-8.58e-01
6.41e-01
8.55e-01
