-2.43e-01
2.13e-01
-3.18e-01
-9.86e-01
-2.78e-01
9.76e-02
8.58e-01
-3.96e-01
8.47e-01
-9.98e-01
-6.05e-02
7.85e-01
-3.39e-01
-8.43e-01
3.60e-01
-2.45e-04
8.75e-02
-6.45e-01
8.67e-01
7.74e-01
7.62e-01
8.16e-01
6.64e-01
7.68e-01
-2.52e-01
6.80e-01
-1.99e-01
-1.27e-01
-7.14e-01
5.13e-01
3.81e-01
8.37e-01
4.63e-01
-2.42e-01
1.43e-01
4.73e-01
7.59e-01
5.99e-01
-8.39e-01
6.88e-01
-4.83e-01
7.90e-01
2.22e-01
9.87e-01
-5.66e-01
-8.06e-01
6.41e-01
1.72e-01
8.71e-01
-4.55e-02
6.40e-01
3.55e-01
-6.27e-01
-3.68e-01
4.50e-01
9.13e-01
-8.97e-01
-2.19e-02
5.93e-01
2.83e-01
-3.83e-02
-5.52e-01
5.06e-01
-3.71e-01
-8.48e-02
-6.42e-01
-4.15e-02
-5.08e-01
-9.32e-01
-6.07e-02
-3.27e-01
4.76e-01
4.66e-01
-5.95e-01
-9.06e-01
-6.27e-01
2.77e-01
-9.14e-01
3.36e-01
-3.50e-01
6.25e-02
-8.46e-01
-9.95e-01
-5.66e-01
-8.56e-01
1.24e-01
2.72e-01
4.16e-01
-8.68e-02
-9.30e-01
2.73e-01
-4.30e-01
-4.05e-01
6.75e-02
-3.14e-01
-8.80e-01
7.61e-01
1.05e-01
-2.31e-01
-1.58e-01
-2.22e-01
8.76e-01
3.69e-01
-1.38e-01
8.08e-01
8.04e-01
-1.18e-01
5.23e-01
9.04e-01
-8.95e-01
2.25e-01
-7.44e-01
-1.90e-01
4.90e-01
7.16e-01
-8.33e-01
-2.23e-01
-8.63e-01
9.15e-01
1.28e-01
-6.15e-01
-3.14e-01
-2.43e-01
3.94e-01
-8.96e-01
5.07e-01
1.07e-02
-5.45e-02
1.95e-01
7.40e-01
7.80e-01
4.51e-01
-3.64e-01
5.04e-01
-1.58e-01
-4.00e-02
5.49e-01
8.69e-01
3.50e-02
-6.41e-01
4.53e-01
4.30e-01
-3.39e-01
9.01e-01
-8.82e-01
5.85e-01
-4.88e-01
5.71e-01
1.01e-01
-2.97e-01
7.88e-01
7.49e-02
4.06e-01
6.04e-03
-6.26e-02
-5.87e-01
7.18e-01
-6.90e-01
-9.14e-01
-5.56e-01
-6.21e-01
1.52e-01
-8.14e-01
4.84e-01
5.66e-01
-7.06e-01
-8.94e-01
-6.01e-01
-2.51e-01
5.26e-01
3.83e-02
-5.18e-01
-9.77e-01
-1.70e-01
-9.71e-01
5.60e-01
4.64e-01
7.17e-01
8.06e-01
-2.93e-01
-9.21e-01
-5.89e-01
1.75e-02
-2.61e-01
5.10e-01
8.84e-01
-1.07e-01
3.45e-01
-9.71e-01
5.60e-01
9.72e-01
-1.09e-01
-1.41e-01
-9.14e-01
-1.00e-01
-2.18e-02
-9.62e-01
7.91e-01
-3.82e-01
-7.43e-01
6.99e-01
2.15e-01
1.73e-01
1.41e-01
8.06e-01
4.12e-02
-4.29e-01
-1.72e-01
2.72e-01
-2.94e-01
3.89e-01
-1.19e-01
-8.01e-01
9.27e-01
-4.80e-01
2.29e-01
-3.86e-01
-4.16e-01
2.02e-01
-5.06e-02
-4.73e-02
-4.35e-01
6.51e-01
3.78e-02
-9.09e-01
-4.13e-01
6.08e-01
-2.06e-01
7.19e-01
8.23e-02
9.62e-01
-1.31e-01
5.10e-01
-2.09e-01
5.59e-01
-6.07e-01
-8.01e-02
-6.83e-01
-3.31e-01
8.93e-01
-6.87e-01
-5.74e-01
2.89e-01
8.02e-03
-8.68e-01
-6.77e-01
3.58e-01
5.30e-01
9.56e-01
-6.01e-01
2.24e-01
1.84e-01
2.95e-01
-1.09e-01
6.57e-01
-9.89e-01
-5.91e-01
2.21e-01
-9.23e-01
4.29e-01
-3.49e-01
3.62e-01
-8.83e-01
-8.86e-01
-2.86e-01
