-7.36e-01
-6.07e-01
3.14e-01
-6.88e-01
-4.66e-01
-2.92e-01
5.82e-01
8.98e-01
1.10e-01
-5.27e-01
8.09e-01
5.73e-01
7.87e-01
-5.41e-01
1.67e-01
4.60e-01
-6.27e-01
2.65e-01
7.88e-01
-1.52e-01
5.31e-01
-9.46e-01
9.37e-02
-2.02e-02
-9.42e-01
-9.41e-01
2.08e-01
8.03e-01
-1.23e-01
-7.11e-01
-3.51e-01
3.55e-01
-3.07e-01
-7.68e-01
-5.22e-01
-9.54e-02
-2.86e-01
-1.64e-01
-6.24e-01
4.83e-01
-9.98e-01
5.02e-01
-3.00e-01
-6.22e-01
-9.68e-01
5.74e-01
-6.07e-01
8.51e-01
8.40e-01
7.17e-01
4.18e-01
-7.50e-01
8.17e-01
9.83e-01
-3.31e-01
9.25e-01
-1.74e-01
-6.80e-01
7.93e-01
-5.67e-01
-4.33e-01
3.87e-01
-1.96e-01
-9.39e-01
-3.71e-01
6.43e-01
-9.05e-01
7.45e-01
-8.89e-01
5.63e-01
3.51e-01
-8.42e-01
-6.18e-01
-2.79e-02
8.06e-01
1.38e-01
-3.46e-01
-3.77e-01
3.77e-01
-5.98e-01
4.04e-01
-1.83e-02
-2.01e-01
2.91e-01
-1.47e-01
1.58e-01
9.71e-01
-7.05e-01
1.55e-01
-8.69e-01
-5.73e-03
1.57e-01
-5.39e-01
-9.74e-01
1.33e-01
-3.89e-01
8.90e-01
-1.86e-01
2.52e-01
7.93e-01
-5.74e-01
-2.77e-01
5.49e-01
-1.79e-01
-1.25e-01
8.93e-01
5.95e-01
5.98e-01
5.40e-02
-1.09e-01
9.58e-01
-4.05e-01
-8.02e-01
4.70e-01
-4.93e-01
-4.36e-01
8.01e-01
-9.34e-01
-2.30e-01
3.34e-01
5.71e-01
-2.98e-02
-7.47e-02
5.79e-01
3.36e-01
-1.66e-01
4.96e-01
5.49e-01
-3.93e-01
8.56e-01
-1.33e-01
9.24e-01
-5.04e-01
-4.81e-01
-6.56e-01
-9.66e-01
-9.84e-01
5.89e-01
7.87e-01
-3.99e-01
5.74e-01
-5.61e-01
-1.97e-01
6.36e-01
-6.74e-01
-6.06e-01
2.10e-02
-3.12e-01
6.91e-01
-3.15e-01
1.53e-01
6.56e-01
-6.06e-01
4.10e-01
2.66e-01
8.72e-01
7.24e-01
6.38e-01
6.20e-01
-6.35e-01
-8.00e-01
-6.44e-01
1.18e-01
9.31e-01
9.34e-01
5.63e-01
-9.81e-01
-2.23e-01
5.77e-01
-9.87e-01
1.13e-02
4.82e-01
9.76e-01
1.64e-01
6.81e-01
-8.08e-01
-9.41e-01
7.76e-01
7.98e-01
-9.44e-01
9.57e-01
-4.78e-01
-4.92e-01
2.86e-01
6.82e-01
-3.68e-01
5.77e-01
-4.91e-01
9.18e-01
-8.15e-01
1.23e-01
-3.46e-02
6.04e-01
-5.39e-01
-4.75e-02
2.78e-01
-7.53e-01
3.31e-01
4.75e-01
-9.46e-01
1.55e-01
2.33e-01
3.06e-01
1.07e-01
3.30e-02
1.49e-01
3.40e-01
-3.97e-01
-1.69e-01
4.07e-01
4.75e-01
2.30e-01
7.56e-01
-6.39e-01
-2.54e-01
3.04e-01
-2.31e-01
3.14e-01
1.62e-03
-8.47e-01
-3.68e-02
-7.29e-01
5.97e-01
2.26e-01
-7.13e-01
-7.91e-01
-3.00e-01
-8.87e-02
-7.12e-01
-5.80e-01
6.43e-02
-5.82e-01
-1.31e-01
6.39e-01
-6.99e-01
-4.29e-01
-5.29e-01
4.45e-01
-5.87e-01
-8.54e-01
-4.36e-01
-4.84e-01
-9.60e-01
9.24e-02
-8.46e-01
-9.50e-02
5.74e-01
7.74e-01
7.40e-01
-6.21e-02
8.28e-02
-5.61e-01
8.93e-01
4.51e-01
-3.49e-01
-3.62e-01
-3.62e-02
6.09e-01
-2.53e-01
-9.48e-01
-5.47e-01
-5.23e-01
-9.28e-02
6.25e-01
7.39e-01
