3.48e-01
-9.67e-01
-9.10e-01
-3.66e-01
-2.24e-01
-5.15e-01
4.54e-01
8.17e-01
-1.36e-01
5.72e-01
2.41e-01
-3.21e-01
9.44e-01
7.52e-01
-1.62e-01
-9.87e-01
9.93e-01
8.54e-01
-6.15e-01
-3.93e-01
7.69e-01
2.49e-01
3.26e-01
9.68e-01
-3.51e-02
5.38e-01
6.19e-01
-2.83e-01
2.45e-01
7.36e-01
-9.14e-01
-3.35e-03
-7.19e-01
-2.28e-01
2.82e-01
-9.78e-01
-3.07e-01
-6.89e-01
-8.09e-01
-2.24e-01
9.14e-02
5.13e-01
-1.53e-01
-3.65e-01
-4.08e-01
2.17e-01
-3.19e-01
8.25e-01
5.18e-01
3.40e-01
-2.77e-01
8.86e-01
-2.62e-01
9.26e-01
5.93e-02
2.05e-01
-5.77e-01
8.81e-01
-5.64e-01
-4.29e-01
1.55e-02
8.27e-01
9.68e-01
-4.89e-01
8.58e-01
8.68e-01
-8.31e-01
6.61e-01
3.63e-01
-5.66e-02
9.98e-01
-2.34e-01
8.50e-01
8.79e-01
4.97e-02
5.65e-01
2.93e-01
6.90e-01
-7.60e-01
2.52e-01
-9.75e-01
-9.69e-01
2.74e-01
-4.22e-01
6.43e-01
-1.18e-01
-7.98e-01
-2.17e-01
-2.12e-01
-8.60e-01
-8.25e-01
3.83e-01
5.81e-01
-4.61e-01
6.82e-02
6.67e-01
-6.71e-01
-5.08e-01
7.49e-01
5.98e-01
-4.10e-02
5.73e-01
-2.94e-01
4.35e-01
-4.93e-01
-5.38e-01
6.72e-01
9.60e-01
9.08e-01
-2.72e-01
-1.30e-01
-9.13e-01
-7.46e-01
-3.97e-01
1.02e-02
-6.03e-01
-7.91e-01
3.31e-02
1.03e-01
-6.94e-02
7.95e-01
-9.49e-01
-5.00e-01
8.41e-01
-8.05e-01
-6.77e-01
4.91e-01
-4.10e-01
-3.02e-01
5.25e-01
-9.27e-01
-6.39e-01
2.97e-01
-3.88e-01
-4.11e-01
-9.24e-01
3.79e-01
-3.30e-01
2.77e-01
-3.36e-01
5.48e-01
-7.14e-02
-1.17e-01
9.86e-01
-7.18e-01
-4.76e-02
6.13e-01
4.75e-03
-5.29e-01
-7.77e-01
1.19e-01
-7.21e-01
-5.03e-01
8.65e-01
-5.96e-01
-9.87e-01
-8.72e-01
-4.02e-02
9.22e-01
6.80e-01
-8.16e-01
9.57e-01
-1.31e-01
-2.34e-01
-3.12e-01
5.11e-01
-3.34e-02
4.16e-01
-9.03e-01
5.01e-02
-4.33e-01
-8.86e-01
9.73e-01
8.36e-01
-6.73e-02
5.71e-01
-9.73e-01
-5.94e-01
6.77e-01
3.24e-01
-9.85e-01
4.35e-01
2.49e-01
3.67e-01
1.91e-01
-3.76e-01
5.43e-01
5.41e-01
6.98e-01
3.02e-01
-1.08e-01
1.92e-01
3.47e-01
1.61e-01
9.16e-02
-8.88e-01
-9.56e-01
2.93e-01
5.23e-01
6.35e-01
2.38e-03
-2.45e-01
9.49e-01
-6.34e-02
1.71e-01
-2.65e-01
3.10e-01
2.19e-01
3.37e-01
-2.02e-01
2.41e-02
7.97e-01
1.70e-01
2.11e-01
7.53e-01
-3.62e-01
-5.42e-01
5.55e-01
-3.91e-01
6.39e-01
8.35e-01
1.53e-01
1.73e-02
-6.66e-01
-8.33e-01
-7.42e-01
-6.24e-01
-3.10e-01
-3.36e-01
7.46e-01
-5.03e-01
6.61e-01
8.24e-01
3.25e-01
4.43e-01
-7.69e-01
1.34e-02
-3.12e-01
9.42e-01
-6.81e-01
-9.38e-01
3.41e-01
-4.30e-01
-3.64e-01
-6.06e-01
-4.49e-01
3.43e-01
5.56e-01
6.68e-01
3.10e-02
4.20e-01
-6.84e-01
2.06e-01
9.19e-01
-7.18e-01
-5.46e-01
-1.23e-01
-5.56e-01
6.79e-01
-2.37e-01
9.42e-02
-7.55e-01
8.64e-01
2.54e-01
-7.27e-01
