-9.06e-01
-8.24e-01
8.39e-01
7.33e-01
-5.29e-01
7.12e-01
-6.25e-01
1.18e-01
-9.03e-01
7.95e-02
2.35e-01
-7.77e-01
7.03e-01
5.47e-01
2.90e-02
-7.84e-01
-7.15e-01
-6.25e-01
5.21e-01
9.21e-01
-1.13e-01
3.90e-01
9.13e-01
7.97e-01
-2.55e-01
-7.33e-01
-6.76e-01
6.63e-01
8.16e-01
-9.40e-01
4.45e-01
5.42e-01
-4.65e-01
6.55e-01
-2.44e-01
1.44e-01
9.13e-01
-9.44e-02
-8.62e-01
-3.88e-01
-5.73e-01
2.72e-01
4.52e-01
-3.19e-01
6.09e-01
8.88e-01
6.66e-01
2.40e-01
6.06e-01
9.75e-01
-2.61e-01
-5.98e-01
-5.84e-01
-1.17e-01
1.44e-01
-2.81e-01
1.63e-01
-3.29e-01
9.52e-01
-5.96e-01
4.11e-01
-8.77e-01
-8.73e-01
-5.13e-01
-8.66e-01
-1.77e-01
-1.92e-01
-4.36e-01
5.40e-01
-3.59e-01
-2.36e-01
2.45e-01
2.96e-01
-6.46e-01
7.73e-01
-3.60e-01
5.35e-01
4.31e-01
-4.29e-01
5.54e-01
-5.68e-01
-2.41e-01
7.46e-01
-5.16e-01
7.58e-01
-4.13e-01
8.86e-01
4.06e-01
-7.25e-01
7.02e-01
-7.56e-01
-5.58e-01
-1.57e-01
6.13e-01
-2.19e-01
6.89e-01
-3.80e-01
-7.65e-01
-4.42e-01
6.36e-01
-7.75e-01
-5.78e-01
-5.79e-02
6.25e-01
8.02e-01
5.79e-01
-2.77e-01
3.52e-01
6.78e-01
3.13e-01
6.26e-01
5.03e-01
-6.78e-01
4.31e-01
2.31e-01
9.63e-01
6.19e-01
-7.67e-01
-8.97e-01
6.59e-01
-2.36e-01
2.57e-01
-3.95e-01
7.12e-01
5.04e-01
-3.42e-01
-3.97e-01
5.06e-02
-4.75e-01
2.18e-01
-2.08e-01
4.18e-01
-3.56e-02
3.51e-01
-1.39e-01
9.84e-01
-6.01e-01
5.95e-01
-2.19e-01
3.89e-01
-8.64e-01
3.34e-01
-8.34e-01
-8.74e-01
8.83e-01
9.08e-01
9.78e-01
2.57e-01
-2.77e-01
-5.58e-02
-8.72e-01
-4.44e-01
-3.76e-01
-3.17e-01
3.45e-01
-6.41e-01
4.59e-01
-7.36e-01
1.22e-01
-8.76e-01
-4.47e-01
-2.65e-01
-3.12e-01
3.10e-01
-3.67e-01
3.31e-01
-2.21e-02
8.68e-01
-2.51e-01
-4.81e-02
2.87e-01
3.64e-01
2.80e-02
8.20e-01
-6.53e-01
-9.27e-01
-3.56e-01
1.94e-01
4.64e-01
-9.36e-01
7.04e-02
8.35e-02
-4.74e-01
6.13e-01
-8.68e-03
-7.05e-02
3.73e-01
-4.05e-01
-2.26e-02
4.12e-01
3.89e-01
5.90e-01
-7.24e-01
-3.32e-01
-2.39e-01
-7.20e-01
-8.42e-01
-9.54e-01
7.46e-01
3.96e-01
-4.24e-01
-9.39e-01
-4.97e-01
2.07e-01
5.84e-01
5.19e-01
-7.81e-01
2.15e-01
-1.77e-01
5.66e-01
-9.98e-01
-4.58e-01
-3.18e-01
5.12e-01
-6.63e-01
2.35e-01
-4.77e-02
-6.61e-01
3.47e-02
-8.28e-01
5.24e-01
-9.92e-01
-6.55e-01
4.89e-01
9.28e-01
-2.66e-02
-4.68e-01
-7.12e-01
4.53e-01
-6.63e-01
6.73e-01
-8.13e-01
9.18e-01
7.85e-01
1.19e-01
-8.58e-01
-1.37e-01
8.73e-01
1.12e-01
3.75e-01
-7.86e-01
5.35e-01
-9.98e-01
-1.88e-01
-4.27e-01
3.41e-01
-2.55e-01
9.26e-01
-4.48e-01
-2.49e-01
-1.22e-02
-5.27e-01
5.47e-01
2.44e-01
4.64e-01
-4.11e-01
-2.63e-01
9.00e-02
2.69e-01
-4.15e-01
-6.69e-01
-5.23e-01
-3.91e-01
3.14e-01
1.77e-01
