5.73e-01
3.09e-01
-9.67e-01
-2.58e-01
-8.50e-01
7.58e-01
8.35e-02
-5.02e-01
3.57e-01
7.07e-01
7.61e-01
1.81e-01
9.90e-01
3.21e-01
-9.49e-01
1.13e-01
-4.52e-02
-5.68e-01
-9.04e-01
3.57e-01
2.82e-01
-3.21e-02
3.27e-01
-3.97e-02
-2.66e-01
7.75e-01
-2.81e-01
7.30e-01
-7.76e-01
-1.76e-01
-1.13e-02
8.54e-01
-5.63e-01
-4.73e-01
-9.25e-01
4.70e-01
-6.37e-01
-2.00e-01
2.04e-01
3.91e-03
6.17e-02
-1.22e-01
8.83e-01
-7.92e-01
-5.10e-01
-7.72e-01
4.95e-01
-4.56e-01
-2.39e-02
3.95e-01
9.65e-01
-5.81e-01
-1.42e-02
-7.09e-01
-2.51e-01
-6.77e-01
-3.99e-01
4.18e-01
1.74e-02
-7.80e-01
-3.23e-01
5.48e-02
-8.13e-01
-9.72e-01
6.27e-01
7.14e-01
-7.45e-01
-1.27e-01
-1.97e-01
4.65e-01
-7.44e-02
-9.70e-01
7.80e-01
-3.15e-01
-4.92e-02
-3.32e-02
-6.20e-01
8.48e-01
3.03e-01
-2.06e-03
2.63e-01
5.17e-01
9.70e-01
5.88e-01
2.53e-01
-9.61e-01
-3.64e-01
4.39e-01
6.16e-01
2.26e-01
-3.49e-01
6.28e-01
5.39e-01
-3.54e-01
1.04e-01
-1.27e-01
5.65e-01
4.72e-02
-9.09e-01
-4.89e-01
2.23e-01
9.05e-03
-6.63e-01
6.03e-01
-2.41e-01
-6.53e-01
-4.88e-01
3.21e-02
-8.84e-01
2.08e-01
2.39e-01
1.80e-01
-1.33e-01
4.43e-01
1.18e-01
-5.54e-02
-4.63e-01
-1.82e-01
-1.94e-01
-7.30e-01
-9.25e-01
8.35e-01
3.13e-01
-5.32e-01
7.97e-01
3.81e-01
-9.52e-01
-6.57e-01
-1.61e-01
-7.66e-02
-6.48e-01
5.78e-01
9.23e-01
-6.21e-01
-5.67e-02
4.26e-01
-7.45e-01
-8.31e-02
-2.93e-01
-5.80e-01
2.10e-01
8.23e-01
-7.39e-01
-5.74e-03
6.21e-01
6.90e-01
-2.31e-01
-6.12e-01
-7.69e-01
-9.83e-01
-4.40e-01
4.19e-01
1.46e-01
-3.52e-03
-2.35e-01
3.81e-01
8.78e-01
-9.03e-01
-9.51e-01
-2.35e-01
-2.75e-02
-4.46e-01
9.94e-01
1.76e-01
-7.19e-01
9.60e-02
1.64e-01
-8.22e-01
6.99e-01
6.11e-01
-9.50e-01
-2.76e-01
-9.10e-01
3.55e-01
5.94e-01
9.91e-01
-1.42e-01
-2.13e-01
1.33e-01
2.69e-01
-5.74e-01
-4.26e-01
-8.36e-01
-9.51e-01
-2.55e-01
-2.68e-01
4.62e-01
9.43e-01
7.71e-01
1.07e-01
5.29e-01
-6.80e-01
-5.18e-01
5.56e-01
1.34e-01
-8.32e-01
-5.24e-01
8.59e-01
5.74e-01
8.50e-01
8.21e-01
6.02e-01
-1.40e-01
2.68e-01
-7.57e-01
5.91e-01
-7.82e-01
-6.04e-01
5.14e-01
7.83e-01
7.47e-01
-1.87e-01
-5.19e-01
-3.13e-01
2.98e-02
3.08e-01
-3.38e-01
5.59e-01
6.24e-01
-8.71e-01
-2.58e-01
-3.99e-01
7.60e-01
9.08e-02
-9.96e-01
-3.53e-01
-7.48e-01
4.13e-01
3.69e-01
2.73e-02
-8.84e-01
-8.36e-01
2.05e-01
8.59e-02
-5.25e-01
-2.44e-01
5.67e-01
-6.15e-02
-4.48e-01
-2.02e-01
-3.13e-02
-9.69e-01
-2.00e-01
1.49e-01
9.24e-01
3.41e-01
-2.55e-01
9.26e-01
-4.48e-01
-2.49e-01
-1.22e-02
-5.27e-01
5.47e-01
2.44e-01
4.64e-01
-4.11e-01
-2.63e-01
-7.36e-01
2.69e-01
-4.15e-01
-6.69e-01
-5.23e-01
-3.91e-01
3.14e-01
1.77e-01
