5.38e-01
8.63e-01
-2.87e-01
8.13e-01
-9.94e-01
6.64e-01
5.18e-01
-8.67e-01
-4.72e-01
9.17e-01
-7.49e-01
-9.66e-01
4.23e-01
8.91e-01
6.27e-01
-7.86e-01
6.75e-01
9.66e-01
5.93e-02
2.52e-01
-1.57e-01
5.59e-01
-1.47e-01
2.22e-01
-9.58e-01
-9.40e-01
3.68e-01
7.13e-01
-7.69e-01
-7.59e-01
1.77e-01
-4.91e-01
4.40e-01
-5.46e-01
1.08e-01
-8.69e-01
-9.91e-01
1.77e-01
-4.43e-01
-7.41e-01
-5.15e-01
4.39e-01
-8.10e-02
2.28e-01
6.68e-01
-1.85e-01
-2.16e-01
1.16e-01
8.87e-01
8.83e-01
-5.42e-01
3.69e-01
-7.11e-01
5.50e-01
-3.65e-01
-4.08e-01
-1.13e-01
-2.98e-01
9.18e-01
4.81e-01
-5.30e-01
6.36e-01
6.09e-01
-3.20e-01
-3.79e-02
-8.99e-01
1.27e-01
4.33e-01
4.73e-01
1.17e-02
9.85e-01
2.54e-01
-1.24e-01
-6.54e-01
3.59e-01
7.67e-01
4.44e-01
3.80e-01
1.68e-01
-4.19e-01
1.37e-01
-3.06e-01
-3.74e-01
-2.32e-01
-2.42e-01
1.09e-01
-8.43e-03
8.46e-01
7.30e-01
4.32e-04
-5.20e-01
-4.96e-01
9.39e-01
1.78e-01
-9.02e-01
1.06e-01
6.46e-01
-7.62e-01
1.61e-01
-1.56e-01
7.75e-01
1.91e-02
-5.81e-01
-7.77e-01
5.66e-02
1.76e-01
7.96e-01
4.63e-01
-7.92e-01
6.54e-01
-1.54e-01
-4.80e-01
6.65e-01
-5.55e-01
3.84e-01
-1.17e-01
-1.19e-01
6.53e-01
8.04e-01
-8.63e-02
-2.55e-01
8.08e-01
8.74e-01
7.14e-01
-4.78e-01
-2.85e-01
5.13e-01
8.34e-02
-9.27e-01
-5.73e-01
-6.02e-01
-4.23e-01
8.93e-01
5.91e-01
2.55e-01
9.12e-01
6.77e-01
-6.75e-01
-1.90e-01
8.77e-01
-1.98e-01
-7.72e-01
-1.93e-01
8.28e-02
9.99e-01
-9.56e-01
-5.03e-01
4.01e-01
5.94e-01
-3.24e-04
3.11e-02
-9.51e-01
6.17e-01
-7.61e-01
1.75e-01
-6.28e-02
-3.56e-01
-3.80e-01
4.66e-01
-8.83e-03
2.38e-01
6.37e-01
6.44e-01
9.46e-01
-9.33e-01
5.62e-01
-5.34e-01
-6.58e-01
-3.67e-01
-6.99e-01
9.00e-01
-1.02e-01
-4.08e-01
9.62e-01
-1.70e-01
-5.65e-01
-9.66e-01
-7.72e-01
7.45e-01
-6.89e-01
6.49e-01
-4.21e-01
3.34e-01
-9.17e-01
-4.06e-01
5.59e-01
-8.01e-01
7.99e-01
-5.59e-01
-9.29e-01
8.94e-01
5.01e-01
9.27e-02
1.41e-01
1.24e-01
2.71e-02
3.15e-01
-1.02e-01
2.57e-01
-7.05e-01
8.98e-01
-1.14e-01
7.88e-01
-2.72e-01
3.28e-01
-4.01e-01
-8.70e-01
4.70e-01
-2.31e-01
-6.70e-01
-8.90e-01
-4.87e-01
4.59e-01
2.28e-02
-3.99e-01
-7.42e-01
1.56e-01
-3.37e-01
4.53e-01
6.41e-01
-7.41e-01
-8.65e-01
-9.70e-01
8.58e-01
-3.50e-01
4.83e-01
8.31e-01
9.37e-01
-5.35e-01
-7.48e-01
-3.45e-01
-3.83e-01
7.33e-01
9.39e-01
3.89e-01
1.85e-01
-6.30e-01
2.80e-01
-4.16e-01
-8.93e-01
6.40e-01
-5.93e-01
3.71e-02
-1.49e-01
-6.96e-02
8.96e-01
-3.05e-01
4.01e-01
5.32e-01
9.64e-01
-8.84e-01
8.76e-01
-7.88e-01
-3.32e-01
4.87e-01
-3.10e-03
-5.15e-02
-7.90e-02
3.91e-01
5.06e-01
6.18e-01
-8.37e-01
8.30e-01
9.83e-01
-9.42e-01
