-8.84e-01
8.19e-01
5.37e-03
-4.08e-01
-8.32e-01
8.36e-01
-6.74e-01
1.08e-01
-6.87e-01
3.38e-02
1.22e-02
5.62e-01
-1.31e-01
-8.91e-01
-7.33e-01
1.91e-02
3.75e-01
7.21e-01
-7.02e-01
3.20e-01
3.13e-01
-7.60e-01
3.45e-01
-6.88e-01
-3.78e-01
5.42e-01
-5.64e-01
-1.70e-01
-7.14e-01
-3.19e-01
-5.87e-01
1.38e-01
5.03e-01
-8.38e-01
-2.22e-01
9.10e-02
6.34e-01
9.18e-01
9.41e-02
3.87e-01
-9.81e-01
-2.42e-01
-5.19e-01
-2.16e-01
6.71e-01
3.97e-01
-8.50e-01
-1.68e-02
1.93e-01
-6.08e-01
-2.82e-01
-3.24e-01
-5.12e-01
-4.94e-03
8.19e-01
-2.03e-01
-2.20e-01
7.40e-02
-1.27e-01
-8.23e-01
3.33e-01
-1.49e-01
2.34e-01
3.82e-01
-1.30e-01
9.14e-01
9.24e-01
9.98e-01
-7.71e-01
3.29e-01
7.62e-01
8.44e-01
9.23e-01
-2.14e-01
-1.71e-01
1.62e-01
-6.76e-01
-7.27e-01
-8.48e-02
5.21e-01
-5.36e-01
-9.06e-01
-3.86e-01
-6.69e-01
-5.32e-01
2.51e-01
3.97e-01
1.93e-01
-6.16e-01
9.82e-01
7.85e-01
1.69e-01
-6.45e-01
8.08e-01
8.34e-01
9.19e-01
-2.34e-01
-9.17e-01
9.09e-01
-5.25e-01
-1.06e-01
-2.08e-01
5.75e-01
6.54e-01
5.11e-01
3.84e-01
-9.09e-01
-9.62e-01
2.92e-01
-7.03e-01
2.25e-01
6.56e-02
6.85e-01
-9.76e-03
2.48e-01
-7.12e-01
8.67e-01
-6.57e-01
9.64e-01
7.10e-01
-3.62e-01
9.16e-01
3.94e-01
1.06e-02
-2.81e-01
-5.81e-02
1.01e-01
-7.74e-01
9.87e-01
-7.11e-01
4.95e-02
1.09e-01
7.73e-01
9.48e-01
3.85e-01
3.68e-01
-2.86e-01
8.84e-01
-5.27e-01
9.74e-01
8.81e-01
3.55e-01
-2.85e-01
-4.64e-01
1.17e-01
-4.82e-01
6.89e-01
-9.20e-01
3.64e-01
2.96e-01
1.45e-01
-3.15e-01
2.39e-01
1.97e-01
-4.98e-01
-3.29e-01
4.53e-01
9.04e-01
4.02e-01
6.96e-01
4.39e-01
-5.57e-03
-7.29e-01
5.65e-02
-2.17e-01
7.86e-01
-3.28e-01
-2.94e-02
-2.43e-01
2.39e-01
8.65e-01
4.08e-01
-8.89e-01
4.62e-01
-2.38e-01
-6.18e-02
-3.53e-01
8.83e-01
-7.03e-02
9.81e-01
5.43e-01
-7.35e-01
5.33e-01
2.62e-01
-9.84e-01
5.86e-01
-9.81e-01
5.66e-01
6.98e-01
1.40e-01
-5.00e-01
-8.08e-01
-9.22e-02
7.72e-01
7.77e-01
-8.20e-01
9.21e-01
6.55e-02
7.34e-01
3.59e-01
-5.04e-01
-3.75e-01
-7.45e-02
-2.97e-01
1.01e-01
5.56e-02
5.34e-01
-2.50e-01
9.08e-01
-1.39e-01
4.55e-01
9.08e-01
-2.80e-01
1.58e-01
-7.78e-01
-5.95e-01
-9.96e-01
1.70e-01
-3.56e-01
2.31e-01
3.01e-01
-9.29e-01
-4.90e-01
5.55e-01
-6.09e-01
-5.03e-01
-6.96e-01
8.56e-01
7.51e-01
7.92e-01
-5.40e-01
8.99e-01
6.71e-01
8.41e-02
-1.11e-01
7.94e-01
4.72e-02
-5.50e-01
-1.49e-01
-9.84e-01
7.03e-01
-2.08e-01
6.74e-01
-1.62e-02
5.93e-01
-9.59e-01
-3.35e-01
4.57e-01
-1.81e-01
4.40e-02
2.97e-01
9.62e-01
-3.29e-01
-4.09e-01
-9.36e-01
-2.09e-01
-3.85e-01
9.93e-01
2.80e-01
8.05e-01
-4.59e-01
5.77e-01
5.82e-01
-4.39e-01
-5.87e-01
