-8.21e-01
-5.20e-01
9.13e-01
7.01e-01
-2.14e-01
-8.46e-01
3.02e-01
-8.22e-01
7.73e-01
5.33e-01
4.32e-01
-4.98e-01
4.47e-01
-3.29e-01
-9.84e-01
4.47e-01
5.91e-01
-1.37e-01
-6.68e-01
7.89e-01
8.10e-01
1.77e-01
-1.45e-01
-4.19e-01
-7.72e-01
-7.54e-02
-9.87e-02
-2.62e-01
2.41e-01
-4.57e-01
-9.34e-01
-8.13e-01
5.41e-01
-1.07e-01
-5.18e-01
1.46e-01
5.38e-01
-5.92e-01
2.38e-02
2.21e-01
-6.30e-01
1.95e-01
-7.37e-01
-8.32e-01
-4.28e-01
-8.22e-01
9.27e-02
-5.88e-01
-1.06e-01
5.10e-01
7.87e-02
-9.54e-01
3.59e-01
9.10e-01
-4.04e-01
1.61e-01
-1.72e-01
-1.45e-01
1.59e-01
-2.47e-01
-7.33e-01
-8.29e-01
-6.88e-02
6.56e-01
-3.21e-01
3.06e-01
8.86e-03
-8.01e-02
3.56e-01
-1.90e-01
-9.89e-01
-3.73e-01
-5.50e-02
9.00e-01
-8.08e-01
-5.75e-01
-5.30e-01
6.01e-02
-7.75e-02
-4.08e-02
-5.78e-01
-3.60e-01
-3.37e-01
-1.98e-01
-3.28e-01
6.53e-01
-1.96e-01
8.91e-01
-3.48e-01
-6.94e-01
3.48e-03
5.46e-01
-7.39e-01
-9.04e-01
-3.15e-01
7.60e-01
3.89e-01
-2.62e-01
-5.03e-02
7.34e-01
7.12e-01
-6.19e-01
6.43e-01
4.89e-01
4.99e-01
6.24e-02
-2.10e-01
-6.13e-01
-1.60e-01
-6.25e-01
-8.48e-01
-3.77e-01
-7.83e-01
-6.55e-01
5.23e-01
-6.60e-03
4.20e-01
3.94e-01
-8.62e-01
-3.07e-01
9.65e-01
-4.80e-01
-1.56e-01
3.81e-01
7.53e-01
-5.44e-01
6.98e-01
-9.22e-02
-6.76e-01
3.16e-01
-5.25e-01
5.20e-03
-5.26e-01
-6.85e-01
9.64e-01
3.21e-01
4.77e-02
8.37e-01
-5.48e-01
1.32e-01
-4.82e-01
-8.21e-01
-8.92e-01
-1.32e-01
1.97e-01
9.75e-01
-2.40e-01
-6.51e-01
-5.38e-01
-5.30e-02
9.93e-01
-4.80e-01
5.18e-01
3.76e-01
-7.25e-01
-8.10e-01
-2.47e-02
-8.71e-01
-1.89e-01
-5.18e-01
-4.33e-01
3.07e-01
-9.02e-01
7.34e-01
2.79e-01
-3.67e-01
5.76e-01
9.50e-01
-8.38e-01
-4.58e-01
4.52e-02
-6.44e-01
-1.23e-01
-8.94e-01
4.07e-01
1.27e-01
3.04e-01
1.70e-01
-8.47e-02
2.55e-01
-7.05e-01
-6.44e-01
-9.58e-01
-5.20e-01
1.70e-01
-1.73e-01
8.28e-01
-8.71e-01
-7.69e-01
-8.98e-01
2.92e-01
-1.12e-01
-4.62e-01
2.33e-01
2.50e-01
-1.99e-01
5.68e-01
2.28e-01
-2.60e-01
3.46e-01
7.98e-03
-9.34e-01
8.23e-01
7.74e-01
-8.28e-01
-3.24e-01
6.94e-01
-3.07e-01
5.78e-01
1.34e-01
-8.81e-01
-5.19e-01
6.18e-03
2.00e-01
1.98e-01
5.55e-01
-8.75e-01
-9.07e-01
-1.56e-02
2.31e-01
5.07e-02
2.14e-01
8.77e-02
-4.97e-01
-9.21e-01
6.80e-01
-2.95e-01
-3.52e-01
-2.65e-01
5.05e-03
-1.27e-01
-9.71e-01
-4.04e-01
-4.49e-01
4.88e-01
-5.02e-01
2.37e-01
-9.98e-01
-1.47e-01
-8.66e-01
4.95e-01
-6.43e-01
-2.15e-01
3.43e-02
-6.06e-01
-3.73e-01
7.18e-01
6.20e-01
8.33e-01
-3.07e-01
2.91e-01
9.56e-01
-9.68e-01
1.60e-01
-9.81e-01
-9.35e-01
-2.12e-01
2.86e-03
-9.32e-01
5.15e-01
-9.29e-01
5.77e-01
2.52e-01
9.09e-01
8.14e-01
