-6.50e-01
-2.54e-01
5.63e-01
4.26e-01
-3.31e-02
-3.88e-01
-5.34e-01
-3.56e-01
-9.72e-01
-8.08e-01
-9.75e-01
8.08e-01
-4.99e-02
-5.86e-01
9.77e-01
-5.69e-01
-4.65e-01
1.74e-01
3.98e-01
-8.19e-01
-5.39e-01
-7.75e-01
-6.02e-01
2.14e-01
-1.75e-01
9.07e-01
-1.92e-01
7.48e-01
6.84e-03
-2.49e-01
-8.29e-01
-4.78e-01
-4.76e-01
-3.92e-01
3.68e-01
2.31e-01
4.11e-01
-1.15e-01
-1.81e-01
2.49e-02
1.92e-01
-2.42e-01
3.95e-01
-3.79e-02
-3.14e-01
-9.03e-01
-1.56e-01
7.19e-01
3.69e-01
-8.02e-01
-3.29e-01
-1.65e-01
6.74e-01
-1.94e-02
-4.93e-01
-6.34e-01
-5.45e-01
5.84e-01
9.64e-01
-6.29e-01
-7.17e-01
-1.49e-01
2.34e-01
3.82e-01
-1.30e-01
9.14e-01
9.24e-01
-1.56e-01
4.43e-01
5.11e-02
-5.76e-01
9.22e-01
4.55e-01
-2.92e-01
8.76e-02
5.59e-02
-2.94e-01
5.41e-01
1.39e-01
2.54e-01
-3.65e-01
7.87e-01
5.06e-01
8.60e-01
-5.69e-01
6.45e-01
9.21e-01
-5.42e-01
7.92e-01
-7.43e-01
1.60e-01
5.09e-01
1.11e-01
4.87e-01
7.71e-01
-9.62e-01
-1.34e-02
3.48e-01
-1.99e-01
-8.83e-01
-2.01e-01
7.18e-01
-5.61e-01
-1.16e-01
-8.83e-01
-6.73e-01
-7.06e-02
-8.25e-02
-1.60e-01
-9.36e-01
-3.99e-01
7.43e-01
-3.83e-01
-8.80e-01
-6.61e-01
3.94e-03
6.51e-01
8.54e-01
6.67e-01
-1.15e-01
1.45e-01
7.86e-01
-4.59e-01
8.42e-01
-5.95e-01
4.77e-01
5.37e-01
-9.40e-01
6.51e-01
-5.20e-01
-1.58e-01
8.22e-02
3.57e-01
8.09e-01
9.35e-01
6.97e-01
6.98e-01
6.67e-01
2.55e-01
5.82e-02
-1.49e-01
-1.57e-01
1.16e-01
-9.04e-01
-8.55e-01
-3.13e-01
-4.17e-01
-5.10e-01
6.67e-02
-8.52e-01
-7.07e-02
-3.82e-01
7.97e-01
-1.62e-03
-4.79e-01
-7.82e-01
-1.61e-01
-6.29e-01
7.20e-01
-4.96e-01
8.98e-01
8.49e-01
4.42e-01
-3.82e-01
-9.10e-01
2.75e-01
-4.15e-01
-3.90e-01
-3.06e-02
8.90e-01
-7.38e-01
1.05e-02
2.67e-01
-3.19e-01
-4.18e-01
4.01e-01
3.15e-01
-8.64e-01
3.67e-01
4.82e-01
3.06e-01
-2.81e-01
4.11e-01
2.20e-01
-2.67e-01
1.26e-01
7.24e-01
-7.45e-01
-3.43e-01
8.26e-01
7.71e-01
-5.56e-01
7.84e-01
-9.42e-02
9.50e-01
-9.94e-02
2.18e-01
-4.68e-01
7.59e-01
-4.50e-01
8.79e-01
-7.89e-01
2.26e-01
4.59e-01
9.83e-01
9.70e-01
-1.30e-01
8.86e-01
4.87e-01
-1.15e-01
-3.77e-01
8.33e-01
7.26e-01
9.24e-01
5.18e-01
-6.62e-01
8.06e-01
6.07e-01
9.10e-01
-7.65e-02
3.26e-01
9.80e-01
-6.38e-03
-1.15e-01
4.59e-01
8.85e-01
2.45e-01
-1.59e-01
-6.78e-01
1.47e-01
5.01e-01
8.19e-01
2.14e-01
-1.65e-01
8.71e-01
5.98e-01
5.10e-01
-1.68e-01
-6.79e-01
-1.58e-01
-7.97e-01
5.01e-01
-2.21e-01
-1.62e-02
5.93e-01
-9.59e-01
-1.39e-01
-6.39e-01
6.15e-01
9.25e-01
7.10e-01
-8.84e-01
1.74e-01
-4.47e-01
1.35e-01
-6.20e-01
-3.51e-01
-5.64e-01
4.25e-01
-6.68e-01
-1.42e-01
3.25e-02
-6.05e-01
-3.21e-01
-4.58e-01
