-8.72e-01
-8.76e-01
-9.39e-01
-6.62e-01
7.80e-01
-9.78e-01
-4.32e-01
-3.41e-01
5.19e-01
5.62e-02
-8.23e-01
-5.74e-01
-8.20e-01
4.82e-01
2.42e-01
-4.32e-01
8.62e-01
3.64e-01
-4.71e-01
-4.12e-01
6.05e-02
7.86e-01
-2.83e-02
-6.83e-01
3.80e-01
-3.80e-01
-8.15e-01
3.82e-01
-9.28e-01
-5.54e-01
-2.92e-01
-9.70e-02
-4.09e-01
3.51e-01
5.02e-01
8.29e-01
-8.42e-01
-9.30e-01
-8.29e-01
8.93e-01
8.59e-01
-3.17e-01
-6.29e-02
7.05e-01
-5.34e-01
6.60e-01
-4.46e-01
-9.08e-01
3.93e-01
5.75e-01
-3.71e-01
-1.04e-01
9.63e-01
-6.76e-01
7.18e-01
-6.86e-01
-6.01e-01
3.19e-02
3.71e-02
-8.27e-01
3.21e-01
-3.55e-01
8.57e-02
8.70e-01
-5.46e-01
8.28e-01
-9.61e-01
-5.95e-01
-2.75e-01
-8.11e-01
-2.90e-01
2.78e-01
8.10e-01
-7.26e-01
3.39e-01
-5.36e-01
3.92e-01
-1.04e-01
4.27e-02
-5.09e-01
-4.04e-01
-3.49e-01
-2.38e-01
-6.71e-01
-9.40e-01
-3.41e-02
-4.25e-01
3.11e-01
-6.48e-02
2.25e-01
-3.21e-01
4.43e-01
3.69e-01
-7.77e-01
3.22e-01
8.59e-01
-8.85e-01
4.62e-02
-1.03e-01
-2.69e-01
4.75e-01
-4.00e-01
9.48e-01
6.85e-03
1.94e-01
6.39e-01
7.54e-01
6.75e-01
-7.43e-01
3.41e-01
-3.80e-01
-4.11e-01
-1.51e-01
-8.82e-01
-9.01e-01
5.76e-01
2.85e-01
2.62e-01
-8.95e-02
9.83e-01
3.44e-01
9.10e-01
6.25e-01
-2.20e-01
8.15e-01
1.93e-01
-7.83e-01
-4.31e-01
6.66e-01
3.61e-01
8.94e-01
-5.90e-01
4.09e-01
3.89e-01
-8.18e-01
5.54e-01
8.18e-01
5.10e-01
7.70e-01
1.38e-01
2.03e-01
3.44e-02
4.83e-01
4.24e-01
-3.17e-01
6.84e-01
-2.52e-01
-5.05e-01
-1.79e-01
4.86e-01
6.77e-01
6.53e-01
2.72e-01
6.07e-01
5.07e-01
1.61e-01
9.63e-01
-6.87e-01
9.72e-01
8.80e-01
-1.86e-01
1.81e-02
-3.73e-01
2.37e-01
-4.43e-01
-7.83e-01
3.71e-01
1.87e-01
5.13e-02
6.62e-01
-3.88e-01
5.69e-01
-9.45e-01
-9.15e-01
-5.44e-01
-2.62e-01
-1.60e-01
-5.76e-01
3.15e-01
-4.77e-01
8.72e-01
1.38e-01
2.29e-01
-8.47e-01
4.27e-02
7.41e-01
5.82e-01
6.37e-01
3.10e-01
-6.30e-01
-7.49e-01
-8.97e-01
6.12e-01
4.82e-01
-5.33e-01
-7.78e-01
4.49e-01
-9.47e-02
5.74e-01
-3.02e-01
8.59e-01
-3.13e-02
-6.26e-01
-4.52e-01
-9.44e-01
2.33e-01
-8.94e-01
1.41e-01
7.02e-01
3.41e-01
1.98e-01
4.16e-01
-1.88e-01
-3.90e-01
3.50e-01
-7.38e-01
-5.28e-01
3.46e-01
5.13e-01
-4.32e-01
2.51e-01
-8.81e-01
6.60e-01
8.04e-01
-4.36e-01
-1.48e-01
-3.95e-01
9.01e-01
4.23e-01
-2.42e-01
4.15e-01
8.19e-01
-4.75e-01
2.71e-01
8.32e-01
4.46e-02
-1.45e-01
5.19e-01
-7.89e-01
5.30e-01
-6.71e-01
9.43e-01
2.42e-01
-1.61e-01
2.96e-01
-1.46e-01
3.65e-01
4.08e-01
-9.73e-01
6.34e-01
8.66e-01
-9.09e-01
-3.80e-01
1.27e-01
-4.17e-01
-7.05e-02
-3.94e-01
-7.57e-01
6.11e-01
1.35e-01
2.97e-03
6.38e-01
6.68e-01
8.87e-01
9.73e-01
