-6.81e-01
9.21e-01
4.74e-02
8.21e-01
-9.07e-01
-8.73e-01
5.78e-01
6.67e-01
-9.37e-01
9.19e-01
-3.05e-01
9.44e-01
6.26e-02
-3.63e-01
-9.77e-01
-6.33e-01
-5.89e-01
5.12e-01
-2.92e-01
-4.39e-01
1.44e-01
1.12e-01
8.60e-02
-4.11e-01
-5.95e-01
-5.19e-02
4.66e-01
-1.58e-01
-8.29e-01
-9.09e-01
6.71e-01
-1.75e-01
6.41e-01
5.83e-01
8.18e-01
-5.75e-01
2.16e-01
-6.52e-01
6.15e-01
9.74e-01
-4.86e-01
7.05e-01
-5.71e-01
-7.72e-01
2.18e-01
3.13e-01
4.61e-02
6.58e-01
-6.92e-01
-5.64e-01
-8.82e-01
4.67e-01
-8.78e-01
-6.73e-02
-8.34e-01
-5.47e-01
-7.23e-01
-8.98e-01
8.87e-01
-4.38e-01
6.50e-01
-1.43e-01
1.23e-02
-9.34e-02
-8.77e-01
1.70e-01
9.95e-01
1.79e-01
8.86e-01
-5.59e-01
9.52e-02
-8.24e-01
2.78e-01
-7.89e-01
9.67e-01
-1.56e-01
9.24e-01
1.13e-01
7.65e-01
-8.75e-01
4.62e-01
2.04e-01
-6.21e-01
6.97e-01
9.97e-01
-2.82e-01
-9.99e-01
6.55e-01
7.22e-01
-5.36e-01
-2.35e-01
-5.58e-03
5.71e-01
-6.55e-01
-2.32e-01
-4.04e-02
4.60e-01
-8.91e-01
-5.32e-01
-1.26e-01
9.86e-01
6.81e-01
-1.94e-01
8.99e-01
-1.32e-01
8.85e-01
-1.70e-01
-1.41e-01
-4.91e-01
-8.27e-01
6.48e-01
5.48e-01
4.12e-01
3.50e-01
1.25e-01
-6.87e-01
-3.91e-01
-7.17e-01
-4.40e-01
5.84e-01
1.54e-01
-4.47e-01
-4.35e-02
-2.33e-01
5.32e-01
6.40e-01
-4.31e-01
1.50e-01
-2.07e-01
-8.64e-01
7.21e-01
-5.11e-02
-9.49e-01
2.29e-02
5.32e-01
-5.56e-01
7.01e-01
8.86e-01
-3.95e-01
-4.59e-01
5.45e-01
-4.81e-01
-4.19e-01
7.41e-02
-6.69e-01
4.53e-01
6.39e-01
8.39e-01
-9.38e-01
1.97e-01
7.80e-01
2.38e-01
-2.89e-02
4.82e-01
9.00e-01
-3.73e-01
-1.77e-01
-4.00e-01
-2.10e-02
9.82e-01
3.56e-01
-4.27e-01
-9.82e-01
2.91e-01
-8.05e-01
4.34e-01
-6.27e-01
-6.53e-01
-5.43e-01
2.46e-02
8.84e-01
7.46e-01
2.84e-01
9.17e-01
7.60e-01
7.46e-01
-5.80e-01
6.33e-01
2.66e-01
7.50e-01
8.18e-01
1.74e-01
-6.47e-01
-5.65e-01
-9.86e-01
-6.33e-01
1.88e-01
-7.34e-01
5.49e-01
-5.30e-01
1.21e-01
-5.01e-01
-5.55e-01
-7.36e-02
-5.41e-01
-6.91e-01
-9.04e-01
-1.90e-01
2.30e-01
-7.50e-01
3.16e-01
-6.25e-01
9.58e-01
-8.29e-01
-4.80e-01
3.49e-01
5.57e-01
9.67e-01
1.00e-01
8.08e-01
-3.42e-01
3.54e-01
8.10e-01
6.25e-01
6.91e-01
-4.23e-01
3.67e-01
-7.61e-01
7.92e-01
8.65e-01
-8.39e-01
-8.02e-01
9.86e-01
5.63e-01
6.90e-01
8.76e-01
2.93e-01
1.92e-01
-6.36e-01
3.60e-01
-6.55e-01
-4.49e-01
-5.75e-01
6.74e-01
-8.27e-01
2.88e-01
-8.88e-02
2.11e-01
5.99e-01
2.23e-02
-8.23e-01
-2.69e-01
-1.11e-01
5.24e-01
5.95e-02
-7.25e-01
-4.84e-01
1.36e-01
9.44e-01
3.07e-01
-8.24e-01
1.37e-01
9.33e-01
3.08e-01
-2.44e-02
1.28e-01
-9.56e-01
7.29e-01
3.87e-01
-6.35e-01
-7.78e-02
9.38e-01
-9.13e-01
6.55e-01
-8.77e-01
