-2.85e-01
3.94e-01
-7.40e-01
5.80e-01
-3.46e-01
-7.53e-01
-2.75e-01
-8.23e-01
-7.89e-01
-1.50e-01
8.64e-01
-8.61e-01
-9.07e-01
8.59e-01
-8.71e-01
-1.64e-01
1.61e-01
9.03e-01
6.08e-01
7.52e-01
-2.25e-01
-6.39e-01
-9.75e-01
-7.87e-01
-1.99e-01
-2.11e-01
-5.26e-01
2.08e-01
-8.15e-01
-6.78e-01
-9.50e-03
-8.92e-01
6.06e-01
-2.84e-01
-3.71e-01
-7.15e-01
-8.11e-01
7.07e-01
6.15e-01
9.74e-01
-4.86e-01
7.05e-01
-5.71e-01
-7.72e-01
2.18e-01
4.95e-01
9.00e-02
-8.60e-01
4.25e-01
-4.39e-01
-8.95e-01
9.48e-01
5.78e-01
-2.79e-01
-8.34e-01
-5.47e-01
-7.23e-01
-8.98e-01
8.87e-01
-4.38e-01
6.50e-01
-1.43e-01
1.23e-02
-9.34e-02
-8.77e-01
1.70e-01
9.95e-01
1.79e-01
8.86e-01
-5.59e-01
9.52e-02
7.21e-01
8.10e-01
-7.89e-01
4.24e-01
3.03e-01
-3.34e-01
-5.42e-01
1.47e-01
-6.60e-01
7.78e-01
-8.13e-02
9.61e-01
-2.07e-01
-3.40e-01
-3.41e-02
-4.25e-01
3.11e-01
-6.48e-02
2.25e-01
-3.21e-01
4.43e-01
3.69e-01
-7.77e-01
3.22e-01
8.59e-01
-8.85e-01
4.62e-02
-1.03e-01
-2.69e-01
4.75e-01
-4.00e-01
9.48e-01
6.85e-03
1.94e-01
6.39e-01
1.29e-01
2.55e-01
-9.50e-01
-3.41e-01
-9.60e-01
-4.11e-01
-1.51e-01
-8.82e-01
-9.01e-01
-6.87e-01
-3.91e-01
-7.17e-01
-4.40e-01
5.84e-01
1.54e-01
-4.47e-01
-4.35e-02
-2.33e-01
5.32e-01
6.40e-01
-4.31e-01
1.50e-01
-2.07e-01
3.61e-01
7.21e-01
-5.11e-02
-9.49e-01
2.29e-02
5.32e-01
-5.56e-01
7.01e-01
8.86e-01
-3.95e-01
-4.59e-01
5.45e-01
-4.81e-01
-4.19e-01
7.41e-02
-6.69e-01
4.53e-01
6.39e-01
8.39e-01
-9.38e-01
1.97e-01
6.21e-01
-2.84e-01
2.49e-01
4.07e-01
-2.71e-01
4.68e-01
3.26e-01
6.58e-01
-4.61e-01
-7.80e-01
3.56e-01
-4.27e-01
-9.82e-01
-4.62e-01
-6.36e-01
4.34e-01
-6.27e-01
-6.53e-01
-5.43e-01
2.46e-02
-8.66e-01
-5.86e-01
6.01e-01
-5.05e-01
-4.04e-01
-2.43e-01
-5.00e-01
-3.44e-01
2.66e-01
7.50e-01
8.18e-01
1.74e-01
-6.47e-01
-5.65e-01
-8.87e-01
-4.16e-01
-2.04e-01
8.27e-01
4.02e-01
-9.55e-02
5.09e-01
-4.99e-01
7.18e-01
-1.07e-01
1.37e-01
7.61e-01
1.86e-01
-1.90e-01
2.30e-01
-7.50e-01
3.16e-01
-6.25e-01
9.58e-01
-8.29e-01
-4.80e-01
3.49e-01
5.57e-01
9.67e-01
1.00e-01
8.08e-01
-3.42e-01
3.54e-01
8.10e-01
6.25e-01
2.88e-01
-4.23e-01
3.67e-01
-7.61e-01
7.92e-01
8.65e-01
-8.39e-01
-8.02e-01
9.86e-01
5.63e-01
-5.59e-02
-3.04e-01
-3.78e-01
1.92e-01
-6.36e-01
3.60e-01
-6.55e-01
-4.49e-01
-5.75e-01
6.74e-01
-8.27e-01
6.91e-01
-8.88e-02
2.11e-01
5.99e-01
1.82e-01
5.06e-02
-2.69e-01
-1.11e-01
-4.57e-01
5.30e-01
3.77e-01
7.37e-02
-8.45e-01
9.44e-01
3.07e-01
-8.24e-01
1.37e-01
9.33e-01
3.08e-01
-2.44e-02
1.28e-01
-9.56e-01
7.29e-01
3.87e-01
-6.35e-01
-7.78e-02
-6.76e-01
9.32e-01
5.80e-01
8.22e-01
