-2.85e-01
3.94e-01
4.74e-02
2.91e-01
-9.07e-01
-8.73e-01
5.78e-01
6.67e-01
-9.37e-01
2.03e-02
8.64e-01
-8.61e-01
-9.07e-01
8.59e-01
-8.71e-01
-1.64e-01
1.61e-01
5.12e-01
-3.37e-02
-4.29e-01
-5.95e-01
1.12e-01
8.60e-02
-4.11e-01
-4.91e-01
-3.80e-01
-8.15e-01
3.82e-01
-9.28e-01
-5.54e-01
-2.92e-01
-9.70e-02
-4.09e-01
1.40e-01
8.03e-01
5.89e-01
-8.67e-01
9.89e-01
9.48e-01
3.11e-02
4.72e-01
1.68e-01
9.47e-01
-9.23e-01
-9.66e-01
1.75e-01
5.04e-01
6.16e-01
5.05e-01
-6.02e-01
2.61e-01
9.48e-01
6.43e-01
-2.03e-01
-8.52e-01
7.10e-01
-7.23e-01
-8.98e-01
8.97e-01
8.20e-01
6.50e-01
-1.43e-01
6.55e-01
8.70e-01
-5.46e-01
8.28e-01
-9.61e-01
-4.76e-02
-7.78e-02
-5.59e-01
9.52e-02
-8.24e-01
2.78e-01
-7.89e-01
5.28e-01
3.03e-01
-7.86e-01
2.80e-01
6.40e-01
-3.74e-01
9.35e-02
-8.13e-02
9.61e-01
1.89e-01
-5.75e-02
2.47e-01
-6.66e-02
8.77e-01
1.70e-01
-4.10e-01
-9.15e-01
-1.76e-01
-1.28e-01
-6.32e-01
1.17e-01
-2.77e-01
6.07e-01
4.62e-01
-7.60e-01
6.10e-01
8.72e-01
2.52e-01
-2.36e-01
3.93e-01
7.58e-01
3.25e-02
1.29e-01
2.55e-01
-9.50e-01
-3.41e-01
1.45e-01
5.48e-01
-2.51e-01
-6.36e-01
-3.54e-01
9.87e-01
-3.91e-01
-7.17e-01
-4.40e-01
5.84e-01
1.54e-01
-4.47e-01
-4.35e-02
-2.33e-01
5.32e-01
6.40e-01
-4.31e-01
1.50e-01
-2.07e-01
-8.64e-01
7.21e-01
-5.11e-02
-9.49e-01
2.29e-02
5.32e-01
-5.56e-01
7.01e-01
8.86e-01
-3.95e-01
-4.59e-01
5.45e-01
-4.81e-01
-4.19e-01
8.39e-02
-6.69e-01
6.84e-01
6.39e-01
8.39e-01
-9.38e-01
1.97e-01
7.80e-01
2.38e-01
-2.89e-02
-9.13e-01
9.00e-01
-5.98e-01
7.49e-01
-5.64e-01
3.54e-01
-5.52e-01
-7.09e-01
-3.38e-01
6.12e-01
-4.62e-01
-6.36e-01
4.34e-01
-6.27e-01
-6.53e-01
-5.43e-01
2.46e-02
-8.66e-01
-5.86e-01
6.01e-01
-5.05e-01
-4.04e-01
9.55e-01
9.46e-01
-9.94e-02
-1.49e-01
8.94e-01
5.31e-01
1.74e-01
-6.47e-01
-5.65e-01
-8.87e-01
-4.16e-01
-2.04e-01
8.27e-01
-8.21e-02
3.64e-01
-5.48e-01
-4.99e-01
7.18e-01
6.45e-02
-3.76e-01
-7.57e-01
1.00e+00
-1.34e-01
4.94e-02
-7.50e-01
3.16e-01
-6.25e-01
9.58e-01
-8.29e-01
-4.80e-01
3.49e-01
6.10e-01
9.67e-01
1.00e-01
8.08e-01
-3.42e-01
-1.06e-01
5.90e-01
-1.73e-01
4.12e-01
-4.23e-01
3.67e-01
-7.61e-01
7.92e-01
8.65e-01
-8.39e-01
-8.02e-01
9.86e-01
5.63e-01
-5.59e-02
-3.04e-01
-3.78e-01
1.92e-01
-6.36e-01
3.60e-01
-6.55e-01
-4.49e-01
-5.75e-01
6.74e-01
-8.27e-01
2.88e-01
-9.35e-01
-3.68e-01
6.94e-02
7.06e-01
-4.89e-01
5.52e-01
2.39e-01
-5.99e-02
2.96e-01
-1.46e-01
3.34e-01
5.22e-01
-1.92e-01
-3.56e-01
-4.43e-01
1.37e-01
9.33e-01
3.08e-01
-2.44e-02
1.28e-01
-9.56e-01
7.29e-01
3.87e-01
-6.35e-01
-7.78e-02
-6.76e-01
9.32e-01
5.80e-01
8.22e-01
