-2.85e-01
3.94e-01
-7.40e-01
5.80e-01
-3.46e-01
-7.53e-01
-2.75e-01
-8.23e-01
-7.89e-01
-1.50e-01
8.64e-01
-8.61e-01
6.26e-02
-3.63e-01
-9.77e-01
-6.33e-01
2.98e-01
7.99e-01
-4.80e-01
-6.36e-01
5.45e-01
-9.73e-01
-9.52e-01
-7.87e-01
-1.99e-01
-2.11e-01
-5.26e-01
7.19e-01
-7.11e-01
-5.54e-01
-2.92e-01
-9.70e-02
-4.09e-01
5.70e-02
-7.23e-01
-5.75e-01
2.16e-01
-6.52e-01
6.15e-01
5.77e-01
4.47e-01
7.05e-01
-5.90e-01
-7.56e-01
-7.97e-01
-6.86e-01
-9.63e-01
-8.60e-01
4.25e-01
-4.39e-01
-8.95e-01
9.48e-01
5.78e-01
-2.79e-01
-8.34e-01
-5.47e-01
-7.23e-01
3.64e-01
8.97e-01
8.20e-01
6.50e-01
-1.43e-01
4.06e-01
-5.35e-02
-5.46e-01
8.28e-01
-9.61e-01
-5.95e-01
-2.75e-01
-8.11e-01
-2.90e-01
2.78e-01
8.10e-01
-7.26e-01
3.39e-01
-1.56e-01
9.24e-01
1.13e-01
7.65e-01
-8.75e-01
-5.30e-01
-1.68e-01
-3.78e-01
-6.71e-01
-9.40e-01
-3.41e-02
-4.25e-01
3.11e-01
-6.48e-02
2.25e-01
-3.21e-01
4.43e-01
3.69e-01
-7.77e-01
3.22e-01
8.59e-01
-8.85e-01
4.62e-02
-1.03e-01
-2.69e-01
4.75e-01
-4.00e-01
9.48e-01
6.85e-03
1.94e-01
6.39e-01
7.54e-01
6.75e-01
-7.43e-01
3.41e-01
-3.80e-01
-4.11e-01
-1.51e-01
-8.82e-01
-9.01e-01
-6.87e-01
-3.91e-01
-7.17e-01
-4.40e-01
-6.95e-01
-7.90e-01
-5.37e-01
-4.35e-02
-2.33e-01
5.32e-01
6.40e-01
8.87e-01
-2.67e-01
-8.26e-01
-1.21e-01
-4.34e-01
-1.26e-01
-8.98e-01
5.17e-01
9.92e-01
8.14e-01
2.53e-01
-6.24e-01
-3.80e-01
-7.96e-01
3.19e-01
-4.68e-03
-7.77e-01
7.41e-02
5.64e-01
4.53e-01
6.39e-01
8.39e-01
-9.38e-01
1.97e-01
7.80e-01
2.38e-01
2.49e-01
4.07e-01
-2.71e-01
4.68e-01
3.26e-01
6.58e-01
-4.61e-01
-7.80e-01
-7.09e-01
-3.38e-01
6.12e-01
-4.62e-01
-6.36e-01
4.34e-01
-6.27e-01
-6.53e-01
-5.43e-01
2.46e-02
-8.66e-01
9.09e-01
2.67e-01
3.12e-01
-2.82e-01
9.55e-01
9.46e-01
-9.94e-02
-1.49e-01
8.94e-01
5.31e-01
1.74e-01
-6.47e-01
-5.65e-01
-8.87e-01
9.50e-01
5.95e-01
8.27e-01
-8.21e-02
3.64e-01
-5.48e-01
-4.99e-01
7.18e-01
-1.07e-01
1.37e-01
-7.57e-01
1.00e+00
-1.34e-01
4.94e-02
-7.50e-01
3.16e-01
-6.25e-01
9.58e-01
-8.29e-01
-4.80e-01
3.49e-01
6.10e-01
9.67e-01
1.00e-01
8.08e-01
-3.42e-01
-1.06e-01
4.16e-01
6.25e-01
6.91e-01
-4.23e-01
3.67e-01
-7.61e-01
7.92e-01
8.65e-01
-8.39e-01
-8.02e-01
9.86e-01
5.63e-01
-5.59e-02
-3.04e-01
-3.78e-01
1.92e-01
-6.36e-01
3.60e-01
-6.55e-01
-4.49e-01
-5.75e-01
6.74e-01
-8.27e-01
2.88e-01
-9.35e-01
-3.68e-01
6.94e-02
7.06e-01
-4.89e-01
5.52e-01
2.39e-01
-5.99e-02
5.30e-01
3.77e-01
7.37e-02
-8.45e-01
-1.92e-01
-3.56e-01
-4.43e-01
1.37e-01
9.33e-01
3.08e-01
-2.44e-02
1.28e-01
-9.56e-01
7.29e-01
3.87e-01
-6.35e-01
-7.78e-02
-6.76e-01
9.32e-01
5.80e-01
8.22e-01
