-2.85e-01
9.21e-01
4.74e-02
2.91e-01
-9.07e-01
-8.73e-01
5.78e-01
6.67e-01
-9.37e-01
2.03e-02
8.64e-01
-8.61e-01
-9.07e-01
8.59e-01
-8.71e-01
-1.64e-01
1.61e-01
5.12e-01
-3.37e-02
-4.29e-01
-5.95e-01
1.72e-01
-9.75e-01
-7.87e-01
-1.99e-01
-2.11e-01
-5.26e-01
7.19e-01
-7.11e-01
-5.54e-01
6.71e-01
-1.75e-01
6.41e-01
5.83e-01
8.18e-01
-5.75e-01
8.23e-01
-6.52e-01
6.15e-01
9.74e-01
4.47e-01
-8.79e-01
-5.71e-01
-7.72e-01
2.18e-01
4.95e-01
9.00e-02
-8.60e-01
4.25e-01
-4.39e-01
-8.95e-01
9.48e-01
5.78e-01
-2.79e-01
-8.34e-01
-5.47e-01
-7.23e-01
-8.98e-01
8.87e-01
-4.38e-01
6.50e-01
-5.22e-01
8.57e-02
4.11e-02
-8.39e-01
-3.13e-01
7.39e-01
3.91e-01
2.20e-01
-6.44e-01
-2.90e-01
9.19e-01
-3.36e-01
-6.87e-01
-9.02e-01
8.17e-01
-6.24e-02
6.51e-01
7.11e-01
9.02e-01
2.78e-01
-8.13e-02
9.61e-01
1.89e-01
-5.75e-02
2.47e-01
-6.66e-02
8.77e-01
1.70e-01
-4.10e-01
-3.21e-01
4.43e-01
3.69e-01
-7.77e-01
3.22e-01
-8.89e-01
-9.78e-01
-6.95e-01
-8.22e-01
-1.71e-01
9.86e-01
6.81e-01
-9.97e-01
-3.49e-01
-3.82e-01
-6.46e-01
1.29e-01
2.55e-01
-9.50e-01
-3.41e-01
-9.60e-01
-6.25e-01
7.06e-01
-8.82e-01
-9.01e-01
-6.87e-01
-3.91e-01
7.11e-01
-7.67e-01
-6.95e-01
-7.90e-01
-5.37e-01
-4.35e-02
-2.33e-01
5.32e-01
6.40e-01
-4.31e-01
1.50e-01
-2.07e-01
-8.64e-01
7.21e-01
-5.11e-02
1.01e-01
5.17e-01
9.92e-01
8.14e-01
2.53e-01
-6.24e-01
-3.80e-01
-7.96e-01
3.19e-01
-4.68e-03
-7.77e-01
7.41e-02
5.64e-01
4.53e-01
6.39e-01
8.39e-01
-9.38e-01
1.97e-01
7.80e-01
2.38e-01
2.49e-01
4.07e-01
-2.71e-01
4.68e-01
3.26e-01
6.58e-01
-4.61e-01
-7.80e-01
-7.09e-01
-4.01e-01
8.58e-01
-8.61e-02
2.00e-02
7.80e-02
-6.60e-01
-3.53e-01
-8.56e-01
-6.44e-01
-8.12e-01
9.09e-01
2.67e-01
3.12e-01
-2.82e-01
-2.43e-01
9.55e-01
9.40e-01
-4.44e-01
7.50e-01
8.18e-01
1.74e-01
5.74e-01
-9.47e-01
-2.10e-01
5.55e-01
-7.21e-01
7.46e-01
-8.21e-02
3.64e-01
5.09e-01
-4.99e-01
7.18e-01
6.45e-02
-3.76e-01
-7.57e-01
1.00e+00
-1.34e-01
4.94e-02
-7.50e-01
3.16e-01
-8.01e-01
9.58e-01
-8.29e-01
-4.80e-01
3.49e-01
5.57e-01
9.67e-01
1.00e-01
8.08e-01
-3.42e-01
3.54e-01
8.10e-01
6.25e-01
6.91e-01
-4.23e-01
3.67e-01
-7.61e-01
7.92e-01
8.65e-01
-8.39e-01
-8.02e-01
9.86e-01
5.63e-01
-5.59e-02
-3.04e-01
-3.78e-01
1.92e-01
-6.36e-01
3.60e-01
-6.55e-01
-4.49e-01
-5.75e-01
6.74e-01
-6.55e-01
2.88e-01
-8.88e-02
2.11e-01
5.99e-01
2.23e-02
-8.23e-01
6.15e-01
5.69e-01
-4.57e-01
5.30e-01
3.77e-01
7.37e-02
-8.45e-01
9.44e-01
3.07e-01
-8.24e-01
1.37e-01
9.33e-01
3.08e-01
-2.44e-02
1.28e-01
-9.56e-01
7.29e-01
3.87e-01
-6.35e-01
-7.78e-02
-6.76e-01
9.32e-01
5.80e-01
8.22e-01
