-6.81e-01
9.21e-01
4.74e-02
2.91e-01
-9.07e-01
-8.73e-01
5.78e-01
6.67e-01
-9.37e-01
9.19e-01
-3.05e-01
9.44e-01
6.26e-02
-3.63e-01
-9.77e-01
-4.47e-01
4.09e-01
-6.09e-01
5.03e-01
7.30e-01
4.17e-02
2.68e-01
-1.14e-01
-6.02e-01
4.65e-01
1.53e-01
4.23e-01
-4.34e-01
-8.29e-01
-9.09e-01
6.71e-01
-1.75e-01
6.41e-01
5.83e-01
8.18e-01
-5.75e-01
2.16e-01
-6.52e-01
6.15e-01
9.74e-01
-4.86e-01
7.05e-01
-5.71e-01
-7.72e-01
2.18e-01
4.95e-01
9.00e-02
-8.60e-01
4.25e-01
-4.39e-01
-8.95e-01
9.48e-01
5.78e-01
-2.79e-01
-8.34e-01
-5.47e-01
-7.23e-01
-8.98e-01
8.87e-01
-4.38e-01
6.50e-01
-1.43e-01
1.23e-02
2.30e-01
-9.46e-01
-3.26e-01
2.36e-01
-9.02e-01
-7.63e-02
-2.94e-01
8.21e-01
9.19e-01
-3.36e-01
-6.87e-01
-9.02e-01
2.48e-01
3.12e-02
5.42e-01
9.95e-01
-1.75e-01
4.77e-01
-7.10e-01
7.47e-02
1.89e-01
-5.75e-02
2.47e-01
-6.66e-02
7.58e-01
-6.80e-01
-3.15e-01
2.98e-01
2.05e-01
5.91e-01
-2.97e-01
3.65e-01
8.84e-01
-7.51e-01
1.12e-01
-7.36e-01
5.63e-01
6.56e-01
1.09e-01
6.37e-01
5.06e-01
-4.97e-01
3.96e-01
4.10e-01
-4.45e-01
-3.27e-01
3.24e-01
8.02e-01
4.20e-01
9.72e-01
5.06e-01
-5.92e-01
-5.54e-02
-5.86e-01
-7.48e-01
3.51e-01
2.33e-01
-1.48e-01
7.51e-01
-8.68e-01
7.12e-01
-7.68e-01
3.92e-01
-3.40e-01
9.59e-01
-8.76e-01
6.72e-01
-1.57e-01
-6.11e-01
6.23e-01
8.96e-02
9.65e-01
-5.07e-01
-7.66e-02
6.33e-01
-9.91e-01
-3.39e-01
3.40e-02
2.76e-01
-9.98e-01
6.83e-01
7.35e-01
1.09e-01
-4.03e-01
8.35e-01
4.83e-01
4.43e-01
6.21e-01
-2.84e-01
2.49e-01
4.07e-01
-2.71e-01
4.68e-01
3.26e-01
6.58e-01
-4.61e-01
-7.80e-01
7.74e-01
-7.24e-01
6.21e-01
2.08e-01
4.32e-01
1.44e-01
-5.46e-01
5.27e-01
-5.66e-01
-1.10e-01
4.63e-01
-2.06e-01
9.26e-01
8.74e-01
3.73e-01
2.62e-01
9.55e-01
9.40e-01
-4.44e-01
8.83e-01
-4.25e-03
-2.15e-01
5.74e-01
-9.47e-01
-2.10e-01
9.50e-01
5.95e-01
8.27e-01
-8.21e-02
3.64e-01
-5.48e-01
-4.99e-01
7.18e-01
-1.07e-01
1.37e-01
7.61e-01
1.86e-01
-1.90e-01
2.30e-01
-7.50e-01
3.16e-01
-6.25e-01
9.58e-01
-8.29e-01
-4.80e-01
3.49e-01
5.57e-01
9.67e-01
1.00e-01
8.08e-01
-3.42e-01
3.54e-01
8.10e-01
6.25e-01
6.91e-01
-4.23e-01
3.67e-01
-7.61e-01
7.92e-01
8.65e-01
-8.39e-01
-8.02e-01
9.86e-01
5.63e-01
6.90e-01
8.76e-01
-4.71e-01
2.57e-02
8.99e-01
-4.24e-01
-3.41e-01
-6.84e-01
9.49e-01
-5.02e-01
-8.69e-01
5.63e-01
2.01e-01
1.26e-01
3.56e-01
8.34e-01
-3.46e-01
-1.53e-01
9.87e-01
7.22e-02
-2.10e-02
3.77e-01
8.99e-01
5.22e-01
-1.92e-01
-3.56e-01
-4.43e-01
-5.79e-01
-4.51e-01
4.24e-01
6.72e-01
9.89e-01
-8.77e-01
-5.40e-01
5.76e-01
-3.18e-01
-5.88e-01
9.38e-01
4.82e-01
6.55e-01
-8.77e-01
