-2.85e-01
3.94e-01
7.36e-01
2.91e-01
-9.07e-01
-8.73e-01
5.78e-01
6.67e-01
-9.37e-01
-1.50e-01
8.64e-01
-8.61e-01
-2.37e-01
8.59e-01
-8.71e-01
-1.64e-01
1.61e-01
5.12e-01
-9.40e-01
4.40e-02
-3.51e-01
-7.34e-01
8.40e-01
-5.05e-01
-7.37e-01
-2.11e-01
-5.26e-01
7.19e-01
-7.11e-01
-6.69e-01
3.84e-01
-1.73e-01
4.91e-01
5.51e-01
-9.54e-01
-1.60e-02
8.23e-01
5.77e-01
1.84e-01
-6.70e-01
4.47e-01
-8.79e-01
-5.90e-01
-9.23e-01
-9.66e-01
1.75e-01
5.04e-01
6.16e-01
-6.94e-02
-3.61e-01
-8.03e-01
5.54e-01
-4.75e-01
-1.77e-01
-4.68e-01
-4.13e-01
-7.33e-01
-9.87e-01
9.76e-01
3.63e-01
-4.65e-01
-5.22e-01
6.55e-01
8.70e-01
-5.46e-01
8.28e-01
-9.61e-01
-4.76e-02
-7.78e-02
-5.59e-01
8.21e-01
9.19e-01
-3.36e-01
-6.87e-01
-9.02e-01
6.91e-01
-6.24e-02
6.51e-01
7.11e-01
-8.75e-01
-5.30e-01
-1.68e-01
-3.78e-01
-6.71e-01
-9.40e-01
-3.41e-02
-4.25e-01
3.11e-01
-6.48e-02
2.25e-01
-3.21e-01
4.43e-01
3.69e-01
-7.77e-01
3.22e-01
8.59e-01
-8.85e-01
4.62e-02
-1.03e-01
-2.69e-01
4.75e-01
8.62e-02
-9.97e-01
1.04e-01
-3.82e-01
-6.46e-01
1.29e-01
2.55e-01
-9.50e-01
-3.41e-01
-9.60e-01
-8.01e-01
-2.51e-01
-8.82e-01
-9.01e-01
-6.87e-01
-8.79e-01
-7.17e-01
-4.40e-01
-6.95e-01
-7.90e-01
-5.37e-01
-4.35e-02
-2.33e-01
5.32e-01
6.40e-01
8.87e-01
-2.67e-01
-8.26e-01
-1.21e-01
-4.34e-01
-1.26e-01
3.64e-01
5.17e-01
9.92e-01
8.14e-01
2.53e-01
-6.24e-01
-3.80e-01
-7.96e-01
3.19e-01
2.76e-01
-4.19e-01
7.41e-02
-6.69e-01
6.84e-01
-2.52e-01
-5.05e-01
-1.79e-01
4.86e-01
-3.42e-01
2.38e-01
-2.89e-02
-9.13e-01
-2.71e-01
-5.98e-01
7.49e-01
-5.64e-01
3.54e-01
-5.52e-01
5.50e-01
-4.01e-01
8.58e-01
-8.61e-02
2.00e-02
7.80e-02
-6.60e-01
-3.53e-01
-8.56e-01
-6.44e-01
-8.12e-01
9.09e-01
2.67e-01
3.12e-01
-2.82e-01
-2.43e-01
-5.00e-01
-3.44e-01
2.66e-01
7.50e-01
8.18e-01
1.74e-01
-6.47e-01
-5.65e-01
-8.87e-01
-4.16e-01
-2.04e-01
8.27e-01
-8.21e-02
-4.34e-01
5.09e-01
-4.99e-01
7.18e-01
-1.07e-01
1.37e-01
7.61e-01
1.86e-01
-1.90e-01
2.30e-01
-5.58e-01
-9.71e-01
-6.25e-01
9.58e-01
-8.29e-01
-4.80e-01
3.49e-01
6.10e-01
9.67e-01
1.00e-01
8.08e-01
-3.42e-01
-1.06e-01
7.00e-02
6.81e-01
4.52e-01
2.77e-01
3.67e-01
-7.61e-01
7.92e-01
8.65e-01
-8.39e-01
-8.02e-01
9.86e-01
5.63e-01
-5.59e-02
-3.04e-01
-3.78e-01
1.92e-01
-6.36e-01
3.60e-01
-8.27e-01
-4.49e-01
-5.75e-01
6.74e-01
-8.27e-01
2.88e-01
-9.35e-01
-3.68e-01
6.94e-02
7.06e-01
-4.89e-01
5.52e-01
2.39e-01
-5.99e-02
2.96e-01
-1.46e-01
3.34e-01
5.22e-01
-1.92e-01
-3.56e-01
-4.43e-01
1.37e-01
9.33e-01
3.08e-01
-2.44e-02
1.28e-01
-9.56e-01
7.29e-01
3.87e-01
-6.35e-01
-7.78e-02
-6.76e-01
9.32e-01
5.80e-01
8.22e-01
