-8.72e-01
-8.76e-01
-9.39e-01
-6.62e-01
7.80e-01
-9.78e-01
-4.32e-01
-3.41e-01
5.19e-01
5.62e-02
-8.23e-01
-5.74e-01
-8.20e-01
4.82e-01
2.42e-01
-4.32e-01
8.62e-01
3.64e-01
-4.71e-01
-4.12e-01
6.05e-02
7.86e-01
-5.81e-01
-3.04e-01
-6.16e-01
-6.82e-01
2.72e-01
-2.85e-01
5.37e-01
-6.83e-01
7.30e-01
5.14e-01
5.87e-01
-8.87e-02
1.08e-01
9.42e-01
-1.07e-01
-4.23e-01
9.55e-01
-4.25e-01
8.58e-01
1.72e-01
9.91e-01
-3.17e-01
-9.66e-01
1.75e-01
5.04e-01
6.16e-01
5.05e-01
-6.02e-01
2.61e-01
1.48e-01
-3.39e-01
-2.79e-01
-8.34e-01
-5.47e-01
-7.23e-01
-8.98e-01
8.87e-01
-4.38e-01
6.50e-01
-1.43e-01
1.23e-02
2.30e-01
-9.46e-01
-3.26e-01
2.36e-01
-9.02e-01
-7.63e-02
-2.94e-01
8.21e-01
9.19e-01
-3.36e-01
-6.87e-01
-9.02e-01
-1.56e-01
3.12e-02
5.42e-01
9.95e-01
-1.75e-01
4.77e-01
-7.10e-01
7.47e-02
1.89e-01
-5.75e-02
7.99e-01
-8.41e-01
2.42e-01
9.77e-01
1.01e-01
4.63e-01
-6.44e-02
3.01e-01
-7.11e-02
8.09e-01
-4.04e-02
4.60e-01
-8.91e-01
-5.32e-01
-1.26e-01
9.86e-01
6.81e-01
-1.94e-01
8.99e-01
-1.32e-01
8.85e-01
-1.70e-01
-1.41e-01
-4.91e-01
-8.27e-01
6.48e-01
5.48e-01
4.12e-01
3.50e-01
1.25e-01
-6.87e-01
-3.91e-01
-7.17e-01
-4.40e-01
5.84e-01
1.54e-01
-4.47e-01
-4.35e-02
-2.33e-01
5.32e-01
6.40e-01
-4.31e-01
1.50e-01
-2.07e-01
-8.64e-01
7.21e-01
-5.11e-02
-9.49e-01
2.29e-02
5.32e-01
-5.56e-01
7.01e-01
8.86e-01
-3.95e-01
-4.59e-01
5.45e-01
-4.81e-01
-4.19e-01
7.41e-02
-6.69e-01
4.53e-01
6.39e-01
8.39e-01
-9.38e-01
1.97e-01
6.21e-01
-2.84e-01
2.49e-01
4.07e-01
-2.71e-01
4.68e-01
-7.31e-01
1.92e-01
-8.47e-01
2.39e-01
-7.09e-01
-3.38e-01
6.12e-01
-8.65e-01
-2.57e-01
-7.49e-02
-2.80e-01
2.25e-01
5.96e-01
-1.01e-01
-7.54e-01
6.56e-01
9.74e-01
-2.43e-02
-8.92e-01
-5.56e-01
-6.57e-02
-5.10e-01
-3.86e-01
1.18e-01
2.11e-02
9.93e-01
5.74e-01
-9.47e-01
-9.31e-01
-8.60e-01
4.63e-01
1.98e-01
-1.20e-01
5.02e-01
8.46e-01
9.59e-02
-1.32e-01
-4.84e-01
-2.08e-01
-8.63e-01
-1.42e-01
-6.47e-01
-7.06e-01
-4.96e-01
4.22e-01
-7.11e-01
-5.68e-02
7.42e-01
-2.00e-01
4.15e-01
5.57e-01
9.67e-01
1.00e-01
8.08e-01
-3.42e-01
3.54e-01
8.10e-01
6.25e-01
6.91e-01
-4.23e-01
3.67e-01
-7.61e-01
7.92e-01
8.65e-01
-8.39e-01
-8.02e-01
9.86e-01
1.52e-01
6.90e-01
8.76e-01
-4.71e-01
2.57e-02
8.99e-01
-4.24e-01
-3.41e-01
-6.84e-01
-5.75e-01
6.74e-01
-8.27e-01
2.88e-01
-8.88e-02
2.11e-01
5.99e-01
2.23e-02
-8.23e-01
-2.69e-01
-1.11e-01
5.24e-01
-2.10e-02
3.77e-01
8.99e-01
5.22e-01
-1.92e-01
-3.56e-01
-4.43e-01
-5.79e-01
-4.51e-01
4.24e-01
6.72e-01
9.89e-01
-8.77e-01
-5.40e-01
5.76e-01
-3.18e-01
-5.88e-01
9.38e-01
4.82e-01
6.55e-01
-8.77e-01
