-2.85e-01
3.94e-01
-9.53e-01
2.47e-01
7.80e-01
-9.78e-01
-4.32e-01
-3.41e-01
5.19e-01
5.62e-02
-8.23e-01
-5.74e-01
-8.20e-01
4.82e-01
2.42e-01
-4.32e-01
8.62e-01
3.64e-01
-4.71e-01
-4.12e-01
6.05e-02
7.86e-01
-5.81e-01
-5.98e-01
-4.91e-01
-3.80e-01
-8.15e-01
3.82e-01
-9.28e-01
-5.54e-01
-2.92e-01
-9.70e-02
-4.09e-01
1.40e-01
8.03e-01
5.89e-01
2.16e-01
-4.23e-01
9.55e-01
-4.25e-01
8.58e-01
1.72e-01
9.91e-01
-3.17e-01
-9.97e-01
9.80e-01
-3.14e-02
2.36e-01
5.11e-01
8.03e-01
6.47e-01
-9.05e-02
6.43e-01
-2.03e-01
-8.52e-01
7.10e-01
6.89e-01
-4.28e-01
4.96e-01
-5.50e-01
7.98e-01
-7.30e-02
4.22e-01
2.30e-01
-9.46e-01
-3.26e-01
2.36e-01
-9.02e-01
-7.63e-02
-2.94e-01
8.21e-01
9.19e-01
-3.36e-01
-6.87e-01
-9.02e-01
2.48e-01
3.12e-02
5.42e-01
9.95e-01
-1.75e-01
4.77e-01
-7.10e-01
7.47e-02
1.89e-01
-5.75e-02
2.47e-01
-6.66e-02
7.58e-01
-6.80e-01
-3.15e-01
-2.36e-01
-6.44e-02
-3.97e-01
-9.30e-01
-9.09e-01
-8.16e-01
2.91e-01
-2.85e-01
4.79e-01
5.47e-01
-2.72e-01
1.21e-01
-2.82e-01
1.04e-01
6.74e-01
8.93e-01
-7.82e-01
9.10e-02
7.91e-01
-7.37e-01
-2.38e-01
8.41e-01
-3.71e-01
-5.13e-01
-6.68e-01
-5.09e-01
-4.67e-01
7.11e-01
-7.67e-01
-6.95e-01
-7.90e-01
-5.37e-01
-4.35e-02
-2.33e-01
5.32e-01
6.40e-01
8.87e-01
-2.67e-01
-8.26e-01
-1.21e-01
-4.34e-01
-1.26e-01
3.64e-01
-8.21e-01
-9.21e-01
-2.62e-01
-4.17e-01
8.96e-01
-9.64e-01
-4.35e-01
-9.94e-01
-2.76e-01
-4.18e-01
8.39e-02
-6.69e-01
6.84e-01
-2.52e-01
-5.05e-01
-1.79e-01
4.86e-01
6.77e-01
2.38e-01
-2.89e-02
-3.49e-01
1.16e-02
6.50e-01
-5.74e-01
-2.53e-01
-4.13e-01
4.33e-01
-7.09e-01
-3.38e-01
6.12e-01
-8.65e-01
-2.57e-01
-7.49e-02
-2.80e-01
2.25e-01
5.96e-01
-1.01e-01
-7.54e-01
6.56e-01
9.74e-01
-2.43e-02
-8.92e-01
-5.56e-01
-6.57e-02
-5.10e-01
-3.86e-01
1.18e-01
2.11e-02
9.93e-01
-6.30e-01
-5.13e-01
-9.31e-01
9.50e-01
5.95e-01
8.27e-01
-8.21e-02
3.64e-01
-5.48e-01
-4.99e-01
7.18e-01
-1.07e-01
1.37e-01
7.61e-01
1.86e-01
-1.90e-01
-7.06e-01
-4.96e-01
4.22e-01
-7.11e-01
-5.68e-02
7.42e-01
-2.00e-01
4.15e-01
5.57e-01
9.67e-01
1.00e-01
8.08e-01
-3.42e-01
3.54e-01
8.10e-01
6.25e-01
6.91e-01
-4.23e-01
3.67e-01
-7.61e-01
7.28e-01
6.84e-01
-3.91e-02
-3.58e-01
-4.06e-02
6.07e-01
7.67e-01
-3.04e-01
-3.78e-01
-9.40e-01
9.64e-01
-4.24e-01
-3.41e-01
-6.84e-01
9.49e-01
-5.02e-01
-8.69e-01
5.63e-01
2.01e-01
1.26e-01
3.56e-01
8.34e-01
-3.46e-01
-1.53e-01
9.87e-01
7.22e-02
-2.10e-02
3.77e-01
8.99e-01
5.22e-01
-1.92e-01
-3.56e-01
-4.43e-01
-5.79e-01
-4.51e-01
4.24e-01
6.72e-01
9.89e-01
-8.77e-01
-5.40e-01
5.76e-01
-3.18e-01
-5.88e-01
9.38e-01
4.82e-01
6.55e-01
-8.77e-01
