-8.72e-01
-8.76e-01
-9.39e-01
2.91e-01
-3.46e-01
-7.53e-01
-2.75e-01
-8.23e-01
-7.59e-01
-9.46e-01
1.07e-02
-4.16e-01
3.98e-01
-2.85e-01
-2.23e-01
-5.49e-01
9.76e-01
-3.98e-01
-7.07e-01
8.31e-01
5.95e-01
1.72e-01
-9.75e-01
-7.87e-01
-1.99e-01
-2.11e-01
-5.26e-01
7.19e-01
-7.11e-01
-6.69e-01
3.84e-01
-1.73e-01
4.91e-01
5.51e-01
-9.54e-01
-1.60e-02
8.23e-01
-7.33e-01
1.84e-01
5.77e-01
4.47e-01
-8.79e-01
-5.90e-01
-7.56e-01
-7.97e-01
-6.86e-01
-9.63e-01
-8.60e-01
4.25e-01
-4.39e-01
6.47e-01
-9.05e-02
6.43e-01
-2.03e-01
-8.52e-01
7.10e-01
6.89e-01
-4.28e-01
4.96e-01
-5.50e-01
7.98e-01
-7.30e-02
4.22e-01
2.30e-01
-9.46e-01
-3.26e-01
2.36e-01
-9.02e-01
-7.63e-02
-2.94e-01
8.21e-01
9.19e-01
-3.36e-01
-6.87e-01
-9.02e-01
8.17e-01
-6.24e-02
6.51e-01
7.11e-01
9.02e-01
2.78e-01
-7.26e-01
4.91e-01
-9.28e-01
4.43e-01
7.15e-01
-6.23e-01
8.77e-01
1.70e-01
-4.10e-01
-9.15e-01
-9.64e-02
-2.68e-02
7.44e-01
3.22e-01
8.59e-01
-8.85e-01
4.62e-02
-3.14e-01
1.22e-01
-4.66e-01
8.62e-02
-9.97e-01
-3.49e-01
-3.82e-01
-6.46e-01
1.29e-01
2.55e-01
-9.50e-01
-3.41e-01
-9.60e-01
-8.01e-01
-2.51e-01
-6.36e-01
4.14e-01
5.27e-01
3.80e-01
7.11e-01
-7.67e-01
-6.95e-01
-5.49e-01
-5.37e-01
-4.35e-02
-2.33e-01
5.32e-01
6.40e-01
8.87e-01
-2.67e-01
-8.26e-01
-8.64e-01
7.21e-01
-5.11e-02
-9.49e-01
2.29e-02
5.32e-01
-2.24e-01
3.03e-01
1.29e-01
-1.07e-01
-2.43e-01
2.80e-01
-2.47e-01
8.74e-03
-2.20e-01
7.21e-01
4.53e-01
6.39e-01
8.39e-01
-9.38e-01
1.97e-01
7.80e-01
2.38e-01
-2.89e-02
-9.13e-01
9.00e-01
-3.73e-01
-1.77e-01
-4.00e-01
-2.10e-02
-5.52e-01
5.50e-01
-4.01e-01
8.58e-01
-8.61e-02
2.00e-02
7.80e-02
-6.60e-01
-3.53e-01
-8.56e-01
2.46e-02
8.84e-01
7.46e-01
2.84e-01
9.17e-01
7.60e-01
7.46e-01
-5.80e-01
6.33e-01
2.66e-01
7.50e-01
8.18e-01
1.74e-01
-6.30e-01
-5.13e-01
-9.31e-01
-8.60e-01
4.63e-01
1.98e-01
-1.20e-01
5.02e-01
8.46e-01
9.59e-02
-1.32e-01
9.92e-01
-2.08e-01
-8.63e-01
-1.42e-01
-6.47e-01
2.30e-01
-7.50e-01
3.16e-01
-6.25e-01
9.58e-01
-8.29e-01
-4.80e-01
3.49e-01
5.57e-01
9.67e-01
1.00e-01
8.08e-01
-3.42e-01
3.54e-01
8.10e-01
6.25e-01
6.91e-01
-4.23e-01
3.67e-01
-7.61e-01
7.28e-01
6.84e-01
-3.91e-02
2.14e-01
5.58e-01
1.52e-01
6.90e-01
8.76e-01
2.93e-01
1.92e-01
-6.36e-01
3.60e-01
2.90e-01
-6.47e-01
-4.75e-01
2.71e-01
8.32e-01
4.46e-02
1.09e-01
-5.53e-01
-6.47e-01
1.82e-01
5.06e-02
-8.91e-01
6.81e-01
4.77e-02
-2.72e-01
7.79e-01
-4.84e-01
1.36e-01
9.44e-01
3.07e-01
-8.24e-01
1.37e-01
9.33e-01
3.08e-01
-2.44e-02
1.28e-01
-9.56e-01
7.29e-01
3.87e-01
-6.35e-01
-7.78e-02
-6.76e-01
9.32e-01
5.80e-01
8.22e-01
