-2.92e-01
9.21e-01
4.74e-02
2.91e-01
-9.07e-01
-8.73e-01
5.78e-01
6.67e-01
-9.37e-01
9.19e-01
-3.05e-01
-6.09e-01
-7.47e-01
-2.84e-01
-8.48e-01
-6.33e-01
-5.89e-01
5.12e-01
-1.75e-01
-4.39e-01
1.44e-01
1.12e-01
8.60e-02
-4.11e-01
-5.95e-01
-5.19e-02
4.66e-01
-1.58e-01
-8.29e-01
-9.09e-01
6.71e-01
-6.81e-01
6.41e-01
5.83e-01
8.18e-01
-5.75e-01
2.16e-01
-6.52e-01
6.15e-01
9.74e-01
-4.86e-01
7.05e-01
-5.71e-01
-7.72e-01
2.18e-01
4.95e-01
9.00e-02
-8.60e-01
4.25e-01
-4.39e-01
-8.95e-01
9.48e-01
5.78e-01
-2.79e-01
-8.34e-01
-5.47e-01
-7.23e-01
-8.98e-01
8.87e-01
-4.38e-01
6.50e-01
-1.43e-01
1.23e-02
-9.34e-02
-8.77e-01
1.70e-01
9.95e-01
1.79e-01
8.86e-01
-5.59e-01
9.52e-02
-8.24e-01
3.12e-01
-7.89e-01
4.24e-01
-8.11e-01
-7.86e-01
2.80e-01
6.40e-01
-3.74e-01
9.35e-02
-8.13e-02
9.61e-01
1.89e-01
-5.75e-02
2.47e-01
-6.66e-02
7.58e-01
-6.80e-01
-3.15e-01
2.98e-01
4.43e-01
3.69e-01
-7.77e-01
3.22e-01
8.59e-01
-8.85e-01
4.62e-02
-3.14e-01
1.22e-01
-4.66e-01
8.62e-02
-9.97e-01
-3.49e-01
-3.82e-01
-6.46e-01
1.29e-01
2.55e-01
-9.50e-01
-3.41e-01
-9.60e-01
-8.01e-01
-2.51e-01
-6.36e-01
-3.54e-01
9.87e-01
-6.04e-01
-1.53e-01
5.79e-01
9.86e-01
1.12e-01
5.85e-01
6.86e-01
-1.05e-01
-3.14e-01
-8.47e-01
-3.82e-01
9.10e-01
-2.07e-01
-8.64e-01
7.21e-01
-5.11e-02
-9.49e-01
-9.15e-01
-3.71e-01
-2.24e-01
3.03e-01
1.29e-01
-1.07e-01
-4.69e-01
5.81e-01
-5.50e-01
-4.19e-01
7.41e-02
-6.69e-01
4.53e-01
6.39e-01
8.39e-01
-9.38e-01
1.97e-01
7.80e-01
2.38e-01
-2.89e-02
-9.13e-01
9.00e-01
-5.98e-01
7.49e-01
-5.64e-01
3.54e-01
-5.52e-01
5.50e-01
-4.01e-01
8.58e-01
-8.61e-02
2.00e-02
7.80e-02
-6.60e-01
-3.53e-01
-8.56e-01
-6.44e-01
-8.12e-01
9.09e-01
-7.70e-01
-8.62e-01
3.58e-02
3.86e-02
-6.14e-01
-2.73e-01
9.78e-01
1.58e-01
1.52e-02
-2.13e-02
-4.85e-01
-5.65e-01
-8.87e-01
-4.16e-01
-2.04e-01
8.27e-01
-8.21e-02
3.64e-01
-5.48e-01
-4.99e-01
7.18e-01
-1.07e-01
1.37e-01
7.61e-01
1.86e-01
-1.90e-01
2.30e-01
-4.96e-01
4.22e-01
-7.11e-01
9.58e-01
-8.29e-01
-4.80e-01
3.49e-01
5.57e-01
9.67e-01
1.00e-01
8.08e-01
-3.42e-01
3.54e-01
8.10e-01
6.25e-01
6.91e-01
-4.23e-01
3.67e-01
-7.61e-01
7.92e-01
8.65e-01
-8.39e-01
-8.02e-01
9.86e-01
5.63e-01
6.90e-01
8.76e-01
2.93e-01
1.92e-01
-6.36e-01
3.60e-01
-6.55e-01
7.18e-01
-4.64e-01
-4.96e-01
2.13e-01
7.40e-01
-8.02e-01
-4.89e-01
5.99e-01
2.23e-02
-8.23e-01
-2.69e-01
-1.11e-01
5.24e-01
5.95e-02
-7.25e-01
3.65e-01
4.08e-01
9.44e-01
3.07e-01
-8.24e-01
1.37e-01
9.33e-01
3.08e-01
-2.44e-02
1.28e-01
-9.56e-01
7.29e-01
3.87e-01
-6.35e-01
-7.78e-02
-6.76e-01
9.32e-01
5.80e-01
8.22e-01
