2.30e-01
8.91e-01
-9.48e-01
-3.04e-02
2.07e-01
5.39e-01
4.01e-01
9.41e-01
2.03e-01
-8.99e-01
-7.97e-01
-7.35e-01
-3.84e-01
-9.03e-02
7.05e-01
-4.66e-02
-9.98e-01
-7.21e-01
-2.62e-01
-6.13e-01
6.72e-01
-2.25e-01
-1.10e-01
-2.21e-01
3.84e-01
8.76e-01
6.20e-02
5.07e-01
-2.67e-01
6.64e-01
7.66e-01
2.77e-01
3.39e-01
2.32e-01
-7.75e-01
-7.14e-01
-3.87e-01
7.98e-01
1.22e-01
8.92e-01
-4.31e-01
8.39e-01
-4.51e-01
-4.77e-01
-3.15e-01
-8.18e-01
-5.85e-01
8.51e-01
9.23e-01
-7.93e-03
4.40e-02
-8.97e-01
-3.07e-01
-3.64e-01
-1.64e-01
3.75e-01
-8.53e-01
5.62e-01
-3.18e-01
-5.86e-01
-7.60e-01
-6.46e-01
-3.38e-02
9.30e-02
2.06e-01
-2.96e-01
-6.67e-01
7.29e-01
-6.01e-01
-6.91e-01
9.71e-01
-2.10e-01
-7.83e-01
9.82e-01
6.78e-01
3.31e-01
-4.41e-01
-2.00e-01
7.48e-01
-5.34e-01
9.98e-01
6.90e-01
-3.50e-01
-3.78e-02
-7.68e-01
-8.41e-01
-3.95e-01
-6.25e-01
-9.42e-02
-8.70e-01
-1.10e-01
8.92e-01
8.70e-01
4.54e-01
1.76e-01
-7.94e-01
9.56e-01
1.02e-01
-5.91e-01
-6.50e-01
3.69e-01
3.09e-01
-8.28e-01
9.43e-01
-3.60e-01
8.84e-01
-3.77e-01
5.68e-01
8.14e-01
-6.61e-01
-4.69e-01
-9.64e-01
-4.90e-01
5.00e-02
-1.56e-02
4.74e-01
-5.91e-01
-6.94e-01
-4.97e-01
8.96e-01
9.84e-01
5.36e-01
9.27e-02
-5.68e-01
5.24e-01
-2.68e-02
6.48e-01
-3.32e-01
5.89e-01
-6.41e-01
-7.16e-01
6.95e-01
-9.73e-01
-6.13e-01
3.23e-01
-1.66e-02
-4.68e-01
1.48e-01
4.95e-01
-7.71e-01
5.66e-01
1.98e-01
-6.68e-01
9.20e-01
-6.68e-01
-2.20e-02
-8.26e-01
-9.14e-01
-6.49e-01
-5.19e-01
9.91e-01
-1.41e-02
2.38e-01
9.47e-01
-5.50e-01
4.21e-01
2.00e-01
-3.90e-01
-1.26e-01
-7.29e-01
9.65e-01
-5.65e-01
-7.88e-01
-4.21e-01
-1.24e-01
-3.08e-03
7.11e-01
1.53e-01
7.80e-01
2.00e-01
-8.23e-02
-5.22e-01
1.59e-01
3.57e-02
1.45e-01
-6.90e-01
-3.74e-01
2.48e-01
-5.64e-01
2.71e-01
7.69e-01
-5.41e-01
9.11e-01
8.93e-02
1.30e-02
-1.61e-02
-1.22e-01
-7.67e-01
4.37e-01
-5.35e-01
-4.36e-01
7.94e-01
2.05e-01
9.80e-01
-6.56e-01
7.76e-02
-6.45e-01
7.78e-01
3.93e-01
1.31e-01
-2.59e-01
-2.69e-01
-9.98e-01
8.03e-01
6.50e-01
2.23e-01
1.21e-01
-1.37e-02
-6.72e-02
9.98e-01
8.02e-01
-7.23e-01
7.96e-01
-3.45e-01
6.12e-01
-3.93e-02
-5.57e-01
8.42e-01
7.85e-01
-7.41e-01
1.74e-01
-1.11e-01
1.90e-01
-8.34e-01
-8.77e-01
-2.46e-01
7.83e-01
8.84e-01
-7.95e-01
1.31e-02
1.38e-01
-3.18e-01
8.46e-01
6.56e-01
-4.48e-01
-1.75e-01
6.00e-01
3.80e-01
-1.66e-01
7.83e-01
-5.58e-01
6.02e-01
-8.00e-02
-9.20e-01
-7.92e-01
-7.41e-01
6.69e-01
-9.37e-01
7.56e-01
-4.01e-01
-3.87e-01
-6.01e-01
1.14e-01
-3.69e-01
5.10e-01
-6.71e-01
-6.74e-01
-1.68e-01
8.31e-01
-9.54e-01
-2.19e-01
-8.20e-01
-8.81e-01
-4.26e-01
-7.92e-01
