9.07e-01
7.05e-01
-3.97e-01
7.71e-01
8.51e-01
-4.07e-01
4.10e-01
-4.78e-01
-3.59e-01
-3.27e-01
6.42e-01
9.05e-01
-9.82e-01
3.48e-01
-8.72e-01
-8.85e-02
9.85e-01
-5.17e-01
3.91e-01
-6.01e-01
-1.26e-02
-3.35e-01
6.46e-01
9.12e-01
-4.52e-01
7.60e-01
4.59e-03
1.81e-01
-4.18e-01
-5.69e-01
4.51e-01
-2.45e-01
3.86e-01
-2.10e-02
-3.07e-01
7.95e-02
-1.05e-01
3.36e-02
-1.98e-02
-3.82e-01
9.35e-01
-1.38e-01
1.64e-01
-8.04e-01
6.80e-01
8.33e-01
7.24e-01
-7.15e-01
5.06e-01
-7.43e-01
2.79e-01
-6.24e-01
-7.35e-01
-5.98e-03
-5.45e-01
-3.28e-01
1.88e-02
5.08e-01
-5.44e-01
-6.46e-01
-3.26e-01
-9.56e-03
3.18e-01
-7.07e-02
-9.10e-01
3.06e-01
9.60e-02
-9.02e-01
-7.38e-01
3.76e-01
4.57e-01
-6.18e-01
-9.06e-01
-7.63e-01
3.86e-01
5.93e-01
1.27e-01
8.43e-01
7.91e-01
1.35e-01
-9.27e-01
4.99e-01
8.10e-03
5.77e-01
-6.16e-01
-1.02e-01
-7.95e-01
8.04e-01
-9.86e-01
5.89e-01
2.94e-01
-4.75e-01
4.52e-01
5.58e-01
-3.39e-01
-6.85e-01
4.69e-01
-2.59e-01
-7.85e-01
7.29e-01
-7.99e-02
7.04e-01
-3.33e-01
-6.60e-01
-3.47e-01
-2.23e-01
-4.21e-01
-8.77e-01
8.69e-01
2.93e-01
1.32e-01
9.07e-01
-7.43e-01
-4.58e-02
-6.85e-02
-5.66e-01
5.55e-02
-7.07e-01
-7.15e-01
5.53e-01
7.00e-01
-1.28e-01
4.35e-01
5.24e-01
-8.90e-01
-8.69e-01
-3.98e-01
-7.07e-01
8.08e-01
-4.86e-02
1.95e-01
-5.90e-01
5.93e-01
6.60e-01
3.13e-01
-9.08e-01
-9.55e-01
3.23e-01
2.44e-01
2.75e-02
4.29e-01
7.30e-01
3.83e-01
-1.45e-01
2.35e-01
1.66e-01
-4.14e-01
1.30e-01
5.88e-02
-1.46e-01
6.21e-02
-2.19e-01
-3.32e-01
-7.61e-01
-9.57e-01
-1.87e-01
-5.67e-01
-4.07e-01
2.41e-02
9.67e-01
1.61e-01
5.03e-01
-3.22e-01
-6.16e-01
-9.60e-01
7.56e-01
-1.80e-01
-1.98e-01
6.56e-01
-8.82e-01
-8.98e-01
7.28e-01
-4.58e-01
-6.28e-01
1.43e-02
1.07e-02
2.09e-01
1.12e-01
9.76e-01
-4.54e-01
7.53e-01
4.19e-01
3.83e-01
5.91e-01
3.35e-01
3.48e-01
5.91e-01
-4.20e-01
-9.09e-01
5.23e-01
1.27e-01
5.46e-01
-9.94e-01
5.32e-01
-9.47e-01
8.05e-01
3.61e-01
9.76e-01
4.54e-01
2.23e-01
7.97e-01
8.52e-01
6.20e-01
7.54e-01
2.34e-01
-4.07e-01
6.68e-01
-5.90e-01
-5.23e-02
8.64e-01
-4.85e-01
9.00e-01
1.79e-01
-2.91e-01
1.38e-01
2.69e-02
1.56e-01
-8.03e-02
4.96e-01
-7.77e-01
9.93e-01
-6.47e-01
-1.81e-01
-5.99e-02
-1.07e-02
7.36e-02
4.70e-01
3.55e-02
-5.83e-03
-1.83e-01
1.04e-01
-2.52e-01
4.30e-01
-1.76e-01
9.02e-01
-7.47e-01
-4.17e-01
9.51e-01
-9.09e-01
-3.02e-01
-9.80e-01
-8.69e-01
-1.50e-01
1.95e-01
-4.06e-01
7.38e-01
-4.86e-01
-7.63e-01
1.63e-01
-6.68e-01
-4.86e-01
-6.90e-01
-6.58e-01
-2.55e-01
8.75e-01
-1.92e-01
7.82e-01
9.41e-01
-6.52e-02
9.52e-01
-6.42e-01
9.64e-01
-2.71e-01
3.78e-01
5.36e-01
