-9.07e-01
-9.05e-01
6.49e-01
4.93e-01
-5.18e-01
-1.40e-01
-2.73e-01
-8.90e-01
3.92e-01
2.43e-01
-4.03e-01
5.66e-01
4.83e-01
-5.84e-01
1.65e-01
-4.64e-03
6.42e-01
3.01e-01
7.81e-01
9.25e-01
7.14e-01
-9.59e-01
6.62e-01
9.20e-01
9.76e-01
5.82e-01
-4.57e-01
6.72e-01
1.47e-01
2.27e-01
3.97e-01
6.72e-01
2.65e-01
1.49e-01
-2.85e-01
-8.07e-01
-2.17e-01
3.04e-02
-5.06e-01
1.47e-02
6.57e-01
4.36e-01
-4.99e-01
5.22e-01
8.83e-01
-9.47e-01
-4.78e-02
-9.60e-01
-2.28e-01
-9.91e-01
-4.56e-01
-9.69e-01
-7.14e-01
-6.50e-01
-4.10e-01
2.34e-01
-9.33e-01
-1.02e-01
-9.22e-01
-9.54e-01
5.25e-01
5.30e-01
-2.31e-02
2.17e-01
4.60e-01
-6.31e-01
9.35e-01
9.21e-01
7.35e-01
5.59e-01
-7.03e-01
9.30e-01
-8.66e-01
2.73e-01
2.47e-01
-3.10e-01
-1.52e-01
1.27e-01
-8.48e-01
2.52e-01
-5.00e-01
-1.34e-01
-3.61e-01
-3.40e-01
9.87e-01
2.09e-01
9.72e-01
6.84e-01
-1.43e-01
-2.61e-01
-9.04e-01
6.98e-01
-8.21e-01
3.29e-01
5.06e-01
-7.02e-01
5.48e-01
3.40e-01
-9.69e-01
3.90e-01
-1.00e-01
-7.71e-01
7.56e-01
9.63e-01
5.81e-01
7.82e-01
-3.76e-01
-1.40e-01
-1.44e-01
6.65e-01
-8.58e-01
-6.23e-01
5.64e-01
7.24e-01
2.81e-01
-4.08e-01
9.83e-01
-7.09e-02
4.74e-01
-6.51e-01
-1.82e-01
4.00e-01
4.19e-01
3.98e-01
-8.20e-01
-1.44e-01
9.31e-01
9.11e-01
-7.96e-01
-7.78e-01
-2.99e-01
1.99e-01
-8.92e-01
-8.85e-01
-1.20e-01
-6.85e-01
1.52e-01
-8.23e-01
4.68e-01
-1.64e-01
6.31e-01
-5.18e-01
7.19e-02
5.78e-01
7.56e-01
2.55e-01
-7.19e-01
5.56e-02
-8.06e-01
-9.51e-01
3.52e-01
-2.04e-01
-9.52e-02
9.25e-01
9.22e-01
8.88e-02
-2.31e-01
-4.08e-01
-5.70e-01
9.87e-01
7.06e-01
4.34e-01
-1.90e-01
6.49e-01
4.96e-01
7.11e-01
-9.14e-01
-9.69e-01
7.16e-01
-6.87e-01
-6.67e-01
4.28e-01
-3.87e-01
3.68e-01
1.01e-01
2.19e-02
-1.07e-01
-9.26e-01
-2.48e-01
-7.28e-01
-5.61e-01
1.32e-01
9.21e-01
-8.01e-01
-5.33e-01
-7.77e-01
1.59e-01
-7.13e-01
-5.84e-01
-3.27e-01
4.69e-01
-1.15e-01
-4.07e-01
3.27e-01
-6.86e-02
2.09e-01
2.08e-01
9.42e-02
8.70e-01
7.84e-01
-6.81e-01
4.86e-01
2.35e-01
2.14e-01
4.83e-01
-4.45e-01
-9.54e-01
-4.78e-01
-6.32e-01
-7.61e-01
-8.70e-01
-4.31e-01
-3.78e-01
-3.05e-01
3.67e-01
-9.41e-01
-9.78e-01
1.24e-01
-3.75e-01
-6.91e-01
-6.99e-01
9.10e-01
4.59e-02
9.54e-01
5.04e-01
7.28e-01
1.08e-01
-3.08e-01
1.03e-01
-5.99e-01
-6.37e-02
2.30e-01
3.65e-01
4.58e-01
-7.60e-01
7.84e-02
-6.37e-01
8.17e-01
-7.44e-01
-5.11e-01
1.15e-01
-2.05e-02
-3.39e-01
-3.87e-01
9.46e-01
6.19e-01
-2.90e-01
2.75e-01
2.52e-01
6.08e-02
-4.57e-01
-6.81e-01
7.98e-01
6.41e-01
7.88e-01
6.03e-01
6.22e-01
6.19e-01
1.45e-01
-9.02e-02
-4.59e-01
7.01e-01
6.61e-01
-1.91e-01
-2.28e-01
