-8.72e-01
-2.43e-01
4.75e-02
2.85e-01
-6.51e-01
8.64e-01
2.28e-01
8.44e-01
7.12e-01
-2.80e-01
-9.81e-01
3.05e-01
-5.00e-01
7.48e-01
7.65e-01
8.22e-01
-6.52e-01
8.54e-01
1.95e-01
-1.27e-01
7.41e-01
5.07e-01
3.84e-01
-5.91e-01
-4.05e-01
-8.63e-02
5.45e-01
-9.18e-01
-8.40e-02
-1.75e-01
-1.43e-01
5.02e-01
9.93e-01
-3.31e-01
5.80e-01
4.76e-01
-7.95e-01
-5.09e-01
-9.73e-01
-6.14e-01
8.82e-01
-9.22e-01
5.25e-01
2.07e-01
-5.14e-01
-9.18e-01
-9.96e-01
-4.58e-01
-2.08e-01
-5.15e-01
4.78e-01
-9.26e-01
-7.27e-01
-4.21e-01
-4.31e-01
-2.12e-01
-3.78e-01
-9.47e-01
7.70e-01
1.11e-01
-2.83e-01
-4.68e-01
8.51e-03
4.90e-01
-4.75e-01
-7.47e-01
1.67e-01
-4.85e-01
-8.86e-01
-6.42e-01
5.49e-01
-3.29e-01
-1.51e-01
9.13e-01
1.67e-01
-8.28e-01
-2.77e-01
9.65e-01
-8.59e-01
-3.19e-01
-6.55e-02
8.08e-01
2.90e-01
-6.36e-01
-4.67e-01
1.35e-01
2.10e-01
2.42e-01
-6.41e-01
-4.41e-01
-1.03e-01
3.11e-01
-4.38e-01
-5.54e-01
-9.01e-01
-9.76e-01
3.69e-01
-2.40e-02
1.15e-02
-6.25e-01
-7.98e-01
-3.42e-01
1.86e-01
-8.10e-02
9.77e-02
-5.56e-01
-8.92e-01
8.20e-01
8.41e-01
5.18e-01
1.72e-01
-8.06e-01
6.41e-01
4.00e-01
-7.68e-01
2.49e-01
9.67e-01
-6.27e-01
4.49e-01
6.95e-01
-5.48e-01
-8.68e-01
-4.59e-01
-8.98e-01
-3.18e-01
4.20e-01
-9.11e-01
2.77e-02
-6.42e-01
-6.80e-01
-4.37e-01
-7.94e-01
9.35e-01
8.81e-01
6.40e-01
6.53e-01
9.92e-01
-4.41e-01
-9.84e-01
2.72e-01
4.93e-02
1.33e-01
9.29e-01
2.79e-01
-5.77e-01
6.84e-02
4.21e-01
-5.64e-01
-8.36e-01
1.83e-01
7.06e-01
2.96e-01
-3.10e-01
6.71e-01
4.27e-01
-7.61e-01
-4.01e-01
-7.62e-01
-1.03e-01
7.50e-01
-2.98e-01
-8.83e-01
-9.34e-01
-9.90e-01
9.04e-01
4.94e-01
6.69e-01
9.35e-01
9.35e-01
6.16e-01
8.81e-01
-7.06e-01
2.84e-01
-9.11e-01
2.16e-01
-4.41e-01
9.72e-01
-1.79e-01
-9.21e-02
4.94e-01
9.25e-01
8.56e-01
7.27e-01
-5.25e-01
-4.08e-02
-1.69e-01
5.37e-01
-3.15e-01
-2.79e-01
3.69e-01
7.01e-01
1.42e-01
1.55e-01
5.82e-01
-3.84e-01
5.19e-01
1.24e-01
1.68e-01
-3.80e-01
4.04e-01
-8.57e-02
-9.82e-01
-9.75e-01
-1.38e-01
4.47e-01
2.99e-01
-6.21e-01
-7.33e-01
2.75e-01
3.31e-02
-7.97e-01
-4.51e-01
4.56e-01
9.15e-01
2.04e-01
-4.70e-01
6.42e-01
4.94e-01
6.56e-02
7.94e-01
-8.65e-01
5.89e-01
-4.06e-01
3.30e-01
3.00e-01
-5.54e-01
5.37e-01
-7.19e-01
9.80e-01
-4.37e-01
-7.99e-01
-3.71e-01
-4.36e-01
7.91e-01
6.07e-01
8.59e-03
4.98e-01
-4.34e-01
9.54e-01
-6.36e-01
7.33e-01
2.55e-01
2.95e-01
-5.13e-01
1.17e-01
-3.53e-01
-6.59e-01
-1.69e-01
5.12e-01
3.72e-01
2.98e-01
2.08e-01
1.54e-01
-3.28e-01
-1.99e-03
-9.22e-01
1.94e-01
5.05e-01
4.23e-01
-9.00e-01
-9.90e-01
-4.72e-01
3.60e-01
5.66e-01
-4.78e-01
