-7.46e-02
-3.05e-01
-6.02e-03
-9.19e-01
2.79e-01
-5.80e-01
-8.61e-01
-8.71e-01
-5.04e-01
-6.94e-01
4.98e-01
-8.33e-01
-3.41e-01
-1.86e-01
-4.22e-01
-7.47e-01
8.63e-01
3.47e-01
-9.62e-01
-3.89e-02
1.60e-01
-7.50e-01
-8.47e-01
-4.21e-02
8.77e-01
4.15e-01
6.05e-01
9.48e-01
-4.50e-01
-5.16e-01
4.48e-01
-6.25e-01
-6.43e-04
8.66e-01
-4.42e-01
2.68e-01
5.83e-01
-9.51e-01
-3.86e-01
-2.08e-01
6.07e-01
-9.87e-01
4.15e-01
5.30e-01
8.93e-01
-8.36e-01
9.90e-01
-6.75e-01
-8.42e-01
9.72e-01
-3.69e-01
1.87e-01
1.32e-01
-7.67e-01
6.18e-01
9.09e-01
6.88e-01
6.60e-01
8.30e-01
4.92e-01
9.86e-01
9.04e-01
3.68e-01
5.05e-01
8.83e-01
-9.80e-01
5.85e-01
-1.36e-01
-1.09e-01
-4.59e-01
-4.66e-01
9.02e-01
-6.37e-01
-8.75e-01
-4.25e-01
2.37e-01
1.21e-01
-3.74e-01
-7.35e-01
6.24e-01
8.49e-01
-3.72e-01
-1.62e-01
-7.66e-01
-9.63e-01
1.86e-01
-1.41e-01
9.49e-01
8.71e-01
-3.89e-01
5.26e-01
-9.29e-01
-2.68e-01
3.38e-01
6.00e-01
9.80e-01
-4.99e-03
-2.85e-01
-6.86e-01
-6.61e-01
4.54e-01
1.48e-01
9.98e-01
5.54e-01
-3.45e-01
7.08e-01
-5.44e-01
-6.30e-01
9.88e-01
-6.32e-01
-1.03e-01
-3.94e-01
-7.80e-01
-7.34e-01
-4.98e-01
9.71e-01
9.07e-01
2.25e-01
-7.71e-01
5.50e-01
-2.18e-01
2.76e-01
-3.46e-01
4.72e-01
-1.16e-01
-3.50e-01
6.68e-01
-6.90e-01
7.33e-01
3.23e-01
9.22e-01
-2.15e-01
2.92e-01
5.14e-01
-1.78e-01
-9.17e-01
-8.58e-02
-1.62e-01
-1.25e-01
2.23e-01
-9.47e-01
7.10e-01
-1.86e-01
7.40e-01
4.15e-02
-1.40e-01
-9.10e-01
-6.01e-01
4.80e-01
-3.19e-01
4.71e-01
8.73e-01
4.63e-01
-6.20e-01
-1.26e-01
4.83e-02
-3.67e-01
-2.44e-01
-3.48e-02
3.88e-01
-7.19e-02
-9.53e-01
-6.24e-01
4.67e-01
-9.23e-01
8.48e-01
7.94e-01
-2.54e-01
-5.39e-01
5.82e-01
-1.09e-01
8.62e-01
6.32e-01
-8.78e-01
-4.75e-01
3.36e-01
-7.69e-01
-6.24e-02
6.39e-01
-4.59e-01
-9.14e-01
1.45e-01
5.75e-01
1.09e-01
9.92e-01
2.19e-01
-2.42e-01
-7.47e-01
-3.78e-01
8.61e-01
7.02e-01
3.38e-01
1.92e-01
-8.76e-01
-1.38e-01
-8.15e-01
-2.77e-02
-5.19e-02
-3.11e-01
8.08e-01
-4.68e-01
-6.34e-01
6.76e-01
-4.69e-01
-1.09e-01
9.04e-01
-9.03e-01
5.59e-01
5.61e-01
-4.48e-01
3.67e-01
-1.76e-01
-6.92e-01
6.96e-01
2.57e-01
-5.51e-01
-1.34e-01
2.91e-01
-5.27e-01
-9.40e-02
-3.68e-01
6.93e-01
6.80e-01
-3.84e-01
-5.93e-01
-8.23e-01
6.04e-01
4.30e-01
-6.35e-01
-8.59e-01
-9.34e-01
-9.27e-01
6.25e-01
-2.52e-01
3.68e-01
3.11e-01
-9.99e-01
7.10e-01
9.58e-01
-8.85e-01
5.63e-01
-8.43e-01
-3.01e-02
9.75e-02
8.78e-01
-5.18e-01
6.88e-01
7.83e-01
6.36e-01
3.42e-01
-7.95e-01
-8.76e-01
-4.00e-02
-4.14e-01
3.07e-01
8.63e-01
6.07e-01
2.30e-01
-6.68e-02
3.69e-01
-1.90e-02
2.88e-01
-2.50e-01
9.09e-01
-6.78e-01
