-1.60e-01
-1.64e-01
5.97e-01
-5.58e-01
4.34e-01
-9.86e-01
-2.11e-01
-8.78e-01
-7.44e-01
7.61e-01
1.18e-01
-2.12e-01
-3.14e-01
-3.25e-01
2.60e-01
-3.00e-01
5.49e-01
9.13e-01
9.36e-02
6.00e-01
3.89e-01
-8.50e-02
-7.90e-01
-1.38e-01
1.16e-01
3.11e-01
-4.70e-01
9.48e-01
-4.50e-01
-5.16e-01
4.48e-01
-6.25e-01
-6.43e-04
8.66e-01
-4.42e-01
2.68e-01
5.83e-01
-9.51e-01
-3.86e-01
-2.08e-01
6.07e-01
-9.87e-01
4.15e-01
5.30e-01
1.60e-01
6.74e-01
2.40e-01
-6.72e-01
-3.55e-01
5.12e-01
-3.17e-01
1.87e-01
1.32e-01
-7.67e-01
6.18e-01
9.09e-01
-9.94e-01
3.13e-01
3.48e-01
1.15e-01
-8.20e-01
-5.20e-01
-8.56e-01
5.53e-01
2.83e-02
-6.57e-01
-3.43e-01
2.61e-01
-3.94e-01
5.28e-01
9.57e-01
1.54e-01
2.70e-01
6.06e-01
2.05e-01
9.50e-01
6.12e-01
-8.66e-01
-5.79e-01
-2.36e-01
3.89e-01
2.77e-01
3.45e-01
6.07e-01
8.61e-01
6.72e-01
-2.00e-01
-9.82e-01
9.41e-01
2.70e-01
-7.37e-01
3.26e-01
-3.16e-01
-4.31e-01
-9.78e-01
4.43e-03
3.50e-01
-1.43e-01
1.50e-02
-6.27e-02
3.95e-01
-7.60e-01
-8.30e-01
5.04e-01
-8.44e-01
6.19e-01
9.24e-01
-2.34e-01
7.64e-02
-9.67e-01
-8.23e-01
-5.88e-01
-7.11e-01
5.13e-01
2.51e-01
3.06e-01
7.71e-01
-4.03e-01
-4.73e-01
4.46e-01
-6.33e-01
8.17e-02
-7.02e-01
3.87e-01
-1.11e-01
-3.23e-02
4.38e-01
-1.84e-01
7.03e-01
-3.74e-01
-3.27e-01
-4.85e-01
6.38e-01
-2.47e-01
8.26e-01
-5.54e-01
-8.59e-01
3.79e-01
-5.40e-01
2.52e-01
3.23e-01
9.44e-01
8.43e-01
-5.23e-01
4.53e-01
-3.13e-01
-9.78e-01
-9.67e-01
-3.38e-01
9.41e-01
-2.38e-01
-6.81e-02
-1.08e-01
8.73e-01
3.37e-01
-5.93e-02
5.07e-01
7.56e-01
-9.88e-01
9.05e-01
8.07e-01
4.70e-01
3.45e-02
2.45e-01
-5.12e-01
4.38e-02
-3.56e-01
-3.00e-02
4.84e-01
-7.40e-01
9.89e-01
4.30e-01
-6.54e-01
-6.66e-02
-6.92e-01
3.93e-01
2.56e-01
-5.06e-01
3.45e-01
3.43e-01
5.25e-01
1.89e-01
-4.69e-02
4.80e-01
5.63e-01
7.01e-02
8.98e-01
-9.90e-01
3.32e-01
-3.76e-01
-5.19e-01
1.43e-01
-5.84e-01
-7.58e-01
-3.91e-01
-2.21e-01
-7.65e-01
-8.98e-01
-8.24e-01
-2.67e-01
4.82e-01
-5.96e-01
-2.57e-01
-6.57e-01
2.51e-01
5.68e-01
-9.03e-01
5.59e-01
5.61e-01
-4.48e-01
3.67e-01
-1.76e-01
-6.92e-01
6.96e-01
2.57e-01
-5.51e-01
-1.34e-01
2.91e-01
-5.27e-01
-9.40e-02
-3.68e-01
6.93e-01
6.80e-01
-3.84e-01
-5.93e-01
-8.23e-01
6.04e-01
4.30e-01
-6.35e-01
-8.59e-01
-9.34e-01
-9.27e-01
6.25e-01
-2.52e-01
3.68e-01
3.11e-01
-9.99e-01
7.10e-01
9.58e-01
-8.85e-01
5.63e-01
-8.43e-01
-3.01e-02
9.75e-02
8.78e-01
-5.18e-01
6.88e-01
7.83e-01
6.36e-01
3.42e-01
-7.95e-01
-8.76e-01
-4.00e-02
-4.14e-01
3.07e-01
8.63e-01
6.07e-01
5.05e-01
4.23e-01
-9.00e-01
-9.90e-01
-4.72e-01
3.60e-01
5.66e-01
-4.78e-01
