6.56e-01
6.77e-01
7.57e-01
-3.31e-01
-5.33e-01
8.39e-01
8.69e-01
2.80e-01
-3.85e-01
4.55e-01
4.18e-01
9.21e-01
6.90e-01
-7.07e-01
7.55e-01
-1.82e-01
2.90e-01
-4.08e-02
7.14e-01
4.43e-01
-9.89e-01
-9.42e-01
-6.26e-01
-3.35e-01
-1.87e-01
-6.48e-01
2.48e-01
-1.37e-01
-2.54e-01
5.89e-01
-1.70e-01
5.73e-02
-6.97e-01
3.64e-01
-3.54e-01
-2.04e-01
9.04e-01
-3.45e-01
4.82e-01
-5.05e-01
-4.34e-01
3.57e-02
5.42e-01
4.04e-01
3.63e-01
-6.85e-01
-9.96e-01
4.24e-01
5.31e-01
5.09e-01
-4.50e-01
-6.11e-01
-4.42e-01
6.99e-01
5.99e-01
-6.66e-01
6.27e-01
2.04e-01
-2.17e-01
-2.16e-01
8.60e-01
-4.34e-01
1.96e-01
-3.51e-01
1.53e-01
-3.73e-01
7.19e-01
8.13e-01
-5.11e-01
-2.31e-01
-5.40e-01
-9.61e-01
9.77e-01
-3.44e-01
-7.20e-01
-7.82e-01
8.61e-01
-5.16e-01
2.84e-01
-1.59e-01
4.49e-01
-2.64e-01
-5.30e-01
-2.80e-01
-9.03e-01
9.92e-01
-2.11e-02
9.75e-01
6.94e-01
-4.13e-01
-5.50e-01
-6.97e-01
8.59e-01
-6.38e-01
4.63e-02
-1.50e-01
7.62e-01
2.91e-01
-6.24e-01
-4.89e-01
2.35e-01
2.02e-01
6.79e-01
4.17e-01
5.89e-01
5.01e-01
-7.77e-01
-2.50e-01
2.64e-01
6.44e-01
-2.02e-01
1.51e-01
9.43e-01
-2.56e-01
-7.49e-01
9.94e-01
-3.44e-01
1.75e-01
-7.12e-01
-8.54e-01
1.36e-01
7.17e-02
9.07e-01
-4.63e-01
2.72e-01
-9.98e-01
9.50e-01
2.96e-01
7.29e-01
-2.98e-01
-6.69e-01
4.67e-01
-6.72e-01
5.95e-01
-7.26e-01
9.60e-02
2.08e-01
2.00e-01
-7.94e-01
6.00e-01
-6.89e-01
9.31e-01
-9.01e-02
5.19e-01
-7.70e-01
-5.35e-01
4.72e-01
8.17e-01
-6.82e-01
-2.56e-01
-9.02e-01
-6.97e-01
4.13e-02
-9.89e-01
5.73e-01
-6.12e-01
6.50e-01
-9.12e-01
6.52e-01
-3.47e-01
-9.00e-01
-6.47e-01
-4.00e-01
3.36e-01
9.68e-01
4.97e-01
4.79e-01
3.70e-01
8.35e-01
-9.56e-01
8.14e-02
-6.72e-01
7.28e-01
7.32e-02
2.92e-01
-2.14e-01
-4.14e-01
7.26e-01
-9.62e-01
3.29e-01
1.78e-01
2.63e-01
8.03e-01
-3.31e-01
-1.29e-01
-5.59e-02
-4.28e-01
8.74e-01
-6.65e-01
9.15e-01
2.34e-01
4.84e-01
2.89e-01
1.64e-02
8.30e-01
-3.92e-01
-1.75e-01
-3.22e-02
-2.06e-01
7.65e-01
7.85e-02
6.41e-01
-2.45e-02
-5.25e-01
-7.26e-01
-4.03e-01
-9.95e-01
-2.07e-01
3.26e-01
-8.89e-01
-5.21e-01
1.88e-01
9.96e-01
7.53e-01
9.34e-01
3.94e-01
-4.15e-01
6.15e-01
3.28e-01
-1.63e-01
-6.72e-01
5.64e-01
4.00e-01
4.59e-01
-2.17e-01
5.46e-01
-4.29e-01
6.08e-01
2.66e-01
-2.69e-01
9.13e-01
1.48e-01
1.31e-01
6.25e-01
-3.83e-01
3.88e-01
9.04e-01
1.64e-01
3.65e-02
-2.08e-01
-5.22e-02
-6.45e-01
9.22e-01
9.28e-01
-6.01e-01
-6.50e-01
-9.37e-01
7.95e-01
9.97e-02
-4.15e-01
-9.40e-01
2.35e-01
-2.55e-01
8.80e-01
3.33e-01
-9.60e-02
-8.97e-01
-4.35e-01
5.67e-01
-7.66e-01
5.75e-02
-6.99e-01
8.82e-01
-4.17e-01
-1.04e-01
