-4.60e-01
6.37e-01
-8.33e-01
-8.28e-01
-8.73e-02
5.28e-01
1.05e-01
-4.69e-01
-2.58e-01
3.59e-01
6.66e-02
5.55e-01
-2.52e-01
3.52e-01
-9.17e-02
4.97e-01
2.57e-01
-8.50e-01
-4.25e-01
8.24e-01
8.11e-01
6.94e-01
-5.75e-01
-4.64e-02
5.96e-01
6.74e-01
9.08e-01
-3.87e-01
4.05e-01
-2.51e-01
-1.67e-02
9.56e-01
-3.92e-01
-2.52e-01
-9.39e-01
-3.11e-01
-9.49e-01
-5.20e-01
-4.05e-01
-1.07e-01
8.99e-01
-7.38e-01
-3.14e-01
1.45e-01
9.12e-01
3.81e-02
-9.62e-01
-5.62e-02
8.27e-01
-2.37e-01
-4.43e-01
-3.84e-01
4.28e-01
-6.72e-01
-4.83e-01
1.30e-01
6.65e-01
-9.35e-01
-2.79e-01
-6.20e-01
9.55e-01
6.28e-01
-5.24e-02
-9.36e-01
8.29e-01
3.09e-01
2.39e-01
7.85e-01
-6.36e-01
5.35e-01
-8.98e-01
-6.46e-01
-5.70e-01
5.44e-01
3.56e-01
9.14e-01
-4.19e-01
8.52e-01
-4.80e-01
-2.58e-01
-2.41e-01
-7.79e-01
-3.63e-01
-1.70e-01
-7.60e-01
-3.23e-01
-2.05e-01
-2.90e-01
-3.08e-02
-3.92e-01
4.30e-02
-5.53e-01
-9.50e-01
-4.49e-01
8.99e-01
7.82e-01
-9.56e-01
9.29e-01
-4.15e-01
4.74e-01
1.55e-02
-7.22e-01
-7.94e-01
8.22e-01
-5.81e-02
2.04e-03
-2.82e-01
-9.52e-01
8.36e-01
-2.85e-02
-8.11e-01
1.35e-01
2.71e-01
-9.24e-01
8.05e-01
-6.08e-02
3.08e-01
7.71e-01
8.90e-01
-8.70e-01
-8.85e-01
-6.49e-01
2.76e-02
-8.15e-02
-2.42e-01
-6.34e-01
-3.40e-01
1.42e-01
5.98e-01
-2.24e-01
-5.66e-01
6.09e-01
2.30e-01
-1.15e-01
-2.29e-01
2.61e-01
5.27e-01
-9.17e-01
4.96e-01
-7.32e-01
7.89e-01
-1.72e-01
-8.47e-02
8.24e-01
3.31e-01
-6.87e-01
-1.24e-01
6.12e-01
-1.67e-02
3.48e-01
-9.48e-01
9.10e-01
6.01e-01
-4.06e-01
-5.32e-01
-9.32e-01
5.61e-01
-2.15e-01
-9.03e-02
-8.31e-01
3.30e-01
-2.83e-01
-7.03e-01
3.88e-01
-3.05e-01
-5.82e-01
-5.40e-01
9.60e-01
1.56e-01
-8.42e-01
8.32e-01
-4.62e-01
4.97e-01
-9.50e-01
-1.58e-01
6.08e-01
-8.88e-01
7.15e-01
-3.71e-01
-7.92e-01
8.64e-01
4.66e-01
-6.61e-01
-8.61e-01
6.68e-01
-4.73e-01
-4.44e-01
2.49e-01
-9.84e-01
-1.34e-02
-6.22e-01
-5.80e-01
-9.17e-01
-4.61e-01
3.17e-01
-9.79e-01
-7.97e-01
-6.07e-01
4.92e-01
-9.90e-01
7.81e-01
-9.68e-01
8.04e-01
-1.99e-01
-9.17e-01
6.10e-01
7.86e-01
-2.10e-01
2.88e-01
-4.84e-01
-1.92e-01
8.32e-01
8.81e-01
9.49e-01
6.02e-01
-9.99e-01
3.36e-01
-1.66e-01
8.66e-01
1.45e-01
1.09e-01
-7.70e-01
8.92e-01
-8.90e-01
-1.81e-02
-7.55e-01
-2.31e-01
8.99e-01
4.18e-02
-6.23e-01
9.48e-01
-2.41e-01
9.07e-01
7.74e-01
-5.02e-01
9.71e-01
2.87e-01
-5.83e-01
3.90e-01
7.95e-01
1.46e-01
-1.50e-01
8.42e-01
-8.68e-01
-1.18e-01
6.40e-01
-8.56e-01
-9.04e-01
6.44e-01
5.09e-01
-8.98e-01
-8.21e-01
-3.07e-01
7.45e-01
-1.78e-01
-5.26e-01
-6.98e-01
2.04e-01
-9.77e-01
7.77e-01
-5.55e-01
-4.58e-01
1.74e-01
-6.85e-01
1.11e-01
