-6.93e-01
-9.08e-01
1.95e-01
-6.71e-01
-1.97e-01
-7.66e-01
-6.98e-01
8.94e-01
3.25e-01
1.89e-01
1.94e-01
-7.04e-01
-7.30e-01
6.53e-01
-7.54e-01
9.46e-01
-9.68e-01
2.98e-02
-1.92e-01
3.84e-01
6.16e-01
-3.03e-01
-9.46e-01
6.78e-01
6.05e-01
-6.92e-01
-7.99e-01
6.40e-01
-4.87e-01
-3.42e-02
5.38e-01
1.58e-01
7.36e-01
2.54e-01
-6.35e-01
-8.24e-01
3.98e-01
-1.37e-01
2.46e-01
-3.71e-01
-4.27e-01
-8.26e-01
-2.00e-01
-7.79e-03
9.99e-01
7.35e-02
7.55e-01
-9.26e-01
-3.31e-01
4.99e-01
-1.29e-02
-3.12e-01
-2.98e-01
-6.91e-01
-4.81e-02
-1.84e-01
1.95e-01
-3.20e-01
-7.62e-01
-7.15e-01
9.73e-01
-5.06e-01
-3.85e-01
-6.94e-01
7.95e-01
-6.19e-01
6.68e-01
-4.79e-02
-2.70e-01
-9.08e-01
6.78e-02
-4.89e-01
-5.11e-01
2.00e-01
1.00e+00
-5.03e-02
8.53e-02
5.74e-01
4.72e-01
-5.12e-01
-7.43e-02
3.62e-01
-1.43e-01
2.85e-01
7.37e-01
-5.92e-01
-4.92e-01
-7.94e-01
6.49e-01
9.92e-01
-2.86e-01
-3.85e-01
-4.46e-01
1.46e-01
9.20e-02
-1.70e-01
8.07e-01
4.50e-01
-6.14e-01
2.41e-01
5.67e-01
-9.36e-01
4.69e-01
-4.52e-03
-7.53e-01
4.46e-01
-6.08e-01
7.68e-01
-9.59e-01
-6.31e-01
5.41e-01
7.40e-01
7.85e-01
3.33e-01
-4.94e-02
4.62e-01
-4.31e-01
-3.33e-01
-4.97e-01
-8.08e-01
9.21e-01
7.88e-01
3.71e-01
3.16e-01
-5.10e-01
5.73e-02
9.14e-01
2.68e-01
-8.74e-01
-8.12e-01
-6.70e-01
-5.19e-01
5.65e-01
-1.73e-01
3.86e-01
-6.02e-01
-7.60e-01
2.09e-01
2.19e-01
6.99e-01
6.31e-01
5.76e-01
6.89e-01
4.54e-01
-5.43e-01
7.54e-01
-6.03e-01
-8.55e-01
-7.17e-01
7.49e-01
-8.70e-01
-3.59e-01
6.84e-02
9.17e-01
2.84e-01
-2.05e-01
6.48e-01
-4.19e-02
9.15e-02
-1.71e-01
8.23e-01
6.20e-02
3.22e-02
-2.84e-01
-2.50e-01
-7.78e-01
-7.01e-01
7.11e-01
5.39e-01
2.32e-01
-8.85e-01
-3.04e-01
-8.63e-01
5.64e-01
4.31e-01
-8.22e-02
3.07e-01
6.04e-01
5.78e-01
3.84e-01
4.03e-01
-6.45e-01
5.68e-01
-8.73e-01
5.79e-01
5.69e-01
5.52e-01
9.70e-01
9.59e-01
-8.50e-01
-3.67e-01
8.14e-01
-9.19e-01
-4.59e-01
-3.83e-01
6.97e-01
-2.32e-01
-2.38e-01
-6.43e-01
6.87e-02
-4.52e-01
-9.90e-02
7.83e-01
6.18e-02
8.87e-01
-6.72e-01
-5.67e-01
-2.40e-01
-7.91e-01
-8.25e-01
3.90e-01
-2.06e-01
3.16e-01
6.11e-01
6.00e-01
3.58e-01
5.18e-01
7.16e-01
8.58e-01
8.25e-01
6.71e-01
-3.14e-02
-9.42e-01
-2.94e-01
-6.70e-01
-8.95e-01
3.21e-02
-1.28e-01
3.11e-01
-6.10e-01
3.69e-01
7.46e-01
8.94e-01
4.39e-01
-8.82e-01
4.13e-01
-5.43e-01
9.59e-02
-7.17e-01
-8.75e-01
-8.01e-01
-5.49e-01
-9.91e-01
4.10e-01
4.48e-02
-6.53e-01
-6.20e-01
-3.80e-01
-2.48e-01
-6.91e-01
-9.60e-01
2.53e-01
2.27e-01
1.89e-01
-2.17e-01
4.23e-01
-9.63e-01
-8.36e-01
4.13e-01
3.74e-01
-8.92e-01
-6.33e-01
-9.49e-01
-7.48e-01
1.22e-01
