-6.93e-01
-9.08e-01
1.95e-01
-6.71e-01
-1.97e-01
-7.66e-01
-6.98e-01
8.94e-01
3.25e-01
1.89e-01
1.94e-01
-7.04e-01
-7.30e-01
6.53e-01
-7.54e-01
9.46e-01
-1.58e-01
4.08e-01
5.41e-01
-6.27e-01
-7.56e-01
2.12e-03
5.42e-01
-1.69e-01
-1.23e-01
3.97e-01
7.60e-01
1.83e-01
-7.62e-01
6.74e-01
7.94e-01
-3.40e-02
4.69e-03
-1.59e-01
7.02e-01
-5.48e-01
-1.02e-01
-7.61e-01
-3.66e-02
9.02e-02
8.89e-01
3.21e-01
9.00e-02
7.95e-01
-4.11e-01
4.85e-01
5.33e-01
-6.48e-01
-9.69e-01
9.63e-01
2.05e-01
-9.79e-02
9.15e-02
-7.95e-01
-3.04e-01
-8.36e-01
6.30e-01
4.36e-01
-8.47e-01
-3.37e-02
-4.36e-01
1.30e-01
9.07e-01
-8.97e-01
7.42e-01
7.49e-01
-7.31e-01
-7.63e-01
-4.81e-02
-7.21e-01
3.10e-01
4.71e-01
-3.80e-01
-6.28e-01
2.35e-02
-8.29e-01
-4.18e-01
-9.71e-01
1.01e-01
-9.05e-01
-5.15e-01
-5.21e-01
7.65e-01
4.79e-01
-3.40e-01
-8.35e-01
-1.77e-01
-8.95e-01
-3.19e-01
-6.84e-01
7.34e-01
-6.73e-01
-4.03e-01
-3.98e-01
6.55e-01
-7.79e-01
5.33e-01
8.11e-01
1.61e-01
8.27e-01
6.34e-01
-5.42e-01
-7.19e-01
-3.27e-01
4.87e-01
-4.27e-01
4.25e-02
9.11e-01
-3.30e-01
6.81e-01
-5.14e-01
3.18e-01
8.84e-01
-9.64e-01
-2.82e-01
-8.46e-01
7.45e-01
2.09e-01
7.19e-01
-5.77e-01
4.23e-02
1.02e-01
-4.61e-01
-1.44e-01
-8.01e-01
4.49e-01
-3.91e-01
-3.08e-01
2.38e-01
9.30e-01
-1.33e-01
6.16e-01
8.81e-01
-2.28e-01
-7.26e-01
6.93e-01
-6.07e-02
3.34e-01
-2.08e-03
-4.27e-01
-2.90e-01
4.54e-01
7.75e-01
-8.09e-01
-7.25e-01
-1.68e-01
8.65e-01
6.68e-01
-7.27e-01
-2.36e-01
-1.10e-01
-8.58e-01
-3.53e-01
-6.39e-01
6.25e-01
-8.72e-01
-1.43e-01
5.67e-01
-2.58e-02
8.52e-01
-9.01e-01
-7.62e-01
-4.05e-01
7.38e-01
-3.35e-01
8.21e-01
7.30e-01
7.15e-01
7.56e-01
-4.39e-01
-3.80e-01
-6.94e-01
-1.22e-01
-6.30e-01
-5.73e-01
-7.02e-01
1.67e-01
6.04e-01
5.78e-01
3.84e-01
4.03e-01
-6.45e-01
5.68e-01
-8.73e-01
5.79e-01
5.69e-01
5.52e-01
9.70e-01
9.59e-01
-8.50e-01
-3.67e-01
8.14e-01
-9.19e-01
-4.59e-01
-3.83e-01
6.97e-01
-2.32e-01
-2.38e-01
-6.43e-01
6.87e-02
-4.52e-01
-9.90e-02
7.83e-01
6.18e-02
8.87e-01
-6.72e-01
-5.67e-01
-2.40e-01
-7.91e-01
-8.25e-01
3.90e-01
-2.06e-01
3.16e-01
6.11e-01
6.00e-01
3.58e-01
5.18e-01
7.16e-01
8.58e-01
8.25e-01
6.71e-01
-3.14e-02
-9.42e-01
-2.94e-01
-6.70e-01
-8.95e-01
3.21e-02
-1.28e-01
3.11e-01
-6.10e-01
3.69e-01
7.46e-01
8.94e-01
4.39e-01
-8.82e-01
4.13e-01
-5.43e-01
9.59e-02
-7.17e-01
-8.75e-01
-8.01e-01
-5.49e-01
-9.91e-01
4.10e-01
4.48e-02
-6.53e-01
-6.20e-01
-3.80e-01
-2.48e-01
-6.91e-01
-9.60e-01
2.53e-01
2.27e-01
1.89e-01
-2.17e-01
4.23e-01
-9.63e-01
-8.36e-01
4.13e-01
3.74e-01
8.75e-01
-4.61e-01
3.11e-01
-8.38e-01
-2.51e-01
