-4.22e-01
-7.16e-01
5.09e-01
3.07e-01
7.64e-01
-8.27e-01
-4.24e-01
9.93e-02
-1.90e-01
-8.93e-01
-5.89e-01
-9.93e-02
-2.72e-01
7.15e-01
2.22e-01
-5.90e-01
-7.78e-02
4.50e-01
-7.48e-01
3.97e-01
8.09e-02
-7.16e-02
7.26e-01
-8.55e-01
-2.15e-02
6.18e-03
7.25e-01
1.39e-01
-5.88e-01
1.75e-01
5.57e-01
-6.64e-01
-1.82e-01
-4.36e-01
-7.34e-01
-1.44e-01
-3.17e-01
-4.84e-01
6.20e-01
6.16e-02
-3.86e-02
-6.51e-01
-3.55e-02
-8.72e-01
6.07e-01
-4.56e-01
-9.41e-01
-4.62e-01
9.95e-01
-1.46e-01
2.50e-01
-9.38e-01
-4.77e-01
8.23e-02
8.57e-01
9.13e-01
4.70e-01
-5.38e-01
5.38e-01
1.35e-01
-8.38e-01
-3.34e-01
5.63e-01
1.02e-01
8.08e-01
5.78e-01
-4.32e-01
6.53e-01
-8.14e-01
3.88e-01
-7.52e-01
-4.77e-01
-8.01e-01
-4.65e-01
7.89e-01
6.17e-01
7.45e-01
-9.24e-01
2.47e-01
3.31e-01
-5.56e-01
1.00e+00
6.62e-01
-1.69e-01
1.79e-02
8.44e-01
2.91e-01
-4.80e-01
8.91e-01
3.67e-01
-7.76e-01
-6.23e-01
-2.32e-01
2.59e-01
-8.11e-01
-6.07e-01
9.22e-01
-7.18e-02
-2.57e-01
1.45e-01
4.52e-02
-8.43e-01
2.97e-01
2.50e-01
-1.34e-02
-6.87e-01
1.14e-01
-2.88e-01
6.64e-01
-9.21e-01
1.58e-01
7.02e-01
2.03e-02
-2.22e-01
9.38e-01
-7.38e-01
-2.99e-01
7.07e-01
-5.86e-01
-5.95e-01
-5.83e-01
-7.26e-02
6.39e-01
-9.42e-01
-3.02e-01
9.61e-02
-5.62e-01
6.50e-01
-3.55e-02
-4.70e-01
-6.91e-01
9.07e-01
1.57e-01
-2.24e-01
5.34e-01
4.18e-01
2.43e-01
5.68e-01
1.63e-02
-7.12e-01
-6.95e-01
-6.59e-01
8.23e-02
4.45e-01
3.63e-01
-7.08e-01
2.43e-01
5.91e-01
-7.99e-01
-9.29e-01
-1.10e-01
4.16e-03
4.40e-01
-4.03e-01
6.17e-01
7.86e-01
-5.01e-01
4.48e-01
-1.45e-02
-6.31e-01
7.30e-01
2.53e-02
-3.00e-01
-6.65e-01
-5.60e-01
1.99e-01
-7.79e-01
-4.24e-02
9.21e-02
2.43e-01
-3.57e-01
4.23e-01
7.02e-01
6.00e-01
-2.24e-01
8.49e-01
1.46e-01
3.18e-01
7.18e-01
9.63e-01
-9.04e-01
-2.40e-01
-8.59e-01
9.62e-01
5.11e-01
-2.19e-01
-9.16e-01
-1.35e-01
7.85e-01
3.76e-01
-7.34e-01
2.24e-01
-2.29e-01
-6.06e-01
-5.05e-01
-7.56e-01
7.03e-01
5.80e-02
4.80e-01
-1.69e-01
-8.31e-01
-2.37e-01
-9.08e-01
-4.15e-01
6.48e-01
6.40e-01
-5.24e-01
-4.96e-01
-1.82e-01
-2.46e-01
6.28e-01
-5.60e-01
-2.86e-01
9.56e-01
2.04e-01
-1.17e-01
6.36e-01
8.24e-01
1.58e-01
-2.16e-01
-7.83e-02
-8.05e-01
-2.93e-01
-2.09e-01
-9.37e-01
-5.40e-01
-4.72e-01
3.90e-01
-9.29e-01
2.95e-01
-4.04e-01
3.70e-01
4.24e-01
9.20e-01
1.56e-01
-7.05e-01
-9.09e-01
4.00e-01
7.21e-01
-5.65e-01
-4.33e-01
4.87e-01
7.56e-01
-8.96e-01
9.03e-01
4.50e-01
5.69e-01
9.27e-01
6.60e-01
-2.03e-01
8.28e-01
2.92e-01
4.80e-01
4.66e-01
-7.45e-01
-2.85e-02
-4.65e-01
-2.13e-02
-4.03e-01
1.56e-01
-9.08e-01
-9.37e-01
8.84e-01
-8.75e-01
4.95e-01
