7.15e-01
-9.08e-01
1.95e-01
-6.71e-01
-1.97e-01
-7.66e-01
-6.98e-01
8.94e-01
3.25e-01
1.89e-01
1.94e-01
-7.04e-01
-7.30e-01
6.53e-01
-7.54e-01
9.46e-01
-9.68e-01
2.98e-02
-1.92e-01
3.84e-01
6.16e-01
-3.03e-01
-9.46e-01
6.78e-01
6.05e-01
-6.92e-01
-7.99e-01
6.40e-01
-4.87e-01
-3.42e-02
5.38e-01
1.58e-01
7.36e-01
2.54e-01
-6.35e-01
-8.24e-01
3.98e-01
-1.37e-01
2.46e-01
-3.71e-01
-4.27e-01
-8.26e-01
-2.00e-01
-7.79e-03
9.99e-01
7.35e-02
7.55e-01
-9.26e-01
-3.31e-01
4.99e-01
-1.29e-02
-3.12e-01
-2.98e-01
-6.91e-01
-4.81e-02
-1.84e-01
1.95e-01
-3.20e-01
-7.62e-01
-7.15e-01
9.73e-01
-5.06e-01
-3.85e-01
-6.94e-01
7.95e-01
-6.19e-01
6.68e-01
-5.09e-01
9.32e-01
-5.21e-01
-8.77e-01
-9.90e-01
-5.62e-01
1.41e-02
3.73e-01
9.68e-01
3.16e-01
6.36e-01
6.07e-02
1.35e-01
1.52e-01
3.91e-01
3.19e-01
-1.14e-01
6.34e-01
-7.54e-02
2.97e-01
-6.84e-01
-3.75e-01
-6.84e-01
7.34e-01
-6.73e-01
-4.03e-01
-3.98e-01
6.55e-01
-7.79e-01
5.33e-01
8.11e-01
1.61e-01
8.27e-01
4.48e-01
5.23e-01
7.20e-01
-2.86e-01
-8.62e-01
-3.86e-01
8.54e-01
5.27e-02
8.70e-01
5.77e-01
9.23e-01
-2.89e-01
7.82e-01
-3.70e-01
-7.18e-01
4.71e-01
8.57e-01
3.06e-01
-6.23e-01
6.98e-01
-8.77e-01
2.86e-01
4.13e-01
4.23e-01
-1.96e-01
4.15e-01
-6.97e-01
-4.61e-01
3.77e-01
-1.98e-01
-9.72e-01
2.30e-02
8.81e-01
-2.28e-01
-7.26e-01
6.93e-01
-6.07e-02
3.34e-01
-2.08e-03
-4.27e-01
-2.90e-01
4.54e-01
7.75e-01
-8.09e-01
-7.25e-01
-1.68e-01
8.65e-01
6.68e-01
-7.27e-01
-2.36e-01
-1.10e-01
-8.58e-01
-3.53e-01
-5.17e-01
-6.70e-02
8.47e-01
-2.74e-02
6.09e-01
-7.83e-01
8.43e-01
1.25e-01
-7.01e-01
-8.42e-01
-1.29e-02
2.97e-01
-9.64e-01
-2.95e-01
6.39e-01
-1.00e-01
-7.27e-01
-8.58e-01
-4.19e-01
-3.35e-01
-2.94e-01
4.73e-01
7.54e-02
4.52e-01
6.04e-01
5.78e-01
3.84e-01
4.03e-01
-6.45e-01
5.68e-01
-8.73e-01
5.79e-01
5.69e-01
5.52e-01
9.70e-01
9.59e-01
-8.50e-01
-3.67e-01
8.14e-01
-9.19e-01
-4.59e-01
-3.83e-01
6.97e-01
-2.32e-01
-2.38e-01
-6.43e-01
6.87e-02
-4.52e-01
-9.90e-02
7.83e-01
6.18e-02
8.87e-01
-6.72e-01
-5.67e-01
-2.40e-01
-7.91e-01
-8.25e-01
3.90e-01
-2.06e-01
3.16e-01
6.11e-01
6.00e-01
3.58e-01
5.18e-01
7.16e-01
8.58e-01
8.25e-01
6.71e-01
-3.14e-02
-9.42e-01
-2.94e-01
-6.70e-01
-8.95e-01
3.21e-02
-1.28e-01
3.11e-01
-6.10e-01
3.69e-01
7.46e-01
8.94e-01
4.39e-01
-8.82e-01
4.13e-01
-5.43e-01
9.59e-02
-7.17e-01
-8.75e-01
-8.01e-01
-5.49e-01
-9.91e-01
4.10e-01
4.48e-02
-6.53e-01
-6.20e-01
-3.80e-01
-2.48e-01
-6.91e-01
-9.60e-01
2.53e-01
2.27e-01
1.89e-01
-2.17e-01
4.23e-01
-9.63e-01
-8.36e-01
-5.06e-01
5.62e-01
1.39e-01
-5.47e-01
-5.69e-01
4.90e-01
-9.03e-01
