2.64e-01
2.82e-02
-2.27e-01
-2.73e-01
3.10e-01
4.09e-01
9.32e-01
-4.53e-02
-6.48e-01
9.54e-01
7.28e-01
6.98e-01
6.84e-01
-2.44e-02
-9.83e-01
-9.71e-02
3.26e-01
9.65e-01
-6.60e-01
-3.88e-01
5.26e-01
5.97e-01
-3.69e-01
4.65e-01
-1.91e-01
7.97e-01
-9.57e-01
-4.73e-01
4.40e-01
-4.20e-01
-5.23e-01
-2.03e-01
-5.75e-01
-9.06e-01
-8.31e-01
4.45e-02
6.79e-01
2.16e-01
-5.52e-01
1.24e-01
-4.72e-01
-8.69e-01
5.93e-01
-9.72e-01
9.49e-01
-7.42e-01
-4.16e-01
8.70e-02
6.00e-01
4.51e-01
9.73e-01
-4.83e-01
-2.67e-01
-8.68e-01
-4.23e-01
9.10e-01
-7.91e-02
-6.43e-01
8.66e-01
1.34e-01
-1.60e-01
3.63e-01
-4.70e-01
4.43e-01
9.13e-01
-6.78e-01
8.51e-01
-3.41e-01
9.60e-02
-2.58e-01
-9.69e-02
6.06e-01
-1.40e-01
-7.50e-01
-8.81e-01
-3.76e-02
3.04e-01
5.57e-01
3.58e-01
-6.48e-01
9.78e-01
-5.33e-01
2.30e-01
4.25e-02
-8.72e-01
-3.74e-01
-1.73e-01
9.96e-01
8.25e-01
9.87e-01
-8.93e-01
-1.07e-01
3.30e-01
4.30e-01
-3.20e-02
3.29e-01
-6.73e-01
-9.83e-01
3.22e-01
3.66e-02
7.26e-01
-4.61e-01
-7.58e-01
1.07e-03
-6.00e-01
-7.43e-01
4.91e-01
-9.63e-01
-4.88e-01
-7.34e-01
-3.40e-02
9.06e-01
3.71e-01
4.46e-02
-9.24e-01
7.21e-02
3.89e-01
3.89e-01
6.93e-01
-9.67e-01
-7.66e-01
4.07e-01
9.44e-01
5.91e-01
-6.26e-01
7.74e-02
7.35e-01
7.93e-01
6.94e-01
6.18e-01
4.65e-01
7.23e-01
8.88e-01
-5.63e-01
2.95e-01
-1.02e-02
3.23e-01
4.50e-01
-1.78e-01
-1.97e-01
-4.56e-01
-2.49e-01
-2.30e-01
-3.42e-01
1.11e-01
5.40e-03
7.44e-01
-3.77e-01
-1.71e-01
7.33e-01
4.35e-02
8.83e-01
-4.83e-01
3.34e-01
1.15e-01
-8.88e-01
9.80e-01
8.28e-01
2.57e-01
6.80e-01
-8.36e-01
-6.56e-01
-4.33e-01
-6.35e-01
-4.41e-01
-3.15e-01
9.96e-01
7.79e-01
3.30e-01
5.26e-01
7.61e-01
-6.02e-01
-4.59e-01
-5.37e-01
3.98e-01
-3.25e-01
6.60e-01
1.62e-01
8.51e-01
6.75e-01
-5.46e-01
5.60e-01
3.72e-01
-9.02e-01
7.00e-01
9.31e-01
-6.92e-01
5.45e-01
-9.21e-02
9.21e-02
2.24e-01
-7.69e-01
9.59e-01
8.80e-01
-1.55e-01
5.31e-01
7.10e-01
-8.84e-01
4.69e-01
-6.98e-01
-1.95e-01
2.80e-02
6.05e-01
-3.21e-01
-1.20e-01
1.69e-01
-7.83e-01
9.08e-01
1.27e-01
3.29e-01
9.48e-01
-2.85e-01
-9.82e-02
7.55e-01
-7.19e-03
6.54e-01
-1.48e-01
-1.62e-01
1.23e-01
-9.20e-01
3.06e-01
-2.49e-01
-9.17e-02
-9.58e-01
-8.33e-01
-3.31e-01
-5.28e-01
8.63e-02
7.68e-01
-3.99e-01
-7.43e-01
-5.74e-01
7.98e-01
2.18e-01
5.20e-01
-7.42e-01
-8.90e-01
-9.27e-01
8.46e-01
8.96e-01
-5.01e-01
-1.94e-01
8.77e-01
-4.55e-01
-3.37e-01
-3.66e-01
6.53e-01
-4.24e-02
2.31e-01
8.97e-02
-9.98e-01
-2.63e-01
-4.93e-02
-8.28e-01
2.36e-02
-8.57e-01
-3.54e-02
-1.10e-01
-9.84e-01
-7.62e-01
6.49e-01
-1.85e-02
6.16e-02
8.83e-01
8.59e-01
