8.79e-01
2.75e-01
-3.74e-01
8.15e-01
7.10e-02
5.28e-01
-1.22e-01
8.38e-01
-8.39e-01
2.77e-01
-7.69e-01
1.65e-01
-5.37e-01
4.45e-02
1.82e-01
-7.21e-01
9.83e-01
6.29e-01
4.46e-01
-7.67e-01
4.50e-01
2.23e-01
1.86e-01
-7.48e-01
-8.37e-01
-2.56e-01
-2.83e-01
-7.15e-01
2.70e-02
-4.10e-02
-8.62e-01
6.13e-01
-9.33e-01
-3.06e-01
8.75e-01
-5.43e-02
-1.20e-01
8.63e-01
6.89e-01
3.66e-01
2.82e-01
3.56e-01
-5.75e-02
-6.14e-01
-3.46e-01
6.30e-01
-5.63e-01
-5.47e-01
-3.97e-01
-2.32e-01
-4.36e-02
-2.32e-01
8.64e-01
2.24e-01
8.05e-01
-3.77e-01
-8.75e-01
-7.18e-01
1.41e-02
-2.04e-01
2.82e-01
-7.82e-01
-9.93e-01
-9.24e-01
-5.94e-01
8.65e-01
5.75e-01
8.33e-01
9.09e-01
6.47e-01
-3.61e-01
4.31e-01
-1.75e-01
2.11e-01
5.61e-02
-2.86e-01
-1.89e-01
1.39e-01
6.85e-01
-4.10e-01
4.87e-01
-2.72e-01
-3.58e-02
1.31e-01
-9.21e-01
8.52e-02
-5.26e-01
7.83e-01
-9.30e-01
-9.90e-01
1.91e-01
7.54e-01
-8.44e-01
5.16e-01
-7.55e-01
-7.55e-02
-1.42e-01
-5.44e-01
-3.78e-01
-6.04e-01
-8.79e-01
-7.13e-01
8.67e-02
-1.24e-01
-2.38e-01
5.41e-01
9.93e-01
7.50e-01
-1.93e-01
6.05e-01
-4.72e-01
9.99e-02
-8.39e-01
6.26e-01
5.38e-01
-4.08e-01
7.20e-01
-6.82e-01
6.41e-01
-9.18e-01
-8.58e-01
-7.46e-01
-4.48e-01
8.62e-01
7.39e-01
-7.09e-01
5.60e-01
-6.86e-02
8.67e-01
7.75e-01
-5.90e-01
-3.93e-01
-1.68e-01
-8.95e-01
4.60e-01
-3.51e-01
-2.85e-01
-7.12e-01
-7.63e-01
-3.07e-01
-6.88e-01
1.92e-01
-9.28e-01
-1.10e-01
2.26e-01
7.17e-03
3.84e-01
6.70e-01
9.17e-01
5.22e-01
1.20e-01
-7.66e-01
-5.99e-01
-7.22e-01
5.23e-02
-6.61e-01
9.57e-01
-2.98e-01
1.45e-01
9.51e-01
2.10e-01
7.54e-01
-4.96e-01
-8.49e-03
-4.15e-01
4.81e-01
-6.09e-01
-1.68e-01
-3.19e-01
6.62e-01
-4.69e-02
6.68e-01
4.55e-01
9.91e-01
-8.47e-01
2.44e-01
8.52e-01
3.71e-01
1.74e-01
5.19e-02
-9.21e-02
2.57e-01
6.16e-02
9.29e-01
5.63e-01
-5.82e-01
7.02e-01
3.20e-01
-4.53e-01
-1.08e-01
-7.88e-01
-3.10e-01
-4.42e-01
-3.18e-01
-5.28e-01
-4.56e-01
-2.72e-01
-5.13e-01
-4.19e-01
-3.14e-01
8.48e-01
6.34e-01
5.28e-01
3.25e-01
7.82e-02
6.11e-01
-3.99e-02
8.18e-01
1.05e-01
8.93e-01
4.90e-01
9.53e-01
4.30e-01
-3.84e-01
-1.81e-01
4.01e-01
8.50e-01
9.86e-01
-1.99e-01
-8.77e-01
6.23e-01
-5.46e-01
2.16e-01
5.27e-01
6.75e-02
-8.53e-01
3.75e-01
4.94e-01
6.57e-01
-6.99e-01
-4.46e-01
-7.21e-01
-6.53e-01
-6.21e-02
6.69e-01
-9.30e-01
-9.31e-01
3.01e-01
3.77e-01
-3.10e-01
-9.77e-01
-5.46e-01
8.09e-01
-5.67e-01
-6.78e-01
-8.81e-01
-6.86e-01
-1.04e-01
7.21e-01
-6.26e-01
-9.44e-01
-8.58e-01
6.93e-01
-7.41e-01
-5.75e-01
6.00e-01
4.68e-01
9.29e-01
8.86e-01
5.53e-01
-8.85e-01
-3.17e-01
6.40e-01
-3.43e-01
9.85e-01
