1.70e-01
1.66e-01
-1.36e-03
8.39e-02
6.46e-01
9.23e-01
9.15e-01
9.68e-01
1.38e-02
1.62e-01
-5.21e-01
-2.63e-01
-6.13e-01
2.19e-01
3.23e-01
9.63e-01
4.97e-01
3.57e-01
8.65e-01
6.72e-01
1.39e-01
-6.55e-01
1.92e-01
5.82e-01
2.72e-01
-6.20e-01
7.94e-01
7.45e-01
8.09e-01
-2.41e-01
-5.28e-01
-6.47e-01
-8.45e-01
-6.26e-03
2.43e-01
-4.48e-01
9.20e-01
-2.92e-01
7.13e-01
6.72e-01
-9.75e-01
2.04e-01
7.15e-01
4.21e-01
-6.52e-01
-6.14e-01
-1.03e-01
-9.44e-02
6.76e-01
-7.44e-01
-2.20e-01
9.39e-01
-4.10e-01
-3.02e-01
7.18e-01
-6.62e-01
-7.73e-02
-7.47e-02
3.55e-01
5.33e-01
-2.91e-01
-8.75e-01
4.16e-01
-1.10e-01
6.57e-01
-5.58e-01
-6.86e-01
-1.26e-01
-5.36e-02
5.45e-01
1.36e-01
7.59e-01
8.24e-01
-7.38e-01
8.59e-01
-9.70e-01
-6.87e-01
7.66e-01
6.80e-01
4.08e-01
-4.62e-01
-8.87e-01
-2.48e-01
-8.24e-01
-1.52e-01
-7.28e-01
9.16e-01
-5.95e-01
-4.67e-01
6.03e-01
-3.88e-01
-7.58e-01
-3.53e-01
1.02e-01
-1.00e+00
5.89e-01
-8.16e-01
7.40e-01
4.52e-01
-4.05e-01
-6.56e-01
-8.11e-01
9.91e-01
-5.99e-01
7.98e-01
-9.30e-01
-3.00e-01
-5.08e-01
2.96e-01
5.17e-02
-1.53e-01
-8.19e-01
-7.61e-01
2.19e-01
6.79e-01
-6.48e-01
7.24e-01
1.33e-02
6.36e-01
-8.75e-01
5.51e-01
1.42e-01
2.04e-01
8.62e-01
7.39e-01
-7.09e-01
5.60e-01
-6.86e-02
8.67e-01
7.75e-01
-5.90e-01
-3.93e-01
-1.68e-01
-8.95e-01
4.60e-01
-3.51e-01
-2.85e-01
-7.12e-01
6.16e-01
-7.04e-01
2.36e-01
9.08e-01
3.44e-01
4.20e-01
2.08e-01
9.99e-01
-5.93e-01
8.56e-01
-3.43e-01
8.55e-01
-4.30e-01
-2.74e-01
3.54e-01
-2.63e-01
-3.57e-01
-4.75e-01
2.24e-01
9.33e-01
6.19e-01
3.02e-01
7.27e-01
6.87e-01
3.65e-01
-7.79e-01
-5.92e-01
-7.65e-01
-7.65e-01
3.79e-01
5.05e-01
3.08e-01
-9.13e-01
2.73e-01
-2.38e-01
-5.76e-01
-6.15e-01
-1.26e-01
2.82e-01
8.76e-01
-7.29e-01
-6.35e-01
3.07e-01
-2.85e-01
-4.11e-01
5.42e-01
-8.56e-01
-4.52e-01
3.99e-01
4.11e-01
3.07e-02
-5.91e-01
-8.20e-01
-8.93e-01
6.99e-01
8.51e-01
3.98e-01
-1.68e-01
2.64e-01
-3.96e-01
1.25e-01
-2.50e-01
-3.14e-01
6.03e-01
3.27e-01
1.26e-02
9.70e-01
2.40e-01
1.07e-01
4.09e-01
8.35e-01
-8.87e-01
-6.17e-01
-4.58e-01
1.01e-01
8.46e-01
7.78e-01
8.14e-01
-5.04e-01
-1.50e-01
2.36e-01
3.73e-01
6.23e-01
-5.46e-01
2.16e-01
5.27e-01
6.75e-02
-8.53e-01
3.75e-01
4.94e-01
6.57e-01
-6.99e-01
-4.46e-01
-7.21e-01
-6.53e-01
-6.21e-02
6.69e-01
-9.30e-01
-9.31e-01
3.01e-01
3.77e-01
-3.10e-01
-9.77e-01
-5.46e-01
8.09e-01
-5.67e-01
-6.78e-01
-8.81e-01
-6.86e-01
-1.04e-01
7.21e-01
-6.26e-01
-9.44e-01
-8.58e-01
6.93e-01
-7.41e-01
-5.75e-01
6.00e-01
4.68e-01
9.29e-01
8.86e-01
5.53e-01
-8.85e-01
-3.17e-01
6.40e-01
-3.43e-01
9.85e-01
