-7.80e-01
-5.00e-01
1.92e-01
3.25e-01
5.17e-01
-7.96e-02
-2.80e-01
-8.25e-01
9.43e-01
-7.72e-01
-7.69e-01
2.02e-01
8.05e-02
-1.79e-01
7.84e-02
-9.13e-01
-4.18e-01
-2.80e-01
-8.53e-01
8.56e-01
-8.34e-01
9.75e-01
-1.34e-01
-6.19e-01
9.68e-01
-6.79e-01
2.89e-01
4.03e-01
6.56e-01
-2.49e-01
7.77e-01
-9.98e-01
4.31e-01
3.42e-01
1.75e-01
6.20e-02
8.39e-01
-8.59e-01
3.99e-01
-7.69e-01
-1.73e-01
1.54e-01
4.41e-01
-2.31e-01
-2.09e-01
-4.96e-02
2.85e-01
3.28e-01
-9.71e-01
5.30e-01
4.24e-01
-3.92e-01
2.56e-01
-9.71e-01
-8.02e-01
-4.77e-01
-6.23e-01
2.07e-01
5.65e-01
-3.25e-01
1.40e-02
8.60e-01
5.17e-01
-4.67e-01
-9.94e-01
-5.23e-01
3.93e-01
7.73e-01
2.19e-01
-9.55e-01
6.84e-01
5.77e-02
8.11e-01
-3.74e-01
-7.18e-01
3.53e-01
6.09e-01
5.18e-01
2.47e-01
-1.11e-01
3.14e-01
1.41e-01
8.27e-01
1.21e-01
7.68e-01
9.43e-02
9.15e-01
2.38e-01
-9.49e-02
5.96e-01
2.18e-02
-8.28e-01
-5.92e-01
2.40e-01
9.62e-01
2.60e-01
4.29e-01
3.44e-01
8.56e-01
9.42e-01
-9.02e-01
-6.16e-01
4.75e-01
-9.99e-01
-3.65e-01
-2.19e-01
-1.00e+00
-2.13e-01
-4.61e-01
-9.64e-01
8.15e-01
6.33e-01
6.49e-01
8.02e-01
2.77e-01
2.04e-01
-8.51e-02
-1.30e-01
2.28e-01
5.80e-01
-2.98e-01
4.84e-01
5.25e-01
6.74e-01
4.38e-01
3.13e-01
4.71e-03
-6.68e-01
5.44e-01
-6.91e-01
-5.28e-02
1.11e-01
6.84e-01
3.67e-01
5.56e-01
8.44e-01
-9.69e-01
6.46e-01
9.41e-01
1.50e-01
2.60e-01
2.26e-01
7.87e-01
4.28e-01
5.96e-01
4.21e-01
7.89e-01
7.24e-01
8.76e-01
-9.81e-01
-5.71e-01
-4.39e-01
3.96e-01
-4.14e-01
8.30e-01
7.62e-01
3.28e-01
2.80e-01
8.30e-01
-6.91e-01
5.56e-01
-4.58e-01
-2.58e-01
5.83e-01
6.52e-01
3.73e-01
-3.25e-01
-1.36e-01
-2.77e-01
-9.71e-01
-2.41e-02
2.73e-01
-1.12e-01
-1.47e-01
4.61e-01
-4.51e-01
3.81e-01
1.47e-01
2.45e-01
-3.48e-01
9.65e-01
-7.90e-01
4.87e-01
-3.94e-02
-5.49e-01
7.25e-01
3.01e-01
-3.13e-01
-1.77e-01
7.51e-01
-9.78e-01
3.98e-01
3.48e-01
-8.69e-02
6.75e-01
4.63e-01
-1.30e-01
-2.11e-01
9.55e-01
8.78e-01
7.31e-01
7.46e-01
-2.77e-01
1.87e-01
9.97e-01
4.03e-01
-9.45e-02
-5.20e-01
-5.79e-01
3.96e-01
-3.89e-01
-3.81e-01
7.02e-01
9.93e-01
3.66e-01
-2.48e-01
-7.82e-01
2.69e-01
4.77e-01
4.12e-01
-6.71e-01
-7.77e-01
-1.23e-01
-4.64e-01
4.40e-01
-6.07e-01
-6.71e-01
9.43e-01
-5.26e-01
-5.04e-01
-8.81e-02
7.09e-03
-4.81e-01
-7.56e-01
-8.57e-01
-4.32e-01
3.59e-03
6.07e-01
-2.93e-02
-3.17e-01
-4.83e-01
-9.09e-01
5.48e-01
4.11e-01
-5.99e-01
-2.46e-01
-6.11e-01
-8.96e-02
8.97e-01
-2.77e-01
-2.82e-01
-3.15e-01
-3.74e-01
-6.69e-01
-4.07e-01
-4.15e-01
-2.62e-01
-5.95e-01
-9.17e-01
-3.98e-01
1.75e-01
-8.41e-02
-6.37e-01
-8.66e-02
8.72e-02
