-4.66e-01
7.94e-01
-7.06e-01
-4.76e-01
2.96e-01
-1.38e-01
-4.11e-01
-2.20e-01
2.79e-01
9.33e-01
5.83e-01
-2.74e-01
3.91e-01
-7.02e-01
5.10e-01
6.88e-01
8.71e-01
-4.98e-01
-2.42e-01
6.17e-01
-4.72e-01
2.85e-01
4.27e-01
-5.70e-01
5.42e-01
-2.60e-01
1.57e-01
-4.88e-01
3.30e-02
-2.22e-01
8.07e-01
-3.87e-01
9.04e-01
-9.94e-01
-4.71e-01
1.54e-01
3.90e-02
-4.45e-01
-4.58e-01
-1.09e-01
3.86e-01
3.58e-01
-3.88e-01
-7.04e-01
-8.39e-01
3.75e-01
5.61e-01
-9.61e-01
-9.60e-01
-1.46e-01
2.42e-01
-2.59e-01
2.52e-01
1.72e-01
-1.86e-01
8.41e-01
7.27e-01
6.36e-01
9.33e-01
9.24e-01
6.46e-01
-7.18e-01
-7.53e-01
1.65e-01
-2.41e-01
-2.33e-01
6.80e-01
-9.63e-01
1.48e-01
-7.39e-01
6.65e-01
-5.63e-01
-5.48e-01
-6.19e-01
3.62e-01
-7.78e-01
3.23e-01
8.00e-01
-1.96e-01
-6.96e-01
8.83e-01
8.52e-01
-2.48e-01
-8.24e-01
-1.52e-01
-7.28e-01
9.16e-01
-5.95e-01
-4.67e-01
6.03e-01
-3.88e-01
-7.58e-01
-3.53e-01
1.02e-01
-1.00e+00
5.89e-01
-8.16e-01
7.40e-01
4.52e-01
-4.05e-01
-6.56e-01
-8.11e-01
9.91e-01
-5.99e-01
-5.54e-01
5.70e-01
3.83e-01
-3.22e-01
6.06e-01
-9.87e-01
4.04e-01
5.84e-01
-7.78e-01
-3.27e-01
9.11e-01
-1.84e-01
8.07e-01
9.85e-01
-4.19e-01
-6.45e-01
7.73e-01
-1.10e-02
7.74e-01
-5.31e-01
5.31e-01
-9.31e-03
-4.46e-01
2.32e-04
-3.80e-01
-8.72e-02
3.55e-01
7.63e-01
9.60e-01
8.78e-01
-6.36e-01
2.11e-01
-6.61e-01
-4.77e-01
-3.64e-01
-2.67e-01
-2.10e-01
8.88e-01
-2.14e-01
7.25e-01
-4.86e-01
6.66e-01
-4.96e-01
3.92e-01
3.89e-01
-7.05e-01
-1.02e-01
9.80e-01
3.54e-01
8.44e-01
4.38e-01
6.99e-01
1.05e-01
-1.66e-01
3.84e-01
2.83e-02
-3.91e-01
-4.16e-01
-2.91e-01
-5.46e-01
-2.29e-01
-7.72e-01
-7.56e-02
-9.69e-01
-2.77e-01
-9.71e-01
-2.41e-02
2.73e-01
-2.38e-01
-5.76e-01
-6.15e-01
-1.26e-01
2.82e-01
8.76e-01
-7.29e-01
-6.35e-01
3.07e-01
-2.85e-01
-4.11e-01
5.42e-01
-8.56e-01
-4.52e-01
3.99e-01
4.11e-01
3.07e-02
-5.91e-01
-8.20e-01
-8.93e-01
6.99e-01
8.51e-01
3.98e-01
-1.68e-01
2.64e-01
-3.96e-01
1.25e-01
-2.50e-01
-3.14e-01
6.03e-01
3.27e-01
1.26e-02
9.70e-01
2.40e-01
1.07e-01
4.09e-01
8.35e-01
-8.87e-01
-6.17e-01
-4.58e-01
1.01e-01
8.46e-01
7.78e-01
-3.65e-01
-7.82e-01
2.69e-01
4.77e-01
4.12e-01
-6.71e-01
-7.77e-01
-1.23e-01
-4.64e-01
4.40e-01
-6.07e-01
-6.71e-01
9.43e-01
-5.26e-01
-5.04e-01
-8.81e-02
7.09e-03
-4.81e-01
-7.56e-01
-8.57e-01
-4.32e-01
3.59e-03
6.07e-01
-2.93e-02
-3.17e-01
-4.83e-01
-9.09e-01
5.48e-01
4.11e-01
-5.99e-01
-2.46e-01
-6.11e-01
-8.96e-02
8.97e-01
-2.77e-01
-2.82e-01
-3.15e-01
-3.74e-01
-6.69e-01
-4.07e-01
-4.15e-01
2.33e-01
8.95e-01
-7.25e-01
-5.01e-01
9.03e-02
-8.31e-01
-7.93e-01
8.11e-01
-2.99e-01
