-3.34e-01
-5.91e-01
-4.15e-01
-6.69e-01
8.88e-01
-7.32e-01
-9.13e-01
4.63e-01
-9.41e-01
7.35e-01
9.35e-01
4.58e-01
5.02e-02
5.69e-01
7.52e-01
-5.68e-01
7.19e-01
8.50e-02
6.49e-01
-9.40e-01
1.17e-01
-4.25e-01
7.22e-01
9.71e-01
4.49e-01
-1.87e-01
-3.64e-01
-3.47e-01
7.99e-01
5.90e-01
8.07e-01
-3.87e-01
9.04e-01
-9.94e-01
-4.71e-01
1.54e-01
3.90e-02
-4.45e-01
-4.58e-01
-1.09e-01
3.22e-01
3.58e-01
-3.88e-01
-7.04e-01
-8.39e-01
3.75e-01
5.61e-01
-9.61e-01
-9.60e-01
-1.46e-01
-6.79e-01
-3.96e-01
5.49e-01
-5.41e-01
-2.90e-02
-5.93e-01
-1.87e-01
-3.95e-01
-2.76e-01
-3.58e-02
-9.18e-01
3.95e-01
6.22e-01
-5.70e-01
-9.94e-01
-5.23e-01
3.93e-01
7.73e-01
2.19e-01
-9.55e-01
6.84e-01
5.77e-02
8.11e-01
-3.74e-01
-7.18e-01
3.53e-01
6.09e-01
5.18e-01
2.47e-01
-1.11e-01
3.14e-01
1.41e-01
8.27e-01
1.21e-01
7.68e-01
1.69e-01
7.12e-01
3.22e-01
9.22e-01
5.86e-01
-4.80e-01
-8.28e-01
-5.92e-01
2.40e-01
9.62e-01
2.60e-01
4.29e-01
3.44e-01
8.56e-01
9.42e-01
-9.02e-01
-6.16e-01
4.75e-01
-9.99e-01
-2.48e-01
-2.19e-01
-1.00e+00
-2.13e-01
-4.61e-01
-9.64e-01
8.15e-01
6.33e-01
6.49e-01
8.02e-01
2.77e-01
2.04e-01
-8.51e-02
-1.30e-01
2.28e-01
5.80e-01
4.03e-01
4.84e-01
5.25e-01
6.74e-01
4.38e-01
3.13e-01
-1.63e-01
-2.63e-02
-6.73e-02
-3.65e-01
-1.85e-01
-4.05e-01
-4.04e-01
5.20e-01
-8.75e-02
-3.54e-01
-7.10e-01
5.50e-01
4.13e-01
-9.68e-02
3.91e-01
6.17e-01
1.45e-01
-6.84e-02
-7.75e-01
-8.08e-01
-4.82e-01
-6.01e-01
5.76e-01
-7.23e-01
7.53e-01
5.27e-01
4.05e-01
7.82e-02
-7.99e-01
1.48e-02
8.64e-02
8.29e-01
8.16e-01
-8.20e-01
6.79e-01
8.85e-01
8.68e-01
-4.74e-01
7.43e-01
2.04e-01
-1.39e-01
-6.68e-01
-5.92e-01
3.43e-02
-3.85e-01
-3.65e-01
-4.72e-01
-5.45e-01
8.53e-01
-9.49e-01
-9.45e-01
-5.02e-01
-8.60e-01
-5.27e-01
-3.14e-02
-8.93e-01
7.27e-01
-2.78e-01
-8.13e-01
8.24e-01
3.29e-01
2.67e-02
4.20e-01
6.88e-01
3.45e-02
9.64e-01
-5.26e-02
-9.77e-01
2.87e-01
8.93e-01
-2.02e-01
9.86e-01
-3.53e-01
-6.65e-01
7.31e-01
7.46e-01
-2.77e-01
1.87e-01
9.97e-01
-2.98e-01
-9.45e-02
-5.20e-01
-5.79e-01
3.96e-01
-3.89e-01
-3.81e-01
7.02e-01
9.93e-01
3.66e-01
-3.65e-01
-7.82e-01
2.69e-01
4.77e-01
4.12e-01
-6.71e-01
-7.77e-01
-1.23e-01
-4.64e-01
4.40e-01
-6.07e-01
-6.71e-01
9.43e-01
-5.26e-01
-9.07e-01
-5.06e-01
-5.56e-01
3.60e-01
4.51e-01
-9.10e-01
-1.67e-01
5.74e-01
-2.43e-01
-7.55e-01
8.53e-01
-6.75e-01
7.77e-01
3.02e-01
6.64e-01
-1.57e-01
-7.79e-01
1.20e-01
4.71e-02
-1.02e-01
8.89e-01
7.24e-01
-7.27e-01
-3.40e-01
1.95e-01
-7.07e-01
-9.28e-01
-4.27e-01
-6.70e-01
-2.18e-01
-5.24e-01
3.87e-01
-8.79e-01
4.49e-01
2.57e-01
-5.47e-01
