3.55e-01
-1.29e-01
9.88e-02
-7.56e-01
3.06e-01
1.37e-01
8.16e-01
5.73e-01
9.37e-01
-1.30e-01
-2.59e-01
-6.22e-01
-1.55e-01
8.65e-01
1.41e-02
8.72e-01
2.12e-01
-9.57e-01
-1.36e-01
-5.29e-01
1.86e-01
-6.59e-01
1.48e-01
-7.48e-01
-6.01e-01
5.95e-01
-5.19e-01
-5.36e-01
-9.56e-01
9.02e-01
6.78e-01
-4.46e-01
-8.19e-01
-8.64e-01
5.46e-01
-9.10e-01
-1.67e-01
-2.85e-01
2.93e-01
8.86e-01
-8.44e-01
-4.01e-01
-6.99e-02
-5.99e-01
-3.31e-01
9.76e-01
-9.55e-01
5.65e-01
8.27e-01
-5.81e-01
-9.08e-01
-6.99e-02
-1.37e-01
-6.43e-01
-8.95e-01
-5.15e-01
-6.98e-01
5.89e-01
-6.82e-01
-4.37e-01
-3.21e-01
7.04e-01
7.83e-01
-2.55e-01
-7.83e-01
8.11e-01
-1.22e-01
9.09e-01
-4.31e-01
-8.38e-01
6.08e-01
-8.48e-01
3.21e-01
5.55e-03
1.49e-01
5.44e-01
-1.47e-01
3.69e-01
2.09e-01
-4.59e-01
1.72e-01
-8.37e-01
-6.51e-01
-8.70e-01
6.27e-01
1.83e-01
9.77e-01
-2.20e-01
6.34e-01
-8.65e-01
5.77e-01
-9.46e-01
-2.61e-01
-8.74e-01
5.61e-01
5.19e-01
9.42e-02
9.72e-01
-2.09e-01
-2.10e-01
-8.96e-01
-9.46e-01
1.18e-01
-2.75e-01
1.51e-01
-7.31e-01
-6.00e-01
2.17e-01
-3.90e-01
9.08e-03
6.54e-01
1.55e-01
8.40e-02
-7.85e-01
-1.86e-01
6.11e-01
-6.51e-01
-1.35e-02
8.95e-01
-7.25e-01
-9.23e-01
4.90e-01
8.60e-01
-4.13e-01
9.77e-01
-5.68e-01
-9.20e-01
-2.55e-01
-6.14e-01
-1.38e-01
5.35e-01
8.26e-01
5.85e-01
-5.28e-01
8.44e-01
-7.39e-02
-5.41e-01
-2.44e-01
-2.15e-01
-1.23e-01
-2.25e-01
9.39e-01
-7.07e-01
-2.13e-01
4.36e-01
3.37e-01
-8.39e-01
-3.31e-01
7.04e-02
-1.81e-02
-2.95e-01
-5.05e-01
9.19e-01
6.58e-01
3.83e-01
-3.68e-01
7.83e-01
-8.08e-01
-6.92e-01
-7.25e-01
7.31e-01
6.66e-01
9.00e-01
6.48e-01
5.80e-01
-4.47e-01
-7.32e-01
-7.91e-01
-2.57e-02
-2.47e-01
2.19e-01
3.60e-01
-4.22e-01
-4.20e-01
6.48e-01
-3.44e-01
8.31e-01
-6.60e-01
7.61e-01
-3.26e-01
-8.25e-01
-2.17e-01
8.89e-01
9.63e-01
-3.83e-01
4.19e-02
8.29e-01
2.35e-01
9.57e-01
-4.79e-01
9.11e-01
5.18e-01
6.76e-01
2.45e-01
-5.39e-01
-6.69e-01
5.75e-01
-8.48e-01
6.57e-01
1.54e-01
-3.36e-01
3.33e-01
-5.18e-01
6.79e-01
9.73e-01
3.53e-01
9.13e-01
-4.16e-01
-7.86e-01
-7.29e-01
-5.71e-01
-5.76e-01
9.72e-01
-9.35e-01
8.56e-01
6.88e-01
-5.84e-02
-4.42e-01
3.47e-01
-9.33e-01
-3.09e-01
3.14e-01
1.14e-01
2.81e-01
-5.37e-02
9.38e-01
-5.33e-01
-4.07e-01
8.79e-01
4.84e-01
-2.37e-02
-8.20e-01
4.68e-01
3.46e-01
-2.17e-02
-7.20e-01
-8.27e-01
-3.16e-01
9.19e-01
-1.68e-01
-9.37e-01
9.98e-01
9.30e-01
-6.88e-01
-9.86e-01
2.97e-01
-7.57e-02
-1.49e-01
2.27e-01
8.29e-01
1.85e-01
9.85e-01
-1.19e-01
9.31e-01
5.66e-01
-4.65e-01
1.16e-01
-8.03e-01
-5.45e-01
-7.32e-01
7.96e-01
-3.11e-01
-1.84e-01
6.74e-01
4.89e-02
