6.55e-01
-6.87e-01
-1.18e-01
8.02e-01
-5.57e-01
-2.88e-01
9.12e-01
-3.75e-01
-6.64e-01
-2.37e-01
-4.43e-01
8.67e-01
-1.04e-01
-3.62e-01
2.08e-01
9.78e-01
-1.95e-01
2.85e-01
3.36e-01
-3.41e-01
-9.91e-01
4.56e-01
8.34e-01
7.25e-01
-9.05e-01
-4.27e-01
2.82e-01
-2.90e-01
-5.47e-01
-3.12e-01
2.03e-01
-7.76e-01
4.05e-01
4.25e-01
-8.67e-01
5.43e-01
8.62e-01
-6.69e-01
9.05e-01
-8.39e-01
3.59e-01
7.77e-01
-6.53e-01
-5.81e-01
-5.88e-01
8.25e-01
3.59e-01
4.76e-01
1.39e-01
1.66e-01
9.42e-01
-5.34e-02
1.38e-01
3.33e-01
8.58e-01
-2.51e-01
1.06e-01
8.91e-01
-6.73e-01
6.03e-01
7.72e-01
7.26e-01
-5.17e-01
6.04e-01
-8.62e-01
-3.47e-01
-4.62e-01
-7.64e-01
-4.97e-01
5.80e-01
3.65e-01
2.61e-01
-7.48e-01
3.03e-01
-3.66e-01
7.94e-01
8.08e-01
2.06e-01
1.72e-01
7.85e-01
9.69e-01
-2.91e-01
4.53e-01
5.35e-01
-7.68e-01
-3.53e-01
-8.19e-02
2.37e-02
-1.89e-01
6.47e-01
-8.83e-01
2.13e-01
-4.35e-01
9.88e-02
-7.67e-01
-5.78e-02
-3.12e-01
8.97e-01
5.05e-01
-1.43e-03
-7.62e-01
2.86e-01
5.98e-01
-5.50e-01
-7.05e-02
-3.39e-01
-7.79e-01
2.39e-02
-9.38e-01
-8.65e-01
-4.17e-02
6.20e-01
1.18e-02
5.53e-01
-9.42e-01
-6.62e-01
-1.76e-01
3.77e-01
-8.76e-01
-6.94e-01
5.58e-01
-1.81e-01
4.47e-01
-5.53e-01
1.84e-01
-5.53e-01
3.70e-01
3.58e-01
5.96e-01
2.16e-01
4.30e-01
-5.29e-01
-8.10e-02
6.57e-02
-9.00e-01
2.83e-01
-8.29e-01
9.91e-01
8.75e-01
-7.22e-01
3.99e-01
-1.50e-01
7.61e-02
-3.29e-01
-2.42e-01
8.84e-01
-1.96e-01
9.32e-01
9.15e-02
4.27e-01
-8.73e-02
8.20e-01
7.62e-01
-8.87e-02
-6.03e-01
-6.64e-01
-4.91e-01
-4.31e-02
6.10e-01
-3.03e-01
5.80e-01
-6.89e-01
-7.37e-01
1.43e-02
-9.45e-01
4.43e-01
-1.38e-01
-7.82e-01
7.10e-02
1.84e-01
5.75e-01
-4.18e-01
3.72e-01
7.45e-01
1.22e-01
-3.42e-01
-1.70e-01
4.95e-02
9.96e-01
-2.74e-01
-3.18e-02
-8.27e-01
4.87e-01
7.72e-02
-7.45e-01
3.29e-01
-8.39e-02
-4.20e-01
-9.77e-01
-3.14e-01
9.25e-01
1.30e-01
-5.63e-01
8.27e-01
9.70e-01
-2.19e-01
7.15e-01
8.86e-01
3.00e-01
-1.12e-01
-6.93e-01
4.36e-01
-1.15e-01
-7.68e-01
-6.15e-02
-9.60e-01
8.97e-01
-2.05e-01
5.14e-01
-7.58e-01
-4.91e-01
-4.67e-01
-8.32e-01
6.65e-01
-9.13e-01
3.15e-01
-8.39e-02
8.34e-01
5.70e-01
-6.65e-01
9.65e-01
4.06e-02
-2.45e-01
-2.11e-01
1.71e-02
-6.00e-01
7.49e-01
-5.36e-02
-4.32e-01
-1.22e-01
-7.62e-01
9.93e-01
9.28e-02
-2.33e-01
-8.37e-01
-5.29e-01
-3.88e-01
-9.25e-01
-7.39e-01
-5.29e-01
-5.07e-01
-9.69e-01
7.92e-01
1.99e-01
-7.45e-01
7.69e-01
-9.97e-01
-9.18e-01
-8.61e-01
-2.75e-01
-1.13e-01
-8.11e-01
2.66e-01
-3.43e-01
-5.11e-01
-4.79e-01
-4.27e-01
7.98e-01
7.28e-01
7.45e-01
1.20e-01
-6.99e-01
3.53e-01
-2.73e-01
-1.77e-01
