-9.63e-01
1.93e-01
-6.50e-01
6.48e-01
-8.39e-01
9.86e-01
2.70e-01
7.99e-01
-1.71e-01
-1.42e-01
6.42e-01
4.86e-01
4.59e-01
6.51e-01
-9.81e-01
-6.85e-01
2.51e-01
8.08e-01
-7.05e-02
-3.83e-02
9.52e-01
-6.17e-01
3.73e-01
2.14e-01
5.90e-01
-5.41e-01
8.40e-01
-1.35e-01
-2.68e-01
-4.26e-01
-1.91e-01
8.85e-02
3.28e-01
5.60e-01
-3.21e-01
-5.44e-01
5.85e-01
8.56e-01
-2.28e-01
-6.25e-01
-5.08e-01
-2.94e-02
-9.96e-01
-1.86e-01
-9.52e-01
9.75e-01
7.99e-01
-5.90e-01
-8.19e-01
6.97e-01
5.87e-01
7.53e-01
-9.24e-01
8.36e-01
-2.17e-01
6.31e-01
2.42e-01
-3.26e-01
-2.35e-01
9.55e-01
-6.73e-01
-4.68e-01
-5.13e-01
-6.61e-01
5.07e-01
-3.73e-01
-8.42e-01
7.62e-01
7.17e-01
-3.93e-02
7.45e-01
9.98e-01
-7.06e-01
4.95e-01
4.74e-01
-8.96e-01
3.08e-02
-1.47e-01
-7.07e-01
7.38e-01
-1.07e-01
-9.64e-01
8.71e-01
1.32e-01
-3.70e-01
6.15e-01
3.20e-01
-9.48e-01
-9.19e-01
-6.12e-01
4.45e-01
2.42e-01
9.17e-02
-3.81e-02
5.70e-01
9.09e-01
-2.52e-01
9.73e-01
5.50e-01
7.72e-01
-2.83e-01
8.72e-01
1.41e-02
8.77e-01
-2.98e-01
7.25e-01
-4.75e-01
-5.42e-01
3.60e-01
-4.55e-01
-2.35e-01
5.61e-01
8.22e-02
4.97e-01
1.31e-01
9.68e-01
9.23e-01
8.28e-01
-7.42e-01
6.48e-01
-5.46e-01
-8.36e-01
8.25e-01
-9.54e-01
3.45e-01
2.65e-01
9.23e-01
7.19e-01
1.27e-01
-5.30e-01
-3.56e-01
7.97e-01
-8.28e-01
-7.07e-01
2.19e-01
-9.52e-01
-5.92e-01
-6.08e-01
6.44e-02
-7.33e-01
6.73e-01
1.72e-01
2.83e-01
6.20e-02
-9.33e-01
-3.29e-01
-1.33e-01
-8.73e-01
5.77e-01
6.81e-02
5.85e-01
5.21e-01
-3.28e-01
7.49e-01
3.99e-01
7.44e-01
-3.68e-01
-8.02e-01
-5.31e-01
3.73e-01
-6.62e-01
6.24e-01
3.68e-01
1.31e-01
3.28e-01
3.03e-01
6.83e-01
4.29e-02
-2.19e-01
6.34e-01
-1.71e-01
-8.31e-01
-5.50e-01
-2.63e-01
4.57e-03
-4.02e-01
-1.62e-01
-5.70e-01
-1.00e+00
2.66e-01
-8.37e-01
-3.51e-01
9.25e-01
6.84e-01
9.08e-01
4.33e-01
9.24e-01
9.12e-01
-9.85e-01
4.24e-01
8.87e-01
-1.14e-01
-6.00e-01
3.35e-02
-7.16e-01
4.78e-01
1.22e-02
5.02e-01
-5.47e-01
8.14e-01
-7.36e-02
9.03e-01
5.65e-01
-3.36e-01
-8.03e-01
-5.64e-01
4.35e-01
7.78e-01
8.60e-01
-6.23e-02
7.16e-01
-6.76e-01
3.96e-01
5.01e-01
3.80e-01
-6.25e-01
-9.33e-01
2.83e-01
-9.48e-01
-8.69e-01
6.16e-01
-8.50e-01
-4.85e-01
6.29e-01
-6.37e-01
9.02e-02
-2.35e-01
-7.54e-01
1.64e-01
7.42e-01
1.94e-01
6.82e-01
4.15e-01
8.67e-01
-7.94e-01
3.09e-01
-9.42e-01
3.85e-01
-4.77e-01
1.21e-01
-6.76e-02
-8.35e-01
5.78e-01
-1.59e-01
9.29e-01
-8.81e-01
-3.20e-01
5.61e-01
-6.32e-01
-3.97e-01
-3.47e-01
-3.96e-02
8.03e-01
-5.89e-01
-8.68e-01
-7.13e-01
3.57e-01
-9.44e-01
2.55e-01
5.61e-01
-1.93e-01
-5.47e-01
-3.44e-01
-2.22e-01
5.02e-01
