5.11e-01
3.49e-01
4.26e-01
3.94e-01
-1.64e-01
7.06e-01
-8.04e-01
4.31e-01
5.87e-01
4.19e-01
-2.01e-01
6.16e-01
-7.36e-01
8.23e-01
-5.86e-01
-7.80e-01
6.16e-01
6.54e-01
-4.71e-01
-9.03e-01
8.14e-01
-2.67e-01
-9.58e-01
9.82e-01
-1.67e-01
-1.28e-01
6.38e-01
-6.70e-01
8.50e-01
8.23e-01
2.03e-01
8.75e-01
4.04e-01
5.79e-01
7.14e-01
-6.73e-01
2.09e-01
-6.58e-01
-4.92e-01
-1.05e-01
2.80e-01
3.28e-01
4.75e-01
-8.69e-01
4.39e-01
8.77e-02
1.78e-01
5.09e-01
2.93e-01
-3.37e-01
-4.72e-02
-1.47e-01
-7.75e-01
6.72e-02
-6.54e-02
4.11e-01
5.91e-01
-6.56e-02
-2.02e-01
8.42e-01
2.75e-01
4.42e-01
-6.31e-01
7.06e-01
1.65e-01
-8.25e-01
-3.86e-01
4.12e-01
2.42e-01
9.41e-01
-7.53e-01
-8.78e-01
3.41e-01
-1.56e-01
-2.64e-01
-7.59e-01
-2.57e-01
4.96e-01
-3.03e-01
3.56e-01
2.07e-01
-4.44e-01
-9.55e-01
-5.15e-01
-2.11e-01
-6.34e-01
8.70e-01
-7.94e-01
-5.29e-01
2.82e-01
-9.71e-01
7.94e-01
-2.65e-01
8.02e-01
-9.64e-01
1.04e-01
-6.14e-01
9.47e-02
7.52e-01
4.30e-01
-1.46e-01
5.16e-02
5.92e-01
2.41e-01
-6.85e-02
2.42e-01
8.22e-01
-5.45e-01
-2.77e-01
1.29e-01
-9.07e-01
-1.92e-01
1.24e-01
2.30e-01
4.51e-01
6.58e-01
3.03e-01
-9.22e-02
7.09e-01
9.14e-01
-3.37e-01
4.17e-01
-4.40e-01
9.40e-01
-6.83e-01
-6.09e-01
-6.10e-02
9.61e-01
-1.55e-01
-3.77e-01
6.59e-01
-4.40e-01
3.68e-01
-8.53e-02
-3.96e-01
8.97e-01
3.38e-01
6.72e-01
-9.56e-01
-9.93e-01
-9.31e-01
-5.45e-02
-8.84e-01
-3.40e-01
-6.48e-01
7.70e-01
-7.53e-01
-3.81e-01
-7.48e-01
4.70e-01
-1.92e-01
-1.37e-01
3.84e-01
-3.32e-01
3.64e-01
2.24e-01
9.53e-01
3.65e-01
8.69e-01
-3.08e-01
2.43e-01
-6.59e-01
1.26e-01
-6.56e-01
-2.55e-01
3.47e-01
-4.06e-01
-6.59e-01
6.59e-01
1.08e-01
5.20e-01
-8.72e-01
-3.70e-01
-9.79e-01
7.29e-01
-9.84e-01
-5.10e-01
2.22e-01
3.85e-01
6.03e-01
-7.52e-01
-4.76e-01
-5.10e-01
6.33e-01
-8.15e-01
-3.30e-01
7.34e-01
-8.35e-01
-3.34e-01
4.44e-02
1.78e-01
-2.16e-01
-1.54e-01
-5.27e-01
-3.08e-01
-4.96e-01
-6.28e-01
2.79e-01
7.34e-01
-9.32e-01
1.13e-01
1.01e-01
8.80e-01
-7.55e-01
-5.64e-01
4.96e-01
-4.68e-01
-2.98e-01
8.71e-01
8.13e-01
-6.77e-01
-5.73e-01
3.51e-01
6.40e-01
-5.77e-03
-8.24e-01
-3.45e-01
2.41e-01
-2.44e-01
-4.86e-01
6.37e-01
7.74e-01
-2.44e-01
5.59e-01
-8.44e-01
5.40e-01
-7.83e-01
3.08e-01
4.87e-01
-8.69e-01
1.88e-01
-3.31e-01
-5.29e-01
-2.03e-01
7.75e-01
-9.77e-01
5.07e-01
3.49e-02
3.00e-01
7.98e-01
3.27e-01
-2.53e-01
-8.98e-01
-4.44e-01
-4.91e-01
-7.30e-01
9.91e-01
7.64e-01
3.37e-01
1.92e-01
-8.59e-01
-7.73e-01
-9.16e-01
-4.26e-01
8.51e-02
1.13e-02
-9.16e-01
-4.08e-02
-4.85e-01
-1.72e-01
2.59e-01
-2.84e-01
3.06e-01
1.11e-02
1.11e-01
