-9.71e-01
-5.45e-01
3.56e-01
-4.51e-01
-2.09e-01
-4.05e-01
4.65e-02
5.82e-02
3.67e-01
-8.91e-01
-8.43e-01
-6.31e-01
-7.48e-01
3.74e-01
-7.86e-02
7.65e-02
2.86e-01
3.68e-01
-4.70e-01
8.81e-01
-2.75e-01
-4.64e-01
7.83e-01
6.27e-01
-7.88e-01
-1.57e-01
-3.53e-01
-7.81e-01
4.02e-01
-5.64e-01
-4.68e-01
1.86e-01
-5.33e-01
1.56e-01
-2.99e-01
8.74e-01
2.36e-01
7.22e-01
3.68e-01
6.89e-01
6.99e-01
-8.29e-01
-1.32e-01
2.32e-01
-4.60e-01
4.91e-01
3.42e-01
-3.34e-01
-6.19e-01
-9.44e-01
8.17e-02
-4.44e-01
1.11e-01
2.95e-01
-6.94e-02
-5.76e-01
-1.27e-01
4.36e-01
-8.21e-01
-9.45e-01
2.08e-01
-9.91e-01
5.46e-01
-1.52e-01
4.84e-01
2.74e-01
3.16e-01
1.06e-01
-2.39e-01
9.73e-01
-5.88e-02
6.57e-01
7.96e-02
-9.74e-01
-6.08e-01
7.23e-02
6.45e-01
-5.73e-01
3.92e-01
-5.77e-01
-5.40e-01
-4.44e-01
7.08e-01
-7.28e-01
6.68e-01
7.39e-01
-1.60e-01
7.22e-01
5.66e-01
-7.75e-01
6.98e-01
-9.31e-01
-6.17e-01
3.29e-01
-5.82e-01
-1.76e-01
7.20e-01
8.48e-01
2.07e-01
-1.14e-01
-3.93e-01
2.72e-01
-9.18e-01
5.46e-01
-6.23e-01
-8.00e-01
2.40e-01
-4.67e-01
-9.56e-01
2.89e-01
8.15e-01
-7.54e-01
6.66e-01
9.09e-01
5.95e-01
-6.51e-01
-9.54e-01
4.76e-01
-7.17e-01
-6.62e-01
5.29e-01
7.95e-01
-5.79e-01
-7.67e-01
-6.41e-01
8.05e-01
-3.23e-01
-9.09e-01
-9.22e-01
-6.99e-01
-4.44e-01
-3.09e-01
6.20e-01
4.98e-01
3.06e-01
7.94e-01
9.66e-01
8.98e-01
1.81e-01
9.52e-01
5.85e-02
-1.80e-01
-1.10e-01
-3.58e-01
-3.84e-01
-4.36e-01
-2.77e-01
2.09e-01
3.48e-01
-9.84e-01
-1.65e-01
-5.65e-01
-3.53e-01
2.08e-01
-1.68e-01
-9.31e-01
2.47e-01
7.48e-01
4.88e-01
-5.37e-01
-9.28e-01
2.45e-01
-4.05e-02
-1.71e-01
-9.30e-01
4.31e-01
-8.15e-01
8.54e-01
9.77e-02
2.29e-01
4.49e-01
8.07e-01
-4.59e-02
1.27e-02
6.50e-01
4.54e-02
5.37e-01
-9.35e-01
-2.68e-02
-7.47e-01
-4.89e-01
5.06e-01
-3.83e-01
2.29e-02
2.12e-01
-9.64e-01
-6.42e-01
1.51e-01
-9.58e-01
-4.03e-02
-9.63e-01
9.04e-01
9.82e-01
2.40e-01
-8.31e-01
7.03e-01
-1.42e-01
3.04e-01
-7.39e-01
-5.76e-01
-9.24e-01
8.52e-01
3.55e-01
4.44e-01
5.40e-02
-3.09e-01
4.53e-01
-4.12e-01
-5.61e-01
-5.79e-01
-2.16e-01
-2.75e-01
5.52e-01
9.77e-01
-3.71e-01
-7.44e-01
8.15e-01
8.98e-01
-2.31e-01
-2.12e-01
-9.13e-02
8.34e-01
4.08e-01
2.13e-01
7.64e-01
-6.65e-02
5.38e-02
-6.75e-01
9.42e-01
2.75e-01
5.31e-01
-8.19e-01
6.55e-01
-8.15e-01
3.53e-01
5.29e-01
7.33e-01
9.84e-02
4.72e-01
-1.33e-01
-2.08e-01
-8.55e-01
3.17e-02
5.43e-01
-5.54e-01
-5.28e-02
7.03e-02
1.79e-01
-9.07e-01
-5.38e-01
-8.94e-02
-3.18e-01
-2.85e-01
-1.71e-01
-2.77e-01
-9.21e-01
3.37e-01
-9.66e-02
-3.53e-01
9.00e-01
-7.86e-01
6.63e-02
7.40e-01
-5.10e-01
-1.15e-01
