5.46e-01
1.36e-02
-2.88e-01
1.43e-01
4.32e-01
-7.50e-01
-1.31e-01
9.07e-01
2.74e-01
5.22e-01
5.28e-01
-6.34e-01
8.82e-02
-6.59e-01
1.07e-01
-9.97e-01
2.38e-01
7.28e-01
-9.86e-01
8.11e-01
3.56e-01
2.73e-01
3.70e-01
7.80e-01
-2.15e-01
-1.16e-01
-4.79e-01
-2.73e-01
-2.15e-01
-1.39e-01
-3.24e-01
-7.37e-01
-8.21e-01
5.30e-01
4.13e-01
-3.54e-01
5.95e-01
1.28e-01
9.29e-01
8.16e-02
-9.39e-01
8.07e-01
4.13e-03
2.32e-01
-5.01e-02
-9.54e-01
-3.05e-02
3.00e-01
1.05e-01
1.14e-01
4.08e-01
3.21e-01
4.39e-01
3.56e-01
-4.63e-01
6.82e-01
-3.92e-01
-8.98e-01
-7.37e-01
6.65e-01
-6.18e-01
7.36e-01
6.75e-01
-9.45e-01
-9.85e-01
8.01e-01
-8.61e-01
-9.17e-01
9.46e-02
1.00e-01
-5.61e-01
1.06e-02
9.80e-02
-2.98e-01
-6.87e-01
6.89e-01
-4.60e-01
-7.77e-01
-1.67e-01
-1.37e-01
-3.60e-01
9.80e-01
-3.41e-01
4.33e-02
-8.57e-01
-4.97e-01
-8.86e-01
-5.61e-01
-5.85e-01
4.94e-01
-4.75e-01
2.64e-01
1.02e-01
9.44e-01
5.46e-01
9.94e-01
-1.38e-01
-6.70e-01
5.52e-01
-2.69e-01
-1.79e-01
-8.97e-01
4.62e-01
-4.06e-01
2.07e-01
3.82e-01
3.13e-01
9.90e-02
8.22e-01
1.94e-01
1.56e-01
4.13e-01
-2.13e-01
6.89e-01
-5.37e-01
-1.29e-01
-7.38e-01
-6.68e-01
9.31e-01
5.52e-01
2.33e-01
4.38e-01
-8.26e-01
7.92e-01
-2.25e-01
-5.84e-01
1.32e-01
6.51e-01
2.56e-01
-7.95e-01
3.92e-01
-9.11e-02
-6.50e-01
6.60e-01
-4.47e-01
-5.25e-01
4.16e-01
-9.33e-01
8.24e-01
-5.64e-01
-5.90e-01
-7.31e-01
-2.68e-01
-7.44e-01
7.95e-01
-9.09e-01
-4.27e-01
2.67e-01
7.73e-01
-5.40e-01
3.63e-01
-9.12e-02
5.91e-01
-3.56e-02
-6.66e-01
6.60e-01
1.72e-01
-5.00e-01
-9.74e-01
-9.24e-01
5.91e-02
6.50e-01
-4.60e-01
-2.37e-01
-6.05e-01
-4.89e-01
2.86e-01
-3.81e-01
2.89e-01
6.10e-01
2.01e-01
-1.57e-01
9.01e-01
5.30e-01
1.60e-01
-2.78e-01
5.67e-01
5.70e-01
5.58e-02
2.05e-01
4.29e-01
9.36e-01
-5.63e-01
-6.00e-01
-5.97e-01
-4.57e-01
-8.45e-01
-8.50e-01
1.12e-01
7.22e-01
3.56e-01
-7.80e-01
8.34e-01
-3.25e-01
5.75e-01
3.99e-02
6.05e-01
6.09e-01
-5.92e-01
3.29e-02
-9.17e-01
-4.01e-01
6.39e-01
-7.35e-01
7.21e-01
6.35e-01
-3.02e-01
-6.15e-01
5.92e-01
-5.78e-01
-3.03e-01
-2.05e-01
1.06e-01
4.39e-01
-8.41e-01
4.57e-01
-1.95e-01
-7.09e-01
2.07e-01
9.15e-01
-7.29e-01
2.90e-02
7.01e-01
9.80e-01
8.99e-01
-8.23e-01
-3.20e-01
-2.90e-01
8.59e-01
-7.23e-04
4.38e-01
1.65e-01
2.26e-01
6.25e-01
-6.97e-01
-4.21e-01
1.69e-01
1.03e-01
5.81e-01
2.55e-03
-1.11e-01
-6.88e-02
4.76e-01
4.49e-01
4.72e-01
9.38e-01
-9.51e-01
9.56e-01
9.06e-01
7.83e-01
-9.47e-01
-7.31e-01
-1.77e-01
-7.12e-01
5.62e-01
-7.23e-01
-5.43e-01
4.72e-01
-3.63e-01
-4.60e-01
1.29e-01
-5.22e-02
3.17e-01
-4.25e-01
8.55e-01
