-4.75e-01
9.78e-01
4.31e-01
-3.28e-01
-6.56e-01
8.14e-01
-1.74e-01
-6.40e-01
2.74e-01
5.22e-01
5.28e-01
-6.34e-01
5.10e-01
-9.98e-01
-5.11e-01
-5.33e-01
7.80e-01
7.92e-03
1.20e-01
4.39e-01
-5.95e-01
-6.30e-02
-3.25e-01
2.86e-01
2.97e-02
-3.97e-01
8.69e-01
3.16e-01
-3.40e-01
9.07e-01
-6.41e-01
5.31e-01
4.82e-01
-2.08e-01
-6.82e-01
-1.13e-01
9.35e-01
4.60e-02
-1.88e-02
-9.27e-01
-5.63e-01
-8.39e-01
7.14e-03
-5.71e-01
8.59e-01
-3.57e-01
-8.65e-01
-7.64e-01
8.83e-01
3.24e-01
-9.54e-01
-1.96e-01
-5.50e-01
9.57e-02
5.29e-01
-3.20e-01
3.93e-01
-8.02e-01
-2.82e-02
-9.23e-01
6.05e-01
-2.51e-01
5.62e-01
9.29e-01
3.40e-01
2.20e-01
3.84e-01
-1.65e-01
7.27e-01
-2.47e-01
-9.98e-01
-2.22e-01
-1.24e-01
-2.47e-01
-3.17e-01
4.55e-01
-7.17e-01
2.69e-01
-1.66e-01
1.12e-01
-8.84e-01
-2.29e-01
6.38e-01
-2.57e-02
4.76e-01
4.49e-01
-6.69e-01
5.47e-01
-1.16e-01
-2.84e-03
-8.73e-01
4.23e-01
-6.53e-01
-4.57e-01
-4.33e-01
-4.32e-02
-2.80e-01
1.95e-01
-7.71e-01
8.06e-01
1.58e-01
5.00e-03
7.25e-01
7.64e-01
-4.50e-01
6.85e-01
2.27e-01
8.69e-01
-4.09e-01
7.53e-01
1.82e-01
-5.18e-01
-6.83e-01
-4.64e-01
7.22e-01
-6.51e-01
-9.54e-01
4.76e-01
-7.17e-01
-6.62e-01
5.29e-01
7.95e-01
-5.79e-01
-7.67e-01
-6.41e-01
8.05e-01
-3.23e-01
-9.09e-01
-9.22e-01
-6.99e-01
-4.44e-01
-3.09e-01
-3.53e-01
4.98e-01
3.06e-01
7.94e-01
9.66e-01
8.98e-01
1.81e-01
9.52e-01
5.85e-02
-1.80e-01
-1.10e-01
-3.58e-01
-3.84e-01
-4.36e-01
-2.77e-01
2.09e-01
3.48e-01
-9.84e-01
-1.65e-01
-5.65e-01
-3.53e-01
2.08e-01
-1.68e-01
-9.31e-01
2.47e-01
7.48e-01
4.88e-01
-5.37e-01
-9.28e-01
2.45e-01
-4.05e-02
-1.71e-01
-9.30e-01
4.31e-01
-8.15e-01
8.54e-01
9.77e-02
2.29e-01
4.49e-01
8.07e-01
-4.59e-02
1.27e-02
6.50e-01
2.89e-01
5.37e-01
-9.35e-01
-2.68e-02
-7.47e-01
-4.89e-01
4.04e-01
2.44e-01
2.29e-02
2.12e-01
-9.91e-01
5.70e-01
-3.65e-01
2.95e-01
-4.03e-02
-9.63e-01
9.04e-01
9.82e-01
2.40e-01
-8.31e-01
7.03e-01
6.05e-01
6.09e-01
-5.92e-01
3.29e-02
-9.17e-01
-4.01e-01
6.39e-01
-7.35e-01
7.21e-01
6.35e-01
-3.02e-01
-6.15e-01
5.92e-01
-5.78e-01
-3.03e-01
-2.05e-01
1.06e-01
4.39e-01
-8.41e-01
4.57e-01
-1.95e-01
-7.09e-01
2.07e-01
9.15e-01
-7.29e-01
2.90e-02
7.01e-01
9.80e-01
8.99e-01
-8.23e-01
-3.20e-01
-2.90e-01
8.59e-01
-7.23e-04
4.38e-01
1.65e-01
2.26e-01
6.25e-01
-6.97e-01
-4.21e-01
1.69e-01
1.03e-01
5.81e-01
2.55e-03
-1.11e-01
-6.88e-02
4.76e-01
4.49e-01
4.72e-01
-5.28e-02
7.03e-02
1.79e-01
-9.07e-01
-5.38e-01
-8.94e-02
-3.18e-01
-2.85e-01
-1.71e-01
-2.77e-01
-9.21e-01
3.37e-01
-9.66e-02
-3.53e-01
9.00e-01
-7.86e-01
6.63e-02
7.40e-01
-5.10e-01
-1.15e-01
