-7.36e-01
7.50e-02
2.66e-01
-3.71e-01
5.32e-01
-7.26e-01
2.82e-01
-8.83e-01
5.74e-03
7.79e-01
-9.26e-01
-5.52e-01
4.24e-01
3.72e-01
-8.55e-01
-9.28e-01
9.46e-01
-9.82e-01
-2.37e-01
5.20e-01
-6.04e-01
-2.32e-02
-5.34e-02
3.67e-01
4.74e-01
-8.47e-01
-5.75e-01
-7.83e-01
8.71e-01
-7.71e-01
3.38e-01
8.21e-01
8.42e-01
-6.77e-01
8.31e-01
1.42e-01
-7.36e-01
-9.34e-01
-6.56e-01
3.38e-02
2.04e-01
-4.38e-01
6.94e-02
4.72e-02
3.35e-01
-3.95e-01
3.03e-01
6.07e-01
-3.15e-01
6.47e-01
-8.34e-01
-9.75e-01
-4.38e-01
-8.52e-01
9.95e-01
9.45e-01
-1.51e-01
-4.03e-01
-5.30e-01
-2.15e-01
4.11e-01
6.85e-01
-2.00e-01
7.16e-01
7.03e-01
3.83e-01
2.83e-01
6.18e-01
4.47e-01
-6.33e-01
3.46e-01
1.94e-01
5.32e-02
3.90e-01
3.52e-01
4.27e-01
4.60e-01
6.29e-01
-3.40e-02
6.75e-01
4.66e-01
9.78e-01
-8.60e-01
-4.66e-01
-9.39e-01
-1.48e-01
-6.18e-01
-7.48e-02
-2.09e-01
4.12e-01
-2.44e-01
-4.99e-01
2.24e-01
-9.28e-01
-7.38e-01
-7.93e-01
-5.41e-01
6.56e-01
3.97e-01
2.85e-01
-1.66e-01
5.20e-01
6.86e-01
6.86e-01
9.27e-02
-6.08e-01
3.25e-01
-7.39e-01
7.12e-01
3.35e-02
-7.62e-01
9.76e-01
-1.52e-01
-2.18e-01
8.47e-01
5.67e-01
-3.59e-01
-2.42e-01
7.50e-01
2.05e-01
-2.79e-01
5.45e-01
-2.90e-01
-4.27e-01
3.72e-01
8.06e-01
1.70e-01
7.78e-01
-4.87e-01
7.41e-01
-2.35e-04
-1.49e-01
3.77e-01
3.60e-01
7.21e-02
4.17e-01
8.81e-01
7.41e-01
-3.69e-01
7.96e-01
-8.44e-01
4.82e-01
-6.97e-01
-8.67e-01
-4.75e-01
4.74e-01
1.20e-01
-6.26e-01
-2.09e-01
-2.35e-01
8.08e-01
-2.77e-02
4.62e-01
5.27e-01
9.78e-01
4.15e-01
-7.68e-01
-1.48e-01
-1.73e-01
6.40e-01
-6.88e-01
5.19e-01
4.44e-01
6.89e-02
8.95e-02
-1.16e-01
2.90e-01
8.21e-01
-1.08e-01
4.63e-01
1.56e-01
-2.57e-01
1.72e-01
-1.93e-01
6.58e-01
-4.63e-01
-4.48e-01
4.96e-01
1.98e-01
-5.63e-01
8.39e-01
2.44e-01
-1.68e-01
-4.04e-01
-7.58e-03
8.35e-01
-4.66e-01
-5.85e-01
4.81e-01
2.18e-01
-6.58e-01
-8.10e-01
4.07e-01
6.83e-01
8.24e-01
2.21e-01
2.95e-01
3.09e-04
-6.48e-01
-1.82e-01
8.78e-01
-8.76e-01
-5.77e-01
-7.47e-01
3.39e-01
-4.93e-01
-2.89e-01
5.06e-02
4.96e-01
5.98e-01
3.12e-01
-4.35e-01
9.31e-01
-5.24e-01
2.13e-01
-9.42e-01
-9.36e-01
-3.55e-02
7.82e-01
4.12e-01
6.08e-01
7.23e-01
5.36e-01
5.15e-01
9.37e-02
-1.86e-01
-2.07e-01
2.73e-01
2.23e-01
-2.39e-01
-3.25e-01
3.68e-01
-4.90e-01
-2.64e-01
1.18e-01
-3.19e-01
-4.13e-01
-4.84e-01
-5.51e-01
-7.63e-01
-3.42e-01
-1.00e+00
-8.80e-02
7.90e-01
8.19e-01
-4.33e-01
7.20e-01
8.76e-01
9.08e-01
3.07e-01
-6.01e-01
-4.90e-01
-8.53e-01
7.36e-01
-1.70e-01
2.24e-01
9.88e-02
6.24e-01
9.82e-01
1.04e-01
-5.52e-02
6.63e-02
7.40e-01
-5.10e-01
-1.15e-01
