-3.94e-01
8.99e-01
-2.63e-01
-9.34e-02
-7.58e-02
-7.69e-01
-8.14e-01
-2.42e-01
5.24e-01
-7.75e-01
4.72e-01
5.18e-01
2.67e-01
-6.68e-01
8.92e-01
4.20e-01
7.67e-01
4.15e-01
-1.18e-01
-1.92e-01
-8.45e-01
-9.33e-01
8.94e-01
2.84e-02
-2.56e-01
-3.95e-01
-8.59e-01
-5.42e-01
-4.99e-01
2.66e-01
-9.12e-02
9.03e-01
-7.18e-01
-4.14e-01
8.35e-01
7.18e-01
-7.34e-02
-3.19e-01
-5.98e-01
-8.52e-01
-2.98e-01
-3.27e-01
8.35e-01
7.47e-01
-7.83e-01
-6.42e-02
-2.96e-01
-1.53e-01
-8.26e-01
-7.44e-01
-1.15e-01
-9.72e-01
5.94e-01
-2.50e-01
-5.80e-01
-9.98e-01
-4.40e-01
-6.73e-01
1.06e-01
8.44e-01
2.32e-01
3.15e-01
6.60e-01
-5.46e-01
-1.41e-02
1.46e-01
-1.15e-01
-9.29e-01
2.73e-01
-1.82e-01
6.00e-01
9.85e-01
6.87e-01
-6.92e-02
7.87e-01
5.93e-01
9.75e-01
-4.05e-01
-3.55e-01
-1.09e-01
6.48e-01
-5.68e-01
-6.90e-01
3.46e-01
3.96e-01
-1.65e-01
2.13e-01
-5.46e-01
4.89e-01
-9.30e-02
-7.42e-01
-8.35e-01
-4.78e-01
-6.72e-01
-5.44e-01
4.72e-01
-2.12e-01
-6.42e-02
6.81e-01
7.48e-01
-9.59e-01
-6.53e-01
-3.75e-01
-9.13e-01
-9.24e-01
2.98e-02
4.62e-01
5.84e-01
6.60e-01
3.53e-01
-1.25e-01
3.07e-01
5.91e-01
-6.96e-01
-5.50e-01
-8.79e-01
4.99e-01
-6.95e-01
5.31e-01
7.95e-01
9.41e-01
-8.78e-01
8.32e-01
-1.39e-01
-1.78e-01
-1.66e-01
8.19e-01
7.12e-01
-5.80e-01
5.83e-01
-1.13e-01
9.29e-01
-8.60e-01
-4.33e-01
9.49e-01
-1.83e-01
-2.52e-01
4.58e-01
9.99e-01
-4.76e-01
6.79e-01
-6.00e-01
2.66e-01
8.37e-01
-7.78e-01
3.03e-01
7.45e-01
-7.97e-01
-1.63e-01
-8.01e-01
-6.70e-01
6.74e-01
-1.41e-01
-6.37e-01
1.86e-01
6.51e-01
-5.12e-01
-1.44e-01
5.52e-01
-9.44e-01
9.02e-01
2.13e-01
4.65e-01
2.16e-01
2.12e-01
-2.22e-01
6.92e-01
4.72e-01
6.62e-01
5.93e-01
5.46e-01
2.18e-01
-5.04e-01
6.86e-01
4.64e-01
-2.54e-01
-2.58e-01
5.45e-01
-8.02e-01
-6.94e-01
-3.08e-01
-8.58e-01
4.88e-01
-6.45e-01
-5.18e-01
-5.96e-01
5.79e-01
4.69e-01
-7.69e-01
6.90e-01
5.94e-01
-5.39e-01
3.82e-01
-1.80e-01
8.12e-02
2.52e-01
3.48e-01
3.35e-01
-6.96e-01
-5.69e-01
-4.01e-01
5.50e-01
2.66e-01
-3.68e-01
-2.90e-01
9.88e-01
-4.61e-01
-4.12e-01
-7.92e-02
-3.41e-01
-1.44e-01
-1.32e-01
8.34e-04
9.39e-01
8.35e-01
1.99e-01
-3.38e-01
2.70e-01
-5.85e-01
-3.07e-02
2.08e-01
3.90e-01
4.02e-02
-7.89e-02
-8.75e-01
-3.10e-01
-1.83e-01
-7.11e-01
1.12e-01
-7.72e-01
8.66e-01
9.40e-01
7.15e-01
-5.16e-01
2.16e-01
3.11e-01
-7.95e-01
8.36e-01
2.60e-01
1.01e-02
4.46e-01
1.33e-01
7.36e-01
-4.05e-01
-1.36e-01
-2.53e-01
6.48e-01
1.60e-01
1.63e-02
-1.87e-01
3.61e-01
4.64e-01
6.48e-01
-8.62e-01
-2.12e-01
-1.88e-01
3.09e-01
-1.94e-01
2.43e-01
8.76e-01
2.57e-02
-8.43e-01
-4.79e-01
-6.17e-01
-8.90e-01
