-1.96e-01
3.10e-01
6.11e-01
-9.76e-01
-7.82e-01
-3.76e-01
-1.29e-01
3.12e-01
-6.54e-01
4.69e-01
2.58e-01
4.81e-01
8.52e-01
-4.74e-01
-6.05e-01
-1.09e-01
-3.92e-01
-6.68e-01
7.97e-01
5.66e-02
1.82e-01
7.40e-01
5.44e-01
4.73e-01
8.14e-02
-3.63e-01
6.71e-01
4.63e-01
3.44e-01
-9.11e-02
8.45e-01
6.06e-01
4.66e-01
7.26e-01
4.26e-01
4.90e-01
-2.14e-01
4.27e-01
1.79e-02
6.71e-01
6.53e-01
1.07e-01
8.27e-01
-2.08e-01
-5.36e-01
-8.28e-01
-4.12e-01
-1.59e-01
8.49e-01
-8.98e-01
-6.30e-01
-6.37e-01
9.16e-01
-8.30e-01
3.82e-01
2.71e-01
2.72e-01
6.20e-01
5.63e-01
9.12e-01
4.81e-01
8.79e-01
9.69e-01
-3.39e-01
-9.11e-01
-7.81e-01
8.20e-01
4.61e-01
-6.54e-01
4.67e-01
-8.07e-01
4.71e-01
-4.04e-01
-3.92e-02
5.00e-01
4.76e-01
-3.49e-01
5.83e-01
-5.30e-02
-7.68e-01
9.46e-01
-9.57e-01
-1.75e-01
9.59e-01
9.46e-01
-6.69e-01
7.62e-01
7.12e-01
-8.53e-01
9.55e-01
-1.96e-01
-2.28e-01
-5.10e-01
9.11e-01
-7.28e-02
-2.42e-02
4.13e-02
-6.71e-01
-5.47e-01
5.78e-01
8.28e-01
-5.23e-01
-4.84e-01
9.16e-02
3.18e-01
-6.50e-01
9.92e-02
-4.52e-01
8.23e-01
5.87e-01
6.91e-01
-1.11e-01
-8.72e-01
-9.88e-02
7.60e-01
5.28e-01
5.16e-01
-7.43e-01
6.32e-01
2.49e-01
9.75e-01
9.46e-01
-7.28e-01
-4.71e-01
9.70e-01
-3.43e-01
8.24e-01
7.59e-01
-1.64e-01
9.85e-02
-5.27e-01
-6.75e-01
-9.67e-01
-6.66e-01
9.39e-01
-6.06e-01
7.25e-01
5.89e-02
7.54e-01
3.35e-01
-5.67e-01
3.64e-01
-1.41e-01
1.25e-01
4.49e-01
8.72e-01
-4.36e-01
-8.52e-01
-4.49e-01
4.36e-01
-2.00e-01
-6.08e-01
9.94e-01
-2.34e-01
-7.26e-02
9.09e-01
-1.89e-01
1.58e-01
-7.73e-01
-8.95e-01
5.82e-01
9.07e-01
4.37e-01
9.74e-01
-2.57e-01
9.38e-01
-7.47e-02
5.39e-01
7.22e-01
-3.94e-03
-8.57e-01
-7.38e-01
7.89e-01
9.40e-02
4.21e-01
6.07e-01
1.33e-02
-5.99e-01
4.44e-01
9.32e-01
5.45e-01
4.40e-01
-7.46e-01
-6.87e-02
-2.36e-01
5.11e-01
6.54e-01
3.43e-01
-7.47e-01
5.03e-01
4.98e-02
-5.22e-01
3.22e-01
-7.09e-01
-6.62e-01
-2.48e-01
9.92e-01
-3.40e-01
1.38e-02
1.81e-01
6.35e-01
1.38e-01
-6.86e-01
2.43e-01
-5.35e-01
9.98e-01
6.46e-01
5.17e-01
2.34e-01
2.44e-01
7.42e-01
6.08e-01
8.79e-01
4.09e-01
-8.78e-01
-5.18e-01
8.82e-01
-2.26e-02
-7.05e-01
-3.71e-01
-7.42e-01
6.59e-01
8.85e-01
9.41e-01
-3.93e-01
9.27e-01
-9.29e-01
6.64e-01
2.09e-01
-1.58e-01
2.77e-01
-2.85e-01
1.19e-01
-3.54e-01
2.31e-02
-8.54e-01
-8.16e-01
-8.89e-01
-1.39e-01
4.17e-01
-7.82e-01
7.29e-01
6.49e-01
-9.76e-01
7.84e-01
2.27e-02
4.64e-01
6.35e-01
2.59e-01
5.83e-01
2.74e-01
-4.76e-01
7.75e-01
-7.40e-01
-9.45e-01
6.49e-01
-8.04e-01
-2.97e-01
-5.53e-01
6.81e-01
-8.98e-01
5.72e-01
7.97e-01
3.47e-01
-1.94e-01
