3.88e-01
-3.09e-01
5.26e-01
7.32e-01
-5.07e-01
-4.68e-01
-7.05e-01
4.06e-02
-9.54e-01
-9.59e-01
9.40e-01
7.37e-01
8.19e-02
6.23e-01
3.06e-01
8.24e-01
5.55e-01
-9.86e-01
-5.95e-01
2.37e-02
8.17e-01
-6.48e-02
3.53e-01
1.67e-02
3.76e-01
2.99e-03
5.80e-01
-5.39e-01
5.46e-01
-5.39e-01
2.31e-01
-3.97e-01
-8.52e-01
8.58e-01
9.23e-01
-9.43e-02
-6.60e-01
-8.40e-01
-2.82e-01
-5.49e-01
-3.92e-01
-3.00e-01
4.33e-01
-6.78e-01
6.26e-01
8.47e-01
-8.61e-01
-7.63e-01
-2.79e-02
3.82e-01
-5.83e-01
1.59e-01
8.86e-01
-8.73e-01
-7.08e-02
-6.78e-01
-9.23e-01
3.64e-01
-9.75e-01
9.09e-01
3.69e-01
-7.00e-01
3.15e-01
-1.30e-01
-5.67e-01
-6.01e-01
-1.13e-01
5.74e-01
-8.17e-01
8.22e-01
9.68e-01
8.17e-01
-4.81e-01
-4.36e-01
5.93e-01
8.17e-01
3.13e-01
4.23e-01
3.04e-01
5.01e-01
-6.80e-01
-8.78e-01
-9.75e-01
-2.14e-01
-6.27e-02
-5.60e-01
-8.90e-01
8.45e-01
7.99e-01
1.75e-01
7.01e-01
5.10e-01
-6.77e-03
-9.80e-01
-1.91e-01
-6.78e-01
1.75e-01
8.33e-01
3.94e-01
-8.16e-01
-1.37e-01
-1.89e-01
1.12e-01
-6.48e-01
-1.99e-01
-6.77e-01
8.94e-01
6.09e-01
-7.22e-01
-3.44e-01
-8.09e-01
2.09e-01
-6.43e-02
-5.82e-01
3.67e-01
4.24e-01
5.29e-02
8.79e-01
1.36e-01
4.49e-01
-4.54e-01
4.66e-01
5.00e-01
-9.50e-01
-3.43e-01
2.06e-01
6.68e-01
-4.14e-01
-9.57e-01
8.76e-01
-4.07e-01
5.50e-01
-8.15e-01
2.26e-01
-9.83e-01
3.31e-01
-5.18e-01
-1.88e-01
-7.93e-01
-8.09e-01
6.84e-01
6.02e-01
-9.65e-01
7.57e-01
8.76e-01
2.61e-01
4.57e-02
-5.99e-01
-5.07e-01
-4.65e-01
6.59e-01
7.78e-01
8.77e-02
3.67e-01
7.72e-01
8.23e-01
9.57e-01
-4.16e-01
-7.51e-02
-9.42e-01
4.66e-01
7.87e-01
-3.01e-01
-7.18e-01
5.13e-02
-6.06e-01
-9.99e-01
6.87e-01
-6.96e-01
-7.85e-01
3.44e-01
-7.97e-01
6.46e-01
4.42e-01
-1.54e-01
2.45e-01
-4.48e-01
1.89e-01
-3.80e-01
-3.55e-01
1.49e-01
1.12e-01
2.84e-02
-7.36e-01
-2.88e-01
-3.78e-01
-8.61e-01
-7.59e-02
9.32e-01
-5.56e-01
9.68e-01
8.84e-02
-7.70e-01
7.80e-01
7.61e-01
-3.32e-02
1.81e-01
7.98e-01
4.92e-01
3.87e-01
-5.17e-01
-8.40e-01
4.62e-01
-3.40e-01
8.88e-01
3.66e-01
9.26e-03
-2.63e-01
-6.10e-02
2.40e-01
3.92e-01
-2.86e-01
-1.91e-01
6.18e-01
-4.04e-02
-6.61e-01
2.84e-01
5.29e-01
7.71e-01
9.27e-01
4.05e-01
5.21e-01
-8.78e-01
6.77e-01
4.29e-01
-9.04e-01
-3.37e-01
7.66e-01
5.68e-01
-8.99e-01
-5.66e-01
-9.52e-01
6.19e-01
6.49e-01
-9.49e-02
-3.70e-01
-9.18e-02
-8.50e-02
-3.60e-01
-2.65e-01
-5.19e-01
-9.49e-01
1.93e-01
6.73e-01
-6.28e-01
7.70e-01
-7.27e-01
9.25e-01
-5.16e-01
-5.33e-01
-7.45e-01
2.20e-01
1.00e-01
-1.93e-01
-2.33e-01
7.98e-01
3.17e-01
1.84e-02
-5.34e-01
5.17e-01
4.64e-01
-7.54e-01
-8.75e-01
2.46e-01
-5.74e-01
