-1.02e-01
2.44e-01
6.10e-01
-9.43e-01
1.37e-01
7.96e-01
5.13e-01
8.89e-01
-8.60e-01
-3.65e-01
-3.33e-01
2.70e-01
-8.09e-01
-9.79e-01
9.86e-01
-2.80e-01
1.88e-01
-7.58e-01
-4.77e-01
1.67e-01
6.93e-01
9.83e-01
-5.34e-01
3.82e-01
-8.58e-01
9.53e-01
2.09e-01
-9.05e-01
-9.21e-01
2.32e-01
9.86e-01
-8.08e-01
-8.58e-01
-8.69e-01
6.52e-01
1.51e-01
-1.11e-01
7.79e-01
-7.60e-01
-8.76e-01
-3.56e-01
4.60e-01
-5.71e-02
-8.56e-01
-9.48e-01
-5.19e-01
-4.54e-02
5.25e-01
4.68e-01
-3.10e-01
-3.74e-01
-5.30e-01
-2.85e-01
3.06e-01
7.86e-02
-7.43e-01
-7.53e-01
5.38e-01
-1.43e-01
1.69e-01
5.95e-01
-4.72e-01
-5.00e-01
-6.25e-01
-7.27e-01
-3.54e-01
8.95e-01
-9.87e-01
-6.86e-01
-6.17e-01
-5.10e-01
4.61e-01
4.99e-03
-3.20e-01
-3.16e-01
-2.20e-01
5.22e-01
4.41e-01
-3.48e-01
-1.34e-01
9.03e-01
-3.22e-02
-5.98e-01
-4.18e-01
1.73e-01
4.16e-01
-5.92e-01
-2.73e-01
-8.17e-01
4.88e-01
-9.96e-01
-8.70e-01
9.33e-01
8.37e-01
-7.82e-01
5.04e-01
-6.35e-01
7.14e-02
6.54e-01
-8.24e-01
-9.57e-01
-7.56e-01
8.72e-03
-7.89e-01
-3.28e-01
-6.00e-01
5.64e-01
1.33e-01
4.34e-01
-4.46e-01
-3.06e-01
-1.17e-01
-9.66e-01
6.35e-01
1.00e+00
-9.12e-01
-1.09e-01
3.30e-01
-9.11e-01
-8.39e-01
5.95e-01
8.95e-01
6.62e-01
7.79e-01
3.12e-01
-6.87e-01
-5.31e-01
6.85e-02
-1.52e-01
-5.23e-01
-5.27e-01
-6.75e-01
-9.67e-01
3.44e-01
-3.51e-01
-3.73e-01
-8.64e-02
7.97e-02
8.50e-01
-7.44e-01
5.53e-01
6.65e-01
-1.49e-01
-7.23e-01
-2.69e-01
4.59e-01
-9.72e-01
-8.34e-01
-8.04e-01
-4.99e-01
-1.91e-01
-5.28e-01
8.49e-02
-2.53e-01
6.39e-02
-8.79e-01
-6.53e-01
-8.60e-01
1.39e-01
9.85e-02
3.80e-01
-7.34e-01
4.83e-01
8.11e-01
-4.61e-01
5.57e-01
-9.99e-01
6.87e-01
-6.96e-01
-7.85e-01
3.44e-01
-7.97e-01
6.46e-01
4.42e-01
-1.54e-01
2.45e-01
-4.48e-01
1.89e-01
-3.80e-01
-3.55e-01
1.49e-01
1.12e-01
2.84e-02
-7.36e-01
-2.88e-01
6.49e-01
-8.61e-01
-7.59e-02
9.32e-01
-5.56e-01
9.68e-01
8.84e-02
-7.70e-01
7.80e-01
7.61e-01
-3.32e-02
1.81e-01
7.98e-01
4.92e-01
3.87e-01
-5.17e-01
-8.40e-01
4.62e-01
-3.40e-01
8.88e-01
3.66e-01
9.26e-03
-2.63e-01
-6.10e-02
2.40e-01
3.92e-01
-2.86e-01
-1.91e-01
-3.01e-01
-4.04e-02
-6.61e-01
2.84e-01
5.29e-01
7.71e-01
9.27e-01
4.05e-01
5.21e-01
-8.78e-01
6.77e-01
4.29e-01
-9.04e-01
-3.37e-01
7.66e-01
5.68e-01
-8.99e-01
-5.66e-01
-9.52e-01
6.19e-01
-3.78e-01
-9.49e-02
-3.70e-01
-9.18e-02
-8.50e-02
-3.60e-01
-2.65e-01
-5.19e-01
-9.49e-01
1.93e-01
6.73e-01
-6.28e-01
7.70e-01
-7.27e-01
9.25e-01
-5.16e-01
-5.33e-01
-7.45e-01
2.20e-01
1.00e-01
-1.93e-01
-2.33e-01
7.98e-01
3.17e-01
1.84e-02
-5.34e-01
5.17e-01
4.64e-01
-7.54e-01
-8.75e-01
2.46e-01
-5.74e-01
