-5.85e-01
-3.32e-01
1.88e-01
4.27e-01
8.75e-01
-4.66e-01
-9.13e-01
-6.93e-01
5.44e-01
-6.68e-01
2.62e-01
5.14e-02
-6.88e-01
-9.54e-01
9.17e-01
-2.85e-01
1.01e-01
5.97e-01
-4.27e-01
2.73e-01
-9.36e-01
5.14e-02
-2.43e-01
-7.85e-01
-9.01e-01
5.72e-01
1.91e-01
4.67e-02
1.58e-03
-7.29e-01
-8.41e-01
-7.79e-01
6.90e-01
-3.25e-01
8.70e-01
-2.90e-01
2.93e-01
2.92e-01
-4.84e-01
-1.36e-01
7.98e-01
1.70e-01
2.58e-01
-3.83e-01
2.97e-01
9.09e-01
-7.97e-01
4.49e-01
9.06e-01
-8.55e-01
4.47e-01
6.80e-01
8.60e-01
-1.86e-01
4.74e-01
-1.97e-01
8.28e-01
8.93e-01
8.79e-01
-8.08e-01
-6.13e-01
-2.10e-01
-5.17e-01
8.57e-01
3.87e-02
9.26e-01
-3.03e-01
-8.26e-01
-6.18e-01
-1.86e-01
5.85e-02
-4.30e-01
-1.84e-01
2.99e-01
-2.10e-02
2.51e-01
-5.70e-01
-4.23e-01
-1.49e-01
8.38e-02
-8.91e-01
9.17e-01
7.28e-01
-6.73e-01
-2.11e-01
-5.62e-02
-5.11e-01
6.46e-01
2.89e-01
-7.23e-01
-8.79e-01
-6.68e-01
-6.29e-01
8.18e-01
1.29e-02
7.16e-01
7.21e-01
-4.48e-01
-4.71e-01
6.36e-01
5.07e-01
3.61e-01
1.81e-01
-2.31e-01
9.33e-01
5.80e-01
5.59e-01
-2.15e-01
-8.69e-01
-7.49e-01
2.64e-01
-5.93e-01
3.82e-01
-9.08e-01
7.56e-01
-8.38e-02
9.57e-01
4.97e-01
-9.30e-01
3.20e-01
4.04e-01
-4.33e-01
3.11e-01
-8.41e-01
-5.33e-02
7.07e-01
6.97e-01
2.35e-01
-4.01e-02
-7.03e-01
2.24e-01
-2.07e-01
-8.76e-01
9.61e-01
1.82e-01
5.17e-01
-1.60e-01
-6.61e-01
-4.16e-01
3.75e-01
7.17e-01
-6.10e-01
1.58e-01
8.85e-01
3.91e-01
8.78e-02
9.64e-01
3.45e-01
-3.25e-01
-4.29e-01
9.04e-01
9.56e-01
-6.99e-01
-2.63e-01
-4.46e-01
2.92e-01
9.12e-01
-4.10e-01
-4.28e-01
5.80e-01
-9.34e-01
-5.64e-01
7.96e-01
-7.11e-01
-6.87e-01
-2.93e-01
6.11e-02
3.66e-01
-9.55e-01
2.41e-01
-6.35e-01
-6.61e-01
9.40e-01
2.78e-01
-1.73e-02
-1.53e-01
-7.18e-01
7.30e-01
-2.79e-01
3.73e-01
3.47e-01
-1.30e-01
-8.29e-01
-6.00e-01
1.97e-01
7.97e-01
9.13e-01
-2.24e-01
-7.51e-02
1.92e-01
6.11e-01
4.62e-01
5.17e-01
-8.92e-01
3.05e-01
8.22e-01
-2.38e-01
5.83e-01
-3.53e-02
-2.66e-02
-2.57e-01
1.26e-01
-6.19e-01
-4.45e-01
5.48e-01
1.20e-01
5.05e-01
-3.43e-01
5.81e-01
-4.81e-02
-9.68e-01
9.91e-02
-6.19e-01
2.94e-01
-7.98e-01
-4.95e-01
4.42e-01
-5.81e-01
-6.00e-02
3.64e-02
5.95e-01
-9.52e-01
-6.69e-01
-2.14e-01
-8.07e-01
-9.84e-01
-4.01e-01
9.24e-01
-3.54e-01
1.77e-01
-3.42e-02
5.12e-01
1.41e-01
-8.94e-01
-9.51e-02
-5.31e-01
9.70e-01
-7.34e-02
4.90e-01
6.96e-02
5.13e-03
-5.65e-01
5.77e-01
3.24e-01
1.99e-01
5.80e-01
-9.76e-01
3.63e-01
2.49e-01
4.29e-01
-2.36e-01
9.09e-01
-9.15e-01
4.76e-01
1.94e-01
-3.03e-01
4.28e-01
7.95e-01
3.61e-01
-6.46e-01
2.17e-01
-7.73e-01
6.36e-01
-7.72e-01
-7.18e-01
