5.70e-01
-1.19e-01
-8.97e-01
8.62e-01
-4.51e-01
2.05e-01
4.77e-01
7.05e-01
-7.10e-01
2.37e-02
7.25e-01
5.24e-01
2.93e-01
4.48e-01
-3.91e-01
-3.79e-01
-9.58e-01
-3.14e-01
6.00e-01
-5.63e-01
-2.74e-01
1.42e-01
-5.11e-01
7.06e-01
-4.27e-01
9.50e-01
9.26e-01
9.24e-01
-8.18e-01
1.65e-01
-8.34e-01
9.00e-01
-8.32e-01
-6.41e-01
-2.13e-01
4.12e-01
-7.44e-01
5.04e-01
7.66e-01
-6.08e-01
-7.40e-01
-2.03e-02
-8.66e-01
-6.70e-01
-3.33e-01
-8.11e-03
-6.81e-01
2.74e-01
-8.27e-01
-1.48e-01
4.04e-01
-5.55e-02
-9.07e-01
-6.82e-01
9.61e-01
-9.05e-01
-1.12e-01
3.42e-01
-6.57e-01
3.69e-01
-1.06e-01
-3.06e-01
2.58e-01
7.11e-01
-3.20e-01
-3.74e-01
9.92e-01
-2.33e-01
-3.03e-01
4.64e-01
-2.22e-01
9.30e-01
1.83e-01
8.94e-01
9.25e-01
-6.62e-01
5.68e-01
3.83e-01
7.64e-01
-1.96e-01
1.08e-01
-8.06e-01
-8.93e-01
-3.93e-01
-6.04e-01
1.99e-01
-3.93e-01
-3.08e-01
8.61e-01
1.25e-01
1.38e-01
-1.58e-01
3.45e-01
9.97e-02
-9.47e-01
8.22e-01
-9.31e-01
-1.35e-01
-9.52e-01
4.48e-01
-4.93e-01
4.54e-01
-9.24e-02
-1.67e-01
2.17e-01
-2.23e-01
2.03e-01
9.05e-04
2.89e-01
-9.55e-01
-1.44e-01
3.16e-01
2.28e-01
-7.38e-01
-5.34e-02
-3.70e-01
4.46e-01
1.00e-01
-8.75e-01
-3.16e-02
9.40e-01
4.90e-01
-3.65e-01
9.50e-03
-7.49e-01
-2.37e-01
7.81e-01
5.28e-01
-1.38e-01
5.29e-01
2.61e-01
-8.64e-01
8.12e-01
-5.46e-02
-6.16e-02
9.01e-01
1.66e-01
-9.77e-01
-1.88e-01
7.98e-01
-6.27e-01
-2.49e-01
6.81e-01
-6.47e-01
1.61e-01
5.26e-01
-5.09e-01
3.65e-01
-4.77e-01
-6.25e-01
9.03e-01
6.77e-01
3.86e-01
-1.06e-01
-7.37e-01
7.83e-01
9.20e-01
-1.68e-01
8.23e-01
9.00e-01
-4.43e-01
-1.39e-01
-6.83e-01
7.67e-01
-2.15e-01
-7.89e-01
-8.60e-01
-2.82e-01
4.62e-01
-8.63e-01
5.44e-01
4.64e-02
-5.40e-01
-4.71e-01
8.35e-01
-7.44e-01
4.68e-01
8.08e-01
-8.38e-01
2.66e-01
-5.45e-01
8.73e-01
1.09e-01
2.45e-01
4.12e-01
-4.46e-01
9.21e-01
-6.52e-01
-6.80e-01
-4.66e-01
-4.32e-01
-7.96e-01
-8.31e-01
-2.31e-01
7.80e-01
-5.97e-01
-2.65e-01
-6.17e-01
5.68e-01
7.34e-01
9.47e-01
-1.44e-01
4.87e-01
-4.75e-01
5.69e-01
-5.43e-01
-5.58e-01
-8.25e-01
-9.04e-01
4.05e-01
-5.23e-01
-8.37e-01
9.13e-01
5.02e-01
-9.59e-01
5.87e-01
9.22e-01
9.08e-01
-2.61e-01
-2.36e-01
5.97e-01
7.06e-02
-9.93e-02
-6.22e-01
-4.62e-01
-3.13e-01
9.50e-01
5.45e-01
-3.36e-01
-6.47e-01
-5.80e-01
4.76e-01
-2.46e-02
4.03e-01
9.24e-02
-2.09e-01
9.54e-01
7.66e-01
6.97e-01
-4.46e-01
-9.65e-01
-6.72e-01
-7.32e-01
3.24e-01
-9.54e-02
-6.82e-02
-4.07e-01
-9.17e-01
4.61e-01
7.06e-01
-9.20e-01
1.12e-01
-7.40e-01
2.35e-01
2.00e-01
-9.63e-01
-3.61e-01
3.54e-01
-9.24e-01
-5.77e-01
3.62e-01
-4.19e-01
-1.17e-01
-5.52e-01
-2.88e-01
