5.40e-01
8.30e-02
2.58e-02
5.71e-01
-1.75e-01
-3.36e-02
5.16e-01
2.09e-01
7.06e-01
-2.22e-01
4.44e-01
-3.24e-01
7.45e-01
-5.13e-01
4.81e-01
7.31e-01
3.16e-01
4.48e-01
3.66e-01
6.66e-01
-4.60e-01
8.23e-01
5.27e-01
-3.22e-01
-7.90e-01
-5.14e-01
-3.82e-02
-9.97e-01
7.38e-01
-1.98e-02
-3.98e-01
-3.62e-02
-2.59e-01
9.95e-01
9.89e-01
7.65e-01
-5.86e-01
8.26e-01
-8.03e-01
8.80e-01
-6.74e-01
-2.64e-03
-1.04e-01
-1.36e-01
9.23e-01
9.99e-02
-9.90e-01
-4.64e-01
-2.97e-01
-6.40e-02
5.29e-02
6.88e-01
-3.18e-01
2.29e-01
-7.07e-02
-4.38e-01
8.32e-02
2.03e-01
4.95e-01
9.85e-01
7.54e-01
-5.16e-01
4.76e-01
-7.00e-01
-3.94e-02
-8.26e-01
-3.11e-01
-4.03e-01
8.73e-01
-3.05e-01
4.46e-01
5.82e-01
7.17e-02
2.15e-01
-1.64e-01
8.67e-01
-5.58e-01
-6.39e-01
2.19e-01
-7.29e-01
3.40e-02
-4.16e-01
-6.97e-02
-3.15e-01
-7.31e-01
5.11e-01
5.33e-01
-6.18e-01
2.95e-01
2.52e-01
-9.18e-01
-3.01e-02
-7.39e-01
-8.98e-01
-9.80e-01
-7.34e-01
-2.05e-02
-6.45e-01
-8.34e-01
1.89e-02
5.74e-01
6.13e-01
8.04e-01
9.15e-01
1.76e-01
8.25e-01
8.52e-01
-3.11e-01
-5.09e-01
1.17e-01
9.73e-01
-1.48e-02
-4.83e-01
-3.03e-01
5.61e-01
3.11e-01
-8.20e-01
1.40e-01
5.64e-01
6.87e-01
-7.61e-01
4.14e-02
-3.15e-02
-9.84e-02
2.59e-03
-5.96e-01
-1.93e-01
-9.77e-01
-3.97e-01
-5.88e-01
8.80e-01
9.72e-01
2.33e-01
3.70e-01
4.64e-01
3.01e-01
-2.04e-01
-2.91e-01
-5.14e-01
-2.11e-01
-4.94e-01
-5.36e-01
-9.55e-01
4.37e-01
7.77e-01
-1.31e-01
3.13e-01
8.10e-01
1.21e-01
-3.63e-01
1.92e-01
3.38e-01
-6.53e-01
4.06e-01
3.57e-02
-4.77e-01
8.21e-02
-1.59e-01
1.23e-01
7.96e-01
-4.66e-01
1.04e-01
-2.77e-01
6.32e-01
-3.29e-01
8.71e-01
-5.94e-01
9.92e-01
-5.21e-01
-6.44e-01
9.22e-01
-2.51e-01
1.30e-01
9.96e-01
-2.43e-01
-1.17e-01
-8.22e-01
-1.74e-01
2.16e-01
-8.49e-01
-2.09e-01
4.76e-01
2.42e-01
5.44e-01
-2.71e-01
5.90e-01
4.72e-01
1.72e-01
-2.88e-01
-7.60e-01
9.74e-01
2.28e-01
-7.59e-01
-4.07e-02
5.68e-02
9.23e-01
9.88e-01
-7.41e-01
-4.16e-01
6.17e-01
5.34e-01
-2.67e-01
3.52e-01
1.33e-01
5.81e-01
-6.10e-01
8.88e-01
8.83e-01
9.54e-01
2.27e-01
-1.99e-01
-5.59e-01
7.71e-01
-8.12e-01
-6.70e-01
3.53e-01
4.58e-01
4.70e-01
8.81e-01
5.93e-01
-1.01e-01
-6.73e-01
4.64e-01
3.23e-02
8.05e-01
-6.55e-01
4.21e-01
-3.19e-01
9.94e-01
5.65e-01
-9.75e-01
-4.81e-01
8.44e-01
3.85e-01
-3.87e-01
-5.13e-02
9.60e-01
9.17e-02
6.47e-01
-2.59e-01
-8.95e-01
6.84e-01
-1.24e-02
1.44e-01
6.35e-02
-6.00e-01
-1.23e-01
5.25e-01
3.64e-01
-4.27e-01
1.12e-01
-8.30e-01
3.08e-01
-1.98e-01
-7.48e-01
-3.86e-01
1.10e-01
5.85e-01
-8.31e-01
3.20e-01
5.21e-01
-2.28e-01
2.37e-01
5.40e-01
-4.54e-01
