-5.85e-01
-3.32e-01
1.88e-01
4.27e-01
8.75e-01
-4.66e-01
-9.13e-01
-6.93e-01
5.44e-01
-6.68e-01
2.62e-01
5.14e-02
-6.88e-01
-9.54e-01
9.17e-01
2.05e-01
1.86e-01
-2.04e-01
-7.09e-01
9.96e-01
1.59e-01
6.31e-02
-6.35e-01
1.43e-01
-8.98e-01
-1.77e-01
3.13e-01
-7.64e-01
-2.54e-02
-6.66e-01
-8.18e-01
1.73e-01
9.42e-01
6.86e-01
-8.34e-01
1.49e-01
-1.16e-01
4.61e-01
-9.05e-01
-4.36e-01
-1.80e-01
-9.32e-02
-8.47e-01
-5.12e-02
7.42e-01
-1.39e-01
9.43e-01
1.00e+00
-6.77e-01
1.79e-01
-7.41e-01
4.11e-01
6.41e-01
9.97e-01
8.23e-01
-5.43e-01
-7.81e-01
-1.28e-01
8.71e-01
5.04e-01
-4.47e-02
6.57e-01
-6.19e-01
-2.05e-01
2.07e-01
8.25e-01
-4.67e-01
4.01e-01
8.22e-01
7.49e-01
9.53e-01
7.53e-01
-9.08e-01
1.17e-01
5.66e-01
1.43e-01
9.17e-01
8.41e-01
-7.48e-01
-5.99e-01
-1.74e-01
-7.00e-01
-6.65e-01
-4.60e-01
6.13e-01
-1.46e-01
8.66e-01
1.23e-02
-5.03e-01
7.25e-01
-3.07e-01
-2.76e-01
-9.17e-01
-6.20e-01
7.54e-01
-9.99e-01
-6.70e-01
-7.56e-01
-5.20e-01
-9.38e-01
3.03e-01
-9.19e-01
-2.28e-01
9.46e-02
5.12e-01
5.82e-01
2.77e-01
-2.78e-01
5.99e-02
-5.77e-01
6.75e-01
-2.19e-01
7.05e-01
-1.27e-01
8.59e-01
-6.39e-01
7.49e-01
-1.73e-02
-4.63e-01
-4.10e-02
-7.76e-01
3.61e-01
-1.10e-01
8.45e-01
-6.50e-01
7.83e-02
-9.04e-01
-7.03e-01
-4.55e-01
5.10e-01
8.88e-01
1.73e-01
6.75e-01
-8.67e-01
-9.96e-01
-7.25e-01
5.31e-01
4.68e-01
2.44e-01
1.98e-01
-6.98e-02
4.66e-01
8.81e-01
-5.98e-02
1.32e-01
6.92e-01
-4.89e-01
-2.09e-01
5.17e-01
-6.16e-01
3.42e-01
2.52e-01
-5.04e-01
-1.29e-01
-1.03e-02
-6.60e-01
-3.15e-02
-9.15e-01
-2.20e-02
1.34e-01
5.58e-01
8.00e-02
-3.21e-01
-4.75e-01
2.55e-01
6.95e-01
4.47e-01
7.36e-02
5.85e-01
6.96e-01
-7.30e-01
9.78e-01
-7.51e-01
-6.88e-01
-5.59e-01
7.62e-01
-2.65e-01
-1.90e-01
-3.96e-01
-8.10e-01
4.78e-01
2.36e-01
-8.01e-01
-2.83e-01
4.00e-02
-6.85e-01
-1.05e-01
-1.35e-02
-7.93e-01
3.93e-01
1.92e-01
2.67e-01
-7.98e-01
4.71e-02
3.99e-01
5.88e-01
-7.08e-01
4.79e-01
-9.66e-03
-6.42e-01
-9.88e-01
6.86e-01
-1.87e-01
-3.59e-01
9.04e-01
7.38e-01
3.48e-01
-1.95e-01
-7.44e-01
1.70e-01
-1.99e-01
-5.59e-01
7.71e-01
-8.12e-01
-6.70e-01
3.53e-01
4.58e-01
-6.09e-01
1.93e-01
5.93e-01
-1.01e-01
-6.73e-01
4.64e-01
3.23e-02
8.05e-01
-6.55e-01
4.21e-01
-3.19e-01
9.94e-01
5.65e-01
-9.75e-01
-4.81e-01
8.44e-01
3.85e-01
-3.87e-01
-5.13e-02
9.60e-01
9.17e-02
6.47e-01
-2.59e-01
-8.95e-01
6.84e-01
-1.24e-02
1.44e-01
6.35e-02
-6.00e-01
-1.23e-01
5.25e-01
3.64e-01
-4.27e-01
1.12e-01
-8.30e-01
3.08e-01
-1.98e-01
-7.48e-01
2.09e-01
1.10e-01
9.03e-01
3.36e-02
-3.93e-01
-3.93e-01
3.65e-01
8.95e-01
-2.42e-01
-1.86e-01
