3.48e-01
6.95e-01
-8.81e-01
9.39e-01
-6.20e-01
-8.51e-01
-5.29e-02
8.58e-01
2.18e-02
7.43e-01
4.36e-01
7.93e-01
2.43e-01
2.33e-01
-6.96e-01
7.33e-01
-1.75e-02
8.02e-01
-8.15e-01
5.66e-01
-4.79e-01
-2.56e-01
-3.19e-01
5.01e-01
6.22e-01
9.08e-01
-3.04e-01
-1.13e-01
-9.81e-03
6.07e-01
-5.83e-01
1.40e-01
-5.23e-01
-2.52e-01
8.66e-01
6.93e-01
-6.74e-02
-5.96e-01
5.00e-01
9.19e-01
5.11e-02
2.50e-01
5.14e-01
-3.90e-01
-5.51e-01
4.88e-01
-3.99e-01
5.59e-01
-5.06e-01
-7.62e-01
9.73e-01
7.48e-01
1.10e-01
6.77e-01
2.13e-01
5.26e-01
-1.65e-01
-1.27e-01
-2.23e-02
-6.42e-02
2.08e-01
-6.00e-01
-8.72e-01
-9.89e-01
-2.20e-02
8.93e-01
-6.09e-01
-3.91e-01
-8.67e-01
-6.23e-01
4.32e-01
-3.33e-02
3.25e-01
8.63e-01
-9.73e-01
4.05e-01
7.83e-01
3.76e-01
-9.52e-01
5.81e-01
-2.08e-01
7.82e-01
7.57e-01
7.19e-01
8.50e-01
4.13e-01
-9.52e-01
-1.81e-01
-2.81e-02
-9.25e-01
3.67e-01
-4.94e-01
-7.71e-01
4.56e-01
-7.77e-01
-1.24e-01
-6.97e-01
-4.03e-01
6.10e-01
-2.62e-01
-9.05e-01
-2.25e-01
9.57e-02
1.34e-01
6.71e-01
5.18e-01
2.76e-01
-8.26e-01
-7.95e-01
8.00e-01
2.45e-01
7.72e-01
-5.90e-01
-4.15e-01
-2.77e-01
-8.51e-01
2.78e-02
-3.78e-01
6.65e-01
9.33e-01
-6.13e-01
9.87e-01
-6.86e-01
6.62e-01
2.02e-01
-1.56e-02
-1.00e-01
5.43e-01
4.09e-01
-9.03e-01
7.09e-01
3.46e-01
-7.21e-01
-5.67e-01
6.87e-01
7.57e-01
-5.97e-01
7.55e-01
-8.96e-01
-3.12e-01
9.96e-01
-6.58e-01
-8.09e-01
-8.70e-01
-4.81e-01
6.85e-01
3.84e-01
6.61e-01
-4.18e-01
-5.02e-01
-8.84e-01
3.62e-01
5.86e-01
-4.64e-01
5.02e-01
-7.85e-01
-5.66e-01
-6.77e-01
9.98e-01
6.53e-01
-6.10e-01
-4.75e-02
6.22e-01
9.12e-01
4.87e-01
-6.13e-01
-9.37e-01
8.74e-01
9.25e-01
5.54e-01
6.32e-01
-2.13e-01
2.81e-01
2.01e-01
4.01e-02
8.43e-01
8.86e-01
-9.63e-02
4.57e-02
8.88e-01
-7.62e-01
-3.15e-01
5.38e-01
2.16e-01
8.58e-01
1.67e-01
-4.26e-02
-2.90e-01
2.92e-01
-7.80e-01
3.96e-01
5.31e-01
4.22e-01
4.73e-01
6.42e-01
4.39e-01
7.60e-01
7.38e-01
-1.73e-01
4.08e-02
-4.75e-01
9.25e-02
8.35e-01
-2.34e-02
-8.21e-01
-1.96e-01
4.49e-01
2.24e-01
-9.49e-01
-1.45e-01
8.80e-01
9.10e-01
-5.28e-01
7.39e-01
-4.65e-01
3.90e-02
-8.15e-01
-2.25e-01
1.17e-01
-5.30e-01
5.07e-01
-9.59e-01
8.34e-01
7.98e-02
3.29e-01
-3.26e-01
4.22e-01
-4.64e-01
-4.11e-01
3.94e-01
-3.52e-01
4.91e-01
-2.51e-01
4.73e-01
-7.15e-01
1.93e-01
-5.65e-01
6.09e-03
6.25e-01
-1.41e-01
-7.65e-01
-8.58e-01
-3.56e-01
1.26e-01
2.40e-02
7.83e-01
-5.62e-01
4.29e-01
-4.00e-01
2.92e-01
-3.07e-01
-7.17e-01
5.82e-01
-6.43e-01
8.95e-01
-2.36e-02
9.61e-01
1.14e-01
-1.71e-02
-9.25e-01
-8.14e-01
2.16e-01
6.09e-01
6.44e-01
7.79e-01
