3.48e-01
6.95e-01
-8.81e-01
9.39e-01
8.49e-01
6.72e-02
-6.31e-01
7.20e-01
7.42e-01
5.80e-01
8.69e-01
-7.27e-01
-2.35e-02
-6.59e-01
-1.44e-01
-9.85e-01
-8.76e-01
-7.61e-01
4.78e-03
-8.78e-01
7.74e-01
-7.40e-01
-2.22e-01
-7.91e-01
-6.97e-01
-4.83e-01
-2.68e-01
-1.60e-01
8.88e-01
4.24e-01
-1.07e-01
-3.72e-01
-2.94e-01
-2.52e-01
8.66e-01
6.93e-01
-6.74e-02
-5.96e-01
5.00e-01
9.19e-01
5.11e-02
2.50e-01
5.14e-01
-3.90e-01
-5.51e-01
4.88e-01
-4.69e-01
6.42e-01
-7.63e-01
-7.62e-01
9.73e-01
-3.15e-01
1.10e-01
6.77e-01
2.13e-01
5.26e-01
-1.65e-01
-1.27e-01
-2.23e-02
-6.42e-02
2.08e-01
-6.00e-01
-8.72e-01
-9.89e-01
-5.53e-01
3.08e-01
-3.71e-01
-4.19e-01
9.92e-01
4.65e-01
-3.02e-01
7.04e-01
3.00e-01
3.80e-01
-9.88e-01
-6.65e-01
-2.48e-01
8.39e-02
-8.24e-02
4.84e-01
4.83e-01
6.51e-01
-9.49e-01
2.06e-01
-7.74e-01
7.89e-01
-8.71e-01
6.15e-01
-3.08e-01
3.31e-01
-9.74e-01
7.48e-01
6.04e-01
-1.85e-01
-5.12e-01
3.74e-01
5.97e-01
3.54e-01
5.61e-01
-7.02e-02
-1.44e-01
-7.28e-01
7.91e-01
-2.58e-01
6.52e-01
8.68e-01
-9.26e-01
1.59e-01
7.43e-01
6.77e-01
2.19e-01
-1.47e-01
-5.90e-01
-4.15e-01
-2.12e-01
7.58e-01
-2.52e-01
-2.43e-01
6.65e-01
-9.61e-01
7.50e-01
2.75e-01
7.88e-01
6.62e-01
2.02e-01
-4.32e-01
6.14e-02
7.55e-01
4.42e-01
9.87e-01
-8.48e-01
-9.15e-01
-3.53e-01
-8.26e-01
2.77e-01
1.49e-01
1.47e-01
8.84e-01
-1.14e-01
-2.61e-01
6.87e-01
-9.51e-01
-5.19e-01
2.48e-01
-1.54e-01
4.40e-01
-3.75e-02
2.28e-01
7.61e-01
-6.51e-01
-8.84e-01
3.62e-01
5.86e-01
-4.64e-01
5.02e-01
-7.85e-01
-5.66e-01
-6.77e-01
9.98e-01
8.36e-01
7.71e-01
2.38e-01
-4.46e-01
8.89e-01
-1.28e-01
-6.77e-01
-7.16e-01
-7.97e-01
3.81e-02
1.29e-01
7.98e-01
-1.99e-01
9.59e-01
4.27e-01
-9.73e-01
8.43e-01
8.86e-01
-9.63e-02
4.57e-02
8.88e-01
-7.62e-01
4.53e-01
-4.43e-01
-6.91e-01
-2.96e-01
9.11e-01
4.86e-01
8.06e-01
-2.53e-01
8.09e-01
-6.88e-01
-9.38e-01
5.55e-01
-4.17e-01
1.27e-01
-2.92e-01
7.21e-01
-6.70e-01
-1.35e-01
-5.19e-01
-6.89e-02
-4.14e-01
-9.03e-01
-5.28e-02
6.94e-01
-3.76e-01
7.64e-01
2.24e-01
-9.49e-01
-1.45e-01
8.80e-01
9.10e-01
-5.28e-01
7.39e-01
-4.65e-01
3.90e-02
-8.15e-01
-2.25e-01
1.17e-01
-5.30e-01
5.07e-01
-9.59e-01
8.34e-01
7.98e-02
3.29e-01
-3.26e-01
4.22e-01
7.72e-01
6.05e-01
4.54e-01
3.08e-01
-5.62e-03
-2.51e-01
4.73e-01
-7.15e-01
1.93e-01
-5.65e-01
6.09e-03
6.25e-01
-1.41e-01
-7.65e-01
-8.58e-01
-6.61e-01
6.88e-01
-7.43e-01
-2.24e-01
4.11e-01
1.36e-01
-4.00e-01
2.92e-01
-3.07e-01
-7.17e-01
5.82e-01
-6.43e-01
8.95e-01
-2.36e-02
9.61e-01
1.14e-01
-1.71e-02
-9.25e-01
-8.14e-01
2.16e-01
6.09e-01
6.44e-01
7.79e-01
