-1.55e-01
9.41e-01
-9.99e-01
-8.53e-02
8.19e-01
9.65e-01
-3.73e-01
8.35e-01
2.73e-01
1.57e-01
-4.03e-02
4.86e-01
-8.90e-01
-3.16e-01
-2.24e-01
9.08e-01
3.72e-01
8.44e-01
4.99e-01
5.53e-01
6.03e-01
6.16e-01
6.18e-01
-8.20e-01
8.49e-01
-9.02e-01
7.07e-01
6.01e-01
5.34e-01
7.58e-01
6.65e-01
-4.41e-01
-6.12e-01
-8.86e-01
4.76e-01
4.33e-01
9.92e-01
6.08e-01
7.12e-01
-9.89e-01
-4.57e-01
2.22e-01
9.51e-02
9.54e-02
-1.35e-01
3.55e-01
-9.25e-01
2.60e-01
-2.26e-01
-7.11e-01
-5.61e-01
2.17e-01
-3.45e-01
3.59e-01
-2.24e-01
8.65e-01
2.30e-01
-7.26e-01
-8.82e-01
3.51e-01
3.94e-01
-4.04e-02
5.26e-01
5.47e-01
1.33e-01
3.25e-01
-7.33e-01
5.41e-01
5.50e-01
-8.38e-01
2.78e-01
-2.74e-01
-2.45e-01
-3.67e-01
7.79e-01
8.15e-02
-6.83e-01
-3.88e-02
9.12e-01
8.03e-01
7.66e-01
8.78e-01
5.85e-01
-1.26e-01
3.05e-01
-1.70e-01
-4.45e-01
-3.74e-01
-2.97e-01
-4.35e-01
6.25e-01
-1.25e-01
5.43e-01
5.20e-01
-8.04e-01
5.56e-01
5.64e-01
-5.34e-01
-2.73e-01
9.37e-01
7.88e-01
8.77e-01
-4.52e-01
2.46e-01
-7.64e-01
-6.42e-01
-8.89e-01
2.96e-01
-2.95e-01
9.27e-01
4.99e-01
7.60e-01
-3.70e-01
8.96e-01
8.04e-02
2.40e-01
6.43e-01
-8.23e-01
6.57e-01
-8.38e-01
1.16e-01
2.30e-01
8.37e-01
6.21e-02
-6.97e-01
4.74e-01
5.42e-01
1.58e-01
-8.80e-01
-5.84e-01
3.85e-01
8.64e-01
-8.43e-01
-8.31e-01
2.86e-01
-3.02e-01
5.63e-01
-1.43e-01
2.37e-01
3.98e-01
7.99e-01
-2.03e-02
-7.40e-01
3.88e-01
-9.37e-01
-9.02e-01
-4.78e-03
-7.28e-01
9.55e-01
-8.50e-01
1.98e-01
-9.31e-01
-1.96e-01
3.88e-01
6.73e-01
-5.19e-02
-7.43e-01
-5.16e-02
-2.56e-01
3.65e-01
8.82e-01
2.25e-01
2.47e-01
2.68e-01
-6.39e-03
-4.41e-01
3.61e-01
-8.06e-01
8.81e-01
-8.74e-01
9.78e-01
8.09e-01
4.81e-01
-4.97e-01
-6.20e-02
-8.68e-01
3.50e-01
9.72e-01
5.54e-01
-9.79e-01
-3.37e-01
-1.37e-01
1.80e-01
-8.38e-01
-6.83e-01
2.83e-01
-2.25e-01
5.37e-01
3.83e-01
-2.77e-01
4.70e-01
9.19e-01
4.43e-01
-3.32e-01
-1.65e-01
3.84e-01
3.91e-01
3.08e-01
6.62e-01
8.44e-01
-8.76e-01
-1.66e-02
1.38e-01
-8.55e-01
2.05e-01
6.73e-02
-3.18e-01
3.70e-01
5.29e-01
-1.00e+00
9.56e-01
-1.48e-01
5.39e-01
6.23e-01
6.98e-01
-9.26e-01
-9.63e-02
6.59e-01
5.25e-01
7.63e-01
1.55e-01
-4.33e-01
-8.13e-01
-2.43e-01
-1.26e-01
-8.58e-01
3.53e-01
4.59e-01
-2.80e-01
-2.76e-01
-5.59e-01
3.03e-01
-2.77e-01
3.69e-01
4.24e-01
6.65e-01
-1.03e-01
4.39e-03
-2.88e-01
-4.06e-01
-9.59e-01
-3.68e-01
-9.38e-01
8.22e-01
-4.32e-01
8.53e-01
1.88e-02
3.21e-01
-1.51e-01
-5.76e-01
-8.39e-03
2.38e-02
2.41e-01
-2.80e-02
-9.63e-01
-7.45e-01
-5.80e-01
-3.67e-01
5.25e-01
3.68e-01
6.07e-01
-1.64e-03
3.00e-01
7.66e-02
-9.40e-01
