7.80e-01
1.22e-01
-3.56e-02
3.62e-02
6.37e-01
5.56e-01
6.88e-01
9.59e-01
3.71e-02
2.80e-01
-5.50e-02
4.58e-01
1.19e-01
-2.06e-01
3.62e-01
-1.76e-01
5.43e-01
7.55e-01
-8.02e-01
-6.51e-02
-8.33e-01
2.93e-01
5.99e-02
-2.00e-01
5.04e-01
1.22e-01
-3.65e-01
-8.26e-01
6.09e-01
4.37e-01
5.57e-01
9.63e-01
1.90e-01
-1.90e-01
6.54e-01
-7.61e-01
1.05e-01
-9.32e-02
-5.85e-01
-3.55e-01
-4.40e-01
6.13e-01
-8.06e-01
-2.27e-01
-6.03e-01
4.11e-01
-6.18e-01
6.90e-01
6.86e-01
-9.09e-01
2.13e-02
-6.16e-01
-4.46e-01
3.40e-01
3.05e-01
-4.85e-01
6.94e-01
-8.27e-01
7.89e-01
5.04e-01
6.05e-01
2.85e-01
7.28e-01
7.93e-01
3.38e-01
3.36e-01
9.20e-01
-4.66e-01
-1.70e-01
2.77e-01
-7.17e-01
-6.48e-01
-2.58e-01
2.07e-01
9.52e-01
-2.58e-01
6.70e-01
1.22e-01
-7.14e-01
-5.95e-01
4.98e-01
-9.92e-01
-1.55e-01
8.46e-01
6.28e-01
-5.20e-01
-7.13e-02
9.49e-01
1.58e-01
2.66e-01
-9.81e-01
7.38e-01
9.94e-01
-6.64e-01
-2.21e-01
-9.52e-01
3.66e-01
-6.27e-01
2.70e-01
-9.87e-01
-5.17e-01
9.92e-01
-1.88e-01
9.35e-01
7.05e-01
-2.09e-01
-3.70e-01
9.05e-01
3.40e-01
7.41e-01
6.31e-01
-4.17e-01
7.26e-01
-7.79e-01
-4.34e-01
-8.24e-01
-7.14e-02
-9.89e-01
5.86e-01
4.71e-01
6.55e-01
-2.92e-01
-3.84e-01
5.94e-01
-6.10e-01
-2.85e-01
8.16e-01
-8.19e-01
-8.82e-01
8.40e-01
-4.20e-01
8.24e-01
-4.24e-01
2.48e-01
6.06e-02
-1.08e-01
-5.74e-01
4.47e-01
5.58e-01
3.54e-01
8.78e-01
8.42e-01
8.48e-01
3.19e-01
7.21e-01
-6.72e-01
8.58e-01
4.48e-01
3.56e-01
-8.28e-01
7.66e-01
1.93e-01
2.64e-02
3.80e-01
-3.92e-01
-5.85e-02
5.95e-02
7.68e-02
-6.00e-01
-6.83e-01
1.22e-01
-5.39e-01
9.64e-01
6.22e-01
-6.64e-02
-7.66e-01
4.03e-01
2.43e-01
-4.90e-02
-6.75e-01
7.96e-01
2.90e-01
-1.29e-02
-8.02e-02
2.21e-01
-6.67e-01
6.18e-01
2.75e-01
-3.09e-01
-6.55e-01
-4.91e-01
-3.48e-01
-7.98e-01
-1.99e-01
-8.73e-01
-1.80e-02
9.60e-01
9.36e-01
-8.56e-01
-9.58e-02
6.54e-01
-7.51e-01
9.03e-01
-5.47e-01
6.55e-01
-2.32e-01
5.08e-01
-3.63e-01
-2.34e-01
-1.05e-01
-5.37e-01
-1.73e-01
-5.88e-01
9.75e-01
-6.11e-01
9.25e-01
8.91e-01
5.66e-02
-3.96e-01
-8.04e-01
-6.98e-01
-7.90e-01
-5.42e-01
-5.90e-01
-5.49e-01
-8.11e-01
2.49e-01
-7.27e-01
-7.23e-01
2.18e-01
2.77e-01
1.21e-01
-1.98e-01
8.01e-01
-1.34e-01
-7.19e-01
-1.04e-01
8.70e-01
6.20e-01
-3.39e-01
-6.19e-01
-9.38e-01
6.51e-01
2.04e-01
4.55e-01
3.41e-01
-9.06e-01
8.60e-01
4.51e-01
3.50e-01
6.68e-01
9.67e-01
-9.58e-01
9.16e-01
-8.65e-01
-5.90e-01
8.03e-01
-8.20e-03
5.79e-01
-5.21e-01
-4.17e-02
7.34e-01
-6.66e-01
-1.87e-01
1.40e-01
7.03e-01
-5.20e-01
-4.62e-02
-7.80e-01
1.72e-01
-3.94e-01
1.51e-01
6.07e-02
4.62e-01
4.65e-01
