9.34e-01
7.18e-01
-9.53e-01
7.13e-01
-5.79e-01
4.45e-01
1.41e-01
-4.62e-01
5.66e-02
-1.63e-01
-2.82e-01
3.57e-01
8.01e-01
-9.59e-01
-3.87e-01
5.21e-01
5.95e-01
-5.52e-02
-8.94e-01
4.57e-02
8.23e-01
1.46e-01
-2.16e-02
-9.50e-01
-3.58e-01
-7.73e-01
1.67e-01
-2.99e-01
8.28e-01
-2.96e-01
2.09e-01
7.67e-01
-4.35e-01
8.66e-01
-7.62e-02
-3.32e-01
5.04e-01
1.67e-01
-5.06e-01
3.87e-01
6.24e-02
6.47e-02
2.91e-01
4.82e-01
-4.12e-01
-2.92e-01
7.07e-01
6.00e-01
-8.40e-01
-6.54e-01
-2.30e-01
-4.29e-01
2.43e-01
-5.80e-01
-8.39e-02
6.15e-01
-7.78e-01
-8.27e-01
7.89e-01
5.04e-01
-5.30e-01
-8.41e-01
8.07e-01
8.75e-01
-1.35e-01
8.63e-01
-1.00e+00
2.19e-01
-5.73e-01
3.43e-01
6.47e-01
7.17e-01
-6.34e-01
-4.76e-01
2.51e-01
-3.05e-02
2.33e-01
-3.52e-01
-1.99e-01
5.62e-01
2.79e-01
-1.72e-01
4.67e-01
4.40e-01
-8.82e-01
2.72e-01
-9.02e-01
3.90e-01
-5.60e-01
-6.41e-02
1.68e-01
2.07e-01
-2.20e-01
-9.78e-01
-1.78e-01
-9.48e-01
-6.28e-01
3.99e-01
-6.38e-01
-7.13e-01
9.68e-01
-2.00e-01
7.08e-01
8.91e-01
9.63e-01
-3.14e-01
-9.94e-01
7.11e-01
-1.69e-01
-5.75e-01
-2.97e-01
4.36e-01
-7.37e-01
-5.08e-01
-1.28e-01
7.23e-01
2.77e-01
3.31e-01
5.86e-01
9.52e-01
1.21e-02
-3.37e-01
1.72e-01
7.30e-01
-2.67e-01
9.82e-01
1.59e-01
8.99e-01
4.13e-01
-2.52e-01
-8.33e-01
9.93e-01
9.80e-01
-1.91e-01
4.97e-01
1.93e-01
5.91e-01
-6.29e-01
3.28e-01
-9.47e-03
6.28e-01
9.64e-01
5.43e-01
1.31e-01
-6.63e-01
4.42e-01
-5.59e-01
-6.98e-01
-5.92e-01
2.46e-02
-8.26e-01
3.59e-01
-2.03e-01
-2.26e-01
-9.02e-01
2.96e-01
4.55e-01
-6.76e-02
-4.33e-01
5.69e-01
8.10e-01
3.87e-01
-5.22e-01
-6.44e-01
4.89e-01
-1.44e-02
5.62e-01
-7.97e-01
4.26e-01
-2.05e-01
1.26e-01
-8.29e-01
9.34e-01
2.74e-01
-1.18e-01
1.08e-01
1.73e-01
8.38e-03
-4.64e-01
8.77e-01
9.64e-01
-6.08e-01
-7.53e-01
-5.07e-01
8.86e-01
-2.00e-01
-1.89e-01
9.95e-01
8.01e-01
4.45e-01
-4.74e-01
7.72e-04
-7.02e-02
6.54e-01
-7.97e-01
9.28e-01
-6.31e-01
3.08e-01
-8.85e-01
-4.56e-02
9.04e-01
3.79e-01
-8.89e-02
-3.05e-01
3.98e-01
3.94e-01
-6.54e-01
-9.37e-01
2.22e-01
-9.46e-01
-8.28e-01
6.56e-02
2.16e-01
-5.39e-01
-2.77e-01
2.81e-01
-1.85e-01
3.78e-01
6.67e-01
-9.32e-01
4.57e-02
-8.10e-01
7.32e-01
7.04e-01
-1.17e-03
2.92e-01
4.75e-01
4.02e-01
-2.77e-01
1.32e-01
1.81e-01
-5.69e-01
-1.91e-01
8.48e-02
4.53e-01
7.64e-02
4.69e-01
5.12e-01
5.71e-01
9.43e-01
-1.19e-01
-8.67e-01
-8.34e-01
5.25e-01
7.90e-01
-6.72e-01
6.63e-01
-8.13e-01
5.79e-01
-5.21e-01
-4.17e-02
7.34e-01
-6.66e-01
-1.87e-01
1.40e-01
7.03e-01
-5.20e-01
-4.62e-02
-7.80e-01
1.72e-01
-3.94e-01
1.51e-01
6.07e-02
4.62e-01
-2.75e-01
