-7.74e-01
-5.89e-01
9.05e-01
-2.91e-01
7.46e-01
-8.37e-01
-2.90e-01
1.89e-01
8.97e-01
1.79e-01
-9.53e-02
1.93e-01
-1.41e-02
5.94e-01
7.48e-01
-6.99e-01
-6.08e-01
6.13e-02
6.52e-01
-1.86e-01
-4.44e-03
9.80e-02
6.92e-02
2.79e-01
-9.05e-01
-6.63e-01
7.30e-01
7.17e-01
9.47e-02
3.54e-01
-3.06e-01
8.81e-01
-6.39e-01
5.63e-01
-5.84e-01
1.18e-01
6.29e-01
-4.60e-01
-2.60e-01
8.49e-01
-4.82e-01
8.89e-01
-5.82e-01
8.53e-01
-7.36e-02
-6.60e-01
-4.82e-01
-7.04e-01
3.78e-01
-5.14e-01
2.97e-01
4.89e-02
5.24e-01
-4.52e-01
-3.95e-01
2.49e-01
-7.77e-01
-9.85e-01
4.22e-01
-4.03e-01
6.58e-01
-6.39e-01
8.62e-01
-9.21e-01
4.42e-01
5.05e-01
-7.34e-01
8.17e-01
3.11e-01
2.63e-02
7.79e-01
-6.20e-02
5.86e-01
4.71e-01
-2.72e-01
6.79e-01
6.64e-01
4.74e-01
5.95e-01
2.80e-01
4.15e-01
6.21e-01
2.56e-01
6.05e-01
-9.04e-02
-6.59e-01
-5.75e-01
-4.71e-01
-9.72e-01
-5.19e-01
9.20e-01
3.77e-01
-8.70e-01
5.63e-01
4.92e-01
-7.15e-01
5.00e-01
-6.66e-01
-1.36e-01
8.84e-02
-5.79e-01
-5.21e-01
1.87e-01
6.52e-01
-5.13e-01
4.96e-01
-8.48e-01
-8.84e-01
-4.93e-01
-8.90e-01
5.43e-01
-2.14e-01
4.48e-01
-9.73e-01
-2.19e-01
-3.01e-01
7.36e-01
6.87e-01
6.05e-02
6.46e-02
6.76e-01
7.57e-01
-3.08e-01
-7.94e-01
7.17e-01
-2.96e-01
-2.20e-01
-5.71e-01
-7.12e-01
6.17e-02
-8.10e-01
4.13e-01
-6.72e-01
-3.06e-01
8.01e-02
6.41e-01
-7.57e-01
7.90e-01
8.47e-01
-9.29e-01
2.73e-01
8.15e-01
-4.38e-01
-4.92e-01
8.30e-01
9.62e-01
6.93e-01
-3.81e-02
-5.24e-01
-8.22e-01
-2.07e-01
-3.75e-01
3.00e-01
4.78e-01
-6.46e-01
-7.40e-01
2.93e-01
8.93e-01
-5.63e-01
3.54e-01
-1.74e-01
-7.02e-02
5.49e-01
-3.08e-02
-3.89e-01
8.51e-01
-9.39e-01
5.21e-01
-8.96e-01
-2.56e-01
6.25e-01
-5.43e-01
8.88e-01
4.85e-01
-5.38e-01
2.34e-01
7.23e-01
-4.98e-01
-4.99e-01
2.45e-02
1.15e-01
5.97e-01
7.10e-01
8.65e-01
7.44e-01
6.78e-01
-3.74e-01
-2.92e-01
-2.36e-01
-4.17e-01
4.79e-01
-6.70e-01
2.85e-02
4.51e-01
5.02e-01
1.84e-01
-9.86e-01
-7.40e-02
-9.53e-02
7.09e-01
6.57e-01
6.27e-01
3.35e-01
8.20e-02
-3.50e-01
-4.52e-02
2.43e-01
-9.53e-01
2.99e-01
-5.77e-02
-5.41e-01
-5.93e-02
7.93e-01
9.38e-01
9.36e-01
5.65e-02
-2.60e-01
-5.69e-01
3.56e-01
-3.08e-01
8.20e-01
9.93e-01
9.23e-02
-6.50e-01
-1.14e-01
-6.99e-01
-7.56e-01
9.61e-01
6.59e-01
8.25e-01
-4.35e-01
8.39e-01
-3.33e-01
2.54e-01
-7.23e-01
4.56e-01
-1.93e-01
2.58e-01
-5.07e-01
2.02e-01
9.38e-01
-4.33e-01
-7.11e-01
1.02e-01
6.37e-01
-1.62e-01
-9.38e-01
8.89e-01
3.01e-01
-1.03e-01
-8.94e-01
-3.72e-01
3.09e-01
-2.07e-01
1.12e-02
-8.94e-01
-5.59e-01
9.48e-01
2.37e-01
-9.92e-01
2.53e-02
3.44e-01
-9.00e-01
-4.88e-01
-1.88e-01
