-6.78e-01
4.78e-01
4.86e-02
1.63e-01
9.96e-01
-8.41e-02
-5.27e-01
-9.17e-02
-1.29e-02
9.99e-01
-1.00e+00
-1.32e-01
8.81e-01
-4.05e-01
-1.61e-01
-6.56e-01
8.13e-01
8.40e-02
-5.83e-01
7.35e-01
-2.54e-01
1.63e-01
-6.87e-01
6.96e-02
-2.42e-01
2.47e-01
-7.79e-01
3.88e-01
3.92e-01
7.52e-02
3.24e-01
4.21e-02
3.14e-01
-2.73e-01
9.48e-01
8.58e-01
-1.78e-01
-9.66e-01
1.82e-01
6.12e-01
1.24e-01
8.57e-01
-2.00e-01
5.88e-01
-7.81e-01
1.29e-01
3.09e-01
-6.29e-01
7.14e-01
-1.90e-01
4.98e-01
1.64e-01
-7.76e-01
8.99e-01
-5.06e-01
2.00e-02
-9.17e-01
5.68e-01
4.38e-01
5.98e-01
7.83e-01
1.21e-01
-5.91e-02
2.96e-01
3.33e-01
-3.22e-01
-8.11e-01
2.05e-01
1.20e-01
8.89e-01
2.12e-01
-4.52e-01
4.67e-01
4.61e-01
3.77e-01
4.14e-01
8.80e-01
7.52e-01
5.60e-01
-6.95e-01
1.33e-01
1.37e-01
2.21e-02
-5.34e-01
5.89e-01
-1.39e-01
-8.04e-01
8.55e-01
6.59e-01
-6.39e-01
8.02e-01
6.82e-01
5.24e-01
-1.27e-01
-4.86e-01
-6.02e-01
7.73e-01
-1.47e-01
3.59e-01
-1.18e-01
1.06e-02
9.39e-01
-9.31e-01
3.94e-01
5.61e-01
2.93e-01
3.45e-01
-5.29e-01
-9.47e-01
-3.84e-01
-7.05e-01
6.50e-02
-4.44e-01
2.89e-01
4.78e-02
3.98e-01
7.25e-01
-7.45e-01
-7.43e-01
7.13e-01
1.95e-01
3.84e-02
-2.92e-01
5.53e-01
9.47e-01
-2.99e-01
8.08e-01
6.18e-01
5.70e-03
-6.59e-02
-5.37e-01
7.74e-01
-7.20e-02
2.99e-01
8.92e-01
9.86e-01
-8.22e-01
1.00e+00
8.87e-01
6.60e-01
6.52e-02
3.71e-01
-8.36e-01
-4.08e-02
6.61e-02
3.45e-01
6.55e-01
6.26e-01
9.66e-01
-2.76e-01
-7.55e-01
-7.94e-02
-4.89e-01
3.54e-02
9.79e-01
7.76e-01
6.98e-01
5.54e-01
1.06e-01
4.13e-01
-2.58e-03
8.11e-01
6.66e-01
-3.07e-01
-2.69e-01
9.15e-01
8.30e-01
3.65e-01
-6.75e-01
3.75e-01
8.65e-03
3.16e-01
5.02e-01
-7.53e-01
-4.98e-01
5.56e-01
-6.66e-01
8.40e-01
7.08e-01
-8.77e-01
1.95e-02
4.41e-01
7.72e-01
1.27e-01
7.13e-01
-3.70e-01
1.62e-01
-5.60e-01
4.04e-01
6.97e-02
8.49e-01
4.64e-01
9.07e-01
6.89e-01
7.08e-01
3.91e-01
-9.66e-01
-1.26e-01
-2.46e-01
-7.15e-01
5.97e-01
-5.25e-01
-6.73e-01
-7.23e-01
-9.08e-01
-8.36e-01
-8.96e-01
1.47e-01
-3.05e-01
-7.83e-01
1.76e-01
5.53e-01
2.90e-01
6.99e-01
-2.83e-03
-9.95e-01
9.20e-02
3.94e-01
6.14e-01
-1.38e-01
2.94e-01
-9.71e-01
1.03e-01
-7.32e-01
-6.14e-01
3.33e-01
-4.02e-01
-1.61e-01
-1.91e-02
4.41e-01
8.66e-01
-6.75e-01
5.38e-02
1.89e-01
4.37e-01
-3.59e-01
-8.63e-01
-4.83e-01
7.55e-01
3.30e-01
-8.56e-01
9.01e-02
5.18e-01
-5.55e-01
-5.51e-01
-7.74e-01
-1.27e-01
3.63e-01
-6.22e-02
3.69e-01
2.93e-01
2.69e-01
-1.98e-01
6.10e-01
-8.00e-01
-8.20e-01
3.07e-01
-5.18e-02
-8.73e-01
1.55e-01
-9.88e-02
7.93e-01
-8.68e-02
-8.69e-01
-1.15e-01
