-1.49e-01
-8.86e-01
9.84e-04
-5.32e-01
-9.37e-01
1.01e-01
-5.09e-01
-5.03e-01
7.70e-01
-7.65e-01
-5.29e-01
-9.67e-01
-5.55e-02
-2.23e-01
6.80e-01
-4.38e-01
8.78e-01
2.10e-01
2.59e-01
-6.14e-01
-9.40e-01
3.76e-01
-7.67e-02
-5.56e-01
6.49e-01
-9.22e-01
-7.86e-01
6.74e-01
-1.25e-01
7.67e-01
8.81e-01
1.60e-02
4.04e-01
7.77e-01
-6.45e-01
-2.49e-01
2.69e-02
-1.19e-01
8.54e-01
6.53e-01
5.37e-01
-5.75e-01
-9.23e-02
-2.41e-01
7.74e-01
-8.65e-01
8.78e-01
7.43e-01
-3.76e-01
-3.40e-01
2.97e-01
2.69e-01
1.83e-01
9.80e-01
6.45e-01
8.76e-01
-1.26e-02
1.89e-01
3.96e-01
-6.81e-01
2.77e-01
-6.02e-01
4.73e-01
8.53e-01
-4.91e-01
7.15e-02
8.03e-01
-4.41e-01
-2.71e-01
4.47e-01
-7.23e-01
3.56e-01
-8.28e-01
-9.00e-01
-2.20e-01
5.96e-01
-3.19e-01
-4.25e-01
2.23e-01
-2.51e-01
-1.41e-01
-3.36e-01
-2.84e-01
-4.35e-01
-9.40e-01
5.30e-02
7.73e-01
5.89e-01
-1.19e-01
8.11e-01
4.70e-01
-1.93e-01
6.12e-01
-8.54e-01
-2.25e-01
2.83e-01
9.03e-01
8.03e-01
-4.76e-02
-4.45e-01
2.76e-01
8.64e-02
-4.58e-01
-8.27e-01
8.68e-01
3.31e-01
-1.31e-01
-8.69e-01
6.63e-01
-9.68e-01
-4.95e-02
8.24e-01
3.30e-01
-6.02e-01
-8.19e-02
-8.45e-01
4.71e-01
7.22e-01
-5.25e-01
9.60e-01
9.01e-01
-4.76e-01
-2.99e-01
-2.38e-01
1.09e-01
4.25e-01
-6.73e-02
5.74e-01
3.70e-01
7.63e-01
2.92e-03
-9.54e-02
7.45e-01
-8.12e-01
-6.05e-01
-3.85e-02
-2.98e-01
7.12e-01
6.23e-01
4.43e-02
-2.67e-01
-6.86e-01
-6.01e-01
2.69e-01
6.08e-01
-9.31e-01
-2.01e-01
1.53e-01
3.22e-01
-2.03e-01
-6.81e-02
1.62e-01
-2.64e-01
-5.94e-01
-4.80e-01
-3.40e-01
5.18e-01
-6.59e-01
-4.80e-01
-6.24e-01
-5.24e-01
3.51e-01
-5.55e-02
7.72e-02
2.51e-01
-1.72e-01
7.13e-01
-3.25e-01
-2.36e-01
-2.34e-01
2.05e-01
1.07e-01
2.86e-01
-8.75e-01
-5.14e-01
4.30e-01
8.20e-02
7.93e-01
-2.23e-01
4.79e-01
3.40e-01
-1.25e-01
1.39e-01
-7.82e-01
-2.87e-01
9.99e-01
-8.55e-02
2.24e-01
6.22e-01
5.54e-01
5.10e-01
-5.50e-01
-1.01e-01
-5.76e-01
3.49e-01
-9.28e-01
4.32e-01
-3.64e-01
-5.20e-01
-9.95e-02
-8.60e-03
-9.55e-01
5.48e-02
-3.76e-01
-3.44e-01
-9.79e-01
-8.48e-01
6.53e-01
-1.33e-01
3.91e-01
-2.53e-01
8.82e-01
-1.58e-01
3.34e-01
5.13e-01
-3.71e-01
-5.15e-01
6.10e-01
7.05e-01
-7.57e-01
8.44e-01
-9.97e-01
-6.71e-01
-7.99e-01
-5.79e-01
8.60e-03
-2.24e-01
6.10e-01
-6.47e-01
1.25e-01
3.45e-01
-7.12e-01
8.59e-01
-8.54e-01
1.52e-01
2.50e-01
-2.67e-01
9.51e-01
-3.51e-01
1.17e-02
6.44e-01
-5.36e-01
9.57e-01
-2.23e-01
6.10e-01
-2.53e-01
-1.90e-02
3.76e-01
4.33e-01
-5.26e-02
-1.22e-01
-2.15e-01
-1.12e-01
-9.01e-02
-2.30e-01
-2.13e-01
-6.34e-01
-5.65e-01
-3.86e-01
-7.74e-01
1.64e-01
5.76e-01
-6.21e-02
-4.03e-01
-5.92e-03
