9.40e-01
1.04e-02
5.73e-01
-5.77e-01
-5.83e-01
-1.78e-01
-2.51e-01
-7.09e-01
3.53e-01
-8.21e-01
-3.70e-01
-5.37e-01
-7.98e-01
-6.43e-02
-2.11e-01
9.12e-01
-7.32e-01
-2.70e-01
8.02e-01
3.55e-01
-2.80e-01
-3.44e-01
-7.41e-01
8.26e-01
7.13e-02
9.67e-01
-7.41e-01
9.46e-01
-2.58e-01
7.26e-02
-3.15e-01
1.20e-01
-8.98e-01
-1.68e-03
-2.20e-01
-7.70e-01
1.86e-01
7.04e-01
1.29e-01
4.88e-01
8.30e-01
-3.95e-01
-7.25e-01
-9.77e-01
3.46e-01
1.12e-01
-3.16e-01
5.13e-01
-5.87e-01
4.36e-02
5.22e-01
-3.64e-01
1.63e-01
-9.75e-01
-3.20e-01
4.26e-01
-4.02e-01
-5.68e-01
8.52e-01
-3.15e-01
7.95e-02
8.93e-01
8.02e-01
7.51e-01
3.79e-01
-3.28e-01
-6.86e-01
5.69e-01
2.65e-01
-4.57e-01
-4.37e-01
-6.73e-01
-2.26e-02
5.94e-01
2.31e-01
1.32e-02
-5.86e-01
-5.07e-01
-7.12e-01
-2.19e-01
1.24e-01
1.20e-01
7.70e-01
-7.94e-02
3.36e-01
9.58e-01
-8.26e-01
9.36e-01
5.77e-01
7.88e-01
-6.98e-01
5.13e-01
-7.47e-01
3.77e-01
2.76e-01
-8.98e-01
8.18e-01
-6.52e-01
-5.44e-01
-2.86e-01
9.42e-01
-4.14e-01
-8.77e-02
3.87e-01
-9.11e-01
-4.28e-02
2.06e-01
-4.49e-01
-2.68e-03
-4.07e-01
-6.89e-01
-2.58e-01
-2.12e-01
-3.34e-01
-1.44e-01
8.20e-01
-1.62e-01
-9.76e-01
6.69e-01
5.62e-01
-7.82e-02
-4.02e-01
-8.46e-01
-1.72e-01
7.52e-01
-8.33e-01
4.94e-01
-2.38e-01
-2.66e-01
-6.59e-02
-8.47e-02
3.53e-01
-3.29e-01
4.03e-01
-3.47e-01
2.68e-01
3.75e-01
-3.96e-02
-6.55e-01
-1.79e-01
1.25e-01
1.62e-01
-4.32e-01
-7.31e-01
8.63e-01
-2.70e-01
4.41e-01
-8.63e-01
9.66e-01
-2.76e-01
-7.55e-01
-7.94e-02
-4.89e-01
3.54e-02
9.79e-01
7.76e-01
6.98e-01
5.54e-01
1.06e-01
4.13e-01
-2.58e-03
8.11e-01
6.66e-01
-3.07e-01
-2.69e-01
9.15e-01
8.30e-01
3.65e-01
-6.75e-01
3.75e-01
8.65e-03
3.16e-01
5.02e-01
-7.53e-01
-4.98e-01
5.56e-01
-6.66e-01
8.40e-01
7.08e-01
-8.77e-01
1.95e-02
4.41e-01
7.72e-01
1.27e-01
7.13e-01
-3.70e-01
1.62e-01
-5.60e-01
4.04e-01
6.97e-02
8.49e-01
4.64e-01
9.07e-01
6.89e-01
7.08e-01
3.91e-01
-9.66e-01
-1.26e-01
-2.46e-01
-7.15e-01
5.97e-01
-5.25e-01
-6.73e-01
-7.23e-01
-9.08e-01
-8.36e-01
-8.96e-01
1.47e-01
-3.05e-01
-7.83e-01
1.76e-01
5.53e-01
2.90e-01
6.99e-01
-2.83e-03
-9.95e-01
9.20e-02
3.94e-01
6.14e-01
-1.38e-01
2.94e-01
-9.71e-01
1.03e-01
-7.32e-01
-6.14e-01
3.33e-01
-4.02e-01
-1.61e-01
-1.91e-02
4.41e-01
8.66e-01
-6.75e-01
5.38e-02
1.89e-01
4.37e-01
-3.59e-01
-8.63e-01
-4.83e-01
7.55e-01
3.30e-01
-8.56e-01
9.01e-02
5.18e-01
-5.55e-01
-5.51e-01
-7.74e-01
-1.27e-01
3.63e-01
-6.22e-02
3.69e-01
2.93e-01
2.69e-01
-1.98e-01
6.10e-01
9.80e-01
-7.36e-01
4.14e-01
-1.18e-01
2.03e-01
-3.28e-01
-8.77e-01
-7.52e-01
5.75e-01
4.63e-01
6.91e-01
