-7.84e-01
4.57e-01
9.02e-01
5.77e-01
1.97e-01
4.89e-01
4.69e-01
5.20e-01
6.54e-01
-7.89e-01
-2.23e-02
2.23e-01
5.29e-01
-7.48e-01
6.38e-01
-6.83e-01
-6.37e-01
5.92e-01
-9.36e-01
6.68e-01
-8.31e-01
6.90e-01
-9.45e-01
-3.88e-01
-7.57e-01
-1.19e-01
-1.88e-02
4.74e-01
6.49e-01
8.55e-01
-6.72e-01
-1.11e-01
-9.12e-01
5.35e-02
1.91e-01
-5.36e-01
4.27e-01
5.47e-01
-7.96e-01
-3.97e-01
-7.67e-01
-1.27e-01
-2.00e-01
5.88e-01
-7.81e-01
1.29e-01
3.09e-01
-6.29e-01
7.14e-01
-1.90e-01
4.98e-01
1.64e-01
-7.76e-01
8.99e-01
-5.06e-01
2.00e-02
-9.17e-01
5.68e-01
4.38e-01
5.98e-01
7.83e-01
1.21e-01
-5.14e-01
2.96e-01
3.33e-01
-3.22e-01
-8.11e-01
2.05e-01
1.20e-01
8.89e-01
2.12e-01
-4.52e-01
4.67e-01
4.61e-01
3.77e-01
4.14e-01
8.80e-01
7.52e-01
5.60e-01
-6.95e-01
1.33e-01
1.37e-01
2.21e-02
-5.34e-01
5.89e-01
-1.39e-01
-8.04e-01
8.55e-01
6.59e-01
-2.34e-01
8.02e-01
6.82e-01
5.24e-01
-1.27e-01
-4.86e-01
-6.02e-01
7.73e-01
-1.47e-01
3.59e-01
-1.18e-01
1.06e-02
-2.64e-01
-3.79e-01
-5.06e-01
-5.19e-01
6.33e-02
-7.43e-01
8.25e-01
-3.17e-01
-8.52e-01
-5.79e-01
-3.33e-01
7.97e-01
2.89e-01
4.78e-02
3.98e-01
7.25e-01
-7.45e-01
-7.43e-01
-8.03e-02
-4.20e-01
-4.38e-01
-1.85e-01
-1.61e-01
4.51e-01
-4.65e-02
1.02e-01
-7.72e-01
-7.85e-01
-4.66e-01
-8.47e-02
3.53e-01
-3.29e-01
4.03e-01
-3.47e-01
2.68e-01
-8.48e-01
8.54e-01
-6.66e-01
-8.44e-01
9.34e-01
-6.39e-01
7.49e-03
2.08e-01
5.86e-01
-1.83e-01
2.04e-01
-4.72e-01
3.05e-01
-7.83e-01
-6.30e-02
-5.24e-03
7.21e-01
6.23e-01
-4.48e-01
5.28e-01
4.73e-01
-5.90e-01
-3.21e-01
8.64e-01
1.59e-01
6.35e-01
-1.82e-01
7.14e-01
4.99e-01
-8.63e-01
-8.75e-01
6.38e-01
7.22e-01
6.16e-01
6.08e-01
5.24e-01
-7.35e-01
7.26e-01
1.01e-01
-4.27e-01
5.84e-01
-3.63e-01
-4.76e-01
-3.51e-01
-7.75e-01
-7.88e-01
-5.25e-01
6.10e-01
3.17e-01
4.28e-01
9.98e-01
-9.16e-01
-5.91e-02
-5.85e-01
-6.15e-01
5.92e-02
-3.67e-01
6.86e-01
-9.28e-02
6.14e-02
-3.24e-01
7.05e-01
-6.75e-01
1.61e-01
7.09e-01
-2.36e-01
5.46e-01
-6.96e-01
-2.90e-01
-4.20e-02
-8.00e-01
-8.65e-01
5.22e-01
-7.94e-01
1.04e-01
5.11e-01
1.97e-02
-4.62e-02
-6.64e-01
-4.13e-02
-9.37e-01
5.14e-01
-8.74e-02
-9.75e-01
-3.75e-01
-6.72e-01
-8.04e-02
5.71e-01
-2.78e-01
-9.30e-01
-6.86e-01
4.18e-01
8.20e-01
-7.58e-01
-7.71e-01
-8.73e-01
-6.39e-01
5.26e-01
-8.09e-01
-1.61e-01
3.09e-01
-2.79e-01
-2.75e-01
5.73e-01
-9.83e-01
1.55e-01
5.25e-01
8.64e-01
-7.62e-01
-4.88e-01
5.82e-01
5.75e-01
-4.17e-01
5.09e-01
5.48e-01
-9.63e-01
2.58e-01
7.79e-01
9.80e-01
-7.36e-01
4.14e-01
-1.18e-01
2.03e-01
-3.28e-01
-8.77e-01
-7.52e-01
5.75e-01
4.63e-01
6.91e-01
