-7.54e-01
-5.08e-01
-1.75e-01
-3.55e-01
1.64e-01
-3.23e-01
-4.30e-01
9.88e-01
-7.45e-01
9.53e-01
6.25e-01
1.76e-01
-9.16e-01
-8.36e-01
-2.55e-01
5.00e-02
-2.66e-01
-8.43e-01
4.40e-01
-5.55e-01
-6.22e-01
5.05e-01
7.16e-01
-3.51e-01
-6.17e-01
7.62e-01
-9.96e-01
-3.16e-01
4.52e-01
7.17e-01
8.00e-01
9.89e-01
-8.71e-01
5.80e-01
8.91e-01
6.63e-01
-8.00e-01
-6.87e-01
-7.73e-01
2.99e-02
5.04e-01
1.49e-01
-6.55e-01
1.31e-01
-2.42e-01
1.24e-01
7.63e-01
-8.74e-01
-6.67e-01
1.80e-01
-6.76e-02
-6.49e-01
9.48e-01
3.96e-01
2.85e-01
-2.70e-01
8.51e-01
-5.85e-01
-1.56e-01
1.97e-01
-9.97e-01
-5.32e-01
-6.73e-02
-2.55e-01
-9.38e-01
-6.64e-01
8.30e-01
9.11e-01
-7.70e-01
-7.30e-01
-8.03e-01
-6.12e-01
-5.76e-01
-1.66e-01
9.78e-01
7.19e-01
6.94e-01
-8.77e-01
-1.29e-01
2.71e-01
-9.08e-01
6.66e-01
1.55e-01
3.17e-01
-6.57e-01
6.23e-01
5.32e-01
8.72e-01
-8.99e-01
5.56e-02
-2.61e-01
-4.24e-02
-6.69e-01
1.21e-01
7.38e-01
3.48e-01
6.74e-01
-5.51e-01
2.98e-01
-8.87e-01
8.99e-01
8.16e-01
2.48e-01
-6.19e-01
-1.28e-01
-9.98e-01
-9.20e-01
-2.52e-02
2.95e-01
6.85e-01
3.97e-01
5.24e-01
1.16e-01
-7.31e-01
7.28e-01
4.73e-01
-3.03e-01
-1.88e-01
-8.16e-01
1.72e-01
4.92e-01
-9.55e-01
-6.01e-01
-1.35e-01
-5.84e-01
4.98e-02
1.47e-01
-6.86e-01
-1.00e-01
-4.16e-01
-8.18e-01
3.17e-01
-8.14e-01
-1.32e-01
8.39e-01
8.29e-01
-5.57e-01
-1.05e-01
-7.14e-01
1.12e-02
-9.80e-01
2.80e-01
-5.45e-01
-5.08e-01
-4.10e-01
6.37e-01
-9.25e-01
5.37e-01
-5.93e-01
3.03e-01
7.86e-01
-3.15e-01
3.29e-01
6.18e-01
3.72e-01
-3.52e-01
-1.03e-01
8.24e-02
-4.38e-01
9.39e-01
-8.21e-01
-5.87e-01
-6.85e-01
5.97e-01
1.69e-01
3.20e-01
7.83e-01
6.71e-01
9.38e-01
2.70e-01
5.40e-02
9.63e-01
2.89e-01
-5.77e-02
-6.05e-01
8.75e-01
9.21e-01
2.54e-01
-9.73e-01
8.91e-01
-6.57e-01
3.09e-01
-3.37e-02
-8.94e-01
9.09e-01
-2.65e-01
8.48e-01
-3.45e-01
-4.33e-02
-2.50e-01
5.20e-01
-7.07e-01
6.58e-01
7.18e-03
3.93e-01
7.69e-01
8.65e-01
3.98e-01
7.11e-01
-8.96e-01
6.57e-01
-7.63e-01
5.63e-01
-5.42e-01
9.71e-01
-1.33e-01
5.07e-01
3.24e-01
4.68e-01
-6.91e-01
-9.22e-01
-2.64e-03
-4.77e-01
9.33e-02
-4.89e-01
2.62e-01
7.28e-01
6.40e-01
3.20e-01
-9.67e-01
-6.15e-01
2.89e-01
3.23e-01
-1.72e-01
1.99e-01
-1.70e-01
-8.93e-01
9.30e-01
-3.66e-01
-7.31e-01
5.53e-02
-4.86e-01
3.68e-01
-6.44e-01
-4.44e-01
-8.42e-01
-1.99e-01
8.66e-01
-5.88e-01
9.38e-01
-7.36e-01
-7.76e-01
2.52e-01
4.03e-01
9.83e-01
-6.63e-01
8.39e-02
-5.75e-01
-4.90e-01
6.46e-01
-7.26e-01
-5.16e-01
-7.92e-01
5.72e-01
1.21e-02
-3.17e-01
4.81e-01
8.20e-02
5.51e-01
7.13e-01
-1.45e-01
7.21e-01
6.10e-01
6.75e-01
8.93e-01
