1.65e-01
4.25e-01
1.26e-01
3.05e-01
-9.93e-02
9.57e-01
9.56e-01
-1.65e-01
-1.81e-01
-8.70e-01
-2.35e-01
-7.45e-01
6.04e-01
4.06e-01
-8.71e-01
4.15e-01
5.25e-01
9.49e-01
3.65e-01
8.48e-01
-3.57e-01
4.14e-01
-1.97e-01
-7.38e-01
6.44e-02
5.85e-02
8.54e-01
-7.62e-01
-7.32e-01
-4.49e-01
-9.58e-01
-7.55e-02
-6.72e-01
1.02e-01
-4.17e-01
3.96e-01
-8.00e-01
-6.87e-01
-7.73e-01
6.74e-01
5.04e-01
1.49e-01
-6.55e-01
1.31e-01
-2.42e-01
-9.04e-02
4.98e-01
4.95e-01
-4.50e-01
2.58e-01
-2.96e-01
9.35e-01
1.08e-01
-1.23e-02
-4.28e-01
3.62e-01
2.97e-01
-4.89e-01
-8.24e-01
-7.44e-01
-1.30e-02
8.09e-01
-9.39e-01
2.67e-01
2.18e-01
6.26e-01
5.40e-01
3.52e-01
1.18e-01
6.96e-01
7.48e-01
9.40e-01
-5.76e-01
-1.66e-01
9.78e-01
7.19e-01
6.94e-01
-8.77e-01
-1.29e-01
-4.91e-01
1.41e-02
7.46e-01
1.96e-01
-7.81e-01
4.38e-01
-3.12e-01
5.74e-01
-9.06e-02
8.56e-01
8.22e-01
8.47e-01
9.70e-01
-7.23e-01
1.13e-01
-5.63e-01
-9.59e-01
-6.05e-01
-2.87e-01
2.30e-01
-1.28e-01
9.34e-01
-2.69e-01
-1.26e-01
4.64e-01
-7.98e-01
8.90e-01
6.33e-01
3.70e-01
4.74e-01
-6.54e-01
6.96e-01
3.89e-01
6.99e-01
-2.83e-01
-8.35e-01
9.74e-02
-2.46e-01
-5.84e-01
1.67e-01
-6.12e-01
-2.26e-01
5.28e-01
-1.40e-01
-3.18e-01
2.54e-01
-9.51e-01
-8.48e-01
6.59e-01
4.99e-01
-6.17e-01
-6.76e-01
1.05e-01
2.32e-01
8.02e-01
-5.86e-01
-8.82e-01
-1.96e-01
4.19e-02
9.67e-01
-8.64e-01
6.09e-02
8.13e-01
-2.71e-01
8.86e-01
3.95e-01
-5.18e-01
2.52e-01
-4.16e-02
-4.41e-01
-3.44e-01
8.81e-01
6.45e-02
7.47e-01
6.85e-01
-3.10e-01
-1.91e-01
8.20e-01
-9.46e-01
-2.28e-01
-1.22e-01
-3.76e-01
5.54e-01
8.35e-01
3.88e-01
-1.53e-01
8.19e-01
4.37e-01
-8.22e-01
-8.49e-01
1.88e-01
-5.66e-01
-9.37e-01
9.15e-01
5.48e-01
5.17e-01
7.33e-01
9.65e-01
-6.22e-01
-1.60e-01
-6.28e-01
-3.83e-01
-3.38e-02
9.49e-01
1.87e-01
-7.55e-02
6.68e-02
8.05e-01
2.79e-01
-2.31e-01
7.36e-01
-5.80e-01
8.88e-01
-7.92e-01
9.77e-01
2.45e-01
-9.93e-01
-5.36e-02
-7.33e-01
-3.03e-01
9.77e-01
9.11e-01
-2.18e-01
-4.48e-01
-6.46e-01
-2.74e-01
-9.01e-01
-1.56e-01
-8.42e-01
-8.66e-01
-9.83e-02
-1.83e-01
1.87e-02
5.45e-01
9.14e-01
-5.76e-01
8.00e-01
3.92e-01
-3.10e-01
-7.55e-02
-7.45e-02
-6.15e-01
3.76e-01
-1.40e-03
8.63e-01
8.68e-01
-9.55e-01
-7.21e-01
-2.38e-01
5.93e-01
-6.87e-01
-1.66e-01
-8.52e-01
2.59e-01
-6.44e-01
-4.44e-01
-8.42e-01
-1.99e-01
-7.85e-01
6.40e-01
6.34e-01
-6.00e-01
-6.96e-01
-4.69e-01
9.71e-01
-7.99e-01
-8.26e-01
-6.04e-01
4.89e-01
-4.74e-01
6.34e-01
9.08e-01
-8.86e-01
-8.10e-02
5.72e-01
1.21e-02
-3.17e-01
4.81e-01
8.20e-02
5.51e-01
7.13e-01
-1.45e-01
7.21e-01
6.10e-01
6.75e-01
8.93e-01
