8.74e-01
-7.99e-01
1.22e-01
9.55e-01
9.79e-01
4.64e-01
9.26e-01
7.28e-01
-5.22e-01
-2.11e-01
9.14e-01
-5.82e-01
-1.32e-01
-2.42e-02
-2.90e-01
3.30e-01
2.54e-01
-1.25e-01
-6.71e-01
1.43e-02
4.28e-01
-5.42e-02
8.46e-01
9.37e-01
-2.91e-01
-9.70e-02
-3.65e-01
-8.84e-01
5.65e-01
-1.49e-01
-8.15e-01
5.33e-01
-5.69e-01
-8.71e-01
2.86e-01
2.59e-01
5.07e-01
-4.85e-01
-2.99e-01
2.99e-02
5.04e-01
1.49e-01
-6.55e-01
1.31e-01
-2.42e-01
-9.04e-02
4.98e-01
4.95e-01
-4.50e-01
2.58e-01
-2.96e-01
-4.77e-01
4.23e-01
6.59e-01
-9.26e-01
8.78e-01
7.65e-01
4.14e-01
3.88e-01
-9.45e-01
-8.21e-01
4.70e-01
-8.46e-02
-2.42e-01
-8.16e-01
6.54e-01
-3.26e-01
-5.97e-01
8.56e-02
-1.18e-01
8.49e-01
8.55e-01
-7.61e-01
-4.33e-01
9.58e-01
-9.24e-01
1.98e-01
-9.82e-01
-3.89e-01
-4.08e-01
2.76e-01
-2.29e-01
-9.64e-01
-9.13e-01
-4.01e-02
-1.46e-01
8.52e-01
-6.78e-01
-8.63e-01
1.44e-01
8.54e-01
-3.60e-01
3.81e-01
-5.63e-01
3.87e-01
-1.99e-01
4.20e-01
-6.25e-01
-7.91e-01
3.60e-01
3.20e-01
-8.76e-01
-6.45e-01
-3.42e-01
-3.22e-01
-9.96e-01
5.37e-01
5.02e-01
-1.21e-01
2.89e-01
-2.40e-01
-1.58e-01
6.13e-01
1.63e-01
8.03e-02
-7.95e-01
1.83e-01
6.89e-01
-7.57e-01
-8.65e-01
-6.99e-01
7.87e-01
-6.07e-01
6.16e-01
5.00e-01
-9.74e-01
3.14e-01
4.78e-01
-7.04e-01
5.16e-01
5.51e-01
-3.38e-01
-5.34e-01
-1.80e-02
-6.88e-01
8.66e-02
-4.80e-01
6.68e-01
1.81e-01
6.12e-01
3.54e-01
8.73e-01
3.13e-01
-5.21e-02
3.95e-01
-5.18e-01
2.52e-01
2.34e-02
9.03e-01
2.41e-01
3.92e-01
-1.00e+00
-3.46e-01
8.50e-01
4.92e-01
-4.82e-01
-4.20e-01
3.41e-02
9.93e-01
2.90e-01
-6.86e-01
5.54e-01
8.35e-01
5.75e-01
-1.53e-01
8.19e-01
4.37e-01
-8.22e-01
-8.49e-01
1.88e-01
-5.66e-01
-9.37e-01
5.39e-01
-6.64e-01
5.61e-01
-6.58e-01
9.65e-01
-6.22e-01
-1.60e-01
3.50e-01
-3.83e-01
-3.38e-02
9.49e-01
1.87e-01
-2.76e-01
-7.90e-01
-8.53e-02
-9.60e-01
5.29e-01
-5.92e-01
-4.33e-01
7.02e-01
7.08e-01
-2.35e-01
-4.91e-01
-2.13e-01
-5.36e-02
8.68e-01
-7.04e-02
9.77e-01
9.11e-01
-2.18e-01
-4.48e-01
-6.46e-01
-6.33e-01
-7.31e-01
-3.47e-02
6.61e-01
-8.66e-01
-9.83e-02
-1.46e-01
9.10e-01
9.10e-01
6.71e-01
8.74e-01
-7.27e-01
-8.05e-01
2.66e-02
2.95e-01
3.61e-01
-9.53e-01
3.76e-01
3.43e-01
8.97e-01
9.73e-01
4.92e-01
8.97e-01
1.65e-01
2.58e-01
4.44e-01
6.88e-01
-4.96e-01
9.56e-01
3.26e-01
-1.12e-01
-8.95e-03
-6.10e-01
-7.12e-01
7.82e-01
-4.20e-01
3.95e-01
-2.98e-01
-6.73e-01
9.02e-01
-7.99e-01
-8.26e-01
-6.04e-01
4.89e-01
-4.74e-01
6.34e-01
9.08e-01
-8.86e-01
-8.10e-02
3.47e-01
-3.25e-01
7.06e-01
-2.05e-01
9.27e-01
-1.89e-01
-2.09e-01
2.51e-01
7.21e-01
6.10e-01
6.75e-01
8.93e-01
