8.74e-01
-7.99e-01
1.26e-01
3.05e-01
-9.93e-02
9.57e-01
2.23e-01
-1.25e-01
4.75e-01
9.53e-01
6.25e-01
5.38e-01
2.36e-01
5.16e-01
-3.61e-01
-7.94e-01
-3.87e-01
2.74e-01
8.99e-01
8.48e-01
-3.57e-01
4.14e-01
-1.97e-01
-7.38e-01
6.44e-02
5.85e-02
8.54e-01
-7.62e-01
-7.32e-01
-4.49e-01
-9.58e-01
-7.55e-02
-6.72e-01
1.02e-01
-4.17e-01
3.96e-01
-8.00e-01
-6.87e-01
-7.73e-01
2.99e-02
5.04e-01
4.30e-01
1.92e-01
6.36e-01
2.27e-01
8.77e-02
2.22e-01
-7.23e-01
-4.50e-01
2.58e-01
-2.96e-01
9.35e-01
1.08e-01
-1.26e-02
-3.89e-01
7.89e-01
-3.57e-01
-4.89e-01
-8.24e-01
-7.44e-01
-1.30e-02
8.09e-01
-9.39e-01
2.67e-01
2.18e-01
-3.22e-01
6.35e-01
-5.97e-01
8.56e-02
-1.18e-01
1.39e-01
7.67e-01
-5.84e-01
-6.79e-01
-1.46e-01
-9.24e-01
1.98e-01
-9.82e-01
3.47e-01
9.09e-02
-1.10e-01
-8.26e-01
-9.64e-01
-9.13e-01
-4.01e-02
-1.46e-01
8.52e-01
-6.78e-01
-8.63e-01
1.44e-01
8.54e-01
-3.60e-01
3.81e-01
-5.63e-01
3.87e-01
-6.15e-01
-4.98e-01
3.84e-01
1.06e-01
-1.58e-01
-4.28e-01
6.84e-01
1.30e-01
2.41e-01
9.54e-02
3.01e-02
-4.52e-01
-6.65e-01
1.37e-01
5.67e-01
5.61e-01
-1.58e-01
2.79e-01
4.00e-01
4.79e-01
1.03e-01
-5.40e-01
1.11e-01
1.67e-01
-6.12e-01
-2.26e-01
5.28e-01
-3.88e-01
-1.53e-01
5.00e-01
7.19e-01
-1.36e-01
-8.36e-01
-7.04e-01
5.16e-01
5.51e-01
-3.38e-01
-5.34e-01
-1.80e-02
-6.88e-01
8.66e-02
-4.80e-01
6.68e-01
-3.89e-01
-7.39e-01
6.33e-01
3.93e-01
-5.05e-02
8.86e-01
3.95e-01
-5.18e-01
2.52e-01
-4.16e-02
-4.41e-01
-3.44e-01
8.81e-01
6.45e-02
7.47e-01
8.50e-01
4.92e-01
-4.82e-01
-4.20e-01
-6.71e-01
9.93e-01
2.90e-01
-6.86e-01
5.54e-01
8.35e-01
3.88e-01
-1.53e-01
8.19e-01
4.37e-01
-8.22e-01
-8.49e-01
1.88e-01
-5.66e-01
-9.37e-01
5.39e-01
-6.64e-01
5.61e-01
-6.58e-01
9.65e-01
-6.22e-01
-1.60e-01
3.50e-01
-3.83e-01
-4.29e-02
2.21e-01
8.70e-01
5.52e-02
6.68e-02
8.05e-01
-9.60e-01
5.29e-01
-5.92e-01
-4.33e-01
7.02e-01
7.08e-01
-2.35e-01
-4.91e-01
-2.13e-01
-5.36e-02
8.68e-01
-7.04e-02
9.77e-01
-5.25e-01
-7.63e-01
5.63e-01
3.14e-01
1.45e-02
1.49e-01
-7.17e-01
-3.58e-01
3.58e-01
7.83e-01
-8.17e-01
5.51e-01
9.31e-01
6.65e-01
3.51e-02
-1.26e-01
-6.59e-01
4.08e-01
-1.08e-01
3.61e-01
-9.53e-01
3.76e-01
-1.40e-03
8.63e-01
-3.22e-01
-1.77e-01
4.82e-01
8.00e-02
2.58e-01
4.44e-01
6.88e-01
-4.96e-01
9.56e-01
3.26e-01
-1.12e-01
-8.95e-03
-6.10e-01
-7.12e-01
7.82e-01
-4.20e-01
3.95e-01
-2.98e-01
-6.73e-01
9.02e-01
-7.99e-01
-8.26e-01
-6.04e-01
7.80e-01
5.70e-01
5.97e-01
-9.42e-01
-3.22e-01
-8.21e-01
4.91e-03
6.02e-01
-3.24e-02
-8.16e-01
-8.86e-01
-1.89e-01
-2.09e-01
2.51e-01
-2.42e-01
1.13e-01
-5.38e-02
4.07e-01
