-1.95e-01
-2.03e-01
-1.79e-02
-6.62e-01
3.43e-01
-5.85e-01
9.56e-01
9.88e-01
-7.45e-01
9.53e-01
6.25e-01
1.76e-01
-9.16e-01
-8.36e-01
-2.55e-01
5.00e-02
-2.66e-01
-8.43e-01
4.40e-01
-5.55e-01
-6.22e-01
5.05e-01
7.16e-01
-4.33e-01
8.62e-01
-1.56e-01
-7.90e-01
-7.53e-01
9.92e-01
-7.68e-01
-8.15e-01
5.33e-01
-5.69e-01
-6.83e-01
-8.10e-01
2.48e-01
4.00e-01
3.37e-01
-7.73e-01
2.99e-02
5.04e-01
1.49e-01
-6.55e-01
1.31e-01
-2.42e-01
-9.04e-02
4.98e-01
4.95e-01
-4.50e-01
2.58e-01
-2.96e-01
9.35e-01
9.48e-01
3.96e-01
2.85e-01
-2.70e-01
2.97e-01
-4.89e-01
-8.24e-01
-7.44e-01
-1.30e-02
8.09e-01
-8.84e-01
6.64e-01
-2.49e-01
6.26e-01
5.40e-01
3.52e-01
1.18e-01
6.96e-01
-8.03e-01
-6.12e-01
-5.76e-01
-1.66e-01
9.78e-01
7.19e-01
6.94e-01
5.17e-01
-1.29e-01
-4.91e-01
1.41e-02
7.46e-01
1.96e-01
-7.81e-01
4.38e-01
-3.12e-01
5.74e-01
-9.06e-02
8.56e-01
3.19e-01
8.47e-01
9.70e-01
8.68e-01
-5.63e-01
3.87e-01
-1.99e-01
4.20e-01
-6.25e-01
-7.91e-01
3.60e-01
3.20e-01
-8.76e-01
-6.45e-01
-3.42e-01
-3.22e-01
-9.96e-01
5.37e-01
5.02e-01
-6.04e-01
-8.72e-01
-5.69e-01
-6.34e-01
2.32e-02
-1.69e-01
-8.17e-01
1.77e-01
2.46e-01
-9.06e-01
-8.22e-01
3.88e-01
-2.69e-01
7.59e-01
-3.88e-01
-1.53e-01
5.00e-01
7.19e-01
-1.36e-01
-8.36e-01
-3.78e-01
1.47e-01
-7.20e-01
2.23e-01
-9.01e-01
1.99e-01
-6.06e-01
-1.44e-01
-1.96e-01
4.19e-02
-3.89e-01
-7.39e-01
6.33e-01
-3.11e-01
-5.00e-01
5.96e-02
3.95e-01
-5.18e-01
2.52e-01
-4.16e-02
-4.41e-01
-3.44e-01
8.81e-01
9.49e-01
7.47e-01
6.85e-01
-3.10e-01
-1.91e-01
8.20e-01
-1.04e-01
6.32e-02
9.04e-02
-3.28e-01
7.03e-01
-4.58e-01
-1.22e-01
6.07e-01
8.19e-01
4.37e-01
-6.70e-01
3.05e-01
1.88e-01
-5.66e-01
-9.37e-01
9.15e-01
7.96e-01
-8.77e-01
7.33e-01
9.65e-01
-6.22e-01
-1.60e-01
-6.28e-01
8.24e-01
-4.29e-02
6.45e-02
-1.59e-01
-2.76e-01
-7.90e-01
7.98e-01
-8.62e-01
2.65e-01
3.90e-01
8.72e-01
6.02e-01
-9.20e-01
9.77e-01
2.45e-01
-9.93e-01
1.43e-02
8.68e-01
5.17e-01
9.77e-01
9.11e-01
-2.18e-01
-4.48e-01
-6.46e-01
-6.33e-01
-7.31e-01
-3.47e-02
-8.42e-01
-8.66e-01
7.83e-01
-8.37e-01
9.10e-01
9.10e-01
6.71e-01
8.74e-01
-7.27e-01
-8.05e-01
2.66e-02
6.03e-01
6.80e-02
-7.04e-01
5.16e-01
-7.39e-01
-4.85e-01
-6.05e-01
-4.23e-01
-5.16e-01
-8.38e-02
-6.59e-01
-6.87e-01
-1.66e-01
-8.52e-01
2.59e-01
-6.44e-01
-4.44e-01
-8.42e-01
-1.99e-01
8.66e-01
-5.88e-01
-3.14e-01
-7.36e-01
-7.76e-01
2.52e-01
9.02e-01
-5.53e-01
8.99e-01
1.89e-01
7.80e-01
5.70e-01
5.97e-01
-9.42e-01
-3.22e-01
-8.21e-01
4.91e-03
6.02e-01
-3.24e-02
-8.16e-01
-8.86e-01
-2.71e-01
-7.62e-01
-7.69e-01
-8.03e-01
-1.59e-01
8.05e-01
-5.24e-01
