-4.11e-01
-4.52e-01
5.16e-01
9.94e-01
4.44e-01
-3.23e-01
-4.30e-01
9.88e-01
-1.81e-01
-8.70e-01
-2.35e-01
-7.45e-01
6.04e-01
4.06e-01
-8.71e-01
4.15e-01
5.25e-01
9.49e-01
3.65e-01
5.48e-01
-5.07e-01
-3.41e-01
9.35e-01
4.10e-01
-9.20e-01
-7.44e-01
-9.96e-01
-4.15e-01
-7.32e-01
-4.49e-01
-9.58e-01
-7.55e-02
-6.72e-01
1.02e-01
-4.17e-01
3.96e-01
-8.00e-01
-6.87e-01
-7.73e-01
2.99e-02
5.04e-01
1.49e-01
-6.55e-01
1.31e-01
-2.42e-01
-9.04e-02
4.98e-01
4.95e-01
-4.50e-01
2.58e-01
-2.96e-01
-4.36e-01
6.59e-01
9.37e-01
3.47e-01
7.89e-01
-3.57e-01
-1.62e-01
-2.75e-01
-3.68e-01
4.72e-01
-9.79e-01
-8.84e-01
6.64e-01
-2.49e-01
-3.22e-01
-3.05e-02
-5.97e-01
8.56e-02
-7.30e-01
-8.03e-01
8.60e-01
6.45e-01
-6.40e-01
1.35e-02
-7.48e-01
-6.64e-01
3.33e-01
8.90e-01
5.87e-01
7.30e-01
2.65e-01
3.88e-02
-8.44e-01
-4.01e-02
-1.46e-01
5.74e-01
-9.06e-02
8.56e-01
8.22e-01
8.47e-01
9.70e-01
-7.23e-01
1.13e-01
-5.63e-01
-9.59e-01
3.12e-01
9.76e-01
7.58e-01
-1.28e-01
9.34e-01
-2.69e-01
-1.26e-01
4.64e-01
-7.98e-01
8.90e-01
6.33e-01
3.70e-01
4.74e-01
2.18e-01
9.85e-01
4.92e-01
6.13e-01
1.63e-01
-8.13e-01
1.29e-01
7.90e-01
-9.53e-01
-8.97e-01
-6.12e-01
-2.26e-01
5.28e-01
-1.40e-01
-3.18e-01
2.54e-01
-9.51e-01
-8.48e-01
4.78e-01
-7.04e-01
3.04e-01
-6.16e-01
-3.38e-01
-5.34e-01
-1.80e-02
-6.88e-01
-4.42e-01
-1.96e-01
4.19e-02
-3.89e-01
-7.39e-01
6.33e-01
3.93e-01
-5.05e-02
8.86e-01
3.95e-01
-5.18e-01
2.52e-01
-4.16e-02
-4.41e-01
-3.44e-01
8.81e-01
6.45e-02
7.47e-01
6.85e-01
-3.10e-01
-1.91e-01
8.20e-01
-9.46e-01
-2.28e-01
9.04e-02
-3.28e-01
6.99e-01
-4.58e-01
-7.60e-01
-6.31e-01
-3.81e-01
-8.38e-01
-8.22e-01
-8.49e-01
-2.22e-01
-5.66e-01
-9.37e-01
9.15e-01
7.96e-01
5.17e-01
7.33e-01
9.65e-01
-6.22e-01
8.39e-02
-6.28e-01
-3.83e-01
-3.38e-02
9.49e-01
1.87e-01
-2.76e-01
-7.90e-01
7.98e-01
-8.62e-01
2.65e-01
3.90e-01
8.72e-01
-2.89e-01
-9.20e-01
9.77e-01
2.45e-01
-9.93e-01
-5.36e-02
8.68e-01
-7.04e-02
9.77e-01
7.26e-01
7.74e-01
-9.95e-01
-4.77e-01
1.45e-02
1.49e-01
-6.17e-01
2.55e-01
2.89e-01
4.96e-01
-1.83e-01
1.87e-02
5.45e-01
9.14e-01
-5.76e-01
8.00e-01
3.92e-01
3.64e-01
-7.55e-02
-7.45e-02
-6.15e-01
3.76e-01
-1.40e-03
8.63e-01
8.68e-01
-9.55e-01
-7.21e-01
-2.38e-01
5.93e-01
-6.87e-01
-1.66e-01
-8.52e-01
2.59e-01
-6.44e-01
-4.44e-01
-8.42e-01
-1.99e-01
8.66e-01
-5.88e-01
9.38e-01
-7.36e-01
-8.82e-01
-4.23e-01
5.95e-01
-7.99e-01
-8.26e-01
-6.04e-01
4.89e-01
-4.74e-01
4.74e-01
-3.53e-01
4.62e-02
-7.92e-01
5.72e-01
1.21e-02
-3.17e-01
4.81e-01
8.20e-02
5.51e-01
7.13e-01
-1.45e-01
7.21e-01
6.10e-01
6.75e-01
8.93e-01
