-1.95e-01
-2.03e-01
-1.79e-02
-6.62e-01
3.43e-01
-5.85e-01
9.56e-01
-1.65e-01
-1.81e-01
-8.70e-01
-2.35e-01
-7.45e-01
6.04e-01
4.06e-01
-8.71e-01
4.15e-01
5.25e-01
9.49e-01
3.65e-01
8.48e-01
-3.57e-01
4.14e-01
-1.97e-01
7.80e-01
-7.50e-01
-2.05e-01
-1.72e-01
-8.84e-01
5.65e-01
-4.49e-01
-9.58e-01
-7.55e-02
-6.72e-01
1.02e-01
-4.17e-01
3.96e-01
4.35e-02
6.13e-01
5.01e-01
-9.33e-01
-5.90e-01
6.22e-01
6.96e-02
-3.61e-02
9.06e-01
-7.58e-01
-2.51e-01
-3.15e-01
-7.13e-01
5.89e-01
8.22e-01
9.91e-01
-6.71e-01
4.61e-01
4.46e-01
-1.75e-01
8.79e-01
-1.62e-01
-2.75e-01
-3.68e-01
4.72e-01
-9.79e-01
-8.84e-01
6.64e-01
-2.49e-01
-3.22e-01
-3.05e-02
-5.97e-01
8.56e-02
-1.18e-01
-4.09e-01
8.28e-01
1.75e-01
5.30e-01
5.91e-01
-8.46e-01
-5.18e-01
4.10e-01
3.60e-02
-8.28e-01
-7.19e-01
1.29e-01
-4.47e-01
-7.81e-01
4.38e-01
-3.12e-01
5.74e-01
-9.06e-02
8.56e-01
8.22e-01
-7.08e-01
5.27e-01
1.02e-02
7.85e-01
-1.50e-01
8.74e-01
7.06e-01
3.84e-01
-9.06e-01
3.03e-01
-1.46e-01
-5.94e-01
2.33e-01
2.67e-01
4.16e-01
-3.67e-01
-3.80e-01
2.56e-01
-1.57e-01
2.18e-01
9.85e-01
4.92e-01
6.13e-01
1.63e-01
-8.13e-01
1.29e-01
7.90e-01
-9.53e-01
-7.57e-01
-8.65e-01
-6.99e-01
7.87e-01
-6.07e-01
6.16e-01
-9.53e-01
-9.74e-01
3.14e-01
4.78e-01
-7.04e-01
3.04e-01
-6.16e-01
-3.38e-01
-5.34e-01
-1.80e-02
-6.88e-01
-4.42e-01
9.81e-01
4.83e-01
9.67e-01
-8.64e-01
6.09e-02
8.13e-01
-2.71e-01
7.74e-01
3.47e-01
7.82e-01
-7.56e-01
-3.14e-01
2.30e-01
2.91e-01
-1.00e-01
-9.70e-02
6.53e-01
5.30e-01
3.75e-01
-6.96e-01
-4.43e-01
-7.28e-01
-1.30e-01
-2.22e-01
-6.61e-01
6.81e-01
-9.26e-01
-6.21e-01
-5.21e-01
-6.03e-01
2.14e-01
-2.06e-01
8.74e-01
7.96e-01
3.32e-01
-5.91e-02
5.39e-01
-6.64e-01
-9.44e-01
4.82e-01
-8.66e-01
-6.05e-01
3.00e-01
3.50e-01
-3.83e-01
-3.38e-02
9.49e-01
1.87e-01
-2.76e-01
-7.90e-01
7.98e-01
-8.62e-01
2.65e-01
3.90e-01
8.72e-01
-2.89e-01
-9.20e-01
9.77e-01
2.45e-01
-9.93e-01
1.43e-02
-2.21e-01
5.77e-01
9.75e-01
3.45e-01
-9.07e-01
5.37e-01
4.15e-01
-2.74e-01
-9.01e-01
1.07e-01
-4.68e-01
2.45e-01
4.02e-01
-8.37e-01
-4.54e-02
2.44e-01
-7.55e-01
-2.85e-01
-2.07e-01
-8.42e-01
4.60e-01
2.95e-01
3.61e-01
-9.53e-01
3.76e-01
-1.40e-03
8.63e-01
8.68e-01
-9.55e-01
-7.21e-01
-2.38e-01
5.93e-01
-6.87e-01
-1.66e-01
-8.52e-01
2.59e-01
6.85e-01
9.72e-01
1.05e-01
8.57e-01
3.90e-01
-1.52e-01
9.15e-01
6.45e-01
-8.82e-01
-4.23e-01
7.25e-02
8.86e-01
-3.87e-01
7.94e-01
-8.60e-01
5.76e-01
6.34e-01
9.08e-01
9.74e-01
4.55e-01
1.06e-01
6.94e-01
-2.84e-01
9.27e-02
5.41e-02
-3.34e-01
-7.17e-01
-2.40e-01
-7.72e-01
7.83e-01
-2.82e-02
-5.24e-01
