-4.11e-01
-4.52e-01
5.16e-01
9.94e-01
4.44e-01
-5.86e-01
-9.56e-01
3.57e-01
-4.10e-01
4.72e-01
2.16e-01
-5.65e-01
-2.14e-01
-7.85e-01
3.67e-01
7.96e-01
-2.66e-01
-8.43e-01
4.40e-01
-5.55e-01
-6.22e-01
5.05e-01
7.16e-01
-4.33e-01
8.62e-01
-1.56e-01
-7.90e-01
-7.53e-01
9.92e-01
-7.68e-01
4.92e-01
4.20e-01
7.71e-01
-8.91e-01
6.88e-01
3.96e-01
-7.55e-02
-1.32e-01
-2.99e-01
6.45e-01
7.64e-01
4.22e-01
-9.84e-02
9.22e-01
4.90e-01
9.32e-01
4.98e-01
-8.31e-01
4.33e-01
5.71e-01
1.34e-01
-7.24e-01
8.99e-01
2.86e-01
3.47e-01
7.89e-01
8.51e-01
-5.85e-01
5.75e-01
-9.45e-01
4.72e-01
-9.79e-01
-2.70e-01
5.28e-01
-8.16e-01
6.54e-01
-3.26e-01
8.89e-01
8.56e-02
-1.18e-01
1.39e-01
7.67e-01
-5.76e-01
-4.33e-01
9.58e-01
-4.03e-01
-4.59e-01
-3.07e-01
2.12e-01
-8.29e-01
-8.83e-01
7.46e-01
1.96e-01
6.02e-01
1.68e-01
-1.46e-01
-5.53e-01
-9.06e-02
8.56e-01
3.19e-01
9.78e-01
9.70e-01
8.68e-01
-2.47e-01
-4.50e-01
-6.74e-01
2.34e-01
5.80e-01
7.58e-01
-1.28e-01
9.34e-01
-2.69e-01
-1.26e-01
4.64e-01
-3.22e-01
-9.96e-01
-9.27e-01
4.30e-02
-1.21e-01
2.89e-01
2.66e-02
-6.34e-01
2.79e-01
4.00e-01
4.79e-01
1.03e-01
-5.40e-01
1.11e-01
1.67e-01
-6.12e-01
-2.26e-01
5.28e-01
-3.88e-01
-1.53e-01
5.00e-01
7.19e-01
-1.36e-01
-8.36e-01
-3.78e-01
1.47e-01
-7.20e-01
2.23e-01
-9.01e-01
1.99e-01
-6.06e-01
-1.44e-01
-1.96e-01
4.19e-02
-3.89e-01
-7.39e-01
6.33e-01
3.93e-01
-5.05e-02
8.86e-01
3.95e-01
-5.18e-01
2.52e-01
-4.16e-02
-4.41e-01
-3.44e-01
8.81e-01
6.45e-02
7.47e-01
6.85e-01
-2.01e-01
6.42e-01
-2.68e-03
-1.04e-01
6.32e-02
9.04e-02
-3.28e-01
-1.56e-01
-4.47e-01
-1.22e-01
-1.53e-01
8.19e-01
4.50e-01
7.44e-01
7.58e-01
-1.22e-01
-9.20e-02
3.66e-02
9.15e-01
7.96e-01
5.17e-01
7.33e-01
9.65e-01
-6.22e-01
-1.60e-01
-6.28e-01
8.24e-01
-4.29e-02
-3.80e-01
-6.55e-01
5.07e-01
6.68e-02
8.05e-01
-8.62e-01
2.65e-01
3.90e-01
-5.80e-01
8.88e-01
-7.92e-01
-2.35e-01
-4.91e-01
-9.93e-01
-5.36e-02
8.68e-01
-7.04e-02
9.77e-01
7.26e-01
7.74e-01
-9.95e-01
-4.77e-01
1.45e-02
1.49e-01
-6.17e-01
2.55e-01
2.89e-01
4.96e-01
-1.83e-01
1.87e-02
5.45e-01
9.14e-01
-5.76e-01
8.00e-01
1.69e-01
3.64e-01
-7.55e-02
-7.45e-02
-6.15e-01
3.76e-01
-1.40e-03
8.63e-01
8.68e-01
-9.55e-01
-7.21e-01
-2.38e-01
5.93e-01
-6.87e-01
-1.66e-01
-8.52e-01
2.59e-01
-6.44e-01
-4.44e-01
-8.42e-01
-1.99e-01
3.20e-01
6.40e-01
9.15e-01
6.45e-01
-8.82e-01
-4.23e-01
5.95e-01
-4.42e-01
-8.26e-01
-6.04e-01
4.89e-01
-4.74e-01
4.74e-01
-3.53e-01
4.62e-02
-5.45e-01
-5.78e-02
2.17e-01
-7.32e-01
-2.05e-01
9.27e-01
-1.89e-01
-2.09e-01
2.51e-01
-2.42e-01
1.13e-01
-5.38e-02
4.07e-01
