-8.68e-01
6.71e-01
-9.79e-01
5.55e-01
7.62e-01
-4.80e-01
-4.20e-01
3.93e-01
-9.30e-01
-7.66e-01
8.81e-01
5.78e-01
-3.04e-01
4.74e-01
-5.68e-02
8.42e-02
-6.08e-05
1.41e-01
-7.32e-01
-2.52e-01
6.40e-01
-8.24e-01
7.26e-01
-4.33e-01
8.62e-01
-1.56e-01
-7.90e-01
-7.53e-01
9.92e-01
-7.68e-01
-8.15e-01
-7.84e-01
-7.00e-01
6.54e-01
5.70e-01
-8.17e-01
3.31e-01
-5.92e-01
-2.35e-01
7.89e-01
4.02e-01
3.06e-01
-9.84e-02
9.22e-01
4.90e-01
9.32e-01
3.87e-01
-8.31e-01
4.33e-01
5.71e-01
1.34e-01
-7.24e-01
4.23e-01
6.59e-01
-9.26e-01
8.78e-01
7.65e-01
4.14e-01
5.75e-01
-9.45e-01
-8.21e-01
4.70e-01
-8.46e-02
2.85e-01
-8.84e-01
8.78e-01
-4.47e-01
9.13e-01
-7.15e-01
6.59e-01
-8.43e-01
-4.49e-01
8.41e-01
-4.48e-01
-8.65e-02
-2.98e-01
-2.74e-01
-3.38e-01
-9.16e-02
-3.87e-01
-7.12e-02
-9.23e-01
7.62e-01
-5.17e-03
-4.70e-01
9.56e-01
2.48e-03
-1.04e-01
8.50e-02
-2.03e-01
-5.63e-01
9.77e-01
9.39e-01
3.07e-01
2.80e-02
-1.80e-01
-5.66e-01
-3.61e-01
-7.40e-01
5.18e-01
7.34e-02
3.37e-01
3.29e-01
-9.76e-01
-4.94e-01
1.06e-01
6.32e-01
7.27e-01
7.01e-01
8.43e-01
-1.26e-01
-4.34e-01
-3.59e-01
4.77e-01
-7.47e-01
4.30e-01
-3.14e-01
-1.31e-01
3.21e-01
1.24e-01
9.59e-01
7.55e-01
-7.60e-01
4.72e-01
9.57e-01
-1.78e-01
1.21e-01
8.50e-01
2.42e-01
5.50e-01
-5.14e-01
-9.42e-01
-7.43e-01
-9.48e-01
-8.34e-02
-8.25e-01
8.51e-01
-5.60e-01
4.09e-01
-4.37e-03
3.18e-01
5.67e-01
5.21e-01
7.94e-01
-9.26e-01
-6.68e-01
-5.53e-01
-6.12e-01
-3.70e-01
-7.31e-01
-2.60e-01
-4.15e-01
9.30e-01
-2.58e-01
4.54e-01
-2.71e-01
5.24e-01
-1.05e-01
4.75e-01
-1.44e-01
3.12e-02
-4.23e-01
-4.47e-01
3.33e-01
-3.32e-01
1.45e-01
1.37e-01
-3.15e-02
-8.99e-01
-2.20e-02
-9.20e-02
3.66e-02
6.16e-01
-4.28e-02
-6.91e-01
-2.45e-01
-1.99e-01
-6.17e-01
-6.97e-01
7.79e-01
-5.40e-01
-5.97e-01
2.21e-01
8.70e-01
5.52e-02
-8.04e-01
-8.53e-02
-9.60e-01
5.29e-01
9.69e-02
-4.33e-01
1.57e-01
7.08e-01
4.94e-02
-5.56e-01
1.83e-01
4.04e-01
-6.36e-01
5.43e-01
-6.33e-01
-8.49e-01
-2.18e-01
-4.48e-01
-6.46e-01
-6.33e-01
-7.31e-01
-3.47e-02
6.61e-01
3.58e-01
7.83e-01
-9.30e-01
5.51e-01
9.31e-01
6.65e-01
6.67e-01
3.80e-01
1.69e-01
3.64e-01
7.65e-01
6.68e-01
-5.30e-01
-8.42e-01
-8.85e-01
-6.63e-01
8.68e-01
-3.66e-01
5.58e-01
6.57e-01
9.66e-01
-6.80e-02
1.35e-01
1.91e-02
-7.63e-01
5.63e-01
-4.77e-01
3.37e-01
-8.95e-01
1.91e-01
1.74e-02
-1.94e-01
-6.19e-01
-6.24e-01
8.47e-01
5.95e-01
2.25e-01
-7.99e-01
-1.70e-01
-8.19e-01
-5.67e-01
5.96e-01
-5.94e-01
-8.86e-01
-8.10e-02
3.47e-01
-3.25e-01
7.06e-01
-2.05e-01
9.27e-01
-1.89e-01
1.91e-03
2.94e-01
-3.93e-01
1.89e-02
6.83e-01
9.45e-01
