8.74e-01
-7.99e-01
1.22e-01
9.55e-01
9.79e-01
4.64e-01
9.26e-01
7.28e-01
-5.22e-01
-2.11e-01
9.14e-01
-2.50e-01
6.06e-01
-6.22e-01
-5.04e-01
7.96e-01
-8.48e-01
-1.25e-01
3.41e-02
1.73e-01
-3.33e-01
-8.68e-01
8.99e-01
9.69e-02
-2.00e-01
5.88e-01
2.36e-01
-7.49e-01
7.17e-01
-8.43e-01
-3.97e-01
8.09e-01
-4.21e-01
-3.40e-01
-6.59e-01
-4.98e-01
3.71e-01
2.99e-01
-2.99e-01
1.30e-01
5.37e-01
-5.47e-01
7.85e-01
8.25e-01
-5.49e-01
6.93e-01
-8.81e-01
9.45e-01
6.16e-01
4.91e-01
-2.51e-01
-4.77e-01
-7.38e-01
-4.45e-01
1.22e-03
-1.96e-01
1.45e-01
9.55e-01
2.03e-01
-5.07e-01
6.17e-01
3.45e-01
8.16e-01
6.86e-01
-8.16e-01
6.54e-01
-3.26e-01
8.89e-01
-7.15e-01
-8.81e-01
8.49e-01
8.55e-01
-9.03e-01
-5.77e-01
-7.74e-01
-8.90e-01
1.66e-01
-9.79e-03
9.05e-01
3.45e-01
2.76e-01
-2.29e-01
-2.29e-01
-3.07e-01
-1.63e-01
3.42e-01
7.85e-01
7.83e-01
-8.63e-01
1.44e-01
8.54e-01
-3.60e-01
3.81e-01
-5.63e-01
3.87e-01
-1.99e-01
4.20e-01
-6.25e-01
-7.91e-01
-4.83e-01
-4.60e-01
2.15e-01
-7.25e-01
4.80e-01
7.43e-01
3.28e-01
-9.48e-01
-3.12e-01
-1.23e-01
-9.06e-01
-1.67e-01
6.58e-01
-3.78e-01
6.83e-01
2.33e-01
-2.82e-01
9.13e-01
-7.58e-01
4.36e-01
-6.12e-01
-2.26e-01
5.28e-01
-1.40e-01
-3.18e-01
2.54e-01
-9.51e-01
-8.48e-01
6.59e-01
4.99e-01
-6.17e-01
-6.76e-01
1.05e-01
2.32e-01
-9.98e-01
-5.86e-01
-9.89e-01
9.50e-01
4.19e-02
-3.89e-01
-7.39e-01
6.33e-01
3.93e-01
-5.05e-02
8.17e-01
-9.78e-02
-3.89e-01
2.91e-02
-4.16e-02
-4.41e-01
-3.44e-01
2.87e-01
-9.39e-01
-6.38e-01
-2.87e-01
-6.18e-01
3.00e-01
3.62e-01
1.10e-01
-1.21e-01
4.15e-01
4.37e-01
-2.24e-01
8.90e-01
3.54e-01
-1.21e-01
8.66e-01
6.45e-01
4.48e-01
2.74e-01
9.19e-01
-3.65e-01
1.22e-01
2.07e-01
7.69e-01
-5.62e-01
3.84e-02
4.98e-01
-6.17e-01
-6.97e-01
7.79e-01
-5.40e-01
-5.97e-01
2.21e-01
8.70e-01
-8.23e-01
-8.04e-01
-8.53e-02
-9.60e-01
-9.55e-02
7.79e-01
4.65e-01
7.02e-01
-7.62e-01
1.66e-01
-4.09e-01
-6.31e-01
-7.76e-01
9.13e-01
4.47e-01
-4.89e-01
-9.70e-01
-5.90e-01
-5.13e-01
3.46e-01
-6.20e-01
-7.52e-01
-7.68e-01
2.80e-01
9.45e-01
8.24e-01
-1.46e-01
9.10e-01
9.10e-01
6.71e-01
8.74e-01
-7.27e-01
3.73e-01
-7.94e-01
-1.08e-01
3.61e-01
-9.53e-01
3.76e-01
-1.40e-03
8.63e-01
8.68e-01
-9.55e-01
-7.21e-01
-2.38e-01
5.93e-01
-6.87e-01
-1.66e-01
-8.52e-01
2.59e-01
6.85e-01
8.47e-02
3.13e-01
-9.14e-01
-8.27e-01
5.20e-01
-6.03e-01
4.32e-02
6.66e-03
8.25e-01
5.88e-01
4.33e-01
-8.05e-01
-2.91e-01
-7.08e-01
3.57e-01
-9.40e-01
-7.61e-01
2.19e-02
8.88e-01
5.08e-01
-1.63e-01
-6.89e-01
-2.14e-01
-3.16e-01
-5.45e-01
2.37e-01
5.13e-01
-7.72e-01
7.83e-01
-2.82e-02
-7.89e-01
