-4.11e-01
-4.52e-01
5.16e-01
9.94e-01
4.44e-01
-5.86e-01
-9.56e-01
3.57e-01
-4.10e-01
4.72e-01
2.16e-01
-5.65e-01
-2.14e-01
3.20e-01
3.67e-01
-2.63e-01
-5.02e-01
-9.58e-01
6.29e-01
-7.91e-01
4.28e-01
-5.42e-02
8.99e-01
-5.92e-01
-2.00e-01
5.88e-01
2.36e-01
-4.89e-01
-4.75e-01
-1.49e-01
-7.14e-01
-7.55e-02
-6.72e-01
1.02e-01
-4.17e-01
3.96e-01
-8.00e-01
-6.87e-01
-7.73e-01
2.99e-02
5.04e-01
1.49e-01
-6.55e-01
1.31e-01
-2.42e-01
-9.04e-02
4.98e-01
4.95e-01
-4.50e-01
2.58e-01
-2.96e-01
9.35e-01
1.08e-01
-1.23e-02
-4.28e-01
3.62e-01
2.97e-01
-4.89e-01
-8.24e-01
-7.44e-01
-1.30e-02
8.09e-01
-9.39e-01
2.67e-01
2.18e-01
-3.22e-01
6.35e-01
-5.97e-01
8.56e-02
-1.18e-01
1.39e-01
7.67e-01
-5.84e-01
-6.79e-01
-1.46e-01
-9.24e-01
1.98e-01
-9.82e-01
-3.89e-01
9.09e-02
-1.10e-01
-8.26e-01
-9.64e-01
-9.13e-01
-4.01e-02
-1.46e-01
8.52e-01
-6.78e-01
-8.63e-01
1.44e-01
8.54e-01
-3.60e-01
3.81e-01
-5.63e-01
3.87e-01
-1.99e-01
4.20e-01
-6.25e-01
-7.91e-01
3.60e-01
2.38e-01
-1.52e-01
-6.82e-01
4.89e-01
6.23e-01
-5.75e-01
-9.27e-01
4.30e-02
-1.21e-01
2.89e-01
6.96e-01
3.89e-01
6.99e-01
-2.83e-01
-8.35e-01
9.74e-02
-2.46e-01
-5.84e-01
1.67e-01
-6.12e-01
-2.26e-01
5.28e-01
-1.40e-01
-3.18e-01
2.54e-01
-9.51e-01
-8.48e-01
6.59e-01
4.99e-01
-6.17e-01
-6.76e-01
1.05e-01
2.32e-01
8.02e-01
-5.86e-01
-8.82e-01
-1.96e-01
4.19e-02
-3.89e-01
-7.39e-01
6.33e-01
3.93e-01
-5.05e-02
8.86e-01
3.95e-01
-5.18e-01
2.52e-01
-4.16e-02
-4.41e-01
-3.44e-01
8.81e-01
6.45e-02
7.47e-01
6.85e-01
-3.10e-01
-1.91e-01
8.20e-01
-9.46e-01
-2.28e-01
-1.22e-01
-3.76e-01
-1.56e-01
-4.47e-01
-7.60e-01
-6.31e-01
-3.81e-01
-8.38e-01
-8.22e-01
-8.49e-01
-2.22e-01
-5.66e-01
-9.37e-01
9.15e-01
7.96e-01
5.17e-01
7.33e-01
9.65e-01
-6.22e-01
-1.60e-01
-6.28e-01
-3.83e-01
-3.38e-02
9.49e-01
1.87e-01
-2.76e-01
-7.90e-01
7.98e-01
-8.62e-01
2.65e-01
3.90e-01
8.72e-01
6.02e-01
-9.20e-01
9.77e-01
2.45e-01
-9.93e-01
1.43e-02
8.68e-01
-7.04e-02
9.77e-01
9.11e-01
-2.18e-01
-4.48e-01
-6.46e-01
-2.74e-01
-9.01e-01
-1.56e-01
-8.42e-01
-8.66e-01
-9.83e-02
-1.46e-01
9.10e-01
9.10e-01
6.71e-01
8.74e-01
-7.27e-01
-8.05e-01
2.66e-02
6.03e-01
6.80e-02
-7.04e-01
5.16e-01
-7.39e-01
-4.85e-01
-6.05e-01
-4.23e-01
-5.16e-01
-8.38e-02
-6.59e-01
-6.87e-01
-1.66e-01
-8.52e-01
2.59e-01
6.85e-01
9.72e-01
1.05e-01
8.57e-01
3.90e-01
-1.52e-01
9.15e-01
6.45e-01
-8.82e-01
-4.23e-01
9.02e-01
-5.53e-01
8.99e-01
1.89e-01
7.80e-01
5.70e-01
5.97e-01
-9.42e-01
-3.22e-01
-8.21e-01
4.91e-03
-2.89e-01
-3.24e-02
-8.16e-01
-8.86e-01
-2.71e-01
-7.62e-01
-7.69e-01
-8.03e-01
-1.59e-01
8.05e-01
-5.24e-01
