8.74e-01
-7.99e-01
1.22e-01
9.55e-01
9.79e-01
4.64e-01
9.26e-01
7.28e-01
-5.22e-01
-2.11e-01
9.14e-01
-5.82e-01
-1.32e-01
3.20e-01
3.67e-01
-2.63e-01
-5.02e-01
-9.58e-01
6.29e-01
-7.91e-01
4.28e-01
-5.42e-02
8.46e-01
9.37e-01
-2.91e-01
-9.70e-02
-3.65e-01
7.08e-01
4.63e-01
-1.49e-01
-7.14e-01
8.50e-01
7.71e-01
-8.91e-01
-5.56e-01
-8.01e-01
3.06e-01
-6.87e-01
-7.73e-01
6.74e-01
-6.52e-01
4.30e-01
1.92e-01
6.36e-01
2.27e-01
8.77e-02
2.22e-01
-7.23e-01
8.63e-01
-9.07e-02
3.22e-01
7.86e-01
6.59e-01
-4.45e-01
1.22e-03
-1.96e-01
1.45e-01
9.55e-01
2.03e-01
-5.07e-01
6.17e-01
3.45e-01
8.16e-01
6.86e-01
-8.16e-01
6.54e-01
-3.26e-01
8.89e-01
-7.15e-01
-8.81e-01
8.49e-01
8.55e-01
-9.03e-01
-5.77e-01
-7.74e-01
-8.90e-01
1.66e-01
-9.79e-03
9.05e-01
3.45e-01
2.76e-01
-2.29e-01
-2.29e-01
-3.07e-01
-1.63e-01
3.42e-01
7.85e-01
7.83e-01
-8.63e-01
1.44e-01
8.54e-01
-3.60e-01
3.81e-01
-5.63e-01
3.87e-01
-1.99e-01
9.53e-01
-8.85e-01
8.46e-01
3.17e-01
-3.68e-01
-5.94e-01
2.33e-01
4.89e-01
6.23e-01
-5.75e-01
-9.27e-01
4.30e-02
-1.21e-01
5.67e-01
-2.40e-01
-1.58e-01
2.79e-01
4.00e-01
4.79e-01
1.03e-01
-5.40e-01
-1.31e-01
3.21e-01
1.24e-01
9.59e-01
7.55e-01
-7.60e-01
4.72e-01
9.57e-01
3.33e-01
8.92e-01
2.25e-01
4.72e-01
3.88e-01
-2.63e-01
6.72e-01
5.00e-01
3.68e-01
7.58e-01
6.19e-01
1.00e+00
6.52e-01
-6.10e-01
-1.32e-01
9.46e-01
3.93e-01
-5.05e-02
8.17e-01
-9.78e-02
-3.89e-01
2.91e-02
-4.16e-02
-4.41e-01
-3.44e-01
2.87e-01
-9.39e-01
-6.38e-01
-2.87e-01
-6.18e-01
3.00e-01
3.62e-01
1.10e-01
-1.21e-01
4.15e-01
4.37e-01
-2.24e-01
8.90e-01
3.54e-01
-1.21e-01
-6.03e-01
2.14e-01
-8.22e-01
-8.49e-01
-2.22e-01
-3.36e-01
2.66e-01
1.57e-01
2.00e-01
5.39e-01
9.10e-01
8.14e-01
-6.22e-01
5.39e-01
9.82e-01
-7.74e-01
-6.65e-01
9.81e-01
-9.88e-01
-1.58e-01
8.80e-01
-5.01e-01
4.06e-01
8.51e-01
-9.72e-01
7.98e-01
-4.35e-01
9.96e-01
5.55e-01
-4.91e-01
-2.13e-01
-5.36e-02
8.68e-01
-7.04e-02
9.77e-01
9.11e-01
1.01e-01
-7.16e-01
9.76e-01
1.45e-02
1.49e-01
-6.17e-01
2.55e-01
2.89e-01
4.96e-01
-1.83e-01
1.87e-02
5.45e-01
9.14e-01
-5.76e-01
8.00e-01
7.28e-01
6.40e-01
3.20e-01
-9.67e-01
-6.15e-01
2.89e-01
3.23e-01
-1.72e-01
1.99e-01
-1.70e-01
-8.93e-01
9.30e-01
-3.66e-01
-7.31e-01
5.53e-02
-4.86e-01
3.68e-01
-6.44e-01
-4.44e-01
-8.42e-01
-1.99e-01
8.66e-01
-5.88e-01
9.38e-01
-7.36e-01
-7.76e-01
2.52e-01
5.88e-01
4.33e-01
-8.05e-01
8.39e-02
-5.75e-01
-4.90e-01
6.46e-01
-7.26e-01
-6.63e-01
-7.92e-01
5.72e-01
1.21e-02
-3.17e-01
4.81e-01
8.20e-02
5.51e-01
7.13e-01
-1.45e-01
7.21e-01
6.10e-01
6.75e-01
8.93e-01
