7.86e-01
-3.79e-01
-1.63e-01
-4.52e-01
-6.95e-01
1.31e-01
4.86e-01
8.03e-01
2.86e-01
6.21e-01
-6.13e-01
-3.89e-01
-9.98e-01
5.94e-01
1.89e-01
-4.24e-01
-6.14e-01
7.66e-01
4.02e-01
-1.38e-01
-2.01e-01
2.25e-01
-8.74e-02
9.17e-01
-8.80e-01
-5.99e-02
1.05e-01
5.87e-01
-6.25e-01
-8.99e-01
-8.63e-01
-7.91e-01
7.65e-02
-8.10e-01
-2.54e-01
-9.60e-01
6.58e-02
-7.45e-01
-9.50e-01
5.99e-01
-5.44e-01
-7.24e-02
-4.80e-01
6.05e-01
-7.61e-02
-9.15e-01
-7.37e-01
3.35e-01
7.51e-01
9.53e-01
-8.43e-01
-1.91e-01
-1.88e-01
4.18e-01
-6.23e-01
1.41e-01
7.78e-01
4.76e-02
9.19e-01
2.06e-01
5.07e-01
-6.05e-01
4.44e-01
-2.87e-01
-4.80e-01
9.89e-01
5.45e-01
1.36e-01
6.97e-01
3.03e-01
8.50e-01
-9.01e-01
3.65e-02
-3.24e-01
-7.40e-01
5.20e-01
5.84e-01
9.90e-01
6.69e-01
1.28e-01
8.55e-01
6.94e-02
5.93e-01
7.66e-01
2.92e-01
1.66e-01
7.29e-01
-9.23e-01
-8.59e-01
6.16e-02
2.47e-01
4.26e-01
-1.36e-01
-3.15e-01
7.30e-02
-8.73e-01
9.86e-01
4.27e-01
-1.38e-01
1.54e-01
5.17e-01
7.95e-01
2.61e-01
-9.25e-01
3.19e-01
-8.66e-01
8.72e-01
-7.63e-02
4.90e-01
5.78e-01
-6.81e-01
2.46e-01
6.67e-01
1.58e-01
8.24e-01
-5.57e-01
5.17e-04
-7.77e-01
-8.90e-01
-4.95e-01
-4.46e-01
7.97e-01
-2.78e-01
-5.14e-01
9.39e-01
-1.24e-01
6.23e-01
-6.69e-01
-1.34e-01
8.10e-02
9.71e-01
1.75e-01
-8.25e-01
5.86e-01
7.36e-01
-2.80e-01
-2.44e-01
-3.14e-01
-6.68e-01
8.36e-01
4.67e-01
-5.35e-01
8.96e-01
7.29e-01
8.62e-01
-8.29e-01
5.64e-01
6.20e-01
-7.14e-01
-7.85e-01
-9.43e-01
-1.77e-01
-8.68e-01
2.30e-01
5.81e-01
-2.46e-01
4.07e-01
-5.01e-03
-9.54e-02
-5.89e-01
5.42e-01
8.36e-02
-1.98e-01
6.78e-01
1.03e-01
-5.18e-01
5.83e-01
7.04e-01
-3.56e-01
-4.43e-01
1.47e-03
6.85e-01
8.35e-01
4.28e-01
5.85e-01
-7.98e-01
-9.42e-03
3.33e-01
6.76e-01
-5.31e-01
9.50e-01
-8.78e-01
-8.85e-01
-5.99e-01
8.83e-01
4.68e-01
-1.94e-01
-6.80e-01
5.74e-01
7.70e-01
-7.71e-01
-3.61e-01
-8.29e-01
-3.39e-01
6.42e-01
3.03e-01
-3.81e-01
2.79e-01
-9.53e-01
-3.98e-01
7.33e-01
-6.99e-01
-5.29e-01
-3.78e-01
-6.47e-02
-6.73e-02
-5.38e-01
8.72e-02
-3.91e-01
-5.69e-01
-5.86e-01
6.99e-01
9.37e-01
6.23e-01
4.74e-01
7.74e-01
1.08e-01
3.67e-01
8.44e-01
2.92e-02
7.50e-01
5.05e-01
9.57e-01
8.51e-01
-5.61e-01
-8.52e-01
1.32e-01
-6.55e-01
5.31e-02
-8.25e-01
5.87e-01
-1.46e-01
6.81e-01
-6.80e-01
-1.17e-01
-4.75e-01
-4.07e-01
4.72e-01
6.09e-01
-9.73e-01
2.72e-01
-2.07e-01
9.08e-01
3.68e-01
8.14e-01
-6.22e-01
-3.11e-01
-3.99e-01
1.63e-01
7.85e-02
-1.08e-01
3.77e-01
-8.15e-01
4.98e-02
7.62e-01
7.83e-01
6.15e-01
5.50e-02
6.75e-01
8.19e-01
2.89e-01
-3.67e-01
-9.21e-01
-8.50e-01
4.43e-01
