-2.29e-01
-2.15e-01
8.84e-01
-2.93e-01
1.18e-01
7.45e-01
2.90e-01
6.91e-01
3.71e-01
-2.20e-01
5.53e-01
9.14e-01
5.37e-02
-3.28e-01
-4.24e-01
-4.13e-01
-4.91e-01
7.15e-02
8.53e-01
4.43e-01
9.33e-01
-8.57e-01
9.34e-01
-8.93e-01
-7.74e-01
5.74e-01
-4.16e-01
-2.15e-01
7.40e-02
-7.75e-01
-4.53e-01
-9.73e-01
6.93e-01
-1.00e+00
-5.49e-01
3.92e-01
8.41e-01
2.92e-01
3.38e-01
-2.87e-01
-4.26e-01
3.78e-01
3.73e-01
-2.02e-02
-3.34e-01
-9.11e-01
7.70e-01
-4.06e-01
-3.14e-01
-9.16e-01
-5.40e-01
5.73e-02
4.91e-01
-1.29e-01
9.52e-01
2.99e-01
-8.50e-01
7.29e-01
-9.91e-01
-5.98e-01
-1.46e-01
-4.17e-01
9.46e-01
-2.44e-01
6.85e-01
-1.16e-01
2.85e-01
2.53e-01
-6.86e-01
-1.50e-01
2.42e-01
1.57e-02
9.20e-01
-5.63e-01
5.04e-01
6.62e-01
6.43e-03
5.70e-01
1.87e-01
-1.75e-01
5.09e-02
7.18e-02
6.83e-01
-9.27e-01
-7.43e-01
4.55e-01
-6.27e-01
-3.75e-01
4.33e-01
1.07e-01
2.39e-01
6.48e-01
7.39e-01
2.12e-01
-2.03e-01
4.77e-01
9.65e-01
6.36e-02
-2.07e-01
-4.94e-01
-5.87e-01
9.65e-01
2.69e-01
-9.54e-01
-6.63e-01
-9.72e-01
2.16e-01
7.70e-01
4.12e-01
-5.37e-02
-4.86e-01
-1.72e-01
8.30e-01
9.71e-01
9.54e-01
7.07e-01
7.41e-01
-4.09e-01
8.44e-01
-4.53e-01
-7.24e-01
6.09e-01
1.13e-01
-9.86e-01
2.59e-02
6.34e-01
7.78e-01
9.32e-01
6.52e-01
9.89e-01
3.15e-01
6.02e-01
-8.19e-02
1.23e-01
4.50e-01
-6.59e-01
9.45e-01
1.25e-01
6.48e-01
-9.17e-01
-2.82e-01
-7.37e-01
3.35e-02
-4.08e-02
-9.33e-01
-7.01e-01
-9.79e-01
5.20e-01
9.11e-01
5.45e-01
2.79e-01
-2.82e-01
6.09e-01
4.12e-01
6.82e-01
7.25e-01
-1.67e-01
9.52e-03
7.80e-01
-2.96e-01
-5.73e-01
-9.25e-01
-7.11e-01
-2.30e-01
-3.22e-01
-6.99e-01
8.15e-01
-2.64e-01
6.56e-01
-8.08e-01
6.12e-01
-5.67e-01
-8.67e-01
-4.85e-01
3.60e-01
3.65e-01
-1.98e-01
4.49e-01
-1.00e-01
1.29e-01
-2.59e-01
6.47e-01
-8.75e-01
3.32e-01
-3.26e-01
-3.62e-01
8.73e-02
-3.16e-01
-8.01e-01
8.38e-01
6.62e-01
-8.41e-01
8.96e-01
-2.45e-01
8.13e-01
8.12e-01
-7.07e-01
-1.11e-01
5.83e-01
-8.42e-01
-1.09e-01
-9.47e-01
5.25e-01
3.33e-01
-6.38e-01
8.67e-01
8.28e-01
-9.90e-01
-8.76e-01
-9.86e-01
2.22e-01
-3.10e-01
-9.51e-01
4.17e-01
9.42e-01
-5.71e-01
-9.62e-01
-5.37e-01
2.54e-02
-5.49e-01
-5.20e-02
-9.14e-01
9.43e-01
-9.12e-01
-6.43e-01
4.17e-01
3.67e-01
3.01e-01
8.32e-01
-7.92e-01
-6.02e-02
-7.92e-01
4.50e-01
-6.45e-01
5.94e-01
6.70e-01
-2.20e-01
-7.46e-01
-1.52e-01
-3.80e-01
-6.57e-01
-4.78e-01
-2.60e-01
-7.80e-01
4.12e-01
-9.34e-01
-6.32e-01
-6.88e-01
-2.48e-01
2.94e-01
8.35e-02
9.60e-01
-7.79e-01
9.18e-01
-4.71e-01
3.26e-01
8.68e-01
2.01e-01
-1.96e-01
-9.64e-01
-3.90e-01
8.66e-01
-8.56e-01
1.44e-01
-6.47e-01
