-9.66e-01
5.33e-03
-2.90e-01
3.42e-01
-4.15e-01
4.14e-01
-2.23e-01
4.30e-01
7.86e-01
8.78e-01
5.73e-01
3.03e-02
-6.58e-01
4.24e-01
-9.83e-01
-8.61e-01
3.98e-01
-1.10e-01
2.51e-01
1.50e-02
-9.43e-01
-2.33e-01
5.37e-01
-2.31e-01
-8.53e-01
9.98e-01
-6.15e-01
4.38e-03
-4.84e-02
-7.80e-01
-6.80e-01
-7.19e-01
-1.86e-01
4.33e-01
-8.27e-01
3.44e-01
-5.63e-01
-4.46e-01
-2.60e-01
-7.22e-01
1.49e-01
8.27e-01
-3.00e-01
8.29e-01
-7.18e-01
-9.23e-01
1.32e-02
-5.36e-01
7.59e-01
8.76e-01
3.80e-01
-5.36e-01
2.09e-01
-2.15e-01
6.34e-01
2.80e-02
9.15e-01
-4.06e-01
1.13e-01
1.18e-01
3.95e-02
8.65e-01
4.29e-01
-8.01e-01
-8.94e-01
6.48e-01
8.47e-01
1.05e-01
-1.38e-01
-8.44e-01
-2.02e-01
-9.60e-01
2.67e-01
5.24e-01
4.03e-02
6.58e-02
-8.81e-01
1.92e-01
-7.42e-01
2.44e-02
6.54e-01
3.52e-01
6.09e-01
-3.92e-01
2.91e-01
9.97e-01
8.70e-01
7.67e-02
-2.42e-01
-3.06e-01
4.91e-01
-3.72e-01
-6.16e-01
4.02e-01
-4.80e-01
9.57e-01
-2.90e-01
-7.16e-01
-1.66e-01
-1.96e-01
-4.49e-01
-7.37e-01
5.66e-01
-2.17e-01
7.21e-01
-7.02e-01
-6.92e-01
-3.38e-01
3.48e-01
-5.47e-01
8.88e-01
7.70e-01
-3.91e-01
4.87e-01
7.74e-01
3.06e-01
5.59e-01
-4.78e-01
-9.77e-01
4.51e-01
-4.26e-01
6.95e-01
-2.05e-01
8.57e-02
9.52e-01
-5.21e-02
-6.39e-01
-1.16e-01
6.64e-01
-5.57e-01
3.77e-01
-6.65e-01
-1.75e-01
4.56e-01
-1.56e-02
8.25e-01
-5.41e-01
6.27e-01
-8.13e-01
-9.06e-01
-8.12e-01
7.66e-01
4.63e-01
-5.46e-01
-7.79e-01
-9.59e-01
1.68e-01
5.96e-01
6.25e-01
3.83e-01
-8.59e-01
-1.77e-01
-7.70e-01
5.03e-01
-2.89e-01
-4.15e-01
1.88e-01
9.45e-01
-1.07e-01
-9.69e-01
-7.39e-01
-9.55e-01
-2.67e-01
8.29e-01
2.52e-01
-1.13e-01
6.05e-01
1.96e-01
5.32e-01
-5.04e-02
-3.74e-02
5.40e-01
7.74e-01
-1.01e-01
1.28e-02
-9.93e-02
5.57e-01
7.16e-01
9.50e-01
9.92e-01
3.99e-01
3.08e-01
-4.09e-01
3.34e-02
-8.99e-01
-6.42e-01
-2.51e-01
7.94e-01
1.95e-01
-9.06e-01
3.20e-01
8.92e-01
-5.97e-01
7.33e-01
-6.55e-02
4.01e-01
6.03e-01
-7.84e-01
-7.75e-01
-8.05e-01
-1.06e-01
-8.79e-01
-8.31e-01
-3.12e-01
-5.14e-01
5.20e-02
-3.36e-01
-4.72e-01
-9.99e-01
-2.22e-01
-1.72e-01
-3.45e-01
9.16e-01
3.08e-01
-1.17e-01
-1.44e-01
1.69e-02
9.40e-01
-5.42e-01
5.27e-01
-2.27e-02
5.23e-01
-8.38e-01
-4.72e-01
-2.40e-01
1.12e-01
-1.35e-01
-7.49e-02
8.16e-01
9.22e-01
-7.01e-01
1.33e-01
1.29e-01
6.28e-01
5.80e-01
-1.78e-02
-4.49e-01
6.27e-02
-9.30e-01
-7.95e-01
7.92e-01
-8.29e-01
-1.37e-01
9.65e-01
9.99e-01
-9.86e-01
-7.01e-01
8.49e-01
-5.03e-01
-9.83e-01
4.48e-01
7.48e-01
-1.23e-01
-7.77e-01
-8.15e-01
-3.77e-01
-1.36e-02
-4.12e-01
1.19e-01
9.32e-01
-9.70e-01
8.31e-01
3.03e-01
1.90e-01
5.80e-01
