-9.66e-01
5.33e-03
9.16e-01
3.42e-01
-4.15e-01
4.14e-01
8.40e-01
6.27e-01
7.75e-01
3.51e-02
-6.82e-01
6.01e-01
6.58e-02
4.00e-01
-5.51e-01
2.03e-01
-8.52e-01
-1.10e-01
2.51e-01
7.04e-01
-1.85e-01
-8.24e-01
-6.37e-01
7.09e-01
-3.88e-01
-4.57e-01
-7.45e-01
-1.99e-01
1.27e-01
-7.75e-01
-8.74e-01
-1.40e-01
-5.21e-01
2.36e-01
2.79e-01
-4.04e-01
-6.15e-01
-4.64e-01
-9.97e-01
3.43e-01
-5.02e-01
6.35e-01
8.36e-01
7.18e-02
9.81e-01
-9.23e-01
4.10e-01
-5.36e-01
7.59e-01
8.76e-01
-4.93e-01
-5.84e-01
7.22e-01
1.26e-01
3.40e-01
8.65e-01
3.11e-01
8.95e-01
7.14e-01
-8.94e-01
2.81e-01
-8.84e-01
7.91e-01
-3.48e-01
5.84e-01
6.48e-01
4.59e-01
1.05e-01
-6.97e-01
-8.44e-01
-3.22e-01
1.27e-01
2.67e-01
5.24e-01
4.03e-02
6.58e-02
-8.81e-01
1.92e-01
-7.42e-01
2.44e-02
6.54e-01
-9.77e-01
6.09e-01
-5.42e-01
-2.04e-01
6.49e-01
3.71e-01
7.48e-01
-2.42e-01
-3.06e-01
4.91e-01
-3.72e-01
-6.16e-01
4.02e-01
-4.80e-01
9.57e-01
-2.90e-01
-7.16e-01
-1.66e-01
-1.96e-01
-7.35e-01
-7.37e-01
5.66e-01
-2.17e-01
7.21e-01
-7.02e-01
-6.92e-01
-3.38e-01
3.48e-01
-5.47e-01
-6.11e-01
-2.16e-01
-7.46e-01
-1.04e-01
7.39e-01
-4.27e-01
-4.72e-01
-7.04e-01
3.52e-01
-8.29e-01
-4.26e-01
6.95e-01
2.29e-01
-5.53e-01
9.52e-01
-5.21e-02
-6.39e-01
-1.16e-01
6.64e-01
-5.57e-01
3.77e-01
-6.65e-01
-1.75e-01
4.56e-01
2.65e-01
9.95e-01
-5.41e-01
6.27e-01
2.57e-01
2.53e-01
-8.12e-01
7.66e-01
4.63e-01
3.81e-01
-2.58e-01
1.28e-01
4.74e-02
-6.26e-01
6.24e-01
9.99e-01
8.11e-01
1.27e-01
-2.82e-01
-4.50e-01
-5.44e-01
1.89e-01
-6.13e-01
-2.37e-01
-8.98e-01
6.31e-01
-3.54e-01
-9.55e-01
-2.67e-01
8.29e-01
2.52e-01
-1.13e-01
6.15e-01
-4.08e-01
5.32e-01
-5.04e-02
-3.74e-02
-2.37e-01
7.74e-01
-1.01e-01
1.28e-02
-9.93e-02
-7.86e-01
7.16e-01
9.50e-01
5.16e-01
3.99e-01
3.08e-01
-4.09e-01
4.32e-01
-6.16e-01
6.16e-02
6.11e-01
7.53e-02
8.77e-01
-3.34e-01
4.96e-02
4.04e-01
3.86e-02
-6.86e-01
-4.46e-01
4.01e-01
6.03e-01
-3.88e-01
1.61e-01
1.32e-01
-1.06e-01
-8.79e-01
-8.31e-01
-3.12e-01
-5.14e-01
5.20e-02
-3.36e-01
-4.72e-01
-9.99e-01
4.68e-02
-6.71e-01
-3.45e-01
9.16e-01
3.08e-01
-1.17e-01
-1.44e-01
1.69e-02
9.40e-01
-5.42e-01
-5.45e-01
-2.27e-02
5.23e-01
-8.38e-01
-4.72e-01
-2.40e-01
1.12e-01
-1.35e-01
-7.49e-02
8.16e-01
9.22e-01
-7.01e-01
1.33e-01
1.29e-01
6.28e-01
5.80e-01
-1.78e-02
-4.49e-01
6.27e-02
-9.30e-01
-7.95e-01
7.92e-01
-8.29e-01
-1.37e-01
9.65e-01
9.99e-01
-9.86e-01
-7.01e-01
8.49e-01
-5.03e-01
-9.83e-01
4.48e-01
7.67e-02
-1.23e-01
-7.77e-01
-8.15e-01
-3.77e-01
3.20e-01
-4.12e-01
1.19e-01
9.32e-01
-9.70e-01
8.31e-01
3.03e-01
1.90e-01
3.11e-01
