-9.66e-01
5.33e-03
2.68e-01
8.53e-02
4.33e-01
1.03e-01
8.40e-01
6.27e-01
-7.94e-01
3.51e-02
-6.82e-01
6.01e-01
5.78e-01
4.00e-01
-5.51e-01
2.03e-01
-8.52e-01
7.46e-01
-6.13e-01
1.50e-02
-9.43e-01
-2.33e-01
5.37e-01
-2.31e-01
-8.53e-01
9.98e-01
-6.15e-01
4.38e-03
7.40e-02
-7.75e-01
-4.66e-01
8.40e-01
-1.86e-01
3.51e-03
-6.44e-01
-4.04e-01
-6.15e-01
-4.46e-01
-2.60e-01
-7.22e-01
-5.02e-01
6.35e-01
8.36e-01
7.18e-02
9.81e-01
2.28e-01
8.86e-01
-3.57e-01
-4.30e-01
3.07e-01
-4.93e-01
-5.84e-01
7.22e-01
1.26e-01
3.40e-01
8.65e-01
3.11e-01
8.95e-01
7.14e-01
-8.94e-01
2.81e-01
-8.84e-01
7.91e-01
-3.48e-01
5.84e-01
2.39e-03
-6.12e-01
5.94e-01
-4.77e-01
-1.23e-01
9.37e-01
-4.49e-02
1.99e-01
7.22e-01
5.40e-01
2.93e-01
6.32e-01
-3.78e-01
3.93e-01
1.60e-01
-3.66e-01
-8.01e-02
-3.19e-01
7.36e-01
-3.10e-01
3.07e-01
-5.98e-01
1.81e-02
9.84e-01
-4.34e-01
6.61e-01
6.09e-01
1.29e-01
5.05e-01
2.76e-02
4.03e-01
-9.04e-01
-8.16e-01
3.49e-01
1.63e-01
-9.68e-01
-5.96e-02
-7.19e-01
3.04e-01
-9.81e-01
-6.26e-01
-8.71e-01
-4.16e-01
-6.88e-01
6.03e-01
9.44e-01
2.08e-01
6.89e-01
4.87e-01
7.74e-01
3.06e-01
5.59e-01
-4.78e-01
6.25e-01
6.55e-01
-9.12e-01
-2.36e-01
2.29e-01
-5.53e-01
8.45e-01
9.68e-01
3.16e-01
4.25e-02
8.52e-01
3.05e-01
-7.57e-01
2.77e-01
-4.50e-01
9.33e-01
2.65e-01
9.95e-01
-7.33e-02
6.20e-01
2.57e-01
2.53e-01
-8.12e-01
7.66e-01
4.63e-01
-5.46e-01
-7.79e-01
-9.59e-01
1.68e-01
5.96e-01
6.25e-01
3.83e-01
-8.59e-01
-1.77e-01
-7.70e-01
5.03e-01
-2.89e-01
-4.15e-01
1.88e-01
9.45e-01
-1.07e-01
-9.69e-01
-7.39e-01
6.01e-01
1.02e-01
-6.84e-01
-9.54e-01
-4.86e-01
6.15e-01
-4.08e-01
8.66e-01
-2.42e-01
5.17e-01
5.40e-01
7.74e-01
-1.01e-01
1.28e-02
-9.93e-02
5.57e-01
4.05e-02
-1.63e-01
5.16e-01
5.35e-01
-1.54e-01
-1.93e-01
8.25e-01
1.76e-02
9.14e-01
-9.98e-01
-7.94e-01
1.87e-01
9.95e-02
6.14e-01
-8.00e-01
6.53e-01
-3.28e-01
-8.88e-02
-1.39e-01
2.17e-01
-1.63e-01
6.68e-01
1.70e-01
8.29e-01
-1.10e-01
-1.05e-02
-9.99e-01
-7.62e-01
4.36e-02
8.42e-01
-7.59e-01
-9.68e-01
4.68e-02
-6.71e-01
4.19e-01
9.97e-01
-2.07e-01
1.84e-01
-7.17e-01
-3.83e-01
1.65e-01
-5.71e-02
-5.45e-01
7.10e-01
5.17e-01
3.79e-01
6.16e-01
-6.32e-01
5.03e-01
-9.22e-01
5.75e-01
-1.35e-02
9.54e-01
-7.01e-01
1.33e-01
9.84e-01
6.28e-01
5.80e-01
-1.78e-02
-4.49e-01
6.27e-02
-9.30e-01
-7.95e-01
7.92e-01
-8.29e-01
-1.37e-01
9.65e-01
9.99e-01
-9.86e-01
-7.01e-01
8.49e-01
-5.03e-01
-9.83e-01
4.48e-01
7.48e-01
-1.23e-01
-7.77e-01
-8.15e-01
-3.77e-01
3.20e-01
-4.12e-01
1.19e-01
9.32e-01
-9.70e-01
8.31e-01
3.03e-01
1.90e-01
3.11e-01
