4.73e-01
1.64e-01
3.88e-01
8.08e-01
7.27e-01
-4.28e-01
-6.99e-01
2.73e-01
4.06e-01
3.10e-01
3.95e-01
6.66e-01
-5.29e-01
-5.03e-01
-3.57e-01
8.15e-01
7.45e-01
9.86e-03
2.25e-01
-4.86e-01
6.92e-01
-1.13e-01
3.01e-02
5.23e-01
-3.22e-01
5.57e-01
-9.39e-01
2.13e-01
7.04e-01
6.79e-01
1.36e-01
-7.64e-01
-5.75e-01
8.54e-01
-9.25e-01
3.92e-01
-3.70e-01
7.55e-01
3.14e-01
5.53e-01
-8.45e-01
4.91e-01
3.24e-02
2.33e-01
6.04e-01
-7.09e-01
-3.23e-01
-1.31e-01
6.05e-01
-4.71e-01
-2.70e-01
-5.77e-01
-5.25e-01
4.93e-01
4.33e-02
3.90e-01
4.22e-01
-1.20e-01
9.23e-01
3.21e-01
-5.40e-01
-5.04e-01
-7.86e-01
-5.97e-01
4.47e-02
9.81e-01
1.65e-01
3.23e-01
-6.74e-01
1.66e-01
3.22e-01
-9.50e-01
-2.06e-01
-2.36e-01
4.50e-01
-5.50e-01
-6.48e-01
-4.03e-01
2.59e-01
-4.94e-01
-7.51e-01
7.87e-01
2.70e-01
1.46e-01
-9.04e-01
9.35e-01
1.58e-01
4.58e-01
5.22e-01
-8.50e-01
1.86e-01
-4.31e-01
7.83e-01
-8.93e-01
-6.08e-01
-4.86e-01
-9.13e-01
-3.18e-01
-5.86e-01
2.87e-01
-3.46e-01
1.64e-01
-6.59e-01
-2.58e-01
2.66e-02
-9.19e-01
-1.23e-01
-3.21e-01
5.83e-01
9.90e-02
9.13e-01
6.36e-01
-4.37e-01
4.93e-01
7.63e-01
-9.99e-01
-3.24e-01
-4.95e-01
9.83e-01
3.02e-01
-9.35e-01
9.95e-01
-8.17e-01
3.76e-01
7.58e-01
-2.21e-01
-4.04e-01
8.00e-01
-6.50e-01
-7.37e-01
3.68e-01
-2.20e-01
-5.43e-01
-9.50e-01
9.45e-01
5.59e-03
-4.67e-01
9.03e-01
-4.48e-01
-4.10e-01
-2.70e-01
-3.88e-01
6.95e-01
-1.41e-01
-5.55e-01
2.50e-01
-4.68e-01
8.30e-01
3.13e-01
1.53e-01
-7.53e-01
5.35e-01
-2.38e-01
9.24e-01
-9.69e-01
4.20e-01
-6.43e-01
2.98e-01
1.81e-01
1.99e-01
8.06e-01
7.59e-01
-7.59e-01
2.21e-01
4.86e-01
2.37e-01
-9.63e-01
5.24e-01
7.46e-01
1.19e-01
-5.93e-01
-3.79e-01
-7.76e-01
3.60e-01
-9.68e-02
-4.27e-01
-7.53e-01
-6.42e-01
6.43e-01
2.62e-01
9.95e-01
8.27e-02
-1.84e-01
1.08e-01
-4.83e-01
-9.78e-01
1.11e-01
-3.62e-01
1.37e-02
4.57e-01
-5.68e-01
-4.25e-01
-2.98e-01
1.65e-02
6.77e-01
-8.17e-01
-3.17e-01
-3.65e-01
8.20e-01
8.31e-01
9.62e-01
4.87e-01
3.56e-01
-3.56e-01
2.46e-01
6.76e-01
-7.12e-01
-3.74e-01
-5.55e-01
8.77e-01
8.55e-01
-8.19e-01
-7.42e-02
2.62e-03
-5.41e-01
3.70e-02
-7.25e-01
8.62e-01
5.76e-01
7.76e-01
-3.39e-01
5.36e-01
6.13e-01
4.81e-01
-7.86e-01
-2.25e-01
-6.35e-02
-4.04e-01
5.42e-01
-1.48e-01
-1.52e-01
3.31e-01
-2.29e-01
-5.47e-01
9.32e-01
-7.25e-01
5.64e-01
-1.46e-01
2.82e-01
5.01e-01
-2.78e-01
-9.85e-01
-2.01e-01
-6.86e-01
-4.47e-01
-8.00e-01
9.62e-01
-4.93e-01
-2.58e-01
6.08e-01
9.00e-01
4.77e-01
5.91e-01
-7.01e-01
4.13e-01
-5.80e-01
-8.78e-02
-4.11e-01
4.93e-01
-5.12e-01
-8.12e-01
2.48e-01
8.91e-01
4.49e-01
3.53e-01
