4.19e-01
8.44e-01
8.12e-01
-9.26e-01
2.40e-01
-3.77e-01
-1.84e-01
2.04e-01
9.54e-01
8.98e-01
6.20e-01
-2.15e-01
-7.63e-01
5.53e-01
-5.37e-01
-3.87e-01
-7.20e-01
2.37e-01
-5.41e-01
9.09e-01
1.43e-01
-6.89e-01
8.42e-02
6.80e-01
-9.67e-01
-7.78e-01
-7.46e-01
3.57e-01
5.02e-01
-6.16e-01
-3.12e-01
7.06e-01
-6.79e-01
3.49e-01
-9.06e-01
-1.76e-01
-3.96e-01
6.52e-01
-4.73e-01
1.19e-01
6.96e-01
6.55e-01
5.20e-01
5.07e-01
-4.35e-01
5.36e-01
-6.24e-01
3.90e-01
8.18e-01
8.53e-01
6.37e-01
9.59e-01
-7.60e-01
8.82e-02
-5.18e-01
1.48e-01
-9.70e-01
-6.46e-02
4.69e-01
1.03e-01
-9.46e-01
5.54e-01
-7.57e-01
4.43e-01
-1.08e-01
2.22e-01
-3.46e-01
-9.53e-02
2.25e-01
5.54e-01
6.74e-01
-1.70e-01
-7.68e-01
-6.08e-01
-3.42e-01
-5.96e-02
-4.05e-01
4.50e-01
6.69e-01
-7.12e-01
6.55e-01
-7.58e-01
1.10e-01
-7.20e-01
1.40e-01
-6.12e-01
-2.82e-01
2.82e-01
9.56e-01
5.09e-01
1.22e-01
-1.77e-01
-2.48e-01
-8.20e-01
-3.21e-01
-1.06e-01
8.83e-01
-4.00e-01
-7.65e-01
8.27e-01
2.21e-01
9.48e-01
2.05e-01
5.42e-01
-9.89e-01
2.66e-01
1.29e-01
-1.98e-01
5.20e-01
4.97e-01
-1.62e-01
3.97e-01
-7.99e-01
1.26e-01
6.36e-01
-3.65e-01
7.41e-01
9.18e-01
-1.83e-01
-1.56e-01
-5.60e-01
-1.27e-01
-3.40e-02
1.31e-01
-3.28e-01
9.39e-02
4.66e-01
-9.69e-02
5.86e-01
-6.54e-01
-8.54e-01
-2.03e-01
-6.21e-01
-9.91e-01
7.63e-01
1.13e-01
-7.36e-01
5.81e-01
2.82e-01
-1.64e-01
8.00e-01
7.86e-02
-1.44e-01
1.52e-01
-2.06e-01
8.69e-01
5.94e-01
4.96e-01
9.62e-02
-8.11e-01
7.87e-01
2.93e-01
-9.39e-03
-9.03e-01
5.25e-02
7.87e-02
5.00e-01
-3.66e-01
6.41e-01
-1.11e-01
-2.51e-01
-6.01e-01
-5.68e-01
-4.48e-02
8.32e-01
4.17e-01
2.92e-01
9.22e-01
-5.71e-01
6.30e-01
-9.23e-01
-5.42e-01
-3.20e-01
-7.68e-01
7.51e-01
1.61e-01
-9.96e-01
-4.91e-01
1.87e-01
-9.30e-01
1.80e-01
6.37e-01
-7.05e-01
3.17e-01
3.59e-01
-3.94e-01
-9.31e-01
-1.88e-01
-4.72e-01
-1.69e-02
7.80e-01
3.33e-01
4.76e-01
6.25e-01
1.22e-01
-1.79e-01
-5.44e-01
-2.28e-01
-6.60e-01
-3.50e-01
1.22e-01
-6.81e-01
-3.37e-01
-8.60e-01
-3.54e-01
4.99e-01
8.86e-01
5.69e-01
-6.11e-01
-4.69e-01
-6.00e-02
-3.25e-01
5.76e-01
1.38e-01
2.32e-01
7.84e-02
-6.79e-01
9.68e-01
-1.94e-01
9.27e-01
-8.50e-01
1.92e-01
4.85e-01
4.25e-01
8.49e-01
-3.45e-03
-6.04e-02
2.68e-01
4.95e-02
6.34e-01
6.03e-04
-9.50e-01
-7.38e-01
6.04e-01
-9.18e-01
8.98e-01
4.25e-02
2.18e-01
9.75e-01
-8.27e-01
-6.66e-01
4.01e-01
3.56e-01
9.09e-01
-8.22e-01
-9.29e-02
8.19e-01
3.45e-01
-4.24e-01
6.89e-01
-4.00e-01
-1.42e-01
5.85e-01
-2.84e-01
8.62e-01
6.04e-01
4.16e-01
2.88e-01
-7.10e-01
4.24e-01
7.19e-01
9.17e-01
-9.40e-02
-3.77e-01
8.64e-01
