-8.88e-01
8.00e-01
-6.08e-01
9.41e-01
6.92e-01
6.39e-01
3.63e-01
-8.34e-01
7.15e-01
2.93e-01
-6.02e-01
-5.18e-01
-1.05e-01
2.25e-01
-5.22e-01
-6.34e-01
-8.05e-01
4.37e-01
1.37e-01
9.91e-01
-8.45e-01
2.62e-01
2.96e-01
4.45e-01
-2.11e-01
9.91e-01
-4.70e-01
-4.32e-01
-3.38e-01
-1.20e-01
2.10e-01
-3.66e-01
9.89e-02
5.58e-01
-1.12e-01
8.68e-01
-9.59e-01
4.81e-01
7.00e-01
5.06e-01
-5.05e-01
-1.13e-01
-6.92e-01
9.63e-01
-4.47e-01
6.52e-01
-2.47e-01
-6.09e-01
-8.44e-01
7.71e-01
-5.14e-01
2.70e-01
4.09e-01
-4.67e-01
7.44e-01
1.39e-01
-5.93e-01
-5.64e-01
-2.65e-01
3.95e-01
5.78e-01
5.58e-01
9.93e-01
-2.43e-02
-2.33e-01
1.07e-01
-2.84e-01
-1.83e-01
4.16e-01
8.30e-01
7.71e-01
-9.88e-01
-3.68e-01
-9.63e-01
4.97e-01
7.03e-01
-6.92e-01
4.43e-01
-9.74e-02
8.96e-01
6.78e-02
8.24e-01
9.45e-01
-7.07e-01
6.58e-01
-5.62e-01
-9.67e-01
8.03e-01
9.58e-01
4.71e-01
-8.44e-01
-4.84e-01
2.56e-01
-8.76e-01
4.70e-02
-7.77e-01
6.05e-01
1.14e-01
3.29e-01
-7.14e-01
-6.99e-01
-2.67e-01
7.39e-01
8.93e-01
9.38e-01
-9.36e-02
-2.01e-01
-5.17e-01
-6.78e-01
4.45e-01
6.64e-01
9.86e-01
4.55e-01
3.66e-02
2.18e-01
8.20e-01
-8.26e-01
1.16e-01
-4.79e-01
-4.91e-01
3.06e-01
-7.14e-02
5.33e-01
2.27e-01
-3.34e-01
-2.30e-01
-8.34e-01
-2.84e-01
-7.47e-01
-4.40e-01
-9.41e-01
-9.01e-01
-3.71e-01
2.49e-01
7.94e-01
-6.24e-01
9.49e-02
6.24e-01
1.06e-01
-3.36e-01
8.47e-01
-5.59e-01
5.69e-01
5.21e-01
-3.56e-01
2.09e-01
5.94e-01
5.12e-01
7.78e-02
-2.25e-01
-9.37e-01
4.23e-01
-8.85e-01
8.41e-01
-6.87e-01
6.09e-01
1.84e-01
6.67e-01
2.73e-01
5.10e-01
2.46e-01
-9.67e-01
6.19e-01
-4.55e-01
8.89e-01
-6.58e-01
-3.74e-01
4.56e-01
8.02e-01
-9.72e-01
5.23e-01
5.00e-01
-6.90e-01
7.82e-01
4.78e-01
-3.01e-01
-1.91e-01
-8.26e-02
3.43e-01
-9.86e-01
-6.18e-01
4.63e-01
5.81e-01
-9.73e-01
-4.86e-02
-7.44e-01
8.61e-01
3.80e-01
-3.61e-01
-5.83e-01
2.17e-01
2.79e-01
-7.99e-01
2.86e-01
3.85e-01
-3.66e-01
4.38e-02
1.27e-01
9.76e-01
5.62e-01
9.46e-01
-3.31e-01
3.12e-01
-9.56e-01
-8.93e-01
7.16e-01
-3.16e-01
-3.65e-01
-5.12e-01
-3.31e-01
-5.23e-01
4.87e-01
-5.11e-01
1.69e-01
-4.24e-01
1.41e-01
-2.78e-01
3.32e-01
-6.07e-01
1.88e-01
7.65e-01
4.59e-01
-6.98e-01
7.45e-01
2.74e-01
-2.63e-01
2.42e-01
1.00e+00
-9.72e-01
1.30e-01
-6.65e-01
2.11e-01
1.00e-01
-7.35e-01
8.22e-01
-1.74e-01
-3.82e-01
-2.89e-01
8.37e-01
-6.42e-01
2.73e-01
2.91e-01
4.55e-01
7.35e-01
4.23e-01
8.24e-01
9.26e-02
-9.93e-01
9.84e-01
8.27e-01
-3.23e-01
-6.70e-01
1.76e-02
1.77e-01
1.66e-02
3.06e-01
7.95e-01
-8.77e-01
-7.49e-01
6.12e-01
6.26e-01
4.60e-01
6.91e-01
-3.94e-01
7.28e-01
