-1.49e-01
-2.26e-01
-6.27e-01
9.60e-01
9.19e-01
4.56e-01
-2.04e-01
-5.67e-02
-7.52e-01
7.72e-01
-5.32e-02
-6.52e-01
3.84e-01
1.84e-01
7.75e-01
-7.55e-01
-2.16e-01
-2.05e-01
-5.58e-01
3.57e-01
4.27e-01
5.28e-01
6.59e-01
7.35e-01
-7.03e-01
5.01e-01
-8.17e-01
7.44e-01
-5.27e-01
-9.75e-01
3.55e-01
-9.35e-01
-7.03e-01
-6.44e-01
-5.38e-01
6.90e-01
9.13e-01
1.50e-02
6.80e-01
-3.33e-01
6.82e-01
6.52e-01
6.55e-01
1.06e-01
-9.91e-01
-7.48e-01
-6.97e-02
-7.52e-01
-9.38e-01
-3.24e-01
-1.65e-02
9.83e-01
-7.00e-01
8.41e-01
-2.02e-02
8.35e-01
-5.60e-01
-9.75e-01
-3.24e-01
5.79e-01
2.13e-01
-5.40e-01
-5.93e-01
-7.12e-01
-3.35e-01
-1.22e-01
-9.40e-01
8.02e-01
6.57e-01
-9.32e-01
-5.80e-01
3.54e-01
5.98e-02
9.73e-02
-3.47e-01
7.06e-01
-8.96e-01
-9.83e-01
1.87e-01
9.26e-02
9.79e-01
9.61e-01
-9.49e-01
5.68e-01
2.38e-02
-1.28e-01
1.83e-01
-8.56e-01
7.77e-01
-4.27e-01
2.64e-01
-9.99e-01
-9.17e-01
9.45e-01
-7.56e-01
2.57e-01
1.32e-01
8.44e-01
3.67e-01
-1.86e-01
-6.22e-01
2.84e-01
-3.99e-02
4.91e-01
-8.37e-01
7.03e-01
-2.93e-01
4.20e-01
2.39e-02
-6.20e-01
-9.83e-02
1.06e-01
5.63e-01
-5.62e-01
7.61e-01
6.28e-01
2.31e-01
1.61e-01
-2.98e-01
5.23e-01
-9.08e-01
-9.96e-01
-4.52e-01
1.04e-01
4.59e-01
-5.13e-01
-3.99e-01
-6.16e-01
4.50e-01
8.01e-01
9.83e-01
1.38e-01
-9.75e-01
-3.81e-02
-3.11e-01
-8.28e-01
-4.71e-01
-2.77e-01
-3.71e-01
-5.00e-01
-2.94e-01
5.36e-01
-1.44e-01
-2.03e-01
6.42e-01
6.06e-01
-9.30e-01
-7.40e-01
-8.73e-02
-2.45e-01
7.88e-01
-2.64e-01
-8.31e-01
2.82e-01
4.91e-01
-1.43e-01
-4.83e-01
5.94e-01
5.02e-01
-7.27e-01
6.37e-01
-4.55e-01
-4.00e-01
8.81e-01
-3.79e-01
-1.59e-01
3.86e-01
2.45e-01
7.93e-02
-3.47e-01
-3.39e-01
6.90e-01
6.63e-01
7.65e-02
8.87e-02
8.65e-01
-7.77e-02
-3.56e-01
4.07e-01
-1.56e-01
-1.41e-01
4.45e-01
9.07e-01
-1.21e-01
4.41e-01
-6.69e-01
-8.77e-01
-7.57e-01
9.36e-01
-4.83e-01
4.03e-01
4.00e-01
2.19e-02
3.98e-01
-1.99e-01
-7.24e-01
5.06e-01
6.39e-01
2.42e-02
4.54e-01
3.48e-01
-1.25e-01
-6.06e-01
-6.64e-01
-7.65e-01
9.18e-02
2.13e-01
-8.46e-01
3.78e-02
1.30e-01
6.81e-01
4.64e-01
5.04e-01
-7.00e-01
2.30e-01
-9.53e-01
-4.53e-01
8.52e-01
2.69e-01
-4.84e-01
2.52e-01
7.23e-01
2.25e-01
-8.02e-01
3.19e-01
-8.32e-02
-7.05e-01
3.87e-01
2.84e-02
3.94e-01
-8.11e-01
6.71e-01
6.03e-01
9.96e-01
7.41e-01
2.71e-01
5.78e-01
-3.20e-01
-8.49e-01
-4.62e-01
9.02e-01
-4.56e-01
7.15e-01
8.23e-01
-5.65e-01
-1.79e-01
4.71e-01
-6.84e-01
9.58e-01
-5.36e-01
-6.58e-01
9.27e-01
-3.50e-01
6.28e-01
5.65e-01
-2.38e-01
-5.56e-01
1.67e-01
8.49e-02
-7.69e-01
7.16e-03
6.90e-01
-4.84e-01
6.99e-01
-8.58e-02
