8.32e-01
-3.18e-01
3.14e-01
6.72e-01
3.85e-01
1.10e-01
-1.84e-01
-2.48e-01
5.63e-01
-2.16e-01
6.72e-01
-9.78e-02
-4.06e-01
-2.92e-01
-6.36e-01
-3.29e-01
-2.40e-01
-7.14e-01
9.52e-01
6.91e-01
7.48e-01
-2.89e-01
3.48e-01
-2.39e-01
-4.65e-01
-6.99e-01
3.42e-01
2.95e-01
-4.20e-01
-3.18e-01
8.85e-01
9.76e-01
8.74e-01
-6.19e-01
-9.83e-01
-4.68e-01
-5.42e-02
-6.79e-02
3.73e-01
-9.24e-01
-9.41e-01
-1.06e-01
5.42e-02
4.04e-02
-9.76e-01
6.49e-02
-5.77e-01
-9.59e-01
1.81e-01
-9.98e-02
9.49e-01
1.54e-01
-7.53e-01
-9.63e-01
2.58e-01
3.06e-01
7.11e-01
8.73e-01
-5.90e-01
-3.92e-01
-6.60e-01
2.35e-01
6.95e-01
-6.21e-01
1.92e-01
-6.57e-01
4.06e-01
-8.96e-01
1.92e-02
7.29e-01
-7.76e-01
5.56e-01
7.22e-01
2.64e-01
8.25e-01
-1.61e-01
-5.04e-01
-3.50e-01
7.74e-01
-3.37e-01
-5.74e-01
1.63e-01
-7.38e-01
-3.17e-01
-9.19e-01
-9.65e-01
-7.41e-01
-6.47e-02
-9.49e-01
-2.57e-01
-9.04e-01
-1.25e-01
9.49e-01
2.12e-01
6.07e-01
-9.79e-01
2.21e-01
-2.07e-01
9.91e-01
-7.02e-01
-1.81e-01
5.16e-01
-1.49e-01
-6.52e-01
-8.55e-01
-7.67e-01
3.20e-01
2.68e-01
-6.46e-01
8.85e-02
-7.45e-01
-9.42e-02
1.52e-01
4.79e-01
-2.80e-01
4.46e-01
7.58e-01
-8.98e-01
-3.10e-01
7.57e-01
-7.57e-02
5.58e-01
-1.50e-02
9.43e-02
-3.68e-01
-3.31e-01
-5.47e-01
-3.80e-01
9.94e-01
7.06e-01
2.17e-01
-9.53e-02
1.01e-01
-2.19e-01
9.62e-01
7.08e-01
-3.55e-01
-1.69e-01
5.22e-02
-5.55e-01
7.62e-02
2.97e-01
1.02e-01
-1.18e-01
1.12e-01
1.96e-01
5.20e-01
7.90e-02
-6.51e-01
-9.32e-01
-8.53e-01
9.20e-01
3.22e-02
9.29e-01
7.88e-02
4.36e-01
-7.26e-01
-1.17e-01
9.74e-01
-4.76e-01
2.83e-01
-4.30e-01
-6.13e-01
-8.68e-01
-4.08e-01
1.39e-01
-9.05e-01
-2.98e-01
-7.78e-01
5.99e-01
6.39e-01
-2.34e-01
6.98e-01
4.94e-01
9.16e-01
2.67e-01
2.04e-01
9.43e-01
-1.11e-01
2.40e-01
7.14e-01
2.41e-01
4.23e-01
3.15e-01
-6.47e-01
2.23e-01
-7.53e-01
-5.64e-01
-6.44e-02
-5.16e-01
5.80e-01
3.28e-01
4.19e-01
-4.88e-01
-2.04e-01
7.13e-01
2.58e-01
-1.38e-01
-6.86e-01
-4.71e-01
-1.39e-01
-4.77e-01
8.48e-02
3.08e-01
8.36e-03
6.36e-01
3.05e-01
4.45e-01
5.51e-01
1.69e-01
-6.20e-01
-1.46e-01
-8.86e-01
6.43e-01
9.80e-01
1.66e-01
-8.32e-01
7.35e-01
6.13e-01
2.33e-02
-1.75e-01
8.30e-01
1.38e-01
3.76e-01
-7.52e-02
1.86e-01
5.70e-01
-4.07e-01
-9.70e-01
1.67e-01
2.24e-01
-7.92e-01
1.82e-01
-5.53e-01
4.21e-01
7.08e-01
-1.79e-01
5.44e-01
7.99e-01
-6.54e-01
7.80e-01
3.20e-01
-1.96e-01
6.17e-01
-7.05e-01
5.58e-01
2.41e-01
-9.07e-01
1.70e-02
-8.13e-01
-7.33e-01
-8.42e-02
3.62e-01
-2.69e-01
-9.55e-01
-6.71e-01
-2.36e-01
-8.42e-02
-4.06e-01
2.25e-01
6.00e-02
-9.13e-01
9.58e-01
4.75e-01
6.57e-01
