6.42e-01
-2.60e-01
-7.05e-01
-1.10e-01
3.53e-01
-9.37e-01
5.23e-01
1.60e-01
9.47e-01
5.50e-01
-2.36e-01
4.56e-03
1.91e-01
-1.79e-01
8.82e-01
9.69e-01
4.40e-01
6.20e-01
1.05e-02
-6.78e-01
1.84e-01
-8.95e-01
6.40e-01
-3.52e-01
-6.59e-01
6.49e-01
3.43e-02
-6.22e-01
8.90e-01
4.06e-01
1.33e-01
2.25e-01
9.57e-01
2.78e-01
-5.66e-02
-2.23e-01
-8.70e-01
-5.58e-02
5.13e-01
-4.93e-01
2.39e-02
-1.55e-01
1.65e-01
-7.92e-01
-4.20e-01
5.65e-01
-8.61e-01
3.39e-01
7.22e-01
-9.26e-01
5.34e-01
1.30e-02
8.04e-01
-8.68e-01
-2.67e-01
6.28e-01
8.55e-01
1.78e-01
7.45e-01
6.20e-01
-7.94e-01
6.89e-01
2.28e-01
-1.66e-01
-6.61e-01
-1.93e-03
2.02e-01
9.15e-01
-9.37e-01
8.98e-01
-6.13e-01
4.68e-01
-8.04e-01
3.30e-01
-8.81e-01
-7.26e-01
2.35e-01
-4.37e-01
-7.78e-03
4.14e-01
9.64e-01
2.88e-01
6.03e-01
6.30e-01
-4.05e-01
6.96e-01
-7.35e-02
-3.58e-01
6.53e-01
-3.36e-01
-4.72e-01
-9.32e-01
-1.47e-01
-8.78e-02
-9.45e-01
-5.27e-01
-2.37e-01
1.88e-01
-8.87e-01
-1.15e-02
-3.36e-01
-9.42e-02
-4.60e-01
9.99e-01
8.85e-01
-6.87e-01
4.81e-01
8.72e-01
-7.55e-01
3.74e-01
6.45e-01
8.02e-02
9.84e-01
9.45e-01
-9.07e-01
3.40e-01
3.89e-01
-2.03e-02
-5.99e-01
9.39e-01
4.14e-01
-7.24e-01
-3.61e-01
8.71e-01
-6.60e-01
-8.56e-01
-9.74e-01
3.80e-02
-8.69e-01
7.02e-01
-6.46e-02
-3.39e-01
2.67e-01
-7.60e-01
-2.53e-01
-9.70e-01
4.03e-01
5.01e-01
-6.63e-01
-9.03e-01
-5.78e-01
2.91e-01
-7.02e-01
1.57e-01
-7.91e-01
2.38e-01
-3.82e-01
4.79e-01
-4.48e-01
-5.00e-03
3.03e-01
-8.88e-01
-5.82e-01
4.62e-01
3.46e-02
-6.12e-02
1.10e-01
-4.28e-01
-6.80e-01
8.61e-01
7.58e-01
-9.87e-01
-8.37e-01
-1.86e-01
-8.83e-01
-4.26e-01
-7.39e-01
4.44e-01
-8.06e-01
8.71e-01
7.09e-01
8.75e-01
8.78e-01
-5.21e-01
7.17e-01
-4.59e-01
-1.93e-01
1.53e-03
6.98e-01
4.91e-01
7.54e-01
5.69e-01
-5.34e-02
-4.86e-01
-9.57e-01
2.82e-02
3.25e-01
8.57e-01
6.74e-01
-3.46e-01
-2.79e-01
-8.73e-01
4.31e-01
-4.17e-01
-9.72e-01
5.24e-01
-2.23e-01
1.30e-01
-8.70e-01
-2.27e-01
1.20e-01
-3.53e-01
-9.94e-01
-5.55e-01
-5.71e-01
-5.96e-01
-2.65e-01
-9.28e-02
9.95e-01
5.64e-01
-5.75e-02
-7.18e-01
1.36e-01
-5.99e-01
-4.16e-01
6.50e-01
-9.84e-01
1.17e-01
-1.28e-01
6.10e-01
-1.50e-02
6.52e-01
9.57e-01
8.91e-01
-6.04e-01
-5.74e-01
6.60e-01
6.70e-01
5.79e-01
3.21e-01
-9.68e-02
3.56e-01
-3.96e-01
-8.10e-01
3.45e-01
5.30e-01
4.24e-01
-1.86e-01
-4.11e-01
7.41e-01
-7.87e-01
-1.41e-01
3.11e-01
3.23e-01
3.99e-01
3.64e-01
7.20e-02
-5.61e-01
1.32e-01
-1.04e-01
-7.89e-01
-2.17e-01
-3.75e-01
9.42e-01
1.75e-01
-5.37e-01
3.87e-02
-6.25e-01
-2.09e-01
1.03e-01
-2.54e-01
-6.04e-01
3.65e-01
3.11e-01
-6.74e-01
