-2.39e-01
-1.26e-01
7.75e-01
-9.02e-01
5.12e-01
-7.57e-01
-7.44e-01
9.48e-01
9.54e-01
3.27e-01
-3.29e-02
6.23e-01
-3.93e-01
1.45e-01
3.63e-01
6.46e-01
-5.01e-01
7.88e-01
2.27e-01
5.88e-01
-9.65e-01
4.75e-01
5.29e-01
4.33e-01
-5.35e-01
2.36e-01
-9.76e-01
2.69e-01
-9.88e-01
4.64e-01
-2.40e-01
-7.17e-01
-8.03e-01
4.14e-01
5.23e-01
5.06e-01
-6.22e-01
1.57e-01
-1.26e-01
-3.94e-02
1.12e-01
-5.05e-01
-7.54e-01
-7.04e-01
8.38e-01
9.15e-01
-3.20e-01
-4.85e-01
-8.36e-02
-5.61e-01
4.20e-01
-5.35e-01
-9.20e-01
-9.01e-01
-3.04e-01
-5.00e-01
-5.87e-01
7.46e-01
-7.60e-01
8.95e-01
-7.16e-01
-3.77e-01
-3.27e-01
8.59e-01
7.17e-01
2.70e-01
7.95e-01
8.80e-01
1.34e-01
9.98e-01
-1.73e-01
9.37e-01
-7.24e-01
7.95e-01
-2.09e-01
-4.15e-01
1.59e-01
-5.87e-01
-9.30e-01
-1.13e-01
-8.48e-01
-5.81e-01
2.38e-01
7.85e-01
-2.80e-01
2.72e-02
-4.68e-01
4.78e-01
2.63e-01
-2.30e-02
-2.77e-01
-3.78e-01
-2.14e-01
-8.57e-01
-9.11e-01
-2.92e-01
9.64e-01
3.20e-01
-3.53e-01
5.40e-01
-6.88e-01
1.74e-01
-8.69e-01
-1.43e-01
6.26e-01
-8.30e-01
2.85e-01
-5.83e-01
6.88e-02
9.14e-01
-7.55e-01
6.32e-02
-4.87e-01
7.02e-01
4.27e-01
-8.95e-01
6.73e-02
9.79e-01
6.99e-01
-9.53e-01
-1.79e-01
-1.61e-03
5.65e-01
1.85e-01
4.18e-02
-2.58e-01
1.28e-01
-1.04e-01
8.53e-01
-5.44e-01
-4.46e-01
-4.07e-01
4.67e-01
-8.73e-01
2.15e-01
-9.76e-02
3.38e-01
-6.99e-01
2.66e-01
-9.92e-01
4.18e-01
9.48e-01
-8.34e-01
-7.30e-01
6.06e-01
-2.33e-01
9.87e-01
7.59e-01
8.79e-01
-4.60e-01
-8.40e-01
-5.92e-01
9.02e-01
1.99e-01
-7.39e-01
-4.04e-01
4.76e-01
-2.33e-01
1.43e-01
6.97e-01
-7.63e-01
6.73e-01
-8.56e-01
3.89e-01
8.48e-01
2.69e-01
-4.27e-01
-9.47e-01
6.03e-01
2.78e-02
-1.55e-01
6.84e-01
7.53e-01
3.61e-01
2.10e-01
4.86e-01
-7.43e-01
9.62e-01
-7.84e-01
4.30e-01
2.69e-01
-8.18e-01
-9.67e-01
-4.13e-01
2.13e-01
4.52e-01
-5.34e-01
-7.89e-01
-5.27e-01
-9.66e-01
5.58e-01
7.37e-01
4.90e-01
2.74e-01
6.38e-01
2.60e-01
-8.14e-01
5.35e-01
-7.72e-01
1.85e-01
-6.76e-01
5.07e-01
-4.54e-01
-3.34e-01
6.01e-01
2.00e-01
-7.96e-01
1.47e-01
-7.07e-01
-7.82e-01
-8.71e-01
-7.43e-01
9.93e-01
6.17e-01
8.30e-02
-7.46e-01
7.64e-01
3.73e-01
-4.13e-01
2.70e-01
-3.39e-01
3.98e-01
-4.31e-01
1.25e-01
5.76e-01
-5.77e-01
9.70e-01
-8.42e-01
-4.53e-01
-5.12e-01
9.30e-01
4.37e-01
7.93e-02
5.38e-01
-1.26e-01
2.13e-01
9.46e-01
3.74e-01
-2.62e-01
-2.65e-01
3.74e-01
-3.74e-01
-2.26e-01
1.34e-01
6.12e-01
3.27e-01
-6.97e-01
2.18e-01
-5.51e-01
2.34e-01
-2.04e-01
-7.27e-01
-4.58e-01
9.77e-01
-6.42e-01
7.11e-01
7.34e-01
7.43e-01
7.85e-01
-6.15e-01
-9.68e-01
-9.72e-01
-1.92e-01
-6.12e-01
6.26e-01
