6.42e-01
-2.60e-01
-7.05e-01
-1.10e-01
3.53e-01
-9.37e-01
5.23e-01
1.60e-01
9.47e-01
5.50e-01
4.57e-01
6.27e-01
-9.19e-01
6.42e-01
1.38e-01
1.46e-02
7.26e-01
4.87e-01
-3.10e-01
6.86e-01
-7.18e-01
8.00e-01
5.35e-02
-4.07e-01
-9.68e-01
8.00e-01
8.75e-01
-1.03e-01
4.16e-01
2.85e-01
-5.38e-02
-1.81e-01
7.58e-01
4.35e-01
7.68e-01
3.70e-01
2.06e-01
-1.97e-01
1.63e-01
-4.93e-01
2.39e-02
-1.55e-01
1.65e-01
-7.92e-01
-4.20e-01
5.65e-01
-8.61e-01
3.39e-01
7.22e-01
-9.26e-01
5.34e-01
1.30e-02
8.04e-01
-8.68e-01
-2.67e-01
6.28e-01
8.55e-01
3.44e-01
-3.96e-01
-8.13e-01
1.73e-01
-5.05e-01
1.28e-01
-2.85e-01
-8.43e-01
1.87e-01
4.06e-01
-3.39e-01
-9.99e-01
-8.13e-01
-5.49e-02
-5.36e-01
-9.86e-01
-1.07e-01
-4.25e-02
9.36e-01
6.49e-01
-2.22e-01
-3.10e-01
-9.39e-01
-7.83e-01
-9.67e-01
-5.02e-01
2.96e-01
-2.03e-01
-1.87e-01
-6.94e-01
-7.03e-01
-6.30e-01
-2.57e-01
-9.84e-01
-6.82e-01
2.48e-01
6.83e-01
1.17e-01
-3.64e-01
-4.99e-01
-5.92e-01
-5.78e-01
-2.56e-01
-1.33e-01
2.98e-01
-1.28e-01
-8.14e-01
4.41e-01
-2.01e-01
-2.93e-01
5.09e-01
6.52e-01
-5.18e-01
3.49e-01
8.32e-01
-1.00e-01
-8.58e-01
6.96e-02
7.08e-01
5.30e-01
-7.17e-01
-2.91e-01
7.49e-01
-4.03e-02
9.84e-01
9.91e-01
8.99e-01
1.97e-01
-9.66e-01
-1.37e-01
3.80e-02
-8.69e-01
7.02e-01
-6.46e-02
-3.39e-01
2.67e-01
-7.60e-01
-2.53e-01
-9.70e-01
4.03e-01
5.01e-01
-6.63e-01
-9.03e-01
-5.78e-01
2.91e-01
-4.59e-01
1.57e-01
-7.91e-01
2.38e-01
-3.82e-01
4.79e-01
-4.48e-01
-5.00e-03
3.03e-01
-8.88e-01
-5.82e-01
4.62e-01
3.46e-02
-6.12e-02
1.10e-01
-4.28e-01
-6.80e-01
8.61e-01
7.58e-01
-1.93e-01
-8.37e-01
-1.86e-01
-8.83e-01
-4.26e-01
-7.39e-01
4.44e-01
-8.06e-01
8.71e-01
7.09e-01
8.75e-01
8.78e-01
-5.21e-01
7.17e-01
-7.02e-01
-9.87e-01
1.53e-03
6.98e-01
4.91e-01
7.54e-01
5.69e-01
-5.34e-02
-4.86e-01
-9.57e-01
2.82e-02
3.25e-01
8.57e-01
6.74e-01
-3.46e-01
-2.79e-01
-8.73e-01
4.31e-01
-4.17e-01
-9.72e-01
5.24e-01
-2.23e-01
1.30e-01
-8.70e-01
-2.27e-01
1.20e-01
-3.53e-01
-9.94e-01
-5.55e-01
-5.71e-01
-5.96e-01
-2.65e-01
-9.28e-02
9.95e-01
5.64e-01
3.80e-02
-7.18e-01
1.36e-01
-5.99e-01
-4.16e-01
6.50e-01
-9.84e-01
1.17e-01
-1.28e-01
6.10e-01
-1.50e-02
6.52e-01
9.57e-01
8.91e-01
-6.04e-01
-5.74e-01
6.60e-01
6.70e-01
5.79e-01
3.21e-01
-9.68e-02
3.56e-01
-3.96e-01
-8.10e-01
3.45e-01
5.30e-01
4.24e-01
-1.86e-01
-4.11e-01
7.41e-01
-7.87e-01
-1.41e-01
3.11e-01
3.23e-01
3.99e-01
3.64e-01
7.20e-02
-5.61e-01
1.32e-01
-1.04e-01
-7.89e-01
-2.17e-01
-3.75e-01
9.42e-01
1.75e-01
-5.37e-01
3.87e-02
-6.25e-01
-2.09e-01
1.03e-01
-2.54e-01
-6.04e-01
3.65e-01
3.11e-01
-6.74e-01
