-3.54e-01
5.73e-01
-9.56e-01
1.60e-01
-9.86e-02
-5.81e-01
-1.85e-01
-6.93e-01
-5.28e-01
5.59e-01
8.95e-01
9.95e-01
6.87e-02
-1.63e-01
1.07e-02
-3.56e-01
-2.08e-01
4.86e-01
-4.67e-01
-1.90e-02
-9.75e-01
-5.18e-02
4.20e-01
-1.77e-01
-1.50e-01
-6.43e-01
8.38e-01
9.87e-01
2.64e-01
3.37e-01
-5.65e-01
7.69e-01
-1.67e-02
-4.42e-01
7.20e-01
-8.69e-01
6.45e-01
-3.84e-01
7.37e-01
-6.95e-01
6.59e-01
-6.24e-02
-2.59e-01
-1.89e-01
1.01e-01
7.05e-01
3.49e-01
4.77e-02
5.31e-02
8.19e-01
-3.41e-01
6.09e-02
-6.79e-01
7.11e-01
3.70e-02
3.20e-01
4.00e-01
-6.22e-01
8.27e-01
-6.10e-01
-5.91e-01
1.23e-01
-2.68e-01
-4.33e-01
-2.45e-01
5.95e-01
2.53e-01
7.23e-01
-9.73e-01
8.14e-01
-4.96e-01
1.79e-01
-9.29e-01
7.68e-01
4.44e-01
-3.05e-01
-5.10e-01
-5.50e-01
7.50e-02
-7.29e-01
2.69e-01
4.55e-01
6.58e-01
-8.65e-01
9.43e-02
-4.13e-01
-7.88e-01
5.96e-01
3.89e-01
-7.89e-01
8.34e-01
1.19e-01
-9.03e-01
6.20e-01
6.88e-01
-3.77e-01
7.44e-01
-3.53e-01
4.35e-01
-4.86e-01
3.00e-01
6.09e-01
-8.11e-01
-4.83e-01
2.44e-01
6.88e-01
-5.78e-01
-9.41e-01
-6.22e-01
-8.55e-01
-2.04e-01
7.97e-01
-4.03e-01
-4.79e-01
4.41e-01
-7.52e-01
9.43e-01
6.43e-01
7.58e-01
-8.03e-01
7.60e-01
-1.92e-01
-4.11e-01
8.17e-01
1.64e-01
5.73e-01
-5.14e-02
-9.34e-01
-6.96e-01
-9.76e-01
-3.14e-01
9.69e-01
9.49e-01
-5.67e-01
7.71e-01
-5.96e-01
-2.38e-01
8.73e-01
5.53e-01
4.56e-01
-4.68e-01
-1.26e-01
-2.47e-02
5.29e-01
-4.01e-02
-9.44e-01
1.46e-01
-1.80e-02
1.04e-01
6.23e-01
-5.01e-01
1.36e-01
6.65e-02
-7.31e-01
6.00e-01
9.96e-01
4.21e-01
-1.85e-01
4.42e-01
-3.02e-01
-7.91e-01
-1.77e-01
-1.86e-01
4.08e-01
-3.54e-01
-6.76e-01
-9.30e-01
-5.04e-01
3.79e-01
-1.25e-01
9.94e-02
6.14e-01
8.68e-02
-5.01e-01
8.98e-01
-4.20e-01
5.21e-01
9.07e-01
9.34e-02
4.70e-02
-4.94e-01
3.80e-02
-1.27e-01
-2.87e-01
3.12e-01
1.74e-01
-5.29e-01
-3.63e-01
-4.69e-01
5.21e-01
2.33e-01
5.65e-01
6.20e-01
7.15e-01
-3.10e-01
6.72e-01
3.93e-01
8.35e-01
4.18e-01
1.18e-01
1.42e-02
3.79e-01
6.55e-01
-2.13e-01
2.46e-01
5.20e-01
-2.04e-01
3.84e-01
3.68e-01
1.98e-01
-5.00e-01
7.70e-01
-2.13e-02
-6.99e-01
-3.57e-01
-2.09e-01
-3.87e-02
-4.53e-01
7.89e-01
-4.83e-02
2.63e-01
-7.53e-01
3.44e-01
7.55e-01
-8.80e-01
2.79e-01
1.69e-01
-9.83e-01
-8.23e-01
-1.65e-01
3.13e-01
-6.36e-01
-7.05e-01
-1.70e-01
8.61e-01
-1.68e-01
-8.08e-03
8.48e-01
4.10e-01
3.51e-01
2.90e-02
4.93e-01
-8.20e-01
6.70e-01
1.93e-01
-3.79e-01
-9.81e-01
2.28e-01
-2.75e-03
-9.06e-01
6.53e-01
-1.65e-02
-4.88e-01
5.30e-01
2.52e-01
-3.86e-01
4.87e-01
-1.97e-01
-8.16e-01
5.94e-01
-6.33e-01
4.86e-01
-2.61e-01
6.89e-02
1.48e-01
