6.94e-01
6.83e-01
4.86e-01
4.76e-01
-5.06e-01
-6.81e-01
-7.72e-01
8.60e-01
9.30e-01
-1.93e-01
-8.53e-01
-7.00e-01
6.08e-01
-5.92e-02
4.28e-01
-9.51e-01
-5.07e-01
-6.41e-02
-2.16e-01
4.72e-01
-4.18e-01
-1.73e-01
-5.52e-01
4.82e-01
-3.28e-01
3.80e-01
-9.50e-01
-7.80e-01
-6.49e-02
7.98e-01
6.13e-01
6.59e-01
1.88e-01
3.70e-01
-3.13e-01
7.65e-01
-7.82e-01
8.87e-01
-8.22e-01
5.52e-01
-2.89e-01
9.65e-01
1.91e-01
6.44e-02
3.67e-02
5.86e-01
5.24e-01
-7.47e-01
-4.55e-01
-1.96e-01
3.03e-01
-5.50e-01
7.88e-01
9.38e-01
-3.24e-01
-4.05e-01
-4.03e-01
-9.60e-01
6.73e-02
-1.26e-01
8.26e-01
-5.82e-01
-3.01e-01
-1.66e-01
-1.31e-01
6.70e-01
-8.04e-01
-5.00e-01
9.95e-01
-1.49e-01
-8.38e-01
8.59e-01
-7.97e-01
2.90e-01
3.71e-01
3.72e-01
7.66e-01
-2.03e-01
-3.08e-01
-3.04e-01
6.16e-01
8.10e-01
-7.89e-01
2.18e-01
2.46e-01
1.24e-01
3.86e-01
9.29e-01
5.10e-01
7.38e-02
3.34e-01
-2.59e-01
3.58e-01
7.08e-01
8.51e-01
9.29e-02
-2.00e-02
-7.05e-01
-5.91e-01
4.64e-01
-8.19e-01
8.48e-01
-5.09e-01
2.95e-01
9.55e-01
-7.61e-01
-5.37e-01
6.22e-01
-8.11e-01
5.93e-01
5.10e-01
3.82e-01
-9.14e-01
-3.35e-01
-6.70e-01
-9.34e-01
-4.71e-01
7.84e-01
5.12e-04
-9.35e-01
6.79e-01
-9.03e-01
-4.15e-01
7.86e-01
-6.51e-01
2.50e-01
6.94e-01
-1.33e-01
-1.92e-01
2.43e-02
-6.96e-01
1.19e-01
-3.40e-01
3.87e-01
6.33e-01
5.81e-01
8.39e-01
-4.58e-02
-2.70e-01
5.16e-01
-5.77e-01
3.56e-01
1.07e-01
-8.46e-01
-5.53e-01
-4.59e-01
-3.45e-03
7.50e-01
2.80e-01
6.00e-01
-1.12e-01
7.15e-02
6.92e-01
8.71e-02
5.03e-01
-8.98e-01
4.33e-01
-8.16e-01
3.49e-01
3.69e-01
1.21e-01
-7.02e-01
4.31e-01
-3.94e-01
-4.80e-01
8.06e-01
4.14e-01
4.70e-01
7.98e-01
7.93e-01
-7.36e-01
7.35e-01
-9.42e-01
-9.87e-01
-2.62e-01
-7.82e-01
-9.00e-01
5.75e-01
7.85e-01
-3.05e-01
-3.84e-01
-1.91e-01
-2.70e-01
-3.92e-01
-6.64e-01
3.69e-01
-3.49e-02
-1.03e-01
-8.97e-01
-2.45e-01
-3.33e-02
7.48e-01
-4.21e-01
-3.89e-01
-8.32e-02
3.99e-01
-1.71e-01
9.67e-01
6.68e-02
-3.04e-01
3.79e-01
-8.37e-01
-2.57e-02
-4.76e-01
7.88e-01
7.50e-01
1.54e-01
-7.66e-01
-9.97e-01
8.30e-01
-8.71e-01
-4.07e-01
-8.66e-01
5.27e-01
-6.28e-02
-7.23e-01
-6.40e-01
-4.63e-01
1.39e-01
-6.00e-01
9.38e-02
-4.05e-01
5.00e-01
-7.21e-01
4.48e-01
6.80e-02
-4.51e-01
-3.38e-02
-4.37e-01
1.57e-01
-1.34e-01
5.95e-01
2.13e-01
-3.95e-01
-9.45e-01
-9.58e-01
3.07e-01
9.57e-01
-2.33e-02
8.96e-01
-5.00e-01
-1.55e-01
7.18e-01
1.80e-01
6.96e-01
9.09e-02
-7.00e-01
2.71e-01
8.89e-01
-8.03e-02
-5.37e-01
-5.97e-01
3.50e-01
-7.22e-01
-9.56e-01
4.26e-02
5.45e-01
-1.57e-01
1.78e-01
2.51e-01
8.17e-01
7.52e-01
-6.30e-02
6.89e-01
-2.82e-01
