8.90e-01
-6.98e-02
-5.25e-01
3.28e-02
-3.04e-01
-9.08e-01
-4.01e-01
6.39e-01
1.39e-01
-9.27e-01
-7.56e-02
-4.61e-01
-6.69e-01
-9.41e-01
6.45e-01
6.09e-02
-1.71e-01
-3.81e-01
-1.95e-01
5.16e-01
5.11e-01
-5.35e-01
7.25e-01
6.06e-01
4.92e-01
9.09e-01
5.98e-01
-2.88e-01
-2.34e-01
-2.30e-01
5.50e-01
8.92e-01
6.81e-01
-8.04e-01
9.53e-01
-3.17e-01
-2.11e-01
-1.87e-01
3.80e-01
8.55e-01
-9.95e-01
1.65e-01
-5.37e-02
-1.27e-01
5.85e-01
-7.41e-02
-3.33e-01
1.52e-01
7.52e-01
9.49e-01
-7.33e-01
-2.34e-01
-3.07e-01
5.54e-01
3.22e-01
5.31e-01
7.90e-01
5.33e-02
1.42e-01
-3.36e-01
-3.28e-01
-6.50e-01
-8.95e-01
2.05e-01
7.80e-01
3.38e-02
-3.44e-01
5.22e-01
-6.07e-01
9.75e-01
-9.21e-02
2.26e-01
-1.80e-01
-3.17e-01
-1.82e-01
-6.12e-01
9.77e-01
-4.02e-01
5.06e-01
7.60e-01
-8.90e-01
3.00e-01
-1.70e-01
9.45e-01
-7.38e-01
-9.04e-01
-9.95e-01
-8.38e-01
9.40e-01
-2.55e-01
-7.58e-01
-5.68e-01
-9.22e-01
9.10e-01
-2.35e-01
3.53e-01
1.99e-01
-1.57e-01
6.78e-01
-9.81e-01
-2.69e-01
-3.92e-02
-8.38e-01
-9.40e-01
9.49e-01
4.44e-01
9.92e-01
5.40e-01
4.74e-01
-8.78e-01
7.14e-01
9.05e-01
1.52e-01
-9.50e-01
4.40e-01
7.36e-01
1.84e-01
-9.77e-01
9.01e-01
5.82e-01
-9.44e-01
-9.56e-01
6.57e-02
7.77e-02
-9.69e-01
-4.36e-01
5.07e-01
-7.94e-01
-6.96e-02
-7.24e-01
-6.08e-01
-7.08e-01
-1.85e-01
6.95e-01
3.43e-01
8.42e-01
1.93e-01
9.98e-01
3.80e-01
2.39e-01
9.25e-02
4.14e-01
-9.42e-01
8.71e-01
-7.84e-01
4.70e-01
-7.26e-01
-4.32e-01
1.61e-01
-1.36e-01
6.43e-01
2.98e-01
7.68e-01
3.85e-01
-6.87e-01
8.81e-01
3.42e-01
-3.43e-01
-1.88e-01
-4.27e-01
7.01e-03
-5.24e-01
4.61e-01
-5.98e-01
6.93e-01
1.86e-01
-4.95e-03
3.70e-01
-2.29e-01
5.94e-01
-5.26e-01
8.63e-01
-5.87e-01
1.87e-01
6.12e-01
8.13e-01
-4.54e-01
-2.16e-01
-5.78e-01
-3.32e-01
-4.88e-01
-4.28e-01
3.92e-02
7.47e-01
-7.58e-01
2.06e-01
-9.17e-01
-3.73e-04
-1.26e-01
-8.07e-01
-2.33e-01
2.18e-01
5.36e-01
-1.90e-01
-5.23e-01
-1.53e-01
-2.66e-01
-4.37e-02
-7.26e-01
-2.66e-01
4.01e-02
-7.21e-01
-6.09e-01
8.10e-01
2.52e-01
9.12e-01
3.04e-01
-7.22e-02
8.50e-01
2.45e-01
-7.63e-01
-5.77e-01
-9.73e-01
-9.15e-01
-6.43e-01
-8.34e-01
-1.21e-01
-6.13e-01
-4.98e-01
-6.40e-01
2.47e-01
9.67e-01
-1.14e-01
7.44e-02
2.73e-01
2.00e-01
-8.04e-01
7.98e-01
-2.55e-01
2.47e-01
6.45e-01
-8.11e-01
1.32e-01
9.67e-01
-1.17e-02
-7.79e-01
1.69e-01
6.54e-01
6.97e-01
-3.31e-02
-6.51e-01
3.86e-01
3.95e-01
9.62e-01
8.16e-01
-2.35e-01
8.20e-01
8.65e-01
5.51e-01
-1.68e-01
-6.30e-01
-8.69e-01
4.97e-01
4.97e-01
-5.58e-03
5.20e-01
-6.30e-01
-6.18e-01
-5.60e-01
-1.03e-01
2.40e-03
-8.14e-02
-1.61e-02
6.08e-01
1.37e-03
