-8.65e-01
7.57e-02
5.11e-01
-7.66e-01
-5.57e-01
-7.82e-01
-8.32e-01
-4.02e-01
-5.63e-01
6.41e-01
-2.51e-01
-8.97e-01
3.77e-01
2.83e-01
-9.74e-01
1.35e-01
4.68e-01
-4.78e-01
3.54e-01
-1.90e-02
-8.04e-01
-6.34e-01
-2.74e-03
-6.69e-01
-2.81e-01
3.72e-01
9.17e-02
-8.07e-01
-6.34e-01
-2.85e-01
5.13e-01
5.16e-01
-3.50e-01
2.94e-01
-1.43e-01
-9.85e-01
6.38e-01
4.61e-01
4.69e-03
9.17e-01
-5.34e-01
-3.56e-01
-6.00e-01
-6.33e-01
2.42e-01
-1.26e-01
-2.70e-01
-6.77e-03
2.93e-02
-7.21e-01
2.63e-01
-7.02e-02
-9.56e-01
4.29e-02
-4.99e-01
8.52e-01
-6.99e-01
-1.68e-01
6.28e-01
-7.24e-01
1.46e-01
-9.85e-01
7.04e-01
-7.87e-01
6.44e-01
6.70e-01
-4.02e-02
3.97e-01
2.49e-01
5.28e-01
-4.96e-01
3.25e-01
-4.99e-01
4.24e-01
-3.20e-01
-8.07e-02
6.23e-01
-4.18e-01
-5.29e-02
-8.05e-01
9.02e-01
-7.21e-01
7.99e-01
-3.09e-01
-1.25e-02
-1.49e-01
1.31e-01
-5.50e-01
-5.80e-02
5.79e-01
-5.52e-01
9.84e-01
5.24e-01
4.97e-01
-9.43e-01
-7.85e-01
-7.07e-01
6.05e-01
-7.29e-01
-3.75e-01
3.89e-01
-8.15e-01
-6.45e-01
3.32e-01
-6.68e-01
8.34e-01
1.88e-01
-7.25e-01
3.94e-01
-1.77e-01
-2.52e-01
-2.59e-01
4.22e-01
-1.29e-01
-8.68e-01
-2.16e-01
9.99e-01
1.10e-01
9.61e-01
-8.02e-01
-1.25e-01
-9.70e-01
5.05e-01
1.14e-01
-3.52e-01
-9.55e-01
2.04e-01
5.27e-01
-7.10e-01
-2.88e-01
-3.93e-01
2.29e-01
5.76e-01
-5.31e-01
-8.95e-02
-8.86e-02
-9.66e-01
-6.64e-01
7.04e-01
6.84e-01
6.87e-01
-2.04e-02
-2.80e-01
6.86e-01
3.21e-01
4.97e-01
6.12e-01
2.25e-01
2.76e-02
-5.87e-01
-7.33e-02
-9.87e-01
7.79e-01
9.41e-01
8.96e-02
-2.55e-01
-4.27e-01
6.33e-01
4.78e-01
-9.03e-01
5.47e-01
-5.54e-01
6.08e-01
5.02e-01
6.94e-01
9.98e-01
2.51e-01
-4.96e-01
4.18e-01
-4.26e-02
3.37e-01
9.83e-01
-1.35e-01
-8.07e-02
-6.27e-01
6.87e-01
-3.67e-01
7.83e-01
9.83e-01
4.44e-02
-9.88e-01
-2.24e-01
-3.89e-01
9.03e-01
4.66e-01
-3.15e-01
-8.94e-01
7.49e-01
-2.23e-01
9.05e-01
1.20e-01
2.83e-01
-3.39e-01
-6.34e-01
2.18e-01
-9.40e-01
6.80e-01
4.98e-02
6.24e-01
4.66e-01
6.21e-01
2.15e-01
2.00e-01
4.18e-01
-7.22e-01
-2.96e-01
-7.58e-01
-2.67e-02
4.07e-01
-8.18e-01
-7.83e-01
-6.91e-02
4.60e-01
4.48e-01
-2.26e-01
-2.10e-01
8.04e-01
7.08e-01
4.99e-01
-1.67e-01
-4.06e-01
4.49e-01
8.80e-01
-3.44e-01
2.24e-01
-8.91e-01
1.54e-01
1.87e-01
5.50e-01
3.82e-01
-1.95e-01
-1.78e-01
8.67e-01
3.99e-01
8.94e-01
4.97e-01
-3.48e-01
5.96e-01
6.71e-01
-3.99e-02
6.53e-01
-5.10e-01
-3.15e-01
-4.31e-01
-2.12e-01
4.28e-01
-6.96e-01
-4.40e-01
9.29e-01
-8.64e-01
-9.32e-01
-8.28e-01
-4.25e-01
4.02e-02
-4.41e-01
-9.85e-01
1.06e-01
-1.72e-01
1.47e-01
-8.91e-01
-7.21e-01
8.66e-01
-2.58e-01
7.45e-01
3.47e-01
