2.13e-01
7.68e-01
-9.02e-01
9.06e-01
-3.78e-01
-1.91e-01
8.42e-01
9.45e-01
-1.92e-02
-8.24e-01
1.70e-01
-3.38e-01
8.75e-02
5.27e-01
4.24e-01
-7.98e-01
9.57e-01
3.02e-01
-6.17e-01
1.64e-01
-7.28e-01
2.09e-02
-3.16e-01
-2.78e-01
5.37e-01
-9.69e-02
-4.02e-01
6.86e-01
1.26e-01
9.30e-01
2.24e-01
6.02e-01
2.48e-02
8.57e-01
-4.82e-01
8.23e-01
7.29e-01
5.09e-01
7.12e-01
-8.00e-01
9.86e-01
1.83e-01
-2.07e-01
2.19e-01
-8.62e-01
-3.64e-01
-8.31e-02
8.18e-01
-3.93e-01
-5.88e-01
5.43e-01
-6.38e-01
6.11e-01
9.80e-01
7.99e-01
-4.66e-01
5.78e-01
-2.69e-02
-2.53e-01
-2.66e-01
-6.64e-01
8.91e-01
-8.42e-01
-1.12e-01
4.97e-01
-5.65e-01
8.71e-01
1.38e-03
2.83e-02
6.72e-01
-4.65e-01
3.03e-01
8.43e-01
6.50e-01
2.83e-01
-7.63e-01
2.83e-01
7.01e-01
-2.36e-01
8.91e-01
3.64e-01
-4.98e-01
8.44e-01
5.25e-01
3.23e-02
6.32e-01
-2.06e-01
5.37e-01
4.18e-01
-9.13e-01
-7.87e-02
8.52e-02
-6.48e-01
7.52e-01
-7.93e-01
8.37e-01
7.05e-01
-2.80e-01
-5.35e-01
-4.03e-01
3.46e-01
7.39e-01
2.83e-01
5.83e-01
3.27e-01
-1.12e-02
-3.89e-01
3.86e-02
-2.36e-01
-2.00e-01
-2.27e-01
-6.09e-01
4.23e-01
-1.70e-02
-5.98e-01
-8.56e-01
8.19e-01
4.32e-01
8.90e-01
6.00e-02
3.83e-01
8.32e-01
-5.30e-02
9.28e-01
-5.92e-01
-3.12e-01
-1.80e-01
1.36e-01
-7.88e-02
1.22e-01
-2.01e-01
5.25e-01
-3.82e-01
-9.89e-01
-4.43e-01
9.32e-01
4.65e-01
-8.06e-01
-7.17e-01
-5.63e-01
4.71e-01
-4.12e-01
-7.71e-01
-7.44e-01
5.85e-01
5.92e-01
-1.58e-01
-7.27e-01
7.27e-01
-2.59e-01
9.11e-01
-6.20e-01
-4.02e-01
3.03e-01
4.65e-01
7.69e-02
-5.37e-01
-7.19e-01
3.98e-01
-3.51e-01
-4.54e-01
2.95e-01
6.98e-01
9.07e-03
-1.45e-01
8.34e-01
3.08e-01
2.22e-01
5.17e-01
-2.16e-01
1.60e-01
6.62e-01
6.24e-02
4.18e-01
7.49e-01
-3.12e-01
3.47e-01
-7.03e-01
-6.45e-01
2.01e-01
-9.31e-01
6.30e-01
1.01e-01
-7.95e-01
-3.37e-01
8.43e-01
6.52e-01
8.74e-01
3.09e-01
9.53e-01
-8.72e-01
9.41e-01
5.02e-01
2.06e-01
2.35e-01
-4.20e-01
9.19e-01
2.79e-01
-4.38e-01
-7.64e-02
4.50e-01
-5.07e-01
-5.22e-01
8.64e-01
8.65e-01
3.71e-01
4.53e-01
-2.42e-01
-6.01e-02
-7.36e-01
-9.86e-01
1.32e-01
5.58e-01
3.32e-01
2.55e-01
-9.68e-01
7.07e-01
-6.21e-01
6.43e-01
6.69e-01
6.80e-01
-6.96e-01
-1.77e-01
9.61e-01
6.28e-01
3.73e-01
7.91e-01
-3.46e-01
9.31e-01
-1.72e-01
-4.63e-01
-9.90e-01
-1.07e-01
1.97e-01
-9.22e-01
1.86e-01
5.02e-01
8.27e-01
7.63e-01
-4.73e-01
2.48e-01
-1.05e-01
2.55e-01
-8.01e-01
-8.38e-02
-1.71e-01
1.39e-01
-5.79e-01
-7.19e-02
-7.19e-02
-6.44e-01
-9.26e-01
-6.37e-01
1.03e-01
-3.78e-01
1.17e-01
2.71e-01
9.26e-01
-2.64e-01
7.21e-01
1.05e-01
-4.36e-01
3.90e-01
-1.95e-01
-9.57e-01
