5.63e-01
6.91e-01
-4.70e-01
5.74e-01
4.27e-01
1.48e-01
6.59e-01
-6.01e-01
8.53e-01
-6.64e-01
5.06e-01
1.79e-02
-4.98e-01
-4.65e-01
-2.57e-01
-2.54e-01
6.34e-01
-7.76e-01
2.10e-01
-1.50e-02
6.09e-01
6.29e-01
-1.02e-01
2.74e-01
2.91e-01
-7.86e-01
2.25e-02
4.16e-01
-5.94e-01
-7.44e-01
6.16e-01
-1.44e-01
-2.61e-01
-1.79e-01
-5.97e-01
3.43e-01
7.53e-02
2.56e-01
3.00e-01
9.27e-01
-1.12e-01
-1.35e-01
-9.24e-01
5.22e-01
5.46e-01
1.16e-01
9.15e-01
5.99e-01
8.64e-01
-4.67e-01
-8.74e-01
4.11e-01
3.64e-03
-8.34e-02
-1.80e-02
-5.89e-01
5.05e-01
9.26e-01
7.38e-01
-8.22e-01
3.10e-03
7.57e-01
-3.01e-01
-5.28e-01
-1.79e-01
6.48e-01
5.80e-01
7.47e-01
1.22e-01
-1.74e-01
4.44e-02
-6.53e-02
1.90e-01
8.53e-01
-9.50e-01
3.64e-01
-6.53e-04
9.43e-01
9.58e-01
-1.28e-01
3.70e-02
8.06e-01
7.12e-01
-6.92e-01
3.82e-02
-4.64e-01
-9.15e-01
-1.18e-01
-8.43e-01
3.64e-01
7.79e-04
-1.46e-01
-4.08e-01
1.16e-01
9.63e-01
6.49e-01
6.17e-01
-8.06e-01
6.37e-01
-9.75e-01
-6.51e-01
-7.89e-01
-4.64e-01
9.59e-01
3.86e-01
-9.76e-01
-3.42e-01
-4.99e-01
-8.89e-02
2.74e-01
-7.48e-01
1.64e-01
-1.79e-01
-1.26e-02
-9.74e-01
-5.96e-01
-2.88e-01
-7.30e-01
9.18e-01
-2.25e-01
-3.54e-01
-8.88e-01
4.53e-01
3.52e-02
6.86e-01
-1.18e-01
1.16e-01
-4.64e-01
3.83e-01
5.74e-01
3.89e-01
4.14e-01
-9.58e-01
9.28e-01
5.50e-01
3.52e-02
-6.21e-01
-3.77e-01
-8.73e-01
6.23e-01
-9.87e-01
5.87e-01
-9.83e-01
1.15e-01
-4.49e-01
8.79e-01
-1.26e-01
8.87e-01
2.73e-01
3.32e-01
4.44e-01
2.53e-01
-1.72e-01
4.35e-01
8.40e-01
-1.58e-02
-2.75e-01
7.24e-01
-2.22e-01
-1.08e-01
-5.28e-01
-8.76e-01
-6.38e-01
5.22e-01
1.27e-01
-1.77e-01
-9.57e-02
3.24e-01
-6.57e-02
5.64e-01
-5.80e-01
1.53e-01
3.01e-01
2.56e-01
3.56e-01
9.21e-01
-1.53e-01
-8.15e-01
6.14e-01
-4.92e-01
-1.17e-01
5.39e-01
1.93e-01
-3.96e-01
-1.00e+00
-5.19e-02
4.01e-01
6.49e-01
8.89e-01
8.95e-01
-3.28e-01
2.44e-01
-3.62e-01
7.42e-01
-6.84e-01
4.02e-01
2.71e-01
-8.01e-01
-6.37e-01
3.79e-01
-4.35e-01
-5.50e-01
1.10e-01
8.35e-01
-9.31e-01
4.53e-01
4.01e-01
-8.86e-01
-5.95e-01
5.33e-01
6.92e-01
7.96e-01
7.33e-01
7.17e-01
-6.71e-01
6.38e-01
1.27e-01
-6.67e-01
8.87e-03
-5.14e-01
2.56e-01
-7.44e-01
-4.10e-01
-8.43e-02
-2.97e-01
-9.40e-01
7.99e-01
-7.38e-01
-1.64e-01
-7.56e-01
-5.39e-01
9.38e-02
5.78e-01
-5.52e-01
-1.96e-01
-9.94e-02
-8.48e-01
5.49e-01
5.36e-01
4.16e-01
-1.45e-01
1.53e-01
7.66e-01
6.57e-01
6.01e-01
-8.76e-01
-8.51e-02
-3.27e-01
4.30e-01
-7.83e-01
-1.80e-01
-9.00e-01
7.06e-01
3.69e-01
-3.51e-01
5.72e-01
4.37e-01
-7.86e-01
9.69e-02
8.97e-01
-4.58e-01
-1.67e-01
-1.44e-01
2.25e-01
9.91e-01
