5.16e-01
6.30e-01
1.49e-01
-1.02e-01
-3.97e-01
-6.20e-01
1.50e-01
2.43e-01
5.32e-01
-1.15e-01
9.49e-01
-7.57e-01
6.07e-01
-3.64e-01
-7.82e-01
-9.55e-01
-8.87e-01
-1.78e-01
5.86e-01
-4.65e-01
8.29e-01
7.44e-01
5.61e-02
1.22e-01
9.36e-01
1.98e-01
6.58e-01
2.46e-01
5.01e-02
7.36e-01
-5.93e-02
1.77e-01
-6.97e-01
1.84e-01
2.58e-01
5.48e-01
-2.83e-01
-9.29e-01
-8.28e-01
-4.06e-01
9.44e-01
-8.91e-01
4.71e-01
6.03e-01
-4.33e-01
-5.27e-01
-6.26e-01
-1.22e-01
3.30e-01
4.05e-01
6.72e-01
5.60e-01
2.20e-01
-9.65e-01
9.44e-01
-9.31e-01
-3.74e-02
-7.84e-01
3.50e-01
-8.88e-01
4.83e-01
2.09e-01
-5.97e-01
-1.55e-01
-8.82e-01
1.39e-01
-4.49e-01
1.80e-02
5.16e-01
-1.43e-01
5.72e-01
1.91e-01
7.46e-01
-1.30e-01
3.50e-01
1.92e-01
2.44e-01
-5.99e-01
2.00e-02
-9.24e-02
6.56e-01
5.56e-01
-2.88e-01
8.36e-01
-4.94e-02
-2.29e-02
-9.25e-01
2.31e-01
-2.39e-01
-3.01e-01
-5.75e-01
-4.35e-01
-7.96e-01
-5.71e-02
-6.46e-01
-6.15e-02
6.03e-01
-3.59e-01
-7.17e-01
7.67e-01
-9.06e-02
7.55e-01
-4.34e-01
2.95e-01
-1.17e-01
7.76e-01
-1.20e-01
4.36e-01
-2.09e-01
6.03e-01
-1.68e-01
3.56e-01
-2.06e-01
4.39e-01
9.45e-01
8.34e-02
-9.96e-01
2.69e-01
-8.47e-01
-5.96e-01
-1.05e-02
-2.72e-01
7.83e-01
5.06e-01
1.04e-01
-2.59e-02
-3.35e-02
8.65e-01
-1.62e-01
-9.76e-01
1.64e-01
-6.27e-01
8.32e-01
-6.86e-01
-8.83e-01
-2.84e-02
6.41e-01
5.87e-01
2.15e-01
-3.57e-01
-1.12e-01
-2.15e-01
-7.24e-01
-4.31e-01
-3.97e-01
-6.19e-01
4.13e-01
-3.96e-01
-7.82e-01
-1.63e-01
4.93e-01
4.96e-01
-1.77e-01
7.43e-02
-7.83e-02
7.76e-01
-8.65e-01
4.21e-01
8.06e-01
-2.20e-01
5.41e-03
-1.99e-01
-7.84e-01
5.42e-01
-7.82e-01
8.81e-01
-8.39e-01
8.53e-01
-1.79e-01
6.06e-01
-9.25e-01
1.09e-01
7.36e-01
1.76e-01
-3.05e-01
-3.92e-02
-3.09e-01
9.32e-01
7.14e-01
-6.56e-01
9.40e-03
5.03e-01
-6.93e-01
-9.99e-02
-7.77e-01
-3.60e-01
-8.70e-01
-2.90e-01
1.05e-01
-1.38e-01
9.76e-01
-7.64e-01
9.11e-03
6.38e-01
7.89e-02
9.57e-01
-6.15e-01
2.23e-01
-9.22e-01
-7.58e-01
-6.22e-01
5.12e-01
7.92e-01
-3.57e-02
3.57e-02
5.57e-01
-6.12e-01
-1.56e-02
-7.59e-01
-6.73e-01
-4.20e-01
-2.57e-01
-6.42e-01
8.72e-01
-8.21e-01
-1.88e-01
-3.75e-01
8.89e-01
-9.54e-02
-1.12e-01
3.00e-01
-4.37e-01
8.74e-01
6.47e-02
2.01e-01
4.71e-01
-5.65e-01
7.88e-01
4.57e-01
-1.46e-01
4.93e-01
-4.99e-03
-2.77e-01
-2.24e-01
5.65e-01
-5.75e-02
-6.43e-01
5.44e-01
-9.50e-02
4.51e-01
-7.82e-01
7.48e-01
1.80e-01
-8.53e-01
3.88e-01
5.86e-01
-9.63e-01
9.84e-01
-6.42e-02
-7.53e-01
-1.41e-03
4.81e-01
4.60e-01
9.03e-01
2.85e-02
-8.71e-02
9.70e-01
-7.67e-01
9.55e-01
-5.11e-01
-7.31e-01
-5.18e-01
8.22e-01
4.61e-02
-5.11e-01
