2.61e-01
-5.50e-01
3.70e-01
7.79e-01
-1.94e-01
7.04e-01
-1.18e-01
-4.79e-01
-6.53e-01
-9.87e-01
2.03e-01
8.91e-01
-8.77e-01
-7.17e-01
-2.16e-02
2.25e-01
1.40e-02
1.41e-01
-9.96e-01
-1.66e-01
-8.38e-01
-7.89e-01
6.42e-03
-9.40e-01
-5.83e-01
-8.11e-01
4.10e-01
6.98e-01
5.64e-01
2.93e-01
1.00e+00
4.23e-03
8.32e-01
2.43e-01
8.40e-01
-3.64e-01
2.33e-01
-1.04e-01
-7.53e-02
4.86e-01
6.12e-01
1.49e-01
8.01e-01
4.40e-01
-8.85e-01
4.60e-01
1.74e-01
-6.69e-01
-9.51e-01
3.59e-01
-9.00e-01
-3.31e-01
-8.41e-01
7.01e-01
6.72e-01
-6.85e-01
-9.27e-01
5.09e-01
7.42e-01
1.47e-01
-2.22e-01
-1.08e-01
1.77e-01
5.37e-01
7.10e-02
4.41e-01
4.58e-01
-8.37e-01
4.87e-01
-9.76e-01
-5.07e-01
-7.87e-01
4.28e-01
8.69e-01
-6.25e-01
-8.44e-01
-2.72e-01
-9.18e-03
-4.44e-01
-9.13e-01
-5.93e-01
-7.26e-01
3.76e-01
-1.81e-03
2.11e-01
-9.72e-01
8.67e-01
1.32e-01
-6.48e-01
6.22e-01
-3.09e-02
-1.47e-01
9.43e-01
9.14e-01
-9.14e-01
-6.22e-01
-8.96e-01
3.50e-01
-2.98e-02
8.31e-01
1.03e-01
2.69e-01
-9.78e-01
-7.33e-01
-8.54e-01
-8.25e-01
-8.32e-02
7.79e-01
5.45e-01
4.27e-01
9.22e-01
3.33e-01
8.33e-01
6.55e-01
-1.21e-01
-4.92e-02
-2.45e-01
-5.33e-02
-5.58e-01
9.90e-02
1.35e-01
3.04e-01
-1.69e-01
3.15e-01
-5.24e-01
7.25e-01
6.81e-01
6.48e-01
-9.78e-01
9.05e-02
-9.34e-01
-8.93e-01
-6.97e-01
-5.14e-01
-8.88e-01
1.59e-01
-6.18e-02
-1.91e-01
4.41e-01
-2.67e-01
-3.24e-01
4.67e-01
1.78e-01
-7.60e-01
8.26e-01
4.85e-01
-4.53e-02
9.84e-01
-8.66e-01
-4.34e-01
-7.36e-01
-6.50e-01
-2.22e-01
1.06e-01
8.85e-01
1.35e-01
6.10e-02
2.98e-01
-2.05e-01
4.43e-01
7.98e-01
-4.62e-01
-1.11e-01
8.93e-03
4.89e-02
-8.80e-01
2.88e-01
-8.70e-02
8.54e-01
-4.09e-01
-6.04e-01
-2.44e-01
9.72e-01
-8.71e-01
4.87e-01
-7.26e-01
-4.69e-01
6.63e-01
9.96e-01
-7.80e-01
-7.56e-01
-6.25e-01
3.79e-01
-8.72e-01
9.55e-01
4.80e-01
-1.80e-01
-7.39e-01
5.61e-01
5.73e-02
2.48e-01
7.23e-01
8.53e-01
-5.79e-01
-6.71e-01
-7.56e-01
1.62e-01
-2.22e-01
-9.49e-01
1.99e-01
2.43e-01
2.22e-02
3.55e-01
4.33e-01
5.12e-01
-3.32e-01
4.53e-01
6.07e-01
8.66e-01
-8.58e-01
-3.62e-01
5.16e-01
1.31e-01
-1.99e-01
4.05e-01
5.53e-01
6.33e-02
5.99e-01
-3.32e-01
6.20e-01
5.43e-01
-7.34e-01
-7.49e-01
-1.73e-01
4.87e-01
7.92e-02
-2.26e-01
-7.30e-01
6.32e-01
-8.82e-01
4.26e-01
1.15e-01
7.69e-02
-5.93e-01
6.64e-01
-5.13e-01
8.05e-01
-8.42e-01
3.76e-01
-5.06e-01
2.51e-01
-7.91e-01
-3.30e-01
9.34e-01
2.24e-01
-7.44e-01
-9.19e-01
6.25e-01
-7.04e-01
1.85e-01
-6.23e-01
4.38e-01
8.67e-01
7.33e-01
8.89e-01
8.86e-01
8.29e-01
-3.94e-01
3.64e-01
-2.53e-01
3.06e-01
8.53e-01
-7.89e-01
-3.39e-01
-9.14e-01
