-9.03e-02
8.95e-01
-6.97e-01
1.88e-02
-9.57e-01
-2.45e-01
-3.19e-01
-1.19e-01
1.24e-01
-5.64e-01
-6.23e-01
6.71e-01
4.09e-02
1.03e-01
6.49e-01
5.42e-01
-8.48e-01
-4.84e-01
2.66e-01
-2.26e-01
-9.83e-01
9.10e-01
-6.27e-01
-1.51e-01
-4.91e-01
6.15e-01
4.03e-01
9.06e-01
4.63e-01
-4.82e-01
-2.29e-01
-6.37e-01
-9.85e-01
6.51e-01
7.17e-02
-4.20e-01
8.63e-01
2.01e-02
8.59e-01
7.01e-01
1.08e-01
-8.93e-01
-7.03e-01
-7.74e-02
5.02e-01
-8.89e-02
5.81e-01
-9.85e-01
2.34e-01
-5.54e-01
5.19e-01
7.80e-01
9.43e-01
7.94e-01
-8.37e-01
9.13e-01
-6.32e-01
5.20e-01
-5.26e-01
-5.76e-01
5.57e-01
-3.77e-02
4.69e-01
-9.35e-01
2.75e-01
-2.24e-01
1.45e-01
-4.95e-02
7.47e-01
-5.28e-01
-6.81e-02
-9.66e-02
-9.73e-01
-3.62e-01
7.86e-01
7.67e-01
-2.11e-01
7.03e-01
-1.43e-01
1.87e-01
-9.33e-01
-1.74e-01
-2.17e-01
8.20e-01
-1.57e-01
3.07e-03
9.98e-01
-3.23e-02
-6.74e-01
6.11e-01
9.54e-02
4.59e-01
-1.54e-01
-5.52e-01
1.61e-01
5.54e-01
-1.08e-01
-8.09e-02
-5.16e-01
-8.68e-03
6.87e-02
-4.45e-01
5.88e-01
8.49e-01
-6.24e-02
6.83e-01
3.13e-01
-8.81e-01
3.20e-01
-4.10e-01
-9.34e-01
3.88e-01
2.91e-01
2.34e-01
-8.93e-01
1.75e-01
-4.75e-01
-9.68e-01
7.35e-01
-2.83e-01
-3.03e-01
-3.74e-01
3.27e-01
2.46e-01
4.78e-01
-9.93e-01
2.07e-01
-9.64e-01
-6.86e-01
7.99e-01
8.68e-01
4.46e-01
5.20e-01
5.33e-02
8.52e-01
5.85e-01
6.81e-02
8.44e-01
-8.99e-01
6.02e-01
-1.14e-01
6.11e-01
-5.98e-02
9.82e-01
-4.58e-01
-1.01e-01
-8.27e-01
2.04e-01
-3.66e-01
5.86e-01
-4.85e-01
1.43e-01
1.21e-02
1.02e-01
-4.10e-01
3.85e-01
-3.68e-01
6.29e-01
9.11e-01
2.51e-01
-2.75e-03
-2.83e-01
-2.30e-01
4.12e-01
-7.62e-02
-8.11e-01
-7.14e-01
6.77e-01
7.95e-01
6.98e-01
-5.47e-02
-6.43e-01
5.75e-01
-5.02e-01
-5.59e-01
3.26e-01
7.10e-01
7.92e-01
-2.64e-01
-9.89e-01
-3.54e-01
-9.59e-01
-4.08e-01
-8.12e-01
9.58e-01
5.88e-01
-4.57e-01
2.42e-01
3.86e-01
2.90e-01
4.22e-01
-1.74e-01
5.66e-01
-4.95e-01
-5.45e-01
2.45e-01
2.05e-01
-6.73e-02
3.31e-02
6.97e-02
7.01e-01
-6.45e-01
9.42e-01
8.82e-01
-1.77e-01
-7.93e-01
-4.64e-01
9.01e-01
-6.94e-02
-1.85e-01
-9.56e-01
4.86e-01
-4.82e-01
-6.12e-03
-8.66e-01
-2.68e-02
-4.84e-01
5.37e-01
-1.47e-01
1.01e-01
-4.63e-01
-8.26e-01
4.93e-01
-4.03e-01
-3.33e-01
-7.32e-01
3.52e-02
6.10e-01
6.42e-01
6.46e-01
8.27e-01
-1.20e-01
8.69e-01
-1.63e-02
5.25e-01
4.24e-01
7.17e-02
9.24e-01
-5.87e-01
6.13e-01
-7.21e-01
-4.83e-01
4.92e-01
4.74e-01
-4.35e-01
-8.65e-01
-7.91e-01
-8.12e-01
5.46e-01
2.60e-01
1.90e-01
-1.28e-01
-1.17e-01
7.95e-01
4.68e-01
3.94e-02
6.46e-01
-7.62e-01
-9.68e-01
-3.86e-01
-8.59e-01
-5.75e-01
-5.47e-01
-6.51e-01
1.52e-01
