-7.03e-01
-9.00e-01
-3.22e-01
-1.19e-01
5.89e-01
-8.83e-01
-9.48e-01
-8.64e-01
-1.67e-03
7.96e-02
-4.16e-01
1.41e-01
-4.81e-02
-1.28e-01
3.51e-01
-3.58e-01
-3.59e-01
4.31e-01
-5.55e-01
-2.21e-01
-3.54e-01
5.39e-01
9.89e-01
9.84e-01
5.60e-01
5.67e-01
-2.35e-01
-8.41e-01
-4.79e-01
1.75e-01
-7.68e-01
6.49e-01
8.07e-01
3.20e-01
4.01e-01
9.12e-01
-6.37e-01
8.36e-01
4.31e-01
6.66e-01
6.69e-02
2.88e-01
2.11e-01
-7.56e-01
-1.73e-01
-4.87e-02
-2.42e-02
-4.80e-01
-9.55e-01
1.12e-01
-3.79e-01
-6.18e-01
-6.37e-01
3.35e-01
1.89e-01
5.57e-01
-6.32e-01
5.39e-01
-5.26e-01
-5.76e-01
9.13e-01
-3.77e-02
4.69e-01
-9.35e-01
2.75e-01
-2.24e-01
1.45e-01
-4.95e-02
7.47e-01
-5.28e-01
-6.81e-02
-9.66e-02
-9.73e-01
-3.62e-01
7.86e-01
7.67e-01
-2.11e-01
7.03e-01
-1.43e-01
1.87e-01
-9.33e-01
-1.74e-01
-2.17e-01
8.20e-01
-1.57e-01
3.07e-03
9.98e-01
-3.23e-02
-6.74e-01
6.11e-01
9.54e-02
4.59e-01
-1.54e-01
-5.52e-01
1.61e-01
5.54e-01
-1.08e-01
-8.09e-02
-5.16e-01
-8.68e-03
6.87e-02
-4.45e-01
5.88e-01
8.49e-01
-6.24e-02
6.83e-01
3.13e-01
-8.81e-01
3.20e-01
-4.10e-01
-9.34e-01
3.88e-01
2.91e-01
2.34e-01
-8.93e-01
1.75e-01
-4.75e-01
-9.68e-01
7.35e-01
-2.83e-01
-3.03e-01
-3.74e-01
3.27e-01
2.46e-01
4.78e-01
-9.93e-01
2.07e-01
-9.64e-01
-6.86e-01
7.99e-01
8.68e-01
4.46e-01
5.20e-01
5.33e-02
8.52e-01
5.85e-01
6.81e-02
8.44e-01
-8.99e-01
6.02e-01
-1.14e-01
6.11e-01
-5.98e-02
9.82e-01
-4.58e-01
-1.01e-01
-8.27e-01
2.04e-01
-3.66e-01
5.86e-01
-4.85e-01
1.43e-01
1.21e-02
1.02e-01
-4.10e-01
3.85e-01
-3.68e-01
6.29e-01
9.11e-01
2.51e-01
-2.75e-03
-2.83e-01
-2.30e-01
4.12e-01
-7.62e-02
-8.11e-01
-7.14e-01
6.77e-01
7.95e-01
6.98e-01
-5.47e-02
-6.43e-01
5.75e-01
-5.02e-01
1.90e-02
-9.42e-01
6.30e-02
9.12e-02
-9.50e-01
6.62e-01
-2.92e-01
3.06e-01
9.46e-01
-1.39e-01
-8.13e-01
-7.23e-01
7.22e-01
3.74e-01
-4.89e-01
1.51e-01
-6.34e-01
-3.69e-01
8.60e-01
-5.18e-01
8.66e-01
5.20e-01
5.04e-01
-5.53e-01
-9.22e-01
7.83e-01
-9.95e-01
-7.30e-02
6.90e-01
4.25e-01
-3.89e-01
4.13e-01
-3.54e-01
2.24e-01
4.95e-01
-1.81e-01
-6.34e-01
-8.12e-01
-4.41e-01
4.25e-01
-7.69e-01
6.61e-01
-5.22e-01
-9.10e-01
1.26e-01
-2.69e-01
9.51e-01
-9.01e-02
-1.30e-01
-1.26e-01
-3.40e-01
-5.77e-01
4.73e-01
8.48e-01
9.87e-01
6.54e-01
-9.78e-01
6.48e-02
4.42e-01
9.48e-01
3.75e-01
9.10e-01
1.81e-01
-2.27e-01
4.07e-01
-3.56e-01
-7.42e-01
-4.64e-01
-2.86e-01
-5.90e-01
4.54e-01
9.00e-01
4.50e-01
-3.50e-01
2.10e-01
-6.59e-02
-9.75e-01
3.08e-02
-2.76e-01
3.15e-01
1.44e-01
7.62e-01
-2.51e-01
7.01e-01
-9.80e-01
-4.90e-01
3.67e-01
4.40e-01
-1.01e-01
9.07e-01
-3.68e-01
