8.22e-01
-8.61e-01
-4.43e-01
7.54e-01
6.86e-01
-6.91e-01
4.16e-02
6.91e-01
-5.71e-01
-6.93e-01
6.57e-01
-2.05e-01
-2.13e-01
-9.63e-01
8.24e-01
-2.20e-01
1.44e-03
9.93e-01
3.95e-01
6.17e-01
6.57e-01
-4.90e-01
5.10e-01
-3.33e-01
4.73e-02
6.22e-01
-1.84e-01
-8.47e-01
-7.81e-01
1.52e-01
-2.56e-01
-3.10e-01
-8.18e-01
-9.90e-01
-1.47e-01
-8.88e-01
-2.84e-01
8.42e-01
2.09e-01
-2.52e-01
-6.97e-02
-8.77e-01
6.69e-01
-5.43e-01
-5.48e-01
-3.46e-01
2.92e-02
5.85e-01
7.90e-02
2.31e-02
9.46e-01
-5.50e-01
8.61e-01
-8.28e-01
6.81e-01
-1.19e-01
2.01e-01
-9.03e-01
8.02e-01
8.88e-01
7.55e-01
4.95e-01
3.19e-01
-1.87e-01
-8.49e-01
-5.45e-01
2.41e-03
8.39e-01
2.64e-02
-2.03e-01
-9.20e-01
5.23e-01
5.69e-01
-7.36e-01
6.12e-02
-7.86e-01
2.65e-01
5.29e-01
-4.10e-01
-8.35e-02
1.77e-01
8.07e-01
4.61e-01
-6.00e-02
-1.77e-02
-9.60e-01
-7.27e-01
-5.65e-01
-4.79e-01
-9.48e-01
6.70e-01
3.90e-01
-8.77e-01
1.26e-01
7.27e-01
8.92e-01
8.76e-01
4.93e-01
-7.05e-01
-6.07e-01
-1.70e-02
4.64e-01
8.91e-01
1.87e-01
-6.12e-01
-2.60e-01
2.41e-01
7.94e-01
-9.40e-01
-1.99e-01
-5.17e-01
-9.20e-01
-9.76e-01
-4.74e-01
-8.00e-01
-6.72e-01
-2.74e-01
4.92e-01
9.04e-01
2.72e-01
-8.43e-02
-4.33e-01
-1.53e-01
1.11e-01
-7.12e-01
-2.06e-01
-1.05e-01
-2.71e-01
2.23e-01
-1.51e-01
-6.84e-01
-4.53e-01
2.55e-01
-3.28e-01
6.37e-01
-6.99e-01
2.35e-02
2.55e-02
8.05e-01
-3.21e-02
9.56e-01
-1.00e-01
-5.95e-01
-5.17e-01
-4.23e-01
3.64e-02
3.25e-01
2.22e-01
5.45e-01
-1.07e-01
-7.29e-01
-7.44e-01
8.70e-01
8.87e-01
-2.19e-01
9.51e-01
1.58e-01
-9.66e-01
-5.70e-01
-5.04e-01
-1.97e-01
-6.27e-01
1.07e-01
7.73e-01
4.40e-01
1.72e-01
-5.62e-01
-2.47e-01
7.06e-01
-1.78e-01
1.24e-01
-1.50e-01
6.36e-01
2.14e-01
1.67e-01
9.11e-01
1.51e-02
-1.43e-01
-5.20e-01
5.03e-02
5.79e-01
8.95e-02
9.28e-01
9.22e-01
-3.51e-01
9.12e-01
9.77e-01
-6.11e-01
-3.94e-01
-6.83e-01
-7.99e-01
3.15e-01
-2.84e-01
3.40e-01
3.45e-01
-5.39e-01
-6.99e-01
-9.72e-01
-3.14e-02
-1.40e-01
-1.94e-01
7.37e-03
-7.41e-01
-6.77e-01
-4.98e-02
-8.68e-01
-3.48e-01
-2.51e-03
-9.34e-01
-1.43e-01
-5.92e-01
9.17e-01
9.28e-01
6.58e-01
-6.65e-02
-4.15e-01
8.16e-02
-1.60e-01
-2.86e-01
-8.84e-01
8.46e-01
-9.75e-01
-5.35e-01
3.05e-01
-2.02e-01
6.32e-01
5.68e-01
-4.59e-01
-1.39e-01
3.18e-01
-3.94e-01
-3.67e-01
6.25e-01
-1.81e-01
-9.63e-01
-9.62e-01
-4.09e-01
3.34e-01
4.67e-01
8.96e-01
-9.58e-01
-9.10e-01
-7.75e-02
-4.38e-01
-3.63e-01
8.20e-01
-6.40e-01
-6.23e-01
4.17e-01
3.29e-01
-5.71e-01
-6.08e-01
4.24e-02
-2.57e-01
5.85e-01
-1.21e-01
-7.99e-01
3.08e-01
7.49e-01
4.09e-01
7.89e-01
-2.87e-01
-1.29e-01
-8.26e-01
1.67e-01
