7.41e-01
2.60e-01
7.92e-01
8.52e-01
-7.06e-01
-5.87e-01
9.44e-01
2.78e-02
-5.48e-01
-1.44e-01
1.63e-01
-1.10e-01
6.23e-01
-6.26e-01
-8.56e-01
-9.94e-01
-2.96e-01
7.64e-01
1.36e-01
2.04e-01
-4.45e-01
-8.17e-01
-6.83e-01
-7.53e-01
7.75e-01
-5.07e-01
-4.68e-01
-6.01e-01
3.17e-01
2.38e-01
-4.72e-01
-4.75e-02
-7.42e-01
-7.14e-01
-8.16e-02
-2.88e-01
-8.21e-01
-2.41e-01
1.14e-01
-2.71e-01
-1.13e-01
-5.14e-01
9.95e-01
7.73e-01
-2.35e-02
-9.21e-01
4.59e-01
-8.20e-01
2.08e-01
-1.14e-01
-2.86e-01
-7.35e-01
6.29e-02
8.38e-01
6.76e-01
-2.36e-01
-6.15e-01
-4.07e-01
-9.21e-01
-2.44e-03
2.68e-01
9.79e-01
-8.70e-01
-1.24e-01
5.21e-01
-9.62e-01
-2.70e-01
-6.09e-01
-9.37e-01
-5.47e-01
-7.83e-01
4.24e-01
-4.84e-01
6.85e-01
2.81e-01
3.31e-01
-2.54e-01
2.38e-02
-9.66e-02
-4.62e-01
-1.61e-01
-5.22e-01
-7.82e-01
-5.86e-01
1.60e-01
-9.29e-01
6.51e-01
-5.00e-01
8.98e-01
-7.87e-01
-3.92e-01
7.98e-01
7.94e-01
3.28e-01
-7.99e-01
4.94e-01
3.25e-01
-5.31e-01
-8.28e-01
4.76e-01
4.17e-01
-3.46e-01
-3.82e-01
-8.87e-01
-3.28e-02
-8.00e-02
2.33e-01
-6.79e-01
-4.65e-01
-5.20e-01
-2.84e-01
6.04e-01
-6.83e-01
1.00e-01
-4.40e-01
5.86e-01
2.60e-02
8.40e-01
-9.87e-01
8.55e-02
-9.79e-01
-9.11e-01
2.08e-01
-3.90e-01
-8.26e-01
1.34e-01
5.02e-01
1.83e-01
3.38e-02
7.84e-01
-7.76e-01
5.19e-01
3.43e-01
-3.12e-03
-1.32e-01
5.21e-01
-7.87e-01
9.45e-01
5.50e-01
-9.68e-01
-1.51e-01
-3.83e-01
-9.09e-01
7.69e-01
-3.39e-01
-9.87e-01
-6.56e-01
-8.30e-01
5.12e-01
-5.49e-01
7.41e-01
7.69e-01
2.25e-01
-2.82e-01
-3.06e-01
-5.48e-01
4.47e-01
-1.24e-02
-5.66e-01
-3.85e-01
-5.43e-01
-1.62e-01
-3.51e-01
2.73e-01
-3.85e-02
6.74e-01
-4.84e-01
3.15e-01
-8.00e-01
-4.40e-01
-4.89e-01
3.59e-01
-6.60e-02
-3.30e-01
-2.21e-01
-9.49e-01
-1.64e-02
8.00e-01
7.24e-01
7.39e-01
3.82e-01
6.22e-01
-3.07e-01
-8.69e-01
-6.09e-01
-1.46e-01
8.21e-01
7.46e-01
-4.01e-01
-7.81e-01
3.86e-01
-6.41e-02
8.67e-01
-9.82e-01
-7.23e-01
-7.60e-01
8.96e-01
-8.96e-01
-5.95e-01
-5.65e-01
4.59e-01
-2.98e-01
5.73e-01
-1.68e-01
5.37e-01
-5.23e-01
9.74e-01
6.57e-01
-9.93e-01
-7.23e-01
-5.16e-01
-2.33e-01
-1.01e-01
7.24e-01
6.49e-01
-4.56e-01
-7.05e-02
7.65e-01
2.13e-01
5.78e-01
-7.62e-01
1.52e-01
9.60e-01
7.39e-02
-7.12e-01
-3.70e-01
-1.53e-01
-2.89e-01
8.71e-01
9.95e-01
-5.51e-01
-1.76e-01
-3.70e-01
-2.39e-01
-8.78e-01
-6.49e-01
-2.91e-01
7.03e-03
-4.22e-01
2.68e-01
-1.46e-02
-5.39e-01
-2.91e-01
1.73e-01
4.59e-01
-7.81e-01
-1.48e-01
5.45e-01
6.92e-01
4.61e-02
2.91e-01
7.31e-01
3.56e-01
-4.61e-01
6.37e-01
-3.99e-01
2.45e-01
3.31e-01
6.51e-01
-4.37e-01
-7.30e-01
-3.89e-01
2.54e-01
6.79e-02
-1.73e-02
