-6.27e-01
9.13e-01
-8.54e-01
-9.52e-01
9.40e-01
2.53e-01
1.54e-01
-9.13e-01
6.50e-02
-6.66e-01
-1.54e-01
-5.16e-01
-1.59e-01
5.02e-01
-5.60e-01
-4.19e-01
-4.54e-01
-2.28e-01
2.37e-01
-4.90e-01
-1.01e-01
-3.71e-01
-4.36e-01
8.92e-01
-8.34e-01
3.93e-02
-3.72e-01
6.46e-01
8.20e-01
7.74e-01
-9.75e-01
6.83e-01
2.11e-01
-4.34e-01
-3.74e-01
3.14e-01
7.13e-01
2.86e-01
8.17e-01
-2.82e-01
5.39e-01
3.74e-01
-5.49e-01
-5.23e-01
-6.15e-01
-2.79e-02
5.54e-01
1.78e-02
5.31e-01
-9.35e-01
-3.94e-01
-1.38e-01
-4.12e-01
6.56e-01
-8.28e-01
-7.24e-01
6.31e-01
8.66e-01
4.57e-01
4.47e-01
-1.61e-01
-7.12e-02
2.33e-01
9.93e-02
6.32e-01
4.75e-01
-7.23e-01
-9.84e-01
-8.38e-01
-9.48e-01
2.68e-01
-1.04e-01
-1.53e-01
-8.26e-01
-7.46e-01
-1.06e-01
-1.77e-01
5.89e-01
-3.06e-01
8.02e-01
-2.53e-01
9.45e-01
1.10e-02
-8.29e-01
1.44e-01
-8.14e-01
-6.14e-01
5.20e-01
-6.97e-01
-6.71e-01
8.64e-01
-3.18e-01
4.28e-01
4.28e-01
-5.18e-01
1.62e-01
-8.31e-01
5.63e-01
-5.33e-01
7.84e-01
-1.61e-01
2.04e-01
-2.67e-01
-5.33e-01
-7.80e-01
-9.31e-02
-1.32e-01
-3.07e-01
-3.16e-01
7.81e-01
7.84e-01
-4.72e-01
9.53e-02
-1.97e-01
-4.17e-01
-8.82e-01
-2.38e-01
2.42e-01
7.07e-01
1.58e-01
5.69e-01
2.66e-02
3.12e-01
-5.47e-01
9.31e-01
-1.16e-01
1.47e-01
-5.36e-01
1.03e-01
9.68e-01
7.28e-01
2.92e-01
7.54e-01
8.02e-01
-4.16e-01
6.62e-01
-3.15e-01
9.28e-01
2.43e-01
8.60e-01
5.44e-02
1.93e-01
1.33e-01
-7.03e-01
-1.94e-01
9.95e-01
9.92e-01
4.68e-01
9.63e-01
-2.88e-01
5.52e-01
5.66e-01
-4.76e-01
1.10e-01
-9.19e-01
-3.81e-01
-1.04e-01
3.50e-01
-1.95e-01
6.99e-01
-9.61e-02
-9.23e-01
9.02e-01
1.93e-01
-9.22e-01
-4.79e-01
2.34e-01
-5.29e-01
8.94e-01
3.06e-01
9.67e-01
-5.17e-01
-2.69e-01
8.17e-02
9.41e-01
3.80e-01
-5.40e-01
3.53e-01
-2.07e-01
-6.21e-01
-6.11e-02
3.39e-02
1.92e-01
-3.41e-01
-7.09e-01
2.74e-03
2.85e-02
-3.62e-01
8.04e-02
-7.37e-01
-7.81e-01
-9.03e-01
6.86e-01
7.29e-01
-4.51e-01
-7.62e-01
-8.40e-01
-9.96e-01
-9.53e-01
8.57e-01
8.53e-01
-8.13e-01
2.48e-01
6.16e-01
-2.03e-01
5.19e-01
5.25e-02
2.23e-01
9.77e-01
4.66e-01
-2.07e-01
9.53e-01
-9.19e-01
-5.82e-01
-1.89e-01
-7.47e-01
-9.43e-01
6.61e-01
9.71e-01
-8.09e-01
-9.43e-01
2.85e-01
8.79e-01
1.60e-02
2.30e-01
-7.04e-02
-7.59e-01
-7.55e-01
-4.03e-01
-8.72e-01
-9.85e-02
-2.29e-01
1.29e-01
-3.86e-01
3.44e-01
-3.08e-01
-1.97e-01
7.72e-01
-5.22e-02
6.15e-01
5.14e-01
-3.96e-01
5.37e-01
-2.34e-01
-2.64e-01
3.13e-01
-8.78e-01
-6.85e-01
4.44e-01
-9.18e-01
2.30e-01
-9.41e-01
1.10e-01
2.59e-01
9.61e-01
-2.69e-01
-7.43e-01
1.32e-01
3.96e-02
5.48e-01
6.35e-02
-3.41e-01
1.20e-01
7.37e-01
-3.77e-01
