-1.19e-01
9.84e-01
2.17e-01
4.32e-02
4.19e-01
3.16e-01
-8.62e-01
-3.00e-01
-7.89e-01
-6.89e-01
9.56e-01
-3.62e-01
-1.26e-01
-4.23e-01
5.54e-01
3.96e-01
-6.48e-01
-9.23e-01
-7.24e-01
4.39e-01
3.81e-01
-4.64e-01
-4.66e-01
7.29e-01
4.50e-01
-9.70e-01
3.09e-01
6.38e-01
-2.48e-01
2.73e-01
-2.83e-01
-1.21e-01
5.54e-01
4.72e-01
5.20e-02
-1.74e-01
-1.30e-01
5.52e-01
8.15e-01
-5.41e-01
4.51e-02
-1.74e-01
-2.27e-01
7.21e-01
7.26e-01
-6.59e-01
8.20e-01
9.49e-01
-4.16e-01
-8.83e-01
6.78e-01
4.27e-01
-6.21e-01
5.73e-01
5.73e-01
1.87e-01
-8.33e-01
-6.41e-01
5.85e-01
-6.00e-01
-8.92e-02
1.57e-01
-8.55e-01
3.94e-01
-7.50e-01
5.26e-02
-7.97e-01
9.13e-01
4.04e-01
5.54e-01
-9.12e-01
5.23e-01
7.65e-01
4.21e-01
4.38e-01
4.97e-01
5.92e-01
3.49e-01
-7.71e-01
-7.40e-01
-1.99e-01
6.08e-01
6.04e-01
5.46e-01
1.05e-01
2.78e-01
-1.87e-01
5.35e-01
2.39e-01
-5.18e-01
2.81e-01
1.29e-01
-2.87e-01
8.99e-03
-2.95e-01
-2.86e-01
1.82e-01
9.08e-01
-7.05e-01
8.36e-01
-5.31e-01
-4.54e-01
1.33e-01
6.74e-01
1.11e-01
-8.68e-01
1.47e-01
2.09e-01
-6.06e-01
6.25e-01
8.46e-01
-7.19e-01
7.53e-01
6.05e-01
-8.32e-01
1.91e-01
9.90e-01
6.25e-01
-2.94e-01
4.28e-01
6.28e-01
-4.38e-01
-3.71e-01
3.87e-01
3.43e-02
-1.81e-01
1.98e-01
-9.47e-01
3.04e-01
-9.80e-01
3.27e-01
-4.04e-01
-4.81e-01
3.83e-02
7.01e-01
-1.12e-01
8.73e-01
-5.71e-01
5.01e-01
7.54e-01
-2.43e-01
-4.74e-01
-6.41e-01
-1.36e-01
7.75e-01
-7.47e-01
3.21e-01
-4.65e-01
6.77e-02
-5.72e-01
1.32e-01
-9.50e-02
9.23e-01
2.18e-02
1.32e-01
-2.28e-01
9.60e-03
6.60e-02
-3.50e-01
6.10e-01
4.25e-01
-6.42e-01
5.97e-01
-5.88e-01
6.97e-01
-1.78e-01
1.07e-01
-6.92e-01
-1.06e-01
-8.09e-01
-2.66e-01
-3.09e-01
8.65e-01
5.97e-01
9.29e-02
6.71e-01
4.24e-01
-2.47e-02
8.64e-01
-7.18e-01
-1.23e-01
6.90e-01
-6.99e-01
5.25e-01
-9.63e-01
1.76e-03
-5.99e-01
1.38e-01
-1.84e-01
2.73e-01
-4.67e-01
-3.55e-01
6.44e-01
-5.72e-02
1.42e-01
9.82e-01
2.08e-01
-3.92e-02
-4.02e-01
-9.20e-01
-5.10e-01
3.75e-01
-1.34e-01
2.35e-01
1.78e-01
-6.60e-01
-8.56e-01
7.60e-01
-6.02e-01
-6.71e-01
-8.68e-01
-7.55e-01
7.45e-01
8.08e-01
-4.11e-01
1.76e-02
-8.84e-02
7.69e-01
5.40e-01
-8.34e-01
-6.70e-01
-3.39e-01
5.28e-01
-1.09e-01
9.70e-01
-7.99e-01
6.89e-01
6.64e-01
3.25e-01
4.27e-01
7.04e-02
-2.15e-01
-1.85e-01
-2.83e-01
-6.46e-01
8.78e-01
5.66e-01
3.87e-01
6.42e-04
-4.31e-01
-2.16e-01
-1.81e-01
6.27e-01
3.99e-02
3.18e-01
-6.78e-01
4.67e-01
-1.50e-01
-2.53e-01
6.63e-01
2.03e-01
-7.69e-01
6.06e-02
9.40e-01
9.79e-01
3.71e-01
-9.37e-01
-3.19e-01
3.89e-01
1.70e-01
-5.83e-01
-9.63e-01
-7.99e-01
-7.43e-01
-7.26e-01
