-1.19e-01
9.84e-01
2.17e-01
4.32e-02
4.19e-01
3.16e-01
-8.62e-01
-3.00e-01
-7.89e-01
-6.89e-01
-8.09e-01
-3.62e-01
-1.26e-01
-4.23e-01
5.54e-01
3.96e-01
-6.48e-01
-9.23e-01
-7.24e-01
4.39e-01
3.81e-01
-4.64e-01
-4.66e-01
-6.53e-01
-5.82e-01
1.48e-01
-6.15e-02
1.03e-01
7.26e-01
-2.50e-02
-2.41e-01
7.25e-02
5.52e-01
-5.90e-01
-3.77e-01
-2.79e-01
-3.86e-01
-6.02e-01
4.68e-01
7.12e-01
-5.66e-01
-3.73e-01
-2.27e-01
7.21e-01
7.26e-01
-6.59e-01
8.20e-01
9.49e-01
5.82e-01
-7.69e-01
2.00e-02
-4.68e-01
4.98e-01
-8.42e-02
6.22e-01
-3.55e-01
3.46e-01
-5.99e-01
-7.79e-01
-6.00e-01
-8.92e-02
1.57e-01
-8.55e-01
3.94e-01
-7.50e-01
5.26e-02
-7.43e-01
9.13e-01
-7.07e-01
-8.93e-02
4.43e-01
-8.04e-01
9.68e-01
8.75e-01
3.28e-01
-5.20e-01
6.62e-01
-9.38e-01
6.98e-01
4.78e-02
-3.53e-01
1.77e-03
-8.25e-02
4.14e-02
-5.60e-01
8.40e-01
-9.65e-01
-7.33e-01
2.37e-01
9.36e-01
9.60e-01
-6.91e-01
4.75e-01
3.33e-01
4.67e-01
-9.59e-01
-5.50e-01
-2.28e-01
-8.64e-01
-7.09e-01
1.78e-01
1.71e-01
4.44e-01
-9.18e-01
1.36e-01
6.66e-01
-8.14e-01
1.03e-01
5.18e-02
8.67e-01
4.94e-01
-9.40e-01
4.06e-02
7.14e-01
-3.40e-01
-7.60e-01
-2.86e-01
7.04e-02
-4.14e-01
-9.12e-01
3.78e-01
2.92e-01
-3.18e-01
-5.13e-01
-8.45e-01
3.80e-01
-3.08e-01
-5.59e-01
-8.46e-01
9.95e-01
6.45e-01
-2.41e-01
7.63e-01
-1.60e-02
9.69e-01
9.58e-01
-6.74e-01
-2.79e-01
5.88e-01
-9.22e-01
-4.17e-01
1.49e-01
7.04e-01
8.04e-01
-4.53e-01
1.44e-01
4.09e-01
2.44e-01
-5.46e-02
-8.29e-01
-5.51e-01
-8.76e-02
-3.76e-02
-3.75e-01
-3.20e-01
-3.02e-01
-9.94e-02
9.50e-01
1.07e-01
-4.33e-01
9.73e-01
8.51e-01
-7.24e-01
2.84e-01
7.89e-02
5.04e-01
5.92e-01
8.82e-01
-8.06e-01
-7.92e-01
5.68e-01
5.62e-01
-3.44e-01
-5.59e-01
7.03e-01
7.40e-02
6.98e-01
-7.02e-01
1.14e-01
-5.58e-02
-2.46e-01
-8.96e-01
4.04e-01
-1.99e-01
1.54e-01
-4.16e-01
-6.86e-01
-8.55e-01
-5.29e-01
-3.42e-02
-8.94e-01
3.00e-01
5.20e-01
7.26e-01
6.20e-01
2.57e-01
-1.08e-01
1.03e-01
-1.46e-01
-3.67e-01
-7.03e-01
5.92e-01
-3.61e-01
5.51e-01
-5.25e-01
-5.67e-02
2.35e-01
2.47e-01
-6.02e-01
-6.71e-01
-8.68e-01
-7.55e-01
7.45e-01
8.08e-01
-4.11e-01
1.76e-02
-8.84e-02
7.69e-01
5.40e-01
-8.34e-01
-6.70e-01
-3.39e-01
5.28e-01
-1.09e-01
9.70e-01
-7.99e-01
6.89e-01
6.64e-01
1.04e-01
4.27e-01
-4.70e-01
-2.15e-01
-1.85e-01
-2.83e-01
-6.46e-01
8.78e-01
5.66e-01
3.87e-01
6.42e-04
-4.31e-01
-2.16e-01
-1.81e-01
6.27e-01
3.99e-02
3.18e-01
-6.78e-01
4.67e-01
-1.50e-01
-2.53e-01
6.63e-01
2.03e-01
-7.69e-01
6.06e-02
9.40e-01
9.79e-01
3.71e-01
-9.37e-01
-3.19e-01
3.89e-01
1.70e-01
-5.83e-01
-1.84e-01
-7.99e-01
-7.97e-01
-7.26e-01
