-6.98e-01
-7.08e-01
4.31e-01
3.85e-01
8.23e-03
9.62e-01
-6.27e-01
7.56e-01
-7.62e-01
4.22e-01
1.72e-01
-4.89e-01
-3.95e-01
7.80e-01
8.43e-01
8.40e-01
-1.15e-01
-5.83e-01
1.56e-01
-1.82e-02
4.95e-01
7.68e-01
-7.17e-01
-7.25e-01
-6.98e-01
5.20e-01
-9.50e-01
-7.91e-01
-5.79e-03
5.30e-01
7.37e-01
5.78e-01
5.32e-01
2.12e-01
8.25e-01
-3.52e-02
2.62e-01
-8.51e-01
-4.00e-01
7.35e-01
-4.92e-01
-2.56e-01
-6.19e-01
-1.72e-01
9.48e-01
8.42e-01
-9.03e-01
-4.96e-01
-3.93e-01
-8.55e-01
-8.56e-01
-9.22e-01
4.42e-01
1.74e-01
-3.97e-01
-4.49e-01
5.43e-01
4.23e-01
-2.18e-01
-2.97e-01
9.26e-01
7.38e-01
6.33e-01
-6.25e-01
-9.18e-01
3.28e-01
1.04e-01
5.02e-01
-9.61e-01
8.73e-01
1.47e-01
8.71e-01
2.49e-01
2.64e-01
-5.94e-01
-5.17e-01
2.68e-01
-4.44e-01
9.91e-01
7.10e-01
-9.89e-01
-9.04e-01
5.73e-01
-7.66e-01
4.99e-02
1.09e-01
4.85e-02
3.30e-02
7.23e-01
-9.37e-01
1.50e-01
-8.78e-01
6.07e-01
1.55e-02
8.80e-01
5.11e-01
-3.93e-01
-5.90e-01
-1.42e-01
8.77e-02
-3.80e-01
9.15e-01
-4.67e-01
-4.13e-01
7.84e-01
6.01e-01
-1.82e-01
7.34e-01
6.24e-01
-4.93e-01
2.48e-01
3.15e-01
8.16e-01
-4.66e-01
2.53e-01
-8.34e-01
-1.40e-01
7.14e-01
-5.01e-01
8.67e-01
2.34e-01
8.91e-01
2.49e-01
-8.70e-01
-1.84e-01
7.23e-01
1.12e-01
8.59e-01
-1.47e-01
-5.92e-01
-6.55e-01
4.18e-01
-5.24e-01
4.53e-01
-1.52e-01
-8.24e-01
-3.57e-02
-5.26e-01
-4.76e-02
-8.06e-01
-2.48e-02
-5.19e-01
-7.60e-01
-9.89e-01
6.00e-01
6.14e-02
6.43e-01
-6.46e-01
1.08e-01
5.45e-02
1.83e-01
6.01e-01
7.16e-01
4.02e-02
-2.78e-01
8.12e-01
7.52e-01
5.90e-01
-3.49e-01
8.83e-01
-1.56e-02
-2.92e-01
-3.90e-01
3.82e-01
1.40e-01
1.29e-01
-8.52e-03
-6.98e-01
7.08e-01
6.47e-01
5.39e-01
-9.65e-04
2.97e-01
-3.56e-01
7.83e-01
-5.70e-01
-6.12e-01
-4.46e-01
-5.40e-02
3.59e-01
-2.04e-01
-3.19e-01
3.42e-01
4.04e-01
8.26e-01
7.70e-01
7.25e-01
-1.15e-01
3.07e-01
-4.15e-01
3.93e-01
6.81e-01
-5.94e-01
-4.10e-01
-7.91e-01
-6.86e-01
-8.78e-01
7.35e-01
8.35e-01
9.99e-01
6.79e-01
8.80e-01
-4.73e-01
5.22e-01
4.66e-01
4.75e-01
8.39e-01
-7.69e-01
-1.58e-01
-8.93e-01
-9.95e-02
8.53e-02
9.95e-01
5.47e-01
1.72e-01
-3.60e-01
2.94e-01
-1.28e-01
1.04e-01
9.96e-01
-3.21e-01
3.78e-01
8.40e-01
-1.72e-01
-5.25e-01
-6.35e-01
-7.43e-01
4.09e-01
2.91e-01
8.64e-01
9.46e-01
-1.93e-01
5.50e-02
9.52e-01
7.54e-01
-5.72e-01
-6.92e-01
6.29e-01
4.95e-01
-5.83e-01
5.58e-01
1.01e-01
-9.37e-01
8.83e-01
-9.40e-01
-9.74e-01
-5.34e-01
9.49e-01
1.86e-01
-6.08e-01
-2.74e-01
8.59e-01
-7.87e-01
9.94e-01
5.77e-01
-6.94e-01
-8.91e-01
-4.70e-01
8.00e-01
9.39e-01
-7.19e-01
3.59e-01
4.56e-01
8.28e-01
8.80e-01
