7.83e-01
-8.90e-01
-2.59e-01
-2.72e-01
6.05e-01
-5.15e-01
-9.50e-01
-2.13e-01
7.55e-03
-2.75e-01
-5.56e-01
-2.36e-01
-1.68e-01
6.45e-01
-3.82e-01
-2.82e-02
4.27e-01
6.38e-01
5.54e-01
-8.34e-01
7.92e-01
7.02e-01
3.17e-01
1.38e-01
-7.26e-01
-9.74e-01
-3.15e-01
-7.74e-01
-7.69e-01
5.30e-01
7.37e-01
5.78e-01
5.32e-01
-3.36e-02
-9.85e-01
-3.52e-02
2.62e-01
-8.51e-01
-4.00e-01
7.35e-01
-4.92e-01
-2.56e-01
-6.19e-01
-1.72e-01
9.48e-01
8.42e-01
-9.03e-01
-4.96e-01
-2.39e-01
8.88e-01
5.84e-01
6.55e-01
5.27e-01
7.56e-01
6.24e-01
4.95e-01
2.49e-01
-8.90e-03
6.28e-02
-5.48e-01
2.65e-01
2.42e-01
-9.90e-01
-5.73e-01
1.34e-01
-9.64e-01
-8.87e-01
4.51e-01
-7.64e-01
-7.18e-01
1.47e-01
8.71e-01
2.49e-01
-4.13e-02
-7.75e-01
9.85e-01
8.34e-01
-3.34e-01
-6.83e-01
8.09e-01
-9.45e-01
4.68e-01
6.14e-01
-4.17e-01
6.56e-01
-7.61e-01
-2.32e-01
-7.54e-01
4.93e-01
-9.42e-01
-5.56e-01
5.69e-01
9.78e-01
2.45e-01
-3.24e-01
-2.96e-01
-9.54e-01
7.64e-01
7.47e-01
8.92e-01
5.77e-02
9.27e-01
3.70e-01
-1.13e-01
1.53e-01
9.42e-01
4.95e-01
-5.73e-01
8.67e-01
6.97e-01
9.90e-01
-7.04e-01
-5.50e-01
3.50e-02
-5.70e-01
-9.18e-01
-4.51e-01
4.46e-01
6.61e-01
2.30e-01
2.80e-01
-8.03e-01
-6.49e-01
-4.84e-01
1.58e-01
-7.32e-01
-7.14e-01
4.57e-01
-8.33e-01
5.16e-01
-5.09e-02
5.71e-01
8.21e-02
1.94e-01
2.94e-01
8.71e-01
-9.49e-01
-3.39e-01
-4.30e-01
-4.09e-01
-1.48e-01
-5.96e-01
-9.37e-01
-6.32e-01
6.10e-01
6.14e-02
6.43e-01
-6.46e-01
1.08e-01
5.45e-02
1.83e-01
6.01e-01
7.16e-01
4.02e-02
-2.78e-01
8.12e-01
7.52e-01
5.90e-01
-3.49e-01
8.83e-01
-1.56e-02
7.76e-01
-7.84e-01
-7.30e-01
5.27e-01
-9.54e-01
-9.93e-01
-7.85e-01
7.08e-01
6.47e-01
6.46e-01
6.81e-02
-8.76e-01
-9.92e-01
1.02e-01
-5.70e-01
-5.73e-01
-6.81e-01
-4.69e-02
-1.69e-01
1.70e-01
-3.18e-01
-2.14e-01
1.90e-02
8.12e-01
8.72e-01
-3.21e-01
8.87e-01
3.23e-02
2.52e-01
6.47e-02
4.76e-01
-2.85e-01
-6.65e-01
3.51e-02
-2.19e-01
-7.12e-01
4.33e-02
6.19e-01
-3.85e-01
8.65e-01
9.63e-01
9.88e-01
5.17e-01
-4.46e-01
5.32e-01
-1.78e-01
-1.97e-01
8.09e-01
-1.08e-01
6.19e-01
-6.71e-01
2.55e-02
6.81e-01
-9.39e-01
-4.00e-01
5.36e-01
1.49e-01
2.20e-01
-6.43e-02
-9.61e-01
1.30e-01
2.60e-01
-7.77e-02
9.66e-01
-2.02e-01
3.95e-01
-1.05e-01
-2.58e-01
-2.69e-01
-9.02e-01
2.16e-01
-4.50e-02
6.71e-01
-8.57e-01
-5.61e-01
-8.45e-01
6.45e-01
-4.40e-01
5.91e-01
-5.70e-01
5.13e-01
1.24e-01
8.81e-01
3.31e-01
-6.14e-01
-3.03e-01
7.09e-01
-4.34e-01
-1.39e-01
-2.73e-01
2.69e-01
1.14e-02
9.60e-01
4.40e-01
8.83e-01
5.43e-01
-3.35e-01
-4.94e-02
2.02e-01
-1.95e-01
-3.34e-01
-5.36e-01
-8.25e-02
-5.81e-01
