7.17e-01
-7.08e-01
1.23e-01
-7.61e-01
3.37e-01
6.15e-01
6.43e-01
7.89e-01
8.43e-01
-7.21e-01
1.89e-01
-1.85e-01
-6.37e-01
-4.75e-01
-8.70e-01
-2.51e-01
-1.15e-01
-5.83e-01
1.42e-01
-2.15e-01
-1.40e-01
7.02e-01
3.17e-01
1.38e-01
-7.26e-01
-9.74e-01
-3.15e-01
-7.74e-01
-7.69e-01
5.30e-01
7.37e-01
5.78e-01
5.32e-01
-3.36e-02
-9.85e-01
-3.52e-02
2.62e-01
-8.51e-01
-4.00e-01
7.35e-01
-4.92e-01
-2.56e-01
-6.19e-01
-1.72e-01
9.48e-01
8.42e-01
-9.03e-01
-4.96e-01
-2.39e-01
8.88e-01
5.84e-01
6.55e-01
5.27e-01
7.56e-01
6.24e-01
4.95e-01
2.49e-01
-8.90e-03
6.28e-02
-5.48e-01
2.65e-01
2.42e-01
-9.90e-01
-5.73e-01
1.34e-01
-9.64e-01
-8.87e-01
4.51e-01
-7.64e-01
-7.18e-01
1.47e-01
8.71e-01
2.49e-01
-4.13e-02
-7.75e-01
9.85e-01
8.34e-01
-3.34e-01
-6.83e-01
8.09e-01
-9.45e-01
4.68e-01
-9.66e-01
-8.80e-01
-4.58e-02
-6.72e-03
7.88e-01
3.82e-01
-4.75e-01
-5.95e-01
1.63e-01
-3.79e-01
5.30e-01
-7.17e-01
-4.76e-01
-7.60e-01
-9.50e-01
-9.35e-01
9.88e-01
6.77e-02
-5.55e-01
-8.51e-01
7.91e-01
9.07e-01
-8.95e-01
-3.12e-01
3.97e-01
6.77e-01
6.24e-01
-4.93e-01
2.48e-01
3.15e-01
8.16e-01
-4.66e-01
2.53e-01
-8.34e-01
-1.40e-01
7.14e-01
-5.01e-01
8.67e-01
2.34e-01
8.91e-01
-6.06e-01
8.47e-01
-4.76e-01
9.78e-01
1.69e-01
3.66e-01
-6.97e-02
-5.74e-01
-5.86e-01
-2.69e-01
8.79e-01
-1.52e-01
9.45e-01
4.31e-01
5.51e-01
8.37e-01
-7.70e-01
-8.72e-01
8.15e-01
-2.02e-01
-4.15e-01
-8.31e-01
-4.72e-01
3.52e-01
-2.36e-01
-1.26e-01
5.25e-01
5.45e-02
1.83e-01
6.01e-01
7.16e-01
4.02e-02
-2.78e-01
8.12e-01
7.52e-01
5.90e-01
-3.49e-01
8.83e-01
-1.56e-02
-5.46e-01
-7.84e-01
-7.30e-01
5.27e-01
-9.54e-01
-9.93e-01
-7.85e-01
7.08e-01
6.47e-01
6.46e-01
6.81e-02
-8.76e-01
-9.92e-01
5.71e-01
-5.70e-01
-6.12e-01
-4.46e-01
-5.40e-02
3.59e-01
-2.04e-01
-3.19e-01
3.42e-01
3.73e-01
5.08e-01
-2.96e-01
-9.20e-01
5.34e-01
5.13e-01
-5.39e-01
-8.84e-01
6.08e-01
9.42e-01
-4.14e-01
-2.50e-01
-1.52e-01
-8.78e-01
7.35e-01
8.35e-01
9.99e-01
6.79e-01
8.80e-01
-4.73e-01
1.33e-01
2.19e-01
8.31e-01
-8.07e-01
-1.97e-01
8.09e-01
-1.08e-01
6.19e-01
-6.71e-01
2.55e-02
6.81e-01
-9.39e-01
-4.00e-01
5.36e-01
1.49e-01
2.20e-01
-6.43e-02
-9.61e-01
1.30e-01
2.60e-01
-7.77e-02
9.66e-01
-2.02e-01
3.95e-01
-1.05e-01
-2.58e-01
-2.69e-01
-9.02e-01
2.16e-01
-4.50e-02
6.71e-01
-8.57e-01
-5.61e-01
-8.45e-01
6.45e-01
-4.40e-01
-2.01e-01
7.25e-01
-5.12e-01
-7.38e-01
6.72e-01
2.05e-01
-8.72e-01
6.97e-01
-9.85e-02
9.06e-01
4.65e-01
8.01e-01
2.28e-01
1.73e-01
2.40e-01
-7.39e-01
7.17e-01
4.74e-01
3.13e-01
1.91e-01
9.01e-01
-8.66e-01
4.31e-01
-7.19e-01
-4.42e-01
-5.30e-01
