7.83e-01
-8.90e-01
-2.59e-01
-2.72e-01
6.05e-01
-5.15e-01
-9.50e-01
-2.13e-01
7.55e-03
-7.21e-01
1.89e-01
-1.85e-01
-6.37e-01
-4.75e-01
-8.70e-01
-2.51e-01
-1.15e-01
-5.83e-01
1.42e-01
-2.15e-01
-1.40e-01
7.02e-01
3.17e-01
-7.25e-01
-6.98e-01
5.20e-01
-9.50e-01
-7.91e-01
-5.79e-03
-1.30e-01
-2.91e-01
-1.63e-01
5.39e-01
2.12e-01
8.25e-01
-4.73e-01
-5.35e-01
-2.92e-01
-4.00e-01
7.35e-01
-4.92e-01
-2.56e-01
-6.19e-01
-1.72e-01
9.48e-01
8.42e-01
-9.03e-01
-4.96e-01
-2.39e-01
8.88e-01
5.84e-01
6.55e-01
5.27e-01
1.74e-01
-3.97e-01
-4.49e-01
5.43e-01
4.23e-01
-2.18e-01
-2.97e-01
9.26e-01
3.20e-01
-5.40e-01
2.25e-01
-9.18e-01
3.28e-01
1.04e-01
-5.42e-01
5.82e-02
-1.64e-03
8.01e-01
5.05e-01
6.92e-01
-7.65e-01
8.14e-01
2.72e-01
9.19e-01
-3.87e-01
3.98e-01
-4.23e-01
8.07e-01
-9.98e-01
1.15e-01
6.25e-01
4.83e-01
-1.62e-01
-3.46e-01
3.30e-02
7.23e-01
-9.37e-01
1.50e-01
3.73e-01
-2.56e-01
-3.00e-01
-2.84e-01
-9.85e-02
3.84e-01
-5.17e-01
-6.52e-01
-8.65e-01
-7.10e-01
6.71e-01
-4.39e-01
-1.15e-01
-7.30e-02
-6.65e-01
3.24e-01
3.78e-01
5.85e-01
8.73e-01
9.97e-01
-2.68e-01
-4.38e-01
-9.88e-01
7.90e-01
2.00e-01
-6.46e-01
6.73e-01
-6.47e-02
-8.42e-01
-2.55e-01
1.91e-01
9.82e-01
1.74e-01
-9.61e-01
9.89e-01
2.55e-01
-8.50e-01
-8.33e-01
5.16e-01
-5.09e-02
5.71e-01
8.21e-02
1.94e-01
2.94e-01
8.71e-01
-9.49e-01
-3.39e-01
-4.30e-01
-4.09e-01
-1.48e-01
-5.96e-01
-9.37e-01
-6.32e-01
6.10e-01
6.14e-02
6.43e-01
-6.46e-01
1.08e-01
5.45e-02
1.83e-01
6.01e-01
7.16e-01
4.02e-02
-2.78e-01
8.12e-01
7.52e-01
5.90e-01
-3.49e-01
8.83e-01
-1.56e-02
7.76e-01
-7.84e-01
-7.30e-01
5.27e-01
-9.54e-01
-9.93e-01
-7.85e-01
4.71e-01
3.63e-01
5.39e-01
-9.65e-04
2.97e-01
-3.56e-01
7.83e-01
-3.27e-01
5.67e-01
-5.55e-01
2.49e-01
-4.65e-01
-3.33e-01
3.13e-01
-4.71e-01
8.78e-02
-3.88e-01
-5.22e-01
-6.25e-01
6.86e-02
-4.43e-01
1.10e-01
6.22e-01
8.37e-01
-8.89e-01
7.81e-01
-4.15e-01
-7.02e-01
-6.53e-01
-6.15e-01
1.41e-02
8.46e-01
-5.37e-01
-4.38e-01
-9.55e-01
1.33e-01
-4.46e-01
5.32e-01
-1.78e-01
-1.97e-01
8.09e-01
-1.08e-01
6.19e-01
-6.71e-01
2.55e-02
6.81e-01
-9.39e-01
-4.00e-01
5.36e-01
1.49e-01
2.20e-01
-6.43e-02
-9.61e-01
1.30e-01
2.60e-01
-7.77e-02
9.66e-01
-2.02e-01
3.95e-01
-1.05e-01
-2.58e-01
-2.69e-01
-9.02e-01
2.16e-01
-4.50e-02
6.71e-01
-8.57e-01
-5.61e-01
-8.45e-01
6.45e-01
-4.40e-01
5.91e-01
-5.70e-01
5.13e-01
1.24e-01
6.72e-01
2.05e-01
-8.72e-01
6.97e-01
7.97e-01
9.06e-01
4.65e-01
8.01e-01
2.28e-01
1.73e-01
2.40e-01
-7.39e-01
7.17e-01
4.74e-01
3.13e-01
-4.94e-02
2.02e-01
-1.95e-01
-3.34e-01
-5.36e-01
-8.25e-02
-5.81e-01
