-7.82e-01
-9.83e-01
7.63e-01
9.16e-01
6.68e-01
8.38e-01
-9.36e-01
-4.96e-01
6.00e-01
-8.23e-01
-2.87e-01
7.43e-01
-3.37e-02
-6.97e-01
8.84e-01
2.36e-01
-2.21e-01
5.48e-01
5.66e-01
-1.74e-01
6.63e-01
3.29e-01
2.22e-01
-1.56e-01
8.23e-01
-5.50e-01
-6.59e-01
2.62e-02
3.31e-01
9.51e-01
-7.41e-01
-7.18e-01
5.64e-01
-7.45e-01
-3.13e-01
-2.01e-01
-7.29e-02
-3.61e-01
2.42e-01
-2.17e-01
-1.58e-01
-2.99e-01
-9.54e-01
3.28e-01
-6.58e-01
-2.09e-01
-6.68e-01
-1.45e-01
1.15e-01
-5.81e-01
-5.20e-01
4.77e-01
4.86e-01
8.98e-02
-3.77e-01
8.76e-01
5.76e-01
1.39e-01
-4.28e-01
-4.60e-01
4.11e-01
-5.88e-01
-8.30e-02
-7.13e-01
5.85e-01
5.66e-01
-3.14e-01
-2.89e-01
2.06e-01
6.47e-01
-9.06e-01
3.98e-02
7.40e-01
7.55e-01
3.17e-01
4.58e-01
5.63e-01
6.66e-01
-5.26e-02
-7.83e-01
-5.44e-01
-9.68e-01
3.13e-01
1.53e-01
-6.58e-01
5.83e-01
4.90e-01
-3.39e-01
-2.02e-01
-4.05e-02
4.40e-01
3.22e-01
8.24e-01
6.10e-01
5.61e-01
-4.35e-01
-5.09e-01
9.91e-01
-8.60e-01
8.95e-01
8.36e-01
-4.58e-01
4.97e-01
-5.23e-01
9.75e-01
-7.96e-01
-3.63e-01
-5.11e-01
-7.04e-02
7.38e-01
8.79e-01
2.01e-01
8.98e-01
-2.63e-01
-2.03e-01
-3.48e-03
7.57e-01
-9.21e-01
3.84e-02
8.37e-01
1.23e-01
2.95e-01
-2.25e-01
5.35e-01
-4.88e-01
5.26e-01
3.22e-01
1.94e-01
2.34e-01
1.48e-01
-8.97e-01
-6.80e-01
7.44e-01
-2.30e-01
-9.59e-01
-8.04e-01
-7.05e-01
7.76e-01
8.12e-02
1.30e-01
2.72e-01
-2.36e-01
1.96e-03
-9.66e-01
-9.73e-01
-5.80e-01
8.85e-01
2.68e-01
-9.47e-01
5.46e-01
6.41e-01
4.37e-01
-1.31e-01
6.07e-01
-9.01e-01
1.52e-01
-8.17e-01
-7.78e-01
2.76e-01
-2.66e-01
2.07e-01
-1.42e-01
-6.47e-01
5.63e-01
-1.22e-01
7.14e-02
-9.81e-01
8.41e-02
6.41e-01
-2.86e-01
9.45e-01
-6.78e-01
-9.34e-01
-7.50e-01
-1.54e-01
-4.30e-01
-5.64e-01
-4.32e-01
6.70e-01
-2.71e-01
2.55e-01
-3.53e-01
6.59e-01
-7.72e-01
-8.01e-01
1.78e-01
-2.95e-01
8.32e-01
4.73e-01
7.92e-01
-3.03e-01
-5.62e-01
-7.83e-01
2.29e-01
7.22e-02
-7.28e-01
-4.03e-03
5.33e-01
6.50e-01
-3.94e-01
-5.61e-01
-6.70e-01
9.56e-01
3.99e-01
-2.46e-01
1.73e-01
2.39e-01
-4.96e-02
-9.27e-01
3.42e-01
4.41e-01
2.95e-01
3.18e-01
9.74e-01
6.64e-01
-9.73e-01
8.16e-01
-7.71e-01
6.64e-01
5.09e-01
1.41e-01
4.46e-01
7.73e-01
-7.61e-01
1.51e-01
-6.64e-01
-1.30e-01
6.32e-01
-6.36e-01
-6.94e-01
4.46e-01
-4.40e-01
-1.88e-01
8.39e-02
-2.25e-01
3.26e-01
-6.77e-01
9.43e-01
1.68e-01
4.33e-01
-4.86e-01
2.67e-01
-9.36e-01
5.50e-01
-1.51e-01
-7.07e-01
-4.90e-02
-4.38e-01
-3.39e-02
7.93e-01
4.17e-01
-9.28e-01
3.36e-01
-7.53e-01
8.58e-01
7.10e-01
4.34e-01
1.79e-01
-4.10e-02
1.69e-01
-8.58e-01
2.94e-01
-4.47e-01
-2.27e-02
-8.95e-01
