9.01e-01
-9.58e-01
-9.51e-01
-6.68e-01
-1.60e-01
-6.19e-02
7.45e-01
-2.69e-01
-2.99e-01
7.15e-01
2.60e-02
4.43e-01
-4.94e-01
-8.45e-01
-9.56e-01
9.35e-01
2.95e-01
9.14e-01
-4.30e-01
3.53e-02
-5.54e-01
7.25e-01
-3.87e-02
-6.85e-01
2.01e-01
-5.81e-01
8.06e-01
4.07e-01
-3.39e-02
-3.45e-01
-2.50e-01
1.66e-01
-3.69e-01
-5.12e-01
9.05e-01
8.86e-01
-1.69e-01
-7.74e-01
9.72e-01
-8.93e-01
-2.82e-01
-7.29e-01
-5.72e-02
-3.98e-01
6.84e-01
1.40e-01
7.95e-01
-1.23e-01
8.36e-01
4.33e-02
5.79e-01
1.57e-01
-1.05e-01
-4.36e-01
9.28e-01
-7.68e-01
-3.47e-01
-8.30e-03
-1.04e-01
7.18e-02
-7.33e-01
-1.51e-01
7.74e-01
-1.90e-01
9.16e-01
6.64e-01
6.01e-01
8.73e-01
5.28e-02
-5.74e-02
8.61e-01
5.67e-01
-3.09e-01
-4.83e-01
-1.09e-01
1.61e-01
2.72e-01
-3.67e-01
-2.80e-01
-9.99e-01
-8.15e-01
4.99e-01
6.97e-02
-9.19e-01
1.69e-01
2.56e-01
-6.11e-01
3.94e-01
9.34e-01
7.28e-01
-2.95e-01
-9.75e-03
9.16e-01
-1.84e-01
2.65e-01
9.63e-01
-2.38e-01
4.17e-02
1.43e-01
-6.15e-01
-1.64e-01
-9.34e-01
3.98e-01
-3.37e-01
2.68e-01
8.26e-01
-3.89e-01
-7.09e-01
6.27e-01
1.31e-01
-5.71e-01
9.78e-01
-5.58e-01
3.80e-01
7.20e-01
6.33e-02
7.68e-01
6.90e-01
-9.71e-01
-3.00e-01
-9.04e-01
3.34e-01
-5.36e-01
7.92e-02
8.15e-01
2.93e-01
-3.52e-01
8.49e-01
4.08e-01
-4.22e-01
-1.26e-01
3.00e-01
8.81e-01
-6.00e-01
-3.42e-01
-8.94e-01
-3.98e-01
5.40e-01
-6.56e-01
-3.57e-01
-8.06e-01
1.74e-01
8.28e-01
2.13e-01
-7.13e-01
5.96e-01
-2.11e-01
-3.86e-01
5.59e-01
5.94e-01
5.57e-01
9.56e-01
-7.65e-01
8.14e-01
2.30e-01
9.07e-01
-9.49e-01
5.96e-01
1.17e-02
-8.06e-02
2.21e-01
-1.83e-01
7.15e-01
-5.48e-01
5.47e-01
-5.48e-01
1.33e-01
-3.74e-01
8.67e-01
9.29e-01
-8.86e-01
-8.71e-01
-8.52e-01
-2.88e-02
5.28e-01
9.77e-01
8.37e-01
2.41e-03
1.21e-01
2.93e-01
9.11e-01
7.61e-01
6.52e-01
-4.66e-01
-3.75e-01
-4.89e-01
2.33e-01
-2.28e-01
-3.26e-01
1.92e-01
3.95e-02
2.37e-01
-3.21e-01
9.66e-02
9.48e-01
3.24e-01
2.89e-01
5.26e-01
-8.81e-01
7.79e-01
7.81e-01
-6.86e-01
2.98e-01
-4.88e-02
-7.32e-01
-3.75e-01
2.85e-01
2.34e-01
2.71e-01
-8.06e-01
3.15e-02
-4.74e-01
3.16e-01
8.19e-01
8.13e-01
-8.11e-01
-5.64e-01
-3.13e-01
-1.42e-01
-7.01e-01
-3.05e-01
9.16e-01
4.54e-01
5.84e-01
8.33e-01
-5.99e-01
-5.55e-01
3.43e-01
7.99e-01
-6.04e-01
3.66e-01
9.80e-01
6.00e-01
5.39e-01
-3.58e-01
-5.43e-02
-6.42e-01
-2.06e-01
5.63e-01
-6.28e-01
-6.87e-01
-8.92e-01
7.71e-01
4.04e-02
6.82e-03
-4.61e-01
6.79e-01
-8.51e-01
4.24e-02
-7.53e-01
7.80e-01
-1.22e-01
5.29e-01
8.67e-01
7.97e-01
2.20e-01
9.71e-01
5.43e-01
-8.03e-01
7.61e-01
-6.44e-01
7.86e-01
4.86e-01
-7.94e-02
6.60e-01
