-7.70e-01
8.52e-01
7.06e-01
9.37e-01
3.65e-01
-9.13e-01
-5.28e-01
6.92e-01
-6.81e-01
-5.89e-01
-8.70e-01
-9.55e-01
6.94e-01
-4.60e-01
8.42e-01
-2.16e-01
8.99e-01
-8.25e-01
6.13e-01
-8.44e-01
5.07e-01
5.60e-01
-7.45e-01
-3.60e-01
7.19e-01
-8.65e-01
3.35e-01
9.13e-01
1.38e-01
-4.57e-01
-1.38e-01
3.71e-01
9.55e-01
-2.89e-01
1.32e-01
-8.04e-01
9.61e-01
7.56e-01
7.94e-01
4.80e-01
-6.11e-01
-1.29e-01
2.37e-01
-6.15e-01
-1.92e-01
-7.33e-01
7.86e-02
7.75e-01
-8.57e-02
3.99e-01
-9.27e-01
-9.68e-01
-6.55e-01
8.65e-01
5.36e-01
5.65e-01
6.85e-01
2.65e-01
-1.74e-03
-3.37e-01
-2.18e-01
-2.84e-01
-3.86e-01
5.84e-01
5.48e-02
3.59e-03
-2.72e-01
4.77e-01
-7.96e-01
-1.92e-01
8.06e-01
-8.15e-01
-6.81e-01
-7.86e-01
-1.87e-01
8.48e-01
-9.34e-01
-6.97e-01
5.73e-02
-3.20e-01
-7.40e-01
9.81e-01
-7.76e-01
-3.88e-01
-6.19e-04
4.49e-01
-6.15e-01
6.04e-01
3.00e-01
-4.51e-01
-2.54e-02
-1.43e-01
6.54e-01
1.49e-01
-9.48e-01
4.29e-01
-1.36e-01
-6.35e-01
-8.27e-01
9.33e-01
2.35e-01
-3.37e-01
3.98e-01
-3.37e-01
8.88e-01
-4.68e-02
-5.03e-01
-2.80e-01
5.35e-01
-5.10e-01
4.96e-01
6.26e-01
-2.21e-02
-3.53e-01
-7.65e-01
-3.59e-01
-5.01e-01
-3.51e-01
-5.64e-03
1.41e-01
-4.54e-01
7.26e-01
1.87e-01
7.03e-01
9.52e-01
2.46e-01
-2.58e-01
3.44e-01
-7.45e-01
-1.99e-02
-4.06e-01
-1.57e-01
2.99e-01
-2.47e-01
-8.10e-01
-8.15e-01
7.18e-01
-2.10e-01
-8.71e-01
-7.97e-01
2.88e-01
-4.24e-01
-8.75e-01
2.13e-01
-7.13e-01
5.96e-01
-2.11e-01
-3.86e-01
5.59e-01
5.94e-01
9.29e-01
9.56e-01
-7.65e-01
8.14e-01
2.30e-01
9.07e-01
-6.47e-01
7.31e-02
8.14e-01
4.88e-01
-2.80e-01
9.17e-01
-8.64e-01
-6.96e-01
-8.04e-01
3.09e-01
9.94e-01
9.96e-01
-9.55e-01
3.90e-01
4.36e-01
4.20e-01
-2.41e-01
5.32e-01
5.10e-01
1.01e-01
-6.98e-01
9.89e-01
-2.45e-01
-7.08e-01
-3.98e-01
-8.50e-01
-4.12e-01
-5.75e-01
7.77e-01
1.54e-01
-5.00e-01
-6.64e-01
-2.41e-01
-3.82e-01
-8.59e-01
-5.61e-01
-2.63e-01
7.92e-01
5.10e-01
-3.47e-01
-9.78e-01
-1.42e-01
1.45e-01
-7.91e-01
2.84e-01
1.88e-02
4.29e-02
-2.36e-01
8.02e-01
-3.21e-01
7.97e-01
8.78e-01
-3.16e-01
-8.00e-01
7.54e-01
8.63e-01
-5.93e-01
1.08e-01
7.75e-01
-8.77e-01
-6.35e-01
8.29e-01
-1.79e-01
-5.32e-01
-3.46e-01
-4.31e-01
-2.51e-01
6.39e-01
8.68e-01
-9.58e-01
-6.80e-01
1.94e-01
9.95e-01
3.04e-01
3.11e-01
-7.06e-01
-5.73e-02
9.19e-01
-5.90e-01
3.81e-01
-5.19e-01
7.03e-01
9.20e-03
3.01e-01
-5.34e-01
-7.93e-01
6.73e-01
2.08e-02
-7.99e-01
-7.71e-01
-1.38e-01
-5.58e-01
-6.33e-01
9.30e-01
-8.82e-01
7.85e-01
6.17e-01
-5.82e-01
-6.52e-01
9.91e-01
8.26e-01
8.72e-01
-8.25e-02
6.52e-01
-6.83e-01
-8.40e-01
-6.48e-01
-5.56e-01
5.52e-01
