-2.94e-01
-4.55e-01
2.27e-02
-1.10e-02
8.14e-01
-6.85e-01
-4.77e-01
-9.80e-01
-1.03e-01
-6.49e-01
6.84e-01
4.35e-01
-1.58e-01
9.44e-01
-7.34e-01
8.36e-01
7.46e-01
2.17e-01
-2.80e-01
1.83e-01
-8.54e-01
-3.81e-01
4.95e-01
7.49e-01
-3.04e-01
-6.82e-01
-8.14e-01
5.47e-01
6.35e-01
5.77e-01
-1.01e-01
-7.02e-01
6.76e-01
8.78e-01
-7.55e-01
3.22e-01
4.92e-01
9.20e-01
7.58e-01
-3.13e-01
8.32e-01
8.58e-01
3.22e-02
9.61e-01
-8.47e-01
9.66e-01
-4.81e-01
2.48e-01
3.41e-01
-7.26e-01
4.44e-01
7.71e-01
1.46e-01
-9.67e-01
9.88e-01
-4.41e-01
-2.14e-01
-4.55e-01
3.33e-01
7.13e-01
-5.33e-01
-6.65e-01
-1.17e-01
-2.82e-01
-5.73e-02
6.66e-01
4.04e-02
9.36e-01
-1.78e-01
-7.46e-01
1.09e-01
-8.03e-01
6.85e-01
-6.21e-01
-3.17e-01
3.07e-01
-9.72e-01
-8.51e-01
-5.70e-01
8.28e-01
-4.37e-01
2.82e-01
-4.02e-01
1.60e-01
-3.84e-02
9.15e-01
-8.72e-01
1.00e-01
-3.12e-01
9.54e-01
-8.65e-01
3.93e-01
-9.70e-01
-5.45e-02
-5.60e-02
8.72e-01
8.12e-01
-4.28e-01
-9.96e-01
-7.07e-01
1.98e-01
8.01e-01
-9.02e-01
9.45e-01
-3.13e-01
-1.35e-01
-7.36e-01
-9.33e-01
-7.14e-01
8.55e-01
9.27e-01
8.65e-01
9.90e-01
7.60e-01
-1.44e-01
-3.83e-03
6.62e-01
-5.77e-01
-2.31e-01
-7.88e-01
7.77e-01
-1.47e-01
-6.01e-01
9.51e-01
-5.07e-01
-8.87e-01
-5.70e-01
-2.92e-01
5.23e-01
5.13e-02
-8.02e-01
-5.68e-01
6.89e-01
-4.03e-01
2.93e-01
-4.08e-01
-4.39e-01
-1.59e-01
6.52e-01
-5.31e-01
-9.58e-01
7.84e-01
1.89e-01
-2.91e-03
-4.78e-02
-3.60e-01
6.64e-01
-2.79e-01
1.40e-01
-8.64e-01
3.87e-01
1.96e-01
3.39e-01
8.31e-01
-8.61e-01
6.10e-01
7.59e-01
-7.15e-01
3.45e-01
9.02e-02
3.72e-04
8.62e-01
4.40e-01
8.95e-01
7.50e-01
8.37e-01
-6.64e-01
1.12e-02
-8.74e-01
-7.15e-01
8.52e-01
-9.35e-01
7.80e-01
5.25e-01
-2.43e-01
-2.78e-01
4.63e-01
-2.68e-01
-8.78e-01
2.75e-01
-6.03e-01
6.70e-01
-3.34e-01
8.23e-01
9.25e-01
7.07e-01
4.05e-01
-5.42e-01
6.61e-01
-2.77e-01
1.14e-01
-6.59e-01
7.36e-01
-8.80e-01
5.99e-01
7.28e-01
-8.07e-01
4.68e-01
-1.16e-01
9.07e-01
3.40e-01
-8.48e-01
-7.95e-01
-1.31e-01
-5.56e-01
-7.58e-01
-3.88e-01
8.85e-01
-9.25e-01
6.59e-01
9.46e-01
-6.47e-01
-9.94e-01
-1.83e-01
-4.79e-01
-4.07e-01
2.27e-01
9.26e-01
-2.13e-01
-9.48e-01
2.55e-01
4.68e-01
5.05e-01
2.52e-01
-8.18e-01
-2.35e-01
7.43e-01
9.45e-02
8.30e-01
9.01e-01
-5.60e-01
-9.50e-01
1.59e-01
3.77e-01
1.58e-01
-4.01e-01
9.29e-01
-7.81e-01
-5.66e-01
-6.70e-01
-3.23e-01
3.16e-01
9.07e-01
-5.22e-01
8.19e-01
-9.36e-01
-3.14e-02
8.36e-01
7.87e-01
-3.99e-01
-6.58e-01
-8.88e-01
-4.60e-01
-1.68e-01
3.48e-01
9.11e-01
-9.39e-01
8.15e-02
-1.91e-01
-7.07e-01
-4.50e-01
-6.34e-01
-1.04e-02
1.72e-01
-8.31e-02
