-9.82e-01
6.25e-01
8.82e-01
5.47e-01
-5.31e-02
2.74e-01
2.96e-01
-3.03e-01
-1.81e-01
-5.56e-02
-3.89e-01
9.58e-01
-3.58e-01
2.00e-01
-5.04e-01
2.11e-01
-4.80e-01
3.53e-02
-7.49e-02
-2.21e-01
2.95e-02
-1.68e-01
-2.41e-01
-8.35e-01
6.11e-01
5.78e-01
-7.71e-01
-2.71e-02
7.20e-01
5.56e-01
6.94e-01
-8.52e-01
-3.08e-01
6.94e-01
-4.37e-01
-7.69e-03
8.38e-01
-3.86e-01
-2.52e-01
-1.33e-02
4.35e-01
8.24e-02
9.83e-01
1.87e-01
-3.18e-01
-5.98e-01
5.68e-01
-2.49e-01
-4.74e-01
6.54e-01
-8.58e-01
8.12e-01
-7.06e-01
-8.00e-01
2.69e-01
8.33e-01
-2.21e-01
8.89e-01
-9.55e-01
-6.08e-01
-4.21e-01
-1.50e-01
6.92e-01
-8.92e-02
4.91e-01
-2.20e-01
2.19e-01
5.73e-01
9.31e-01
7.61e-01
2.77e-01
7.07e-01
6.97e-01
2.30e-01
7.84e-01
6.93e-01
7.97e-01
4.97e-01
1.64e-01
-5.25e-01
-1.30e-02
3.94e-01
-7.86e-01
-1.73e-02
-9.47e-01
2.02e-01
-6.14e-01
6.19e-01
4.53e-01
-9.79e-01
4.50e-01
-5.78e-02
-8.80e-01
-4.36e-01
9.25e-01
-8.79e-01
4.70e-01
-5.30e-01
7.01e-02
9.33e-01
-5.14e-01
-5.22e-01
-1.24e-01
-8.36e-01
-6.15e-01
1.17e-01
-3.63e-01
2.87e-01
5.67e-02
-7.67e-01
-5.15e-01
6.48e-01
3.55e-01
5.74e-01
-8.88e-01
4.58e-02
3.04e-01
5.16e-01
6.25e-01
-3.18e-02
-1.40e-01
-6.57e-01
-9.14e-02
-6.01e-01
-5.62e-01
8.31e-01
4.76e-01
-2.42e-01
-7.26e-01
-9.06e-01
-4.01e-01
6.32e-01
-4.20e-01
-8.21e-01
-7.15e-01
5.88e-01
5.87e-01
7.62e-01
-9.69e-01
-6.05e-01
6.23e-01
3.61e-01
6.96e-01
3.44e-01
-3.85e-02
2.87e-01
-9.60e-01
4.54e-01
8.22e-01
-2.81e-01
-6.14e-01
1.54e-01
4.89e-01
-1.11e-01
-3.54e-01
8.28e-01
2.26e-01
1.26e-01
5.42e-01
7.43e-01
3.56e-01
6.46e-01
9.78e-01
-9.41e-01
5.74e-02
-8.40e-01
-3.14e-01
-4.21e-01
6.49e-02
3.36e-01
8.16e-01
-4.22e-01
4.04e-01
7.50e-01
6.95e-01
6.93e-01
7.97e-01
-8.59e-01
6.04e-01
-4.90e-01
-2.25e-01
9.59e-01
-8.56e-01
-2.38e-01
-8.41e-01
-1.07e-01
3.36e-01
9.75e-01
9.34e-01
9.02e-01
8.04e-01
-5.23e-01
-7.65e-01
-5.25e-01
2.85e-01
-9.00e-01
1.51e-01
2.80e-01
6.88e-02
-8.24e-01
-9.95e-01
9.40e-01
4.44e-01
-3.28e-01
3.98e-01
-5.98e-01
1.45e-01
5.16e-01
8.90e-01
-1.50e-01
-5.50e-01
-7.87e-01
2.98e-01
5.68e-01
6.34e-01
5.48e-01
5.75e-01
3.58e-01
-7.37e-01
-7.86e-01
8.00e-01
-5.36e-01
2.94e-01
8.48e-01
6.58e-01
1.84e-01
-5.78e-01
9.75e-01
-7.07e-01
-6.68e-02
-4.14e-01
9.83e-01
6.27e-01
4.93e-01
-1.39e-01
7.43e-01
-2.34e-01
-8.34e-01
-9.34e-01
-6.09e-01
9.02e-02
-4.01e-01
5.56e-02
5.94e-01
-7.38e-01
-9.19e-01
-3.03e-01
4.21e-01
5.81e-02
-4.56e-01
-5.71e-01
1.43e-01
-7.12e-02
-7.74e-01
-9.88e-01
1.45e-01
-8.92e-02
1.51e-01
-8.35e-02
-1.80e-01
-3.56e-01
-7.28e-01
7.83e-01
-7.63e-01
8.72e-01
