-3.35e-01
4.03e-01
5.21e-01
-3.71e-01
7.54e-01
-4.37e-01
7.87e-01
1.90e-01
-4.87e-01
1.85e-01
-1.17e-01
8.99e-01
4.22e-01
-4.26e-02
1.58e-01
-8.62e-01
-1.06e-01
-2.33e-02
3.96e-01
1.72e-01
-3.91e-01
5.65e-01
9.81e-01
9.44e-01
-7.26e-02
-2.19e-01
2.88e-01
3.92e-01
3.85e-01
3.53e-01
-4.71e-01
-8.60e-01
-8.67e-01
6.77e-01
5.99e-01
7.66e-01
9.83e-01
7.64e-01
1.46e-03
1.73e-02
-5.51e-01
-3.01e-02
8.82e-01
5.84e-01
-8.92e-01
6.10e-01
-8.94e-01
2.40e-01
2.82e-01
4.41e-01
3.31e-01
8.50e-01
-5.31e-01
9.55e-01
7.99e-01
-2.28e-01
5.64e-01
8.53e-01
8.90e-01
-4.73e-01
7.22e-01
6.55e-01
1.53e-01
3.83e-01
-7.78e-01
-7.63e-01
-2.57e-01
-4.20e-01
-1.70e-01
-4.73e-01
-6.61e-01
2.65e-01
-5.37e-01
3.93e-01
-7.94e-02
9.48e-01
-9.21e-01
-6.18e-02
7.70e-01
4.32e-01
-3.75e-01
-9.87e-01
3.42e-01
-1.46e-01
4.72e-01
2.63e-01
8.82e-01
7.60e-01
-2.43e-01
-8.21e-01
-5.53e-01
-4.06e-02
-1.49e-01
3.92e-01
5.13e-01
-1.44e-01
-3.92e-01
9.70e-01
9.88e-02
-1.23e-01
-1.36e-01
-4.55e-01
9.28e-01
9.56e-02
-3.33e-01
9.41e-01
-3.82e-01
7.89e-01
8.98e-01
8.08e-01
5.86e-01
8.62e-02
-6.52e-01
6.33e-01
5.18e-01
-8.61e-01
3.83e-01
2.70e-01
2.04e-01
7.31e-01
6.14e-01
-4.61e-02
-2.38e-01
-8.97e-01
-4.18e-01
-4.76e-02
-6.27e-01
-6.31e-01
-8.54e-01
-2.17e-01
7.70e-01
-2.53e-01
-6.73e-01
-8.40e-01
1.66e-03
6.34e-01
8.19e-02
-3.67e-01
4.59e-01
-7.85e-01
6.34e-01
6.75e-01
5.94e-01
-1.38e-01
-9.74e-01
8.74e-01
-8.27e-01
-5.38e-01
-7.47e-01
-8.53e-01
2.08e-01
3.93e-01
2.88e-01
-8.14e-01
9.14e-01
9.11e-02
4.17e-01
-3.98e-01
5.13e-01
-4.10e-01
5.15e-01
2.15e-01
7.87e-02
1.50e-01
-7.42e-01
-7.42e-01
1.87e-01
4.80e-01
7.00e-01
2.57e-01
9.42e-02
-6.98e-01
-5.46e-01
5.77e-02
5.43e-01
-4.84e-01
-9.14e-01
-5.68e-01
6.64e-02
4.77e-01
4.98e-01
-3.07e-01
5.08e-02
-1.14e-01
-1.03e-01
7.20e-02
-8.24e-02
3.57e-02
-1.77e-01
1.16e-01
8.87e-01
-1.06e-01
5.39e-01
-7.11e-01
-2.27e-01
-8.97e-01
8.72e-01
-9.81e-01
-1.92e-01
-9.22e-01
3.03e-01
-4.75e-01
-3.75e-01
8.98e-01
1.14e-01
8.60e-01
-6.63e-01
-1.28e-01
-4.80e-01
7.41e-01
-1.62e-01
-5.79e-01
-8.00e-02
3.80e-02
7.45e-01
-7.54e-01
-2.14e-01
3.55e-01
1.32e-01
3.18e-01
7.52e-01
7.46e-01
8.73e-01
-2.55e-02
8.14e-01
-7.46e-01
-9.51e-02
6.05e-01
-3.78e-01
5.25e-01
4.41e-02
-6.54e-01
-3.08e-01
-2.69e-01
-8.57e-01
4.79e-01
9.85e-01
1.75e-01
3.76e-01
-6.80e-01
3.49e-02
-7.59e-01
2.54e-01
-9.29e-01
-6.15e-01
2.11e-01
5.74e-01
7.65e-01
4.76e-01
-7.57e-01
-2.54e-02
-4.87e-01
-1.61e-01
3.89e-01
-1.65e-01
4.78e-01
-1.58e-01
-1.18e-01
8.82e-01
-1.04e-01
-5.37e-01
9.71e-02
3.63e-01
6.59e-02
-4.03e-01
