4.27e-01
1.24e-01
5.90e-01
9.91e-01
-8.82e-01
1.80e-01
6.13e-01
9.26e-01
-7.92e-01
-5.11e-01
-2.91e-01
7.67e-01
9.03e-01
-9.78e-01
-8.87e-01
-2.72e-01
-6.54e-01
-6.20e-02
-7.01e-01
-5.11e-01
6.90e-01
-9.88e-02
3.67e-01
2.46e-01
6.26e-01
-7.13e-01
5.04e-01
8.00e-01
-5.57e-01
1.49e-01
-4.64e-01
9.07e-01
-2.15e-01
4.25e-01
8.82e-01
5.83e-01
2.75e-02
-3.47e-02
-5.96e-01
9.10e-01
7.15e-01
-6.81e-01
-1.23e-02
3.84e-01
-8.08e-01
-5.47e-02
-9.68e-01
-5.25e-01
2.26e-03
-9.71e-01
-7.74e-01
3.41e-01
5.90e-01
9.43e-01
-6.37e-01
7.21e-01
1.27e-02
-6.62e-01
3.75e-02
7.78e-01
-8.40e-01
-1.08e-01
-8.96e-01
-4.96e-01
8.03e-01
7.91e-01
-8.84e-01
8.30e-02
-3.33e-01
9.46e-01
1.41e-01
8.13e-02
7.05e-01
1.27e-02
-6.28e-01
-8.89e-01
-7.03e-01
-8.00e-01
-9.01e-01
-2.28e-01
6.61e-01
4.92e-01
9.33e-01
-8.29e-01
2.62e-01
-9.82e-01
3.36e-01
4.74e-01
-7.65e-01
7.64e-03
5.78e-01
2.29e-01
-9.94e-01
-2.60e-01
-8.40e-01
5.69e-01
-3.56e-01
-3.03e-01
-5.70e-01
5.59e-02
-8.07e-01
2.96e-01
-2.64e-01
-3.15e-01
-2.50e-01
-5.51e-01
9.90e-01
-7.46e-01
-2.61e-01
8.17e-01
4.46e-01
6.50e-01
-3.45e-01
-4.81e-01
-2.74e-01
4.80e-01
-8.12e-01
-6.11e-01
-4.13e-01
-1.14e-02
-1.30e-01
6.29e-02
-8.39e-02
-2.77e-01
8.73e-01
-5.82e-01
-4.60e-01
-2.31e-01
3.78e-01
-8.20e-01
-3.07e-01
-8.60e-01
4.78e-01
-5.33e-01
4.89e-02
-3.08e-01
4.24e-01
-2.44e-02
-2.76e-01
-5.67e-01
9.39e-01
3.62e-01
-2.38e-01
-5.08e-01
-8.97e-01
8.21e-01
-2.35e-01
-2.94e-01
1.18e-01
-1.53e-01
2.07e-02
2.20e-02
8.01e-01
-7.64e-01
7.81e-01
3.48e-01
-5.09e-01
-8.47e-01
-3.56e-01
3.28e-01
-8.55e-01
3.82e-01
7.41e-01
9.91e-01
4.49e-01
-3.75e-02
-1.31e-01
4.96e-01
-4.58e-01
-4.06e-01
-4.61e-01
-7.77e-01
-3.19e-01
8.51e-01
-3.10e-01
9.90e-01
-2.56e-01
3.82e-01
-4.43e-01
-4.00e-01
-2.06e-01
8.35e-01
-6.30e-01
1.64e-02
-8.07e-01
-5.15e-01
-2.58e-01
8.01e-01
5.77e-01
-4.05e-01
6.77e-01
-5.49e-02
-4.17e-01
4.44e-01
9.58e-01
6.49e-01
-8.96e-01
-8.50e-01
-4.84e-01
4.69e-01
6.64e-01
-3.10e-01
-3.10e-01
8.58e-01
-2.33e-01
9.23e-01
2.83e-02
2.77e-01
4.78e-01
-3.84e-02
-8.92e-01
-7.34e-01
-4.06e-01
2.74e-02
-3.28e-01
-2.54e-01
-6.33e-01
9.67e-01
9.52e-01
-2.59e-01
4.81e-01
-5.63e-01
8.41e-01
1.23e-01
4.44e-02
-1.36e-01
-4.58e-01
8.33e-01
1.38e-01
-7.53e-01
2.92e-01
8.03e-01
8.08e-02
5.24e-01
-9.83e-01
1.77e-01
2.04e-01
3.09e-01
4.74e-01
-9.86e-01
1.93e-01
8.48e-01
9.60e-01
-9.84e-01
-4.73e-01
-3.16e-01
4.50e-01
-5.37e-01
5.98e-01
-8.12e-01
-4.15e-01
-7.66e-01
1.98e-01
-5.65e-01
8.31e-01
-9.99e-01
2.07e-01
-4.56e-02
-7.25e-01
-3.05e-01
-3.37e-01
5.90e-01
-2.20e-01
6.24e-01
4.26e-01
