9.60e-01
1.85e-01
4.39e-01
1.59e-01
-1.12e-01
4.88e-01
4.32e-01
-9.22e-01
9.75e-01
6.59e-01
1.04e-01
7.43e-01
5.43e-01
8.98e-01
2.42e-01
1.20e-01
-3.04e-01
1.33e-01
-3.70e-01
-2.10e-01
-9.43e-01
-3.20e-01
5.34e-01
-7.04e-01
8.75e-01
6.82e-01
-8.94e-01
-1.63e-01
-6.64e-01
9.16e-01
7.35e-01
6.64e-01
3.33e-01
8.19e-01
5.85e-01
-2.34e-01
-7.42e-01
8.47e-01
-1.84e-01
3.46e-01
9.61e-01
-6.77e-01
5.52e-01
-7.83e-01
-8.91e-01
4.68e-01
-8.48e-01
-5.86e-02
-2.39e-02
7.76e-01
8.33e-01
-9.70e-01
9.08e-01
-9.92e-01
-1.78e-01
5.60e-01
-5.06e-01
9.56e-01
2.46e-01
-2.05e-01
-7.67e-01
-7.52e-02
-8.96e-01
-4.96e-01
8.03e-01
7.91e-01
-2.91e-01
3.81e-01
8.71e-01
-4.66e-01
5.71e-01
-6.96e-01
-7.66e-01
-1.93e-01
-5.11e-01
-9.81e-01
2.21e-01
-9.53e-01
3.17e-01
-4.33e-01
-5.59e-01
7.26e-01
5.19e-01
1.91e-01
7.86e-01
-9.38e-01
-9.89e-01
8.47e-01
-3.05e-01
-2.29e-01
1.48e-01
-6.48e-01
7.47e-01
3.72e-01
4.36e-01
-9.60e-01
-5.31e-01
1.50e-01
-4.39e-01
2.04e-01
6.87e-01
-3.88e-01
-7.86e-01
7.58e-01
3.26e-01
-3.94e-01
-5.20e-01
6.98e-01
3.46e-01
2.15e-01
-8.79e-01
1.19e-01
8.44e-01
-5.60e-01
2.14e-01
-4.59e-01
-7.40e-01
8.09e-01
9.73e-01
-4.69e-01
-7.75e-01
-9.63e-01
-8.32e-01
1.71e-01
1.29e-01
-5.71e-02
-9.23e-01
4.30e-01
3.83e-01
-2.40e-01
6.57e-01
-2.75e-01
6.96e-01
5.04e-01
-7.10e-01
-5.19e-02
4.05e-01
5.06e-01
-8.06e-01
-3.10e-01
-2.22e-02
9.00e-01
-7.15e-02
4.72e-01
8.41e-01
1.22e-01
5.67e-01
-9.46e-01
-7.11e-01
-9.09e-01
-4.83e-01
5.71e-01
1.02e-02
-2.59e-01
7.81e-01
3.48e-01
-5.09e-01
-8.47e-01
-3.56e-01
3.28e-01
-8.55e-01
3.82e-01
7.41e-01
9.91e-01
4.49e-01
-3.75e-02
-1.31e-01
4.96e-01
-4.58e-01
-4.06e-01
-4.61e-01
-7.77e-01
-3.19e-01
8.51e-01
-5.63e-01
-7.33e-01
3.44e-01
-3.92e-01
-6.12e-01
-3.41e-01
6.09e-02
2.82e-01
-5.40e-01
-2.08e-01
-6.23e-01
-5.15e-01
-2.58e-01
8.01e-01
5.77e-01
-4.05e-01
6.77e-01
-5.49e-02
-4.17e-01
4.44e-01
9.58e-01
6.49e-01
-8.96e-01
-8.50e-01
-4.84e-01
4.69e-01
6.64e-01
-3.10e-01
-3.10e-01
8.58e-01
-2.33e-01
9.23e-01
2.83e-02
2.77e-01
4.78e-01
-3.84e-02
-8.92e-01
-7.34e-01
-4.06e-01
2.74e-02
-3.28e-01
-2.54e-01
-6.33e-01
9.67e-01
9.52e-01
-2.59e-01
9.46e-01
-5.63e-01
8.41e-01
1.23e-01
4.44e-02
-1.36e-01
-4.58e-01
8.33e-01
1.38e-01
-7.53e-01
-7.94e-01
-1.61e-02
5.75e-01
6.38e-01
9.92e-01
1.56e-01
-5.14e-01
5.31e-01
-5.90e-01
5.56e-01
-5.51e-01
9.26e-01
9.72e-01
8.08e-01
6.60e-01
-3.30e-01
-1.14e-01
-4.64e-01
3.33e-01
-5.39e-01
-9.65e-01
-5.69e-01
-7.43e-01
3.80e-01
-7.91e-01
7.67e-02
2.07e-01
-4.56e-02
-7.25e-01
-3.05e-01
-3.37e-01
5.90e-01
-2.20e-01
6.24e-01
4.26e-01
