9.35e-01
9.78e-01
5.08e-01
-1.38e-01
-2.54e-01
-1.15e-01
1.33e-01
-4.62e-02
9.24e-01
-7.68e-01
-7.27e-01
-7.40e-01
6.87e-01
-3.80e-02
2.51e-01
-8.98e-01
-2.29e-01
2.86e-01
-1.43e-01
1.90e-01
8.84e-02
-8.13e-01
-9.63e-01
-5.72e-01
-8.66e-01
-5.57e-01
6.70e-01
1.92e-01
-7.08e-02
-4.60e-01
-6.98e-01
9.20e-01
-1.65e-01
9.88e-01
2.92e-01
5.84e-01
-3.52e-01
-7.34e-01
-3.24e-01
2.10e-01
9.10e-01
9.93e-02
-8.99e-01
6.35e-01
6.66e-01
-8.62e-01
4.60e-01
6.82e-01
7.32e-01
8.24e-01
9.84e-01
1.31e-01
-9.34e-01
6.62e-01
1.65e-01
-2.20e-01
-8.93e-02
-8.36e-01
6.50e-01
-1.12e-01
-5.57e-01
5.14e-01
-6.94e-01
-9.78e-01
-9.06e-01
-6.25e-01
4.12e-01
7.86e-01
-2.68e-01
6.82e-01
6.79e-02
-2.55e-01
-9.18e-01
1.45e-01
-1.49e-01
5.50e-01
-4.24e-01
-9.28e-01
-7.93e-01
-2.26e-01
-8.75e-01
-9.43e-01
1.67e-01
5.23e-01
3.30e-01
-4.34e-01
7.46e-01
-9.39e-01
6.94e-01
-6.40e-01
5.45e-01
7.53e-02
8.81e-01
2.37e-01
-8.89e-01
-2.84e-01
-1.08e-01
3.60e-01
3.09e-01
-8.09e-02
-1.13e-02
9.68e-01
-9.49e-01
3.52e-01
-8.36e-01
7.95e-02
-3.28e-01
-4.26e-01
-1.27e-01
1.84e-01
8.04e-02
-8.83e-01
3.35e-01
9.48e-01
9.29e-01
-1.48e-01
4.18e-01
-5.86e-01
-5.96e-02
-4.04e-01
-5.15e-01
1.29e-01
3.97e-01
-5.28e-02
-8.15e-01
-6.26e-01
-5.06e-01
-3.07e-01
2.02e-01
5.45e-02
1.18e-01
9.10e-01
7.86e-01
3.30e-01
1.67e-01
-5.38e-01
6.44e-01
-2.74e-01
-3.70e-01
6.95e-01
1.95e-01
-7.39e-01
-2.46e-01
7.93e-01
-8.61e-01
-7.77e-01
3.46e-01
-8.66e-01
7.14e-01
6.16e-01
6.14e-01
8.73e-02
1.14e-01
-6.96e-01
-4.70e-01
-7.07e-01
7.36e-01
-5.63e-01
-5.97e-03
4.27e-02
1.47e-01
-7.43e-01
2.43e-01
-1.75e-01
-2.47e-01
-3.41e-01
-4.05e-01
4.31e-01
-6.57e-01
4.44e-01
-7.90e-02
8.87e-01
-3.93e-01
-8.07e-01
-5.63e-01
-7.33e-01
3.44e-01
-3.92e-01
-6.12e-01
-3.41e-01
6.09e-02
2.82e-01
-5.40e-01
-2.08e-01
-6.23e-01
-5.57e-01
8.30e-01
2.25e-01
8.19e-01
-1.20e-01
3.64e-01
5.41e-01
6.60e-01
-6.13e-01
6.77e-01
6.26e-01
2.90e-01
2.14e-01
-4.89e-03
-8.24e-01
-3.69e-01
4.69e-01
3.67e-01
-4.96e-01
1.92e-01
-8.36e-01
-9.13e-01
-6.02e-01
-4.12e-01
-9.78e-02
-7.10e-01
-5.25e-01
2.58e-01
-6.91e-01
-3.47e-01
9.85e-01
-2.45e-01
-6.80e-01
8.44e-01
2.32e-02
-5.11e-01
-6.94e-01
-5.14e-01
3.65e-01
-2.09e-01
8.42e-01
4.73e-01
8.83e-01
4.98e-01
1.37e-01
3.97e-02
-1.48e-01
1.93e-01
-9.42e-02
-9.46e-02
-7.17e-01
3.80e-01
-6.07e-01
-5.73e-01
3.39e-01
-3.23e-01
9.75e-01
-9.47e-01
6.09e-01
9.83e-01
6.92e-01
1.12e-01
9.78e-01
9.07e-01
8.71e-01
-5.40e-01
-5.05e-02
-7.84e-01
-1.05e-01
-7.85e-01
-5.22e-01
1.98e-01
5.24e-01
7.54e-01
2.96e-01
-6.71e-01
9.94e-01
8.61e-01
-6.12e-01
-8.49e-01
