-8.49e-02
1.26e-01
-7.03e-01
1.69e-01
-2.59e-01
-1.69e-01
1.59e-02
7.03e-01
4.37e-01
4.41e-01
1.87e-01
-8.34e-01
-9.75e-02
5.08e-01
4.62e-01
-4.09e-01
-3.64e-01
5.44e-01
-3.78e-01
9.22e-01
-3.76e-01
2.93e-01
-5.91e-02
-9.62e-01
4.15e-01
-3.59e-01
4.18e-01
-7.97e-02
7.76e-01
6.38e-01
-3.94e-01
7.13e-01
-1.81e-01
9.69e-01
-3.36e-03
-7.89e-01
-5.78e-01
-7.58e-01
9.49e-01
1.35e-01
9.86e-01
4.95e-01
-3.07e-01
-8.29e-02
1.43e-02
-4.76e-02
-7.12e-01
-9.30e-01
-1.59e-01
-7.65e-01
9.53e-01
9.53e-01
9.08e-01
-9.92e-01
-1.78e-01
5.60e-01
-5.06e-01
9.56e-01
2.46e-01
-2.05e-01
-7.67e-01
-7.52e-02
5.17e-01
2.28e-01
8.68e-01
3.62e-01
-1.09e-01
-1.50e-01
1.46e-01
-7.64e-01
9.05e-01
9.12e-01
-3.67e-03
7.57e-01
1.09e-01
7.80e-02
-2.07e-01
5.84e-01
8.86e-01
-7.22e-01
-6.56e-01
6.65e-02
-1.09e-01
4.95e-01
-4.38e-03
1.07e-01
-4.17e-01
9.43e-01
-8.73e-02
-7.73e-01
6.76e-01
-5.71e-01
5.34e-02
2.14e-01
7.68e-01
1.80e-01
-2.43e-01
7.03e-01
-9.20e-01
3.41e-01
-8.07e-01
2.96e-01
-2.64e-01
-3.15e-01
-2.50e-01
-5.51e-01
9.90e-01
-7.46e-01
-2.61e-01
8.17e-01
4.46e-01
6.50e-01
-3.45e-01
-4.81e-01
-2.74e-01
4.80e-01
-8.12e-01
-6.11e-01
-4.13e-01
-1.14e-02
-1.30e-01
6.29e-02
-8.39e-02
-2.77e-01
8.73e-01
-5.82e-01
-4.60e-01
-2.31e-01
3.78e-01
-8.20e-01
-3.07e-01
-8.60e-01
4.78e-01
-5.33e-01
4.89e-02
-3.08e-01
4.24e-01
-2.44e-02
-2.76e-01
-5.67e-01
9.39e-01
9.15e-01
3.55e-01
-6.56e-01
5.85e-01
8.21e-01
-2.35e-01
-2.94e-01
1.18e-01
-1.53e-01
2.07e-02
2.20e-02
8.01e-01
-7.64e-01
7.81e-01
3.48e-01
-5.09e-01
-8.47e-01
-3.56e-01
3.28e-01
-8.55e-01
3.82e-01
7.41e-01
9.91e-01
4.49e-01
-3.75e-02
-1.31e-01
4.96e-01
-4.58e-01
-4.06e-01
-4.61e-01
-7.77e-01
-3.19e-01
8.51e-01
-3.10e-01
9.90e-01
-2.56e-01
3.82e-01
-4.43e-01
-4.00e-01
-2.06e-01
8.35e-01
-6.30e-01
1.64e-02
-8.07e-01
-5.15e-01
-2.58e-01
8.01e-01
5.77e-01
-4.05e-01
6.77e-01
-5.49e-02
-4.17e-01
4.44e-01
9.58e-01
6.49e-01
-8.96e-01
-8.50e-01
-4.84e-01
4.69e-01
6.64e-01
-3.10e-01
-3.10e-01
8.58e-01
-2.33e-01
9.23e-01
2.83e-02
2.77e-01
4.78e-01
-3.84e-02
-8.92e-01
-7.34e-01
-4.06e-01
2.74e-02
-3.28e-01
-2.54e-01
-6.33e-01
9.67e-01
9.52e-01
-2.59e-01
9.46e-01
-5.63e-01
8.41e-01
1.23e-01
4.44e-02
-1.36e-01
-4.58e-01
8.33e-01
1.38e-01
-7.53e-01
-7.94e-01
-1.61e-02
5.75e-01
6.38e-01
9.92e-01
1.56e-01
-5.14e-01
5.31e-01
-5.90e-01
5.56e-01
-5.51e-01
9.26e-01
9.72e-01
8.08e-01
6.60e-01
-3.30e-01
-1.14e-01
7.82e-01
3.33e-01
-5.39e-01
-9.65e-01
-5.69e-01
-7.43e-01
3.80e-01
-7.91e-01
7.67e-02
2.07e-01
-4.56e-02
-7.25e-01
-3.05e-01
-3.37e-01
5.90e-01
-2.20e-01
6.24e-01
4.26e-01
