1.27e-01
3.18e-01
4.39e-01
1.59e-01
-1.12e-01
4.88e-01
4.32e-01
-9.22e-01
1.33e-01
6.59e-01
1.04e-01
7.43e-01
5.43e-01
8.98e-01
2.42e-01
-9.43e-01
-3.04e-01
9.75e-01
-3.70e-01
-2.10e-01
1.20e-01
5.35e-01
4.15e-01
-7.77e-01
-8.07e-01
-4.06e-01
-1.92e-01
4.54e-01
9.12e-01
3.76e-01
3.07e-01
9.94e-01
-1.25e-01
2.56e-01
-3.52e-01
-2.42e-01
7.62e-01
3.84e-01
-8.98e-01
3.05e-01
-5.35e-01
7.21e-01
1.60e-02
8.78e-01
-2.80e-01
-6.05e-01
-1.94e-01
-1.29e-01
-7.18e-01
6.95e-01
-1.12e-01
9.05e-01
-4.67e-01
-1.62e-01
-8.65e-02
-7.32e-01
2.75e-01
-2.31e-01
3.70e-01
-3.32e-01
1.80e-01
2.57e-01
7.76e-01
5.67e-01
3.91e-01
-4.41e-01
-5.63e-01
5.67e-01
-7.74e-01
2.69e-01
-7.73e-02
8.25e-01
-8.00e-01
-3.89e-01
-6.70e-01
8.18e-01
8.03e-01
-1.30e-01
-5.47e-01
4.28e-02
1.80e-01
-9.43e-01
1.67e-01
5.23e-01
3.30e-01
-4.34e-01
7.46e-01
-9.39e-01
6.94e-01
-6.40e-01
5.45e-01
7.53e-02
8.81e-01
2.37e-01
-8.89e-01
-2.84e-01
-1.08e-01
3.60e-01
3.09e-01
-8.09e-02
-1.13e-02
9.68e-01
-9.49e-01
3.52e-01
-8.36e-01
7.95e-02
-3.28e-01
-4.26e-01
-2.61e-01
8.17e-01
4.46e-01
6.50e-01
-3.45e-01
-4.81e-01
-2.74e-01
4.80e-01
-8.12e-01
-6.11e-01
-4.13e-01
-1.14e-02
-1.30e-01
6.29e-02
-8.39e-02
-2.77e-01
8.73e-01
-5.82e-01
-4.60e-01
-2.31e-01
3.78e-01
-8.20e-01
-3.07e-01
-8.60e-01
4.78e-01
-5.33e-01
4.89e-02
-3.08e-01
4.24e-01
-2.44e-02
-2.76e-01
-5.67e-01
9.39e-01
3.62e-01
-2.38e-01
-5.08e-01
-8.97e-01
8.21e-01
-2.35e-01
-2.94e-01
1.18e-01
-1.53e-01
2.07e-02
2.20e-02
8.01e-01
-7.64e-01
7.81e-01
3.48e-01
-5.09e-01
-8.47e-01
-3.56e-01
3.28e-01
-8.55e-01
3.82e-01
7.41e-01
9.91e-01
4.49e-01
-3.75e-02
-1.31e-01
4.96e-01
-4.58e-01
-4.06e-01
-4.61e-01
-7.77e-01
-3.19e-01
8.51e-01
-3.10e-01
9.90e-01
-2.56e-01
3.82e-01
-4.43e-01
-4.00e-01
-2.06e-01
8.35e-01
-6.30e-01
1.64e-02
-8.07e-01
-5.15e-01
-2.58e-01
8.01e-01
5.77e-01
-4.05e-01
6.77e-01
-5.49e-02
-4.17e-01
4.44e-01
9.58e-01
6.49e-01
-8.96e-01
-8.50e-01
-4.84e-01
4.69e-01
6.64e-01
-3.10e-01
-3.10e-01
8.58e-01
-2.33e-01
9.23e-01
2.83e-02
2.77e-01
4.78e-01
-3.84e-02
-8.92e-01
-7.34e-01
-4.06e-01
2.74e-02
-3.28e-01
-2.54e-01
-6.33e-01
9.67e-01
9.52e-01
-2.59e-01
9.46e-01
-5.63e-01
8.41e-01
1.23e-01
4.44e-02
-1.36e-01
-4.58e-01
8.33e-01
1.38e-01
-7.53e-01
-7.94e-01
-1.61e-02
5.75e-01
6.38e-01
9.92e-01
1.56e-01
-5.14e-01
5.31e-01
-5.90e-01
5.56e-01
-5.51e-01
9.26e-01
9.72e-01
8.08e-01
6.60e-01
-3.30e-01
-1.14e-01
7.82e-01
3.33e-01
-5.39e-01
-9.65e-01
-5.69e-01
-7.43e-01
3.80e-01
-7.91e-01
7.67e-02
2.07e-01
-4.56e-02
-7.25e-01
-3.05e-01
-3.37e-01
5.90e-01
-2.00e-01
7.05e-01
6.54e-01
