-3.33e-01
-3.97e-01
-2.95e-01
5.48e-01
6.99e-01
2.67e-01
1.79e-01
4.34e-01
1.56e-02
7.67e-01
-8.87e-01
-6.76e-01
2.41e-01
-3.51e-01
7.40e-01
-3.69e-01
-6.13e-01
-1.35e-01
2.41e-01
-7.28e-01
-7.93e-01
2.34e-02
-9.26e-01
-9.00e-01
-4.16e-01
1.74e-01
2.61e-01
-8.90e-01
-5.79e-01
6.26e-01
1.89e-01
-2.62e-01
6.53e-01
7.93e-01
-6.86e-01
-1.28e-01
-9.58e-01
4.55e-01
-9.51e-01
-4.59e-01
-8.75e-02
5.98e-01
8.26e-01
9.59e-01
8.91e-01
-5.48e-01
-7.67e-02
6.62e-01
4.06e-01
-8.41e-01
-7.58e-01
8.92e-01
2.10e-01
-5.81e-02
-9.93e-01
8.13e-01
2.09e-01
-7.71e-01
5.08e-01
-1.31e-01
-8.48e-01
2.66e-01
-7.68e-01
4.06e-01
6.60e-01
-7.92e-01
-5.70e-01
7.30e-01
1.31e-01
4.67e-01
-2.93e-01
1.45e-01
1.44e-01
-7.52e-01
-6.48e-01
7.64e-02
4.97e-01
-1.92e-01
5.48e-02
-1.46e-01
-2.08e-01
-1.30e-01
6.37e-01
7.53e-01
-8.56e-01
-1.38e-01
6.96e-01
3.96e-01
2.25e-01
-8.40e-01
-8.79e-01
7.27e-01
-4.39e-01
3.99e-01
5.54e-01
-9.70e-01
-2.94e-01
8.29e-01
6.48e-01
5.67e-01
1.02e-01
8.40e-01
-2.11e-01
-3.42e-01
5.22e-01
-5.11e-01
6.73e-02
2.62e-01
1.89e-01
7.72e-01
-5.97e-01
-6.55e-01
-7.21e-01
-2.62e-01
8.80e-01
-6.68e-01
4.05e-01
-1.35e-01
6.18e-01
4.93e-01
4.53e-01
-6.58e-01
9.74e-01
8.97e-01
-7.90e-01
7.43e-01
3.60e-01
3.00e-01
5.93e-01
-4.57e-01
-2.82e-01
-8.66e-01
3.31e-01
1.66e-03
-8.56e-01
-9.05e-01
-9.91e-01
-2.96e-01
8.36e-01
-8.30e-01
7.20e-01
9.77e-01
8.32e-01
2.22e-02
4.30e-01
3.14e-01
-5.38e-01
1.97e-01
-3.77e-01
-3.15e-03
-7.09e-01
3.25e-01
3.24e-01
7.01e-01
-2.21e-01
7.48e-01
9.24e-02
-7.90e-01
-4.38e-01
-6.53e-01
-9.48e-02
6.54e-01
5.16e-01
2.00e-01
-9.29e-01
5.30e-03
-5.68e-01
-2.97e-01
-9.45e-01
-1.64e-01
-7.69e-01
1.93e-01
4.32e-01
-6.79e-01
2.87e-01
-7.94e-01
-3.98e-01
3.13e-01
-6.22e-01
1.12e-01
5.00e-01
-2.20e-02
-9.94e-01
-3.45e-01
-2.17e-01
9.26e-01
-5.14e-01
-9.17e-01
-3.30e-01
-7.19e-01
2.28e-02
2.18e-01
-2.66e-01
4.59e-01
-8.62e-01
-1.56e-01
-4.71e-01
5.23e-01
7.50e-01
-5.29e-01
9.41e-01
2.07e-01
3.01e-01
-8.88e-01
-7.88e-01
7.43e-01
-7.53e-02
-4.37e-01
1.08e-01
-8.79e-01
2.60e-01
-9.46e-01
8.39e-01
-9.35e-01
1.68e-01
-5.67e-01
-7.41e-02
-8.36e-01
5.69e-01
-6.09e-01
3.23e-02
3.53e-01
-2.32e-01
5.62e-01
-8.43e-01
-9.72e-01
8.58e-02
5.60e-01
-7.53e-01
1.59e-01
3.49e-01
-8.05e-01
-1.00e+00
6.97e-01
-7.49e-01
-9.61e-01
7.23e-01
-8.59e-01
-1.21e-02
6.94e-01
-8.96e-01
-3.97e-01
-7.24e-01
3.16e-01
7.62e-01
-7.71e-01
7.29e-01
-6.99e-01
8.48e-01
6.16e-01
-3.04e-01
-2.18e-01
7.63e-01
4.74e-01
-4.39e-01
-7.36e-01
-3.05e-01
5.17e-01
7.17e-02
4.59e-02
1.50e-01
6.54e-01
6.22e-02
5.41e-01
2.93e-01
