7.25e-01
5.07e-02
-8.25e-02
-4.78e-01
-3.53e-01
5.05e-03
-4.97e-01
-1.94e-01
4.03e-01
-6.91e-01
-5.71e-01
-9.66e-01
-6.52e-01
7.74e-01
-2.88e-01
7.89e-01
3.69e-01
-2.47e-01
-3.27e-01
8.73e-01
5.96e-01
2.41e-01
5.48e-01
-2.51e-01
-7.24e-02
-2.37e-01
-9.89e-01
3.97e-01
1.80e-01
2.34e-01
3.23e-01
9.73e-01
-9.17e-01
1.49e-01
4.22e-01
-6.30e-01
6.71e-01
4.92e-01
-9.60e-01
-8.73e-01
5.66e-01
-7.76e-01
-9.44e-01
1.70e-01
-1.35e-01
-6.56e-01
5.52e-01
2.28e-02
-9.20e-01
8.36e-01
1.47e-01
-2.19e-01
1.43e-02
4.61e-01
-5.77e-01
-7.37e-01
-7.45e-01
5.76e-01
5.36e-01
1.38e-01
-1.69e-01
-7.53e-01
-2.18e-01
4.56e-01
3.03e-01
4.04e-01
9.57e-01
1.38e-01
-4.03e-01
-8.93e-01
-4.59e-02
3.14e-01
4.39e-01
6.97e-01
9.15e-03
-5.55e-01
-1.18e-01
6.84e-01
4.16e-01
-8.93e-01
2.75e-01
-4.59e-01
3.48e-01
-5.95e-02
-7.27e-01
-8.17e-01
-3.84e-01
9.85e-01
-6.39e-01
-2.02e-01
-5.12e-01
6.60e-01
-6.81e-01
-2.50e-01
-6.78e-01
-5.11e-01
5.55e-02
7.74e-01
-3.50e-01
6.90e-01
5.90e-01
-9.57e-01
-9.31e-01
-1.56e-01
5.43e-01
3.29e-01
3.11e-01
9.19e-01
-9.03e-01
4.66e-02
3.68e-01
6.83e-01
4.57e-01
1.45e-02
-1.98e-01
8.08e-01
-2.36e-01
4.30e-01
-1.86e-01
1.46e-01
-6.26e-01
8.34e-01
5.71e-01
4.37e-01
-5.45e-01
-1.00e+00
7.33e-01
-6.77e-01
1.39e-01
4.50e-01
-7.55e-01
8.80e-01
-8.95e-01
-2.50e-01
5.68e-01
5.45e-02
-4.39e-01
-2.64e-01
4.19e-01
3.38e-02
-7.72e-01
8.23e-01
-1.29e-01
6.70e-01
5.13e-01
7.88e-01
4.75e-01
-5.17e-01
5.21e-01
-1.19e-01
-8.45e-01
6.83e-01
6.34e-01
-2.85e-01
9.81e-01
2.19e-02
-7.92e-01
8.16e-01
-9.25e-01
-6.95e-02
3.00e-02
-5.46e-02
-3.99e-01
-3.38e-01
1.11e-01
-1.20e-01
1.36e-01
8.78e-01
3.44e-01
3.45e-01
1.32e-01
-8.36e-01
-3.11e-01
9.68e-01
1.81e-01
-7.29e-02
-6.05e-01
-5.98e-01
-9.48e-01
-7.81e-01
9.85e-01
-5.13e-01
2.97e-01
7.73e-01
2.97e-01
3.26e-01
6.26e-01
1.15e-01
1.26e-01
3.86e-03
7.51e-01
5.15e-01
-8.94e-01
5.31e-01
-7.11e-01
-4.14e-01
-2.63e-01
-6.49e-01
1.73e-02
-7.67e-02
-4.74e-01
-9.07e-02
8.00e-01
-9.04e-02
-2.47e-01
-1.99e-01
8.25e-01
-1.04e-02
-7.54e-01
5.49e-01
9.39e-01
-4.06e-01
-8.39e-03
8.76e-01
2.11e-01
-6.37e-01
-1.37e-01
7.86e-01
7.95e-01
-4.67e-01
6.29e-01
1.55e-01
-7.62e-01
8.67e-01
-6.80e-01
3.28e-02
8.20e-01
-9.19e-01
-2.35e-01
-1.15e-01
-6.72e-01
4.39e-01
-1.00e-02
8.09e-01
-7.32e-01
4.97e-01
-5.84e-01
-5.17e-01
5.24e-02
4.92e-01
5.32e-01
4.39e-01
-5.65e-01
3.76e-01
-4.57e-01
-3.11e-01
3.10e-01
-6.78e-01
-5.34e-01
-2.29e-01
-8.13e-01
4.54e-02
-1.61e-01
-7.87e-01
-3.53e-01
-3.32e-01
-3.79e-01
9.57e-02
1.37e-01
4.48e-01
5.27e-01
6.69e-01
6.05e-01
-6.67e-01
1.02e-01
