5.24e-01
-3.37e-01
-9.14e-01
6.90e-01
4.60e-01
3.18e-01
-4.97e-01
-1.94e-01
4.03e-01
-6.91e-01
-5.71e-01
-9.66e-01
6.56e-01
1.28e-01
-6.94e-01
2.63e-01
-8.31e-01
1.09e-02
2.07e-02
4.31e-01
-3.46e-01
-4.78e-01
4.36e-01
-5.58e-01
7.42e-01
6.80e-01
9.81e-01
-4.29e-01
-5.36e-01
4.00e-01
-2.23e-01
7.85e-01
-4.53e-01
-7.74e-01
-5.58e-01
6.21e-01
-3.03e-01
-6.32e-01
5.43e-01
2.23e-01
-2.69e-01
-9.31e-01
9.46e-01
3.93e-01
-2.08e-01
8.54e-01
-5.26e-02
9.42e-01
-8.41e-01
9.93e-01
-8.43e-02
-7.19e-01
-1.21e-01
-4.50e-01
3.45e-01
-5.80e-01
-1.24e-01
8.31e-01
7.02e-01
-5.73e-01
-4.43e-01
-3.65e-01
5.59e-01
-5.74e-01
-3.91e-01
2.31e-01
3.71e-01
-8.25e-01
6.60e-02
-3.98e-01
5.92e-01
-3.09e-01
6.25e-01
7.30e-01
-9.46e-01
9.19e-02
6.55e-01
-9.83e-01
1.13e-01
7.42e-01
-1.89e-01
-2.10e-01
9.19e-01
-5.59e-01
-8.49e-01
9.76e-03
-2.13e-01
-6.44e-01
-7.90e-01
-3.98e-01
-6.08e-01
9.94e-01
8.11e-01
-6.41e-01
-5.43e-02
5.30e-01
7.21e-01
8.19e-02
4.80e-01
-8.05e-01
-6.36e-01
-1.19e-01
-4.33e-01
3.45e-01
9.48e-01
8.07e-01
-7.73e-01
-8.41e-01
-9.51e-01
-9.64e-01
-7.82e-01
8.87e-01
-6.40e-01
6.48e-01
-5.75e-01
-1.97e-01
-6.52e-01
7.36e-01
2.20e-01
-8.70e-01
-3.19e-01
2.29e-01
-6.94e-01
7.44e-01
5.01e-01
3.33e-01
-4.42e-01
-4.69e-01
-5.04e-01
5.19e-02
-8.00e-01
1.45e-02
5.83e-01
4.10e-01
-8.88e-01
-5.87e-01
-2.61e-01
-8.06e-01
-2.32e-01
4.71e-01
6.90e-01
-1.87e-01
3.57e-01
-3.35e-01
-5.44e-02
6.73e-01
-1.81e-01
-7.78e-01
-7.53e-01
-4.44e-01
-8.54e-01
-6.02e-01
-9.74e-01
-7.59e-01
-9.36e-01
9.32e-01
-3.77e-01
-7.07e-01
-6.76e-01
6.97e-01
3.43e-01
-6.65e-02
8.97e-01
3.84e-01
-1.75e-01
-1.42e-01
-8.57e-01
-2.00e-01
-5.45e-01
3.11e-01
-8.57e-01
4.40e-01
-4.03e-01
2.02e-01
6.71e-01
-8.37e-01
8.35e-01
5.24e-01
-7.73e-01
9.62e-01
-4.06e-01
1.23e-01
7.64e-01
9.88e-02
5.28e-01
6.35e-01
3.96e-01
8.61e-01
4.11e-01
-7.06e-01
-2.73e-01
-2.49e-02
-2.66e-01
-1.20e-01
-9.73e-01
-8.21e-01
-4.36e-01
-9.29e-02
-1.78e-01
8.07e-01
2.67e-01
-9.82e-01
-7.09e-01
5.86e-01
7.86e-01
-4.81e-01
-1.61e-01
-3.24e-01
1.80e-01
-8.48e-01
-8.36e-01
1.49e-01
1.95e-01
1.47e-01
5.15e-01
-5.22e-01
-5.44e-01
5.44e-01
8.97e-01
1.86e-01
-7.27e-01
-1.79e-01
-9.84e-01
1.18e-01
-7.53e-01
7.00e-01
4.38e-01
-7.69e-01
5.52e-01
-7.14e-01
4.85e-01
-8.17e-01
1.20e-01
5.39e-01
-5.78e-02
1.41e-01
-8.11e-01
-5.72e-01
9.43e-01
6.81e-01
-3.81e-01
3.60e-01
3.55e-01
3.29e-01
2.97e-01
7.66e-01
5.50e-01
-1.61e-01
8.83e-01
2.70e-01
5.22e-01
-1.87e-01
1.84e-01
4.62e-01
7.23e-01
6.56e-01
-9.76e-01
-3.40e-01
4.70e-01
3.55e-01
-5.48e-01
7.94e-01
-7.85e-01
4.54e-01
7.69e-01
