7.25e-01
5.07e-02
-8.25e-02
-4.78e-01
-3.53e-01
5.05e-03
-9.68e-01
-1.14e-02
-4.85e-01
8.35e-01
-5.69e-02
-5.41e-02
-1.08e-01
7.31e-01
-8.17e-01
-5.40e-01
5.39e-01
1.23e-01
7.66e-01
7.39e-02
7.70e-01
8.06e-01
-4.18e-01
-7.99e-02
-1.05e-03
-5.89e-01
7.97e-01
8.59e-01
-5.59e-01
5.57e-01
-8.12e-01
-6.22e-01
1.47e-01
8.57e-01
5.55e-01
-5.96e-02
8.46e-02
5.21e-01
3.51e-01
2.82e-01
-2.64e-01
8.41e-01
-1.88e-01
-6.65e-01
-4.46e-01
-2.39e-02
8.96e-01
-7.00e-01
-5.55e-01
-5.94e-01
-2.80e-01
2.05e-01
5.98e-01
-5.87e-01
8.38e-01
-4.50e-01
-7.80e-01
-4.06e-01
5.90e-01
-1.46e-01
-1.57e-01
-9.96e-01
5.52e-01
-2.61e-01
1.59e-01
3.52e-02
-3.94e-01
-3.28e-01
-6.52e-01
7.82e-01
-9.96e-01
6.24e-01
8.67e-01
2.62e-01
7.16e-01
2.01e-01
-1.80e-01
-4.71e-01
-6.63e-01
-6.11e-01
7.47e-01
-8.96e-01
9.67e-01
-1.11e-02
3.45e-01
1.80e-01
3.33e-01
-4.36e-01
-5.87e-01
1.92e-01
-2.12e-01
4.80e-01
-2.41e-01
-5.17e-01
-2.25e-01
-1.87e-01
-4.68e-01
3.36e-01
4.76e-01
6.95e-01
-2.01e-01
-8.82e-01
-3.01e-01
-8.34e-01
-7.69e-01
3.06e-01
-5.95e-02
1.69e-01
-3.54e-01
3.07e-01
-6.14e-01
-1.84e-01
5.13e-01
7.16e-01
-1.96e-01
-6.35e-02
1.44e-01
5.48e-01
-5.83e-01
4.55e-01
-1.72e-01
3.25e-01
-2.58e-01
-5.92e-01
5.78e-01
-7.64e-01
9.70e-01
-1.94e-02
5.05e-01
4.50e-01
-7.55e-01
8.80e-01
-8.95e-01
-2.50e-01
5.68e-01
5.45e-02
-4.39e-01
-9.59e-02
4.19e-01
3.38e-02
-7.72e-01
8.23e-01
-1.29e-01
6.70e-01
5.13e-01
7.88e-01
4.75e-01
-5.17e-01
5.21e-01
-1.19e-01
-8.45e-01
6.83e-01
6.34e-01
-2.85e-01
9.81e-01
2.19e-02
-7.92e-01
8.16e-01
-9.25e-01
-6.95e-02
3.00e-02
-5.46e-02
-3.99e-01
-3.38e-01
4.04e-01
-1.20e-01
1.36e-01
8.78e-01
3.44e-01
3.45e-01
1.32e-01
-8.36e-01
-3.11e-01
9.68e-01
1.81e-01
-7.29e-02
-6.05e-01
-5.98e-01
-9.48e-01
-7.81e-01
9.85e-01
-5.13e-01
2.97e-01
7.73e-01
-2.12e-01
3.26e-01
6.26e-01
5.23e-01
-1.75e-01
-4.36e-01
2.71e-01
5.81e-01
8.88e-01
-2.96e-01
-5.69e-02
-4.68e-01
3.12e-01
-4.47e-01
-9.93e-01
-9.07e-01
2.01e-01
9.77e-01
2.46e-01
8.44e-01
6.77e-02
-1.58e-01
4.36e-01
3.87e-01
-6.79e-01
-9.52e-01
6.67e-01
9.21e-01
7.04e-01
4.92e-01
9.82e-01
-1.92e-01
-7.59e-01
-5.69e-01
-5.55e-01
6.68e-01
-2.78e-02
2.67e-01
1.00e+00
9.45e-01
2.79e-01
-7.82e-01
-7.91e-01
-2.81e-01
-1.98e-02
1.73e-01
2.89e-01
-8.17e-01
-9.35e-01
-3.27e-01
-9.15e-01
-6.21e-01
1.33e-01
-3.90e-01
-7.88e-01
3.56e-01
8.67e-01
-3.58e-01
-2.16e-01
3.38e-02
-5.32e-01
-2.82e-01
3.35e-01
-7.28e-01
9.63e-01
-9.43e-01
-6.53e-01
2.93e-01
-3.26e-01
-3.41e-01
9.28e-01
2.19e-02
-9.77e-01
-3.67e-01
2.03e-02
-7.32e-01
9.90e-01
-1.09e-01
7.27e-01
4.04e-01
-3.27e-01
