-9.81e-01
8.22e-01
-8.76e-01
-8.74e-01
7.82e-01
6.73e-01
-4.93e-01
7.54e-01
-5.06e-05
9.76e-01
8.66e-01
-5.43e-01
4.96e-01
7.50e-01
-7.02e-01
5.35e-01
-9.10e-01
-6.85e-01
-1.67e-01
-9.43e-01
7.53e-01
5.32e-01
5.95e-01
7.09e-01
9.13e-01
3.22e-02
-5.94e-01
-2.97e-01
-4.29e-01
-4.53e-01
-6.98e-01
1.68e-01
-3.10e-01
8.79e-01
8.95e-01
3.69e-01
4.74e-02
3.89e-01
-9.60e-01
-8.73e-01
-8.56e-01
5.32e-03
7.25e-01
-8.76e-01
5.39e-01
1.88e-01
-4.56e-01
8.85e-01
6.14e-01
-1.94e-01
-5.87e-01
3.48e-01
-6.26e-01
-5.87e-01
8.38e-01
-4.50e-01
-7.80e-01
-4.06e-01
5.90e-01
-1.46e-01
-1.57e-01
-9.96e-01
5.52e-01
-2.61e-01
1.59e-01
3.52e-02
-3.94e-01
-3.28e-01
-6.52e-01
7.82e-01
3.96e-01
6.24e-01
8.67e-01
2.62e-01
7.16e-01
2.01e-01
-1.80e-01
-4.71e-01
-6.63e-01
-6.35e-03
-6.48e-01
5.18e-01
2.05e-01
6.75e-01
3.01e-01
-6.06e-01
-3.30e-02
-6.79e-03
3.02e-01
-5.08e-01
-6.60e-01
-1.52e-01
-7.54e-01
-3.21e-01
7.51e-01
5.28e-02
9.92e-01
6.74e-01
-5.84e-01
9.99e-01
6.25e-01
-7.89e-01
-9.30e-01
7.72e-01
-1.37e-01
3.17e-01
4.62e-01
-2.96e-01
4.35e-01
8.99e-01
-2.40e-01
3.41e-01
5.30e-01
7.79e-01
-3.44e-01
-8.14e-01
-3.66e-01
-9.32e-01
-8.55e-01
-5.84e-01
-3.24e-01
4.84e-01
-1.29e-01
6.97e-01
5.78e-01
-7.64e-01
9.70e-01
-1.94e-02
5.05e-01
4.50e-01
-7.55e-01
8.80e-01
-8.95e-01
-2.50e-01
5.68e-01
-3.09e-01
4.76e-01
-2.64e-01
4.19e-01
3.38e-02
-7.72e-01
8.23e-01
-1.29e-01
6.70e-01
5.13e-01
7.88e-01
4.75e-01
-5.17e-01
5.21e-01
-1.19e-01
-8.45e-01
6.83e-01
6.34e-01
-2.85e-01
9.81e-01
2.19e-02
-7.92e-01
-8.18e-01
-9.25e-01
-6.95e-02
3.00e-02
-5.46e-02
-3.99e-01
-3.38e-01
1.11e-01
-1.20e-01
1.36e-01
8.78e-01
3.44e-01
3.45e-01
1.32e-01
-8.36e-01
-3.11e-01
9.68e-01
1.81e-01
-7.29e-02
-6.05e-01
-5.98e-01
-9.48e-01
-7.81e-01
9.85e-01
-5.13e-01
2.97e-01
7.73e-01
-2.12e-01
3.26e-01
6.26e-01
5.23e-01
-1.75e-01
-4.36e-01
2.71e-01
5.81e-01
8.88e-01
-2.96e-01
-5.69e-02
-4.68e-01
3.12e-01
-4.47e-01
-9.93e-01
-9.07e-01
2.01e-01
9.77e-01
2.46e-01
8.44e-01
6.77e-02
-1.58e-01
4.36e-01
3.87e-01
-6.79e-01
-9.52e-01
6.67e-01
9.21e-01
7.04e-01
4.92e-01
9.82e-01
-1.92e-01
-7.59e-01
-5.69e-01
-5.55e-01
6.68e-01
-2.78e-02
2.67e-01
1.00e+00
9.45e-01
2.79e-01
-7.82e-01
-7.91e-01
-2.81e-01
-1.98e-02
1.73e-01
2.89e-01
-8.17e-01
-9.35e-01
-3.27e-01
-9.15e-01
-6.21e-01
1.33e-01
-3.90e-01
-7.88e-01
3.56e-01
8.67e-01
-3.58e-01
-2.16e-01
3.38e-02
-5.32e-01
-2.82e-01
3.35e-01
-7.28e-01
9.63e-01
-9.43e-01
-6.53e-01
2.93e-01
8.45e-01
-9.76e-01
3.27e-01
5.47e-01
-4.23e-01
-8.47e-01
-1.72e-01
-9.11e-01
-4.66e-01
-2.19e-01
-3.56e-01
3.41e-01
-1.62e-01
