-7.49e-01
-2.48e-02
-9.46e-01
4.39e-03
3.49e-01
-3.65e-01
-4.97e-01
-1.94e-01
4.03e-01
-6.91e-01
-5.71e-01
-9.66e-01
-6.52e-01
7.74e-01
-2.88e-01
7.89e-01
3.69e-01
-2.47e-01
1.46e-01
8.73e-01
5.96e-01
2.41e-01
5.48e-01
-2.51e-01
-7.24e-02
-2.37e-01
-9.89e-01
3.97e-01
1.80e-01
2.34e-01
3.23e-01
9.73e-01
-9.17e-01
1.49e-01
4.22e-01
-6.30e-01
6.71e-01
4.92e-01
-3.80e-01
-5.33e-01
5.66e-01
-7.76e-01
-9.44e-01
1.70e-01
-1.35e-01
-6.56e-01
5.52e-01
2.28e-02
-9.20e-01
8.36e-01
1.47e-01
-2.19e-01
1.43e-02
4.61e-01
-5.77e-01
-7.37e-01
-7.45e-01
5.76e-01
5.36e-01
1.38e-01
-1.69e-01
-7.53e-01
-2.18e-01
4.56e-01
3.03e-01
4.04e-01
9.57e-01
1.38e-01
-4.03e-01
-8.93e-01
-4.57e-01
3.14e-01
4.39e-01
6.97e-01
9.15e-03
-5.55e-01
-1.18e-01
6.84e-01
4.16e-01
-8.93e-01
2.75e-01
-4.59e-01
3.48e-01
-5.95e-02
-7.27e-01
-8.17e-01
-3.84e-01
9.85e-01
-6.39e-01
-2.02e-01
-5.12e-01
6.60e-01
-6.81e-01
-2.50e-01
-6.78e-01
-5.11e-01
5.55e-02
7.74e-01
-3.50e-01
6.90e-01
5.90e-01
-9.57e-01
-9.31e-01
-1.56e-01
5.43e-01
3.29e-01
3.11e-01
9.19e-01
-9.03e-01
4.66e-02
3.68e-01
6.83e-01
4.57e-01
1.45e-02
2.23e-01
8.08e-01
-2.36e-01
4.30e-01
-1.86e-01
-3.27e-01
-6.26e-01
8.34e-01
5.71e-01
4.37e-01
-5.45e-01
-1.00e+00
7.33e-01
-6.77e-01
1.39e-01
3.62e-01
1.53e-01
1.78e-02
3.79e-01
5.09e-01
-1.98e-01
8.63e-01
8.05e-01
-6.53e-01
-1.68e-01
8.51e-02
-2.17e-02
3.80e-01
2.89e-01
7.67e-01
-1.47e-02
-5.14e-01
4.58e-01
-1.84e-01
-3.59e-01
-3.51e-01
-1.03e-01
-6.87e-01
6.44e-01
-9.56e-03
7.67e-02
-4.42e-01
-2.76e-01
7.52e-01
9.83e-02
-5.30e-02
6.32e-02
-9.11e-01
-5.82e-01
-3.45e-01
-5.68e-01
9.87e-01
9.35e-01
-1.34e-02
-8.55e-01
-3.06e-03
-4.88e-01
-1.88e-02
8.73e-01
1.59e-01
-3.01e-01
5.87e-01
7.85e-01
9.03e-01
6.35e-01
-9.20e-01
8.89e-01
-3.92e-01
9.84e-01
6.93e-01
-5.96e-01
8.03e-01
-3.08e-01
1.15e-01
1.26e-01
3.86e-03
7.51e-01
5.15e-01
-8.94e-01
5.31e-01
-7.11e-01
-4.14e-01
-2.63e-01
-6.49e-01
1.73e-02
-7.67e-02
-4.74e-01
-9.07e-02
8.00e-01
-9.04e-02
-2.47e-01
-1.99e-01
8.25e-01
-1.04e-02
-7.54e-01
5.49e-01
9.39e-01
-4.06e-01
-8.39e-03
8.76e-01
2.11e-01
-6.37e-01
-1.37e-01
7.86e-01
7.95e-01
-4.67e-01
6.29e-01
1.55e-01
-7.62e-01
8.67e-01
-6.80e-01
3.28e-02
8.20e-01
-9.19e-01
-2.35e-01
-1.15e-01
-6.72e-01
4.39e-01
-1.00e-02
8.09e-01
-7.32e-01
4.97e-01
-5.84e-01
-5.17e-01
5.24e-02
4.92e-01
5.32e-01
4.39e-01
-5.65e-01
3.76e-01
-4.59e-02
-3.11e-01
3.10e-01
-6.78e-01
-5.34e-01
-2.29e-01
-8.13e-01
4.54e-02
-1.61e-01
-7.87e-01
-3.53e-01
-3.32e-01
-3.79e-01
9.57e-02
1.37e-01
4.48e-01
5.27e-01
6.69e-01
6.05e-01
-6.67e-01
3.42e-01
