-7.49e-01
6.82e-01
-9.30e-02
1.73e-01
3.55e-01
-3.55e-01
-8.76e-01
2.06e-01
-7.30e-01
9.04e-01
-8.65e-01
-2.13e-01
-5.24e-01
-7.81e-01
-3.30e-01
3.21e-01
4.52e-01
3.96e-01
9.40e-01
-8.18e-01
-8.49e-01
-3.41e-01
-5.85e-01
-8.92e-01
4.56e-01
-2.28e-01
-3.12e-01
3.96e-01
-5.89e-01
-8.27e-01
-8.72e-01
3.58e-01
-3.03e-02
9.54e-01
-3.26e-01
3.73e-01
-7.01e-01
-4.24e-01
-9.55e-01
-7.41e-01
-6.94e-02
-2.96e-01
-8.89e-01
7.70e-01
-9.92e-01
-1.50e-01
-4.80e-02
7.56e-02
-2.88e-01
4.62e-01
-3.46e-01
1.12e-01
-5.07e-01
-5.58e-01
5.93e-01
-9.50e-02
1.96e-01
3.78e-01
-9.66e-01
8.84e-02
-3.64e-01
4.24e-01
-1.76e-01
4.87e-01
4.37e-01
7.01e-01
5.49e-01
7.55e-01
7.59e-02
-1.93e-01
2.18e-01
6.06e-02
1.69e-01
6.11e-01
3.31e-01
-7.91e-01
-2.83e-01
-8.60e-01
-9.26e-01
7.83e-01
6.07e-01
-3.61e-01
3.35e-01
6.81e-01
-2.39e-01
-7.96e-01
-6.37e-01
-9.79e-02
-3.08e-01
-4.78e-01
-4.00e-01
2.56e-01
5.49e-02
-6.52e-01
-7.42e-01
5.95e-01
5.15e-01
-9.25e-01
1.50e-01
-3.25e-01
-8.86e-01
8.11e-01
-2.29e-01
-5.17e-01
5.15e-01
8.37e-01
1.38e-01
-1.45e-01
-7.70e-01
-9.89e-01
3.42e-01
4.00e-01
6.31e-01
2.10e-01
8.45e-01
5.93e-01
-5.39e-01
-6.56e-01
1.32e-01
8.80e-01
6.62e-01
-7.08e-02
3.10e-01
-9.78e-01
-1.24e-01
-3.47e-01
-2.09e-02
5.12e-01
-4.52e-01
5.09e-01
6.27e-01
-6.78e-01
-2.51e-01
9.33e-01
1.07e-01
-4.24e-01
5.97e-01
-5.00e-01
-3.68e-01
-1.59e-01
-1.44e-01
1.70e-01
2.00e-01
3.60e-02
-1.64e-02
-4.12e-01
2.71e-01
-9.64e-01
4.74e-01
1.64e-01
-9.81e-01
1.94e-02
-2.76e-01
-4.90e-01
-9.83e-01
5.64e-01
-2.82e-01
2.16e-01
7.54e-01
9.65e-01
4.54e-01
5.06e-01
-9.79e-01
9.07e-01
-7.86e-01
-4.29e-01
1.78e-01
-8.38e-01
-3.07e-01
-7.62e-01
8.90e-01
6.89e-01
-6.76e-01
-8.61e-01
-4.24e-01
5.12e-01
-9.70e-01
-4.03e-01
-5.48e-01
4.53e-01
-3.27e-02
-2.50e-01
-8.36e-01
-4.67e-01
-8.35e-01
7.94e-01
-8.45e-01
-7.82e-01
7.23e-02
6.46e-01
8.52e-01
7.80e-01
9.76e-01
3.75e-01
-3.45e-01
2.26e-02
1.30e-01
7.05e-01
-2.34e-01
-9.49e-01
-4.75e-01
-1.89e-01
2.60e-01
1.29e-01
-6.39e-01
-1.04e-01
-4.56e-01
7.38e-01
6.06e-01
1.83e-01
-2.59e-01
-4.80e-01
3.31e-01
4.43e-02
6.61e-01
-3.66e-01
-4.66e-01
-7.34e-01
6.61e-01
7.77e-01
-5.00e-01
5.76e-02
8.02e-01
-3.87e-01
5.17e-01
-3.75e-01
-7.82e-02
-8.44e-01
3.93e-01
9.18e-02
7.66e-01
-3.41e-01
4.26e-01
5.33e-01
3.72e-01
-2.54e-01
-1.76e-02
7.37e-01
5.18e-01
7.68e-01
-4.43e-01
5.72e-01
-9.52e-01
1.63e-01
-7.53e-01
8.71e-01
3.31e-02
-2.54e-01
-6.86e-01
8.91e-01
-7.52e-01
3.63e-01
2.76e-01
-5.93e-01
2.97e-01
5.82e-01
2.77e-01
-8.90e-01
-3.53e-01
6.17e-01
-7.31e-01
6.63e-02
-6.33e-02
5.55e-01
-5.61e-01
