-4.80e-01
-8.53e-01
3.53e-01
1.21e-01
-9.36e-01
7.78e-01
5.62e-01
3.20e-01
-8.78e-02
-8.25e-01
7.23e-01
-8.73e-01
-8.90e-01
5.52e-01
5.78e-02
6.19e-01
8.46e-01
-2.78e-01
-4.90e-01
-7.99e-01
-8.40e-04
1.22e-01
-3.85e-01
-7.14e-01
-3.49e-01
-7.65e-01
7.88e-01
8.32e-01
2.53e-01
4.52e-01
4.89e-01
-2.88e-01
4.36e-01
8.70e-01
9.72e-02
-3.17e-01
-2.83e-01
4.92e-01
-2.87e-01
-3.83e-01
-4.32e-01
1.22e-01
-8.47e-01
6.05e-01
1.85e-01
-2.38e-01
9.27e-01
4.60e-01
1.66e-01
1.29e-01
9.42e-01
6.94e-01
9.85e-01
6.85e-01
-6.51e-01
-9.95e-01
5.57e-01
7.93e-01
-3.34e-01
2.09e-01
-3.61e-01
1.41e-02
-1.39e-02
9.03e-01
1.82e-01
4.53e-01
-6.29e-01
9.88e-01
-1.17e-01
7.21e-02
-5.87e-01
8.02e-01
-6.70e-01
-9.51e-01
7.86e-01
9.66e-01
7.05e-01
8.42e-01
-4.50e-01
9.84e-01
4.87e-01
2.94e-01
-1.98e-01
6.57e-01
6.60e-01
3.97e-01
-5.83e-01
9.56e-01
-8.49e-01
-8.17e-01
2.24e-01
6.77e-01
-4.68e-01
-1.12e-01
9.69e-01
-5.92e-03
-8.99e-01
7.50e-01
7.16e-01
-4.49e-01
9.53e-01
-1.93e-01
-9.18e-01
1.14e-01
-5.77e-02
-3.74e-01
-1.99e-01
-4.43e-02
-6.71e-01
-5.47e-01
-2.67e-01
-9.67e-01
6.26e-01
-3.16e-01
-5.47e-01
-2.01e-01
7.75e-01
-7.52e-01
-6.26e-01
-9.37e-01
-8.95e-01
1.39e-01
1.97e-01
4.92e-01
1.13e-01
-5.44e-01
-9.11e-01
-1.55e-01
-6.61e-01
9.05e-01
7.42e-01
-5.49e-01
-4.55e-01
5.50e-01
1.82e-01
7.88e-01
-5.72e-01
-4.59e-01
2.24e-01
2.89e-01
2.82e-01
8.88e-01
6.15e-01
1.13e-01
-7.93e-02
-5.81e-01
8.39e-01
-2.90e-01
7.67e-01
3.74e-01
5.86e-01
6.50e-01
1.31e-01
-1.39e-01
-2.84e-01
2.53e-01
-3.58e-01
8.70e-01
2.81e-01
-4.52e-01
-4.36e-01
-8.62e-01
3.19e-01
7.19e-01
4.05e-01
6.53e-01
-8.02e-01
-7.59e-01
2.62e-01
5.80e-01
4.08e-01
-2.06e-01
-6.63e-01
-6.78e-01
9.14e-01
-6.65e-01
1.16e-02
9.62e-01
-8.75e-01
6.86e-01
-3.50e-02
-4.45e-01
-8.48e-02
8.30e-01
4.82e-01
6.78e-01
6.89e-01
-1.45e-01
4.56e-01
-7.19e-01
8.67e-01
-6.59e-01
-3.26e-01
3.09e-01
-1.90e-01
-7.25e-01
-8.24e-01
5.04e-01
-7.10e-01
6.20e-02
7.80e-01
-7.93e-01
-8.07e-01
5.28e-01
7.89e-02
-4.10e-01
1.84e-01
-5.56e-01
-1.22e-01
-8.19e-01
-3.08e-01
-3.03e-01
7.77e-01
-7.48e-01
7.37e-01
-3.73e-01
5.68e-01
-2.80e-01
-1.85e-01
-8.94e-01
8.90e-01
-3.24e-01
-2.23e-01
3.76e-01
9.47e-01
-5.16e-01
3.65e-01
-3.66e-01
8.35e-01
-1.64e-01
3.88e-01
-4.94e-01
9.66e-01
5.29e-01
2.47e-01
-2.45e-01
9.82e-02
2.23e-01
8.90e-01
3.11e-01
3.95e-01
-9.86e-01
-1.90e-01
9.52e-01
1.52e-01
4.48e-01
9.13e-02
-4.10e-01
8.13e-01
9.83e-01
-6.52e-01
8.53e-01
6.66e-01
8.78e-01
4.96e-01
7.47e-01
-9.23e-01
7.73e-01
6.80e-01
5.19e-01
3.42e-01
7.12e-01
-2.18e-01
-7.61e-01
-8.90e-01
