2.48e-01
-7.56e-01
-5.43e-01
-8.37e-01
9.94e-01
-2.37e-01
-2.05e-01
6.57e-01
5.16e-01
-2.07e-01
4.29e-01
-5.36e-01
-3.37e-01
1.67e-01
6.60e-01
-8.82e-01
-4.41e-01
-6.97e-01
8.96e-01
-8.71e-01
-9.50e-02
4.73e-01
-6.94e-01
-4.63e-01
-3.73e-01
-5.34e-01
-6.83e-01
2.33e-03
3.81e-01
-2.96e-01
6.01e-01
-6.79e-01
5.54e-01
-4.10e-01
-4.67e-01
-8.77e-01
-5.76e-01
4.39e-01
3.50e-01
7.61e-01
6.16e-01
-6.92e-01
8.89e-01
1.81e-01
-9.73e-02
-2.03e-02
7.39e-01
-9.62e-01
-7.25e-01
6.11e-01
7.00e-01
1.43e-01
8.96e-02
7.22e-01
-9.41e-01
8.97e-01
-5.35e-01
-6.72e-01
-7.79e-01
-9.51e-01
9.19e-01
8.59e-01
3.66e-01
5.90e-01
2.17e-01
4.49e-01
-6.09e-01
-3.11e-01
-1.06e-02
-8.60e-01
8.31e-01
-8.63e-01
6.55e-01
-2.31e-02
2.99e-01
-9.06e-01
5.28e-01
-6.97e-02
-9.53e-01
-3.71e-01
8.16e-01
-6.44e-01
8.00e-01
6.83e-01
-5.55e-01
5.99e-01
-4.70e-01
8.77e-01
-3.99e-03
-6.69e-02
2.18e-01
4.70e-01
-5.94e-01
5.62e-01
4.23e-01
6.55e-01
7.36e-01
8.15e-01
-8.51e-01
-6.25e-01
-5.76e-01
-5.76e-02
4.36e-01
-7.87e-01
5.92e-01
8.08e-02
-6.32e-01
-6.62e-01
-4.06e-01
9.43e-01
-1.94e-01
-5.59e-02
-7.30e-01
6.65e-01
1.66e-01
-4.09e-01
-7.69e-01
-8.91e-01
7.43e-01
-1.08e-01
2.01e-01
3.16e-02
1.74e-01
-4.52e-01
-7.69e-01
-6.12e-01
9.30e-01
-6.48e-01
8.91e-01
-1.22e-01
4.04e-01
-7.13e-01
6.68e-01
3.80e-01
8.95e-03
-4.94e-01
2.14e-01
2.64e-01
-2.89e-02
1.47e-01
-2.73e-01
1.08e-01
7.07e-01
-1.72e-01
-7.62e-01
6.71e-01
4.28e-01
-4.54e-01
5.24e-01
-8.26e-01
-4.50e-01
4.69e-01
8.45e-01
8.24e-01
7.48e-01
1.08e-01
4.17e-01
-2.06e-01
-1.57e-01
5.88e-01
-1.68e-01
-6.57e-01
8.05e-01
8.48e-01
-1.75e-01
-2.20e-01
7.64e-01
6.66e-02
8.69e-02
6.99e-01
8.46e-01
1.72e-02
1.46e-01
7.44e-01
-8.34e-02
-2.53e-01
4.12e-02
-6.21e-01
4.72e-02
5.68e-01
3.73e-01
9.16e-01
-4.04e-01
3.39e-01
8.79e-01
5.34e-01
-6.20e-01
2.10e-02
-3.11e-01
3.37e-01
-5.98e-01
-3.58e-01
-9.10e-01
3.11e-01
9.35e-01
7.19e-02
-7.58e-01
9.69e-02
-2.81e-01
4.30e-01
-6.94e-01
-9.52e-01
7.45e-01
3.40e-01
-1.85e-01
9.74e-01
-1.49e-01
-4.31e-02
8.35e-01
-1.57e-01
-8.58e-04
-6.98e-01
7.84e-01
-5.76e-01
-9.53e-01
-6.41e-01
-6.19e-01
6.45e-01
7.49e-01
3.69e-01
7.08e-01
-5.81e-01
9.24e-02
2.28e-01
-8.71e-02
2.85e-01
2.00e-01
-5.15e-01
9.86e-02
9.68e-01
-5.36e-01
1.97e-02
7.91e-01
2.00e-01
4.41e-01
-2.85e-01
4.86e-01
8.77e-01
9.49e-01
4.16e-01
3.92e-02
2.02e-01
7.11e-02
-9.44e-02
2.41e-01
-8.04e-01
-5.56e-01
-2.63e-01
5.23e-01
-9.65e-02
5.91e-01
3.54e-01
7.63e-01
8.29e-01
-1.06e-01
5.92e-01
7.79e-01
-5.98e-01
4.13e-02
-3.81e-01
-1.18e-01
2.11e-01
-3.57e-01
1.84e-01
5.11e-01
