-1.58e-01
4.94e-01
-3.50e-01
4.48e-01
-9.67e-01
-3.39e-01
9.89e-01
-7.14e-01
-9.66e-04
-7.94e-01
-5.30e-01
-9.48e-02
3.64e-01
-6.20e-01
6.22e-01
7.84e-01
2.11e-01
6.73e-01
4.95e-01
-9.10e-02
-6.36e-02
-9.16e-01
-8.81e-01
3.71e-01
-4.14e-01
5.09e-02
5.03e-01
-4.75e-01
5.29e-01
1.99e-01
4.23e-01
-1.97e-01
3.08e-01
-6.74e-01
-4.63e-01
7.97e-02
-4.93e-01
7.94e-01
-1.55e-01
6.02e-01
-8.49e-02
-6.96e-01
9.42e-02
7.21e-01
-6.86e-01
8.25e-01
1.34e-01
7.25e-01
-2.37e-01
7.11e-01
-6.66e-01
-5.52e-01
-9.29e-01
7.97e-01
4.82e-01
1.59e-01
8.29e-01
1.85e-01
-9.90e-01
8.95e-01
-7.38e-01
9.55e-01
7.64e-01
-6.77e-01
-7.02e-01
-3.05e-01
-1.87e-01
-5.81e-01
-7.60e-01
7.13e-01
-1.73e-01
7.12e-01
4.59e-01
-2.68e-01
7.18e-02
-8.81e-01
3.26e-01
2.20e-01
-3.57e-01
5.18e-01
4.92e-01
-5.13e-01
-6.45e-01
4.37e-01
-4.52e-01
-6.04e-01
-6.18e-01
1.52e-01
5.53e-01
-1.06e-01
-5.77e-01
9.20e-01
-7.10e-01
2.80e-01
-8.54e-01
-8.04e-01
4.14e-01
8.03e-01
6.16e-01
-4.58e-01
-4.98e-01
-4.97e-01
-3.81e-01
-9.78e-02
-1.04e-01
8.36e-01
7.08e-02
9.30e-01
6.03e-02
-1.73e-01
-9.60e-01
-9.56e-01
-9.91e-02
-1.59e-02
-5.68e-01
7.75e-01
5.46e-01
-2.27e-01
-3.18e-01
4.20e-02
-7.16e-01
2.76e-01
3.30e-01
-3.12e-01
6.33e-02
-4.09e-01
-2.32e-01
4.31e-01
2.38e-01
-3.43e-01
-8.48e-01
8.85e-01
7.83e-01
9.79e-01
4.02e-01
-9.48e-01
-1.92e-01
8.81e-01
4.31e-02
6.72e-01
-3.35e-01
-4.10e-01
-7.86e-01
-9.33e-01
-1.69e-02
-9.98e-01
4.03e-01
6.85e-01
-9.60e-01
-9.78e-01
-7.19e-02
3.42e-01
4.60e-01
2.07e-01
2.55e-01
-9.05e-01
-5.53e-01
-2.52e-01
-1.92e-01
5.80e-02
7.95e-01
-2.32e-01
-2.88e-01
-5.71e-01
7.43e-01
8.08e-01
5.60e-01
-9.90e-01
-4.88e-01
-2.22e-01
9.23e-01
2.06e-01
6.07e-02
-7.95e-01
4.49e-01
4.67e-01
2.40e-01
4.08e-01
5.80e-01
-4.57e-01
-9.56e-01
8.34e-01
7.55e-02
5.21e-01
-8.43e-01
-7.00e-01
-1.73e-01
2.55e-01
-3.92e-01
3.58e-01
7.60e-01
-2.08e-01
-3.10e-02
4.45e-01
-7.92e-01
3.73e-01
8.42e-01
-7.99e-01
2.35e-01
8.97e-01
-8.44e-01
-6.18e-01
-2.99e-01
5.10e-01
9.99e-01
6.86e-01
-1.80e-01
2.68e-01
-4.62e-01
-6.94e-01
7.99e-01
2.94e-01
7.86e-01
1.98e-01
7.78e-02
6.63e-01
2.06e-01
-2.21e-01
-4.54e-01
-1.50e-01
-9.49e-01
-6.36e-01
-7.79e-01
-1.46e-01
4.88e-01
9.25e-01
6.33e-01
-8.36e-01
-2.38e-01
9.86e-01
-4.34e-01
-2.91e-01
-3.17e-01
-2.09e-01
9.53e-01
-2.69e-01
-3.69e-01
5.86e-01
5.34e-02
-6.77e-01
9.60e-02
-5.64e-01
3.85e-01
-7.65e-02
-2.59e-01
-6.32e-01
-2.53e-01
5.72e-01
-3.62e-02
6.09e-01
4.72e-01
4.35e-01
3.83e-01
2.95e-01
3.80e-01
-2.44e-01
-4.76e-01
2.97e-01
4.61e-01
-7.60e-01
-5.93e-01
3.65e-01
-9.05e-02
8.44e-01
-4.42e-01
