-5.82e-01
-4.48e-01
8.57e-01
-2.47e-01
-5.27e-01
7.48e-01
5.01e-01
-8.11e-01
-5.41e-01
-6.97e-01
8.30e-01
3.86e-01
9.01e-01
7.25e-01
2.24e-01
-1.88e-01
1.22e-01
-7.40e-01
8.24e-02
-6.54e-01
7.24e-01
5.77e-01
4.51e-01
4.19e-02
5.69e-01
-7.52e-03
6.26e-01
8.49e-01
-4.66e-01
-6.69e-01
1.77e-01
4.03e-01
-2.44e-01
-7.60e-02
2.42e-01
8.77e-01
-7.26e-01
4.00e-01
3.46e-01
8.29e-01
9.87e-01
-4.56e-02
4.09e-01
7.81e-01
-5.63e-01
1.22e-02
2.77e-01
-5.05e-01
-3.87e-02
-4.70e-01
-8.08e-01
-2.11e-01
7.74e-01
-4.19e-01
3.80e-01
6.43e-01
4.76e-01
7.53e-01
-4.91e-01
-9.94e-02
-1.79e-01
9.85e-02
-9.97e-01
-7.39e-01
-1.30e-01
6.51e-01
-2.61e-01
2.52e-01
-6.89e-01
-2.91e-02
2.09e-01
-8.34e-02
-6.73e-01
-6.80e-01
-2.56e-01
5.72e-01
-4.81e-01
7.39e-01
-3.82e-01
-9.83e-01
7.22e-01
9.44e-01
-1.53e-02
-7.81e-01
-3.11e-01
-4.75e-01
8.02e-01
-2.21e-01
-4.02e-01
-4.84e-01
-4.41e-01
7.28e-01
-4.77e-01
-6.52e-01
-5.68e-01
-3.27e-01
-9.65e-03
9.52e-01
3.34e-02
8.48e-01
2.65e-01
-7.29e-01
-9.87e-02
-8.21e-01
1.57e-01
-1.31e-01
9.34e-01
4.84e-01
2.44e-01
-2.96e-01
3.83e-04
6.84e-01
7.21e-04
1.85e-01
9.95e-01
-5.69e-01
2.25e-01
4.29e-01
-9.40e-01
6.65e-01
8.50e-01
-6.55e-01
7.15e-01
-3.89e-01
2.19e-01
9.58e-01
8.29e-01
-6.62e-01
2.63e-01
3.81e-01
1.77e-01
9.68e-01
-2.89e-01
-2.86e-01
6.04e-01
6.50e-01
4.31e-01
4.07e-01
-8.27e-01
4.42e-01
5.74e-01
5.76e-02
-6.30e-01
-1.16e-01
-7.93e-02
-5.81e-01
8.39e-01
-2.90e-01
7.67e-01
3.74e-01
5.86e-01
6.50e-01
1.31e-01
-1.39e-01
-2.84e-01
2.53e-01
-3.58e-01
8.70e-01
2.81e-01
-4.52e-01
-4.36e-01
-8.62e-01
3.19e-01
7.19e-01
4.05e-01
6.53e-01
-8.02e-01
-7.59e-01
2.62e-01
5.80e-01
4.08e-01
-2.06e-01
8.55e-01
-6.17e-01
8.59e-01
6.96e-01
1.16e-02
9.62e-01
-8.75e-01
6.86e-01
-3.50e-02
-4.45e-01
-8.48e-02
8.30e-01
4.82e-01
6.78e-01
6.89e-01
-1.45e-01
4.56e-01
-7.19e-01
-9.94e-02
-6.94e-01
8.64e-01
8.25e-01
-1.93e-01
1.46e-02
9.88e-01
-1.32e-01
8.14e-01
6.69e-01
-8.96e-01
9.07e-02
7.29e-01
-1.81e-01
2.58e-01
2.38e-01
-2.97e-01
-9.42e-01
-5.06e-01
8.41e-01
-7.99e-01
1.23e-01
-5.93e-02
9.13e-01
1.88e-01
6.27e-01
6.81e-01
2.14e-01
8.02e-01
3.48e-01
9.12e-01
-8.56e-02
-4.06e-01
1.46e-01
-9.77e-01
-9.01e-01
4.72e-01
4.82e-01
-7.87e-01
5.62e-01
6.93e-01
4.77e-01
7.65e-01
5.07e-01
-2.69e-01
4.93e-01
-6.75e-01
-2.01e-01
-6.24e-02
9.07e-01
-9.01e-01
-5.01e-02
7.81e-01
-5.09e-01
-2.36e-01
-3.64e-01
-8.32e-01
9.10e-02
-1.20e-01
-5.42e-01
-9.41e-01
-5.05e-01
6.96e-01
5.14e-01
1.76e-01
6.35e-01
-5.78e-01
-2.40e-01
-9.43e-01
2.06e-01
2.63e-01
6.28e-01
-9.61e-01
8.99e-01
-3.64e-01
