7.98e-02
6.77e-01
6.55e-01
8.85e-01
-5.26e-01
7.69e-01
-5.32e-01
1.91e-01
1.83e-01
-9.13e-01
-4.59e-01
3.37e-01
9.04e-01
-1.30e-01
-8.99e-01
-4.72e-01
-1.79e-01
4.29e-01
8.05e-01
1.32e-01
8.04e-01
-5.32e-01
1.49e-01
-6.97e-01
3.67e-01
1.78e-02
9.40e-01
7.62e-01
-2.13e-01
3.60e-01
6.98e-01
1.63e-01
8.03e-01
-4.74e-01
-4.98e-02
5.45e-01
4.34e-01
9.14e-01
5.86e-02
-5.96e-01
-6.55e-01
4.18e-01
4.82e-01
2.11e-01
-6.07e-01
-9.13e-01
2.27e-01
4.74e-01
-1.88e-02
-4.18e-01
5.71e-01
-5.29e-02
7.85e-01
2.55e-01
9.45e-01
-6.96e-01
8.19e-01
3.44e-01
-2.93e-01
-2.99e-01
-4.79e-01
5.45e-01
-4.85e-01
7.03e-01
8.19e-01
7.23e-01
-4.80e-01
-2.55e-01
-3.66e-01
1.38e-01
-9.04e-01
-9.27e-01
-5.05e-02
9.05e-01
-1.16e-01
9.03e-02
4.06e-01
4.94e-01
-6.67e-01
-7.21e-01
4.72e-01
7.51e-02
-5.93e-01
4.87e-01
-1.54e-01
2.14e-01
2.97e-01
-9.10e-01
-9.90e-01
7.87e-01
3.62e-01
-5.90e-01
2.97e-01
9.41e-01
8.81e-01
-7.67e-01
5.23e-01
-8.22e-02
9.80e-01
-6.19e-01
-7.00e-01
-9.73e-01
-5.00e-01
-2.80e-01
-2.67e-01
-9.39e-01
-7.64e-02
1.90e-01
-8.25e-01
7.29e-01
-5.31e-02
-5.99e-01
-6.40e-01
8.49e-02
-8.32e-03
-7.49e-01
7.50e-01
-4.20e-01
2.61e-01
7.99e-01
7.60e-01
-9.98e-01
-2.89e-01
7.10e-01
-5.98e-01
-5.71e-02
-7.85e-01
-3.89e-01
-5.60e-01
-2.78e-01
3.69e-01
-3.58e-01
4.51e-01
9.08e-01
-8.94e-01
9.65e-02
7.60e-01
8.25e-01
4.02e-01
3.61e-01
-7.69e-02
-4.74e-01
-5.78e-01
-1.39e-01
8.46e-01
-7.66e-01
-1.51e-02
9.75e-02
-1.04e-01
-3.58e-02
8.34e-01
-5.40e-01
6.57e-01
1.86e-01
2.82e-01
-8.70e-01
8.55e-01
1.69e-02
3.95e-01
-3.22e-01
5.67e-01
5.49e-01
-9.28e-01
-2.80e-01
-9.93e-01
6.54e-01
-5.24e-01
-6.57e-01
-1.70e-01
9.62e-03
6.82e-01
2.19e-01
-9.99e-01
2.98e-02
-3.38e-01
-9.86e-01
8.70e-01
2.60e-01
4.19e-01
1.67e-02
-9.77e-01
-1.08e-01
-9.85e-02
-9.26e-01
9.69e-01
8.02e-01
6.60e-01
5.94e-01
9.09e-01
9.84e-01
9.28e-01
-9.26e-01
-7.03e-01
-9.46e-01
9.71e-01
9.42e-01
6.83e-01
-5.90e-01
7.01e-01
-8.75e-01
4.31e-02
4.28e-01
7.01e-01
-4.75e-01
2.46e-01
-2.75e-01
5.09e-01
-4.69e-01
-1.66e-01
-3.62e-01
-4.52e-01
3.94e-02
-3.86e-01
1.94e-01
5.75e-01
-6.37e-01
-9.50e-01
-3.90e-01
1.77e-01
-1.15e-01
8.36e-02
2.15e-01
1.95e-01
-1.84e-01
-8.59e-01
-6.85e-01
-5.80e-01
9.31e-01
-9.86e-01
-1.30e-01
1.46e-01
9.44e-02
-9.58e-01
-8.32e-01
5.43e-02
-9.81e-02
2.70e-01
5.93e-01
-3.73e-02
-4.51e-01
9.35e-01
7.87e-01
-2.30e-01
-1.47e-01
5.90e-01
9.93e-01
-6.01e-02
5.02e-01
8.57e-01
-6.14e-01
-9.16e-01
-5.31e-01
8.34e-02
1.76e-01
2.78e-01
-5.11e-01
-7.08e-01
6.95e-01
2.76e-01
1.67e-01
-2.02e-01
2.72e-01
7.56e-01
5.46e-01
3.75e-01
