7.89e-01
6.92e-01
-1.42e-01
-1.59e-01
-4.36e-01
-6.12e-01
-4.58e-01
-8.35e-01
2.85e-01
7.04e-01
4.54e-01
8.27e-01
6.72e-01
2.80e-01
-6.34e-01
-7.20e-01
1.55e-01
-6.51e-01
3.87e-01
-3.68e-01
4.55e-01
-1.04e-01
-9.49e-01
-1.84e-01
1.90e-01
-3.87e-01
7.92e-01
-2.78e-01
-1.94e-01
-1.26e-01
6.53e-01
-1.07e-01
-6.11e-01
1.24e-01
6.11e-01
5.92e-01
-3.07e-01
3.19e-01
-4.06e-02
-9.95e-01
6.26e-01
7.41e-01
-5.22e-01
1.52e-01
-3.67e-01
-4.55e-02
7.02e-02
-2.90e-01
-6.65e-01
-3.32e-01
2.47e-01
-1.25e-01
-2.86e-02
4.21e-02
-1.01e-01
4.28e-01
2.32e-01
9.77e-01
-7.84e-01
-4.22e-01
-5.19e-02
1.97e-01
-3.63e-01
-8.20e-01
-3.83e-02
4.03e-01
-3.88e-01
-2.04e-01
3.08e-02
3.12e-01
8.70e-01
-1.04e-01
-2.18e-01
4.32e-01
-6.28e-01
6.31e-01
8.96e-01
-3.23e-01
-2.38e-01
-9.56e-01
-1.00e+00
-5.27e-01
-5.10e-01
-1.98e-01
-4.05e-01
8.52e-01
3.53e-01
4.12e-01
3.08e-01
-5.19e-01
1.67e-01
3.42e-02
2.10e-01
-2.43e-01
-8.48e-01
-6.85e-01
-4.56e-01
-1.71e-01
-8.57e-01
-5.88e-02
-9.99e-01
-2.94e-02
-6.83e-01
-2.07e-01
1.40e-01
4.78e-01
9.65e-01
9.44e-01
5.10e-01
6.89e-01
-8.80e-01
1.10e-01
2.70e-01
6.99e-01
-1.03e-01
-4.30e-01
5.11e-02
-1.85e-01
-3.50e-01
-4.53e-01
-4.95e-01
-1.31e-01
2.07e-01
8.68e-01
-9.95e-01
-7.37e-01
-6.11e-01
7.52e-01
4.54e-01
5.21e-01
6.17e-02
-2.56e-01
-6.96e-01
7.09e-01
-4.33e-01
-6.08e-01
-9.75e-01
-7.78e-01
5.31e-01
2.52e-01
9.55e-01
-4.40e-01
3.24e-01
-6.46e-01
2.88e-01
2.44e-01
-9.03e-01
-8.57e-01
-7.09e-01
-1.16e-01
9.66e-01
7.89e-01
7.60e-01
-7.88e-01
-7.22e-02
6.52e-01
-3.37e-01
3.40e-01
-2.26e-01
3.83e-01
1.06e-01
5.30e-01
3.39e-01
-9.01e-01
8.68e-01
1.78e-01
-9.52e-01
-4.55e-01
8.68e-01
-2.22e-01
8.90e-01
8.39e-01
6.66e-01
5.59e-01
5.81e-01
-2.51e-01
-1.21e-01
2.52e-01
-9.87e-01
-4.62e-01
9.84e-03
-5.90e-01
-2.29e-02
-1.42e-01
-6.49e-01
-7.87e-01
-4.46e-01
2.12e-01
-4.67e-01
-1.07e-01
8.21e-01
-4.12e-01
-3.09e-01
-9.60e-01
-9.15e-01
-8.39e-02
8.16e-01
2.86e-01
-6.65e-01
4.97e-03
2.26e-01
8.58e-01
7.39e-02
-9.42e-01
2.48e-01
7.81e-01
-7.25e-01
4.01e-01
-9.84e-01
6.28e-01
-2.39e-01
-3.72e-01
7.49e-01
5.16e-01
9.21e-01
-1.38e-01
5.13e-01
-5.87e-01
9.55e-01
-4.60e-01
2.47e-01
1.61e-01
5.69e-01
-3.73e-01
-6.78e-01
-5.35e-01
-3.02e-01
5.98e-01
-7.51e-01
-1.74e-02
1.80e-01
-1.02e-01
-3.27e-01
-9.59e-01
5.56e-01
6.14e-01
-6.32e-01
-1.77e-01
-7.60e-01
9.23e-02
6.89e-02
9.75e-01
-5.51e-01
6.94e-01
-1.51e-01
-8.56e-01
-3.14e-01
-1.96e-01
-6.83e-01
8.39e-01
-7.88e-01
-8.62e-01
-2.97e-02
-1.99e-01
1.79e-01
-4.57e-01
1.66e-01
3.71e-01
-9.06e-01
9.27e-01
-9.50e-03
-3.42e-01
-8.44e-01
-3.45e-01
9.05e-01
