-5.64e-01
7.07e-01
-5.14e-01
9.15e-01
-3.84e-03
9.90e-01
8.71e-01
9.13e-02
1.82e-01
1.04e-01
-2.01e-01
4.44e-01
-1.62e-01
3.56e-01
-9.03e-01
9.18e-01
7.19e-01
-4.69e-01
-3.11e-01
1.00e-01
5.58e-01
-5.28e-02
-2.51e-01
7.03e-01
2.84e-01
-8.49e-01
-3.78e-01
5.98e-01
5.37e-01
3.07e-01
9.64e-01
7.80e-01
-8.75e-01
-7.43e-01
-6.17e-01
3.20e-01
-1.43e-02
1.63e-01
-7.29e-01
-7.97e-01
-9.26e-02
-3.01e-01
3.60e-01
-5.26e-01
9.04e-01
-6.58e-01
1.63e-01
2.18e-01
5.12e-01
4.74e-01
-6.68e-01
-8.05e-01
1.99e-02
5.82e-01
6.24e-01
-9.01e-01
4.56e-01
-6.25e-01
-2.08e-01
7.18e-01
-3.22e-01
3.91e-02
2.02e-01
9.28e-02
7.79e-01
1.16e-01
9.64e-01
-9.88e-01
-4.16e-01
5.98e-01
-1.35e-01
6.45e-01
-7.79e-01
-8.68e-02
3.02e-01
-7.46e-01
4.29e-01
9.46e-01
4.35e-01
-7.31e-01
-5.62e-01
3.59e-01
-9.01e-01
2.20e-01
2.75e-03
-2.93e-01
3.16e-01
6.10e-01
8.50e-01
-5.30e-01
-4.96e-01
-7.95e-01
-6.49e-01
-7.31e-03
-7.23e-01
-9.97e-01
9.09e-02
-1.71e-01
-8.57e-01
-5.88e-02
3.08e-01
1.78e-01
-6.98e-02
-1.44e-01
6.58e-01
-5.48e-01
9.65e-01
9.44e-01
6.42e-01
-9.04e-01
-6.74e-01
-1.95e-01
-3.97e-01
1.23e-02
7.31e-02
5.35e-01
7.68e-01
-7.82e-01
1.64e-01
-6.93e-01
6.16e-01
1.55e-01
3.61e-01
6.78e-01
-1.82e-01
-5.85e-01
4.96e-01
-3.45e-02
-5.97e-01
7.58e-01
4.67e-01
-2.56e-01
-6.96e-01
7.09e-01
8.72e-02
4.72e-01
6.14e-01
-7.72e-01
-4.83e-01
-5.03e-01
3.31e-01
-5.67e-01
5.46e-01
-8.53e-01
-1.20e-01
-7.48e-01
2.65e-01
2.20e-01
2.97e-02
-7.10e-01
-5.99e-01
5.58e-01
5.28e-01
8.45e-01
-6.02e-01
-5.47e-02
3.61e-01
-6.24e-01
-3.06e-01
6.06e-01
-9.07e-01
-8.47e-01
-5.34e-03
1.25e-01
-4.46e-01
4.05e-01
5.09e-02
1.41e-01
7.30e-01
-6.47e-02
-9.70e-01
-9.50e-01
-4.79e-01
-7.66e-01
4.97e-01
4.99e-01
3.41e-01
9.97e-01
9.51e-01
-2.10e-01
7.92e-01
-2.78e-01
6.13e-01
-4.06e-01
4.47e-02
-4.00e-01
-7.74e-01
-5.28e-01
-1.61e-01
-3.54e-01
6.02e-01
2.17e-01
9.77e-02
-8.41e-01
8.40e-01
7.12e-01
-8.58e-01
-6.85e-01
-5.41e-01
-6.17e-01
-6.78e-04
9.05e-01
-2.36e-01
4.73e-01
-3.32e-01
7.81e-01
-8.41e-01
-7.19e-01
6.30e-01
1.78e-01
-7.93e-01
-3.72e-01
6.37e-01
2.64e-01
7.80e-01
-8.95e-01
4.27e-01
-5.87e-01
9.55e-01
-4.60e-01
2.47e-01
1.61e-01
5.69e-01
-3.73e-01
-6.78e-01
-5.35e-01
-3.02e-01
5.98e-01
-7.51e-01
6.17e-02
2.48e-01
-3.23e-02
7.04e-02
1.00e-01
-5.53e-01
-3.33e-01
-4.37e-01
8.05e-01
-3.14e-01
3.33e-01
-5.25e-01
1.64e-01
-3.32e-01
9.57e-01
8.92e-01
4.66e-01
7.18e-01
1.58e-01
8.43e-01
8.58e-01
3.84e-01
-6.84e-01
8.20e-01
3.12e-01
-4.95e-02
-2.66e-01
-5.33e-01
9.14e-01
3.11e-01
-7.56e-01
-9.96e-01
8.56e-01
-1.94e-01
-1.62e-01
6.71e-01
