-5.64e-01
7.07e-01
-5.14e-01
9.15e-01
-3.84e-03
9.90e-01
8.71e-01
1.23e-02
9.38e-01
6.17e-02
-2.01e-01
4.44e-01
-1.62e-01
3.56e-01
-9.03e-01
9.18e-01
7.19e-01
-4.69e-01
2.68e-01
6.61e-01
-4.24e-02
-9.10e-01
-5.28e-01
1.94e-01
-1.97e-02
1.34e-01
-9.13e-01
5.84e-01
-9.48e-01
5.48e-01
7.86e-01
5.00e-01
-2.99e-01
9.33e-01
2.46e-02
3.20e-01
-1.43e-02
1.63e-01
-7.29e-01
-7.97e-01
-9.26e-02
-3.01e-01
3.60e-01
-5.26e-01
9.04e-01
-6.58e-01
1.63e-01
2.18e-01
5.12e-01
4.74e-01
-6.68e-01
-8.05e-01
1.99e-02
5.82e-01
6.24e-01
-1.45e-01
2.60e-01
7.86e-01
8.02e-01
-5.46e-03
4.56e-01
3.12e-01
5.28e-01
-9.08e-01
-3.17e-01
1.91e-01
-6.02e-01
8.23e-01
-6.36e-02
7.09e-01
-2.17e-01
-7.20e-01
-4.25e-01
-1.45e-01
-2.94e-01
-6.57e-01
-6.35e-01
-5.69e-01
8.91e-01
3.18e-01
8.04e-01
3.59e-01
-9.01e-01
2.20e-01
2.75e-03
-2.93e-01
3.16e-01
6.10e-01
8.50e-01
-3.86e-01
-1.39e-01
-9.48e-01
6.24e-01
-8.43e-01
9.31e-01
-1.68e-01
3.10e-01
-8.02e-01
3.75e-01
6.27e-02
-3.69e-01
7.72e-01
-5.93e-01
-2.18e-01
-3.14e-01
8.64e-01
-1.15e-01
3.84e-01
6.43e-01
-3.62e-01
3.36e-01
5.43e-01
-2.68e-01
7.67e-01
6.55e-01
1.25e-01
7.70e-01
-7.82e-01
3.94e-01
-5.13e-01
6.32e-01
-2.47e-01
-7.91e-01
9.72e-01
-6.68e-01
-5.85e-01
4.96e-01
-3.45e-02
-5.97e-01
8.27e-01
-8.57e-01
-4.20e-02
-1.40e-01
2.05e-01
-2.03e-01
8.29e-01
-2.47e-01
-1.98e-02
8.82e-01
-2.28e-01
9.65e-01
-7.74e-01
2.66e-01
-3.82e-01
1.31e-01
8.74e-01
8.35e-02
7.80e-01
1.52e-01
5.90e-01
5.56e-01
-9.84e-01
9.70e-01
1.22e-01
-6.02e-01
-3.33e-01
4.02e-01
-2.91e-01
1.32e-01
-6.90e-02
3.17e-01
-2.24e-01
6.11e-01
1.25e-01
-4.46e-01
4.05e-01
5.09e-02
1.41e-01
7.30e-01
-9.40e-01
4.57e-02
-9.50e-01
-4.79e-01
3.26e-01
-3.67e-01
3.14e-01
7.05e-01
-6.04e-01
-3.24e-01
-1.65e-02
2.67e-01
7.95e-01
-9.90e-01
4.61e-02
9.66e-02
6.98e-01
-4.72e-01
8.31e-01
-3.45e-01
-5.25e-01
-7.82e-01
4.41e-01
-2.09e-01
-7.27e-01
8.40e-01
7.12e-01
-8.58e-01
-6.85e-01
-5.41e-01
-6.17e-01
6.31e-01
-7.95e-03
-1.96e-01
-9.42e-01
2.48e-01
-1.87e-01
7.05e-02
-2.56e-01
-9.84e-01
6.28e-01
-2.39e-01
-3.72e-01
7.49e-01
5.16e-01
9.21e-01
-8.95e-01
4.27e-01
-8.02e-01
-9.13e-03
-6.20e-01
-1.47e-02
-5.91e-01
-1.79e-01
8.23e-01
1.51e-01
-5.30e-01
-7.12e-01
-6.83e-01
-6.36e-01
1.04e-01
6.99e-01
-3.23e-02
7.04e-02
1.00e-01
-5.53e-01
-3.33e-01
-4.37e-01
8.05e-01
-3.14e-01
3.33e-01
-5.25e-01
1.64e-01
-3.32e-01
9.57e-01
8.92e-01
4.66e-01
7.18e-01
1.58e-01
8.43e-01
8.58e-01
3.84e-01
-6.84e-01
8.20e-01
3.12e-01
-4.95e-02
-2.66e-01
-5.33e-01
9.14e-01
3.11e-01
-7.56e-01
-9.96e-01
8.56e-01
-1.94e-01
-1.62e-01
-4.33e-01
