-5.64e-01
7.07e-01
-5.14e-01
9.15e-01
-3.84e-03
9.90e-01
8.71e-01
9.13e-02
1.82e-01
6.17e-02
-2.01e-01
4.44e-01
4.96e-01
3.56e-01
-9.03e-01
9.18e-01
7.19e-01
-4.69e-01
2.68e-01
6.61e-01
-4.24e-02
-9.10e-01
-5.28e-01
1.83e-01
9.92e-01
-7.24e-01
3.77e-02
8.16e-02
6.40e-01
3.07e-01
9.64e-01
1.59e-01
-8.75e-01
-7.43e-01
-6.17e-01
2.47e-02
-1.62e-01
-7.23e-01
-6.06e-01
2.96e-01
-1.19e-01
-4.01e-01
-3.05e-01
-1.82e-01
9.04e-01
-6.58e-01
1.63e-01
2.18e-01
5.12e-01
4.74e-01
-6.68e-01
-8.05e-01
1.99e-02
5.82e-01
6.24e-01
-1.45e-01
2.60e-01
7.86e-01
5.65e-01
-8.76e-01
4.56e-01
3.12e-01
5.28e-01
-9.08e-01
-3.17e-01
1.16e-01
9.64e-01
-9.88e-01
-4.16e-01
5.98e-01
-1.35e-01
6.45e-01
-7.79e-01
-8.68e-02
3.02e-01
-7.46e-01
4.29e-01
9.46e-01
4.35e-01
-7.31e-01
-5.62e-01
3.59e-01
-9.01e-01
2.20e-01
2.75e-03
-2.93e-01
3.16e-01
6.10e-01
8.50e-01
-5.30e-01
-4.96e-01
-7.95e-01
-6.49e-01
-1.26e-01
-1.31e-01
9.64e-01
9.95e-01
6.18e-01
3.75e-01
6.27e-02
-2.08e-01
-4.28e-02
-8.97e-01
6.22e-01
4.56e-01
1.36e-02
3.96e-01
9.79e-01
7.11e-01
8.59e-01
3.36e-01
5.43e-01
-2.68e-01
7.67e-01
6.55e-01
1.25e-01
7.70e-01
-8.06e-01
2.89e-03
-6.36e-01
6.16e-01
1.55e-01
3.61e-01
6.78e-01
-1.82e-01
-5.85e-01
-1.62e-01
-3.45e-02
-5.97e-01
7.58e-01
4.67e-01
-2.56e-01
-1.40e-01
2.05e-01
-2.03e-01
8.29e-01
-2.47e-01
-1.98e-02
8.82e-01
-2.28e-01
9.65e-01
-7.74e-01
2.66e-01
-3.82e-01
-7.87e-01
4.16e-01
-1.73e-01
1.43e-01
2.97e-02
-7.10e-01
5.56e-01
-9.84e-01
5.28e-01
8.45e-01
-6.02e-01
9.38e-01
7.77e-01
9.82e-01
-5.42e-01
5.75e-01
-9.07e-01
-8.47e-01
-5.34e-03
1.25e-01
-4.46e-01
-6.72e-01
4.29e-01
2.69e-01
9.01e-01
-6.47e-02
-9.70e-01
-1.19e-02
-9.92e-01
1.31e-01
4.95e-01
5.61e-01
9.89e-01
-2.64e-01
9.51e-01
4.86e-01
-9.29e-01
-2.78e-01
6.13e-01
-4.06e-01
9.95e-01
-7.39e-02
-4.26e-02
6.32e-01
-3.45e-01
3.42e-01
-7.82e-01
4.41e-01
-2.09e-01
-7.27e-01
-4.05e-01
-7.46e-01
-3.32e-01
8.73e-01
-5.41e-01
-6.17e-01
6.31e-01
-7.95e-03
-1.96e-01
-9.42e-01
2.48e-01
7.81e-01
-7.25e-01
4.01e-01
-9.84e-01
6.28e-01
-2.39e-01
-4.74e-01
6.37e-01
5.16e-01
9.21e-01
-1.38e-01
5.13e-01
-2.93e-01
7.68e-01
-6.20e-01
-1.47e-02
-1.35e-01
-5.94e-01
-8.62e-01
1.68e-01
-8.20e-01
6.39e-01
-4.48e-01
-1.70e-01
1.04e-01
6.99e-01
-3.23e-02
7.04e-02
1.00e-01
-5.53e-01
-3.33e-01
-4.37e-01
8.05e-01
-3.14e-01
3.33e-01
-5.25e-01
1.64e-01
5.16e-01
9.57e-01
8.92e-01
4.66e-01
7.18e-01
1.58e-01
8.43e-01
8.58e-01
-9.10e-01
-6.84e-01
8.20e-01
3.12e-01
-4.95e-02
-2.66e-01
-5.33e-01
9.14e-01
3.11e-01
-7.56e-01
-9.96e-01
8.56e-01
-1.94e-01
-1.62e-01
-4.33e-01
