8.20e-01
1.55e-01
3.37e-01
8.96e-01
5.60e-01
2.35e-01
-2.71e-01
-3.45e-01
1.23e-01
4.83e-01
-8.77e-01
-2.20e-01
-3.41e-01
-5.79e-01
8.91e-01
-7.20e-01
1.55e-01
-6.51e-01
-3.11e-01
1.00e-01
5.58e-01
-5.28e-02
-2.51e-01
7.03e-01
2.84e-01
-8.49e-01
-3.78e-01
5.98e-01
5.37e-01
3.07e-01
9.64e-01
1.59e-01
-8.75e-01
-7.43e-01
-6.17e-01
2.47e-02
-1.62e-01
-7.23e-01
-6.06e-01
2.96e-01
-1.19e-01
-4.01e-01
-3.05e-01
-1.82e-01
6.34e-01
4.35e-01
-6.14e-01
8.44e-01
2.26e-01
9.63e-01
-6.97e-01
-4.71e-01
5.01e-01
9.75e-01
8.52e-01
-2.49e-01
-8.72e-01
-6.25e-01
8.02e-01
-5.46e-03
4.56e-01
3.12e-01
5.28e-01
-9.08e-01
-3.17e-01
1.91e-01
-6.02e-01
8.23e-01
-6.36e-02
7.09e-01
-2.17e-01
-7.20e-01
-4.25e-01
-1.45e-01
-2.94e-01
-6.57e-01
-3.14e-01
5.24e-01
-7.86e-01
-2.93e-01
-9.35e-01
-6.59e-01
7.89e-01
2.20e-01
2.75e-03
9.72e-01
3.16e-01
6.10e-01
-8.71e-01
8.44e-01
-1.13e-01
-4.76e-01
-5.38e-01
5.07e-01
-7.83e-01
8.86e-01
-3.72e-01
3.35e-01
-1.72e-01
4.07e-01
-9.54e-01
8.12e-01
-5.74e-01
1.07e-02
-1.30e-01
-1.93e-01
9.55e-01
-3.70e-01
5.10e-01
6.89e-01
-8.80e-01
-1.95e-01
-3.97e-01
1.23e-02
7.31e-02
5.35e-01
7.68e-01
-7.82e-01
1.64e-01
-6.93e-01
6.16e-01
1.55e-01
3.61e-01
6.78e-01
-1.82e-01
-5.85e-01
4.96e-01
-3.45e-02
-5.97e-01
8.27e-01
-8.57e-01
-4.20e-02
-1.40e-01
2.05e-01
-2.03e-01
8.29e-01
-2.47e-01
-1.98e-02
8.82e-01
-2.28e-01
9.65e-01
-7.74e-01
2.66e-01
-3.82e-01
1.31e-01
8.74e-01
8.35e-02
-1.62e-01
-4.46e-01
3.45e-01
-5.99e-01
8.69e-01
-8.90e-01
7.02e-01
-3.53e-01
5.16e-01
5.85e-01
8.67e-01
5.07e-01
-9.84e-02
9.66e-01
5.38e-01
-7.02e-02
2.27e-01
-8.92e-01
-4.34e-01
8.70e-01
-6.19e-01
8.40e-01
-2.85e-01
9.68e-01
-6.61e-01
1.65e-01
-5.08e-01
4.47e-01
5.54e-01
-8.74e-01
4.76e-01
7.98e-01
4.86e-01
-9.29e-01
-2.78e-01
6.13e-01
-4.06e-01
4.47e-02
-4.00e-01
-7.74e-01
-5.28e-01
-3.45e-01
-5.25e-01
-7.82e-01
4.41e-01
-2.09e-01
-7.27e-01
-4.05e-01
-7.46e-01
-8.58e-01
-6.85e-01
-5.41e-01
-6.17e-01
6.31e-01
-7.95e-03
-1.96e-01
-9.42e-01
2.48e-01
7.81e-01
-7.25e-01
4.01e-01
-9.84e-01
6.28e-01
-2.39e-01
-3.72e-01
7.49e-01
2.64e-01
7.80e-01
-8.95e-01
4.27e-01
-5.87e-01
9.55e-01
-4.60e-01
2.47e-01
1.61e-01
5.69e-01
-3.73e-01
-6.78e-01
-5.35e-01
-3.02e-01
5.98e-01
-7.51e-01
1.04e-01
2.48e-01
-3.23e-02
7.04e-02
1.00e-01
-5.53e-01
-3.33e-01
-4.37e-01
8.05e-01
-3.14e-01
3.33e-01
-5.25e-01
1.64e-01
-3.32e-01
9.57e-01
8.92e-01
4.66e-01
7.18e-01
1.58e-01
8.43e-01
8.58e-01
-5.33e-01
-8.77e-01
9.48e-01
-8.81e-01
-3.79e-01
-2.66e-01
-5.33e-01
9.14e-01
3.11e-01
-7.56e-01
-9.96e-01
8.56e-01
-1.94e-01
-1.62e-01
6.71e-01
