-5.64e-01
7.07e-01
-5.14e-01
9.15e-01
-3.84e-03
9.90e-01
8.71e-01
9.13e-02
1.82e-01
6.17e-02
-2.01e-01
4.44e-01
-1.62e-01
3.56e-01
-9.03e-01
9.18e-01
7.19e-01
-4.69e-01
2.68e-01
6.61e-01
-4.24e-02
-9.10e-01
-5.28e-01
1.94e-01
-1.97e-02
1.34e-01
-9.13e-01
5.84e-01
-9.48e-01
5.48e-01
7.86e-01
5.00e-01
-2.99e-01
9.33e-01
2.46e-02
3.20e-01
-1.43e-02
1.63e-01
-9.55e-01
-2.72e-01
-8.74e-01
-3.76e-01
2.06e-01
9.69e-01
9.56e-01
-6.58e-02
-8.36e-01
9.08e-01
9.58e-01
7.91e-01
-6.76e-01
-4.71e-01
5.01e-01
9.75e-01
8.52e-01
-2.49e-01
-8.72e-01
-6.25e-01
8.02e-01
-5.46e-03
4.56e-01
3.12e-01
5.28e-01
-9.08e-01
-3.17e-01
1.91e-01
-6.02e-01
8.23e-01
-6.36e-02
7.09e-01
-2.17e-01
-7.20e-01
-4.25e-01
-1.45e-01
-2.94e-01
-6.57e-01
-3.14e-01
5.24e-01
-7.86e-01
-2.93e-01
8.04e-01
-6.42e-02
-1.58e-01
9.07e-01
6.80e-01
2.72e-01
3.16e-01
-8.52e-02
5.14e-01
-3.86e-01
-1.39e-01
-9.48e-01
6.24e-01
-8.43e-01
9.31e-01
-1.68e-01
3.10e-01
-8.02e-01
3.75e-01
6.27e-02
-3.69e-01
7.72e-01
-5.93e-01
-2.18e-01
-3.14e-01
8.64e-01
-1.15e-01
3.84e-01
7.26e-02
8.59e-01
3.36e-01
5.43e-01
-2.68e-01
7.67e-01
6.55e-01
-4.89e-01
-9.51e-01
-9.63e-01
3.94e-01
-5.13e-01
6.32e-01
-2.47e-01
-7.91e-01
9.72e-01
-6.68e-01
-8.57e-01
-2.68e-01
9.06e-01
-7.58e-01
8.27e-01
-8.57e-01
-9.18e-01
7.59e-01
-5.51e-01
-9.32e-01
5.59e-01
-1.36e-01
1.87e-01
8.18e-01
3.70e-01
-3.40e-01
6.60e-01
-5.61e-01
6.86e-01
-7.87e-01
4.16e-01
-1.73e-01
1.43e-01
2.97e-02
-7.10e-01
5.56e-01
-9.84e-01
9.70e-01
9.41e-01
9.31e-02
5.14e-01
-8.80e-02
6.76e-01
-7.05e-01
-4.93e-01
4.68e-01
-2.24e-01
6.11e-01
-5.69e-02
1.98e-01
-6.38e-01
8.00e-03
2.69e-01
9.01e-01
-6.47e-02
-9.70e-01
-1.19e-02
-9.92e-01
-7.66e-01
4.97e-01
4.99e-01
3.41e-01
9.97e-01
9.51e-01
4.86e-01
-9.29e-01
-2.78e-01
6.13e-01
4.15e-01
9.95e-01
-7.39e-02
-4.26e-02
6.32e-01
-3.45e-01
3.42e-01
-7.82e-01
4.41e-01
-2.09e-01
-7.27e-01
-4.05e-01
-7.46e-01
5.16e-01
7.40e-01
-9.47e-01
-1.07e-01
9.33e-01
-3.05e-01
-6.62e-01
-6.08e-01
1.22e-01
2.48e-01
5.45e-03
2.50e-01
2.62e-01
3.95e-02
-7.23e-01
-5.74e-01
-7.04e-01
4.89e-01
2.94e-01
7.60e-01
4.27e-01
-5.98e-01
-5.32e-02
9.72e-01
-9.62e-01
-1.35e-01
-5.94e-01
-8.62e-01
1.68e-01
-8.20e-01
6.39e-01
-4.48e-01
-1.70e-01
-5.94e-01
6.99e-01
-3.23e-02
7.04e-02
1.00e-01
-5.53e-01
-3.33e-01
-4.37e-01
8.05e-01
-3.14e-01
3.33e-01
-5.25e-01
1.64e-01
-3.32e-01
9.57e-01
8.92e-01
4.66e-01
7.18e-01
1.58e-01
8.43e-01
8.58e-01
3.84e-01
-6.84e-01
8.20e-01
3.12e-01
-4.95e-02
-2.66e-01
-5.33e-01
9.14e-01
3.11e-01
-7.56e-01
-9.96e-01
8.56e-01
-1.94e-01
-1.62e-01
-4.33e-01
