8.20e-01
1.55e-01
3.37e-01
-9.30e-01
-2.22e-01
1.64e-01
-4.76e-01
1.23e-02
-6.01e-01
8.38e-01
-4.98e-01
-1.44e-01
1.62e-01
-1.32e-01
9.52e-01
-8.14e-01
-5.29e-01
6.79e-01
-7.72e-01
-7.99e-03
-2.52e-01
8.79e-01
7.58e-01
6.12e-01
-1.97e-02
1.34e-01
-9.13e-01
5.84e-01
-9.48e-01
5.48e-01
-6.96e-01
8.98e-01
-2.02e-01
9.33e-01
2.46e-02
3.20e-01
-1.43e-02
1.63e-01
-7.29e-01
-7.97e-01
-9.26e-02
-3.01e-01
3.60e-01
-5.26e-01
9.04e-01
-6.58e-01
1.63e-01
2.18e-01
5.12e-01
4.74e-01
-6.68e-01
-8.05e-01
1.99e-02
5.82e-01
6.24e-01
-9.01e-01
4.56e-01
-6.25e-01
-2.08e-01
7.18e-01
-3.22e-01
-7.17e-01
2.02e-01
9.28e-02
7.79e-01
1.16e-01
9.64e-01
-4.80e-01
4.94e-01
-6.65e-01
3.34e-01
-1.14e-01
-3.20e-01
-8.68e-02
-7.87e-01
-3.32e-01
-6.35e-01
-5.69e-01
8.91e-01
3.18e-01
8.04e-01
-6.42e-02
-1.58e-01
9.07e-01
6.80e-01
2.72e-01
3.03e-01
6.10e-01
8.50e-01
-8.85e-01
9.36e-01
-5.89e-01
-2.16e-01
9.58e-01
3.65e-01
-3.84e-01
-7.75e-01
-8.24e-01
2.95e-01
4.80e-01
3.08e-01
1.78e-01
-6.98e-02
-1.44e-01
6.58e-01
-5.48e-01
-5.49e-01
-4.18e-01
-2.90e-01
-9.04e-01
-6.74e-01
-1.95e-01
-3.97e-01
1.23e-02
7.31e-02
5.35e-01
7.68e-01
-7.82e-01
1.64e-01
-6.93e-01
6.16e-01
1.55e-01
-8.57e-01
-5.95e-01
7.62e-01
-6.99e-01
-3.48e-01
2.24e-02
-9.86e-01
-7.65e-01
-6.47e-01
-9.18e-01
7.59e-01
-5.51e-01
-9.32e-01
5.59e-01
-8.25e-01
7.93e-01
8.71e-01
-3.70e-01
3.31e-01
-5.67e-01
5.46e-01
-8.53e-01
-1.20e-01
6.68e-01
9.38e-01
7.80e-01
1.52e-01
5.90e-01
3.25e-01
8.69e-01
9.70e-01
1.22e-01
9.31e-02
5.14e-01
-8.80e-02
6.76e-01
-7.05e-01
-4.93e-01
4.68e-01
-2.24e-01
6.11e-01
-5.69e-02
1.98e-01
-6.38e-01
8.00e-03
2.69e-01
9.01e-01
-6.47e-02
-9.70e-01
-1.19e-02
-9.92e-01
-7.66e-01
4.97e-01
4.99e-01
6.27e-01
-6.09e-01
-6.74e-01
1.43e-01
8.50e-01
6.44e-01
9.23e-01
5.01e-01
-4.70e-01
9.33e-01
3.96e-01
-4.92e-01
-1.61e-01
-4.46e-01
6.57e-01
8.31e-01
-2.09e-01
-7.27e-01
-4.05e-01
-7.46e-01
5.16e-01
7.40e-01
-9.47e-01
-1.07e-01
9.33e-01
-3.05e-01
-6.62e-01
-6.08e-01
9.41e-01
2.48e-01
5.45e-03
2.50e-01
2.62e-01
3.95e-02
-7.23e-01
-5.74e-01
7.49e-01
4.89e-01
2.94e-01
-8.95e-01
4.27e-01
-5.98e-01
-5.32e-02
9.72e-01
-9.62e-01
-1.35e-01
-5.94e-01
-8.62e-01
1.68e-01
-8.20e-01
-7.12e-01
-7.06e-01
-6.36e-01
1.04e-01
6.99e-01
6.55e-01
-3.47e-01
4.49e-02
-7.78e-01
-7.00e-01
-2.37e-01
9.66e-01
4.90e-01
3.33e-01
-5.25e-01
1.64e-01
-3.32e-01
9.57e-01
8.92e-01
4.66e-01
7.18e-01
1.58e-01
8.43e-01
8.58e-01
3.84e-01
7.27e-01
2.49e-01
9.83e-01
8.54e-01
-9.55e-01
-9.66e-03
5.38e-01
5.91e-01
9.15e-01
-8.34e-01
-6.98e-01
4.72e-01
-2.18e-01
4.56e-01
