8.22e-01
-8.98e-01
-8.76e-01
-2.24e-01
4.89e-01
-4.57e-01
5.93e-01
5.23e-01
5.99e-01
6.94e-02
-5.97e-01
-5.14e-02
1.89e-01
8.78e-01
5.65e-01
4.49e-01
-4.59e-01
6.10e-01
1.51e-01
-8.38e-01
9.63e-01
6.86e-01
-6.63e-01
6.34e-02
9.45e-01
-3.27e-01
5.18e-02
6.39e-01
1.46e-01
-6.82e-01
6.73e-01
-1.96e-01
-1.76e-01
-8.17e-01
5.04e-01
-7.70e-01
-3.05e-01
-6.13e-01
8.61e-01
8.77e-01
-4.88e-01
-1.48e-02
5.51e-01
-1.00e+00
-8.32e-01
4.66e-01
9.64e-01
-1.78e-01
-2.81e-01
3.83e-01
-8.10e-02
7.83e-02
9.88e-01
-6.05e-01
9.94e-02
2.24e-02
2.02e-01
6.80e-01
4.21e-01
2.02e-01
-2.18e-01
4.05e-02
5.75e-01
-1.08e-01
7.00e-01
1.78e-01
-3.66e-01
1.21e-01
8.92e-01
-3.38e-01
-2.72e-01
-5.98e-01
2.34e-01
-6.53e-01
1.41e-01
8.56e-01
-7.63e-01
-2.85e-01
-1.27e-01
-2.92e-01
4.03e-01
8.90e-01
-8.53e-01
7.85e-01
-9.05e-01
4.46e-01
-6.83e-01
3.91e-01
3.24e-01
1.46e-01
-1.53e-01
-8.60e-01
-2.61e-02
-5.66e-01
-9.45e-01
4.37e-01
-3.29e-01
-1.40e-01
-1.13e-01
-2.17e-01
-1.54e-02
-9.60e-01
9.45e-01
-1.73e-01
-7.55e-01
4.10e-01
2.95e-01
-9.18e-01
-5.25e-01
-6.19e-01
9.91e-01
-8.20e-01
3.82e-01
-1.64e-01
-5.44e-03
-3.34e-01
-4.50e-01
-8.65e-01
4.69e-01
-6.49e-01
-1.72e-01
-4.42e-01
7.40e-01
-7.18e-01
-2.44e-01
8.68e-01
2.20e-01
-1.43e-01
-5.28e-01
7.48e-01
-9.17e-01
-2.02e-01
8.77e-01
7.00e-01
-8.06e-02
6.53e-01
3.15e-01
-4.79e-01
9.80e-01
6.67e-01
8.90e-01
-5.11e-01
-4.67e-01
5.07e-01
3.83e-01
1.94e-02
-7.10e-01
6.84e-02
5.93e-01
-2.92e-01
-8.83e-01
6.55e-01
2.84e-01
-2.60e-02
-1.83e-01
-2.97e-01
-9.73e-03
6.21e-01
-7.33e-01
-7.36e-01
-8.47e-01
2.42e-01
9.38e-01
-5.81e-01
-3.76e-02
-3.82e-01
-5.93e-01
-7.72e-01
-8.23e-01
4.13e-01
-8.23e-01
8.60e-01
-5.71e-01
3.23e-01
-7.05e-01
6.74e-01
-9.32e-01
7.68e-02
7.49e-01
3.58e-01
9.59e-01
-7.95e-01
-6.03e-01
-7.73e-01
-3.42e-01
-3.44e-01
-6.35e-01
-7.12e-02
1.85e-01
-8.46e-01
5.84e-01
-6.74e-01
4.82e-01
-7.56e-01
-4.17e-01
7.65e-01
8.57e-01
-4.08e-01
7.32e-01
2.25e-01
8.41e-01
-9.48e-01
-6.64e-01
2.39e-01
-2.90e-01
8.23e-01
-2.90e-01
8.15e-01
-6.87e-01
8.51e-01
5.13e-01
2.86e-01
3.06e-01
4.00e-01
2.23e-02
-9.75e-01
-9.92e-01
2.39e-02
9.28e-01
-8.86e-01
6.47e-01
5.33e-01
8.88e-02
3.40e-01
2.73e-01
-1.04e-01
-3.87e-01
-9.89e-01
5.77e-01
-1.79e-01
-8.39e-01
3.30e-01
4.66e-01
-8.57e-01
6.69e-01
1.36e-01
-4.67e-01
8.00e-01
-5.12e-01
3.49e-01
4.25e-01
8.79e-01
-8.07e-02
6.09e-01
-4.09e-01
-4.53e-01
-9.50e-01
-2.55e-02
9.26e-01
-4.36e-01
-6.01e-01
-3.71e-01
9.57e-01
7.40e-01
6.84e-01
3.95e-01
2.22e-01
4.26e-01
4.58e-01
-4.44e-01
-5.83e-01
-1.23e-01
3.85e-01
-5.20e-01
8.45e-01
