5.54e-01
-4.76e-01
-3.29e-01
9.70e-01
-2.17e-01
-1.38e-01
-9.17e-01
6.51e-01
6.83e-01
-1.18e-01
6.44e-01
4.37e-01
9.47e-01
-6.90e-01
-8.43e-01
6.59e-01
-9.68e-01
-8.82e-02
-4.77e-01
-3.09e-01
-2.47e-01
-3.35e-01
-7.93e-01
-9.43e-01
-2.90e-01
4.66e-01
-7.23e-01
6.27e-01
8.46e-01
-3.29e-01
8.73e-01
-8.06e-01
-9.42e-01
9.48e-01
-8.04e-01
-7.41e-01
6.43e-01
7.25e-01
-9.30e-01
-1.09e-01
-5.29e-01
-5.28e-01
-9.75e-01
-3.40e-01
9.55e-01
1.25e-01
9.85e-01
7.56e-01
9.37e-01
4.24e-01
-2.68e-01
-3.12e-01
-3.19e-01
-4.03e-01
2.20e-01
5.98e-01
3.48e-01
-5.71e-01
3.64e-01
-2.57e-01
5.10e-01
6.59e-01
-3.64e-01
-1.77e-01
1.33e-01
-7.55e-01
-3.77e-01
-5.51e-01
8.23e-01
4.17e-01
-2.58e-01
-7.22e-01
-3.35e-01
-6.91e-01
-3.65e-01
-2.45e-01
-1.56e-01
-9.57e-01
-8.78e-01
-8.62e-01
2.39e-01
-2.59e-01
-1.45e-01
-1.70e-01
5.65e-01
5.63e-01
-3.01e-01
-1.40e-01
8.97e-01
-9.72e-01
4.92e-01
-6.49e-01
8.67e-01
4.73e-01
5.54e-01
7.56e-01
-3.62e-01
9.99e-01
-6.66e-01
2.99e-02
-6.72e-01
8.46e-01
9.55e-01
-6.46e-01
1.24e-01
4.36e-01
-5.65e-01
-5.95e-01
6.17e-01
8.83e-01
2.05e-02
4.81e-01
-7.35e-01
-8.68e-02
4.28e-01
4.64e-01
-7.46e-01
5.73e-01
-1.13e-01
-1.71e-01
-8.14e-01
-8.65e-01
-2.04e-01
4.27e-01
6.89e-01
-8.84e-02
5.23e-01
1.78e-01
6.32e-01
8.46e-01
-2.80e-01
-5.28e-01
2.88e-01
-1.86e-01
4.97e-01
2.18e-01
-7.17e-01
6.05e-01
-2.27e-01
9.82e-01
1.03e-01
-5.74e-01
5.00e-01
8.91e-01
2.11e-01
5.45e-02
-9.17e-01
5.10e-01
2.94e-01
-7.52e-01
8.25e-01
5.94e-01
9.70e-02
-5.84e-01
-5.09e-01
-6.09e-01
-5.55e-01
8.57e-02
-4.60e-01
2.54e-01
7.91e-01
1.71e-01
-1.63e-01
7.54e-01
4.26e-01
5.20e-01
2.28e-01
1.23e-01
9.66e-01
9.60e-01
1.54e-01
3.69e-02
8.25e-01
2.22e-02
7.21e-01
7.31e-01
-7.83e-01
5.13e-01
-5.18e-01
-1.59e-01
1.14e-01
8.46e-01
7.85e-01
5.78e-01
-4.39e-01
3.34e-01
1.11e-01
-8.49e-01
4.66e-01
-1.83e-01
6.66e-01
-8.72e-01
-1.32e-02
3.67e-01
-1.98e-01
-5.95e-01
6.39e-01
8.14e-01
5.26e-01
2.82e-01
3.09e-01
7.75e-01
5.02e-01
-9.03e-01
-6.48e-01
5.16e-01
-3.76e-01
-4.97e-01
-5.15e-01
-4.89e-01
3.11e-01
3.31e-01
-2.74e-02
9.06e-01
7.13e-01
7.45e-01
2.01e-01
-1.08e-01
-7.38e-01
-3.44e-01
-6.66e-02
6.67e-01
6.14e-01
-4.85e-01
-6.20e-01
-4.49e-01
-7.39e-01
9.95e-01
-4.15e-01
6.72e-01
-3.44e-01
-7.52e-01
-8.51e-01
1.44e-01
2.57e-01
-3.06e-01
-8.28e-01
7.79e-01
3.45e-01
6.27e-01
-2.86e-01
3.98e-02
3.31e-01
4.66e-01
-7.64e-01
6.99e-01
-5.29e-01
8.05e-01
9.10e-01
5.33e-01
9.70e-02
-5.72e-01
8.96e-01
2.81e-01
-3.24e-01
-7.74e-01
1.75e-01
-7.08e-01
6.45e-01
-8.59e-01
5.43e-01
-1.13e-01
7.76e-01
7.69e-01
8.39e-01
