8.79e-02
8.56e-01
-6.50e-01
4.76e-01
-3.79e-01
1.17e-01
9.77e-01
2.15e-01
6.43e-01
3.68e-01
-8.52e-01
4.26e-02
4.24e-01
-3.65e-01
5.39e-01
-8.20e-01
-4.38e-01
7.81e-01
5.47e-03
-2.82e-01
-4.39e-01
-2.43e-01
8.02e-01
-6.65e-01
-4.99e-01
3.16e-01
-1.23e-01
2.85e-01
-1.21e-01
4.81e-02
-5.21e-01
7.91e-02
8.78e-01
2.35e-01
-8.30e-01
-8.52e-01
5.34e-01
-7.33e-02
3.92e-01
-6.23e-02
-7.01e-01
6.75e-01
-5.30e-01
9.51e-01
-9.15e-01
-4.93e-01
9.83e-01
2.62e-01
2.13e-01
-4.03e-01
3.45e-02
3.45e-01
2.21e-02
1.51e-01
4.97e-01
3.97e-03
3.39e-01
-1.37e-01
-7.96e-01
9.61e-02
1.79e-02
3.79e-01
-1.53e-01
1.68e-01
7.45e-01
-1.14e-01
5.32e-01
-8.86e-01
9.94e-01
-6.79e-01
-3.72e-01
-8.04e-01
5.48e-01
-4.90e-01
6.79e-01
3.87e-02
9.36e-01
-3.50e-02
2.04e-01
-8.20e-01
-5.91e-01
5.16e-01
8.59e-01
3.86e-01
-6.81e-01
-2.22e-01
-5.80e-01
5.31e-01
1.48e-01
-9.37e-01
-4.62e-01
1.69e-01
8.45e-01
-5.08e-01
-3.38e-01
-5.23e-01
9.73e-01
4.80e-01
-7.35e-01
8.55e-01
3.97e-01
7.57e-01
4.57e-01
7.83e-01
-9.53e-01
8.53e-01
-2.02e-01
3.66e-01
8.58e-01
-6.81e-01
6.87e-01
8.96e-01
1.12e-01
3.89e-01
-3.63e-01
9.88e-01
-2.73e-01
1.84e-01
6.70e-01
-7.06e-01
-5.58e-01
7.65e-01
-7.13e-01
2.00e-01
2.35e-01
-4.40e-01
-4.62e-01
-2.37e-01
6.21e-01
9.12e-02
8.04e-01
2.33e-01
-7.40e-01
2.01e-01
5.06e-01
-6.12e-01
-2.88e-01
-9.38e-01
1.24e-01
7.23e-01
9.30e-01
-7.53e-01
-5.16e-02
4.17e-01
4.52e-01
-1.07e-02
7.80e-01
2.05e-01
-8.18e-01
4.31e-01
-3.54e-02
4.17e-01
-2.35e-02
5.87e-01
8.25e-01
-9.67e-01
8.33e-01
-9.12e-01
-8.99e-01
-3.60e-01
4.74e-01
4.37e-01
9.23e-01
-4.61e-01
-9.30e-01
7.71e-01
-6.63e-01
-1.92e-01
-3.96e-01
3.28e-01
3.91e-01
6.64e-01
2.02e-01
4.53e-01
3.87e-02
3.08e-01
-4.36e-02
-5.27e-01
-7.66e-01
5.88e-01
4.11e-01
-9.81e-01
1.48e-01
8.22e-02
9.06e-01
7.86e-01
-4.36e-01
8.70e-01
2.30e-01
-9.69e-01
-6.69e-01
-5.07e-01
9.02e-01
-3.45e-01
-1.00e-01
8.89e-02
-3.98e-01
3.86e-01
-7.97e-01
9.66e-01
4.48e-01
-7.49e-01
-1.11e-01
3.40e-02
-3.11e-01
-7.25e-01
-1.55e-01
5.61e-01
-1.53e-01
-3.89e-01
-7.86e-01
1.46e-01
5.20e-01
-8.67e-01
-7.79e-01
-8.97e-01
-7.48e-02
-8.03e-01
4.00e-01
7.14e-01
-6.87e-01
-1.91e-01
-1.20e-01
3.77e-01
1.73e-01
4.88e-01
-4.39e-01
2.88e-01
4.01e-01
7.29e-02
2.35e-01
-2.72e-01
-1.23e-01
4.48e-01
1.92e-01
5.71e-01
-8.36e-01
2.60e-01
-1.95e-01
-1.14e-01
-2.86e-01
3.98e-02
3.31e-01
4.66e-01
-7.64e-01
6.99e-01
-5.29e-01
-3.40e-01
9.10e-01
5.33e-01
9.70e-02
-5.72e-01
8.96e-01
2.81e-01
-3.24e-01
-7.74e-01
-5.14e-01
-4.20e-01
7.70e-01
-2.68e-01
-5.37e-01
9.14e-02
-6.38e-01
-9.21e-01
-1.71e-01
