7.63e-02
4.95e-01
-3.88e-01
-6.70e-01
-6.62e-01
-2.58e-01
8.12e-01
-1.14e-01
8.25e-01
7.78e-01
-8.80e-01
-1.99e-01
-8.60e-01
1.34e-01
-2.43e-01
2.67e-01
-4.55e-01
-9.54e-01
-8.12e-01
6.70e-01
-8.91e-01
-5.79e-01
-9.14e-02
-5.27e-01
2.60e-01
3.59e-01
-1.43e-01
6.52e-01
-9.20e-02
-6.76e-01
-1.57e-01
-2.15e-02
-6.61e-01
2.21e-02
2.47e-01
-8.28e-01
4.57e-01
-9.07e-01
6.89e-02
-7.61e-01
8.96e-01
4.01e-01
-9.68e-01
-6.17e-01
-7.13e-01
3.11e-01
5.43e-01
-9.91e-01
-8.49e-01
6.14e-01
2.94e-01
5.22e-01
-1.69e-01
-3.27e-01
-1.62e-01
-4.85e-01
1.17e-01
-1.20e-01
7.19e-02
4.23e-02
7.49e-01
-7.65e-01
3.83e-01
2.47e-02
-3.19e-01
3.26e-01
4.55e-01
-5.57e-01
8.87e-01
-2.61e-01
-2.22e-01
3.47e-01
-5.49e-01
4.48e-01
4.35e-01
-6.86e-01
-5.67e-01
7.96e-01
-3.06e-01
7.52e-01
5.12e-01
5.93e-01
7.59e-01
3.48e-01
-7.18e-01
-9.55e-01
-5.34e-01
7.57e-01
5.00e-01
1.37e-01
-3.17e-01
-2.46e-01
-2.88e-01
2.29e-01
-9.10e-01
8.97e-02
-5.02e-01
3.98e-01
3.70e-02
-6.18e-01
-2.36e-01
5.40e-01
-5.62e-02
2.18e-01
-9.89e-01
-4.91e-01
3.97e-01
1.70e-01
2.63e-01
6.35e-03
1.49e-01
9.94e-02
2.12e-02
2.53e-01
9.82e-01
8.93e-01
2.50e-01
7.48e-01
3.13e-01
2.16e-01
6.14e-01
1.03e-01
7.42e-01
-1.97e-01
3.93e-01
-2.43e-01
5.62e-01
-2.64e-01
4.62e-02
-8.77e-01
1.95e-01
5.65e-01
-7.55e-02
-1.10e-01
2.39e-01
2.80e-01
-9.33e-01
2.70e-01
-5.55e-01
-2.38e-01
-8.03e-01
-6.12e-01
4.49e-02
-6.95e-01
-1.16e-01
-9.76e-01
1.13e-01
-9.62e-01
6.36e-01
-8.31e-01
3.74e-01
8.56e-01
-6.23e-01
-5.41e-01
-3.68e-01
-2.96e-02
4.08e-01
-4.81e-01
6.31e-01
-1.08e-02
-1.67e-01
5.91e-01
7.03e-01
3.51e-01
9.47e-01
5.26e-01
1.57e-02
-1.19e-01
-4.16e-02
-3.60e-01
-6.63e-01
-6.60e-03
-5.06e-01
-8.51e-01
-4.48e-01
3.58e-01
-9.60e-01
5.47e-01
9.12e-01
-2.54e-01
5.37e-01
-3.14e-01
1.44e-01
-8.48e-01
-6.36e-01
3.29e-01
4.93e-01
5.87e-01
8.15e-01
9.68e-01
9.56e-01
1.94e-01
3.66e-01
1.37e-01
6.22e-01
-8.88e-01
-9.50e-01
7.69e-02
8.85e-01
-2.17e-01
-8.25e-01
8.73e-01
-7.72e-01
5.13e-02
-3.33e-01
-4.88e-01
9.74e-01
6.82e-01
-1.56e-01
-2.95e-01
-3.06e-01
-1.52e-01
7.31e-01
3.46e-01
-5.16e-01
-8.70e-01
-9.98e-01
9.47e-01
2.44e-01
-4.38e-01
-6.32e-01
-8.58e-01
-1.82e-01
4.13e-03
2.89e-01
-6.29e-01
-6.31e-01
7.00e-01
-3.66e-01
7.37e-01
4.70e-01
-1.29e-02
8.74e-01
-5.93e-01
-7.14e-01
4.66e-01
-8.30e-01
-7.53e-01
4.75e-01
6.91e-01
-1.47e-01
2.49e-01
-4.16e-01
3.84e-01
4.02e-02
-8.01e-02
3.90e-01
8.68e-01
9.77e-01
-3.27e-01
1.73e-02
6.07e-01
-4.40e-01
-4.79e-01
-7.18e-01
5.84e-02
7.03e-01
6.30e-01
-8.06e-01
9.95e-01
-4.23e-01
-9.72e-01
8.26e-01
-4.46e-01
1.84e-01
