9.67e-01
-6.18e-01
-9.37e-01
-7.12e-01
3.24e-02
-2.10e-01
-7.59e-01
-8.94e-05
-4.57e-01
-5.23e-01
3.21e-01
3.45e-01
-7.95e-01
4.31e-01
6.84e-01
6.35e-01
2.27e-01
-3.52e-01
8.63e-01
-2.01e-01
9.48e-01
6.95e-01
-9.14e-02
-5.27e-01
2.60e-01
3.59e-01
-1.43e-01
6.52e-01
-9.20e-02
-6.76e-01
-1.57e-01
-2.15e-02
-6.61e-01
2.21e-02
2.47e-01
-8.28e-01
4.57e-01
-9.07e-01
-6.95e-01
-7.61e-01
8.96e-01
4.01e-01
-9.68e-01
-6.17e-01
-7.13e-01
3.11e-01
5.43e-01
-9.91e-01
-8.49e-01
6.14e-01
-2.17e-01
5.22e-01
-1.69e-01
-3.27e-01
-1.62e-01
-4.85e-01
1.17e-01
-1.20e-01
7.19e-02
4.23e-02
7.49e-01
-7.65e-01
3.83e-01
2.47e-02
-3.19e-01
3.26e-01
4.55e-01
-5.57e-01
8.87e-01
-2.61e-01
-2.22e-01
3.47e-01
-5.49e-01
4.48e-01
4.35e-01
-6.86e-01
-5.67e-01
7.96e-01
-3.06e-01
7.52e-01
5.12e-01
5.93e-01
7.59e-01
3.48e-01
-7.18e-01
-9.55e-01
-5.34e-01
7.57e-01
5.00e-01
1.37e-01
-3.17e-01
-2.46e-01
-2.88e-01
2.29e-01
-9.10e-01
8.97e-02
-5.02e-01
3.98e-01
3.70e-02
-6.18e-01
-2.36e-01
5.40e-01
-5.62e-02
2.18e-01
-9.89e-01
1.22e-01
9.26e-01
7.41e-01
-8.31e-01
-3.95e-01
-4.54e-01
-8.50e-01
2.45e-01
5.16e-01
-3.09e-01
2.64e-01
7.18e-01
-2.93e-01
-4.93e-01
-2.01e-01
3.10e-01
-8.55e-01
-8.48e-01
-9.94e-01
-4.36e-01
-1.20e-01
-3.20e-01
1.90e-01
1.72e-01
-9.98e-01
-2.55e-01
-7.87e-01
-8.72e-02
-7.63e-01
3.53e-01
5.12e-01
9.58e-01
-7.67e-01
-8.96e-01
-6.21e-01
6.03e-01
8.47e-02
5.95e-01
3.97e-01
-8.97e-01
5.29e-01
-6.50e-01
-6.61e-01
7.52e-01
1.62e-01
-7.32e-01
7.56e-01
2.98e-01
1.59e-01
3.53e-01
4.47e-01
-3.16e-01
4.38e-01
-2.93e-01
4.72e-01
8.80e-01
5.80e-01
-6.05e-01
1.43e-01
-7.54e-01
-2.45e-01
-2.90e-02
-2.88e-01
-3.74e-01
-8.54e-02
-9.32e-01
-4.22e-02
-1.41e-01
-2.11e-02
-5.93e-01
8.25e-01
2.82e-01
4.33e-01
-2.59e-01
6.89e-01
-3.47e-01
-6.36e-01
-3.27e-01
-4.27e-01
-3.41e-01
-7.41e-01
8.11e-01
4.23e-01
8.62e-01
6.49e-02
1.43e-01
-9.22e-01
4.78e-01
-7.35e-01
2.81e-01
6.78e-01
2.30e-01
2.00e-01
8.85e-01
-2.17e-01
-8.25e-01
8.73e-01
-7.72e-01
5.13e-02
-3.33e-01
-4.88e-01
9.74e-01
6.82e-01
-1.56e-01
-2.95e-01
-3.06e-01
-1.52e-01
7.31e-01
3.46e-01
-5.16e-01
-8.70e-01
-9.98e-01
9.47e-01
2.44e-01
-4.38e-01
-6.32e-01
-8.58e-01
-1.82e-01
4.13e-03
2.89e-01
-6.29e-01
-6.31e-01
7.00e-01
-3.66e-01
7.37e-01
9.58e-01
-1.29e-02
8.74e-01
2.52e-01
4.20e-02
1.41e-01
6.67e-01
-3.42e-01
3.82e-01
8.37e-01
7.45e-01
5.98e-01
-8.21e-01
2.88e-01
-4.93e-02
6.21e-01
1.04e-01
6.69e-01
7.39e-01
8.44e-01
-1.12e-01
-4.48e-01
-5.73e-01
7.15e-01
-2.59e-01
-5.00e-01
-3.30e-01
-9.35e-02
4.63e-01
6.72e-01
-8.31e-01
6.80e-01
6.49e-01
8.35e-01
4.16e-01
