9.65e-01
2.10e-01
5.57e-01
-4.64e-01
5.53e-01
-9.15e-01
2.89e-01
-1.27e-01
-9.23e-01
-4.05e-01
3.98e-01
2.35e-01
9.68e-01
-7.44e-02
-9.92e-01
3.69e-01
-6.89e-01
-6.21e-01
1.68e-01
-4.32e-01
8.06e-01
8.47e-01
9.96e-01
5.50e-02
8.53e-02
-2.56e-01
1.41e-01
-3.56e-01
9.75e-01
-8.96e-01
-1.53e-01
4.34e-01
-5.78e-01
3.61e-01
8.89e-02
9.91e-01
-8.29e-01
6.60e-01
9.48e-01
1.21e-01
6.89e-01
3.50e-01
-3.54e-01
5.87e-01
-2.40e-01
2.55e-01
1.38e-01
-1.18e-01
4.69e-01
-4.00e-01
-5.27e-01
9.39e-01
-5.92e-01
9.55e-01
-6.31e-01
9.34e-01
8.53e-01
6.94e-01
5.62e-01
9.50e-01
-4.62e-01
-1.90e-01
-3.57e-01
-8.02e-01
7.93e-01
-8.63e-01
-4.16e-02
2.68e-01
5.29e-02
-8.59e-01
9.57e-02
9.60e-02
-5.17e-01
9.92e-01
-5.40e-02
3.73e-01
6.89e-01
-4.68e-01
-8.51e-02
8.13e-01
1.37e-01
-4.51e-01
-5.46e-01
-8.87e-02
-5.52e-01
-8.47e-01
-4.67e-01
9.41e-01
-8.13e-01
-7.50e-01
6.22e-01
-1.92e-02
-2.79e-01
4.56e-02
-1.37e-01
9.32e-01
6.73e-02
8.99e-01
-1.92e-01
-3.73e-01
-9.51e-01
2.99e-01
1.67e-01
-8.56e-01
-1.86e-01
2.16e-02
4.26e-01
-9.02e-01
-2.09e-01
-1.87e-01
-8.64e-01
7.05e-02
-6.80e-01
9.90e-01
-2.31e-01
7.43e-01
-1.95e-01
8.71e-01
6.37e-01
-6.40e-01
-8.99e-01
8.76e-01
7.44e-01
-7.08e-01
-6.82e-01
9.70e-01
-3.60e-02
-3.91e-01
5.79e-01
4.59e-01
7.74e-01
4.05e-01
-4.59e-01
-8.37e-01
3.85e-01
6.35e-01
-8.81e-01
2.49e-01
-8.54e-01
5.87e-01
-4.87e-01
2.42e-01
7.26e-01
-2.48e-01
-1.13e-01
-7.93e-01
7.39e-01
4.66e-02
-2.97e-01
-6.64e-01
9.27e-01
1.38e-01
6.20e-01
-7.76e-03
-2.23e-02
-8.30e-02
-1.97e-01
-1.46e-01
-6.06e-01
-4.93e-01
-7.47e-01
-8.06e-01
-7.83e-01
-6.03e-01
-7.07e-01
7.25e-01
-6.25e-01
5.14e-01
-1.39e-01
1.02e-01
3.69e-01
-9.52e-01
-9.51e-02
1.55e-01
6.38e-02
3.44e-01
9.03e-01
6.37e-01
-5.17e-01
7.69e-01
1.32e-01
8.80e-01
8.05e-01
5.25e-01
-2.21e-01
-4.89e-01
1.90e-01
-8.30e-01
-6.30e-01
-8.25e-01
7.33e-01
-4.52e-01
2.80e-01
-1.60e-03
2.90e-01
-2.50e-01
-8.51e-02
9.69e-01
-6.43e-01
4.46e-01
3.60e-02
1.58e-01
-2.66e-03
8.30e-01
-4.56e-01
-6.38e-01
7.39e-01
-6.45e-01
-5.36e-01
5.95e-01
-1.03e-01
-3.17e-01
-9.77e-02
7.65e-01
-5.64e-01
3.45e-02
-5.92e-01
7.08e-01
-5.02e-01
-2.30e-01
-8.73e-01
-3.01e-01
-6.92e-01
2.45e-01
-9.16e-01
-4.34e-01
5.59e-01
8.00e-01
-2.81e-01
5.80e-02
4.06e-01
4.05e-02
4.34e-01
-8.41e-01
8.59e-02
-7.22e-01
-9.62e-01
9.31e-01
-5.86e-01
-4.30e-01
-4.04e-01
-5.99e-01
-5.96e-01
5.92e-01
-1.71e-01
-3.54e-01
5.62e-01
-6.03e-01
-8.73e-01
9.46e-01
1.97e-01
-7.00e-01
3.42e-01
5.25e-01
9.15e-01
3.02e-01
3.79e-01
8.18e-01
7.83e-01
-8.88e-01
-3.90e-01
-5.94e-01
4.39e-01
-9.81e-01
-5.59e-01
