9.65e-01
2.10e-01
5.57e-01
-4.64e-01
5.53e-01
-9.15e-01
2.89e-01
-1.27e-01
-9.23e-01
-4.05e-01
3.98e-01
2.35e-01
9.68e-01
-7.44e-02
-7.36e-01
-8.87e-02
-3.36e-01
-8.79e-01
3.14e-01
9.15e-01
-6.68e-01
1.67e-02
6.23e-01
4.23e-02
2.19e-01
9.34e-01
2.45e-01
-3.36e-03
9.19e-01
2.14e-01
-8.89e-01
-4.46e-01
-2.82e-01
-4.55e-02
4.59e-01
-3.52e-01
-9.91e-01
1.39e-01
-5.84e-01
6.78e-01
-4.02e-01
-1.59e-01
-9.07e-01
-7.08e-01
9.81e-01
4.15e-01
2.23e-01
1.13e-01
-5.74e-01
-9.22e-01
2.43e-01
6.83e-01
3.85e-02
7.51e-01
-5.18e-01
-1.73e-01
8.42e-02
-2.78e-01
5.19e-01
5.61e-01
-1.46e-02
7.51e-01
7.75e-01
3.69e-01
6.54e-01
-4.49e-01
-5.22e-01
-8.57e-01
-9.90e-01
4.29e-01
3.53e-01
9.15e-01
1.60e-01
-2.94e-01
5.78e-01
-1.41e-01
7.22e-02
5.98e-01
-9.55e-01
-4.07e-01
-8.86e-01
-9.28e-01
-9.76e-01
2.53e-01
-9.77e-01
4.48e-01
-1.96e-01
-2.23e-01
4.03e-01
1.39e-01
-8.20e-01
-2.07e-01
7.19e-01
-2.44e-01
6.41e-01
-9.23e-01
-1.64e-01
6.87e-01
7.18e-01
-8.66e-01
7.23e-01
4.14e-01
1.54e-01
-9.50e-01
7.15e-01
8.71e-01
-4.57e-01
1.90e-01
1.11e-01
9.17e-02
4.18e-01
7.91e-01
-7.89e-01
-2.33e-02
6.78e-02
-8.56e-01
-2.34e-01
3.24e-01
8.62e-01
-8.04e-01
7.86e-01
-3.44e-01
2.22e-01
6.18e-01
-6.39e-01
-1.00e+00
5.60e-01
5.10e-01
3.84e-01
-9.14e-01
3.29e-01
5.75e-01
-6.35e-01
9.95e-01
7.34e-01
2.43e-02
9.99e-01
3.10e-01
-7.84e-01
5.31e-01
-8.58e-01
8.72e-02
-1.14e-01
-3.43e-02
-6.17e-01
-1.04e-01
-1.39e-01
-9.04e-01
1.96e-01
-7.39e-01
-8.08e-01
-4.55e-01
6.29e-01
8.33e-02
4.37e-01
4.09e-01
9.15e-01
-9.87e-01
-2.46e-02
1.85e-01
-6.40e-01
-8.21e-01
-3.39e-01
9.86e-01
-3.02e-01
2.78e-01
-2.14e-03
-5.84e-01
7.15e-01
7.30e-01
8.14e-03
-5.94e-01
-5.65e-01
2.78e-01
5.36e-01
9.84e-01
-5.97e-01
2.88e-01
-6.96e-01
-3.70e-01
1.23e-01
-2.84e-01
2.73e-01
3.15e-01
-5.39e-01
-9.83e-01
-8.16e-01
-2.25e-01
-6.42e-01
-3.90e-01
-9.15e-01
-5.23e-01
6.96e-01
2.53e-01
8.74e-01
8.50e-01
-5.14e-01
9.08e-01
-2.70e-01
-9.53e-01
3.60e-02
1.58e-01
-2.66e-03
8.30e-01
-4.56e-01
-6.38e-01
7.39e-01
-6.45e-01
-5.36e-01
5.95e-01
-1.03e-01
-3.17e-01
-9.77e-02
7.65e-01
-5.64e-01
3.45e-02
-5.92e-01
7.08e-01
-7.08e-01
-2.30e-01
-8.73e-01
-3.01e-01
-6.92e-01
2.45e-01
-9.16e-01
-4.34e-01
5.59e-01
8.00e-01
-2.81e-01
5.80e-02
4.06e-01
4.05e-02
4.34e-01
-8.41e-01
8.59e-02
-7.22e-01
-7.46e-01
-1.18e-01
4.62e-01
1.18e-01
-9.25e-01
3.00e-01
8.29e-01
6.23e-01
2.25e-01
-6.46e-01
8.13e-01
-2.34e-01
1.00e-01
5.43e-01
6.15e-01
8.43e-01
-4.10e-01
2.33e-01
-7.66e-01
7.18e-01
4.95e-01
-2.13e-01
-1.56e-01
1.45e-01
2.88e-02
6.88e-01
4.14e-01
-2.30e-01
-3.08e-01
