1.85e-01
1.30e-01
7.02e-01
2.48e-01
1.62e-01
-7.29e-01
9.55e-01
-4.74e-01
9.54e-01
-9.96e-01
-4.96e-02
-2.48e-01
8.29e-01
7.27e-01
3.50e-01
-9.05e-01
-9.24e-01
-9.94e-01
4.17e-01
4.97e-01
-1.98e-01
-1.30e-01
-6.50e-01
4.90e-01
-6.02e-01
-9.39e-01
6.44e-01
-4.61e-01
5.01e-01
8.21e-01
3.20e-01
-6.71e-01
1.04e-01
7.23e-01
-4.11e-01
-6.28e-01
-1.44e-01
-8.51e-01
-7.51e-01
7.31e-01
-6.77e-01
3.80e-01
-7.92e-01
-8.26e-01
-6.16e-01
-1.20e-01
6.98e-01
-1.02e-01
7.85e-01
-5.78e-01
-5.00e-01
9.10e-02
-9.22e-01
2.13e-01
7.86e-02
4.87e-01
7.53e-01
9.43e-01
3.55e-01
-7.46e-01
-9.60e-02
-8.51e-01
-7.05e-01
6.00e-01
-8.66e-01
-9.75e-01
-2.55e-01
-4.96e-01
-5.86e-03
8.14e-01
-9.98e-02
-6.13e-01
-2.02e-01
-7.90e-02
-3.31e-01
-3.73e-01
-1.64e-01
-6.95e-01
-8.73e-01
9.69e-01
-7.79e-01
9.73e-01
-2.77e-01
-2.15e-01
6.36e-01
-7.13e-01
-9.15e-01
-5.86e-01
5.17e-01
3.98e-01
3.79e-01
-9.98e-01
-5.49e-01
4.96e-01
-7.35e-01
2.27e-01
-9.95e-02
-5.83e-01
-7.21e-01
-5.98e-01
-1.09e-01
3.82e-01
-8.75e-01
9.47e-01
-7.54e-01
-9.48e-01
3.58e-01
5.20e-01
3.68e-02
-9.62e-01
1.16e-01
-1.14e-02
-3.50e-01
6.69e-01
4.38e-01
1.93e-01
-9.72e-01
-5.51e-01
-2.71e-01
-9.04e-01
-6.32e-01
-9.04e-01
-4.42e-01
-5.27e-01
-5.86e-01
1.24e-02
3.59e-01
-4.88e-01
1.47e-01
-1.48e-01
8.80e-01
7.84e-01
-8.99e-01
7.21e-01
9.51e-01
1.57e-01
-4.22e-02
-2.49e-01
1.82e-01
3.99e-01
-9.06e-01
3.85e-01
-9.06e-01
5.18e-01
-4.06e-01
-6.74e-01
5.75e-01
8.58e-01
-7.63e-01
-9.12e-01
6.74e-01
4.87e-01
-3.48e-01
-4.39e-01
6.75e-02
5.11e-01
-7.74e-01
-6.65e-01
3.89e-02
1.23e-01
-7.14e-02
2.51e-01
7.80e-01
-5.54e-01
-5.96e-01
2.61e-01
-4.06e-01
8.27e-01
6.40e-01
-6.79e-01
-5.41e-01
4.42e-01
8.78e-01
-5.36e-01
8.76e-01
5.52e-01
3.19e-01
-5.20e-01
-1.11e-01
4.23e-01
-4.83e-01
-7.45e-01
1.99e-01
6.99e-01
-7.80e-01
4.27e-01
-3.47e-01
-7.58e-01
-2.02e-01
-1.15e-01
-1.37e-01
8.67e-01
8.78e-01
-4.98e-01
-4.68e-01
5.03e-01
-7.64e-02
-2.50e-01
9.83e-01
-1.26e-01
-2.28e-01
-4.93e-01
-6.43e-01
7.13e-01
-6.41e-01
5.50e-01
-9.70e-01
-2.38e-01
-5.51e-02
-7.60e-01
-2.73e-01
-3.62e-01
6.71e-01
9.02e-01
8.10e-01
2.87e-01
8.95e-01
3.62e-01
-2.37e-02
-6.13e-01
-3.27e-01
-3.32e-01
-4.63e-01
4.60e-01
-7.00e-01
2.37e-02
-5.30e-01
-9.96e-01
5.51e-01
-1.60e-02
-7.94e-01
-2.52e-01
4.19e-01
-3.74e-02
-7.78e-01
8.64e-02
-5.82e-02
3.40e-01
-1.71e-02
2.05e-01
-3.00e-01
3.44e-01
-3.43e-01
1.32e-01
7.84e-01
8.35e-01
9.63e-01
6.65e-01
-5.00e-01
-1.94e-01
7.26e-01
2.56e-01
-2.90e-01
3.46e-01
6.22e-01
-2.41e-01
2.39e-04
-4.34e-01
-9.28e-01
3.38e-01
-7.08e-01
-5.86e-01
-9.69e-01
3.24e-01
1.37e-01
