1.45e-01
5.41e-01
-7.92e-03
-4.15e-01
6.39e-02
-3.52e-01
8.89e-01
1.93e-01
-2.41e-01
-4.36e-02
5.85e-01
-2.89e-01
-3.75e-02
4.78e-01
5.58e-01
3.31e-02
3.60e-01
2.71e-01
-8.51e-01
-9.05e-01
4.41e-01
2.67e-02
9.16e-01
2.39e-01
-6.22e-01
-6.53e-02
-9.29e-01
-1.90e-01
4.99e-01
6.69e-02
8.14e-01
-1.03e-01
-3.09e-01
-6.83e-01
7.08e-02
-4.79e-01
8.46e-01
6.76e-01
1.43e-01
2.32e-01
-4.85e-01
1.80e-02
5.25e-01
2.86e-01
-5.25e-01
-6.13e-01
9.31e-01
-2.98e-01
9.01e-01
3.96e-01
8.23e-01
3.25e-02
-6.82e-01
1.00e+00
-7.68e-02
-2.24e-02
6.03e-02
-5.28e-01
3.55e-01
6.73e-01
9.35e-02
2.47e-01
-8.70e-01
1.97e-01
6.79e-01
-6.09e-01
1.37e-01
-7.51e-02
3.08e-01
2.21e-02
-5.64e-01
9.97e-01
-2.02e-01
-7.90e-02
3.94e-01
6.64e-01
-7.50e-02
-7.71e-01
5.46e-01
3.72e-01
-2.98e-01
6.03e-01
-8.60e-01
-1.33e-01
5.03e-01
-7.13e-01
-9.15e-01
-5.86e-01
5.17e-01
3.98e-01
3.79e-01
-9.98e-01
-5.49e-01
4.96e-01
-7.35e-01
2.27e-01
-9.95e-02
-5.83e-01
-7.21e-01
-5.98e-01
-1.09e-01
3.82e-01
-8.75e-01
9.47e-01
-7.54e-01
-9.48e-01
3.58e-01
5.20e-01
3.68e-02
-9.62e-01
1.16e-01
-1.14e-02
-3.50e-01
6.69e-01
4.38e-01
1.93e-01
-9.72e-01
-5.51e-01
-2.71e-01
-9.04e-01
-6.32e-01
-9.04e-01
-9.98e-02
-5.27e-01
-5.86e-01
1.24e-02
3.59e-01
-4.88e-01
1.47e-01
-4.94e-01
2.39e-01
-5.09e-01
-3.63e-01
-7.88e-02
2.86e-01
-9.21e-01
9.16e-02
2.12e-01
-2.56e-01
-5.50e-01
8.92e-01
-7.20e-01
-8.77e-01
2.99e-01
-4.77e-01
6.46e-02
2.56e-01
-8.28e-01
-3.38e-01
5.93e-01
-7.64e-01
-1.36e-01
5.48e-01
6.95e-01
4.24e-01
8.46e-02
-2.65e-01
-2.29e-01
-6.74e-01
5.99e-01
1.14e-01
-6.02e-02
7.80e-01
-5.54e-01
-5.96e-01
2.61e-01
-4.06e-01
8.27e-01
6.40e-01
-6.79e-01
-5.41e-01
4.42e-01
8.78e-01
-5.36e-01
8.76e-01
5.52e-01
3.19e-01
-5.20e-01
-1.11e-01
4.23e-01
-4.83e-01
-7.45e-01
1.99e-01
6.99e-01
-7.80e-01
4.27e-01
-3.47e-01
-7.58e-01
-2.02e-01
-1.15e-01
-1.37e-01
8.67e-01
8.78e-01
-4.98e-01
3.30e-01
-7.27e-01
8.47e-01
-4.60e-01
-6.55e-01
-4.71e-01
-6.12e-01
2.54e-02
1.55e-01
8.38e-01
5.61e-01
9.39e-01
-9.70e-01
-2.38e-01
5.85e-01
-7.60e-01
-2.73e-01
-3.62e-01
6.71e-01
9.02e-01
8.10e-01
2.87e-01
-8.07e-01
9.92e-01
-7.79e-01
-2.71e-01
-7.56e-01
-3.32e-01
-4.63e-01
4.60e-01
-7.00e-01
2.37e-02
-5.30e-01
-9.96e-01
5.51e-01
-1.60e-02
-7.94e-01
-2.52e-01
4.19e-01
-3.74e-02
-7.78e-01
8.64e-02
-5.82e-02
3.40e-01
-1.71e-02
2.05e-01
-3.00e-01
3.44e-01
-3.43e-01
1.32e-01
7.84e-01
8.35e-01
9.63e-01
6.65e-01
-5.00e-01
-1.94e-01
7.26e-01
2.56e-01
-2.90e-01
3.46e-01
-1.14e-02
5.33e-01
2.39e-04
-4.34e-01
-9.28e-01
3.38e-01
-7.08e-01
-5.86e-01
-9.69e-01
3.24e-01
1.37e-01
