-1.96e-01
-2.72e-01
6.87e-01
7.07e-02
-5.10e-01
7.96e-01
9.43e-01
-4.10e-01
-7.16e-01
-8.14e-01
9.29e-01
-9.45e-01
8.20e-01
-2.49e-01
6.55e-01
1.06e-01
4.36e-01
-8.01e-02
1.86e-01
7.43e-02
8.20e-01
7.15e-01
-7.81e-01
7.28e-01
-1.35e-02
4.76e-01
5.68e-01
3.44e-01
-9.99e-01
-1.55e-01
-5.84e-01
1.74e-01
-9.23e-01
6.27e-01
-5.22e-01
7.55e-01
3.14e-01
-9.67e-01
-4.69e-01
1.32e-01
-9.65e-02
3.68e-01
1.74e-01
8.18e-01
8.64e-01
7.55e-01
5.68e-01
4.49e-01
3.78e-01
-6.76e-01
-2.64e-01
5.40e-01
4.39e-01
-6.54e-02
-5.49e-01
3.27e-01
-2.74e-01
5.84e-01
-8.97e-01
9.98e-01
-2.03e-01
8.81e-01
-2.84e-01
-5.61e-01
5.81e-01
-7.82e-03
6.21e-01
9.48e-01
2.16e-01
-9.68e-01
-3.37e-01
-8.28e-01
7.36e-01
1.67e-01
-2.94e-01
2.30e-01
-5.04e-01
-5.29e-01
-2.49e-01
-8.06e-01
1.23e-02
3.78e-01
1.93e-01
-6.94e-01
-6.20e-01
-4.23e-01
6.83e-01
7.55e-01
-7.38e-01
-7.14e-01
-1.89e-01
4.08e-01
1.67e-01
-6.11e-01
4.31e-02
5.92e-01
-5.52e-01
-1.40e-01
8.29e-01
-9.05e-02
-5.58e-01
7.35e-02
5.25e-02
-4.76e-01
-8.31e-01
4.11e-01
3.50e-01
8.24e-01
3.49e-01
-6.83e-01
3.60e-01
5.22e-01
-2.52e-01
-8.54e-01
4.69e-01
6.75e-01
-5.75e-01
7.98e-01
-7.69e-01
9.36e-01
-7.69e-01
9.83e-02
7.98e-01
2.10e-01
7.19e-02
5.74e-01
-1.18e-01
6.24e-01
9.10e-01
-5.26e-01
5.64e-01
-5.60e-01
1.13e-01
5.65e-01
2.43e-01
4.89e-01
9.41e-01
5.79e-01
-1.97e-01
9.42e-01
-8.54e-01
-2.62e-01
-9.30e-01
-6.13e-01
3.27e-01
3.90e-01
-5.03e-01
-1.38e-01
8.41e-01
2.52e-01
-8.88e-01
-2.71e-01
-1.37e-01
5.51e-01
3.78e-02
9.76e-02
-3.65e-01
7.10e-01
7.45e-01
-1.83e-01
2.85e-01
-2.92e-01
-7.20e-01
5.37e-01
1.93e-01
-9.78e-02
-3.41e-02
-8.43e-01
1.36e-01
8.06e-02
6.73e-02
2.17e-01
9.60e-01
-4.26e-01
-7.89e-02
7.53e-01
6.71e-01
-9.36e-01
-3.90e-01
-9.94e-01
-7.54e-01
-1.87e-01
-8.35e-01
3.30e-01
-4.09e-01
-5.69e-01
-8.43e-01
8.00e-01
-3.28e-01
-8.25e-01
-9.15e-01
-9.55e-01
-2.34e-01
6.87e-01
1.96e-01
-2.52e-01
1.79e-01
-8.13e-01
5.76e-01
3.99e-01
9.74e-01
-7.55e-01
2.04e-01
-5.54e-01
6.20e-01
-5.10e-01
2.02e-01
7.13e-01
-6.91e-01
-2.92e-02
-9.43e-01
-8.77e-01
2.08e-01
3.91e-01
2.61e-01
6.48e-01
8.77e-01
7.82e-01
8.19e-01
-6.91e-01
-2.47e-01
9.83e-01
3.24e-01
-3.72e-01
5.96e-01
3.84e-01
3.46e-01
-6.86e-01
6.33e-01
6.87e-01
7.76e-01
-7.47e-01
-8.21e-01
-7.33e-01
-8.59e-01
-4.42e-01
-8.79e-01
1.84e-01
6.49e-01
-6.95e-01
-1.62e-01
3.35e-01
-4.58e-01
2.16e-01
3.34e-02
1.34e-01
-3.86e-01
7.90e-01
-2.58e-01
2.98e-02
3.72e-01
3.83e-01
2.97e-01
3.53e-01
6.80e-01
-2.45e-01
2.27e-01
3.91e-01
6.10e-01
5.09e-02
-7.69e-01
-3.97e-01
9.76e-01
7.71e-01
1.57e-01
