-3.35e-01
-1.02e-01
4.54e-01
-6.21e-01
-4.51e-01
-4.32e-01
1.38e-01
1.91e-02
-4.10e-01
9.56e-01
3.80e-01
5.57e-01
-9.30e-01
-9.11e-01
-7.60e-01
9.45e-01
1.08e-01
5.92e-01
-4.17e-01
3.90e-01
-4.48e-01
-4.86e-01
-9.55e-01
-5.58e-01
-8.78e-01
-7.34e-01
4.79e-01
-6.25e-01
2.51e-01
4.10e-01
-3.87e-01
-5.46e-01
-8.63e-01
-2.61e-01
6.25e-01
-4.45e-01
-6.70e-01
1.79e-02
2.91e-01
-7.32e-01
-1.78e-01
-4.99e-01
-2.65e-02
-6.09e-01
-6.46e-01
2.78e-01
-8.85e-01
-5.53e-01
5.20e-01
-1.41e-01
-2.21e-01
-5.80e-01
3.87e-02
9.61e-01
7.05e-01
-9.16e-01
5.12e-01
-6.29e-01
5.04e-01
-3.20e-01
9.43e-01
4.69e-01
-9.71e-01
-8.73e-01
-3.87e-01
-8.77e-01
-7.66e-01
-5.91e-01
-4.36e-01
-1.48e-01
-1.35e-01
4.70e-02
-4.51e-01
5.82e-01
2.32e-01
-9.23e-01
2.16e-01
-4.40e-01
7.52e-01
-9.43e-01
1.46e-01
4.33e-01
3.43e-01
-9.97e-01
8.58e-01
-3.64e-01
6.24e-01
9.77e-01
4.11e-01
1.25e-01
9.73e-01
-9.28e-01
8.27e-02
-9.85e-01
-8.17e-01
8.52e-01
6.11e-01
-2.46e-01
-3.63e-01
1.87e-02
4.07e-01
3.86e-01
1.07e-01
4.42e-01
-3.18e-01
5.23e-02
-8.98e-01
-8.85e-02
2.22e-01
-9.35e-01
5.83e-01
-1.43e-01
1.54e-01
6.10e-01
-6.90e-01
-5.98e-03
-1.08e-02
4.58e-01
8.74e-01
3.74e-01
-9.82e-01
9.57e-02
-4.82e-01
-8.00e-01
6.45e-01
-8.93e-02
-6.91e-01
9.95e-01
6.82e-01
-1.45e-01
-2.49e-01
-4.53e-01
-2.08e-01
7.92e-02
6.72e-01
-8.31e-01
6.42e-01
-3.31e-01
-8.80e-01
4.66e-01
-1.03e-03
-1.51e-01
-4.12e-01
3.45e-01
1.66e-01
-1.41e-01
-6.17e-01
9.63e-01
9.01e-01
-8.52e-01
-9.21e-01
4.91e-01
8.31e-01
5.54e-01
9.97e-01
9.44e-01
-4.09e-01
-7.65e-02
-4.84e-01
4.05e-01
-4.90e-01
8.38e-01
-4.57e-01
-3.25e-01
-7.24e-01
-8.30e-01
2.05e-02
-9.37e-01
2.85e-01
2.75e-01
-1.51e-01
-3.26e-01
9.07e-01
-6.14e-01
-1.96e-01
9.43e-01
-3.10e-01
-8.54e-01
3.36e-01
-2.54e-01
6.19e-01
4.08e-01
2.44e-01
-4.62e-01
5.01e-01
2.68e-01
-9.61e-01
-4.19e-01
4.84e-01
-9.14e-01
8.36e-01
-9.27e-01
3.84e-01
6.31e-01
-5.64e-01
-2.20e-01
-5.87e-02
-6.81e-01
-2.86e-01
-1.63e-01
8.84e-01
2.78e-01
9.36e-01
-8.42e-01
-8.63e-01
-6.68e-01
5.16e-01
-5.51e-01
9.42e-01
-9.06e-01
2.11e-01
8.34e-01
1.51e-01
-1.40e-01
2.99e-01
1.43e-01
-6.34e-01
-7.59e-01
4.82e-01
-9.88e-01
-1.42e-01
-7.82e-01
-1.83e-01
8.71e-01
8.23e-02
-4.39e-03
-2.43e-01
-7.29e-01
9.36e-01
-3.46e-01
5.64e-01
-9.14e-02
4.62e-01
3.46e-01
-5.50e-01
-4.03e-01
4.48e-01
5.86e-01
-6.65e-01
8.23e-01
8.26e-01
-7.82e-01
5.57e-01
-2.32e-01
2.26e-01
-5.06e-01
9.32e-01
-1.97e-01
-4.00e-01
-7.13e-01
6.67e-01
6.04e-01
-1.39e-01
-9.83e-01
-4.56e-01
-9.28e-01
3.28e-01
-6.24e-01
-6.94e-03
-3.09e-01
-4.13e-01
5.95e-01
5.28e-01
2.61e-01
6.26e-01
