-9.60e-01
-5.77e-01
-4.43e-01
9.77e-01
-8.60e-02
-5.13e-01
-2.06e-01
3.29e-01
4.17e-01
-4.24e-01
8.91e-01
1.82e-01
9.41e-01
-4.14e-02
9.82e-01
-2.76e-01
-6.14e-03
-9.22e-01
-9.50e-01
6.97e-01
3.34e-01
5.60e-01
8.24e-02
7.04e-02
-5.99e-01
-4.87e-01
6.88e-01
-3.55e-02
3.28e-01
-2.27e-01
1.48e-01
2.41e-01
6.54e-01
-5.45e-01
7.16e-01
-7.71e-01
5.20e-02
9.72e-01
-1.70e-01
-8.17e-01
-7.19e-01
3.75e-01
7.54e-01
7.27e-01
-8.02e-01
8.24e-01
9.79e-01
-5.83e-01
-5.43e-01
-8.30e-01
7.27e-01
5.01e-01
9.55e-02
9.99e-01
-3.48e-01
-9.49e-01
-3.71e-01
-3.88e-01
-1.26e-01
8.33e-01
-6.24e-01
-2.74e-01
8.69e-01
3.70e-01
6.09e-01
-4.68e-01
5.64e-01
-7.67e-01
-5.27e-01
9.71e-01
-2.57e-01
5.02e-01
-2.33e-01
-1.76e-01
6.28e-01
-5.73e-01
-7.55e-01
1.07e-02
4.94e-01
1.09e-02
4.76e-01
-9.54e-03
8.86e-01
7.69e-01
1.77e-01
-1.37e-01
-6.82e-01
-5.58e-01
-6.35e-01
2.89e-01
4.76e-02
9.98e-01
-6.18e-02
6.94e-01
-6.20e-01
7.39e-01
8.63e-01
4.62e-01
-6.43e-01
-4.73e-01
-8.51e-01
-3.04e-01
-3.49e-01
-2.00e-01
-4.62e-01
1.41e-01
-6.41e-01
6.84e-01
8.93e-01
-7.74e-02
5.86e-01
-2.66e-01
3.61e-01
-3.03e-01
2.21e-01
6.55e-01
1.02e-01
4.35e-01
1.42e-01
-2.58e-01
8.80e-01
6.26e-01
9.08e-01
-6.55e-01
-4.66e-01
8.95e-01
-5.88e-01
4.20e-01
3.25e-01
-9.75e-01
-4.61e-01
9.21e-01
1.90e-01
9.10e-02
4.52e-01
4.85e-01
5.73e-01
-8.96e-01
-3.30e-01
1.19e-01
-8.90e-01
-5.13e-01
4.18e-01
-7.15e-01
9.93e-01
1.92e-01
-2.14e-01
-2.59e-01
6.94e-01
7.68e-02
-7.45e-02
2.79e-01
3.98e-01
9.69e-01
-8.32e-01
-7.21e-01
-4.70e-01
-3.20e-01
8.96e-01
8.26e-01
-8.66e-01
-9.33e-01
1.57e-02
9.35e-01
2.93e-01
-9.14e-01
9.19e-01
7.12e-01
-7.28e-01
-7.71e-01
6.10e-01
-2.15e-01
6.32e-01
3.21e-01
-3.17e-01
-8.76e-01
7.78e-01
2.82e-01
3.54e-01
4.71e-01
-8.67e-01
-3.35e-01
1.73e-01
-7.77e-01
7.48e-01
8.71e-01
-3.67e-01
3.64e-01
-5.77e-01
5.08e-01
1.19e-01
5.78e-01
-2.43e-01
-3.76e-01
-8.57e-01
-5.72e-01
8.26e-01
-6.13e-01
7.39e-01
-7.00e-01
-4.79e-01
4.63e-01
-9.53e-01
5.78e-01
-1.69e-02
1.51e-02
6.63e-01
1.00e+00
6.53e-01
-7.75e-01
-4.68e-01
-3.54e-01
-4.02e-01
9.91e-01
2.41e-01
7.71e-01
3.40e-01
-5.01e-01
-9.94e-01
1.82e-01
5.19e-01
2.44e-01
-4.86e-01
-6.39e-01
-4.80e-01
-9.19e-01
7.40e-01
-5.06e-01
5.09e-01
9.96e-01
-2.35e-01
-1.76e-01
4.12e-01
7.70e-01
-7.61e-01
-2.89e-01
-6.79e-01
7.05e-01
-3.94e-01
-6.19e-01
5.87e-02
-1.84e-01
7.98e-01
-4.84e-01
4.93e-01
4.09e-01
5.66e-01
-9.67e-01
5.70e-01
-2.35e-01
-5.19e-01
-9.02e-01
8.30e-01
7.85e-01
1.03e-01
8.53e-01
4.26e-01
6.61e-01
8.89e-01
7.58e-01
2.72e-01
4.30e-01
-8.45e-01
4.75e-01
2.07e-01
