2.63e-01
-9.22e-01
-5.93e-01
-9.14e-01
1.60e-01
-3.74e-01
-1.96e-01
2.63e-01
4.68e-01
9.89e-01
6.57e-01
4.50e-01
-8.31e-01
-5.72e-01
-6.07e-02
1.40e-01
2.60e-02
-7.07e-01
3.11e-01
7.00e-01
-3.57e-01
9.29e-03
-5.14e-01
1.11e-01
7.18e-03
-4.30e-01
-4.84e-02
-1.32e-01
2.80e-01
-9.75e-01
-5.77e-01
6.10e-01
1.80e-01
9.46e-01
4.74e-01
-8.96e-01
9.39e-01
-5.90e-01
9.94e-01
2.92e-01
-3.56e-01
5.36e-01
4.37e-01
-7.65e-01
-9.93e-01
9.21e-01
5.07e-01
2.35e-01
-5.42e-01
3.06e-01
7.14e-01
5.53e-01
7.75e-01
2.35e-01
1.49e-01
7.86e-01
3.17e-01
8.01e-01
9.17e-01
-7.26e-01
-1.94e-01
6.39e-01
-5.88e-01
1.74e-01
3.62e-01
-1.20e-01
-1.27e-01
-6.86e-01
4.51e-01
-6.12e-01
3.20e-01
3.68e-01
-1.82e-01
5.18e-01
-6.83e-01
-7.54e-01
3.06e-01
2.07e-01
6.06e-01
-3.60e-01
-1.10e-01
5.46e-01
-3.03e-01
-9.26e-02
-1.89e-01
-7.52e-01
-5.13e-01
4.48e-02
3.49e-01
7.81e-01
-8.48e-01
-7.84e-01
-6.83e-01
-2.37e-01
4.68e-01
1.56e-01
4.86e-01
-1.86e-01
-7.10e-01
5.52e-01
5.84e-01
-9.11e-01
-9.90e-01
5.11e-02
-5.75e-01
2.27e-01
5.29e-01
8.53e-02
-7.52e-01
6.68e-01
5.32e-01
-4.63e-01
7.61e-02
-1.73e-01
-4.68e-01
9.19e-01
-6.39e-01
4.27e-01
-6.45e-01
-6.29e-01
8.55e-01
5.29e-01
2.43e-01
-7.25e-01
-4.83e-01
1.34e-01
7.84e-01
1.20e-01
4.03e-01
6.78e-01
8.99e-01
-6.43e-01
-8.29e-01
1.89e-03
-8.47e-01
2.88e-01
-1.01e-01
-1.86e-02
1.12e-01
-4.12e-01
7.81e-01
-3.81e-01
3.02e-01
-5.92e-02
-4.67e-01
-5.35e-01
7.63e-01
-4.97e-01
5.60e-01
3.65e-01
-4.71e-01
-7.27e-01
2.38e-01
5.51e-01
-1.76e-01
2.08e-02
-5.80e-02
-6.59e-01
-9.04e-01
8.92e-01
6.74e-02
7.30e-01
2.24e-01
8.26e-01
-5.98e-01
-7.66e-01
7.69e-01
-2.60e-01
-2.96e-01
-5.40e-01
-2.87e-01
-4.48e-01
4.03e-01
5.49e-01
-5.27e-01
3.95e-01
-9.63e-01
-6.41e-01
9.14e-01
-9.99e-01
-8.33e-01
2.60e-01
4.00e-01
-2.69e-01
-2.37e-01
-3.51e-01
8.04e-01
1.11e-01
7.84e-01
2.06e-02
1.81e-01
-1.84e-02
-4.40e-01
-8.20e-02
-1.62e-01
6.96e-01
8.06e-01
-4.51e-01
3.59e-01
-2.23e-01
-3.84e-01
1.79e-01
6.65e-01
-6.32e-01
8.39e-01
7.30e-01
4.10e-01
7.58e-01
-2.58e-01
-1.10e-01
6.74e-01
2.04e-01
8.64e-01
-1.97e-01
-9.40e-01
2.51e-01
9.73e-01
-3.06e-02
-2.67e-01
5.38e-01
2.40e-01
2.41e-01
7.74e-01
-5.80e-01
-3.67e-01
-9.63e-01
-4.95e-01
-9.84e-01
-2.58e-01
-7.55e-01
-4.18e-01
-5.14e-01
-5.42e-01
-1.38e-01
6.91e-02
-1.06e-01
-5.66e-01
1.56e-01
2.54e-02
-2.94e-01
-4.55e-01
3.70e-01
-2.65e-01
-4.03e-01
3.39e-01
-3.64e-02
-4.67e-01
4.40e-01
-9.30e-02
6.77e-01
-5.35e-02
-1.06e-01
-5.60e-01
6.58e-01
6.11e-01
1.59e-01
4.11e-01
9.63e-01
8.94e-01
4.90e-01
-9.94e-01
-6.72e-02
-8.17e-01
9.57e-01
6.85e-02
