7.85e-01
-2.40e-01
-8.68e-01
-7.20e-01
6.96e-01
1.01e-01
9.73e-01
-3.60e-01
-6.77e-01
5.59e-01
2.49e-01
7.13e-01
-2.14e-01
-1.01e-01
7.12e-01
-2.77e-01
-4.99e-01
7.78e-01
-9.71e-01
3.01e-01
-2.28e-01
-2.42e-01
-8.98e-01
-5.89e-01
6.84e-01
3.99e-01
3.48e-01
-3.62e-01
-3.80e-01
4.51e-01
4.10e-01
7.79e-01
-8.50e-03
-5.77e-01
8.33e-02
-9.18e-01
-5.19e-01
6.98e-01
-9.42e-01
4.45e-01
-3.77e-01
-2.10e-01
-9.72e-01
-3.40e-01
2.14e-01
5.48e-01
-8.79e-01
3.22e-02
1.85e-01
5.02e-01
-9.57e-01
-8.92e-01
4.14e-01
2.37e-01
-9.87e-01
-5.02e-02
4.14e-01
-1.60e-01
-3.04e-01
-1.46e-01
-6.86e-01
9.23e-01
-9.37e-01
9.12e-01
6.11e-01
-8.81e-01
-3.23e-02
2.61e-01
-1.99e-01
-5.05e-01
-5.90e-01
-6.81e-01
7.83e-02
8.66e-01
-3.01e-02
2.56e-01
-1.10e-01
-7.04e-01
-9.04e-01
6.60e-01
-1.62e-01
5.86e-01
8.71e-01
8.05e-01
-7.65e-01
8.24e-01
6.28e-01
1.48e-01
-4.79e-01
6.44e-01
9.14e-01
-5.52e-01
5.36e-01
9.59e-01
-3.60e-01
-8.62e-01
-9.53e-01
2.18e-02
-3.43e-01
-7.92e-01
-5.87e-01
7.89e-01
-5.57e-01
-2.00e-01
-7.53e-01
-1.43e-01
-3.83e-01
3.33e-01
9.36e-01
-6.99e-01
-1.03e-01
3.31e-01
7.98e-01
2.31e-01
7.64e-01
-8.51e-01
2.69e-01
-5.19e-01
2.39e-01
1.85e-01
-4.14e-01
7.44e-01
-9.42e-01
-6.05e-01
-2.81e-01
-6.54e-01
9.92e-01
3.59e-01
2.93e-01
-4.03e-01
-8.22e-01
1.53e-01
2.29e-01
6.83e-01
6.20e-02
-6.41e-01
8.88e-01
1.85e-01
-6.14e-01
-2.25e-01
-6.71e-02
-7.86e-01
2.75e-01
2.95e-01
-9.26e-01
3.59e-01
8.58e-01
-3.58e-01
-8.18e-01
4.12e-02
-1.66e-01
2.06e-01
-4.11e-01
-4.06e-01
-9.67e-01
7.99e-01
2.22e-01
-2.16e-01
3.05e-01
2.70e-01
9.83e-01
-4.03e-01
-7.50e-01
6.94e-01
-8.62e-01
-5.67e-01
-9.60e-02
-2.70e-01
-3.24e-01
-6.87e-01
3.24e-01
3.37e-02
7.91e-01
-6.62e-02
3.46e-01
9.39e-01
9.81e-01
-6.57e-01
5.36e-02
9.93e-01
-1.65e-01
9.65e-01
-1.44e-01
-2.02e-01
7.79e-01
-2.54e-01
-5.04e-01
8.32e-01
2.49e-01
-8.28e-01
-3.66e-01
-3.91e-01
-2.08e-01
-7.81e-01
8.62e-01
6.73e-01
7.25e-01
4.88e-01
4.53e-01
-2.73e-01
-3.22e-01
-1.62e-01
-2.87e-01
2.85e-01
-5.03e-01
9.62e-01
-8.96e-01
1.75e-01
2.88e-01
7.57e-01
-3.93e-01
-5.48e-02
-7.78e-01
4.14e-01
3.59e-01
-7.76e-01
-4.64e-01
-5.27e-01
7.42e-01
1.11e-01
6.09e-01
4.39e-01
-4.48e-01
3.40e-01
-8.58e-01
8.80e-01
-2.82e-01
6.30e-01
1.93e-01
-1.20e-01
-5.80e-01
-1.85e-01
-6.68e-01
6.46e-01
6.19e-02
7.25e-01
3.35e-01
-4.02e-01
-4.45e-01
-2.86e-01
1.26e-01
-2.85e-01
-2.00e-01
6.31e-01
-9.24e-01
-3.18e-01
4.03e-01
-4.90e-01
4.12e-01
-8.25e-01
-9.86e-01
-2.48e-01
9.38e-01
-4.13e-01
6.92e-01
4.89e-01
1.77e-01
-8.05e-01
-9.69e-01
7.93e-01
-3.83e-01
2.67e-01
7.85e-01
-4.23e-01
-8.00e-01
