-3.12e-01
-4.96e-01
-9.82e-01
8.01e-01
1.34e-01
-1.15e-01
1.17e-01
-1.54e-01
3.95e-01
-6.21e-01
3.65e-01
-1.20e-01
-5.70e-01
3.07e-01
3.87e-03
7.94e-01
-1.94e-01
2.31e-01
-1.20e-01
-7.20e-01
1.57e-01
-7.60e-01
9.48e-01
-4.82e-01
8.77e-01
4.24e-01
1.27e-01
7.29e-01
-9.00e-01
1.22e-01
-7.69e-01
8.05e-01
4.46e-01
5.44e-01
-8.36e-01
-6.92e-01
4.88e-01
-9.22e-01
7.32e-01
3.21e-01
9.07e-01
-9.48e-01
8.38e-01
5.13e-01
1.76e-01
-4.73e-01
8.79e-01
1.95e-01
-4.12e-01
-2.36e-01
-7.28e-01
8.59e-01
2.98e-01
8.61e-01
-6.85e-01
-4.60e-01
4.85e-01
3.06e-01
-4.97e-01
9.50e-01
7.20e-02
-1.65e-01
-1.53e-01
-7.45e-01
-5.03e-01
-2.16e-01
3.75e-01
-6.51e-01
-3.45e-01
-9.74e-01
9.25e-01
6.58e-01
6.36e-01
8.87e-01
-2.64e-01
-8.69e-01
-3.84e-01
9.64e-01
7.63e-01
-8.19e-01
-7.59e-01
5.92e-01
-1.08e-01
5.18e-01
-3.46e-01
-6.50e-01
-8.82e-01
6.54e-01
6.13e-01
-7.25e-01
-5.32e-01
9.96e-01
-1.19e-01
-5.79e-01
-2.37e-01
7.71e-01
2.56e-01
-4.70e-01
8.54e-01
-8.49e-01
9.96e-01
-2.57e-01
4.65e-01
1.84e-01
6.56e-01
9.65e-01
-7.39e-01
9.95e-01
5.39e-01
7.12e-01
4.21e-01
-8.00e-01
-9.83e-01
-2.40e-01
-6.73e-01
-3.06e-01
9.39e-01
-2.98e-01
-6.91e-01
-4.95e-01
-8.98e-02
3.18e-01
-7.75e-01
2.74e-02
5.03e-01
9.64e-01
-7.67e-01
4.63e-01
1.35e-01
5.16e-01
-6.55e-01
2.26e-01
4.84e-01
7.89e-01
-6.35e-01
-7.25e-01
7.77e-01
-4.36e-01
-3.37e-01
8.44e-01
6.41e-01
9.33e-01
-6.04e-03
-8.75e-01
-8.49e-01
-9.85e-02
-2.06e-02
-1.96e-02
3.47e-01
7.66e-01
9.83e-01
-1.88e-02
-7.23e-02
-4.88e-01
-7.22e-01
4.27e-01
-4.60e-01
-7.69e-01
-3.55e-01
8.97e-01
-8.03e-01
9.29e-01
7.59e-01
-7.74e-01
8.56e-01
7.78e-01
1.99e-01
3.15e-01
3.37e-02
-2.43e-01
-2.45e-01
1.18e-01
8.35e-01
1.77e-01
2.88e-01
-2.23e-01
-1.17e-02
-3.62e-02
7.76e-01
6.26e-01
6.06e-01
3.35e-01
-3.25e-01
8.63e-01
1.99e-01
-6.37e-01
6.00e-01
-3.12e-01
-5.87e-02
3.53e-01
9.62e-01
1.24e-01
-4.58e-01
-1.85e-01
-1.71e-01
-5.32e-01
-6.13e-02
-6.30e-01
2.63e-01
9.14e-01
3.00e-01
3.79e-01
4.38e-01
9.21e-01
6.05e-01
1.62e-01
-8.26e-01
-1.73e-01
8.12e-02
8.88e-02
1.03e-01
9.76e-01
-9.64e-01
-7.17e-01
-7.83e-01
-1.66e-01
3.87e-01
4.09e-01
2.64e-02
-4.11e-01
-1.42e-01
-7.82e-01
-1.83e-01
8.71e-01
8.23e-02
-4.39e-03
-2.43e-01
-7.29e-01
9.36e-01
-3.46e-01
5.64e-01
-9.14e-02
4.62e-01
3.46e-01
-5.50e-01
-4.03e-01
4.48e-01
5.86e-01
-6.65e-01
8.23e-01
8.26e-01
-7.82e-01
5.57e-01
-2.32e-01
2.26e-01
-5.06e-01
9.32e-01
-1.97e-01
-4.00e-01
-7.13e-01
6.67e-01
6.04e-01
-1.39e-01
-9.83e-01
-4.56e-01
-9.28e-01
3.28e-01
-6.24e-01
-6.94e-03
-3.09e-01
-4.13e-01
5.95e-01
5.28e-01
2.61e-01
6.26e-01
