-3.77e-01
-4.10e-01
-1.24e-01
-3.54e-01
-7.67e-02
-3.17e-01
9.58e-01
-2.20e-01
-7.76e-01
-9.22e-01
-7.67e-01
-9.92e-01
3.72e-01
-1.78e-01
5.41e-01
3.83e-01
1.72e-01
-6.15e-01
-6.66e-01
3.99e-01
9.35e-01
-4.77e-01
-4.84e-01
3.07e-01
-8.90e-01
2.61e-01
3.57e-01
8.96e-01
8.01e-01
-2.10e-01
-9.72e-01
6.39e-01
-5.78e-01
4.81e-01
8.28e-01
-3.58e-01
8.70e-01
5.99e-01
3.68e-01
-7.14e-01
9.82e-02
1.91e-01
1.54e-01
4.87e-01
-6.40e-01
-7.32e-01
-9.08e-01
5.59e-01
-4.49e-01
7.48e-01
-9.05e-01
-1.02e-01
8.50e-01
-2.97e-01
-4.85e-01
3.97e-01
2.48e-01
-9.03e-01
-5.29e-01
-7.36e-01
9.38e-01
9.23e-01
-9.37e-01
9.12e-01
6.11e-01
-8.81e-01
-3.23e-02
2.61e-01
-1.99e-01
-5.05e-01
-5.90e-01
-6.81e-01
7.83e-02
8.66e-01
-3.01e-02
2.56e-01
-1.10e-01
-5.31e-01
-6.63e-01
-2.69e-02
-8.23e-01
-6.65e-02
-7.58e-03
8.58e-01
7.33e-01
1.02e-01
-4.37e-03
5.87e-01
-4.08e-02
7.87e-01
4.55e-01
-7.60e-01
5.60e-01
-1.55e-02
-9.99e-02
-6.13e-01
-3.22e-01
1.95e-01
-2.54e-01
-5.54e-01
6.24e-01
4.66e-01
-9.28e-01
-7.85e-01
2.91e-02
-6.57e-01
-3.47e-01
-6.59e-01
3.48e-01
-8.41e-01
-2.60e-01
1.08e-01
3.35e-01
2.47e-01
8.01e-01
6.65e-01
-8.86e-01
-3.26e-01
-8.96e-01
1.73e-01
-5.07e-01
-4.34e-01
-3.80e-01
-9.67e-01
6.35e-01
2.80e-01
3.58e-01
6.74e-01
-5.04e-01
3.70e-01
5.45e-01
2.45e-01
4.64e-01
6.50e-01
-5.97e-01
-4.57e-01
7.91e-01
-6.17e-01
2.28e-01
3.66e-01
-9.10e-02
2.34e-01
-7.11e-01
-4.30e-01
-6.13e-01
-6.54e-01
1.80e-02
4.64e-01
-4.90e-01
-2.95e-01
-5.05e-01
3.92e-01
-7.37e-01
1.00e-01
-1.86e-01
8.18e-01
6.44e-01
-5.37e-01
3.81e-01
4.48e-01
-8.22e-01
-1.60e-01
-1.30e-01
-4.48e-02
-3.59e-01
3.17e-01
-3.63e-01
8.16e-01
-5.14e-01
6.32e-01
2.90e-02
4.50e-02
9.61e-02
7.32e-01
1.93e-01
3.44e-01
1.12e-02
9.01e-01
-4.76e-01
-5.92e-01
-7.94e-01
-8.91e-01
-9.96e-01
-9.40e-01
5.81e-01
2.46e-01
8.60e-01
8.67e-02
3.31e-01
4.89e-01
4.01e-01
4.14e-01
4.90e-02
2.07e-01
1.71e-01
-4.45e-01
-6.39e-01
-1.09e-01
-6.73e-01
-9.05e-01
2.44e-01
-1.62e-01
-2.87e-01
2.85e-01
-5.03e-01
9.62e-01
-8.96e-01
1.75e-01
2.88e-01
7.57e-01
-3.93e-01
-5.48e-02
-7.78e-01
4.14e-01
3.59e-01
-7.76e-01
-4.64e-01
-5.27e-01
7.42e-01
1.11e-01
6.09e-01
4.39e-01
-4.48e-01
3.40e-01
-8.58e-01
8.80e-01
-2.82e-01
6.30e-01
1.93e-01
-1.20e-01
-5.80e-01
-1.85e-01
-6.68e-01
6.46e-01
6.19e-02
7.25e-01
3.35e-01
-4.02e-01
-4.45e-01
-2.86e-01
1.26e-01
-2.85e-01
-2.00e-01
6.31e-01
-9.24e-01
-3.18e-01
4.03e-01
-4.90e-01
4.12e-01
-8.25e-01
-9.86e-01
-2.48e-01
9.38e-01
-4.13e-01
6.92e-01
4.89e-01
1.77e-01
-8.05e-01
-9.69e-01
7.93e-01
-3.83e-01
2.67e-01
7.85e-01
-4.23e-01
-8.00e-01
