-8.02e-01
6.61e-01
9.73e-01
-4.60e-01
-3.56e-01
-4.42e-02
8.13e-03
-3.47e-01
4.41e-01
-7.13e-01
-3.66e-01
-6.76e-01
2.83e-01
-9.29e-01
-7.03e-01
9.13e-01
4.28e-01
-1.06e-01
2.02e-01
-5.50e-01
-6.01e-02
-9.66e-01
1.43e-01
9.95e-01
7.33e-01
-6.58e-01
-1.04e-01
6.03e-01
4.60e-01
2.95e-01
-9.78e-01
1.30e-01
-4.58e-01
-9.34e-01
-6.35e-01
-6.51e-01
1.15e-01
5.72e-01
-2.18e-01
8.12e-02
-4.76e-01
3.63e-02
9.63e-01
-8.81e-01
5.63e-02
4.52e-01
-5.04e-01
-2.01e-01
7.71e-01
1.59e-01
-3.81e-01
7.19e-01
9.22e-01
2.75e-01
-2.51e-01
-5.70e-01
-6.93e-01
8.13e-01
-9.09e-01
-3.17e-01
-4.31e-01
8.67e-01
-1.80e-01
8.50e-01
-6.27e-01
3.16e-01
-7.21e-02
-5.47e-01
3.14e-01
-4.45e-01
-9.21e-01
2.04e-01
1.82e-01
-9.10e-01
-9.17e-01
2.52e-01
-3.34e-01
5.84e-01
-4.77e-01
-7.71e-01
-3.91e-01
4.88e-01
5.49e-01
3.98e-01
-6.33e-01
-9.00e-01
-3.62e-02
4.83e-01
-9.66e-01
8.90e-01
-1.95e-01
8.07e-01
-3.84e-01
-4.33e-01
-5.18e-01
6.39e-02
-3.62e-01
9.16e-01
4.01e-01
5.10e-01
7.93e-01
9.39e-01
-7.33e-01
6.83e-01
1.56e-01
-6.48e-01
7.05e-01
-7.17e-01
5.78e-01
5.75e-01
7.52e-01
-1.72e-01
-5.21e-02
-7.61e-02
-1.05e-01
3.78e-01
-7.48e-01
9.80e-01
3.24e-02
1.38e-01
-9.19e-01
7.27e-01
5.20e-01
7.04e-01
-8.03e-01
-8.24e-01
2.80e-01
-5.16e-01
-1.20e-03
5.92e-01
8.57e-01
7.57e-01
-4.43e-01
-6.43e-01
4.05e-01
2.98e-01
-1.89e-02
-9.05e-01
-1.02e-01
-2.16e-01
5.23e-02
5.30e-01
-3.32e-02
2.87e-01
-9.99e-01
7.86e-01
1.55e-01
7.65e-01
-8.07e-01
-6.98e-01
-4.64e-02
6.04e-01
-2.37e-01
5.23e-01
-1.52e-01
5.64e-01
-9.12e-01
-6.09e-01
6.14e-01
-9.52e-01
-8.45e-01
-8.15e-02
6.42e-01
1.96e-01
-2.44e-01
-6.28e-01
7.78e-01
-9.30e-01
6.64e-01
-8.81e-01
2.36e-01
-1.70e-01
-7.35e-01
6.03e-01
-8.21e-01
-1.22e-01
-5.35e-01
-8.06e-01
-4.43e-01
1.42e-01
-1.61e-01
-5.48e-01
-1.19e-01
-8.24e-01
2.03e-01
-4.09e-01
6.48e-02
-9.71e-01
-9.15e-01
-9.90e-02
7.41e-01
8.15e-01
-7.88e-01
9.86e-01
-4.94e-01
1.23e-01
5.62e-01
7.73e-02
3.25e-01
-5.38e-02
-1.74e-01
-6.01e-01
-1.20e-01
7.80e-01
-1.81e-01
-4.46e-01
5.01e-01
6.39e-01
8.68e-01
6.55e-01
1.09e-01
1.28e-01
2.24e-01
3.77e-01
4.22e-01
8.14e-01
4.49e-01
9.12e-01
-4.93e-01
1.63e-01
-8.61e-01
-7.21e-01
-9.93e-01
8.26e-01
3.67e-01
2.46e-02
-7.96e-01
2.15e-01
5.77e-01
-9.84e-01
-1.40e-01
6.65e-01
-6.50e-01
-9.86e-01
3.44e-01
-8.26e-01
9.03e-01
-4.02e-01
8.04e-01
4.69e-01
-8.90e-01
-9.28e-01
9.40e-01
-5.41e-01
-1.38e-01
-1.75e-01
-8.67e-01
8.28e-01
1.88e-01
-7.03e-01
-9.23e-01
1.58e-01
9.90e-01
5.12e-01
-3.31e-01
4.85e-01
1.19e-01
3.23e-01
5.40e-01
4.81e-01
-7.88e-01
8.70e-01
-4.01e-01
6.48e-01
-3.84e-01
