-3.22e-01
-6.84e-01
-7.08e-01
-4.23e-01
-3.00e-01
-2.90e-01
-7.18e-01
9.31e-01
6.14e-01
-1.27e-02
9.87e-02
5.31e-01
5.32e-01
-2.89e-01
-5.96e-01
2.97e-01
3.88e-01
3.10e-01
5.99e-01
1.88e-01
-3.78e-01
-1.80e-01
4.63e-02
-3.96e-02
7.33e-01
-6.58e-01
-1.04e-01
6.03e-01
4.60e-01
2.95e-01
-9.78e-01
1.30e-01
-4.58e-01
-9.34e-01
-6.35e-01
-6.51e-01
1.15e-01
5.72e-01
-2.18e-01
8.12e-02
-4.76e-01
3.63e-02
9.63e-01
-8.81e-01
5.63e-02
4.52e-01
-5.04e-01
-2.01e-01
7.71e-01
1.59e-01
-3.81e-01
7.19e-01
9.22e-01
2.75e-01
-2.51e-01
-5.70e-01
-6.93e-01
8.13e-01
-9.09e-01
-3.17e-01
-4.31e-01
8.67e-01
-1.80e-01
8.50e-01
-6.27e-01
3.16e-01
-7.21e-02
-5.47e-01
3.14e-01
-4.45e-01
-9.21e-01
2.04e-01
1.82e-01
-9.10e-01
-9.17e-01
2.52e-01
-3.34e-01
5.84e-01
-4.77e-01
-7.71e-01
-3.91e-01
4.88e-01
5.49e-01
3.98e-01
-6.33e-01
-9.00e-01
-3.62e-02
4.83e-01
-9.66e-01
8.90e-01
-1.95e-01
8.07e-01
-3.84e-01
-4.33e-01
-5.18e-01
6.39e-02
-3.62e-01
9.16e-01
-4.19e-01
9.55e-01
-7.43e-01
9.95e-01
-1.96e-01
1.63e-01
-1.78e-01
6.30e-01
7.85e-01
-6.99e-01
4.33e-01
-2.41e-01
9.31e-01
-6.59e-01
-1.92e-01
9.90e-01
-1.75e-01
-4.77e-01
-6.58e-01
4.80e-01
2.23e-01
-6.46e-01
-2.27e-01
-4.01e-01
6.09e-01
6.19e-01
2.19e-01
3.37e-01
9.39e-02
-9.95e-01
6.06e-01
-9.44e-01
9.14e-01
8.71e-01
-3.59e-01
-4.63e-01
-8.77e-01
2.42e-01
-1.44e-01
6.16e-01
-6.42e-01
3.20e-01
1.78e-01
-2.29e-02
7.13e-01
5.02e-02
6.17e-01
9.17e-01
-3.61e-01
-8.49e-02
-8.07e-01
-6.98e-01
-4.64e-02
6.04e-01
-2.37e-01
5.23e-01
-1.52e-01
5.64e-01
-9.12e-01
-6.09e-01
6.14e-01
-9.52e-01
-8.45e-01
-8.15e-02
6.42e-01
1.96e-01
-2.44e-01
-6.28e-01
7.78e-01
-9.30e-01
6.64e-01
-8.81e-01
2.36e-01
-1.70e-01
-7.35e-01
6.03e-01
-8.21e-01
-1.22e-01
-5.35e-01
-8.06e-01
-4.43e-01
8.26e-01
7.48e-01
5.49e-01
6.76e-01
2.18e-01
1.80e-01
-3.38e-01
8.67e-01
-3.24e-01
3.20e-02
6.11e-01
-4.79e-01
-4.49e-01
-1.30e-01
-4.27e-01
2.99e-01
3.96e-01
1.54e-01
-7.59e-02
-1.17e-01
-5.38e-02
-1.74e-01
-6.01e-01
-1.20e-01
7.80e-01
-1.81e-01
-4.46e-01
5.01e-01
6.39e-01
8.68e-01
6.55e-01
1.09e-01
1.28e-01
2.24e-01
3.77e-01
4.22e-01
8.14e-01
4.49e-01
9.12e-01
-4.93e-01
1.63e-01
-8.61e-01
-7.21e-01
-9.93e-01
8.26e-01
3.67e-01
2.46e-02
-7.96e-01
2.15e-01
5.77e-01
-9.84e-01
-1.40e-01
6.65e-01
-6.50e-01
-9.86e-01
3.44e-01
-8.26e-01
9.03e-01
-4.02e-01
8.04e-01
4.69e-01
-8.90e-01
-9.28e-01
9.40e-01
-5.41e-01
-1.38e-01
-1.75e-01
-8.67e-01
8.28e-01
1.88e-01
-7.03e-01
-9.23e-01
1.58e-01
9.90e-01
5.12e-01
-3.31e-01
4.85e-01
1.19e-01
3.23e-01
5.40e-01
4.81e-01
-7.88e-01
8.70e-01
-4.01e-01
6.48e-01
-3.84e-01
