7.26e-01
7.17e-02
2.71e-02
5.78e-02
-6.76e-01
-4.30e-01
-1.63e-01
-8.30e-01
5.23e-01
9.24e-01
3.58e-01
-1.74e-01
5.54e-01
8.33e-01
-2.73e-01
-1.37e-01
8.70e-01
-6.52e-02
9.75e-01
-9.56e-01
-5.85e-01
9.78e-01
8.05e-01
3.11e-01
-7.35e-01
7.50e-01
3.26e-01
4.60e-01
-5.86e-02
-2.82e-02
1.99e-01
-8.95e-01
-7.68e-01
6.19e-01
9.55e-01
-1.03e-01
4.87e-01
5.81e-01
6.77e-01
-5.06e-01
-4.14e-01
5.07e-01
-1.54e-01
-9.60e-01
-8.10e-01
-5.69e-01
9.58e-01
-6.52e-01
5.98e-01
-5.47e-01
5.37e-01
-6.19e-01
1.82e-01
2.41e-01
-9.91e-01
-5.30e-01
1.46e-01
3.58e-01
-5.77e-01
9.01e-02
7.30e-01
9.94e-01
-1.00e-01
-9.58e-01
-9.39e-01
-8.52e-01
-2.52e-01
-7.31e-02
-7.25e-01
1.43e-01
7.22e-01
2.28e-01
-1.60e-01
-1.75e-01
2.33e-01
-2.62e-01
-8.29e-01
6.74e-01
-5.37e-01
6.52e-01
6.41e-01
6.28e-01
7.51e-02
-8.45e-01
7.40e-01
1.06e-01
-4.69e-01
1.15e-01
-7.77e-01
-9.32e-01
7.55e-01
2.09e-01
-1.45e-01
7.06e-01
-5.10e-02
9.09e-01
-4.76e-01
7.99e-01
8.05e-01
-9.28e-01
-6.84e-01
-2.63e-01
4.89e-01
-8.85e-01
5.50e-01
9.87e-01
-3.05e-01
3.77e-01
7.63e-01
1.96e-01
3.03e-01
4.33e-01
-5.76e-01
-7.26e-01
9.34e-01
-8.51e-01
-5.80e-01
-8.03e-01
-5.34e-01
9.37e-01
-8.84e-01
-1.76e-01
-2.30e-01
-8.82e-01
7.48e-02
3.73e-01
2.41e-01
9.86e-01
7.69e-01
3.60e-01
5.29e-01
1.85e-01
9.90e-01
-3.93e-01
-6.62e-02
7.77e-01
6.63e-01
-2.25e-01
6.27e-03
-1.13e-01
2.96e-01
3.70e-02
5.38e-01
-6.94e-01
5.79e-01
2.69e-02
5.23e-01
-1.40e-01
3.71e-02
-1.03e-01
-1.70e-01
-2.58e-01
-1.71e-01
1.15e-01
6.24e-01
-3.26e-02
5.01e-01
-9.74e-01
7.61e-01
7.52e-01
4.41e-01
9.67e-01
-2.80e-01
7.41e-01
8.67e-01
-2.95e-01
1.38e-01
-8.82e-01
9.61e-01
-3.00e-01
3.76e-01
5.73e-01
-9.53e-01
-5.43e-01
3.97e-01
-7.79e-01
6.25e-02
-5.06e-01
3.71e-01
1.65e-01
3.91e-01
-6.43e-01
7.71e-01
7.83e-01
-1.39e-01
-5.67e-02
-1.73e-01
-5.25e-01
4.76e-01
-6.15e-01
-1.31e-02
4.69e-01
3.47e-02
-8.90e-01
-5.57e-01
-5.27e-01
3.24e-01
-4.17e-01
8.92e-01
3.91e-01
-8.79e-01
7.83e-02
9.01e-01
-9.70e-01
-3.50e-01
-5.32e-01
-7.53e-01
9.09e-01
-8.62e-01
7.39e-01
-5.66e-01
-2.09e-01
-1.85e-01
8.81e-01
-7.37e-01
2.13e-01
3.83e-01
6.68e-01
8.47e-01
-3.67e-01
-9.13e-01
-1.05e-01
3.35e-01
-4.55e-01
7.18e-01
-1.70e-01
7.65e-01
9.55e-01
3.41e-01
9.69e-01
6.61e-01
-8.10e-01
3.97e-01
6.52e-01
-8.87e-01
-6.96e-01
-9.34e-01
1.79e-01
1.53e-01
-4.31e-01
6.55e-01
-7.02e-01
-4.94e-01
6.98e-01
1.60e-01
-7.89e-01
-1.90e-01
-8.97e-01
-1.23e-01
-2.76e-01
9.52e-01
3.30e-01
-3.50e-01
7.24e-01
5.31e-01
8.83e-01
5.83e-01
-8.37e-01
9.85e-01
-4.66e-01
5.89e-01
-5.53e-01
-2.45e-03
-1.86e-01
-7.72e-01
