-1.39e-01
-4.19e-02
5.45e-01
-5.44e-01
-2.49e-01
4.18e-01
-5.74e-01
4.03e-01
9.10e-01
1.23e-01
-8.67e-01
2.23e-01
-3.26e-01
-4.09e-02
7.39e-01
1.08e-01
-4.35e-01
1.10e-01
3.30e-01
2.00e-01
7.84e-01
-7.43e-01
-6.90e-01
3.06e-01
-5.00e-01
-5.09e-01
-8.97e-01
-4.27e-01
-1.34e-01
-7.81e-01
-2.17e-01
-9.75e-01
-5.76e-01
2.24e-01
-8.84e-01
9.03e-01
-1.48e-01
-4.84e-01
8.33e-01
8.60e-01
-2.59e-01
-2.01e-01
9.07e-01
-1.34e-01
-8.95e-02
-5.74e-01
7.20e-01
-6.51e-01
-3.25e-01
9.14e-01
5.97e-01
-5.84e-01
-6.66e-01
3.91e-01
-2.43e-01
-8.00e-01
5.45e-01
-7.62e-01
5.24e-01
-9.81e-01
4.48e-01
7.99e-01
1.56e-01
-5.43e-01
-3.57e-01
1.54e-01
9.77e-02
6.74e-01
6.93e-01
6.74e-01
1.35e-01
-7.87e-01
3.38e-01
3.06e-01
2.22e-01
9.42e-01
-4.85e-02
3.55e-02
1.99e-01
1.50e-01
-2.57e-01
-1.12e-01
-8.83e-02
-4.32e-01
1.66e-01
1.47e-01
-8.63e-01
8.96e-02
-1.91e-01
-2.31e-01
8.23e-01
6.79e-01
5.52e-01
-2.99e-01
-4.58e-02
4.66e-01
2.49e-01
6.78e-01
-3.03e-01
-1.84e-01
-6.78e-01
-6.62e-01
-3.76e-01
-6.75e-01
1.58e-01
-3.70e-01
1.90e-01
-8.66e-01
2.76e-01
8.51e-01
9.74e-02
-9.03e-02
-6.33e-01
1.72e-01
4.61e-01
-3.87e-01
9.91e-01
-1.62e-01
7.30e-01
6.70e-01
7.35e-01
-9.71e-01
1.90e-01
-9.32e-01
2.80e-01
2.58e-01
-7.09e-01
-1.18e-01
-4.06e-01
-8.45e-02
5.56e-01
-8.23e-01
2.72e-01
8.69e-01
-3.03e-03
8.99e-02
4.92e-01
7.48e-01
3.30e-01
-7.03e-01
1.58e-01
-8.20e-01
7.02e-01
6.79e-01
-6.05e-01
-2.10e-01
1.41e-01
9.78e-01
-1.14e-01
1.01e-01
3.01e-01
-5.26e-01
-2.20e-01
2.47e-01
3.82e-01
-5.76e-01
2.61e-01
8.37e-01
1.31e-01
-6.66e-01
-7.27e-02
9.07e-01
8.69e-01
4.07e-01
5.92e-01
8.01e-01
7.91e-01
3.69e-01
-9.63e-01
-8.76e-01
6.78e-01
-1.26e-01
5.62e-01
-4.32e-01
-8.16e-01
-1.94e-01
-2.89e-01
-7.41e-01
-8.17e-01
4.43e-01
3.52e-01
-5.44e-01
2.20e-01
-6.36e-01
6.56e-01
-7.73e-02
-6.18e-01
1.65e-01
-7.56e-01
-6.77e-01
4.11e-01
-4.31e-01
-1.80e-02
-4.64e-01
-8.82e-01
-1.97e-01
7.30e-01
1.97e-01
9.15e-01
-1.99e-01
-5.13e-01
-5.93e-01
-8.37e-01
-7.68e-01
-2.09e-01
4.96e-01
-4.71e-02
-1.80e-01
-9.39e-01
6.53e-01
3.61e-01
2.48e-01
-8.21e-01
-9.20e-01
1.16e-01
-7.71e-01
5.21e-01
7.66e-01
-5.67e-01
4.03e-01
6.03e-01
4.61e-01
-2.49e-01
-9.43e-02
4.97e-01
5.17e-01
6.96e-01
-3.71e-02
6.94e-01
2.87e-01
1.81e-01
3.43e-01
9.12e-02
3.63e-01
-2.73e-01
7.59e-01
-1.21e-01
-4.36e-01
6.67e-02
9.11e-01
-2.25e-01
2.64e-02
4.47e-01
3.60e-02
-4.72e-01
5.27e-01
3.97e-01
-5.01e-01
7.42e-01
2.16e-01
-7.01e-03
1.01e-01
-5.40e-01
4.60e-01
5.93e-01
3.33e-01
-5.09e-01
7.48e-01
-8.97e-02
9.13e-02
-9.86e-01
8.36e-01
-4.47e-01
7.86e-01
-4.14e-01
