1.83e-01
-8.93e-01
-5.01e-01
-2.76e-01
-2.85e-01
3.59e-01
8.27e-01
-4.36e-01
3.63e-01
3.80e-02
1.41e-01
-5.71e-01
-6.34e-01
-7.36e-01
6.42e-01
6.98e-01
3.08e-01
1.61e-02
2.85e-01
4.88e-01
9.60e-01
6.87e-01
-9.90e-01
8.13e-01
3.03e-01
5.11e-01
-1.73e-01
2.85e-01
-7.23e-01
1.33e-01
5.13e-01
-7.90e-02
-9.07e-01
6.73e-01
1.34e-01
1.91e-01
7.69e-01
9.65e-01
-3.93e-01
-1.96e-01
-9.75e-01
7.31e-01
4.35e-01
-4.71e-01
-8.98e-01
3.80e-01
6.63e-01
8.88e-01
7.67e-01
-6.70e-01
-2.34e-01
2.54e-01
1.72e-01
-1.82e-01
-4.06e-01
2.04e-01
1.69e-01
-7.44e-01
-8.34e-01
6.07e-01
-8.15e-01
2.59e-01
-2.00e-01
8.66e-01
4.01e-01
-5.93e-01
8.76e-01
6.68e-01
6.24e-01
4.73e-02
1.79e-01
-2.33e-01
1.61e-01
-1.20e-01
3.63e-02
-4.09e-01
-7.86e-01
-4.22e-01
2.43e-01
-7.61e-01
-2.80e-01
9.31e-01
6.02e-02
6.28e-01
-1.01e-01
-3.34e-02
8.13e-01
6.52e-01
4.65e-01
-1.07e-03
3.74e-01
-6.04e-01
-3.90e-01
-6.27e-01
7.56e-01
3.59e-01
2.45e-01
-3.97e-01
6.46e-01
-9.58e-01
-1.05e-01
-1.82e-01
-3.89e-01
-1.75e-01
-1.37e-01
8.09e-01
-3.53e-02
-2.64e-01
1.62e-01
8.08e-01
6.38e-01
-1.05e-01
-4.70e-01
2.58e-02
9.93e-01
-4.49e-01
-4.55e-01
1.02e-01
-1.28e-01
-7.70e-01
-1.27e-01
1.70e-01
-3.99e-01
2.47e-01
5.43e-01
4.78e-02
-8.54e-01
-8.44e-01
3.35e-01
-3.03e-01
-2.70e-01
3.73e-01
7.52e-01
1.00e-01
5.06e-01
4.12e-01
-7.09e-02
5.42e-02
1.66e-01
-7.65e-02
-4.41e-01
8.40e-01
9.69e-02
3.94e-01
-2.89e-01
-7.02e-01
6.07e-02
-9.70e-01
8.53e-01
7.33e-02
2.37e-03
7.20e-01
-2.90e-01
-2.03e-02
9.54e-01
4.81e-01
4.15e-01
4.99e-01
7.20e-01
-8.71e-01
-1.29e-02
-4.54e-01
-5.38e-01
2.92e-01
-8.85e-01
3.90e-01
-9.14e-01
-8.30e-01
-5.20e-01
1.47e-01
-3.94e-01
-3.55e-01
7.97e-01
8.94e-01
7.54e-01
9.30e-01
-5.12e-01
-5.23e-01
-5.68e-01
4.79e-01
4.20e-01
8.66e-01
6.46e-01
-6.56e-02
3.39e-01
4.53e-02
-2.60e-01
-2.46e-01
-8.96e-01
6.47e-01
3.40e-01
-7.51e-01
9.39e-01
2.51e-01
9.52e-01
-9.76e-01
2.62e-01
6.53e-02
-5.26e-01
-1.69e-02
-2.24e-01
8.44e-01
4.75e-01
5.77e-01
-9.30e-01
-8.33e-01
-4.36e-01
5.22e-01
-6.50e-01
-9.67e-01
-3.88e-01
-3.89e-01
-7.59e-01
7.82e-01
3.30e-01
4.90e-01
5.67e-01
-6.75e-01
-1.90e-02
8.98e-02
3.18e-01
6.32e-01
-2.24e-01
4.38e-01
-6.15e-01
6.85e-01
2.10e-01
-8.06e-01
9.88e-02
-7.74e-01
-6.82e-01
9.92e-01
-6.95e-01
4.35e-01
7.69e-01
3.51e-01
8.87e-01
-2.31e-01
-9.86e-01
6.84e-01
-6.86e-01
2.91e-01
7.00e-01
-6.11e-01
6.54e-01
-1.54e-02
-1.86e-01
-4.77e-01
8.71e-01
-5.67e-01
2.28e-01
9.94e-01
9.56e-01
-7.20e-01
4.11e-01
4.40e-01
-1.58e-02
-4.07e-01
5.47e-01
8.36e-01
3.58e-01
-3.38e-01
-6.13e-01
5.04e-01
-2.31e-01
