5.53e-01
3.39e-01
6.43e-01
5.09e-01
-2.95e-01
1.31e-01
-8.69e-01
8.96e-01
-6.19e-01
9.63e-01
-8.02e-01
-3.35e-02
2.36e-01
9.29e-02
5.68e-01
-1.93e-01
-1.83e-01
-5.27e-01
6.96e-01
2.95e-01
2.81e-01
4.19e-01
-2.45e-02
-5.88e-01
-1.05e-01
-9.73e-01
-6.19e-01
-8.76e-01
4.97e-01
3.82e-01
-3.94e-01
6.93e-01
-4.63e-01
3.55e-01
-1.86e-01
1.67e-01
3.18e-01
3.28e-02
7.07e-01
3.61e-01
-6.08e-01
2.90e-01
4.54e-01
-6.83e-01
4.66e-01
9.77e-01
1.45e-01
2.79e-02
-8.18e-01
-8.77e-02
-3.30e-01
-3.73e-01
-1.41e-02
-7.09e-01
-2.09e-01
3.72e-01
2.48e-01
4.37e-01
-9.72e-01
4.35e-01
5.02e-01
7.33e-02
-6.56e-01
7.20e-01
4.44e-01
-6.26e-01
-6.30e-01
-8.74e-01
-5.72e-01
-3.50e-01
2.46e-01
-1.42e-01
-3.06e-01
9.14e-01
5.81e-01
2.13e-01
-7.27e-01
-4.92e-01
-6.38e-01
4.50e-01
-5.47e-01
-2.82e-01
-8.04e-02
-2.31e-01
-4.77e-02
-8.31e-01
-1.85e-01
-9.29e-01
-4.63e-01
-8.27e-01
5.94e-01
-9.00e-01
8.07e-01
-4.05e-01
8.67e-02
5.63e-01
8.72e-01
-3.52e-01
-1.12e-01
-3.78e-01
-6.88e-01
5.50e-02
7.57e-01
7.07e-01
5.72e-02
-4.51e-01
7.54e-01
2.82e-01
5.68e-01
8.08e-01
6.38e-01
9.20e-01
-9.07e-01
2.58e-02
9.93e-01
-4.49e-01
-4.55e-01
3.09e-01
4.24e-01
-9.75e-01
-8.14e-01
8.34e-01
-5.72e-01
6.14e-01
-5.58e-02
5.65e-01
4.82e-01
-7.98e-02
-7.44e-01
-7.26e-01
1.15e-01
3.73e-01
3.91e-01
-1.20e-01
3.27e-01
-9.69e-01
-5.64e-01
2.84e-01
-1.99e-01
7.45e-03
-1.05e-01
9.26e-01
3.15e-01
-6.67e-01
8.39e-01
9.87e-01
9.99e-01
-3.73e-01
4.91e-01
7.65e-01
8.39e-01
7.86e-01
6.75e-01
4.92e-01
2.36e-01
7.14e-01
-1.49e-01
7.32e-01
1.46e-01
1.87e-01
-5.17e-01
-3.26e-01
-2.21e-01
-4.10e-01
-3.91e-01
-9.15e-01
-1.22e-02
-8.30e-01
-5.20e-01
1.47e-01
-3.94e-01
-3.55e-01
7.97e-01
8.94e-01
7.54e-01
9.30e-01
-5.12e-01
-5.23e-01
-5.68e-01
4.79e-01
4.20e-01
8.66e-01
6.46e-01
-6.56e-02
3.39e-01
4.53e-02
-2.60e-01
-2.46e-01
-8.96e-01
6.47e-01
3.40e-01
-7.51e-01
9.39e-01
2.51e-01
9.52e-01
2.28e-01
2.62e-01
6.53e-02
-5.26e-01
-1.69e-02
-2.24e-01
8.44e-01
4.75e-01
5.77e-01
-9.30e-01
-8.33e-01
8.76e-01
5.22e-01
-6.50e-01
-9.67e-01
-3.88e-01
-8.06e-01
-8.60e-01
4.02e-01
3.04e-01
5.68e-01
6.00e-01
7.36e-01
6.62e-01
-6.57e-01
-8.14e-01
8.87e-02
-3.36e-01
3.11e-01
-7.03e-01
7.96e-01
-4.95e-01
-1.36e-01
-2.87e-01
6.31e-01
-3.59e-02
7.15e-01
6.40e-01
5.72e-01
-3.46e-01
-6.28e-01
6.88e-01
-9.66e-01
-1.74e-03
1.19e-01
-9.44e-01
-1.51e-01
-1.61e-01
6.15e-01
9.71e-01
-5.19e-01
6.97e-01
6.25e-01
-9.74e-03
-7.95e-01
-2.61e-01
-8.73e-01
-7.66e-01
-7.68e-01
-3.54e-03
-4.82e-01
-8.05e-01
-1.15e-01
9.65e-01
4.80e-01
-6.57e-01
-2.50e-01
-2.65e-01
6.22e-01
-9.91e-01
