-6.49e-01
4.73e-01
1.43e-01
-6.49e-01
-1.46e-01
-5.69e-01
-4.72e-01
2.06e-01
8.79e-01
6.91e-01
8.01e-01
2.84e-01
1.64e-01
4.40e-01
-3.85e-01
-2.60e-02
1.65e-01
-6.76e-01
7.39e-01
-4.26e-01
8.96e-01
9.97e-01
-8.45e-01
8.04e-01
-5.34e-01
-6.19e-01
2.01e-01
7.35e-01
9.12e-01
-3.71e-01
7.01e-02
2.55e-01
8.16e-01
-5.37e-01
-7.96e-01
-3.47e-01
2.17e-02
6.57e-01
-5.78e-01
1.42e-01
9.65e-01
4.75e-01
3.01e-01
-6.48e-01
3.21e-01
6.66e-01
9.65e-02
-9.28e-01
-3.04e-01
4.66e-01
9.73e-01
-4.51e-01
-9.64e-01
8.34e-01
8.76e-01
6.84e-01
9.82e-01
-6.82e-02
-8.87e-01
-1.60e-01
4.99e-01
7.73e-02
-4.08e-01
5.37e-01
2.27e-01
4.28e-01
8.89e-02
-6.72e-01
7.28e-01
3.79e-01
-7.90e-01
8.43e-01
-3.81e-01
-4.54e-01
5.66e-01
3.35e-01
7.27e-01
7.55e-01
-9.90e-01
8.32e-01
-3.49e-01
4.24e-01
-6.92e-01
-1.10e-01
8.31e-01
4.94e-01
-4.18e-01
3.67e-01
8.47e-01
-3.35e-01
6.19e-01
-4.67e-01
-4.61e-01
-1.87e-01
-1.60e-01
9.21e-01
9.67e-01
-2.62e-01
-4.55e-01
-4.92e-01
9.07e-01
-6.75e-01
8.74e-01
9.19e-01
4.47e-01
-8.04e-01
8.46e-01
4.11e-01
5.25e-01
2.89e-01
1.98e-01
7.59e-01
-6.30e-02
7.70e-01
-1.53e-01
5.69e-02
6.04e-01
1.30e-01
8.01e-01
-9.68e-01
8.85e-01
4.93e-01
9.56e-01
7.56e-01
1.07e-01
9.17e-01
-4.16e-01
4.15e-03
9.30e-01
-6.08e-01
5.34e-01
-4.74e-01
-9.47e-01
4.41e-02
4.33e-01
-1.43e-01
6.47e-01
-5.06e-03
8.91e-01
-7.20e-01
-1.11e-01
6.83e-01
9.77e-01
-5.88e-01
6.95e-01
3.34e-02
4.95e-01
-2.00e-01
-5.90e-01
-4.46e-01
-1.08e-01
1.41e-01
2.65e-01
-2.53e-01
5.67e-01
-6.34e-01
-8.27e-01
-1.91e-01
6.86e-01
-4.32e-01
-6.64e-01
-5.06e-01
-9.76e-01
4.41e-01
-3.60e-01
3.86e-01
-1.01e-01
-9.56e-01
6.12e-01
-2.86e-01
-4.50e-01
7.61e-01
9.46e-01
4.02e-01
9.33e-01
-2.69e-01
-6.98e-01
3.23e-03
-1.74e-01
2.03e-05
-9.85e-01
-2.90e-01
-9.67e-01
-1.99e-01
-6.22e-02
6.92e-01
-4.48e-01
-5.80e-01
5.59e-01
3.37e-01
-7.83e-01
-2.14e-01
-1.61e-01
8.34e-01
-3.03e-01
-6.58e-01
-7.55e-01
8.53e-01
-7.36e-01
4.09e-01
2.59e-01
-4.77e-01
4.67e-01
1.44e-02
4.10e-01
-2.78e-01
2.01e-01
9.30e-01
4.47e-01
6.06e-01
-6.73e-01
-8.33e-02
1.57e-02
2.68e-01
1.94e-02
8.52e-01
9.03e-01
-5.48e-01
5.69e-01
-4.78e-01
-5.69e-01
-8.98e-01
-5.54e-01
-6.69e-01
4.07e-01
-6.46e-01
7.07e-01
9.56e-01
4.01e-02
8.79e-01
8.16e-03
5.38e-01
2.83e-01
5.31e-01
-4.04e-02
3.32e-03
6.60e-02
4.39e-01
-8.43e-01
-5.61e-01
-1.26e-01
-7.92e-01
6.68e-01
6.32e-01
2.45e-01
-5.25e-01
5.94e-01
9.71e-01
8.21e-01
9.09e-01
-3.97e-01
-8.37e-01
-9.95e-01
-1.74e-01
2.42e-01
9.70e-01
-6.68e-01
-7.83e-01
1.92e-02
-8.33e-01
-7.75e-01
2.25e-03
1.90e-01
-8.94e-01
-2.68e-01
