-6.70e-01
5.54e-01
-7.81e-01
-2.42e-01
-7.18e-01
8.93e-01
-5.10e-01
2.39e-03
6.58e-01
-3.79e-01
7.87e-01
1.31e-01
-3.61e-01
4.07e-01
-5.04e-01
2.34e-01
-4.49e-01
9.64e-02
-4.61e-01
-5.57e-01
-6.19e-01
1.31e-02
2.57e-01
-3.62e-02
-8.17e-02
-2.16e-01
7.21e-01
-5.91e-02
3.61e-01
-5.88e-01
-4.08e-01
3.40e-01
-5.01e-01
3.95e-01
3.15e-01
7.34e-01
-5.09e-01
9.65e-02
7.49e-01
-6.43e-01
5.55e-01
9.17e-01
1.61e-01
8.43e-01
1.17e-01
-4.34e-01
3.71e-01
-7.43e-02
1.70e-01
8.26e-01
4.55e-01
-8.67e-01
6.33e-01
6.64e-01
-8.83e-01
1.41e-01
2.76e-01
5.05e-02
-9.40e-01
7.16e-01
7.24e-01
-4.42e-01
-8.83e-01
4.90e-01
-6.24e-01
3.74e-01
6.69e-02
8.39e-01
8.74e-01
-2.01e-01
7.96e-01
-9.48e-01
1.58e-01
8.17e-03
8.78e-01
-3.73e-01
3.53e-01
-4.75e-01
1.78e-01
8.71e-02
-8.70e-01
8.77e-01
3.93e-01
2.48e-01
-6.06e-02
2.99e-01
-4.18e-01
7.40e-01
5.86e-01
4.49e-01
1.71e-01
2.11e-01
5.39e-01
-4.50e-02
2.90e-02
-7.00e-01
6.72e-01
7.13e-02
2.27e-01
-1.16e-01
-9.58e-02
-3.59e-01
-7.90e-01
7.14e-02
3.09e-01
7.29e-01
7.78e-02
-9.61e-03
-9.94e-01
1.40e-01
2.21e-02
9.10e-02
-6.21e-02
5.44e-01
4.57e-01
-9.39e-01
9.57e-01
-8.45e-01
-9.60e-01
-3.01e-01
-8.04e-01
4.63e-01
5.99e-01
3.05e-01
1.32e-01
1.62e-01
6.12e-01
-9.26e-01
-3.13e-01
-6.36e-01
9.69e-01
2.08e-01
1.84e-01
9.44e-01
-6.99e-01
-6.86e-01
-3.75e-01
9.77e-01
-8.65e-01
3.23e-01
-8.24e-01
-1.58e-01
-8.77e-01
3.68e-01
-1.68e-02
3.09e-01
1.18e-01
7.64e-01
-8.70e-01
9.54e-01
9.55e-01
-5.21e-02
-2.13e-02
8.94e-01
9.09e-01
-7.99e-01
-1.97e-02
7.28e-01
1.32e-01
4.61e-01
-3.33e-01
8.92e-01
-5.04e-01
-5.99e-01
-9.54e-01
9.40e-01
7.96e-01
9.08e-01
-5.92e-01
7.43e-01
-7.35e-01
-8.33e-01
5.78e-01
2.06e-01
6.84e-01
6.92e-01
-6.09e-01
-1.07e-01
2.76e-01
-9.16e-01
4.70e-01
-8.97e-01
1.04e-01
-5.71e-01
-7.21e-01
-8.50e-01
-7.69e-01
5.90e-01
-4.17e-01
7.95e-02
-7.51e-01
9.06e-01
1.57e-01
-7.86e-01
1.17e-01
-4.54e-01
-6.01e-01
-1.52e-01
-9.24e-01
-6.66e-01
5.62e-01
5.74e-01
1.77e-01
6.27e-02
-8.41e-01
7.70e-01
2.27e-01
-9.33e-01
-3.59e-01
-1.66e-01
-7.34e-01
-8.89e-01
3.84e-02
2.87e-01
1.19e-01
7.96e-01
-9.53e-01
-8.98e-01
-6.68e-01
-4.67e-01
1.16e-01
7.78e-01
4.54e-01
-1.04e-01
-3.54e-02
1.05e-01
-9.02e-01
-7.83e-01
-4.49e-01
5.94e-01
-1.31e-01
6.41e-01
4.29e-01
5.52e-01
-4.59e-01
3.53e-01
3.91e-01
4.48e-01
-2.01e-02
-3.45e-01
-7.67e-01
-8.75e-01
-9.15e-01
-5.81e-01
6.78e-01
7.64e-02
3.50e-01
1.41e-01
9.21e-01
-2.49e-01
-8.46e-01
-6.37e-01
9.88e-01
1.12e-01
4.23e-01
8.69e-01
6.73e-01
1.72e-01
8.75e-01
-1.82e-01
6.42e-01
5.54e-01
-3.64e-01
3.32e-02
-3.31e-01
