-1.55e-01
9.59e-01
9.32e-02
5.03e-01
-4.32e-01
4.66e-01
-3.57e-01
-5.36e-01
-9.66e-01
-5.59e-01
-3.24e-01
-2.75e-01
7.04e-01
6.14e-01
9.00e-01
5.60e-01
-3.59e-01
-9.52e-01
2.44e-01
3.55e-01
-6.11e-01
9.54e-01
1.23e-01
-9.47e-01
4.56e-02
-8.24e-01
3.06e-01
-7.76e-01
6.96e-01
2.13e-01
7.71e-01
-9.45e-01
-2.15e-01
3.28e-01
9.63e-01
4.61e-01
-6.84e-01
2.94e-01
7.69e-01
2.37e-01
3.51e-01
-4.51e-01
-5.22e-01
8.30e-01
6.89e-01
1.86e-01
-3.50e-02
-5.66e-01
-8.34e-01
-7.63e-01
-1.89e-01
8.41e-01
-8.87e-01
-3.17e-01
6.91e-01
-3.54e-01
-8.64e-01
7.50e-01
-5.51e-01
-5.63e-01
7.74e-01
5.73e-03
4.21e-01
-5.76e-01
6.50e-01
8.37e-01
6.61e-01
9.25e-01
-8.89e-01
-5.35e-02
-5.64e-01
-4.13e-01
-5.62e-01
8.88e-01
-8.21e-01
1.20e-01
-3.04e-01
-3.07e-01
-2.61e-01
6.20e-01
3.50e-01
2.81e-01
5.71e-01
-3.89e-01
-4.05e-01
4.30e-01
4.39e-01
7.28e-01
-5.31e-01
6.20e-01
1.83e-01
3.01e-01
-9.33e-01
-1.58e-01
4.49e-01
-7.02e-02
5.87e-01
4.68e-01
1.29e-01
4.23e-01
-6.68e-01
-9.26e-01
-7.63e-01
7.79e-01
-4.39e-01
1.34e-01
-6.20e-01
4.63e-01
9.00e-01
6.19e-01
-1.98e-01
-2.35e-01
-6.84e-01
1.31e-01
7.21e-01
-5.80e-01
1.44e-01
2.93e-01
-8.55e-01
6.51e-01
-1.53e-01
-2.05e-01
-3.32e-01
4.26e-01
-7.05e-01
6.74e-02
-2.67e-01
-6.93e-01
3.70e-01
4.38e-02
-2.56e-01
-3.11e-01
-6.74e-01
3.44e-01
-4.45e-01
-2.68e-01
-7.02e-01
4.34e-01
-6.90e-01
6.25e-06
5.44e-01
-5.30e-01
-9.49e-01
7.92e-01
1.60e-01
-3.11e-01
1.03e-01
1.11e-01
8.13e-02
9.16e-01
2.60e-01
5.59e-01
-1.31e-01
-8.42e-01
4.11e-02
1.13e-01
4.28e-01
-2.78e-01
-7.26e-01
4.56e-01
9.45e-01
4.47e-01
4.34e-01
7.17e-01
-6.93e-01
-6.39e-03
2.60e-01
-4.36e-01
-5.55e-01
-7.45e-01
-6.75e-01
-8.59e-01
-7.51e-01
-6.70e-01
-7.26e-01
-3.86e-01
2.10e-01
3.34e-01
-6.57e-01
-2.24e-01
-4.91e-01
7.99e-01
8.83e-01
8.97e-01
4.22e-01
1.00e+00
-9.66e-01
-6.14e-02
3.77e-01
-4.72e-01
-4.34e-01
4.08e-01
-2.72e-01
8.10e-01
-6.69e-01
6.38e-01
1.71e-01
1.59e-01
-7.18e-01
6.00e-01
3.34e-01
-5.41e-03
-1.98e-01
-2.25e-01
-4.37e-02
-6.23e-01
-9.84e-01
-2.39e-01
-1.38e-01
9.24e-01
-3.64e-01
-9.52e-01
-9.67e-02
9.18e-01
-3.72e-01
-5.97e-01
-8.13e-01
2.81e-01
-2.13e-02
-2.88e-01
-8.92e-01
-4.17e-01
8.95e-01
6.84e-01
5.22e-01
-4.08e-01
-5.65e-02
-8.72e-01
9.59e-01
-3.51e-01
1.13e-01
1.52e-01
2.36e-01
8.56e-02
-2.81e-01
-6.25e-01
-8.61e-01
3.12e-01
-4.72e-01
-5.05e-01
-6.68e-02
-1.45e-01
4.66e-01
-7.84e-01
-5.42e-01
-7.30e-01
6.68e-01
-8.99e-01
-3.77e-01
7.40e-01
-3.14e-03
-9.59e-01
-5.02e-01
3.30e-01
4.46e-01
-9.26e-01
7.00e-01
-4.31e-01
-2.93e-01
3.67e-01
3.64e-01
2.75e-01
7.55e-01
-8.18e-01
9.04e-01
