-2.38e-01
2.64e-01
-8.09e-01
4.41e-01
2.99e-01
-9.36e-01
-2.66e-01
5.57e-01
-9.39e-02
2.06e-01
7.58e-02
-4.37e-01
-1.87e-01
-2.42e-01
7.21e-01
8.48e-01
9.66e-01
-5.83e-01
-2.20e-02
7.59e-01
-5.64e-01
6.85e-01
-1.37e-01
3.79e-01
-1.14e-01
-6.83e-01
-6.96e-01
1.10e-01
-4.22e-01
-5.14e-01
4.01e-01
3.08e-01
3.11e-01
-7.09e-01
6.45e-01
1.14e-01
-7.55e-01
-4.75e-01
5.17e-02
-1.41e-01
2.61e-01
3.13e-01
-6.23e-01
7.11e-01
7.12e-01
-2.20e-01
-3.66e-01
-8.25e-02
-1.97e-01
9.60e-01
-7.98e-01
5.58e-01
-3.22e-02
6.35e-01
-4.50e-01
-4.03e-01
-8.81e-01
-5.85e-01
-3.33e-01
5.61e-01
-4.98e-01
-5.10e-01
2.11e-01
6.43e-01
-1.80e-01
4.71e-01
-9.43e-01
-1.64e-01
-4.15e-01
-1.97e-01
9.05e-01
-5.42e-01
-5.12e-01
-7.64e-01
-9.71e-01
-7.02e-01
3.92e-01
6.45e-01
-1.95e-01
-7.46e-01
5.42e-01
8.35e-01
9.81e-01
-4.06e-02
-1.89e-01
9.21e-01
5.74e-01
-5.91e-02
-8.32e-01
1.66e-01
-6.19e-01
4.55e-02
5.55e-01
8.12e-01
-2.03e-01
1.78e-01
8.28e-01
-8.52e-03
5.25e-01
2.95e-01
8.21e-01
-8.15e-01
-7.02e-02
-5.60e-01
2.20e-02
9.87e-01
3.37e-01
1.65e-01
-5.46e-02
-9.86e-01
6.03e-01
-8.53e-01
-8.23e-01
8.58e-01
-9.19e-01
-4.75e-01
6.82e-01
4.27e-02
1.26e-02
3.18e-01
6.74e-01
6.09e-01
-1.99e-01
-3.27e-01
-4.34e-01
9.75e-01
5.56e-01
5.44e-01
6.64e-01
-3.70e-01
-2.45e-01
1.81e-01
4.58e-01
-6.84e-01
-7.23e-01
8.04e-01
9.68e-01
4.46e-01
-6.44e-01
3.79e-01
7.44e-01
-2.93e-01
-7.07e-01
3.72e-01
7.21e-01
3.82e-01
-3.02e-01
-6.98e-01
6.03e-01
-1.77e-01
-7.09e-01
-4.47e-01
2.48e-01
-1.85e-01
6.55e-01
-9.22e-01
-9.80e-01
6.34e-02
-4.12e-01
5.94e-02
-4.56e-01
4.94e-01
-8.44e-01
-3.61e-01
2.55e-01
8.87e-01
-7.02e-01
9.04e-01
6.95e-01
-1.32e-01
-3.50e-01
-4.74e-01
5.08e-01
-1.61e-01
2.63e-01
-5.21e-01
5.43e-01
-8.51e-01
5.70e-01
-2.90e-01
-1.75e-01
4.67e-01
5.10e-01
-4.93e-01
7.26e-01
7.44e-01
-2.92e-01
6.18e-01
5.01e-01
4.41e-01
5.13e-01
3.04e-02
5.98e-01
1.92e-01
-8.18e-01
-8.41e-01
6.21e-01
-4.70e-01
6.19e-01
-3.65e-01
-2.92e-01
-7.05e-01
2.78e-01
-4.91e-01
1.82e-01
1.22e-02
6.42e-01
-8.71e-01
-4.05e-01
9.88e-01
-6.37e-02
8.45e-01
7.44e-01
9.17e-01
-6.43e-01
-4.01e-01
3.86e-01
1.32e-01
-1.12e-02
1.76e-01
-6.46e-01
-3.93e-01
6.25e-01
-3.02e-01
-7.88e-01
-2.77e-01
-6.48e-01
8.98e-01
-6.17e-02
-6.22e-01
6.24e-01
2.25e-01
4.95e-01
9.16e-01
7.52e-01
2.29e-01
-4.72e-01
9.14e-01
8.71e-01
3.57e-01
-7.50e-02
-7.79e-01
-2.28e-01
6.70e-01
-2.57e-01
8.54e-01
-1.98e-01
2.64e-01
-2.46e-01
-7.83e-01
-6.12e-01
-9.90e-02
2.46e-02
6.36e-01
5.98e-01
-6.57e-01
-1.22e-01
6.72e-01
-9.52e-01
-8.20e-01
-3.94e-01
2.65e-01
5.64e-01
-9.78e-01
-8.22e-01
