-1.47e-01
-9.47e-01
-2.57e-02
3.80e-01
-2.23e-01
1.22e-01
3.70e-01
5.18e-01
8.08e-01
-8.16e-01
-6.76e-01
-9.37e-01
2.13e-01
-8.15e-01
7.31e-01
7.96e-01
7.57e-01
4.49e-01
-6.25e-01
-3.25e-01
-3.91e-01
-7.95e-01
-4.90e-01
-4.77e-01
9.39e-01
-8.73e-01
1.55e-01
1.06e-01
-3.05e-01
-5.67e-01
2.82e-01
-2.55e-01
-5.16e-01
-2.06e-01
-8.01e-01
-5.72e-01
2.82e-01
9.26e-01
-7.76e-02
6.73e-01
-6.65e-01
3.56e-01
-8.52e-01
-8.40e-01
7.47e-01
-7.75e-01
-6.24e-01
-7.68e-01
-1.69e-01
5.03e-01
7.71e-01
-7.16e-02
-2.75e-01
1.17e-01
-9.51e-01
1.32e-01
5.68e-01
-9.13e-02
1.56e-01
-1.54e-01
3.32e-01
-2.67e-01
1.31e-01
3.81e-01
-4.59e-01
-6.49e-01
-5.25e-01
-9.17e-01
-2.95e-01
-5.61e-01
-7.82e-01
5.49e-01
7.45e-01
1.87e-01
8.77e-01
-7.29e-02
5.56e-04
-4.83e-01
5.60e-01
-2.75e-01
6.82e-01
6.86e-01
-9.18e-01
1.86e-01
9.05e-01
-7.33e-01
-5.71e-01
-6.29e-01
-9.57e-01
8.49e-01
9.37e-01
2.98e-01
-3.83e-01
-4.82e-01
3.27e-01
-4.27e-01
8.84e-01
-4.67e-01
-5.26e-01
2.21e-01
-2.89e-01
3.75e-02
7.51e-01
2.81e-01
-4.66e-01
9.07e-01
2.47e-01
8.56e-01
-4.81e-01
-2.41e-01
-7.09e-01
-1.33e-01
1.52e-01
-3.99e-01
-7.51e-01
5.25e-02
7.31e-01
-5.08e-01
9.81e-01
-7.63e-01
5.09e-01
-6.68e-01
3.56e-01
-4.66e-01
-5.29e-01
-7.93e-02
-2.84e-01
-8.22e-01
-5.33e-01
2.29e-02
-7.61e-01
-3.68e-02
1.13e-01
-4.52e-01
8.83e-01
-2.73e-01
-4.42e-01
-7.08e-01
9.15e-01
5.20e-01
1.63e-01
-5.86e-01
7.38e-01
-7.93e-01
-9.92e-01
-1.89e-01
4.68e-01
-3.80e-01
-4.93e-01
-8.87e-01
-8.52e-01
6.51e-01
-5.16e-01
-1.50e-01
4.77e-01
8.08e-01
-9.85e-01
-7.89e-02
-5.26e-01
5.79e-01
2.27e-02
4.21e-01
5.67e-01
3.85e-01
2.59e-01
2.55e-01
4.34e-01
5.12e-01
-5.98e-02
-8.27e-01
1.49e-01
-2.84e-01
9.60e-02
5.23e-01
5.51e-02
-7.43e-01
-2.28e-01
2.10e-01
5.39e-01
-8.64e-01
8.25e-01
-5.40e-01
-6.16e-01
6.29e-01
2.24e-01
8.43e-01
-6.05e-01
-3.17e-01
-2.11e-02
-7.07e-01
3.67e-01
-2.76e-01
3.34e-01
2.81e-01
-9.23e-02
2.08e-01
9.36e-01
1.09e-01
-1.88e-01
5.64e-01
4.88e-01
-8.36e-01
7.54e-01
-3.01e-01
3.08e-02
6.11e-01
3.41e-01
5.68e-01
5.82e-01
-1.04e-01
-7.04e-01
-5.89e-01
-5.57e-01
-8.45e-01
-5.11e-01
6.98e-02
-2.15e-01
-2.30e-01
-6.67e-01
-5.03e-01
-2.82e-02
-3.63e-01
5.82e-01
1.13e-01
5.63e-01
4.74e-01
-4.14e-01
-6.77e-01
-5.88e-01
-6.17e-01
2.19e-01
6.57e-01
6.27e-01
4.74e-01
9.19e-01
-6.38e-01
-4.31e-01
6.79e-01
4.27e-01
1.96e-01
-3.04e-01
7.31e-01
8.14e-01
7.56e-02
-7.79e-01
-8.07e-01
-3.07e-02
7.34e-01
9.98e-01
8.30e-01
9.74e-01
5.49e-01
1.97e-01
6.27e-01
-1.43e-01
-9.72e-01
-3.00e-01
8.59e-01
8.53e-01
-2.52e-02
7.76e-01
1.63e-01
9.98e-01
6.51e-01
9.01e-01
