-1.47e-01
-9.47e-01
-2.57e-02
3.80e-01
-2.23e-01
1.22e-01
3.70e-01
5.18e-01
8.08e-01
-8.16e-01
-6.76e-01
-9.40e-01
-3.41e-01
-1.49e-01
-5.46e-01
-4.53e-01
3.46e-01
-4.21e-01
-6.75e-01
-7.76e-01
-8.84e-01
1.21e-02
-2.32e-01
-5.62e-01
8.16e-01
8.87e-01
9.28e-01
-6.69e-01
-7.63e-01
-9.69e-01
2.21e-01
-1.74e-01
-8.25e-01
-7.99e-01
-6.33e-01
-7.34e-02
-3.26e-01
8.97e-01
5.94e-01
-5.65e-01
9.50e-02
-9.23e-01
7.47e-01
-8.40e-01
7.47e-01
-7.75e-01
-6.24e-01
-7.68e-01
-1.69e-01
5.03e-01
7.71e-01
-7.16e-02
-2.75e-01
1.17e-01
-9.51e-01
1.32e-01
5.68e-01
-9.13e-02
1.56e-01
-1.54e-01
3.32e-01
-2.67e-01
1.31e-01
3.81e-01
-4.59e-01
-6.49e-01
-5.25e-01
-9.17e-01
-2.95e-01
-5.61e-01
-7.63e-01
5.49e-01
7.45e-01
1.87e-01
9.02e-01
8.42e-01
9.44e-01
-9.63e-01
5.61e-01
-7.15e-01
8.44e-02
6.15e-01
-4.38e-01
1.81e-01
8.58e-01
-4.09e-01
3.21e-01
-5.92e-01
3.33e-01
-5.39e-01
-6.60e-01
2.93e-01
-8.48e-01
-2.70e-01
7.52e-02
-1.85e-01
-9.05e-01
-1.50e-01
6.52e-01
-8.06e-01
7.24e-01
-7.60e-01
3.19e-01
5.83e-01
-2.50e-02
-2.03e-01
1.25e-01
8.56e-01
8.21e-01
-4.49e-01
-5.64e-01
-2.96e-01
2.11e-01
-8.76e-01
-4.79e-01
-7.43e-01
4.00e-01
-5.71e-01
-2.40e-01
3.58e-01
-2.01e-01
5.11e-01
6.61e-01
6.12e-01
-4.18e-01
-1.31e-01
-7.39e-01
8.25e-01
1.93e-02
9.27e-01
-7.09e-01
9.02e-01
-3.44e-01
6.54e-01
1.95e-01
-2.62e-01
4.67e-01
-1.66e-01
-7.31e-01
6.95e-01
-1.92e-01
-6.93e-02
-2.63e-02
4.55e-01
6.77e-01
1.44e-01
-5.34e-01
4.54e-01
9.87e-01
9.39e-01
3.25e-01
-3.98e-01
2.07e-01
8.93e-01
6.26e-01
-1.96e-01
6.21e-01
-6.90e-01
5.28e-01
-9.87e-01
-8.73e-01
-8.94e-01
-9.06e-01
8.39e-01
2.59e-01
2.55e-01
4.34e-01
5.12e-01
-5.98e-02
-8.27e-01
1.49e-01
-2.84e-01
9.60e-02
-4.65e-01
-8.30e-01
2.90e-01
-2.67e-01
3.19e-01
-1.03e-02
2.44e-01
-1.75e-01
4.67e-01
5.10e-01
-4.93e-01
7.26e-01
7.44e-01
-2.92e-01
6.18e-01
5.01e-01
4.41e-01
5.13e-01
3.04e-02
5.98e-01
1.92e-01
-8.18e-01
-8.41e-01
6.21e-01
-4.70e-01
6.19e-01
-3.65e-01
-2.92e-01
-7.05e-01
2.78e-01
-4.91e-01
1.82e-01
1.22e-02
6.42e-01
-8.71e-01
-4.05e-01
9.88e-01
-6.37e-02
8.45e-01
7.44e-01
9.17e-01
-6.43e-01
-4.01e-01
3.86e-01
1.32e-01
-1.12e-02
1.76e-01
-6.46e-01
-3.93e-01
6.25e-01
-3.02e-01
-7.88e-01
-2.77e-01
-6.48e-01
8.98e-01
-4.59e-01
7.84e-01
-9.50e-01
-8.85e-02
-1.98e-01
-4.48e-01
8.33e-02
-9.77e-01
-8.17e-01
-1.60e-01
3.08e-01
6.44e-01
-6.14e-01
-6.89e-01
7.98e-01
7.54e-01
-9.90e-01
2.07e-01
-6.06e-01
-2.74e-01
4.80e-01
5.80e-01
-1.90e-01
-4.85e-01
-4.38e-01
9.00e-01
1.30e-01
8.75e-01
-1.08e-01
5.33e-01
-3.20e-01
-6.99e-01
-6.83e-01
8.90e-01
-6.88e-01
-5.46e-01
7.98e-01
