-6.11e-01
9.93e-01
-3.91e-01
6.42e-01
-8.92e-01
-2.76e-01
-7.25e-01
8.99e-01
-2.49e-01
-3.72e-01
9.85e-01
-2.21e-01
6.30e-01
4.94e-01
9.26e-01
3.15e-01
-8.15e-01
-9.31e-01
3.48e-02
9.37e-02
8.65e-01
7.77e-01
5.15e-01
6.78e-01
1.60e-01
-7.58e-02
-8.54e-01
-3.71e-01
5.47e-01
-4.07e-01
-9.63e-01
9.24e-01
1.58e-01
-6.24e-02
2.42e-01
7.25e-02
8.19e-01
4.95e-02
4.19e-03
-5.18e-01
-9.31e-02
2.64e-01
4.01e-01
5.81e-01
7.33e-02
-3.71e-01
2.60e-01
-2.29e-03
9.67e-01
-3.35e-01
8.44e-02
-5.72e-01
6.08e-02
-5.33e-01
-3.84e-01
9.84e-01
-9.79e-01
-9.95e-01
-4.79e-01
1.34e-01
4.81e-01
4.15e-01
1.00e-01
9.10e-01
3.22e-01
-8.65e-01
-5.97e-01
-7.54e-01
-1.57e-01
5.61e-01
8.58e-01
-8.55e-01
6.80e-01
4.79e-01
6.14e-01
-1.30e-01
-5.04e-01
-6.08e-01
7.41e-01
-3.64e-01
-1.52e-01
-6.20e-01
8.22e-01
-5.26e-01
3.63e-01
-5.79e-01
9.53e-01
-4.31e-01
7.72e-01
4.94e-01
2.83e-01
8.92e-01
-5.67e-01
2.24e-01
-6.82e-02
-1.80e-01
-9.22e-01
-6.79e-01
1.73e-01
3.97e-01
8.22e-01
-8.89e-02
1.51e-01
-2.17e-01
-6.60e-01
8.60e-01
-1.77e-01
-8.28e-01
6.23e-01
1.94e-01
-5.78e-01
-5.23e-01
2.27e-01
-1.40e-01
9.78e-01
-8.41e-01
-5.21e-01
-9.13e-01
5.43e-01
-7.01e-01
-3.98e-01
-3.55e-01
3.17e-01
8.45e-01
-6.92e-01
-7.96e-02
-2.14e-01
6.95e-01
7.50e-01
-8.22e-01
-4.84e-01
1.89e-01
8.57e-01
-3.16e-01
-3.27e-01
8.19e-01
3.55e-03
-7.67e-01
-1.91e-01
-6.88e-01
6.18e-01
7.10e-01
7.06e-01
-7.07e-01
8.66e-01
-6.58e-01
3.88e-01
6.70e-01
-5.04e-01
-8.49e-01
-9.00e-01
7.21e-01
-5.79e-01
-4.81e-01
5.37e-02
1.92e-01
-7.56e-01
-2.02e-01
4.99e-01
2.56e-01
-5.86e-01
-8.81e-01
-1.72e-01
5.04e-01
8.76e-01
5.11e-02
-3.06e-01
6.70e-01
9.13e-01
-4.23e-02
-7.40e-01
-3.48e-03
-5.55e-02
4.65e-02
3.42e-01
2.73e-01
-2.48e-01
5.53e-01
-8.07e-01
1.59e-02
-4.00e-01
7.22e-01
8.17e-02
-4.71e-01
-4.86e-01
-4.94e-02
-6.62e-01
-2.30e-01
-4.57e-01
3.30e-01
-2.59e-01
8.54e-01
-7.58e-02
-8.09e-01
8.66e-01
-3.40e-01
8.21e-01
-3.90e-01
-6.22e-01
5.31e-01
-1.25e-01
9.13e-01
3.03e-01
-2.55e-01
8.05e-01
-8.10e-01
3.24e-02
-1.04e-02
-1.83e-01
-1.50e-01
-7.73e-01
6.99e-01
4.34e-01
7.53e-01
6.43e-01
-1.79e-01
-1.70e-01
-8.98e-01
-5.67e-01
3.25e-01
-8.15e-01
-2.91e-01
6.22e-01
-4.79e-02
3.80e-01
6.03e-01
-6.51e-01
-5.06e-01
-6.85e-01
-8.88e-01
7.35e-01
-2.94e-01
1.05e-02
-9.10e-01
2.92e-01
-5.79e-01
2.68e-01
-6.30e-01
-7.80e-01
-7.09e-01
-5.71e-01
-6.55e-01
-1.37e-01
7.57e-01
6.89e-01
-7.80e-02
-9.07e-01
8.58e-01
-3.39e-01
-5.62e-01
9.00e-01
-6.87e-01
8.67e-01
-9.41e-01
4.41e-01
8.30e-01
8.88e-01
-8.54e-01
8.84e-01
-8.30e-01
7.13e-01
-7.77e-02
-5.76e-01
9.34e-01
1.49e-01
