9.64e-01
-5.14e-01
8.83e-01
-8.86e-01
1.99e-01
6.65e-02
-3.86e-01
2.23e-01
6.37e-01
-2.66e-01
8.62e-01
9.90e-01
3.90e-01
3.62e-01
9.67e-01
7.29e-01
9.69e-01
-2.35e-01
-4.05e-01
-3.16e-01
-8.44e-01
-8.74e-01
-5.48e-01
5.22e-01
6.16e-01
9.76e-01
-8.86e-01
4.46e-01
-5.95e-01
-8.50e-01
-3.18e-01
3.29e-01
7.57e-01
-7.76e-01
-3.96e-01
-3.03e-01
3.92e-01
-2.86e-01
8.26e-01
-1.40e-01
8.71e-01
8.55e-02
-4.81e-01
3.25e-01
4.93e-01
1.22e-01
-8.69e-01
-6.41e-01
4.31e-01
8.05e-01
8.15e-01
9.19e-01
-2.12e-01
-1.57e-01
2.62e-01
-3.62e-01
-5.33e-01
-1.72e-01
1.63e-02
1.53e-02
4.07e-01
-5.70e-01
7.03e-01
-1.62e-01
-2.84e-01
4.26e-01
7.72e-01
-2.42e-01
-3.37e-01
8.89e-01
5.41e-01
-2.69e-01
-8.24e-01
4.56e-01
-6.59e-01
4.65e-01
4.00e-01
-9.64e-01
-7.23e-01
-2.79e-01
8.41e-01
4.99e-04
4.12e-01
5.71e-01
-3.72e-03
6.13e-01
-2.35e-01
-3.86e-01
-9.81e-01
-5.01e-01
-2.73e-01
-4.71e-01
7.93e-02
9.18e-01
-7.85e-01
7.81e-01
-8.09e-01
-4.87e-01
2.48e-01
-8.56e-01
-4.85e-02
-2.26e-01
-5.54e-01
9.33e-01
-9.05e-01
2.19e-01
9.07e-01
-7.02e-01
6.03e-01
-2.64e-01
4.17e-01
-8.72e-01
-3.14e-02
2.34e-01
3.27e-01
-2.59e-01
-9.01e-02
-2.76e-01
7.43e-01
1.75e-01
-6.17e-01
-2.54e-01
8.17e-01
-5.40e-01
4.73e-01
7.98e-01
-4.92e-01
-5.97e-01
5.04e-01
5.60e-01
-9.81e-01
9.85e-01
9.34e-02
1.36e-01
4.33e-01
4.19e-01
6.34e-01
-2.76e-01
6.04e-01
1.18e-01
-3.28e-01
-6.34e-01
-9.75e-01
6.27e-01
-3.23e-01
-2.52e-01
7.85e-01
-4.67e-01
-7.74e-02
-9.58e-01
-8.52e-01
9.17e-01
-7.10e-01
9.38e-03
-8.55e-01
4.71e-01
-5.62e-01
-3.62e-01
5.28e-01
-7.24e-01
3.98e-01
6.82e-01
2.68e-01
4.24e-02
-8.21e-01
-7.57e-01
-7.07e-01
-2.90e-01
-1.64e-01
-4.12e-01
2.57e-01
-1.60e-01
-6.97e-01
7.95e-02
1.68e-01
5.62e-01
5.02e-01
8.10e-01
-7.99e-01
9.06e-01
6.02e-01
4.92e-01
3.37e-01
-3.18e-02
4.87e-01
-6.56e-01
3.66e-01
-5.80e-02
-9.95e-01
1.88e-01
-4.90e-03
-6.18e-01
9.75e-01
4.96e-01
1.42e-01
-4.37e-01
-4.12e-01
8.11e-01
-9.44e-01
-2.66e-01
2.77e-02
8.43e-01
1.53e-01
-1.19e-01
-5.00e-01
-5.81e-01
4.18e-01
-1.43e-01
2.23e-01
-6.34e-02
-1.31e-02
6.89e-02
4.80e-01
9.09e-01
6.01e-02
7.61e-01
6.83e-01
6.95e-01
9.45e-01
9.27e-01
3.07e-01
-9.54e-01
1.27e-01
-8.61e-01
-1.64e-01
1.01e-01
3.01e-01
8.85e-01
6.06e-01
-7.73e-01
-9.28e-01
5.12e-01
-4.67e-01
-9.51e-01
-8.94e-02
7.87e-01
-6.54e-01
-2.11e-01
-2.12e-01
8.72e-01
-9.55e-01
5.52e-01
3.75e-01
3.55e-01
-2.12e-01
9.35e-01
-2.95e-01
1.27e-01
8.32e-01
-1.47e-02
7.68e-01
8.77e-01
2.93e-01
9.98e-01
-8.36e-01
-4.67e-01
-5.54e-01
-3.64e-01
9.19e-01
3.18e-01
-7.52e-01
-7.27e-01
-6.07e-01
-8.34e-01
3.61e-01
