7.08e-01
6.72e-01
4.70e-01
9.14e-01
-9.72e-01
5.01e-01
-1.96e-01
-8.27e-01
4.16e-01
-5.45e-01
1.20e-01
-1.55e-01
8.76e-01
9.01e-02
4.02e-02
5.64e-01
-1.44e-01
-1.26e-01
-9.87e-01
9.60e-01
8.63e-01
-7.84e-01
-7.72e-01
-4.63e-02
2.71e-01
-9.48e-01
-4.13e-01
-8.10e-01
-9.35e-01
9.47e-01
8.23e-01
-6.55e-01
8.93e-01
-8.03e-01
-7.14e-02
-1.95e-01
1.94e-01
1.02e-01
2.81e-01
-5.81e-01
2.22e-01
5.44e-01
-5.42e-01
-9.69e-01
-2.27e-01
-2.24e-01
2.33e-01
-7.10e-01
-4.24e-01
-4.00e-01
-3.59e-01
7.56e-01
-3.33e-01
-6.54e-01
8.74e-01
-5.29e-01
-8.76e-01
-3.33e-01
4.93e-01
7.95e-01
-1.77e-01
9.82e-01
5.87e-01
8.87e-01
5.86e-01
-1.92e-01
7.95e-01
-6.86e-01
-3.45e-01
-1.89e-01
-3.55e-02
5.86e-01
-9.64e-01
7.70e-01
-7.39e-01
9.24e-01
-2.73e-01
4.55e-01
5.63e-02
-4.71e-01
-2.45e-01
-9.56e-01
-4.26e-01
-1.14e-01
6.41e-01
3.71e-01
-1.62e-01
2.39e-02
-1.57e-01
-6.41e-01
4.91e-01
-7.82e-01
8.64e-01
-5.25e-01
-1.97e-02
-3.83e-01
-3.12e-01
-8.67e-01
-2.76e-02
3.54e-01
-2.68e-01
-5.87e-01
5.97e-01
4.39e-01
4.70e-01
6.07e-01
-9.23e-01
6.85e-01
-9.93e-01
-3.26e-01
6.64e-01
-1.12e-01
9.45e-01
-8.64e-01
-7.63e-01
-3.63e-01
-8.98e-01
-8.52e-01
-6.66e-01
7.87e-01
2.12e-01
-4.86e-02
2.66e-02
3.19e-01
2.65e-01
7.89e-01
-5.23e-01
1.10e-01
9.69e-01
9.28e-01
-6.80e-02
-1.17e-01
-4.67e-01
1.36e-01
-6.33e-01
-4.90e-01
3.58e-01
-1.16e-01
-9.40e-01
-2.86e-01
-7.92e-01
-3.73e-01
6.27e-01
-9.53e-01
-6.44e-01
-9.28e-02
5.77e-01
-5.19e-01
6.41e-01
6.47e-01
-8.45e-01
7.06e-01
6.06e-01
3.06e-01
-6.04e-01
-2.02e-01
-8.08e-01
6.86e-01
3.77e-01
1.12e-01
-8.64e-01
7.25e-01
-3.62e-01
-1.54e-01
-7.90e-01
-1.75e-01
4.95e-01
-4.75e-01
3.83e-01
-4.18e-01
-5.04e-01
-9.16e-01
-8.71e-01
-5.04e-01
-5.94e-01
6.49e-01
-4.63e-01
5.52e-01
-6.66e-02
-8.13e-01
-9.37e-03
-2.53e-01
3.97e-01
-3.43e-01
-7.38e-01
6.14e-01
5.09e-01
2.70e-01
5.39e-01
-1.56e-01
4.55e-01
1.38e-01
-7.21e-01
8.35e-01
9.57e-02
5.74e-01
4.67e-01
7.79e-01
-9.70e-02
-5.08e-01
5.44e-01
-1.57e-01
-4.20e-01
-5.22e-01
-5.24e-01
-5.71e-01
-4.91e-02
-6.31e-01
7.53e-01
-1.88e-01
-3.71e-01
1.07e-01
7.48e-01
-6.63e-02
-1.44e-01
9.93e-02
-5.89e-01
-3.03e-01
-1.44e-01
1.90e-01
4.45e-01
-7.01e-01
-6.08e-02
6.49e-01
8.71e-01
2.24e-01
3.47e-01
1.97e-01
-6.27e-01
1.46e-01
2.52e-01
-4.30e-01
-9.37e-01
2.43e-01
2.72e-01
-8.68e-01
-7.10e-01
3.96e-01
3.59e-01
-3.20e-01
-7.61e-01
-3.23e-01
3.65e-01
8.63e-02
-6.33e-01
-6.00e-01
-5.04e-01
6.02e-01
9.11e-01
4.67e-01
8.23e-01
4.63e-01
3.85e-01
-6.14e-01
5.86e-01
-2.48e-01
3.25e-01
9.09e-01
-1.24e-01
1.80e-01
1.35e-01
-6.44e-01
9.55e-01
7.68e-01
-9.36e-01
