-1.95e-01
-3.50e-01
3.97e-01
8.93e-01
5.74e-01
8.09e-01
-5.26e-01
-6.61e-01
2.56e-01
-8.17e-01
9.62e-01
5.05e-01
6.06e-02
4.73e-01
8.63e-01
-6.13e-01
-9.57e-01
2.34e-01
-6.64e-01
-3.76e-02
8.61e-01
4.69e-01
1.99e-01
-9.11e-01
6.06e-01
-1.40e-01
-6.66e-01
-6.50e-01
-5.68e-01
-8.25e-01
5.08e-01
-4.44e-01
-3.42e-01
-8.99e-01
3.95e-01
9.53e-01
-5.87e-01
-7.93e-01
7.36e-01
-8.19e-01
-2.52e-01
9.25e-01
2.41e-01
5.17e-01
-4.76e-02
-4.50e-01
-6.60e-01
-7.22e-01
9.92e-01
-6.82e-01
4.16e-02
-4.56e-01
9.19e-01
7.58e-01
9.22e-01
-8.26e-01
-3.60e-01
6.84e-01
2.87e-01
-9.51e-01
1.33e-01
-3.47e-01
2.12e-01
1.25e-01
1.95e-01
5.24e-02
-2.51e-01
-6.89e-01
-3.90e-01
9.25e-01
-1.08e-01
-6.05e-02
-5.84e-01
-3.81e-01
4.45e-01
-1.40e-01
-2.43e-01
-6.94e-01
1.98e-02
-7.06e-01
1.84e-01
-1.28e-01
8.87e-01
7.99e-01
8.81e-01
-5.99e-01
2.99e-01
1.76e-01
-6.81e-01
8.57e-01
3.43e-01
-7.16e-02
-5.90e-01
-1.70e-01
4.99e-01
-7.30e-01
6.87e-01
5.08e-01
-9.11e-02
-3.75e-01
5.14e-01
-8.47e-01
9.44e-01
4.78e-01
-4.61e-01
-7.59e-01
-7.06e-01
-2.07e-01
2.08e-01
8.10e-01
-2.93e-01
2.32e-01
7.58e-01
-3.48e-04
2.90e-01
3.82e-01
2.25e-01
-1.78e-01
6.62e-02
-2.27e-01
-6.84e-01
5.17e-01
5.21e-01
5.67e-01
-4.15e-01
6.13e-01
-8.33e-01
-8.72e-01
-8.80e-01
-9.58e-02
-5.04e-01
-7.73e-01
-4.84e-01
-6.65e-01
7.42e-01
-4.08e-01
-8.04e-01
8.44e-01
-5.17e-02
-6.00e-01
8.10e-01
-7.65e-01
-1.49e-01
-7.68e-01
-4.66e-01
-2.08e-03
-4.48e-02
9.91e-01
7.54e-02
-6.00e-01
6.26e-01
-5.59e-01
-7.08e-01
2.56e-01
-7.99e-02
-3.24e-01
-1.15e-01
-5.03e-01
9.02e-01
6.27e-01
1.02e-01
2.58e-01
8.04e-01
3.53e-02
5.49e-02
-6.40e-02
5.85e-01
1.38e-01
8.14e-02
1.15e-01
-6.41e-01
-7.34e-01
-2.03e-01
3.24e-01
-6.77e-01
3.33e-01
-2.64e-01
-3.27e-01
-6.04e-01
-4.14e-01
9.97e-01
2.77e-01
3.26e-01
-3.69e-01
-9.75e-01
2.50e-02
6.10e-01
-4.41e-01
-7.87e-01
-2.60e-01
2.15e-01
2.91e-01
6.05e-01
-6.43e-01
5.63e-01
1.43e-01
3.63e-01
-3.25e-01
5.58e-02
2.26e-01
6.56e-01
-6.20e-01
5.75e-01
6.37e-01
-8.60e-01
5.10e-03
3.84e-01
7.65e-01
1.30e-01
-9.48e-01
9.45e-01
4.08e-01
-5.37e-01
7.39e-02
5.29e-01
-3.66e-01
-5.44e-01
1.89e-01
6.67e-01
5.90e-01
7.23e-01
-6.66e-01
5.16e-01
3.46e-01
-4.02e-01
-7.50e-01
-3.39e-01
9.95e-01
-2.38e-01
-8.75e-01
-5.82e-01
5.65e-01
-4.76e-01
-3.32e-01
-3.29e-01
4.45e-01
-3.30e-01
-3.44e-01
-3.17e-01
-6.27e-01
-3.05e-01
-8.01e-01
-9.91e-01
-9.96e-02
7.84e-01
-1.52e-01
-8.67e-01
1.09e-01
8.06e-01
-9.11e-02
-4.82e-01
-5.14e-03
-4.50e-01
-9.81e-01
-8.09e-01
-7.96e-01
4.63e-01
8.00e-01
4.13e-01
5.73e-01
6.52e-01
-2.05e-01
6.08e-02
-5.10e-01
-6.16e-01
