4.28e-01
8.52e-01
7.86e-01
4.46e-02
9.11e-01
-8.01e-01
3.14e-01
9.70e-01
-4.78e-01
9.84e-01
9.36e-01
-2.33e-01
5.98e-01
-8.65e-01
-9.55e-01
-2.44e-01
-9.68e-01
2.62e-02
-8.81e-01
2.49e-01
-5.75e-01
6.20e-01
-1.98e-02
6.69e-01
-4.03e-01
-1.40e-01
-2.45e-01
5.61e-01
2.04e-02
-1.06e-01
-5.12e-02
-8.38e-01
-1.08e-01
-9.09e-01
-2.65e-01
5.94e-01
-7.61e-01
-2.53e-02
6.36e-01
-4.72e-01
-3.53e-01
4.50e-01
1.80e-01
8.32e-02
-9.94e-01
-9.51e-01
6.36e-01
3.95e-02
7.00e-01
-1.32e-01
1.28e-01
6.87e-01
-6.59e-01
7.40e-01
6.62e-01
1.65e-01
-6.60e-01
-7.96e-01
3.62e-02
-4.91e-01
4.06e-01
-1.53e-01
-4.64e-01
6.83e-01
5.09e-02
7.62e-01
-7.24e-01
-6.13e-01
-6.64e-01
3.86e-02
-4.44e-01
8.87e-02
-9.16e-01
1.32e-01
1.04e-01
-8.51e-01
-3.00e-02
-8.68e-01
4.25e-01
6.74e-01
4.55e-01
-8.18e-01
-9.81e-01
-3.83e-01
-8.99e-01
-4.45e-01
-2.96e-01
-9.96e-01
4.09e-02
9.79e-01
-7.97e-01
7.16e-01
8.57e-01
9.20e-01
2.94e-01
3.84e-01
7.02e-01
6.67e-01
1.00e-01
9.24e-02
-8.09e-01
9.76e-01
-6.26e-01
9.14e-01
-9.95e-01
-8.90e-01
-9.64e-01
-9.92e-01
-7.56e-01
1.15e-02
-1.79e-01
9.12e-01
-1.46e-01
-5.34e-01
4.35e-01
7.94e-01
7.71e-01
-2.91e-01
2.19e-01
9.83e-01
-9.33e-01
-9.69e-01
-8.64e-01
-8.82e-01
-3.29e-01
-8.25e-01
-5.63e-01
3.59e-01
-8.61e-01
9.37e-01
2.45e-01
-3.41e-01
-6.50e-01
-9.96e-01
-1.81e-01
-6.04e-01
-8.46e-01
-1.02e-01
-2.61e-01
8.79e-01
-6.97e-01
-9.44e-01
4.45e-01
3.06e-01
7.74e-01
7.71e-01
-5.43e-01
-3.03e-01
9.14e-01
-5.26e-01
7.86e-02
-4.45e-01
1.41e-01
4.10e-02
-9.49e-01
-7.06e-01
-9.70e-01
3.77e-01
-8.30e-01
-3.04e-02
3.65e-01
-6.26e-01
-7.60e-01
-4.91e-01
-8.77e-01
-8.82e-01
-4.83e-01
4.95e-01
6.35e-01
9.89e-01
9.62e-01
8.99e-01
-9.49e-01
6.44e-01
3.04e-01
-4.72e-01
-5.43e-01
-7.28e-01
-8.32e-01
3.00e-01
5.82e-01
-9.87e-01
-7.14e-01
5.38e-01
6.92e-01
-2.20e-01
9.27e-02
3.67e-01
2.63e-01
-8.84e-01
-7.91e-01
-4.77e-01
-2.24e-01
8.88e-03
5.77e-01
-9.79e-01
-8.08e-01
4.74e-01
9.97e-01
1.98e-01
-8.92e-01
-2.84e-02
9.53e-01
-2.54e-01
3.21e-01
-9.41e-01
5.04e-02
1.06e-01
1.53e-01
1.89e-01
-4.31e-02
6.00e-01
7.21e-01
9.39e-01
9.20e-01
-9.06e-01
-4.49e-01
-1.92e-01
-5.70e-01
-2.42e-01
-6.92e-01
-6.48e-01
-6.77e-01
5.36e-01
-3.34e-01
1.88e-01
-8.65e-01
-4.12e-01
6.77e-02
9.11e-01
-5.41e-01
-1.93e-02
7.75e-01
1.25e-01
3.73e-01
-4.18e-01
-8.90e-01
6.02e-01
-1.88e-01
-3.54e-01
-7.81e-01
-5.61e-01
8.56e-01
-3.82e-01
-1.87e-02
8.85e-01
7.39e-01
6.81e-01
-8.81e-01
-6.90e-02
8.93e-02
6.70e-01
7.72e-01
-7.61e-01
9.69e-01
9.48e-01
-1.84e-01
3.19e-01
-1.53e-01
-6.02e-01
-1.46e-01
9.70e-02
-4.78e-01
6.92e-01
8.14e-01
