9.05e-02
-5.55e-01
4.97e-01
-5.15e-01
-7.93e-01
3.77e-01
-8.17e-01
5.48e-01
-6.61e-01
8.75e-01
-9.46e-01
-7.77e-02
8.63e-01
5.85e-01
6.77e-01
-1.26e-01
-3.72e-02
3.85e-01
3.22e-01
1.87e-01
-7.96e-01
-5.88e-02
-9.36e-01
-6.59e-01
-3.23e-01
-2.81e-01
2.66e-02
-4.29e-01
5.52e-01
-3.74e-01
-5.57e-01
4.96e-01
-1.96e-01
6.72e-01
-2.21e-01
-2.63e-01
-9.39e-01
7.07e-02
-7.66e-01
2.12e-01
2.10e-01
-7.24e-01
1.80e-01
-5.12e-01
5.25e-01
-8.18e-01
7.82e-01
-8.84e-01
-1.96e-01
-1.55e-01
4.74e-01
-5.27e-01
-6.56e-01
-4.11e-01
3.37e-01
2.31e-01
4.96e-01
-7.81e-01
3.11e-01
-6.54e-01
-4.07e-01
-3.12e-01
9.80e-01
3.37e-01
7.64e-01
-7.23e-01
-9.43e-01
-6.34e-01
1.68e-01
-2.57e-01
-6.20e-01
6.80e-01
-2.55e-01
-8.77e-01
8.84e-01
-1.93e-01
-3.98e-01
-9.20e-01
5.93e-01
-1.06e-01
2.64e-02
9.41e-01
1.95e-01
-6.20e-01
-7.96e-01
5.92e-01
9.66e-01
3.02e-01
5.36e-01
-9.20e-01
9.39e-01
8.64e-02
5.66e-01
3.14e-01
-4.89e-01
-5.56e-01
-6.51e-01
5.40e-01
1.64e-01
-1.66e-01
5.11e-01
6.37e-02
1.48e-01
4.86e-01
2.87e-01
-6.41e-01
-2.89e-01
6.75e-01
-7.26e-02
-2.31e-01
-6.20e-01
-8.34e-01
8.67e-01
5.22e-01
-9.03e-01
-7.60e-01
5.57e-01
-6.09e-01
-4.97e-01
1.24e-01
6.32e-01
2.41e-01
-5.70e-01
-1.56e-01
-5.43e-01
9.97e-01
4.68e-01
-6.57e-01
-5.60e-01
4.70e-01
7.47e-01
-1.91e-02
-6.27e-02
-7.38e-01
-4.04e-01
-9.84e-01
-3.19e-01
-3.37e-01
1.52e-01
4.63e-01
-1.45e-01
5.17e-01
-1.67e-01
2.78e-02
-2.75e-01
5.51e-01
-8.93e-01
-2.10e-01
8.45e-01
3.81e-01
6.35e-01
3.02e-01
-7.97e-01
-9.93e-01
2.50e-02
-5.82e-01
1.90e-01
-7.86e-01
-9.81e-01
6.22e-01
5.50e-01
2.62e-01
-1.98e-01
4.85e-01
4.24e-01
-5.37e-01
-2.90e-01
8.89e-03
2.41e-01
-5.05e-01
-9.85e-01
-4.31e-01
5.60e-01
7.57e-01
2.23e-01
7.04e-01
-8.64e-01
-1.32e-01
2.56e-01
-1.05e-01
7.33e-02
7.03e-01
1.75e-01
3.11e-02
6.60e-01
-4.05e-01
-6.29e-01
-5.21e-01
-9.23e-01
6.95e-01
-1.42e-01
-1.25e-01
5.54e-01
-1.80e-01
5.23e-01
2.46e-01
-5.66e-01
4.71e-01
4.30e-01
-3.50e-02
6.84e-01
-9.79e-02
8.75e-02
-4.20e-01
9.48e-01
-1.56e-01
-6.06e-01
6.96e-01
7.83e-01
-8.42e-01
-8.39e-01
-8.72e-02
7.73e-01
7.24e-01
-2.71e-01
2.70e-01
1.49e-01
1.00e-01
8.77e-01
-8.40e-01
9.04e-01
1.73e-01
-7.60e-01
3.64e-01
9.74e-01
3.41e-01
8.49e-02
-2.02e-01
5.67e-01
6.23e-01
-2.02e-01
9.16e-01
6.21e-01
-7.58e-01
-4.81e-01
-4.29e-01
-8.19e-02
3.21e-01
7.04e-01
-1.76e-01
-6.46e-01
6.70e-01
1.79e-01
-7.24e-01
-3.96e-01
-5.74e-01
4.95e-01
-6.87e-01
9.41e-01
1.46e-01
-7.21e-02
2.10e-01
4.12e-01
5.48e-01
8.18e-01
-6.91e-01
-8.71e-01
-6.99e-01
-7.41e-01
3.20e-02
-4.61e-02
-4.50e-01
6.52e-01
-6.39e-01
7.52e-01
