2.85e-01
-8.89e-01
-7.09e-01
-6.10e-01
-5.29e-01
1.16e-01
7.83e-01
4.35e-01
8.75e-02
-1.32e-01
-7.83e-01
3.98e-01
4.94e-01
9.60e-01
3.20e-01
-2.19e-01
-6.49e-01
-7.35e-01
-8.93e-01
-3.74e-02
-7.20e-01
5.77e-01
5.98e-01
9.31e-01
9.56e-01
5.90e-01
7.88e-01
-1.63e-01
-6.96e-01
-7.72e-01
6.59e-01
-6.05e-01
8.66e-01
7.50e-02
-4.96e-02
1.65e-02
-9.97e-01
-5.33e-01
4.00e-01
-9.60e-01
1.83e-01
-1.83e-01
6.49e-01
-3.90e-01
-6.06e-01
1.63e-01
9.62e-01
8.76e-01
8.69e-01
1.44e-01
9.85e-01
2.71e-01
-3.90e-01
5.68e-01
-9.19e-01
-4.48e-01
-6.18e-01
3.07e-01
-1.00e+00
-4.60e-01
-7.23e-01
3.66e-01
2.40e-01
3.17e-02
-3.39e-01
4.93e-01
8.52e-01
-4.30e-01
-1.64e-01
3.87e-01
-9.47e-01
-4.59e-01
5.37e-01
8.81e-01
-7.97e-01
-4.48e-01
-4.50e-01
-8.04e-01
-5.81e-01
5.37e-01
-5.31e-01
7.08e-02
1.82e-01
5.66e-01
6.43e-01
-9.60e-01
-4.81e-01
7.75e-01
3.82e-01
-5.44e-01
7.05e-01
9.94e-01
1.35e-01
-1.81e-01
-8.58e-01
9.99e-01
-8.95e-01
7.80e-01
7.74e-01
-3.77e-01
-2.38e-02
8.55e-02
-7.70e-01
-5.94e-02
-4.79e-01
3.99e-01
8.37e-01
6.91e-01
-8.43e-01
-2.31e-01
7.47e-01
2.06e-02
-1.18e-01
7.27e-01
-4.51e-01
-3.04e-01
9.00e-01
5.51e-01
3.49e-01
9.99e-01
-5.13e-01
-2.80e-02
-7.16e-01
-6.30e-01
-4.28e-01
-8.54e-01
6.42e-03
-4.21e-01
-4.23e-01
5.32e-01
-6.86e-01
-1.06e-01
-8.01e-01
-8.10e-01
-9.08e-01
8.90e-01
9.68e-01
8.45e-01
9.04e-01
-1.21e-01
7.81e-01
1.04e-01
-1.80e-01
-5.50e-01
2.77e-01
1.78e-01
-1.92e-01
2.86e-02
-4.42e-01
-6.00e-01
2.98e-01
8.57e-01
6.96e-01
-7.60e-01
-9.52e-01
-2.04e-01
7.09e-01
5.31e-01
1.16e-01
7.26e-01
-6.12e-01
-3.11e-01
-2.69e-01
4.80e-01
9.84e-01
9.93e-01
-5.20e-01
-6.07e-01
6.76e-01
3.48e-01
1.77e-01
2.75e-01
-8.56e-01
4.58e-01
5.05e-01
6.65e-01
2.64e-01
6.73e-01
8.32e-01
-3.07e-01
4.41e-01
-3.58e-01
-7.79e-01
1.05e-01
8.81e-01
1.79e-01
9.69e-01
-4.21e-01
-1.28e-01
6.26e-01
-5.61e-01
-1.26e-01
-4.78e-01
-4.05e-02
6.14e-01
-2.76e-01
-8.44e-01
9.94e-01
-1.42e-01
-1.53e-02
3.01e-01
5.64e-01
-9.47e-01
2.63e-01
3.44e-01
-3.85e-01
-3.71e-01
8.41e-01
-9.95e-01
1.83e-01
2.52e-01
-5.54e-02
-6.78e-01
2.56e-01
-3.53e-01
2.24e-01
-3.09e-01
8.58e-01
7.95e-01
-3.14e-01
-2.28e-01
8.33e-01
5.24e-01
-9.72e-01
4.66e-02
-9.72e-01
3.84e-01
-5.36e-01
-9.52e-01
-1.17e-03
-6.56e-01
6.17e-01
7.57e-01
7.12e-01
-6.10e-01
-8.94e-01
-1.69e-01
-8.67e-01
7.30e-01
4.55e-01
2.47e-01
-2.97e-01
9.65e-02
6.15e-01
5.68e-01
-2.17e-01
2.01e-01
4.53e-01
-2.22e-01
-7.31e-02
-4.07e-01
-6.50e-01
5.10e-04
6.23e-01
-8.53e-01
6.90e-01
-9.05e-01
-9.03e-01
-4.52e-01
-9.34e-01
-3.44e-01
-8.31e-02
-9.31e-01
-1.82e-03
-1.59e-01
