7.83e-01
7.13e-01
2.34e-01
4.86e-01
3.28e-01
6.38e-01
-5.92e-01
-8.07e-01
-2.00e-02
-3.06e-01
-6.08e-01
-5.26e-01
7.67e-01
2.93e-01
-2.49e-01
8.82e-01
-3.63e-02
8.47e-01
8.11e-01
-2.58e-01
-1.16e-01
-8.82e-01
7.36e-01
-6.76e-01
5.40e-01
6.55e-01
-9.15e-01
-8.22e-01
-8.52e-02
-2.87e-01
1.81e-01
9.04e-01
-8.52e-01
4.95e-01
-6.05e-01
-6.45e-02
7.88e-01
-7.63e-01
3.50e-01
-3.14e-01
8.37e-01
-1.49e-01
7.76e-01
-4.97e-01
1.41e-01
6.23e-01
-6.05e-02
-7.03e-01
6.97e-01
2.04e-01
7.83e-01
9.38e-01
8.86e-01
-8.75e-01
1.09e-04
-7.71e-02
4.66e-01
9.15e-02
-4.11e-01
2.63e-01
-1.81e-01
-6.66e-01
-5.90e-01
9.49e-01
-8.47e-01
1.52e-02
-5.74e-01
1.12e-01
-5.00e-01
8.75e-01
3.84e-01
3.64e-02
-7.42e-01
-8.70e-01
9.57e-01
-7.97e-02
8.71e-01
4.24e-01
-7.22e-01
-5.26e-01
-5.73e-02
-9.82e-02
5.40e-01
-4.23e-01
7.06e-01
-2.17e-01
-7.73e-01
-7.69e-01
6.01e-01
4.31e-01
-9.30e-01
-4.30e-01
5.68e-01
-8.79e-01
1.46e-01
5.12e-01
7.16e-01
3.37e-01
-9.16e-01
9.58e-01
-3.99e-01
6.99e-01
4.21e-01
9.24e-01
8.55e-01
-6.76e-01
3.30e-01
-8.25e-01
-3.59e-01
7.40e-01
-2.44e-01
-8.52e-02
5.65e-01
5.76e-01
-8.83e-01
-7.86e-01
-2.97e-01
2.24e-01
-7.80e-01
-6.62e-02
-6.42e-01
5.15e-01
-3.60e-01
-4.37e-01
-9.89e-01
6.11e-02
7.63e-01
-9.42e-01
3.99e-01
6.38e-01
6.58e-01
-1.37e-01
1.21e-01
1.06e-01
-9.38e-01
-1.77e-01
6.94e-01
2.48e-01
6.77e-01
-7.62e-01
7.74e-01
-5.03e-01
8.98e-01
-6.50e-01
4.06e-01
-2.72e-01
-3.82e-01
-1.58e-01
9.91e-01
-2.50e-01
-7.91e-01
-2.73e-01
-1.84e-01
1.35e-01
-5.56e-01
9.04e-01
9.13e-01
-7.70e-01
-8.44e-01
6.23e-02
3.57e-01
-9.65e-01
-2.22e-01
-3.64e-02
3.65e-01
-4.38e-01
4.12e-01
-6.31e-01
-9.63e-01
-8.04e-01
6.70e-02
9.14e-01
3.89e-01
-4.26e-01
2.65e-01
-8.05e-02
-7.05e-01
6.83e-02
-3.44e-02
-2.00e-01
6.27e-02
3.21e-01
3.58e-01
-3.78e-01
-3.14e-01
1.49e-01
-3.86e-01
-6.13e-01
3.41e-01
7.60e-01
-2.43e-01
-4.64e-01
-2.22e-01
4.15e-01
4.98e-02
-2.47e-01
3.69e-02
2.90e-01
-6.22e-02
-4.07e-02
2.86e-01
-4.27e-01
4.48e-03
-8.65e-01
-2.49e-01
6.65e-01
7.54e-01
6.29e-02
-6.52e-01
4.59e-01
1.30e-02
3.94e-01
3.70e-01
-7.62e-01
-5.58e-01
-4.42e-01
-1.42e-01
3.60e-01
-2.49e-01
-8.84e-01
-4.13e-01
-2.13e-01
-3.76e-01
6.33e-01
-6.41e-02
-5.97e-02
-9.08e-01
8.42e-01
6.71e-01
-6.81e-01
-4.69e-01
4.07e-01
4.99e-01
8.73e-02
-9.30e-01
8.46e-02
-9.54e-02
-7.83e-01
7.92e-01
6.96e-01
-8.23e-01
1.55e-01
-2.93e-01
-8.15e-01
-7.31e-01
-5.19e-01
-4.66e-01
2.65e-01
-2.68e-01
-8.22e-01
-1.51e-01
-6.72e-01
-2.09e-01
2.70e-02
-5.57e-01
-9.96e-01
2.73e-01
1.88e-01
8.47e-01
-3.73e-02
-8.29e-01
9.01e-01
4.16e-01
7.18e-01
-8.60e-01
