7.98e-01
-1.13e-01
-4.77e-01
9.66e-01
5.59e-01
-5.90e-01
-4.38e-01
6.06e-01
8.76e-01
-2.12e-01
-9.38e-01
-5.29e-02
-7.33e-01
-6.27e-01
-5.82e-01
7.42e-01
-1.45e-01
5.64e-01
6.98e-01
-9.16e-01
9.82e-01
1.41e-01
8.50e-01
9.07e-01
-9.49e-01
-6.93e-01
9.97e-01
-6.76e-01
5.17e-01
-4.04e-01
-3.03e-01
5.82e-01
-7.01e-01
2.29e-01
3.45e-01
2.15e-03
-3.23e-01
9.71e-01
9.66e-01
-1.77e-01
-7.16e-01
6.31e-01
-6.40e-01
3.95e-01
-9.88e-01
-5.25e-01
7.04e-01
9.80e-01
5.07e-01
-2.25e-01
3.47e-01
6.91e-01
1.97e-01
3.80e-01
-6.74e-01
7.82e-01
-1.24e-01
-5.15e-01
5.48e-01
-1.24e-01
1.60e-01
-7.30e-01
-2.91e-01
7.47e-01
-5.22e-01
-3.03e-01
-5.19e-01
8.48e-01
9.16e-01
5.41e-01
-8.33e-01
-8.00e-01
2.08e-01
-6.49e-01
-3.15e-01
-6.79e-02
-8.33e-01
-9.56e-01
-1.17e-01
1.32e-01
-7.46e-01
-2.90e-01
5.40e-01
9.69e-01
9.27e-01
1.80e-01
1.38e-01
6.49e-01
8.13e-01
-5.15e-01
8.26e-01
-7.34e-01
3.12e-01
3.63e-01
1.69e-01
-3.20e-01
9.36e-01
-2.26e-01
-8.14e-01
4.32e-01
-8.67e-01
3.19e-01
8.54e-01
-7.66e-01
4.27e-01
9.39e-01
-6.20e-01
4.21e-02
-9.13e-01
4.00e-01
-6.81e-01
-6.15e-01
-6.29e-01
-7.19e-01
-8.63e-01
-9.23e-01
6.38e-01
5.21e-01
-2.64e-01
-3.00e-01
4.14e-01
-1.10e-01
8.80e-01
5.20e-01
5.90e-01
1.76e-01
-5.28e-01
-2.45e-01
-1.16e-01
1.72e-01
-4.14e-02
-6.10e-01
8.65e-01
9.49e-01
-5.50e-01
-3.34e-01
5.47e-01
-3.90e-01
8.21e-01
-3.90e-01
8.55e-01
-7.65e-01
-9.77e-01
3.37e-01
4.93e-01
-2.22e-01
2.91e-01
8.91e-01
-1.42e-01
3.98e-01
8.32e-01
6.61e-02
6.62e-01
-4.42e-01
-9.61e-01
-6.13e-01
-4.23e-01
4.75e-01
9.46e-01
-7.97e-01
-3.77e-01
8.25e-01
-3.41e-01
-7.72e-01
-7.25e-01
3.01e-01
4.05e-01
7.74e-01
-5.64e-01
3.22e-01
-2.35e-01
5.98e-01
-8.37e-01
2.70e-01
-4.38e-01
6.29e-02
8.60e-01
-8.57e-01
1.54e-01
-2.60e-01
6.80e-02
-1.30e-01
6.28e-01
6.74e-01
-7.42e-01
-2.97e-01
5.38e-01
6.28e-01
-6.91e-01
-2.59e-01
6.91e-01
8.92e-01
9.35e-01
1.68e-01
-5.17e-01
1.75e-01
-4.29e-01
-8.10e-01
-9.45e-01
-6.36e-01
-1.71e-01
5.96e-01
5.04e-01
-5.08e-01
-2.17e-02
7.94e-01
3.75e-01
1.78e-01
-7.53e-01
-4.61e-01
-7.31e-01
-7.30e-01
7.26e-01
5.34e-01
-6.91e-01
-3.87e-02
-5.59e-01
3.59e-01
-4.21e-01
3.96e-02
5.89e-01
2.56e-01
-1.97e-01
-5.09e-01
6.37e-01
-1.45e-01
3.45e-01
-6.70e-02
9.57e-01
8.66e-01
-9.63e-02
-5.65e-01
4.23e-01
-3.57e-01
-1.58e-01
-8.48e-01
3.62e-01
3.80e-01
7.79e-01
-1.53e-01
3.68e-01
-8.40e-01
9.49e-01
5.59e-01
9.09e-01
-3.35e-01
9.61e-01
-8.49e-01
7.51e-01
-4.15e-01
-6.60e-01
1.73e-01
-9.49e-01
-4.61e-01
6.02e-02
-8.43e-01
4.59e-01
4.69e-01
1.55e-01
-1.34e-01
3.37e-01
-3.31e-01
1.76e-01
9.88e-01
4.68e-01
