3.56e-01
7.70e-01
1.31e-01
4.01e-01
-7.85e-01
-3.32e-01
6.16e-01
7.99e-01
-2.88e-02
9.80e-01
3.16e-01
7.02e-01
-2.92e-01
8.51e-01
-4.75e-01
6.28e-03
-4.55e-01
-8.72e-01
-8.20e-01
3.61e-01
-4.46e-01
5.27e-01
8.57e-01
1.61e-01
1.43e-01
-2.94e-01
-4.38e-01
4.63e-01
9.62e-01
1.62e-01
-1.12e-01
-9.41e-02
9.78e-01
7.95e-01
-8.86e-01
-8.50e-01
-5.06e-01
-3.62e-01
-8.90e-02
-7.86e-01
-5.90e-01
7.05e-02
-6.38e-02
-2.59e-02
-4.63e-01
-6.04e-01
8.91e-01
-1.90e-01
8.16e-01
-5.11e-01
7.23e-01
-3.57e-01
2.86e-02
-5.51e-01
5.34e-01
-2.79e-01
-3.97e-01
-6.51e-01
-3.40e-01
-3.22e-01
-2.48e-01
-4.75e-01
-5.37e-01
-4.87e-01
7.65e-01
3.60e-01
3.72e-01
8.00e-01
3.79e-01
-8.76e-01
3.09e-01
9.60e-01
9.75e-02
-3.46e-01
8.10e-01
9.62e-01
1.46e-01
-8.61e-01
-1.46e-01
3.44e-01
-8.94e-01
-9.26e-02
-6.40e-01
9.23e-01
6.43e-01
9.20e-01
-1.75e-01
-4.17e-01
-6.81e-01
3.15e-02
-1.67e-01
6.42e-01
-4.65e-01
-3.45e-01
-8.05e-01
2.28e-01
3.69e-01
-4.27e-01
-1.85e-01
6.16e-01
6.39e-01
-2.68e-01
-8.61e-01
-3.02e-01
-6.10e-01
-2.53e-01
9.07e-01
1.82e-01
-6.60e-02
-9.52e-01
-1.70e-01
-4.29e-01
-4.29e-01
3.84e-01
2.05e-02
4.37e-01
-4.71e-01
3.64e-01
-5.30e-01
1.59e-01
-9.59e-01
-5.88e-02
5.11e-01
4.56e-01
-3.71e-01
-8.67e-01
-1.56e-01
2.23e-02
-5.56e-01
-4.08e-01
6.63e-01
8.12e-01
-4.90e-01
7.65e-01
-6.83e-01
2.29e-01
-6.08e-02
-2.53e-01
-3.54e-01
-1.51e-01
-1.78e-01
1.26e-01
2.20e-01
-6.76e-01
9.19e-01
7.36e-01
-6.65e-01
5.52e-02
-3.18e-01
9.46e-01
3.12e-01
-1.67e-01
-2.60e-01
-2.58e-02
-5.21e-01
-4.29e-02
1.15e-01
2.42e-01
-4.70e-01
3.95e-01
-9.59e-01
9.08e-02
-7.09e-01
2.51e-01
6.30e-01
-8.27e-01
3.02e-01
-3.31e-01
-6.35e-01
-9.01e-01
-7.12e-01
4.05e-01
-3.47e-01
-5.71e-01
5.03e-01
-9.51e-01
2.67e-01
-8.29e-01
-5.06e-01
1.00e+00
9.99e-01
6.18e-01
-8.87e-01
-8.97e-01
-6.89e-01
5.79e-01
-4.11e-01
-6.49e-02
-9.62e-01
8.17e-01
-2.76e-01
7.67e-01
9.43e-02
2.20e-01
3.34e-01
-3.73e-01
5.44e-01
-4.80e-01
-4.13e-01
-3.89e-01
4.30e-01
9.96e-01
8.65e-01
2.60e-01
2.70e-01
-4.48e-01
-6.56e-02
6.28e-01
9.63e-01
-3.59e-02
-8.03e-01
-8.66e-01
2.89e-01
2.57e-01
-5.13e-01
4.34e-01
2.84e-01
1.04e-01
5.31e-01
-1.78e-01
3.55e-01
-5.32e-01
-9.53e-03
-3.38e-01
-4.77e-02
-4.72e-01
-6.14e-01
-8.46e-02
3.95e-01
-9.07e-01
-2.98e-01
6.60e-01
-1.18e-01
5.78e-01
-6.21e-01
-1.85e-01
3.77e-02
4.96e-01
3.64e-01
1.70e-01
6.92e-02
7.73e-02
-6.63e-01
2.25e-01
3.86e-01
-6.95e-01
1.84e-01
-4.43e-01
3.44e-01
8.76e-01
5.29e-01
1.53e-01
6.78e-01
-6.96e-01
-6.44e-01
-7.28e-01
7.15e-01
9.69e-01
7.24e-01
8.01e-01
9.21e-01
6.16e-03
1.86e-01
9.72e-01
-3.42e-01
