6.93e-01
-1.64e-01
2.00e-01
-6.96e-01
1.97e-01
9.49e-03
-9.41e-01
-2.84e-01
7.21e-02
-1.08e-01
3.76e-01
-3.69e-01
-7.09e-01
-9.94e-01
-2.76e-01
4.01e-03
-1.31e-01
-1.64e-01
6.93e-01
9.45e-01
5.72e-01
-1.62e-01
-7.00e-01
-8.38e-01
7.13e-01
-4.51e-01
-5.98e-01
-2.44e-01
-1.25e-01
-2.43e-01
4.14e-01
-8.71e-01
2.05e-01
9.92e-01
9.57e-01
1.17e-01
3.58e-01
2.25e-01
-1.17e-02
-8.29e-01
1.11e-01
3.89e-01
-3.63e-01
2.54e-01
2.21e-01
-2.59e-01
5.99e-01
1.57e-01
8.71e-01
5.29e-01
-2.17e-01
-3.27e-02
4.58e-01
-7.91e-01
-6.93e-01
6.78e-01
-5.68e-01
-9.26e-01
-9.66e-01
1.01e-03
-5.66e-01
7.52e-02
8.43e-01
7.51e-01
-1.31e-02
-2.04e-01
1.51e-01
7.47e-01
5.23e-01
5.30e-01
-2.22e-01
7.40e-02
-9.81e-01
6.30e-01
-4.52e-01
9.62e-02
-2.51e-01
5.32e-01
5.32e-02
-2.88e-01
-2.66e-02
-2.56e-01
5.29e-01
-2.10e-01
-9.65e-01
-9.09e-01
-7.08e-01
-6.26e-01
-9.52e-01
-3.08e-01
5.70e-02
2.92e-01
-5.17e-01
-4.93e-01
4.39e-01
-6.53e-01
6.28e-01
-6.11e-01
-3.66e-01
7.72e-01
-4.52e-01
5.43e-02
-5.42e-01
-2.51e-01
9.03e-01
5.49e-01
-8.66e-01
-2.08e-01
-1.58e-01
4.48e-02
2.79e-01
9.83e-01
4.42e-01
8.02e-01
-2.33e-01
6.23e-01
5.78e-01
8.64e-01
7.92e-02
1.17e-01
2.29e-01
-1.14e-01
6.51e-01
-6.24e-01
3.58e-01
1.84e-01
-6.37e-02
6.44e-01
5.68e-01
5.60e-02
-8.06e-01
-8.09e-01
3.81e-01
6.84e-01
-7.80e-01
-5.65e-01
-7.95e-01
-3.18e-01
6.57e-01
-8.84e-01
-7.80e-01
-9.94e-01
-3.38e-01
-3.14e-01
5.63e-01
9.13e-01
4.29e-01
-7.79e-01
-8.46e-01
8.65e-01
-2.49e-01
8.79e-01
-3.29e-01
2.14e-01
-9.68e-01
-7.60e-01
6.75e-01
3.38e-01
-6.45e-01
3.42e-01
5.50e-01
-7.62e-01
6.00e-01
4.36e-01
-9.27e-01
6.95e-01
3.76e-01
7.20e-01
-7.68e-01
3.02e-01
7.89e-01
-4.63e-01
4.28e-01
-7.58e-01
5.97e-01
-4.08e-01
-2.18e-01
6.51e-01
7.62e-01
-9.36e-01
-2.89e-02
-7.29e-01
-4.99e-01
7.73e-01
-1.07e-01
-7.97e-01
-1.91e-01
-9.99e-01
1.89e-02
6.94e-01
-3.91e-02
3.91e-01
-7.08e-01
3.86e-01
2.24e-01
8.77e-01
5.66e-01
-2.79e-01
-5.39e-01
-1.24e-01
6.42e-01
8.78e-02
-4.13e-01
-5.35e-02
-5.73e-01
5.36e-01
-2.62e-01
3.94e-01
3.03e-01
-4.63e-01
-5.55e-01
-9.09e-01
4.38e-01
-2.62e-01
-3.51e-01
-7.08e-01
-7.67e-01
-7.79e-01
-7.69e-02
7.81e-01
2.45e-01
5.68e-02
-1.61e-01
-5.90e-01
-9.32e-01
-9.36e-01
-2.83e-01
3.27e-01
8.28e-01
3.44e-01
3.65e-01
-5.37e-01
3.86e-02
8.09e-01
-6.69e-01
4.96e-01
-3.40e-01
-1.58e-01
7.96e-01
-3.66e-01
-3.58e-01
-5.72e-01
7.64e-01
1.01e-01
-5.33e-01
1.07e-01
4.10e-01
8.40e-01
8.79e-01
-2.52e-01
-1.37e-01
-7.54e-01
-4.78e-01
3.00e-01
-5.45e-01
-7.45e-01
-3.94e-01
-7.70e-01
5.37e-01
-7.38e-01
-8.94e-01
7.97e-01
3.03e-01
4.77e-01
-5.21e-01
