3.56e-01
-2.83e-01
-1.30e-01
-8.51e-01
-7.85e-01
-3.32e-01
6.16e-01
7.99e-01
-2.88e-02
9.80e-01
3.16e-01
7.02e-01
-2.92e-01
8.51e-01
-4.75e-01
6.28e-03
-4.55e-01
-8.72e-01
-8.20e-01
3.61e-01
-4.46e-01
5.27e-01
8.57e-01
1.61e-01
1.43e-01
-2.94e-01
-4.38e-01
4.63e-01
9.62e-01
1.62e-01
-1.12e-01
-9.41e-02
9.78e-01
7.95e-01
-8.86e-01
-8.50e-01
-5.06e-01
-3.62e-01
-8.90e-02
-7.86e-01
-5.90e-01
7.05e-02
-6.38e-02
-2.59e-02
-4.63e-01
-6.04e-01
8.91e-01
-1.90e-01
8.16e-01
-5.11e-01
7.23e-01
-3.57e-01
2.86e-02
-5.51e-01
5.34e-01
-2.79e-01
3.69e-01
-6.51e-01
-3.40e-01
-3.22e-01
-9.75e-01
4.04e-01
-8.50e-01
6.86e-02
2.76e-01
3.23e-01
-7.21e-01
9.38e-01
-8.44e-01
-8.26e-01
2.77e-01
-5.48e-01
1.02e-01
5.60e-01
-9.00e-01
7.03e-02
-7.10e-01
-1.53e-01
6.03e-02
6.16e-01
-4.54e-01
-9.30e-01
-2.95e-01
5.65e-01
-9.85e-01
-3.92e-01
7.06e-01
1.26e-01
-7.87e-03
2.92e-01
-4.22e-02
-4.76e-01
2.92e-01
-3.73e-01
-7.87e-01
-2.23e-01
6.37e-01
1.50e-01
7.49e-01
4.09e-01
7.18e-01
8.08e-01
-8.42e-02
3.03e-01
2.70e-01
4.88e-01
8.51e-01
-8.23e-01
-4.95e-01
6.81e-01
2.99e-01
8.61e-02
3.51e-01
-5.43e-01
8.00e-01
-2.21e-02
8.95e-01
-4.46e-01
5.26e-01
-5.02e-01
9.01e-01
-1.31e-01
-7.75e-01
-1.52e-02
9.57e-01
-5.81e-01
1.68e-01
-6.16e-01
1.74e-01
-3.87e-01
4.86e-02
-1.14e-01
4.13e-01
-5.94e-01
-5.78e-01
-1.37e-01
7.52e-01
2.49e-01
4.99e-01
-7.78e-01
-7.08e-01
3.10e-01
-9.14e-01
5.49e-01
-9.26e-01
2.87e-01
-1.53e-01
2.56e-01
8.30e-01
-3.66e-01
9.84e-01
8.10e-01
1.70e-01
-5.87e-01
8.05e-01
6.20e-01
4.68e-01
-2.39e-01
2.79e-01
1.77e-01
2.29e-01
-1.95e-01
4.07e-01
-8.97e-01
-2.83e-01
-3.88e-01
-6.99e-01
-8.56e-01
-2.58e-02
-7.67e-01
5.43e-01
9.90e-01
-2.68e-01
6.43e-01
-8.42e-01
-5.40e-01
-6.39e-01
1.05e-01
-2.79e-03
-6.68e-01
-4.18e-01
5.54e-01
4.12e-01
-3.94e-01
-1.90e-01
-9.00e-01
5.36e-01
3.56e-01
6.94e-01
5.21e-02
-1.72e-01
9.32e-01
-9.24e-01
-5.79e-02
1.03e-01
2.90e-02
-1.23e-01
-5.90e-02
-8.25e-01
-4.72e-01
-2.86e-01
-2.35e-01
-6.29e-01
5.26e-01
6.70e-01
2.85e-01
9.71e-01
-4.23e-01
-6.23e-01
1.26e-01
-2.07e-01
-3.19e-02
5.30e-01
-4.02e-01
5.90e-01
6.02e-02
8.62e-02
5.51e-01
-2.23e-02
-1.01e-01
-3.70e-01
-9.48e-01
-1.88e-02
6.62e-01
-4.88e-01
-5.42e-01
6.68e-01
-8.15e-01
6.08e-03
6.88e-01
6.91e-01
-8.53e-01
-1.98e-01
-5.03e-01
4.76e-01
-5.83e-01
7.39e-01
8.81e-01
-1.30e-01
7.94e-02
-1.60e-01
5.51e-01
-4.06e-01
-7.35e-01
-1.34e-01
4.68e-01
-1.99e-01
-9.01e-01
7.96e-01
-7.81e-01
-6.56e-01
-6.90e-01
-4.55e-01
9.51e-01
-9.14e-01
-6.11e-01
-7.03e-01
9.83e-01
-1.50e-01
-9.33e-01
-7.29e-01
9.33e-01
-3.74e-01
-6.22e-02
3.91e-01
