-3.86e-01
4.78e-01
-8.14e-01
9.63e-01
3.84e-01
7.46e-01
-9.46e-01
8.32e-01
9.15e-01
7.92e-01
7.56e-01
-7.17e-01
-6.75e-01
8.53e-01
-1.74e-01
7.21e-03
-1.19e-01
5.61e-01
6.95e-01
-2.81e-02
-5.81e-01
2.77e-01
2.08e-01
9.67e-01
-3.42e-01
5.70e-01
-7.73e-01
-4.75e-01
6.47e-01
9.09e-02
-8.88e-01
-6.13e-01
-3.33e-01
-7.38e-01
5.36e-01
1.56e-01
5.53e-01
1.91e-01
-2.31e-01
-8.79e-01
-2.19e-01
3.45e-01
9.65e-01
7.31e-01
4.32e-01
-9.16e-01
9.21e-01
6.18e-01
-2.91e-01
-2.17e-01
-7.87e-01
1.88e-01
-6.85e-01
3.73e-01
-1.28e-01
6.94e-01
2.45e-01
-1.89e-01
6.06e-01
3.09e-01
1.45e-01
-4.14e-01
-7.10e-01
-7.33e-01
4.02e-01
-8.93e-01
9.49e-01
8.29e-01
1.68e-01
-8.21e-01
-4.20e-01
-4.36e-01
5.82e-01
4.68e-01
-1.54e-01
1.62e-01
-4.77e-01
-5.92e-01
7.58e-01
-4.89e-01
-7.93e-02
-1.50e-02
7.41e-01
3.27e-01
5.77e-01
1.62e-01
-5.48e-01
8.92e-01
-6.95e-01
6.60e-02
-9.63e-01
9.66e-01
3.73e-01
-7.14e-01
-6.38e-01
4.90e-02
9.28e-01
-6.26e-01
-4.81e-01
-2.81e-01
-1.82e-01
8.36e-01
-5.12e-01
-9.20e-01
-7.21e-01
9.33e-01
1.43e-01
-5.27e-01
9.69e-01
5.53e-01
-2.55e-01
4.06e-01
2.07e-01
4.63e-01
-7.79e-01
9.14e-01
-1.99e-01
-6.42e-01
-3.91e-01
8.84e-01
-4.81e-01
5.49e-01
8.33e-01
3.39e-01
-7.28e-01
-2.46e-02
7.07e-01
8.77e-01
-5.09e-01
-5.32e-01
-4.18e-01
-8.70e-01
4.73e-01
-7.09e-01
4.26e-01
-7.74e-01
-5.72e-02
-9.01e-01
-1.46e-01
-8.78e-02
9.69e-01
-1.68e-01
4.66e-02
8.71e-01
3.32e-01
1.03e-01
5.30e-01
2.10e-01
9.83e-01
-6.91e-02
-6.83e-01
7.49e-01
-6.69e-01
9.05e-01
5.14e-01
-7.68e-01
3.74e-01
-6.13e-01
7.78e-01
-1.61e-01
-7.12e-01
4.02e-01
1.71e-01
5.36e-01
7.51e-01
8.97e-02
-9.57e-01
1.25e-01
7.58e-01
-7.52e-01
-2.38e-01
-4.64e-01
-1.52e-01
-9.74e-01
5.13e-01
3.53e-01
-2.90e-01
7.82e-01
5.64e-01
7.72e-01
-2.02e-01
4.21e-01
-7.64e-01
-1.92e-01
4.91e-01
-7.85e-01
-6.89e-01
-4.19e-01
4.57e-02
7.95e-01
1.27e-01
9.82e-01
-8.65e-01
-4.21e-01
-9.64e-01
1.50e-01
6.47e-01
1.41e-01
5.79e-01
7.05e-01
7.64e-01
-2.83e-01
-4.45e-01
3.05e-01
7.32e-01
8.98e-02
-6.35e-01
-2.28e-01
-5.17e-01
-2.03e-01
-4.18e-02
-4.61e-01
-6.89e-01
9.70e-01
3.03e-01
9.36e-01
-2.36e-01
1.23e-01
-2.31e-01
1.56e-01
-9.39e-01
-7.18e-01
3.86e-01
9.43e-01
8.56e-01
6.91e-01
2.10e-01
-7.93e-01
5.91e-01
-8.06e-01
3.48e-02
-6.19e-02
9.77e-01
4.01e-01
5.98e-01
5.07e-01
7.49e-02
2.33e-01
1.73e-01
-5.09e-02
5.77e-01
4.85e-01
6.37e-01
-8.50e-01
-9.95e-01
-5.49e-01
-3.27e-01
9.71e-01
-3.25e-01
3.65e-02
4.62e-01
-7.04e-01
1.50e-01
7.57e-01
4.64e-02
-5.99e-01
-6.74e-02
5.06e-01
4.56e-01
-4.15e-01
-6.66e-01
-8.72e-01
-9.34e-01
-7.86e-01
-5.49e-01
