-6.24e-01
1.19e-01
1.24e-01
-9.11e-01
9.56e-01
5.14e-01
-3.54e-01
-8.80e-01
-9.53e-01
-3.12e-01
-6.95e-01
6.77e-01
-8.19e-01
-8.95e-01
8.22e-01
3.89e-01
4.65e-01
-2.96e-01
1.68e-01
-8.90e-01
-2.08e-01
-7.63e-01
4.80e-01
2.79e-02
-7.60e-01
-8.91e-01
6.85e-03
3.44e-01
-1.43e-01
-4.26e-02
6.24e-01
9.68e-01
-7.12e-01
-9.43e-01
9.57e-01
-2.10e-01
3.69e-02
2.86e-03
5.04e-02
-4.05e-01
-3.79e-03
1.80e-01
-5.84e-01
-8.87e-01
-6.45e-01
-4.60e-01
-8.27e-01
-1.10e-01
-5.10e-01
-6.38e-01
-2.35e-01
4.56e-01
-1.62e-01
-5.66e-01
-1.52e-01
4.80e-01
2.56e-01
-4.51e-01
-1.13e-01
-1.18e-01
-7.52e-01
9.13e-01
-5.88e-01
-2.77e-01
8.78e-01
9.36e-01
-7.48e-01
3.57e-01
9.21e-01
-4.81e-01
6.78e-01
-9.84e-01
-2.67e-01
-3.20e-01
-1.57e-01
-7.98e-01
5.46e-01
3.21e-01
4.00e-01
9.88e-01
4.54e-01
-9.54e-01
-4.49e-01
2.76e-01
-8.98e-01
3.55e-01
-2.73e-01
1.25e-01
-9.54e-02
-5.06e-01
-9.39e-01
-4.87e-01
-6.60e-01
-6.84e-01
1.09e-01
-5.06e-01
-5.09e-01
-5.40e-01
6.11e-01
-1.98e-01
-6.12e-01
-6.49e-01
-7.92e-01
4.30e-01
4.01e-02
7.97e-01
-8.68e-01
-3.37e-01
6.40e-01
-6.07e-01
8.49e-01
3.97e-01
6.89e-01
-3.32e-01
8.88e-01
5.77e-01
-4.05e-01
-4.50e-01
9.93e-01
-8.02e-01
1.04e-01
-7.03e-01
-8.96e-01
6.96e-01
8.46e-01
-6.31e-01
-4.66e-02
-4.85e-01
-8.80e-01
-5.22e-01
-5.72e-01
5.80e-01
4.51e-01
-1.13e-01
9.57e-01
-2.01e-03
5.59e-01
4.22e-01
1.35e-01
3.40e-01
3.01e-02
-9.54e-01
9.71e-01
3.94e-01
-6.83e-01
-9.40e-01
-6.38e-01
-5.51e-01
-3.27e-01
3.52e-01
6.46e-01
-1.46e-01
5.84e-01
6.59e-01
4.52e-02
-8.23e-01
-7.94e-02
-2.34e-01
7.07e-01
-6.17e-01
6.30e-01
-1.94e-01
6.22e-01
4.30e-01
-2.47e-01
5.25e-01
3.53e-01
2.26e-01
1.43e-01
1.53e-02
-5.49e-02
-5.70e-01
-9.81e-01
1.94e-01
6.64e-01
-9.55e-01
-4.64e-01
-5.98e-01
9.88e-01
4.04e-01
2.19e-01
-2.62e-01
7.32e-01
-3.45e-03
1.80e-01
-8.78e-01
-4.32e-02
-5.68e-01
-1.31e-01
5.48e-01
3.64e-01
-3.79e-02
-5.00e-01
6.26e-01
4.50e-01
3.58e-01
3.84e-01
3.98e-01
-1.36e-02
-8.13e-02
-6.93e-01
-8.72e-01
-5.51e-01
-3.31e-01
-7.59e-01
-2.16e-01
-7.98e-02
2.70e-01
3.52e-01
-2.84e-01
6.93e-01
2.04e-01
2.03e-01
9.42e-01
-5.65e-01
3.67e-01
-1.09e-01
-3.43e-01
-4.78e-01
7.20e-01
-6.59e-01
-5.40e-01
-1.60e-01
5.00e-01
-9.62e-01
-9.70e-01
-9.79e-01
-2.35e-01
-6.23e-02
7.89e-02
-6.92e-02
7.12e-01
6.12e-01
2.92e-01
-9.76e-01
-9.56e-01
-8.40e-01
-9.05e-01
-3.20e-01
8.29e-01
7.62e-01
-1.12e-01
-1.65e-01
-7.86e-01
9.74e-01
-3.67e-01
5.13e-01
2.46e-01
8.65e-01
9.05e-01
-5.63e-01
-9.02e-01
-1.54e-02
8.61e-01
-5.13e-01
-4.84e-01
8.36e-01
1.59e-01
7.01e-01
2.53e-01
7.58e-01
4.40e-01
-4.88e-02
4.56e-02
-7.40e-01
