-9.05e-01
8.86e-01
4.73e-01
3.04e-01
-4.27e-02
5.14e-01
-3.54e-01
-8.80e-01
-9.53e-01
-3.12e-01
-6.95e-01
6.77e-01
-8.19e-01
-8.95e-01
8.22e-01
3.89e-01
4.65e-01
-2.96e-01
1.68e-01
-8.90e-01
-2.08e-01
-7.63e-01
4.80e-01
2.79e-02
-7.60e-01
-8.91e-01
6.85e-03
-4.12e-01
-6.65e-02
-2.63e-02
6.07e-01
5.35e-01
3.32e-01
4.32e-01
-2.16e-01
-4.12e-01
2.54e-01
8.87e-01
-9.58e-01
-6.15e-01
-9.24e-01
1.14e-01
-1.28e-01
-7.17e-01
-8.63e-01
4.27e-01
-1.46e-01
-4.23e-01
-5.95e-01
5.72e-01
-9.27e-01
-4.15e-02
1.55e-01
4.62e-01
4.65e-02
4.08e-01
1.55e-01
8.46e-01
8.20e-02
8.88e-01
-3.43e-01
2.49e-01
-6.74e-01
-3.03e-01
-8.36e-01
2.84e-01
1.20e-01
2.60e-01
9.21e-01
-4.81e-01
-9.92e-01
1.83e-01
-4.96e-01
-6.64e-01
2.60e-01
-9.11e-01
-7.16e-01
1.17e-01
-3.17e-02
3.85e-01
8.65e-02
-9.66e-01
-1.83e-01
7.98e-01
4.09e-01
7.58e-01
-7.69e-01
-5.10e-01
-4.89e-01
-9.04e-01
-9.39e-01
-4.87e-01
-6.60e-01
-6.84e-01
1.09e-01
-5.06e-01
-5.09e-01
-5.40e-01
6.11e-01
-1.98e-01
-6.12e-01
-3.17e-01
5.51e-01
-5.52e-01
-3.30e-01
-2.11e-02
-1.24e-01
6.26e-01
-8.39e-01
-7.03e-01
5.91e-01
8.03e-01
2.33e-01
-1.21e-01
-8.87e-01
-8.66e-01
-4.75e-01
-7.56e-02
1.59e-01
4.47e-01
6.58e-01
-7.02e-02
-5.73e-01
5.81e-01
-1.61e-01
5.95e-01
5.97e-01
-5.60e-01
-4.97e-01
-2.37e-02
-3.64e-01
-7.88e-01
-3.93e-01
9.57e-01
6.99e-01
-6.02e-02
-3.38e-01
-3.39e-01
-4.72e-01
7.62e-01
-9.40e-01
-9.10e-01
-2.79e-01
4.21e-01
-9.53e-01
1.91e-01
3.93e-01
-1.60e-03
7.82e-01
-8.66e-01
6.49e-01
-4.28e-01
-9.98e-01
6.96e-01
4.22e-02
-1.76e-01
8.48e-01
7.06e-01
-9.13e-01
1.61e-01
6.70e-01
-9.46e-01
-3.51e-01
-7.62e-01
-4.89e-01
-2.05e-01
-5.10e-01
3.05e-01
7.82e-01
3.18e-01
-5.84e-01
2.79e-01
7.67e-01
9.15e-01
-4.36e-01
-3.22e-01
2.72e-01
-2.24e-01
4.81e-01
-4.99e-01
-9.33e-01
3.88e-01
-9.00e-01
-6.27e-01
4.88e-01
9.96e-01
7.68e-01
-1.11e-01
-7.58e-01
-3.32e-01
3.96e-02
-7.24e-01
8.74e-01
3.56e-02
8.21e-01
-6.40e-01
2.35e-02
-3.46e-01
-7.66e-02
7.64e-01
1.50e-01
5.76e-02
-8.50e-02
9.37e-01
-4.90e-01
3.33e-02
-9.46e-01
2.49e-02
8.29e-01
-5.93e-01
-8.08e-02
-6.10e-01
7.23e-01
8.86e-01
-6.75e-01
6.13e-01
-3.48e-01
-4.44e-01
-6.55e-01
5.85e-01
-5.58e-01
9.05e-01
-8.71e-01
-2.09e-01
-1.16e-01
-8.14e-01
4.11e-01
5.49e-01
9.51e-01
4.81e-01
-3.00e-02
-4.68e-01
4.26e-04
-3.93e-01
7.20e-01
7.73e-01
-9.98e-01
8.12e-01
-2.97e-01
9.24e-01
-3.11e-01
1.91e-01
4.83e-01
8.16e-02
-2.90e-01
-6.53e-01
4.13e-02
-1.28e-01
3.75e-01
-4.68e-01
-5.38e-01
-9.44e-01
-7.75e-01
-7.32e-01
-2.58e-02
-2.03e-01
8.36e-01
1.59e-01
9.19e-01
8.68e-01
-4.36e-01
8.06e-01
8.77e-01
5.41e-01
5.08e-01
