-9.05e-01
8.86e-01
4.73e-01
-3.04e-01
1.23e-01
-9.11e-01
2.23e-02
-7.56e-02
8.95e-01
-4.72e-01
-6.95e-01
6.77e-01
-8.19e-01
-8.95e-01
8.22e-01
3.89e-01
8.88e-01
-8.21e-01
-9.96e-01
4.50e-01
-9.83e-01
-7.08e-01
4.11e-01
8.29e-01
-9.82e-02
-3.24e-01
6.98e-02
6.89e-01
-4.83e-01
-5.05e-02
2.47e-01
-8.08e-01
8.25e-01
-3.12e-01
-2.16e-01
-4.12e-01
2.54e-01
-4.72e-01
7.41e-02
1.02e-01
-3.72e-01
-9.45e-01
-2.39e-01
-9.38e-02
-7.69e-01
5.61e-01
-8.15e-01
1.00e-01
2.38e-01
-1.81e-01
9.05e-01
1.83e-02
6.59e-01
-4.34e-01
-8.78e-01
-7.09e-02
8.90e-01
1.78e-02
-1.23e-01
-6.01e-01
4.00e-01
-6.02e-01
-2.40e-01
-3.03e-01
-8.95e-01
2.84e-01
1.20e-01
2.60e-01
9.21e-01
-4.81e-01
-9.92e-01
1.83e-01
-4.96e-01
-6.64e-01
2.60e-01
-9.11e-01
-7.16e-01
1.17e-01
-2.46e-01
6.64e-01
-7.14e-02
-9.66e-01
-7.94e-01
-4.85e-01
5.98e-01
-9.05e-01
-4.03e-01
7.62e-01
-2.47e-01
-8.56e-01
-2.28e-01
-3.96e-01
7.70e-01
-2.78e-01
-4.63e-01
-3.53e-01
9.65e-01
-7.89e-01
9.13e-01
8.24e-01
7.62e-01
-3.07e-01
3.92e-01
-1.59e-01
7.88e-01
-8.64e-02
-6.18e-01
-3.14e-01
-8.23e-01
-6.47e-01
-8.44e-01
2.15e-01
-6.92e-01
4.80e-03
-8.87e-01
-8.66e-01
-4.75e-01
-7.56e-02
1.59e-01
4.47e-01
6.58e-01
-7.02e-02
-5.73e-01
5.81e-01
-1.61e-01
5.95e-01
5.12e-01
-7.37e-01
6.04e-01
-5.15e-01
5.55e-01
-7.88e-01
-3.93e-01
9.57e-01
6.99e-01
-9.14e-01
7.62e-02
-3.39e-01
-4.72e-01
8.80e-01
-9.40e-01
-9.10e-01
-2.79e-01
4.21e-01
-9.53e-01
1.91e-01
3.93e-01
-1.60e-03
7.82e-01
-8.66e-01
6.49e-01
-4.28e-01
-9.98e-01
6.96e-01
4.22e-02
-1.76e-01
8.48e-01
7.06e-01
-9.13e-01
1.61e-01
6.70e-01
-9.46e-01
-3.51e-01
-7.62e-01
-8.87e-01
-2.05e-01
-5.10e-01
3.05e-01
-6.77e-01
-9.78e-01
5.54e-01
2.79e-01
8.89e-02
2.88e-01
5.07e-01
-8.24e-01
1.42e-01
-8.52e-01
-8.99e-01
-8.33e-01
-9.99e-01
-2.22e-01
7.53e-01
-6.27e-01
4.88e-01
9.96e-01
7.68e-01
-1.90e-01
8.01e-01
-6.12e-01
2.49e-01
6.63e-01
-9.42e-01
5.05e-01
5.16e-01
4.56e-03
-9.76e-01
-5.59e-01
-9.29e-01
8.18e-01
1.50e-01
5.76e-02
-8.50e-02
9.37e-01
-4.90e-01
3.33e-02
-9.46e-01
2.49e-02
8.29e-01
-5.93e-01
-8.08e-02
-6.10e-01
7.23e-01
8.86e-01
-6.75e-01
6.13e-01
-3.48e-01
-4.44e-01
-6.55e-01
5.85e-01
-5.58e-01
9.05e-01
-8.71e-01
-2.09e-01
-1.16e-01
-8.14e-01
4.11e-01
5.49e-01
9.51e-01
4.81e-01
-3.00e-02
-4.68e-01
4.26e-04
-3.93e-01
7.20e-01
7.73e-01
-9.98e-01
8.12e-01
-2.97e-01
9.24e-01
-3.11e-01
1.91e-01
4.83e-01
8.16e-02
-2.90e-01
-6.53e-01
4.13e-02
-1.28e-01
3.75e-01
-4.68e-01
-5.38e-01
-9.44e-01
-7.75e-01
-7.32e-01
-2.58e-02
-2.03e-01
8.36e-01
1.59e-01
7.01e-01
2.53e-01
7.58e-01
6.30e-01
-4.88e-02
4.56e-02
-7.40e-01
