-2.97e-01
-1.54e-01
1.88e-01
3.04e-01
-4.27e-02
5.14e-01
-3.54e-01
-8.80e-01
-9.53e-01
-3.12e-01
-6.95e-01
6.77e-01
-8.19e-01
-8.95e-01
8.22e-01
3.89e-01
4.65e-01
-2.96e-01
1.68e-01
-8.90e-01
-2.08e-01
-7.63e-01
4.80e-01
2.79e-02
-9.82e-02
3.90e-01
-6.58e-01
5.90e-01
1.49e-01
-2.29e-01
-3.96e-02
5.35e-01
3.32e-01
4.32e-01
9.57e-01
6.86e-01
-8.85e-01
-6.86e-01
1.58e-01
-2.75e-01
1.72e-01
6.49e-01
-3.94e-01
-9.39e-01
-7.69e-01
5.04e-01
-7.51e-01
4.74e-01
2.44e-01
-9.05e-01
4.18e-01
-9.54e-01
4.93e-01
-4.23e-01
-7.37e-01
-1.27e-01
-5.89e-01
-2.01e-01
-9.90e-01
7.10e-01
-5.75e-01
-5.60e-01
-2.40e-01
5.05e-01
-7.93e-01
4.39e-01
1.78e-01
3.78e-01
-2.26e-01
2.92e-01
-9.92e-01
1.83e-01
-4.96e-01
-6.64e-01
2.60e-01
3.85e-01
6.75e-01
9.68e-01
-2.46e-01
6.64e-01
-7.14e-02
-9.66e-01
-7.94e-01
9.62e-01
5.98e-01
-9.05e-01
-4.03e-01
8.80e-01
-2.47e-01
2.24e-01
-7.19e-01
2.27e-01
-9.40e-01
-8.82e-01
1.09e-01
-3.53e-01
9.65e-01
-2.22e-01
7.80e-01
-1.07e-01
7.62e-01
-3.07e-01
3.92e-01
-1.59e-01
9.70e-01
6.23e-01
7.53e-02
8.97e-01
1.24e-01
1.85e-01
5.04e-01
8.05e-01
9.77e-02
-5.57e-03
6.60e-01
-1.06e-01
-2.80e-01
-1.16e-01
-9.43e-01
-9.78e-01
7.46e-01
1.60e-01
-8.54e-01
4.91e-01
-5.68e-01
-8.47e-02
-4.48e-01
1.50e-01
-2.87e-01
-8.19e-01
8.71e-01
8.21e-01
-6.36e-01
-2.54e-02
3.42e-01
-8.21e-02
1.48e-01
-3.39e-01
-4.72e-01
7.62e-01
-8.95e-01
-1.25e-01
3.68e-01
6.85e-01
9.62e-01
-1.85e-01
3.93e-01
-1.60e-03
3.12e-01
-9.04e-01
6.49e-01
8.30e-01
2.51e-01
9.10e-01
6.56e-01
1.24e-01
5.43e-01
-9.89e-01
6.42e-01
8.00e-01
-2.84e-01
9.50e-01
2.30e-01
-3.76e-01
-8.87e-01
-2.05e-01
3.78e-01
3.05e-01
-6.77e-01
-9.78e-01
5.54e-01
6.01e-01
4.61e-01
9.74e-01
-1.96e-01
1.73e-02
6.19e-01
8.26e-01
-8.99e-01
-8.33e-01
-9.99e-01
-2.22e-01
7.53e-01
6.40e-01
3.89e-01
4.25e-01
9.40e-01
-1.11e-01
-7.58e-01
-3.32e-01
3.96e-02
-7.24e-01
8.74e-01
3.56e-02
8.21e-01
-6.40e-01
2.35e-02
-3.00e-02
8.56e-01
-3.21e-01
4.97e-01
-3.69e-01
7.80e-01
9.37e-01
-4.90e-01
3.33e-02
-9.46e-01
2.49e-02
8.29e-01
-5.93e-01
-8.08e-02
-6.10e-01
7.23e-01
8.86e-01
-6.75e-01
6.13e-01
-3.48e-01
-4.44e-01
-6.55e-01
5.85e-01
-5.58e-01
9.05e-01
-8.71e-01
-2.09e-01
-1.16e-01
-8.14e-01
4.11e-01
5.49e-01
9.51e-01
4.81e-01
-3.00e-02
-4.68e-01
4.26e-04
-3.93e-01
7.20e-01
7.73e-01
-9.98e-01
8.12e-01
-2.97e-01
9.24e-01
-7.50e-01
9.62e-01
-6.60e-01
7.36e-01
5.66e-01
1.95e-02
-2.15e-01
2.36e-01
8.45e-01
6.17e-01
-9.40e-01
6.70e-01
-1.54e-02
8.61e-01
-4.57e-01
-3.07e-01
-4.77e-01
9.63e-01
8.92e-01
-6.67e-01
9.93e-01
-4.03e-01
9.99e-01
7.62e-01
2.23e-01
