-3.31e-01
-9.70e-01
-3.92e-01
3.04e-01
-4.27e-02
3.30e-01
6.60e-01
-1.31e-01
3.44e-01
9.36e-01
-7.90e-01
-6.50e-01
-9.04e-01
5.56e-01
-6.92e-01
3.70e-01
-7.97e-01
5.44e-01
-3.53e-01
-5.11e-01
-6.41e-01
2.01e-01
-6.21e-01
5.80e-01
-9.82e-02
-3.24e-01
6.98e-02
6.89e-01
-4.83e-01
-5.05e-02
2.47e-01
-8.08e-01
8.25e-01
-4.72e-01
-2.16e-01
-4.12e-01
2.54e-01
8.87e-01
-9.58e-01
-2.75e-01
1.72e-01
6.49e-01
-3.94e-01
-9.39e-01
-7.69e-01
5.61e-01
9.03e-02
-7.95e-01
-1.38e-01
3.39e-01
9.44e-01
4.09e-01
-2.61e-01
-2.14e-01
7.38e-01
4.34e-01
9.82e-01
-4.27e-01
7.85e-01
-6.56e-01
1.46e-01
-8.79e-01
5.03e-01
8.20e-01
7.60e-01
-5.43e-01
-6.02e-01
-8.34e-02
-6.86e-01
-1.10e-01
2.46e-01
-8.42e-01
-8.37e-01
-9.29e-01
1.54e-01
-3.26e-01
2.61e-01
3.65e-01
1.70e-01
-2.89e-01
7.39e-01
-8.95e-02
-6.92e-01
-6.08e-01
-6.82e-01
4.18e-01
8.90e-01
-9.91e-01
-2.12e-01
9.82e-02
7.62e-01
-3.96e-01
7.70e-01
-2.78e-01
-4.63e-01
-3.53e-01
9.65e-01
-2.22e-01
7.80e-01
-1.07e-01
7.62e-01
-3.30e-01
2.69e-01
-4.54e-01
-3.12e-01
-6.54e-01
-4.37e-01
7.80e-01
7.43e-01
-2.35e-01
-5.37e-01
-2.07e-01
8.46e-01
-5.75e-01
-2.53e-02
6.73e-01
-3.74e-01
7.06e-01
-3.03e-01
9.60e-01
6.16e-01
-5.18e-02
2.62e-01
2.73e-01
-3.55e-02
-6.76e-01
5.42e-01
7.81e-01
-1.96e-01
8.60e-02
-3.08e-01
1.56e-01
1.89e-01
4.49e-01
6.46e-01
1.16e-01
-4.65e-01
1.97e-01
-1.01e-01
2.76e-01
-5.79e-01
-3.01e-02
7.17e-01
9.41e-01
-1.88e-02
7.60e-01
2.43e-01
-1.45e-01
-2.76e-01
-4.26e-01
9.06e-01
4.14e-01
-9.37e-01
6.86e-01
5.58e-01
-3.67e-01
-2.08e-01
6.20e-01
-2.08e-01
-2.62e-01
-3.71e-01
1.33e-01
-1.22e-02
-5.23e-01
8.42e-01
4.71e-01
6.25e-01
1.53e-01
7.64e-01
-1.88e-02
4.88e-01
-1.70e-01
3.54e-01
-1.45e-01
-6.09e-01
9.09e-02
5.34e-01
-7.79e-01
1.40e-01
-6.71e-01
4.41e-01
2.40e-01
4.32e-01
2.93e-01
9.58e-01
-3.57e-01
-3.93e-01
-7.76e-01
-6.93e-01
7.77e-01
1.11e-01
6.97e-01
-2.30e-01
9.45e-01
1.23e-01
-4.46e-01
6.93e-01
-3.42e-01
3.41e-01
-2.14e-01
3.87e-01
7.41e-01
-1.80e-01
-7.69e-01
-1.91e-01
2.61e-01
-6.66e-01
-9.54e-01
4.59e-01
6.26e-01
8.06e-01
-3.58e-01
4.26e-01
5.36e-01
7.51e-01
-7.02e-01
-6.85e-01
-4.80e-01
6.39e-01
3.00e-01
3.63e-01
2.86e-01
7.49e-01
9.77e-01
-3.35e-01
-4.32e-01
9.55e-01
6.58e-01
-1.85e-01
8.18e-01
-3.45e-02
-8.35e-01
2.61e-01
-4.04e-01
-7.57e-01
5.97e-02
9.24e-01
-8.28e-01
-1.95e-01
8.16e-01
6.82e-01
1.54e-01
-2.97e-01
-6.91e-01
9.89e-01
-1.92e-01
-9.04e-02
1.69e-01
9.34e-01
-2.97e-01
-9.33e-01
9.86e-01
5.99e-01
-2.65e-01
-2.98e-01
9.91e-01
3.37e-01
-1.52e-01
5.44e-01
8.68e-01
-4.36e-01
8.06e-01
8.77e-01
5.41e-01
5.08e-01
