8.39e-01
-9.05e-01
-9.42e-01
7.95e-01
1.90e-01
-9.10e-01
-9.97e-01
-5.13e-01
1.50e-01
-1.03e-01
6.43e-01
8.35e-01
2.88e-01
-4.60e-01
-7.40e-01
-5.14e-01
8.88e-01
5.53e-02
-3.53e-01
-5.11e-01
8.17e-01
-2.30e-01
4.02e-01
4.89e-01
-9.64e-02
-9.88e-01
-6.00e-01
-4.12e-01
-6.65e-02
9.37e-01
6.07e-01
5.35e-01
3.32e-01
4.32e-01
7.57e-01
6.86e-01
-8.85e-01
4.60e-01
6.01e-01
-6.15e-01
-9.24e-01
1.14e-01
-1.28e-01
-7.17e-01
-8.63e-01
4.27e-01
-1.46e-01
-4.23e-01
-5.95e-01
5.72e-01
-9.27e-01
9.22e-01
3.32e-01
9.53e-01
6.24e-01
-7.09e-02
8.90e-01
4.83e-01
-9.90e-01
-6.01e-01
4.00e-01
-6.02e-01
-2.40e-01
5.05e-01
-7.93e-01
4.39e-01
1.78e-01
2.13e-01
-6.40e-01
8.70e-01
-2.20e-01
-8.99e-01
-1.58e-01
-1.82e-01
6.74e-01
8.68e-02
2.67e-01
9.79e-01
-2.56e-01
-9.39e-01
8.65e-02
-9.66e-01
-1.83e-01
7.98e-01
4.09e-01
-6.91e-01
-9.70e-03
-6.32e-02
5.85e-01
-5.75e-01
-9.39e-01
-4.87e-01
-6.60e-01
-6.84e-01
1.09e-01
-5.06e-01
-5.09e-01
-5.40e-01
6.11e-01
-1.98e-01
-6.12e-01
-3.17e-01
5.51e-01
-5.52e-01
-3.30e-01
-2.11e-02
-1.24e-01
6.26e-01
-8.39e-01
-7.03e-01
5.91e-01
8.03e-01
2.33e-01
-1.21e-01
-8.87e-01
-8.66e-01
-4.75e-01
-7.56e-02
1.59e-01
4.47e-01
-8.73e-01
-5.02e-02
-7.83e-01
-2.16e-02
9.24e-01
-5.48e-01
5.97e-01
-5.60e-01
-4.97e-01
-2.37e-02
-2.68e-01
9.44e-01
2.83e-01
-7.90e-01
8.60e-01
-9.14e-01
7.62e-02
7.20e-01
-4.72e-01
7.62e-01
-8.95e-01
-1.25e-01
3.68e-01
6.85e-01
-9.53e-01
1.91e-01
-1.42e-01
-1.60e-03
7.82e-01
-8.66e-01
6.49e-01
-4.28e-01
-9.98e-01
6.96e-01
4.22e-02
-1.76e-01
8.48e-01
7.06e-01
1.10e-01
7.78e-01
-2.84e-01
9.50e-01
2.30e-01
-3.76e-01
-8.87e-01
-2.05e-01
-5.10e-01
3.05e-01
-6.77e-01
-9.78e-01
5.54e-01
6.01e-01
6.15e-01
9.74e-01
8.26e-01
1.68e-01
-3.98e-02
-6.41e-01
8.36e-01
-8.73e-01
-5.61e-01
-2.22e-01
7.53e-01
6.40e-01
3.89e-01
4.25e-01
9.40e-01
-1.11e-01
-7.58e-01
-3.32e-01
3.96e-02
-7.24e-01
8.74e-01
3.56e-02
8.21e-01
-6.40e-01
2.35e-02
2.24e-01
-3.37e-01
7.64e-01
5.23e-01
-3.69e-01
7.80e-01
-6.70e-01
1.43e-01
2.56e-01
-2.21e-02
-9.76e-02
8.29e-01
-5.93e-01
-8.08e-02
-6.10e-01
7.23e-01
8.86e-01
-6.75e-01
6.13e-01
-3.48e-01
-4.44e-01
-6.55e-01
5.52e-01
-5.58e-01
9.05e-01
-8.71e-01
-2.09e-01
-1.16e-01
-8.14e-01
4.11e-01
5.49e-01
9.51e-01
4.81e-01
-3.00e-02
-4.68e-01
4.26e-04
-3.93e-01
-3.39e-01
7.73e-01
-9.98e-01
8.12e-01
-2.97e-01
9.24e-01
-3.11e-01
1.91e-01
4.83e-01
8.16e-02
-2.90e-01
-6.53e-01
4.13e-02
-1.28e-01
3.75e-01
-2.45e-01
-4.51e-01
4.51e-01
-4.17e-01
-5.91e-01
-7.90e-02
-4.40e-01
-2.87e-01
-3.12e-01
8.67e-03
3.42e-01
-6.24e-01
-8.37e-01
1.82e-01
8.39e-01
2.23e-01
