-9.05e-01
8.86e-01
4.73e-01
-3.04e-01
1.23e-01
5.14e-01
-3.54e-01
9.38e-01
-9.53e-01
-3.12e-01
-9.23e-01
-7.07e-02
6.40e-01
-4.83e-01
-3.40e-01
-5.78e-01
6.54e-01
-8.11e-01
-2.62e-01
3.82e-01
8.17e-01
-2.30e-01
4.02e-01
4.89e-01
-9.64e-02
-9.88e-01
-8.35e-01
-9.62e-01
-1.74e-01
-7.19e-01
6.95e-01
-2.61e-01
1.41e-01
-7.84e-01
7.57e-01
6.86e-01
-8.85e-01
-6.86e-01
1.58e-01
-6.15e-01
-9.24e-01
1.14e-01
-1.28e-01
-7.17e-01
-8.63e-01
4.27e-01
-1.46e-01
-4.23e-01
-5.95e-01
5.72e-01
-9.27e-01
9.22e-01
9.80e-01
6.65e-01
4.11e-02
3.64e-01
1.55e-01
8.46e-01
8.20e-02
8.88e-01
-3.43e-01
2.49e-01
-6.74e-01
-3.03e-01
-7.93e-01
4.39e-01
1.78e-01
3.78e-01
-2.26e-01
2.92e-01
-4.66e-01
-4.17e-01
-7.05e-01
2.95e-01
-3.63e-01
-9.11e-01
-7.16e-01
9.68e-01
-2.46e-01
-9.99e-01
3.47e-01
2.79e-01
-7.94e-01
-4.85e-01
-8.98e-01
3.55e-01
-6.32e-02
-9.62e-01
5.52e-01
8.89e-02
3.34e-01
8.30e-01
1.61e-01
5.93e-01
8.35e-01
4.01e-01
4.61e-01
-7.89e-01
9.13e-01
8.24e-01
6.49e-02
-1.14e-01
-4.78e-01
6.15e-01
-2.60e-01
-8.92e-01
-6.52e-01
8.97e-01
1.24e-01
1.85e-01
5.04e-01
8.05e-01
9.77e-02
-1.43e-01
-8.87e-01
-8.66e-01
-4.25e-01
-8.85e-01
3.03e-01
4.42e-01
-8.73e-01
-5.02e-02
-7.83e-01
9.67e-01
-1.61e-01
5.95e-01
5.12e-01
-2.98e-01
-2.71e-01
5.88e-01
-2.68e-01
1.95e-01
-2.91e-01
-7.90e-01
8.60e-01
-9.14e-01
7.62e-02
-3.39e-01
-4.72e-01
7.62e-01
-8.95e-01
-1.25e-01
3.68e-01
6.85e-01
9.62e-01
-3.75e-01
7.87e-01
-9.31e-01
3.12e-01
-9.04e-01
6.49e-01
-4.28e-01
-9.98e-01
6.96e-01
4.22e-02
-1.76e-01
8.48e-01
7.06e-01
-9.13e-01
1.61e-01
6.70e-01
-9.46e-01
-3.51e-01
-7.62e-01
-8.87e-01
-2.05e-01
-5.10e-01
3.05e-01
-6.77e-01
-9.78e-01
5.54e-01
6.01e-01
6.15e-01
9.74e-01
8.26e-01
1.68e-01
9.53e-01
-6.41e-01
8.36e-01
-8.73e-01
-5.61e-01
-2.22e-01
7.53e-01
-6.27e-01
4.88e-01
9.96e-01
7.68e-01
2.62e-01
3.80e-01
-6.12e-01
2.49e-01
6.63e-01
8.74e-01
3.56e-02
8.21e-01
-6.40e-01
2.35e-02
2.24e-01
1.10e-01
7.64e-01
1.50e-01
5.76e-02
7.80e-01
-6.70e-01
1.43e-01
2.56e-01
-2.21e-02
-9.76e-02
8.29e-01
-5.93e-01
-8.08e-02
-6.10e-01
7.23e-01
8.86e-01
-6.75e-01
6.13e-01
-3.48e-01
-4.44e-01
-6.55e-01
5.85e-01
-5.58e-01
9.05e-01
-8.71e-01
-2.09e-01
-1.16e-01
-8.14e-01
4.11e-01
5.49e-01
9.51e-01
4.81e-01
-3.00e-02
-4.68e-01
4.26e-04
-3.93e-01
7.20e-01
7.73e-01
-9.98e-01
8.12e-01
-2.97e-01
9.24e-01
-3.11e-01
1.91e-01
4.83e-01
8.16e-02
-2.90e-01
-6.53e-01
4.13e-02
-1.28e-01
3.75e-01
-4.68e-01
-5.38e-01
-9.44e-01
-1.15e-01
8.17e-01
-1.01e-01
-8.69e-01
-7.12e-01
-6.37e-01
9.19e-01
3.42e-01
-6.24e-01
-8.37e-01
1.82e-01
8.39e-01
-8.71e-02
