-5.82e-01
9.81e-01
7.85e-01
5.23e-01
9.84e-01
-5.63e-01
-4.53e-01
9.55e-01
-3.69e-01
8.33e-01
5.18e-01
-9.54e-01
-4.07e-01
-1.03e-01
-2.50e-01
5.85e-01
7.70e-01
-4.98e-01
-6.39e-01
-3.79e-01
1.84e-01
-8.99e-01
5.15e-01
-3.86e-01
-2.00e-02
-8.43e-01
-4.67e-01
8.95e-01
3.27e-01
5.24e-01
7.04e-01
-1.60e-01
7.98e-01
2.31e-01
-8.30e-01
-2.11e-01
9.77e-01
5.93e-01
-2.95e-01
3.97e-01
-5.00e-01
-8.49e-01
-2.64e-01
7.65e-02
-4.85e-01
8.23e-01
2.14e-01
3.79e-01
-9.34e-01
6.29e-01
-9.80e-01
3.79e-01
-4.16e-01
-9.84e-01
1.52e-01
-5.74e-02
-4.82e-01
-1.05e-01
5.27e-01
9.42e-01
8.90e-01
9.90e-02
-7.47e-01
-6.10e-01
-1.11e-02
-8.23e-01
-4.43e-01
3.11e-01
-6.47e-01
2.59e-01
3.53e-01
5.78e-01
-5.00e-02
-2.49e-01
-7.28e-01
-4.86e-02
1.97e-01
8.05e-01
3.72e-01
-7.52e-01
1.93e-01
2.35e-01
9.85e-01
2.70e-01
-8.40e-01
-2.51e-01
-4.15e-01
-2.78e-01
-5.57e-02
1.01e-01
8.07e-01
3.08e-01
-1.29e-01
-2.13e-01
-5.35e-01
6.45e-02
1.10e-01
-9.00e-01
8.17e-01
-6.76e-01
-6.45e-01
-1.49e-01
7.51e-01
9.85e-02
1.71e-01
-5.74e-02
9.86e-01
-8.66e-01
-2.66e-01
-5.95e-01
-1.61e-02
2.80e-01
8.43e-01
-2.45e-01
4.46e-01
1.76e-01
-6.26e-01
-6.99e-01
9.09e-01
3.52e-01
-1.09e-03
9.32e-01
2.37e-01
-5.00e-01
8.06e-01
-2.68e-01
7.38e-02
8.79e-01
1.30e-01
9.74e-01
-4.86e-01
-9.60e-01
2.50e-01
2.05e-01
-3.06e-01
5.36e-01
-5.10e-01
1.73e-01
7.20e-01
6.97e-01
-8.60e-01
6.26e-01
-4.17e-01
8.96e-01
-2.38e-01
-7.30e-01
-4.15e-01
8.91e-01
9.66e-01
-8.27e-01
7.52e-01
-1.63e-01
-4.33e-01
1.94e-01
5.69e-01
-1.02e-01
9.53e-01
-1.68e-01
-3.68e-01
7.09e-01
-2.83e-01
-6.02e-01
8.83e-01
3.08e-01
-8.40e-01
-9.36e-01
3.32e-01
-4.91e-01
-1.54e-01
8.74e-01
-1.59e-01
3.84e-01
-7.24e-01
2.34e-01
-2.11e-01
6.15e-01
8.97e-01
-4.78e-01
1.12e-01
4.93e-01
-6.31e-01
-8.89e-01
-3.95e-01
7.67e-01
3.14e-01
4.44e-01
7.35e-01
-6.86e-01
-7.64e-01
4.80e-01
2.05e-01
1.51e-02
4.86e-01
4.14e-01
4.14e-01
7.33e-01
-4.17e-01
-2.75e-01
-1.88e-01
-4.96e-02
-6.66e-01
6.61e-02
6.15e-01
7.80e-01
-3.76e-01
3.96e-01
5.24e-01
2.20e-01
4.51e-01
-1.88e-01
4.26e-01
2.99e-01
-2.82e-01
-3.20e-01
8.61e-01
2.09e-01
-4.72e-01
9.20e-01
2.19e-01
-9.60e-01
-6.88e-01
-4.03e-01
4.84e-01
8.01e-01
7.67e-01
-7.93e-01
5.62e-01
9.89e-01
-5.98e-01
6.68e-01
2.28e-01
7.51e-01
-8.40e-01
3.25e-01
-2.88e-01
-6.99e-01
-8.92e-01
9.79e-01
6.27e-01
-9.10e-01
6.13e-01
2.71e-01
4.77e-03
-1.59e-01
6.21e-01
-9.29e-01
-8.87e-01
8.27e-02
5.83e-01
2.87e-01
7.09e-01
2.37e-01
8.78e-02
-8.71e-01
3.51e-02
-5.17e-01
1.85e-01
4.10e-01
-2.87e-01
-2.51e-01
-9.20e-01
-5.63e-01
6.41e-01
4.74e-01
6.33e-01
