9.15e-01
2.13e-01
4.12e-01
7.47e-01
-5.47e-01
-2.74e-01
5.03e-01
9.02e-01
9.61e-01
7.18e-01
-2.65e-01
-9.83e-01
-3.16e-01
-6.43e-01
-3.89e-01
-3.62e-01
-2.82e-01
-5.37e-01
9.12e-01
-3.16e-01
-1.01e-01
2.06e-02
-2.38e-02
-7.50e-01
4.43e-01
5.91e-01
8.87e-01
8.18e-01
-6.33e-02
1.57e-01
3.97e-01
9.51e-01
-2.15e-02
-2.23e-01
2.84e-01
4.20e-01
7.98e-01
3.79e-01
1.92e-01
-6.05e-01
7.15e-01
-6.91e-01
4.86e-01
1.69e-01
1.98e-01
6.07e-01
1.30e-01
-8.87e-01
-7.30e-01
7.07e-01
-3.93e-01
-4.52e-01
4.46e-01
4.52e-01
7.33e-01
-7.44e-01
7.47e-01
-7.44e-01
5.55e-01
-6.38e-01
8.70e-01
6.71e-02
5.82e-01
-8.35e-01
-6.34e-01
-1.34e-01
7.73e-02
-2.79e-01
-4.31e-01
3.87e-01
-3.88e-01
-2.05e-01
1.69e-01
8.27e-01
6.68e-01
3.84e-01
-9.61e-02
6.94e-01
5.19e-01
2.91e-01
-4.65e-01
9.54e-02
-4.46e-01
5.17e-01
-6.50e-02
-2.40e-01
8.35e-01
-3.29e-01
-8.24e-03
-1.57e-01
-1.70e-01
4.64e-01
-5.82e-01
-7.32e-03
4.51e-01
6.76e-01
8.23e-01
-6.45e-01
6.07e-01
-8.26e-01
-7.66e-01
7.03e-02
-4.19e-01
-4.74e-01
-9.48e-01
-8.13e-01
1.31e-01
6.35e-02
3.26e-01
6.29e-01
-3.52e-02
5.46e-01
-4.72e-01
3.31e-01
4.93e-01
-7.57e-01
-8.41e-01
-4.70e-01
-6.17e-01
9.63e-01
-5.33e-01
-4.71e-01
-6.36e-01
-9.65e-01
-9.35e-01
-2.09e-01
7.98e-01
9.59e-02
1.14e-01
-1.38e-01
7.12e-01
6.61e-01
9.01e-01
-3.84e-02
3.10e-01
3.94e-01
1.78e-01
-7.91e-01
-3.21e-02
-2.18e-01
-2.16e-01
-3.77e-01
7.03e-01
3.93e-01
4.72e-01
7.45e-01
-1.77e-01
2.89e-01
6.57e-01
4.15e-01
8.58e-01
-4.01e-02
5.99e-01
-7.35e-01
-7.65e-01
-2.04e-01
8.75e-02
-3.18e-01
-5.63e-01
-8.18e-01
4.06e-01
4.83e-01
-9.23e-02
-9.85e-01
-8.50e-01
-4.68e-01
-7.27e-01
5.53e-01
-9.27e-01
7.63e-04
-2.29e-01
-5.57e-02
6.86e-01
7.49e-01
-3.89e-02
-8.70e-01
4.67e-01
-6.30e-01
6.72e-01
3.43e-01
-9.05e-01
-6.56e-03
2.23e-01
-4.57e-01
9.29e-02
3.09e-01
1.59e-01
-4.90e-02
-7.90e-01
-5.06e-01
-2.50e-01
3.76e-01
-4.11e-01
9.24e-01
-2.28e-01
1.61e-01
-6.08e-01
-9.85e-01
-9.45e-01
3.80e-02
8.05e-01
9.67e-01
-9.15e-01
-1.35e-01
-4.61e-01
-8.47e-02
1.13e-01
9.17e-01
1.19e-01
-8.37e-01
3.00e-01
-5.02e-01
9.36e-01
6.73e-01
-8.09e-01
-9.50e-01
-4.92e-01
-4.76e-01
2.69e-01
-9.71e-01
5.84e-02
-1.83e-01
9.66e-01
7.90e-01
6.94e-01
8.05e-01
-5.12e-01
-3.37e-01
-9.23e-01
5.56e-01
-9.11e-01
9.87e-01
-6.24e-01
6.23e-01
8.72e-01
-6.65e-01
7.23e-01
-2.52e-01
3.05e-01
5.08e-01
-5.16e-01
-6.44e-01
-7.55e-01
-7.51e-01
-9.73e-01
-4.41e-01
-3.71e-02
1.25e-01
5.93e-01
8.06e-01
1.12e-01
-7.81e-01
1.01e-02
9.76e-01
8.66e-01
-1.41e-01
-5.99e-01
-1.58e-01
6.33e-01
-9.45e-01
3.11e-02
-3.64e-01
-2.63e-01
-3.82e-01
-2.68e-01
