-3.29e-01
-2.82e-01
3.21e-01
4.88e-01
3.56e-01
8.73e-01
-3.69e-01
-3.68e-01
9.72e-01
-8.81e-01
-7.35e-03
-4.81e-02
-7.60e-01
1.21e-01
9.73e-01
7.44e-02
-5.86e-01
-9.44e-01
3.87e-01
9.67e-02
-7.42e-01
5.67e-01
3.89e-01
6.57e-01
-2.60e-01
1.92e-01
-2.15e-01
5.90e-01
-1.32e-01
-1.48e-01
2.03e-01
-4.60e-01
-1.52e-01
1.11e-01
7.51e-01
4.59e-01
-6.97e-02
-9.70e-01
9.94e-01
-8.46e-01
8.60e-01
-6.71e-01
2.90e-01
7.45e-01
-8.14e-01
-6.12e-01
7.66e-01
-5.52e-01
-7.56e-02
7.85e-01
6.44e-01
3.39e-01
7.77e-01
-9.79e-01
5.46e-02
-9.66e-01
3.82e-01
-1.04e-02
-4.45e-01
6.66e-01
-7.08e-01
-9.87e-01
-6.33e-02
-9.61e-01
-5.59e-01
4.69e-01
5.78e-01
7.27e-01
-2.98e-02
7.73e-02
4.46e-01
-8.42e-01
3.61e-01
5.79e-01
9.77e-01
-6.95e-01
1.79e-01
7.31e-01
-5.38e-01
4.54e-01
1.73e-01
3.87e-01
-6.73e-01
-8.97e-01
2.17e-01
-9.02e-01
-5.92e-02
-6.09e-01
6.34e-02
-9.50e-02
-2.13e-01
-3.21e-01
8.40e-01
-3.98e-01
4.33e-01
-9.39e-01
6.54e-01
5.67e-01
-5.81e-01
2.43e-01
-4.22e-01
-6.45e-01
3.40e-01
-1.99e-01
5.74e-01
1.07e-01
-5.27e-01
9.72e-01
1.35e-02
7.98e-01
-3.99e-01
6.32e-01
1.29e-01
6.64e-01
-1.65e-01
7.74e-01
4.58e-01
3.63e-01
1.36e-01
-7.48e-02
-2.68e-01
3.02e-01
-4.12e-01
-2.34e-01
3.69e-01
8.43e-01
-9.65e-01
2.93e-01
-6.92e-01
-6.08e-01
6.35e-01
4.66e-01
-8.90e-01
-4.18e-01
1.20e-01
-7.56e-01
-1.66e-01
9.47e-01
-9.79e-01
4.69e-01
4.82e-02
-3.34e-01
-5.20e-01
-5.27e-01
-9.28e-01
8.41e-02
9.26e-01
1.12e-01
9.42e-01
8.57e-01
-2.32e-01
8.03e-01
2.93e-01
-3.63e-01
-3.85e-01
-5.28e-01
-4.89e-01
-1.29e-01
8.68e-01
-6.05e-01
-1.36e-01
-1.50e-01
7.55e-01
4.18e-01
-4.81e-01
8.57e-01
-9.60e-01
7.82e-01
9.47e-01
7.63e-04
-2.29e-01
-5.57e-02
6.86e-01
7.49e-01
-3.89e-02
-8.70e-01
4.67e-01
-6.30e-01
6.72e-01
3.43e-01
-9.05e-01
-6.56e-03
2.23e-01
-4.57e-01
9.29e-02
3.09e-01
1.59e-01
-9.27e-01
-7.90e-01
-5.06e-01
-2.50e-01
3.76e-01
-4.11e-01
9.24e-01
-2.28e-01
1.61e-01
-6.08e-01
-9.85e-01
-9.45e-01
3.80e-02
8.05e-01
9.67e-01
-9.15e-01
-1.35e-01
-4.61e-01
-8.47e-02
1.13e-01
9.17e-01
1.19e-01
-8.37e-01
3.00e-01
-5.02e-01
9.36e-01
6.73e-01
-8.09e-01
-9.50e-01
-4.92e-01
-4.76e-01
2.69e-01
-9.71e-01
5.84e-02
-1.83e-01
9.66e-01
7.90e-01
6.94e-01
8.05e-01
-5.12e-01
-3.37e-01
-9.23e-01
5.56e-01
-9.11e-01
9.87e-01
-6.24e-01
6.23e-01
8.72e-01
-6.65e-01
7.23e-01
-2.52e-01
3.05e-01
5.08e-01
-5.16e-01
-6.44e-01
-7.55e-01
-7.51e-01
-9.73e-01
-4.41e-01
-3.71e-02
1.25e-01
5.93e-01
8.06e-01
-7.75e-01
3.26e-01
3.94e-01
9.44e-01
-1.41e-01
-4.36e-01
4.58e-01
-2.93e-01
9.46e-01
-9.75e-01
5.27e-01
-4.97e-01
1.57e-01
7.18e-01
8.19e-01
