-5.08e-01
-8.21e-01
-8.87e-01
-6.63e-02
-8.30e-01
4.03e-01
-5.24e-01
-6.96e-01
2.10e-01
3.14e-01
4.17e-01
-9.89e-01
-1.95e-01
-5.02e-01
-5.57e-01
1.58e-01
-3.95e-01
-9.59e-01
-9.95e-01
8.80e-01
-4.96e-01
9.38e-01
-6.79e-01
-2.33e-04
9.49e-01
-5.09e-02
-5.45e-01
4.10e-01
-4.24e-02
6.07e-01
-1.30e-01
-5.14e-01
-8.87e-01
-8.07e-01
6.52e-01
-4.73e-01
-2.60e-01
-7.56e-01
-4.36e-01
-8.38e-02
6.36e-01
-5.47e-01
5.00e-01
8.66e-01
-2.67e-01
4.03e-01
-3.46e-01
9.65e-02
-4.35e-01
8.52e-01
5.69e-01
-5.87e-02
1.43e-01
6.49e-01
6.60e-01
8.70e-01
-3.22e-01
7.90e-01
3.54e-01
-2.40e-01
-9.05e-01
-9.36e-01
2.75e-01
9.96e-01
-9.14e-01
-5.53e-01
-3.86e-02
9.91e-01
1.47e-02
4.51e-01
-7.51e-01
-6.92e-01
6.72e-01
3.60e-01
-1.77e-01
-7.34e-01
-9.49e-01
7.62e-01
7.24e-01
-3.55e-01
-7.55e-01
-3.29e-01
2.36e-02
7.42e-01
5.85e-01
-8.26e-01
9.53e-01
3.58e-03
6.59e-01
7.44e-01
-5.70e-01
4.70e-01
-2.18e-01
-6.66e-01
-7.72e-02
-4.34e-01
8.58e-01
-1.96e-01
-6.98e-01
5.93e-01
4.86e-01
-3.66e-01
-8.41e-01
-2.45e-02
8.62e-01
1.64e-01
-3.26e-01
-1.41e-04
-7.62e-01
-2.80e-01
-2.94e-02
-4.58e-01
-8.36e-01
-9.60e-01
1.12e-01
-8.34e-01
-8.00e-01
-4.08e-01
-7.75e-01
9.71e-01
6.81e-01
-7.24e-01
-4.33e-01
-3.23e-01
4.06e-01
-6.20e-01
1.89e-01
4.08e-01
-4.42e-02
-2.90e-01
-8.10e-02
-6.15e-01
-4.92e-01
5.62e-01
-9.51e-01
1.40e-01
-6.25e-01
3.38e-01
6.67e-01
-4.95e-02
3.56e-01
-2.33e-01
7.17e-03
-8.50e-01
-2.65e-01
-5.93e-01
5.47e-01
7.67e-01
9.97e-02
-4.61e-01
4.51e-01
1.33e-01
7.16e-02
2.49e-01
-7.74e-01
1.39e-01
-3.77e-01
-4.37e-01
9.16e-01
-4.39e-01
6.74e-01
1.50e-01
2.13e-01
4.67e-01
-3.35e-01
2.52e-03
6.61e-01
9.79e-01
-8.20e-01
-2.86e-01
-7.19e-01
-6.16e-01
8.68e-01
-6.66e-02
8.31e-01
9.09e-01
-6.72e-01
3.18e-01
-9.96e-01
9.75e-01
1.76e-01
8.99e-01
7.47e-01
-3.05e-01
9.20e-02
-3.34e-01
6.68e-01
2.31e-01
-3.07e-01
-2.71e-01
-2.41e-01
8.20e-01
-1.98e-01
-2.58e-01
-2.74e-01
-8.25e-01
-1.71e-01
4.52e-01
-1.67e-01
3.94e-01
-7.05e-01
-3.77e-01
8.15e-01
-1.73e-01
2.90e-01
-5.79e-01
9.49e-01
-6.16e-02
3.00e-01
5.88e-01
-2.40e-01
-5.61e-01
7.94e-01
-8.65e-01
-2.67e-01
7.34e-01
4.19e-01
-2.93e-02
-2.32e-01
-5.72e-01
-1.46e-01
7.34e-01
-9.92e-01
-8.75e-01
-9.81e-01
5.87e-01
-1.73e-01
3.76e-01
1.96e-01
7.03e-01
-2.12e-01
-2.84e-01
4.76e-01
1.16e-01
-5.63e-01
-4.63e-01
6.59e-01
-7.74e-01
3.53e-01
4.26e-01
-2.34e-01
-4.97e-01
-3.97e-01
5.25e-01
7.67e-01
4.40e-01
8.08e-01
-6.31e-01
9.04e-01
-8.52e-01
-2.57e-01
-8.98e-01
-5.46e-01
6.72e-01
2.06e-01
-8.48e-01
6.47e-01
5.51e-01
1.09e-01
4.30e-01
-1.33e-02
-3.92e-01
8.09e-01
9.76e-01
2.76e-01
