1.94e-01
3.16e-01
-3.39e-02
-1.98e-01
6.05e-01
6.24e-01
3.94e-01
3.53e-01
-1.83e-01
3.46e-01
3.78e-01
-9.07e-01
-1.29e-02
6.18e-01
-1.89e-02
-6.79e-01
-2.15e-01
9.35e-01
-9.99e-01
5.51e-01
9.09e-01
5.78e-01
-8.61e-01
-5.42e-02
7.89e-01
-8.86e-01
-6.74e-02
3.76e-01
-4.33e-01
9.78e-01
1.64e-01
4.92e-01
5.45e-01
6.34e-01
-3.71e-01
-3.98e-01
-2.14e-01
6.84e-01
8.07e-01
4.99e-02
4.18e-01
9.14e-01
3.00e-01
-1.59e-01
-8.40e-02
-2.18e-01
8.89e-01
-8.06e-01
5.06e-01
-5.59e-01
6.68e-01
1.28e-01
-5.27e-01
-9.42e-02
-3.12e-02
8.11e-01
-7.50e-01
9.41e-01
3.82e-02
-5.60e-01
-7.37e-01
9.39e-01
2.83e-01
1.77e-01
4.53e-01
-5.49e-01
7.76e-01
1.82e-01
-5.50e-01
8.54e-01
9.42e-01
3.24e-01
-1.62e-01
-3.20e-01
-8.16e-01
-9.19e-01
-2.59e-01
9.34e-01
3.83e-01
-8.07e-01
6.41e-01
-1.69e-01
-9.36e-01
8.96e-01
-5.40e-01
4.85e-01
3.63e-01
-7.82e-01
-7.57e-01
-1.11e-01
-4.70e-01
-1.63e-02
-9.38e-01
-9.95e-01
5.62e-01
8.64e-01
9.10e-01
5.20e-01
2.54e-01
7.13e-01
9.49e-01
-9.27e-01
-7.97e-01
-2.70e-02
-8.19e-01
3.69e-02
9.71e-02
7.88e-01
3.55e-01
4.35e-01
-4.53e-01
-6.59e-01
2.49e-01
-8.23e-01
2.38e-01
7.02e-02
1.55e-01
4.30e-01
-2.49e-01
7.72e-01
9.94e-01
-6.19e-01
-7.57e-01
-9.24e-01
-6.08e-01
-5.34e-01
3.46e-01
7.75e-01
3.56e-01
-4.34e-01
-7.75e-01
-5.09e-01
2.70e-01
-1.73e-01
8.35e-01
4.43e-01
-5.19e-01
-1.06e-03
7.29e-01
8.92e-01
9.21e-01
2.36e-01
2.68e-01
1.28e-01
4.61e-01
4.16e-01
4.66e-01
2.81e-01
3.98e-01
-3.76e-01
-7.51e-01
-8.28e-01
6.62e-02
-3.27e-01
-1.90e-01
-6.89e-01
3.57e-01
-1.46e-01
9.87e-02
-9.41e-01
4.46e-01
-1.00e-01
8.91e-01
7.78e-01
-3.74e-01
5.06e-01
-5.88e-01
4.63e-01
8.60e-02
8.11e-01
-4.47e-01
-5.19e-01
-3.98e-01
6.04e-01
-8.99e-01
-9.22e-01
-9.71e-01
4.14e-02
-3.72e-01
-8.88e-01
-5.56e-01
-8.12e-01
-4.89e-01
8.07e-01
2.02e-01
-5.60e-01
-9.26e-01
5.86e-01
8.11e-01
-7.21e-01
-1.68e-01
-9.97e-01
5.53e-01
1.23e-01
8.81e-01
-7.34e-01
4.35e-01
5.07e-01
-6.94e-01
4.91e-01
-1.94e-01
3.76e-01
-4.10e-01
-8.09e-01
1.95e-01
-6.74e-02
4.30e-01
-4.46e-01
-8.26e-01
-3.48e-01
-5.88e-01
-6.27e-01
1.26e-01
6.93e-01
-9.03e-01
-6.06e-01
-4.76e-01
1.56e-01
8.21e-01
-9.36e-01
8.74e-01
-9.36e-01
6.13e-01
-1.67e-01
-5.21e-01
-3.76e-01
-7.93e-01
-9.07e-02
-4.40e-01
-6.13e-01
-5.08e-01
-2.04e-01
-7.43e-01
4.77e-01
2.02e-01
-6.48e-01
2.15e-01
-1.44e-01
3.53e-01
-7.32e-01
4.46e-01
1.18e-01
9.18e-01
-9.24e-01
6.82e-01
-8.09e-01
6.91e-01
4.40e-03
-6.16e-01
-8.48e-01
-1.64e-01
-9.84e-01
1.53e-01
-6.63e-01
-3.92e-01
6.29e-01
-3.24e-01
-4.76e-01
-7.22e-02
-2.75e-01
-8.52e-01
-6.66e-01
-2.36e-01
-3.04e-01
-5.03e-01
