-3.52e-01
-2.30e-01
-6.37e-01
-2.68e-02
7.75e-01
3.88e-01
4.57e-01
9.77e-01
2.69e-01
-8.07e-01
-3.23e-01
-3.08e-01
-7.04e-01
1.78e-02
-6.35e-01
4.51e-01
-9.73e-01
-1.81e-01
-6.22e-01
-1.68e-01
-3.56e-02
5.82e-01
-5.91e-01
4.08e-01
3.85e-01
-5.30e-01
-6.51e-01
-6.38e-01
-1.97e-01
-7.38e-01
7.47e-01
3.80e-02
-2.97e-01
-9.37e-01
-4.70e-01
-3.98e-01
-2.14e-01
6.84e-01
8.08e-01
4.99e-02
4.18e-01
9.14e-01
3.00e-01
-1.59e-01
-8.40e-02
-2.18e-01
8.89e-01
-8.06e-01
5.06e-01
-5.59e-01
6.68e-01
1.28e-01
-5.78e-01
-8.32e-01
8.40e-01
-4.96e-01
-6.45e-01
4.13e-01
7.20e-01
-5.97e-01
-4.41e-01
-5.08e-01
1.60e-01
6.35e-01
-1.64e-01
5.87e-01
-3.57e-01
-6.30e-01
9.23e-01
-6.00e-01
7.09e-01
6.40e-01
9.03e-01
-5.22e-01
4.39e-01
-4.62e-01
-2.95e-01
-7.37e-02
7.63e-01
-3.25e-01
4.03e-01
5.60e-01
2.31e-01
-6.47e-01
8.70e-01
-1.11e-01
7.70e-01
-9.42e-01
5.45e-01
9.64e-01
-3.71e-01
-1.63e-02
-9.38e-01
-9.95e-01
5.62e-01
8.64e-01
9.10e-01
-3.12e-02
2.54e-01
7.13e-01
9.49e-01
-9.27e-01
-7.97e-01
-2.70e-02
-8.19e-01
3.69e-02
9.71e-02
7.88e-01
3.55e-01
4.35e-01
-4.53e-01
-6.59e-01
2.49e-01
-8.23e-01
2.38e-01
7.02e-02
1.55e-01
-8.82e-01
-2.49e-01
7.72e-01
3.97e-01
-4.01e-01
-1.15e-01
8.08e-01
-4.51e-01
-7.38e-01
-9.78e-01
1.87e-01
2.11e-01
-4.40e-01
-3.10e-01
3.70e-01
2.70e-01
-1.73e-01
8.35e-01
4.43e-01
-5.19e-01
-1.06e-03
7.29e-01
8.92e-01
9.21e-01
2.36e-01
2.68e-01
1.28e-01
4.61e-01
4.16e-01
4.66e-01
2.81e-01
3.98e-01
-1.85e-01
2.50e-01
7.69e-01
9.71e-01
2.87e-01
-1.64e-01
-8.65e-01
-2.13e-01
-5.17e-01
-3.64e-01
-9.41e-01
4.46e-01
-1.00e-01
8.91e-01
7.78e-01
-3.74e-01
4.27e-01
-5.88e-01
4.63e-01
8.60e-02
8.11e-01
-4.47e-01
-5.19e-01
-3.98e-01
6.04e-01
-8.99e-01
-9.22e-01
-9.71e-01
4.14e-02
-3.72e-01
-8.88e-01
-5.56e-01
-8.12e-01
-4.89e-01
8.07e-01
2.02e-01
-5.60e-01
-9.26e-01
5.86e-01
8.24e-01
-7.21e-01
-1.68e-01
-9.97e-01
5.53e-01
1.23e-01
8.81e-01
-7.34e-01
4.35e-01
5.07e-01
-6.94e-01
4.91e-01
-1.94e-01
3.76e-01
-4.10e-01
-8.09e-01
1.95e-01
6.76e-01
4.30e-01
-4.46e-01
-8.26e-01
5.41e-01
4.46e-02
-3.30e-01
8.87e-01
-2.41e-01
9.11e-02
-2.92e-01
-1.82e-01
-1.65e-01
9.26e-01
6.95e-02
-4.45e-01
-9.33e-01
-5.63e-01
-3.30e-01
8.44e-01
-4.92e-01
-1.67e-01
6.71e-01
-3.41e-01
8.28e-01
8.29e-02
-9.56e-01
-6.08e-01
8.15e-01
2.84e-01
-2.33e-01
-8.40e-01
9.49e-01
-1.12e-02
-6.01e-01
-8.51e-01
4.77e-02
8.25e-01
-4.12e-01
4.32e-01
-8.88e-01
9.06e-01
-8.06e-01
1.39e-01
-5.86e-01
2.55e-01
-4.67e-02
5.74e-01
4.95e-02
-2.11e-01
4.68e-02
3.15e-01
-4.76e-01
-7.22e-02
-2.75e-01
-8.52e-01
-6.66e-01
-2.36e-01
-3.04e-01
-5.03e-01
