1.04e-01
-7.71e-01
-2.83e-01
1.07e-01
-3.68e-01
-5.99e-01
2.83e-01
-8.84e-01
-4.43e-01
-9.56e-01
-9.04e-01
-5.17e-01
1.50e-02
-4.93e-01
5.72e-01
-7.58e-01
-2.91e-01
-9.23e-01
3.62e-01
-3.58e-01
-5.54e-01
-1.87e-01
6.58e-01
-2.21e-01
7.37e-01
-5.84e-01
5.56e-01
-4.72e-02
-1.73e-01
2.14e-01
-6.61e-02
5.57e-01
9.27e-01
-3.27e-01
-7.39e-01
-3.71e-01
-1.48e-01
3.22e-01
3.32e-01
7.13e-01
-5.54e-01
4.01e-01
-7.99e-01
6.41e-01
1.54e-01
9.62e-01
4.26e-01
3.02e-01
2.60e-01
7.15e-01
-4.46e-01
-5.36e-01
-5.27e-01
-9.42e-02
5.20e-01
8.11e-01
-7.50e-01
9.41e-01
3.82e-02
5.79e-01
-7.37e-01
9.39e-01
2.83e-01
1.77e-01
4.53e-01
-5.49e-01
7.76e-01
1.82e-01
-5.50e-01
8.54e-01
9.42e-01
3.24e-01
-1.62e-01
-3.20e-01
-8.16e-01
-9.19e-01
-2.59e-01
9.34e-01
3.83e-01
-8.07e-01
6.41e-01
-1.69e-01
-9.36e-01
8.96e-01
-5.40e-01
4.85e-01
3.63e-01
-7.82e-01
-7.57e-01
-6.08e-01
8.87e-01
-9.78e-01
-7.36e-01
1.50e-01
-8.46e-01
-2.99e-01
-2.66e-01
-2.61e-01
1.02e-01
1.82e-01
9.28e-01
-9.47e-01
9.27e-01
4.67e-01
-7.35e-01
5.84e-01
6.07e-01
-1.70e-01
6.25e-01
7.41e-01
1.54e-01
-7.90e-01
-1.73e-01
7.81e-01
-5.61e-01
-3.92e-01
4.57e-01
-7.53e-01
-6.01e-01
-3.38e-02
2.66e-01
2.23e-02
-7.07e-01
3.56e-01
-7.15e-01
2.99e-01
-1.98e-01
1.15e-01
-5.45e-01
-4.16e-01
-1.09e-01
6.89e-01
7.89e-01
-1.43e-01
5.40e-02
-4.03e-01
2.83e-01
-9.94e-01
9.75e-01
-5.37e-01
-4.53e-01
-9.56e-01
2.35e-01
-9.08e-01
-7.45e-01
-6.25e-01
5.85e-01
-8.24e-01
4.85e-02
-3.76e-01
-7.51e-01
-8.28e-01
6.62e-02
-3.27e-01
-1.90e-01
-6.89e-01
3.57e-01
-1.46e-01
9.87e-02
1.45e-01
-5.63e-02
4.66e-03
-8.43e-01
-1.11e-01
-2.76e-01
3.43e-01
9.81e-01
3.36e-01
1.33e-01
-1.06e-02
3.04e-01
-8.85e-01
4.10e-01
6.24e-01
-3.51e-01
9.09e-01
-2.09e-01
-8.30e-01
3.44e-01
-2.07e-01
3.60e-01
-2.02e-01
2.13e-01
-4.58e-01
-1.29e-01
7.52e-01
-9.57e-01
-8.55e-01
2.09e-01
-8.78e-01
1.41e-01
-9.28e-02
7.38e-01
6.88e-03
6.02e-01
-9.63e-01
-5.60e-01
5.81e-01
-3.79e-01
-8.38e-01
2.99e-01
6.62e-02
-9.70e-01
8.01e-01
-8.45e-02
6.71e-01
3.01e-01
-4.09e-01
9.97e-01
8.09e-01
-3.07e-01
-7.92e-01
8.08e-01
3.31e-01
-2.73e-01
1.21e-01
-9.27e-01
4.71e-01
-2.15e-01
7.90e-01
-8.09e-01
-8.83e-01
8.35e-01
5.43e-01
-6.07e-01
-5.66e-01
7.83e-01
5.03e-01
7.36e-01
1.98e-01
-9.73e-01
-7.88e-01
3.07e-02
-4.34e-01
-3.24e-01
-8.47e-01
1.01e-01
2.62e-01
8.24e-02
-5.95e-01
4.22e-01
6.60e-01
-1.90e-01
1.79e-01
3.50e-01
-9.72e-01
6.98e-01
7.93e-01
8.43e-01
3.76e-01
8.10e-01
4.07e-01
2.71e-01
7.49e-01
-5.63e-01
-4.87e-01
-3.60e-02
7.43e-01
-4.65e-01
-7.47e-01
-8.24e-01
4.51e-01
8.61e-01
8.81e-01
5.73e-02
