-5.30e-01
3.91e-01
3.73e-01
-9.18e-01
-7.21e-01
4.53e-01
-2.97e-01
-6.73e-01
-7.64e-01
-7.73e-01
6.31e-01
3.82e-01
-8.64e-01
8.17e-01
1.03e-01
-9.10e-01
-7.60e-01
-2.83e-01
4.94e-01
-8.55e-02
3.79e-01
7.26e-02
-4.94e-01
7.37e-01
9.50e-01
8.40e-01
-3.01e-01
-1.22e-01
-8.73e-01
-7.42e-01
-5.33e-01
8.84e-01
8.28e-01
-8.82e-01
6.99e-01
-5.12e-01
-1.37e-01
8.15e-01
9.18e-01
-8.74e-01
-1.22e-01
-7.92e-01
-8.84e-01
4.28e-01
8.70e-02
-8.60e-01
-3.01e-01
2.31e-01
3.54e-01
-5.08e-02
-1.48e-01
-5.73e-01
3.47e-01
1.28e-02
-1.85e-01
-2.67e-01
-7.98e-01
2.28e-01
3.30e-01
3.04e-01
3.56e-01
4.06e-01
-4.67e-01
9.34e-01
9.07e-01
4.18e-01
-4.98e-01
-7.03e-01
-4.28e-01
-9.16e-01
3.52e-01
-5.89e-01
1.62e-02
6.21e-01
-5.58e-01
3.13e-01
-2.86e-01
1.64e-01
-9.58e-01
-3.98e-02
-8.79e-01
1.10e-01
-9.41e-01
-1.38e-01
5.66e-01
3.04e-01
-2.67e-03
-3.79e-01
-6.02e-01
3.28e-02
5.02e-01
5.01e-01
8.20e-01
4.92e-01
5.39e-01
9.12e-01
9.85e-01
-8.48e-01
-7.79e-01
-3.70e-01
5.80e-01
6.16e-01
2.82e-01
-1.92e-01
-7.39e-01
2.74e-01
3.11e-01
7.90e-01
2.24e-02
-1.19e-01
-1.41e-02
-7.03e-01
5.31e-01
7.66e-01
9.19e-02
4.08e-01
6.63e-01
5.79e-01
-8.63e-01
-2.94e-01
-1.47e-01
1.09e-01
2.70e-01
-6.96e-01
5.36e-01
-8.18e-01
2.79e-01
7.29e-01
-9.47e-01
-1.04e-01
8.75e-01
-1.90e-01
-8.19e-01
-1.83e-01
7.15e-01
2.83e-01
5.75e-01
3.21e-01
2.29e-01
-2.87e-02
5.59e-01
-2.43e-01
4.82e-01
8.97e-01
8.32e-01
5.00e-01
-7.12e-01
3.44e-01
-4.56e-01
8.14e-01
1.17e-02
-3.60e-01
5.06e-01
-9.99e-01
8.61e-02
8.55e-01
-8.44e-01
4.94e-01
-6.39e-01
3.70e-01
-2.65e-01
-8.35e-01
8.03e-01
3.21e-01
5.98e-01
-4.66e-01
4.63e-01
-3.12e-01
4.46e-01
9.47e-01
-4.68e-01
6.94e-01
4.92e-01
4.43e-01
-8.02e-01
-7.29e-01
-9.85e-01
-6.76e-01
6.83e-02
3.94e-01
-3.44e-02
8.39e-01
9.13e-01
6.74e-01
-1.31e-02
-4.80e-01
2.67e-01
5.33e-01
-3.93e-02
-5.93e-01
3.52e-01
9.86e-01
-2.53e-02
-1.29e-01
3.57e-01
6.56e-01
-2.72e-01
8.31e-01
9.12e-01
-4.00e-01
-1.55e-02
8.32e-01
-3.22e-01
-1.75e-01
8.78e-01
-4.55e-01
8.58e-01
-3.91e-01
-7.49e-01
-8.96e-01
2.21e-01
-9.21e-02
9.76e-01
7.99e-01
6.58e-01
-9.64e-01
-3.12e-01
-2.91e-01
7.37e-02
-7.26e-01
-5.67e-01
9.21e-02
-3.60e-01
1.30e-01
-1.36e-01
-6.10e-01
-1.91e-01
-8.26e-01
-7.12e-01
-5.75e-01
4.42e-01
7.26e-01
5.40e-01
-2.43e-01
-4.81e-01
-4.73e-01
-1.32e-01
-5.23e-01
-1.42e-01
-7.37e-01
4.91e-01
8.00e-01
-7.33e-02
9.64e-01
-9.52e-01
-2.82e-01
-2.22e-01
9.41e-01
7.06e-01
-1.52e-02
9.57e-01
-9.59e-01
8.74e-01
-7.52e-02
7.84e-01
8.87e-01
-5.78e-01
-7.50e-01
8.22e-01
-6.91e-03
-5.43e-01
9.44e-01
-8.20e-01
7.83e-01
-3.79e-01
