-2.18e-01
-2.19e-01
-3.22e-01
2.92e-01
-3.83e-01
9.96e-03
-4.19e-01
9.09e-01
-2.46e-01
-3.40e-01
-5.33e-01
4.66e-01
-9.91e-01
4.22e-01
-5.09e-01
9.62e-01
-2.74e-01
1.92e-02
7.12e-01
-2.83e-01
1.66e-01
-2.79e-01
-3.03e-01
-7.04e-01
2.05e-01
5.37e-01
5.56e-01
-8.88e-01
-5.76e-01
-9.08e-01
-9.12e-01
6.76e-01
1.91e-02
8.51e-01
9.88e-01
9.41e-01
-9.62e-01
4.90e-01
1.04e-01
6.06e-01
4.76e-02
-9.81e-01
-8.25e-02
-3.19e-01
5.13e-01
7.43e-01
6.31e-01
9.26e-01
1.01e-01
-4.61e-01
-1.45e-01
8.32e-01
-7.45e-01
-3.19e-01
3.49e-01
5.45e-01
-8.47e-01
-4.74e-01
-1.74e-01
4.62e-01
-8.17e-02
-3.02e-02
-8.30e-01
8.51e-01
-3.73e-01
3.82e-01
-3.79e-01
4.96e-01
-3.16e-01
6.51e-01
-2.29e-01
-2.75e-01
-6.57e-01
5.21e-01
-1.80e-01
-5.79e-01
6.11e-01
9.54e-02
-6.14e-01
-5.78e-02
-2.91e-01
1.27e-02
5.15e-01
-2.29e-01
-2.06e-01
8.63e-01
2.41e-01
-5.05e-01
2.30e-01
-3.65e-01
-7.59e-01
5.51e-01
7.36e-01
-7.97e-01
6.88e-01
9.14e-01
-7.69e-01
5.61e-01
2.40e-02
-5.48e-01
1.10e-01
-5.17e-01
9.57e-01
3.96e-01
-2.07e-01
1.51e-01
8.34e-01
6.34e-01
-3.22e-01
-5.21e-01
3.57e-01
4.11e-01
5.97e-01
3.36e-01
1.40e-03
-9.23e-01
3.39e-02
-5.05e-01
4.46e-01
-2.28e-01
8.40e-01
2.20e-01
-5.08e-01
-7.79e-01
3.30e-02
1.24e-01
5.56e-01
1.96e-02
-5.84e-02
-6.21e-01
-8.68e-01
2.55e-01
7.14e-01
-1.67e-01
7.84e-01
4.70e-01
-6.57e-01
7.42e-01
6.32e-02
6.41e-01
2.46e-01
4.77e-01
5.52e-01
5.84e-01
4.72e-01
-1.37e-01
-8.10e-02
3.92e-01
-6.77e-01
-2.75e-01
3.00e-01
9.22e-01
6.46e-01
5.91e-02
-3.27e-01
-3.59e-01
7.72e-01
-4.76e-01
-6.46e-01
-8.70e-01
-2.98e-01
-7.66e-01
-1.24e-01
-3.56e-01
2.50e-01
-5.56e-01
1.92e-01
7.05e-01
8.32e-02
2.36e-01
-6.14e-01
-3.47e-01
6.30e-01
-9.68e-01
6.15e-01
6.81e-01
-9.93e-01
6.22e-01
-9.46e-02
3.71e-01
7.70e-01
-5.21e-01
-7.71e-02
-8.54e-02
-8.84e-01
-7.18e-01
5.03e-01
2.93e-01
7.53e-01
1.12e-01
7.64e-01
-6.61e-01
-9.43e-01
-1.31e-01
-2.44e-01
7.78e-01
9.49e-01
7.09e-01
-4.95e-01
-6.33e-02
8.81e-01
-8.64e-01
1.26e-01
1.01e-01
-5.30e-01
-3.94e-02
-7.75e-01
-7.33e-01
9.49e-02
-4.73e-02
7.62e-01
-7.25e-01
8.56e-01
-6.70e-01
-1.72e-02
-6.61e-01
6.76e-01
-7.79e-01
9.74e-01
9.49e-01
-8.58e-01
-8.51e-01
3.75e-01
5.28e-01
9.29e-01
8.21e-02
1.76e-01
-1.53e-01
-1.96e-02
-5.89e-01
-4.50e-01
-7.73e-01
-9.86e-01
4.84e-01
7.68e-01
-6.43e-01
4.13e-02
8.31e-01
-9.96e-01
-4.65e-01
2.86e-01
-2.52e-01
8.98e-01
9.27e-01
-2.95e-01
6.21e-01
9.40e-01
3.19e-02
9.96e-01
4.08e-01
-7.71e-01
-4.17e-01
-7.43e-01
6.96e-01
-5.56e-01
-5.66e-01
-2.80e-01
-5.01e-01
5.10e-01
5.92e-01
-4.66e-01
4.51e-01
-3.58e-01
-7.51e-01
-5.85e-01
