-4.58e-02
3.82e-01
-4.89e-01
-8.47e-01
-1.51e-01
-3.31e-01
-8.36e-01
1.42e-01
2.90e-01
-5.23e-01
-8.01e-01
-4.95e-01
9.41e-01
6.19e-01
-2.17e-03
6.56e-01
6.37e-01
9.05e-01
7.12e-02
7.35e-01
-2.68e-01
-7.55e-01
-3.14e-01
-3.66e-01
2.88e-01
4.65e-01
4.96e-01
-1.00e+00
9.61e-01
-2.40e-01
-9.31e-01
5.70e-02
1.05e-01
2.06e-01
-1.67e-01
4.90e-01
-2.81e-01
2.18e-01
-5.03e-01
4.43e-01
-3.19e-01
-5.59e-01
3.94e-01
-7.13e-01
-6.31e-01
-4.56e-01
2.67e-01
-7.67e-01
4.51e-01
-2.09e-01
2.30e-01
8.89e-01
-1.56e-01
5.54e-01
-1.65e-01
-8.80e-02
-2.31e-01
-7.72e-01
-3.65e-02
2.36e-01
-6.70e-01
1.53e-01
3.18e-01
-3.20e-01
-1.03e-01
1.09e-01
-8.94e-01
5.08e-01
7.10e-01
-9.26e-01
-3.47e-01
9.31e-01
8.37e-01
-5.80e-01
-4.04e-02
-7.16e-01
7.26e-01
-8.98e-01
-6.42e-01
-2.93e-01
-2.24e-02
-3.39e-01
-8.06e-02
4.34e-01
2.81e-01
4.06e-01
7.12e-01
4.03e-01
2.51e-01
9.37e-01
-9.64e-01
-2.49e-01
-5.75e-01
9.89e-01
7.96e-01
1.04e-01
-5.63e-01
-5.23e-01
2.36e-01
-2.77e-01
-8.58e-01
-7.26e-01
4.43e-01
4.74e-01
8.25e-01
6.54e-01
3.06e-01
9.69e-01
-6.86e-01
8.74e-01
-2.68e-02
5.26e-01
7.58e-01
-9.13e-01
1.06e-01
1.72e-01
-6.53e-01
-5.75e-01
5.82e-02
-5.03e-01
-3.41e-01
-4.18e-01
6.80e-01
-9.28e-03
-4.20e-01
3.56e-01
-2.91e-01
8.39e-01
8.82e-02
8.56e-02
8.01e-01
-2.60e-01
-8.33e-01
-1.60e-01
-4.59e-01
-5.17e-01
-9.52e-02
4.24e-01
-8.91e-01
-9.25e-01
2.90e-02
4.40e-01
-9.47e-02
5.27e-01
8.54e-01
7.47e-01
-6.30e-01
-2.17e-01
-6.78e-01
-5.66e-01
5.42e-01
8.93e-01
-9.88e-01
2.88e-01
4.85e-01
-2.72e-01
9.39e-01
5.94e-01
1.94e-01
7.80e-01
-7.63e-01
-9.28e-01
3.46e-01
-7.88e-01
8.56e-01
-5.49e-01
-4.54e-01
-9.46e-01
-6.48e-01
-6.77e-02
-4.71e-01
-4.05e-01
-1.45e-01
4.87e-01
3.05e-01
-2.94e-01
-2.23e-01
-4.17e-01
9.50e-02
4.46e-01
-1.02e-01
-7.75e-01
9.60e-01
-4.81e-01
1.24e-01
-6.26e-01
-9.39e-01
4.84e-01
9.22e-01
-1.95e-01
-2.89e-01
-9.44e-01
-4.37e-01
2.94e-01
2.64e-01
2.73e-01
-4.61e-01
-9.38e-01
-7.14e-03
-6.81e-01
6.53e-01
-7.23e-01
-8.79e-01
-9.62e-01
3.86e-02
-6.64e-03
9.44e-01
-9.11e-02
2.46e-01
7.11e-01
-8.77e-01
-8.34e-01
3.37e-01
9.66e-01
-9.04e-01
-8.98e-01
9.60e-01
-9.01e-01
-1.35e-01
1.49e-01
2.74e-01
-2.31e-01
3.01e-01
7.86e-02
-3.61e-01
-7.45e-02
4.08e-01
3.99e-01
6.95e-01
2.87e-01
8.01e-01
-7.70e-01
7.74e-01
8.71e-01
-3.78e-02
-2.17e-01
-9.43e-01
6.04e-01
6.24e-01
6.92e-01
1.41e-02
1.88e-01
-2.39e-01
7.02e-01
6.86e-01
-3.68e-01
-7.08e-01
4.61e-02
5.24e-01
-4.26e-01
-3.07e-01
-3.36e-01
7.11e-02
-9.24e-01
-6.87e-01
-4.41e-01
-1.83e-02
-2.54e-01
8.68e-01
-4.19e-01
-6.31e-01
-9.53e-01
-8.19e-01
-2.50e-01
6.93e-01
