-5.30e-01
3.91e-01
3.73e-01
-9.18e-01
-7.21e-01
4.53e-01
-2.97e-01
-6.73e-01
-7.64e-01
-7.73e-01
6.31e-01
3.82e-01
-8.64e-01
8.17e-01
1.03e-01
-9.10e-01
-7.60e-01
-2.83e-01
4.94e-01
-8.55e-02
3.79e-01
7.26e-02
-3.72e-01
8.59e-01
5.06e-01
-1.74e-01
-4.21e-01
-6.33e-01
-1.36e-01
-9.89e-01
-3.19e-02
6.89e-01
-4.67e-01
-4.79e-02
-2.36e-01
-4.46e-01
-1.37e-01
8.15e-01
9.18e-01
-8.74e-01
-1.22e-01
-7.92e-01
-8.84e-01
4.28e-01
8.70e-02
-8.60e-01
-3.01e-01
2.31e-01
3.54e-01
-3.85e-01
8.33e-01
9.74e-01
-7.90e-01
-8.42e-02
9.15e-01
5.94e-01
4.27e-01
8.77e-01
6.77e-01
4.74e-01
8.46e-01
8.11e-01
5.34e-01
7.31e-01
3.56e-01
-8.23e-01
-6.92e-01
9.37e-01
6.27e-01
-8.87e-01
4.40e-01
-6.14e-01
8.35e-02
2.47e-01
6.36e-01
8.99e-01
-9.51e-01
-2.27e-01
-5.63e-01
-6.41e-01
4.30e-01
2.03e-01
8.23e-01
-1.08e-01
-5.14e-01
6.30e-01
-9.83e-01
-5.45e-01
3.89e-01
-2.25e-01
-2.71e-01
3.40e-01
-8.39e-01
1.43e-01
8.24e-01
1.76e-02
-1.32e-01
8.42e-01
-9.54e-01
-5.77e-01
-6.54e-01
1.09e-02
1.13e-01
-8.56e-01
-4.39e-01
-6.98e-01
-2.99e-01
-2.16e-01
9.88e-01
-5.14e-01
-6.34e-01
6.07e-01
-7.90e-01
-8.00e-01
-9.89e-02
-3.03e-01
5.37e-01
-9.27e-01
-1.86e-02
-3.64e-02
6.98e-01
-5.76e-01
-1.24e-01
1.59e-01
-5.16e-01
-1.42e-01
-6.46e-01
-8.59e-01
-4.65e-01
9.03e-01
2.68e-01
-2.32e-01
-2.92e-02
6.07e-01
7.96e-01
-6.52e-01
6.36e-01
3.40e-01
-6.02e-03
2.14e-02
2.97e-01
-2.11e-01
-9.35e-01
-9.56e-01
-2.48e-01
4.85e-01
-1.84e-01
5.94e-01
8.54e-01
-5.53e-01
-1.02e-01
-8.16e-01
-3.52e-01
5.23e-01
9.49e-01
-1.76e-01
9.10e-01
3.68e-01
4.51e-02
2.42e-01
7.36e-01
5.30e-01
5.74e-01
1.82e-02
2.47e-01
-2.20e-01
4.29e-01
6.59e-01
6.69e-01
-4.63e-01
-5.33e-01
-6.65e-01
2.50e-01
5.20e-01
-5.86e-01
8.94e-01
8.59e-01
1.11e-01
7.05e-01
9.55e-01
2.31e-01
-5.96e-01
1.62e-01
4.84e-02
3.59e-01
9.13e-01
-7.94e-01
6.09e-01
3.00e-01
2.89e-01
-9.15e-01
7.19e-01
3.04e-01
1.11e-01
1.42e-01
-4.27e-01
-6.59e-01
-8.61e-01
-1.07e-01
3.28e-01
8.46e-01
3.23e-02
2.73e-01
4.39e-01
5.44e-01
9.90e-01
-6.28e-01
-3.07e-01
2.06e-01
-1.94e-01
-7.70e-01
5.68e-01
9.76e-01
7.99e-01
6.58e-01
-9.64e-01
-3.12e-01
-2.91e-01
7.37e-02
-7.26e-01
-5.67e-01
9.21e-02
-3.60e-01
1.30e-01
-1.36e-01
-6.10e-01
-1.91e-01
-8.26e-01
-7.12e-01
-5.75e-01
4.42e-01
5.36e-01
5.40e-01
-2.43e-01
-4.81e-01
-4.73e-01
-1.32e-01
-5.23e-01
-1.42e-01
-7.37e-01
4.91e-01
8.00e-01
-7.33e-02
9.64e-01
-9.52e-01
-2.82e-01
-2.22e-01
9.41e-01
7.06e-01
-1.52e-02
9.57e-01
-9.59e-01
8.74e-01
-7.52e-02
7.84e-01
8.87e-01
-5.78e-01
-7.50e-01
8.22e-01
-6.91e-03
-5.43e-01
9.44e-01
-8.20e-01
7.83e-01
-3.79e-01
