7.44e-01
9.84e-01
-8.51e-01
-3.36e-03
-4.64e-01
1.34e-01
4.14e-02
8.28e-01
-2.24e-01
-8.31e-01
9.96e-01
6.59e-01
-4.75e-01
4.83e-01
3.84e-01
6.84e-01
-6.90e-01
9.21e-01
9.74e-01
-4.74e-01
-2.98e-01
3.02e-02
8.75e-01
1.58e-01
-4.07e-01
5.37e-01
5.56e-01
-8.88e-01
-5.76e-01
-9.08e-01
-9.12e-01
6.76e-01
1.91e-02
8.51e-01
9.88e-01
9.41e-01
-5.57e-02
6.31e-01
5.53e-01
-7.14e-01
-8.33e-01
8.52e-01
5.65e-01
3.64e-01
7.58e-01
-6.59e-01
7.65e-01
-9.66e-01
-1.20e-01
8.16e-01
6.38e-01
4.01e-01
3.26e-01
-9.92e-01
5.91e-01
-9.09e-01
-8.26e-01
-6.84e-01
-4.70e-01
-9.95e-01
7.07e-01
1.45e-01
-3.66e-01
1.33e-01
-3.69e-01
-3.02e-01
8.56e-01
-1.83e-02
-8.92e-01
2.93e-03
-6.36e-01
6.38e-01
4.80e-01
7.57e-01
1.38e-01
7.87e-01
-9.49e-01
-3.03e-01
3.30e-01
8.34e-01
-4.68e-01
9.06e-01
7.97e-01
3.18e-01
7.44e-01
-5.82e-02
2.15e-01
8.34e-01
-8.66e-01
-3.65e-01
-7.59e-01
5.51e-01
7.36e-01
-7.97e-01
6.88e-01
9.14e-01
-7.69e-01
5.61e-01
2.40e-02
-5.48e-01
1.10e-01
-5.17e-01
9.57e-01
3.96e-01
-2.07e-01
1.51e-01
8.34e-01
8.19e-01
2.88e-01
4.12e-01
-3.23e-01
-8.44e-01
-1.01e-01
-8.37e-01
7.01e-01
-1.86e-01
-8.88e-01
6.85e-01
-2.62e-01
-2.35e-01
-5.68e-01
7.78e-01
1.10e-01
1.53e-02
-3.67e-01
-8.65e-01
5.56e-01
1.96e-02
-5.84e-02
-5.21e-01
-2.41e-01
-1.34e-01
9.48e-01
-1.71e-01
6.98e-01
-1.32e-01
3.10e-01
5.37e-02
6.65e-01
3.16e-01
-7.33e-01
-5.49e-01
-5.27e-01
8.48e-01
5.95e-01
9.82e-01
9.08e-01
4.47e-02
5.73e-01
8.83e-01
8.32e-01
1.48e-01
-3.21e-01
8.39e-01
-4.32e-01
-6.55e-01
3.65e-01
-8.14e-02
8.80e-01
-7.28e-01
7.22e-01
4.91e-01
-1.13e-01
6.42e-02
1.49e-03
7.70e-01
7.77e-01
-2.11e-01
-1.91e-02
-5.24e-01
4.52e-01
-9.77e-01
-6.21e-01
-7.78e-01
3.06e-01
-2.55e-01
7.83e-01
1.67e-01
9.94e-01
-3.32e-01
-3.02e-01
7.80e-01
-2.17e-02
2.93e-03
5.78e-01
9.34e-01
-2.26e-02
9.05e-01
-3.22e-02
7.89e-01
-1.23e-01
-6.77e-01
-9.35e-01
-9.26e-01
6.70e-01
2.04e-01
9.43e-01
5.01e-02
-5.60e-01
5.47e-01
2.39e-01
-2.58e-01
-4.23e-01
2.38e-01
-3.77e-01
8.01e-01
-5.30e-01
-8.67e-02
-3.01e-01
8.00e-01
6.62e-01
6.28e-01
6.13e-01
-9.37e-01
-6.06e-01
-6.95e-01
-6.26e-01
7.76e-01
1.89e-01
-7.97e-01
-5.59e-01
-8.51e-01
3.75e-01
5.28e-01
9.29e-01
8.21e-02
1.76e-01
-1.53e-01
-1.96e-02
-5.89e-01
-4.50e-01
-7.73e-01
-9.86e-01
4.84e-01
7.68e-01
-6.43e-01
4.13e-02
8.31e-01
-9.96e-01
-4.65e-01
2.86e-01
-2.52e-01
8.98e-01
9.27e-01
-2.95e-01
6.21e-01
9.40e-01
3.19e-02
3.05e-01
4.08e-01
-7.71e-01
-4.17e-01
7.88e-01
3.99e-01
4.31e-02
9.28e-01
-4.40e-01
6.85e-01
-7.30e-01
-8.53e-02
1.79e-01
8.14e-01
1.76e-01
-4.86e-02
9.54e-01
