-7.20e-01
4.76e-01
-4.15e-01
8.49e-01
8.40e-01
-5.91e-01
-4.26e-03
5.23e-01
-3.04e-01
5.98e-01
9.09e-01
6.35e-01
4.02e-01
-4.36e-02
4.27e-01
6.95e-01
-2.05e-01
3.76e-01
2.11e-01
2.75e-01
-6.36e-01
-4.74e-02
-6.61e-01
6.81e-01
-4.27e-01
-9.91e-01
-5.46e-01
4.58e-01
3.78e-02
8.03e-01
9.52e-01
-8.95e-01
5.66e-03
3.73e-01
8.81e-01
-4.48e-02
-9.49e-01
-9.46e-01
6.48e-01
-1.58e-01
4.40e-01
-9.29e-01
1.93e-01
5.46e-01
9.43e-01
5.69e-01
-5.76e-01
2.40e-01
-7.17e-01
-5.30e-01
-8.32e-01
-2.42e-02
-5.70e-01
-5.65e-01
-8.82e-01
7.85e-01
-2.63e-01
2.05e-01
-1.45e-01
9.80e-01
-2.27e-01
-2.55e-01
-2.53e-01
-3.23e-01
7.48e-01
-1.97e-01
2.98e-01
-2.46e-01
-1.20e-01
5.61e-01
-6.12e-01
-9.91e-02
9.40e-01
6.47e-01
1.35e-01
9.49e-01
9.61e-01
8.22e-01
2.21e-01
2.47e-03
-9.79e-01
1.29e-01
-2.38e-02
6.34e-01
-3.31e-03
-2.27e-01
2.16e-01
-7.59e-01
-8.76e-01
-6.39e-01
-9.93e-01
-5.16e-01
6.24e-01
-9.47e-02
-4.76e-01
-1.57e-01
-7.58e-01
1.14e-01
9.52e-01
-8.49e-01
4.11e-01
-2.26e-01
5.59e-01
-5.25e-01
-8.30e-01
5.33e-01
2.95e-01
-6.04e-01
-2.20e-01
-3.14e-01
1.65e-01
6.29e-01
-6.47e-01
5.19e-01
4.32e-01
2.51e-01
6.73e-01
7.74e-01
-3.58e-01
-6.13e-01
6.93e-01
5.87e-01
4.89e-01
4.76e-01
6.22e-01
-2.45e-01
-1.10e-01
7.00e-01
8.28e-01
-4.92e-01
4.40e-01
4.43e-01
2.88e-01
-1.86e-01
-8.72e-01
-9.56e-01
9.37e-01
-6.43e-01
3.39e-02
9.86e-01
-3.92e-02
-8.90e-02
5.49e-01
-4.24e-01
9.06e-01
2.06e-01
-7.07e-01
-9.37e-01
-4.10e-01
-9.91e-01
5.11e-01
1.15e-01
-6.26e-02
8.64e-01
-7.62e-01
-6.33e-01
1.72e-01
-1.28e-02
-2.85e-01
-3.39e-01
-5.82e-01
-2.07e-01
-8.17e-01
9.38e-01
-8.29e-01
-9.89e-01
-9.41e-01
-7.20e-01
-4.98e-01
-3.25e-01
5.93e-01
4.52e-01
1.59e-01
-6.44e-01
-9.30e-01
6.76e-01
-5.15e-02
4.41e-01
-2.19e-01
7.22e-01
-5.84e-01
-3.69e-01
-6.39e-01
4.57e-02
7.17e-01
6.58e-02
-8.38e-01
-2.33e-01
-9.54e-01
7.12e-01
-8.82e-01
8.35e-01
-4.91e-02
7.27e-01
5.18e-01
2.90e-01
-4.00e-01
-3.80e-01
-4.92e-01
-6.57e-02
-6.67e-01
2.79e-01
9.58e-01
-1.01e-01
3.58e-01
-2.69e-01
3.42e-01
-7.00e-01
1.60e-03
-3.38e-01
-4.62e-01
-8.00e-01
6.10e-01
-1.22e-02
3.14e-02
8.92e-01
-7.81e-01
-4.66e-01
-3.60e-01
-1.00e-02
-7.71e-01
6.80e-01
-2.10e-01
8.20e-01
-3.50e-01
1.05e-01
9.94e-01
-6.46e-01
6.26e-01
5.99e-01
-4.95e-01
3.74e-01
-5.37e-01
2.54e-01
5.61e-01
5.69e-01
-1.71e-01
6.88e-01
-7.32e-01
6.84e-01
5.02e-01
-6.36e-02
-8.87e-01
9.07e-01
9.88e-01
-4.96e-01
1.60e-02
6.65e-01
-6.19e-01
-5.02e-01
7.42e-01
-4.57e-01
9.59e-02
-9.05e-01
-6.08e-01
-8.62e-01
-3.62e-01
-2.93e-01
8.44e-01
1.11e-01
7.83e-01
4.73e-01
9.42e-01
-1.55e-01
-2.22e-01
