-8.99e-01
-4.10e-01
7.90e-01
4.15e-02
7.32e-01
9.46e-01
5.88e-01
-3.74e-01
8.12e-01
9.60e-01
8.21e-01
1.82e-01
-4.52e-02
-9.62e-01
-1.73e-01
-3.26e-01
-7.29e-01
9.74e-01
4.37e-01
9.27e-01
2.55e-01
-6.12e-01
1.91e-01
6.52e-01
7.26e-01
-4.78e-01
-7.35e-01
4.61e-01
9.02e-02
-1.15e-01
-2.88e-01
5.15e-02
4.80e-01
5.18e-01
4.21e-01
-1.42e-01
-3.02e-01
-1.53e-01
-4.91e-01
8.11e-01
4.70e-01
7.35e-01
3.42e-01
7.52e-01
3.43e-01
7.08e-01
9.28e-01
1.94e-01
1.34e-01
2.41e-01
-4.28e-01
-7.24e-01
5.84e-01
-9.93e-01
3.95e-01
7.22e-01
6.40e-01
6.38e-01
8.48e-01
-6.73e-01
-6.43e-01
5.47e-01
-4.90e-01
1.21e-01
7.48e-01
-1.97e-01
2.98e-01
-2.46e-01
-1.20e-01
5.61e-01
-6.12e-01
-9.91e-02
9.40e-01
6.47e-01
1.35e-01
9.49e-01
9.61e-01
-5.39e-01
5.07e-02
-3.11e-01
-8.28e-01
-8.84e-02
-7.29e-01
6.34e-01
-3.31e-03
8.59e-01
6.26e-01
8.72e-01
7.67e-01
7.04e-01
1.09e-04
6.32e-01
6.05e-01
5.59e-01
2.15e-01
3.81e-01
5.13e-01
-9.01e-01
9.52e-01
-8.49e-01
4.11e-01
-2.26e-01
5.59e-01
-8.17e-01
-8.30e-01
5.33e-01
9.77e-02
6.85e-01
-3.39e-01
-3.89e-01
1.20e-01
-5.33e-01
5.47e-01
-9.03e-01
-1.72e-01
-6.67e-02
-8.88e-01
9.78e-01
-8.61e-01
-1.37e-01
3.19e-01
4.42e-01
4.11e-01
5.41e-01
-4.71e-01
-9.64e-01
2.93e-01
-1.55e-01
-7.72e-01
2.39e-01
-3.80e-01
7.60e-01
-7.52e-01
5.24e-01
5.42e-01
1.20e-01
-2.29e-01
6.42e-01
7.82e-01
-1.36e-01
-5.07e-02
9.84e-01
-6.90e-01
6.38e-02
-8.81e-03
-4.94e-01
-9.23e-01
-9.65e-01
-4.78e-02
-9.02e-01
6.89e-01
1.15e-01
-6.26e-02
-4.11e-01
2.57e-01
6.04e-02
8.03e-01
-7.49e-01
2.14e-01
1.64e-02
9.19e-01
6.11e-02
-4.20e-01
-2.78e-01
-7.03e-01
-3.77e-01
-2.28e-01
9.24e-01
3.94e-01
-2.62e-02
6.62e-01
4.42e-01
9.48e-02
-9.64e-03
6.59e-01
-5.30e-01
-2.38e-01
5.19e-01
-5.07e-01
-5.92e-01
-4.35e-01
-4.75e-01
-8.39e-01
6.56e-01
5.71e-01
-8.95e-01
-5.32e-01
6.42e-03
-5.26e-01
6.45e-01
4.95e-01
-7.20e-01
4.53e-01
-5.60e-01
6.26e-01
-3.86e-01
-9.85e-01
9.24e-01
4.28e-01
4.31e-01
3.79e-03
2.19e-01
5.06e-01
-5.50e-02
-2.74e-01
1.29e-01
-2.93e-01
-6.04e-01
-9.17e-01
4.37e-02
-2.62e-01
7.74e-01
-3.14e-01
8.87e-01
9.07e-01
-6.89e-01
-8.09e-01
-4.60e-01
-3.25e-01
6.62e-01
-1.48e-02
3.86e-01
8.02e-01
8.18e-02
-1.97e-01
-4.72e-01
-8.88e-01
7.31e-01
2.69e-01
7.76e-02
-5.05e-01
-7.58e-01
-4.51e-01
2.38e-01
5.59e-01
-4.85e-01
3.22e-01
8.05e-01
-1.41e-01
6.12e-01
-4.84e-01
-3.01e-01
1.40e-01
4.54e-01
-9.71e-01
-3.03e-02
-5.84e-01
-6.24e-01
-8.74e-01
-6.45e-01
-2.54e-01
6.30e-01
-9.71e-01
1.44e-01
-9.03e-01
5.64e-01
-9.30e-01
9.48e-01
-3.25e-01
1.81e-01
3.39e-01
9.49e-01
9.22e-01
4.14e-01
4.21e-01
