5.21e-01
7.17e-01
2.70e-01
-5.46e-03
-1.69e-01
5.87e-01
1.83e-01
-5.55e-01
2.98e-01
-5.27e-01
4.52e-01
-3.82e-01
-2.79e-01
5.85e-01
5.05e-01
-2.72e-02
-5.76e-01
5.08e-01
-1.92e-01
8.00e-01
-2.90e-01
-4.26e-01
4.62e-01
-9.97e-01
8.39e-01
-2.71e-01
-5.81e-01
6.09e-01
4.91e-01
-2.30e-01
9.86e-01
4.88e-01
6.95e-01
1.58e-01
-7.13e-01
-5.10e-01
-6.17e-01
-4.55e-01
1.58e-01
-2.88e-01
8.57e-01
-6.23e-01
-4.48e-02
7.95e-01
-1.90e-01
-2.09e-01
8.30e-01
2.68e-01
-8.83e-01
-2.81e-01
8.94e-01
-9.66e-01
-9.92e-01
-8.72e-01
-4.34e-01
2.91e-01
7.72e-01
5.63e-01
2.15e-01
-9.90e-01
-6.58e-01
6.47e-01
1.54e-01
-1.20e-01
4.34e-01
-9.37e-01
-6.20e-01
5.57e-01
1.69e-01
-3.53e-01
-7.44e-01
5.07e-01
5.72e-01
-3.61e-01
-2.67e-01
2.81e-01
-6.23e-02
1.70e-02
-7.79e-01
1.93e-01
-6.37e-01
-8.52e-02
-2.82e-01
5.33e-01
2.56e-01
6.77e-01
7.39e-01
-1.28e-01
9.40e-01
8.25e-01
-9.37e-01
9.45e-01
-1.14e-01
6.97e-01
-1.24e-01
-4.98e-01
2.03e-01
3.76e-01
-4.11e-01
-2.85e-01
2.01e-01
-2.80e-01
-4.71e-01
5.50e-01
-9.73e-02
-6.94e-01
3.54e-01
-7.51e-01
7.06e-01
-7.64e-01
6.52e-01
9.30e-03
-9.05e-01
1.34e-01
8.84e-01
-8.16e-01
5.87e-01
7.78e-01
7.43e-01
-2.86e-01
-9.85e-01
1.38e-02
-7.74e-01
8.84e-01
1.13e-01
1.01e-01
-1.92e-01
-5.64e-01
-2.24e-02
-1.97e-01
3.66e-02
5.37e-01
3.57e-01
4.50e-01
-6.71e-03
-9.81e-01
-3.76e-01
4.20e-01
6.25e-01
9.08e-02
-6.67e-01
-1.08e-01
-1.72e-01
3.99e-01
-6.30e-01
3.48e-01
9.77e-01
-7.40e-01
8.84e-02
-4.96e-01
6.76e-02
4.30e-01
5.90e-01
4.02e-01
4.73e-01
-7.21e-01
3.08e-01
-9.37e-01
-5.42e-01
1.49e-01
-3.71e-01
1.82e-01
-5.27e-01
8.39e-01
1.38e-01
-4.43e-01
8.50e-01
3.10e-01
-3.13e-01
-8.00e-01
-2.10e-01
-7.68e-01
-2.62e-01
-3.08e-01
7.36e-02
9.57e-01
6.71e-01
6.99e-01
6.36e-01
4.95e-01
-2.53e-01
-4.70e-01
-3.90e-01
3.94e-01
-3.56e-01
-5.13e-01
2.75e-01
-5.67e-02
-5.11e-01
5.86e-01
-3.32e-01
9.18e-02
4.50e-01
-1.42e-01
-5.79e-01
-9.90e-01
-9.04e-01
-1.58e-01
-5.85e-01
-7.40e-01
1.21e-01
6.47e-02
6.63e-01
9.80e-01
5.39e-01
-7.55e-01
-6.98e-01
-9.73e-01
-6.73e-01
2.97e-01
-4.15e-01
3.84e-01
9.48e-01
7.14e-01
7.38e-01
4.21e-01
6.32e-01
6.22e-01
-8.23e-01
7.69e-01
-1.10e-01
-2.29e-01
-5.31e-01
6.18e-01
3.55e-01
-5.56e-01
-1.63e-01
-5.92e-01
6.52e-01
-9.93e-01
8.07e-02
9.55e-02
9.56e-01
-2.73e-01
4.37e-01
-4.23e-01
9.22e-01
1.31e-01
-8.37e-02
8.92e-01
-3.48e-01
-4.10e-01
-4.14e-01
2.93e-01
7.82e-01
-5.75e-01
-9.42e-01
-7.88e-01
-7.86e-01
2.73e-01
-4.30e-01
-6.16e-01
-5.66e-01
9.69e-01
-1.16e-01
-3.43e-01
-2.71e-01
-1.14e-01
6.39e-01
5.17e-01
-8.36e-01
-1.96e-01
9.37e-01
-4.74e-01
7.15e-01
