-9.29e-01
3.32e-01
4.71e-01
9.95e-01
4.92e-01
-5.88e-01
2.73e-01
9.29e-02
-2.98e-01
-1.25e-01
5.62e-01
-8.04e-02
-2.22e-01
2.04e-01
6.43e-01
8.09e-01
6.05e-01
-6.23e-01
-9.53e-01
5.52e-01
4.39e-01
-7.62e-01
-5.81e-01
7.41e-01
7.26e-01
-4.78e-01
-7.35e-01
4.61e-01
9.02e-02
-1.15e-01
-2.88e-01
5.15e-02
4.80e-01
5.18e-01
4.21e-01
-1.42e-01
-3.02e-01
-1.53e-01
-4.91e-01
8.11e-01
4.70e-01
7.35e-01
3.42e-01
7.52e-01
9.78e-01
-2.38e-01
-4.50e-01
-3.98e-01
8.92e-01
6.07e-01
-4.73e-01
9.80e-01
6.95e-01
-7.20e-02
5.74e-02
7.13e-01
2.56e-01
-3.28e-01
7.15e-01
-6.73e-01
-3.56e-02
1.74e-01
-3.37e-01
6.36e-01
3.62e-01
-2.13e-01
4.26e-01
2.44e-01
-4.50e-01
-9.62e-01
5.49e-01
8.72e-01
2.36e-02
3.97e-01
7.42e-01
3.49e-01
2.14e-01
-8.17e-02
2.49e-01
-1.29e-01
-2.24e-01
-8.84e-02
-7.29e-01
-6.71e-01
6.68e-01
8.59e-01
6.26e-01
8.72e-01
7.67e-01
7.04e-01
-7.64e-01
-7.64e-01
8.02e-01
2.31e-01
9.23e-01
4.45e-01
4.89e-01
-5.20e-01
2.70e-01
4.74e-01
9.18e-02
2.15e-01
-3.34e-01
5.12e-01
-4.91e-01
6.35e-01
6.49e-01
5.06e-01
-6.92e-01
4.39e-01
-7.54e-01
-5.67e-01
5.47e-01
-3.15e-02
-1.72e-01
-6.67e-02
-8.88e-01
9.78e-01
4.15e-01
3.96e-01
-2.32e-02
2.09e-02
-8.33e-01
1.14e-01
-2.85e-01
8.37e-01
-7.46e-01
-1.66e-01
-8.86e-01
-2.22e-01
5.73e-01
8.34e-01
-4.64e-01
5.74e-01
6.00e-01
-3.62e-01
-4.19e-01
-6.29e-01
7.45e-01
-7.47e-01
-2.79e-01
-3.60e-01
8.57e-01
6.38e-02
-9.01e-01
-4.94e-01
-9.23e-01
-9.65e-01
-4.78e-02
-9.02e-01
6.89e-01
1.15e-01
-9.71e-01
8.64e-01
-7.62e-01
-6.33e-01
1.72e-01
-1.28e-02
-2.85e-01
-3.39e-01
-5.82e-01
-2.07e-01
-5.25e-01
9.38e-01
-8.29e-01
-9.89e-01
8.18e-01
-7.54e-01
-4.86e-02
9.43e-01
3.80e-01
-9.85e-01
9.48e-02
-9.64e-03
6.59e-01
-5.30e-01
-2.38e-01
5.19e-01
-5.07e-01
-5.92e-01
-4.35e-01
-4.75e-01
-8.39e-01
6.56e-01
7.76e-01
-8.38e-01
-5.32e-01
6.42e-03
-9.17e-01
6.45e-01
2.73e-01
7.51e-02
4.61e-01
3.48e-01
2.20e-01
9.27e-01
-9.85e-01
9.24e-01
4.28e-01
-6.42e-01
3.79e-03
2.19e-01
5.06e-01
-5.50e-02
-2.74e-01
1.29e-01
-2.93e-01
-6.04e-01
-5.26e-01
-5.70e-01
-4.15e-01
3.84e-01
9.48e-01
9.15e-01
-4.16e-02
4.21e-01
6.32e-01
6.22e-01
-8.23e-01
7.69e-01
-1.10e-01
-2.29e-01
8.02e-01
8.18e-02
-1.97e-01
-4.72e-01
-8.88e-01
7.31e-01
2.69e-01
7.76e-02
-5.05e-01
-7.58e-01
-4.51e-01
2.38e-01
5.59e-01
-4.85e-01
3.22e-01
8.05e-01
-1.41e-01
6.12e-01
-4.84e-01
-5.83e-01
1.40e-01
4.54e-01
1.21e-01
-3.03e-02
-5.84e-01
-6.24e-01
-8.74e-01
-6.45e-01
-2.54e-01
6.30e-01
-6.26e-02
1.44e-01
-9.03e-01
5.64e-01
-9.30e-01
9.48e-01
-3.25e-01
1.81e-01
3.39e-01
9.49e-01
9.22e-01
4.14e-01
4.21e-01
