-8.75e-01
3.32e-01
-8.96e-01
-5.94e-01
7.32e-01
9.46e-01
2.00e-01
-7.42e-01
-4.77e-01
-7.95e-01
8.21e-01
1.82e-01
-4.52e-02
1.12e-01
4.90e-01
5.33e-01
-9.83e-01
-7.36e-01
-7.31e-01
-2.69e-01
2.39e-01
-8.14e-01
3.58e-01
-4.93e-02
9.93e-02
2.60e-01
5.36e-01
6.01e-01
-1.34e-02
-7.51e-01
-5.17e-01
-8.18e-01
-1.31e-01
-5.30e-01
8.94e-01
-5.72e-01
-7.01e-01
1.51e-01
5.64e-01
3.10e-01
-1.39e-02
-3.47e-02
3.55e-01
-6.75e-01
6.23e-01
8.25e-01
9.28e-01
1.94e-01
8.92e-01
6.07e-01
-4.73e-01
9.80e-01
6.95e-01
-7.20e-02
5.74e-02
7.13e-01
5.46e-02
6.39e-01
1.72e-01
7.06e-01
-6.43e-01
5.47e-01
-4.90e-01
1.21e-01
7.48e-01
-1.97e-01
2.98e-01
-2.46e-01
-1.20e-01
5.61e-01
-6.12e-01
-9.91e-02
9.40e-01
6.47e-01
1.35e-01
9.49e-01
9.61e-01
8.22e-01
2.21e-01
2.47e-03
-9.79e-01
1.29e-01
-2.38e-02
6.34e-01
-3.31e-03
-2.27e-01
8.18e-03
-9.44e-01
-8.76e-01
-6.39e-01
-9.93e-01
-5.16e-01
6.24e-01
-9.47e-02
-4.76e-01
-1.57e-01
-7.58e-01
-7.76e-01
9.52e-01
-8.49e-01
4.11e-01
-2.26e-01
5.59e-01
-8.17e-01
-4.91e-01
6.35e-01
9.77e-02
6.85e-01
-3.39e-01
-3.89e-01
1.20e-01
-3.18e-02
-4.03e-01
-5.93e-01
1.12e-01
-9.41e-01
-3.51e-01
-4.82e-01
4.15e-01
3.96e-01
-2.32e-02
2.09e-02
-8.33e-01
-4.74e-01
4.16e-01
-3.18e-01
-2.38e-01
3.43e-01
-8.43e-01
-8.21e-01
-3.69e-01
-7.38e-02
1.28e-01
-9.82e-01
1.15e-01
-5.76e-01
2.96e-01
-7.65e-01
-3.69e-01
8.08e-01
-6.69e-01
-3.24e-01
-6.98e-01
5.24e-01
4.76e-01
5.02e-01
-7.07e-01
-9.94e-02
7.91e-01
1.62e-01
1.17e-01
-9.24e-02
6.91e-01
6.78e-01
1.70e-01
-3.00e-01
5.43e-01
-1.87e-01
8.08e-01
8.21e-01
2.62e-01
4.19e-01
-9.20e-01
4.99e-01
-7.63e-01
6.84e-01
8.18e-01
6.46e-01
2.31e-01
-5.65e-01
-5.79e-01
3.67e-01
8.87e-01
8.76e-01
-9.28e-01
6.80e-01
6.65e-01
-8.58e-01
-8.86e-01
8.41e-01
-2.14e-01
-4.54e-01
-8.35e-01
7.92e-01
2.71e-01
2.36e-01
-9.89e-01
-9.48e-01
8.25e-01
7.12e-01
-8.82e-01
8.35e-01
-4.91e-02
7.27e-01
5.18e-01
2.90e-01
-4.00e-01
-3.80e-01
-7.61e-01
4.31e-01
3.79e-03
2.19e-01
5.06e-01
-5.50e-02
-2.74e-01
-2.58e-01
-3.86e-02
1.85e-01
-4.68e-01
-6.30e-01
-5.25e-01
5.88e-01
-8.38e-01
9.15e-01
-4.16e-02
4.21e-01
6.32e-01
6.22e-01
-8.23e-01
7.69e-01
-1.10e-01
-2.29e-01
8.02e-01
8.18e-02
-1.97e-01
6.23e-01
-8.22e-01
-9.58e-02
-2.65e-01
6.37e-01
1.88e-01
-2.53e-01
-5.37e-01
2.54e-01
5.61e-01
5.69e-01
3.22e-01
8.05e-01
-1.41e-01
6.12e-01
-4.84e-01
-3.01e-01
1.40e-01
4.54e-01
1.21e-01
-3.03e-02
-5.84e-01
-6.24e-01
-8.74e-01
-6.45e-01
-2.54e-01
6.30e-01
-9.71e-01
1.44e-01
-9.03e-01
-3.51e-01
-9.00e-01
7.27e-01
1.02e-01
-7.67e-01
3.39e-01
9.49e-01
9.22e-01
4.14e-01
4.21e-01
