5.32e-01
9.49e-01
1.38e-02
-6.14e-01
5.53e-01
-2.50e-01
-2.09e-01
7.29e-01
8.12e-01
9.60e-01
8.21e-01
-3.71e-01
9.46e-01
6.01e-02
4.48e-01
8.22e-01
-3.16e-01
-2.13e-01
-3.10e-01
4.13e-01
2.25e-01
2.05e-01
6.60e-01
-7.73e-01
7.51e-01
4.00e-01
-2.99e-01
-9.49e-01
9.45e-01
4.48e-01
-5.86e-01
1.85e-01
-9.76e-01
-4.99e-01
9.14e-01
3.12e-02
3.40e-01
4.94e-01
-2.08e-01
2.29e-01
-4.72e-01
-4.49e-02
-5.63e-01
5.96e-01
9.78e-01
3.60e-01
-1.32e-01
8.61e-01
5.54e-01
-5.67e-01
4.48e-01
8.59e-01
-1.51e-01
-3.01e-01
-3.28e-02
7.65e-02
2.56e-01
1.05e-03
-6.39e-01
8.70e-01
-7.73e-01
-9.00e-02
-1.71e-02
4.08e-01
3.62e-01
4.60e-01
4.15e-01
-3.22e-01
2.78e-01
-9.40e-01
5.49e-01
8.72e-01
2.36e-02
3.97e-01
7.42e-01
3.49e-01
2.14e-01
-8.17e-02
2.49e-01
-4.37e-01
3.50e-01
9.91e-01
-2.42e-01
-2.17e-01
8.43e-01
-8.30e-01
2.55e-01
4.51e-01
6.79e-01
5.15e-01
-8.62e-01
-9.46e-02
4.71e-01
8.37e-01
6.05e-01
7.83e-01
5.65e-01
4.19e-02
-8.31e-01
5.80e-01
-8.00e-02
-3.06e-01
-4.42e-01
8.99e-01
-8.41e-01
4.39e-01
6.49e-01
5.06e-01
-6.92e-01
6.44e-02
-3.05e-01
-3.99e-01
-6.28e-01
5.26e-01
-5.98e-01
8.25e-01
-8.38e-01
6.67e-01
-3.13e-01
4.47e-01
4.38e-01
8.34e-01
-8.33e-01
-4.74e-01
4.16e-01
-3.18e-01
-2.09e-01
-9.78e-01
-8.43e-01
-8.21e-01
-3.69e-01
-7.38e-02
1.28e-01
-9.82e-01
1.15e-01
-5.76e-01
2.96e-01
-7.65e-01
-3.69e-01
8.08e-01
-6.69e-01
-3.24e-01
-6.98e-01
5.24e-01
4.76e-01
5.02e-01
-7.07e-01
-9.94e-02
7.91e-01
1.62e-01
1.17e-01
-9.24e-02
-6.46e-01
8.83e-01
-5.02e-01
-7.77e-01
-2.94e-01
8.26e-01
-7.31e-02
4.70e-02
-6.49e-01
-1.26e-01
2.19e-02
-5.91e-01
3.53e-01
3.95e-01
6.76e-02
3.46e-01
-7.94e-01
-8.80e-01
-7.45e-01
6.23e-01
-6.74e-02
-7.04e-01
-4.07e-01
9.80e-01
-5.15e-01
7.27e-01
3.31e-01
8.86e-01
-6.03e-01
-6.19e-01
2.97e-01
6.38e-01
-2.35e-01
3.67e-01
6.43e-01
-9.07e-01
3.62e-01
-5.92e-01
2.73e-01
7.51e-02
4.61e-01
3.48e-01
2.20e-01
9.27e-01
-3.19e-01
6.56e-01
5.81e-01
3.76e-01
1.21e-01
6.47e-02
6.63e-01
9.80e-01
5.39e-01
-7.55e-01
-6.98e-01
-9.73e-01
-6.73e-01
-5.70e-01
-4.15e-01
-3.54e-02
4.73e-01
2.22e-01
-8.15e-01
-7.35e-01
-1.74e-01
5.50e-01
6.42e-01
7.69e-01
-1.10e-01
-2.29e-01
-5.31e-01
6.18e-01
3.55e-01
-5.56e-01
-1.63e-01
-5.92e-01
-3.83e-01
-7.05e-01
2.91e-02
2.15e-03
3.84e-01
2.29e-01
8.46e-01
7.67e-01
9.01e-01
4.11e-01
5.98e-01
6.12e-01
-4.84e-01
-5.83e-01
1.40e-01
4.54e-01
1.21e-01
-3.03e-02
-5.84e-01
-6.24e-01
1.93e-01
7.51e-01
2.19e-01
-1.71e-01
7.19e-01
-4.81e-01
5.39e-02
-9.45e-01
9.16e-01
-1.03e-01
7.41e-01
3.74e-01
-2.09e-01
-4.87e-01
6.36e-01
1.30e-01
-9.94e-01
