2.95e-01
3.70e-01
2.73e-01
7.19e-01
-6.23e-01
-3.45e-02
4.44e-01
3.92e-01
-3.32e-01
-5.26e-01
3.71e-01
-1.90e-01
7.01e-01
1.34e-01
9.28e-01
-9.02e-01
2.57e-01
-1.09e-02
-3.45e-01
4.13e-01
-6.56e-01
2.33e-01
-6.67e-01
1.15e-01
-2.00e-02
-9.11e-01
-5.88e-01
2.18e-01
2.38e-01
-9.97e-01
1.48e-01
-5.07e-01
8.10e-01
1.12e-01
-9.71e-01
3.90e-01
-3.67e-01
-2.69e-02
-3.55e-01
-8.63e-01
-1.39e-01
4.28e-01
3.29e-01
9.89e-01
-5.81e-01
-2.11e-01
4.63e-01
1.88e-01
-5.01e-01
-9.39e-01
-3.70e-01
-1.07e-01
-8.49e-01
4.77e-01
-8.00e-01
-8.63e-01
-9.81e-01
-3.24e-01
-9.57e-01
-1.16e-01
5.13e-01
8.05e-01
6.80e-01
6.94e-01
6.93e-01
-5.02e-01
-2.40e-01
7.84e-01
-8.70e-01
-2.55e-01
7.72e-01
9.80e-01
2.02e-01
-7.06e-01
3.65e-01
-5.74e-01
1.29e-01
-1.12e-01
5.60e-01
4.17e-01
9.73e-01
3.29e-01
-6.01e-01
4.54e-01
3.82e-01
-8.68e-01
8.52e-01
9.91e-02
8.79e-01
-3.51e-01
6.13e-01
8.49e-01
7.33e-01
8.57e-01
-1.32e-01
8.87e-01
-2.87e-01
4.80e-02
7.67e-01
-6.01e-01
1.90e-02
4.88e-01
-3.61e-01
9.39e-01
-9.45e-01
1.50e-01
2.81e-01
-4.76e-01
5.73e-01
9.86e-01
-6.81e-01
6.72e-01
-5.22e-01
6.01e-01
4.50e-01
-3.31e-01
4.90e-01
2.42e-01
6.73e-01
1.95e-01
-3.77e-01
8.48e-01
-9.34e-01
5.36e-01
-3.60e-01
-8.04e-01
-5.81e-01
-4.21e-01
8.75e-01
4.10e-01
9.34e-01
3.85e-01
-3.65e-01
-7.55e-01
5.37e-01
1.32e-01
3.85e-01
-9.62e-01
9.80e-01
4.11e-01
9.33e-01
6.81e-01
9.77e-01
7.78e-01
8.04e-01
2.02e-01
5.06e-01
4.05e-01
-9.77e-02
-3.70e-01
6.65e-01
4.21e-01
3.33e-01
3.63e-01
-7.77e-01
5.93e-01
9.60e-01
-8.22e-03
-6.15e-02
-2.50e-01
4.94e-01
-4.56e-01
-4.25e-01
7.65e-01
9.17e-01
1.24e-01
2.86e-01
-5.27e-02
-8.47e-01
-9.14e-01
-8.91e-01
5.49e-01
2.26e-01
-8.79e-01
-3.89e-01
3.36e-01
1.71e-01
7.61e-01
7.76e-01
9.38e-01
8.77e-01
1.55e-01
-9.82e-01
1.10e-01
-4.86e-01
1.17e-01
-1.18e-01
7.44e-01
-5.87e-03
-8.19e-02
2.26e-01
-5.25e-02
-4.69e-01
-5.85e-01
-3.92e-01
-3.92e-01
-6.15e-01
-8.19e-01
4.67e-01
8.71e-01
9.18e-01
4.97e-01
-3.31e-01
6.64e-01
-2.10e-01
1.56e-02
7.06e-01
-6.97e-01
7.65e-01
6.73e-01
9.64e-01
6.81e-01
9.69e-01
7.80e-01
-6.06e-01
-1.17e-01
5.17e-01
-2.52e-01
-1.95e-01
1.67e-01
-2.45e-01
5.24e-01
-9.78e-01
-2.95e-01
6.77e-01
6.60e-01
1.83e-01
-1.83e-01
-5.73e-01
2.44e-02
3.98e-03
2.63e-01
4.97e-02
6.69e-01
-9.74e-01
3.32e-01
6.65e-01
1.16e-01
8.18e-01
-8.63e-01
1.31e-01
-7.56e-01
2.27e-01
-9.92e-01
-9.11e-01
-6.71e-01
-8.11e-01
3.05e-01
1.94e-01
5.01e-01
-8.94e-01
-3.88e-01
-8.13e-01
6.19e-01
6.93e-01
-2.32e-01
-6.99e-01
-2.14e-01
3.61e-01
-2.08e-01
4.40e-03
-4.18e-01
4.10e-01
-9.10e-01
-4.46e-01
