-4.62e-02
-6.69e-01
-9.46e-01
5.35e-01
-3.28e-01
-6.46e-02
-8.27e-01
7.31e-01
7.71e-02
3.62e-01
6.60e-01
5.41e-01
5.94e-01
-7.11e-01
-7.20e-02
-4.41e-01
-7.90e-01
6.63e-01
-6.86e-01
-7.03e-01
-9.59e-01
-7.84e-01
8.10e-01
1.35e-01
-4.33e-01
7.43e-01
4.16e-01
7.98e-01
-9.72e-01
-3.86e-01
-3.12e-01
-8.34e-01
8.40e-01
1.95e-01
-7.81e-02
-6.35e-01
-1.91e-01
-7.63e-01
5.43e-01
2.44e-02
-7.71e-01
4.72e-01
-5.89e-01
3.52e-01
-6.62e-01
-5.24e-01
-9.07e-01
2.47e-01
-8.76e-01
4.64e-01
-6.46e-01
2.41e-01
-4.35e-01
-6.47e-01
2.63e-01
-2.37e-01
-6.23e-01
-6.57e-01
-8.18e-01
9.08e-02
-7.59e-01
2.52e-01
9.22e-01
-2.55e-02
5.87e-01
-4.08e-03
2.76e-01
4.73e-01
-2.26e-01
-3.79e-01
-2.20e-01
1.35e-01
6.69e-01
1.29e-01
9.25e-01
8.66e-01
5.44e-02
-6.20e-01
1.89e-02
6.61e-01
-7.59e-02
-9.47e-01
4.74e-01
2.91e-01
-1.34e-01
-5.42e-01
-8.51e-01
-8.80e-01
-8.53e-01
-6.76e-01
-5.70e-01
-4.71e-03
-1.52e-01
-4.85e-01
6.01e-01
1.91e-01
9.76e-01
3.25e-01
-9.22e-01
-6.98e-01
5.28e-01
-1.51e-02
-8.32e-01
2.57e-01
-1.70e-01
6.94e-01
-1.90e-01
-8.98e-01
1.82e-01
1.70e-01
9.08e-01
-6.01e-02
2.32e-01
3.81e-01
-5.53e-01
6.58e-01
-7.92e-01
-4.74e-01
2.99e-01
-6.27e-01
4.15e-01
8.46e-01
-1.20e-01
-8.35e-01
4.67e-01
-3.81e-01
-8.50e-01
-7.14e-01
7.26e-01
3.54e-01
8.48e-01
5.78e-01
3.97e-01
8.54e-03
5.63e-01
2.63e-01
6.88e-01
-7.70e-01
-7.86e-01
7.73e-01
-5.79e-01
-8.22e-01
-8.01e-01
-5.74e-01
-4.78e-01
3.62e-01
8.23e-01
-3.66e-02
-7.45e-02
-4.00e-02
5.81e-02
1.91e-01
-2.56e-01
-1.29e-01
-2.44e-01
3.57e-01
7.67e-01
-7.03e-01
5.66e-01
4.83e-02
9.00e-01
9.94e-01
-8.87e-01
8.64e-01
-9.32e-02
2.96e-01
6.47e-01
3.95e-01
7.56e-01
4.81e-01
-8.08e-01
-3.72e-02
7.44e-01
9.49e-01
5.26e-01
2.62e-01
4.35e-01
2.68e-01
-2.51e-02
9.01e-01
-6.40e-01
5.58e-01
5.89e-01
1.09e-01
4.74e-01
-5.26e-01
2.90e-01
-2.58e-02
7.84e-01
-7.03e-01
-1.62e-01
-4.65e-01
-7.60e-01
1.35e-01
8.22e-01
6.63e-01
8.86e-01
3.45e-01
8.33e-01
7.43e-01
5.32e-01
5.49e-01
-7.16e-01
2.93e-01
7.62e-01
-6.25e-01
-3.31e-01
7.75e-01
-8.84e-01
6.81e-01
4.27e-01
7.60e-01
-5.85e-01
4.82e-01
-9.76e-02
9.37e-01
-8.02e-01
7.17e-01
-8.92e-01
6.14e-01
-2.88e-01
-1.44e-01
7.37e-01
-6.83e-01
-6.97e-01
-4.85e-01
9.23e-02
-1.23e-01
9.17e-02
-8.14e-01
-1.80e-01
9.79e-01
7.27e-01
-8.28e-01
-3.00e-01
-8.09e-01
9.27e-01
-6.34e-01
8.09e-01
-3.21e-01
3.95e-01
-8.42e-03
-4.32e-01
3.40e-01
2.99e-01
9.65e-02
5.52e-01
1.82e-01
4.84e-01
-2.80e-02
1.47e-01
9.30e-01
-4.41e-01
3.18e-01
-3.77e-02
9.07e-01
-3.01e-01
9.89e-01
-3.44e-01
6.13e-01
-2.28e-01
-4.57e-01
-6.95e-01
8.64e-01
1.56e-01
