-5.11e-01
1.61e-01
-5.02e-01
-8.37e-01
-6.23e-01
-3.45e-02
4.44e-01
3.92e-01
-3.32e-01
-5.26e-01
-8.19e-01
1.12e-01
1.24e-01
-3.97e-01
9.73e-01
2.01e-01
6.42e-01
4.11e-01
-6.47e-01
5.75e-01
5.07e-01
-4.09e-01
-5.47e-01
-2.12e-01
2.19e-01
-6.70e-01
1.96e-01
-8.09e-01
-2.82e-01
-5.46e-01
9.29e-01
-6.27e-01
-2.46e-01
3.32e-01
-1.50e-01
4.17e-01
-1.04e-01
-5.94e-01
7.64e-01
2.30e-01
-5.70e-01
6.88e-01
8.58e-01
7.01e-01
9.25e-01
1.70e-01
3.75e-01
-6.45e-01
-2.02e-02
-8.71e-01
9.06e-01
-6.13e-01
1.80e-01
-7.82e-01
3.51e-01
8.82e-01
5.23e-02
-9.04e-01
-7.54e-01
-2.65e-01
4.65e-01
7.12e-01
-6.71e-01
-2.04e-01
6.93e-01
-5.02e-01
2.02e-01
7.84e-01
-8.70e-01
-2.55e-01
7.72e-01
9.80e-01
-2.40e-01
-7.06e-01
3.65e-01
-5.74e-01
1.29e-01
-1.12e-01
5.60e-01
7.65e-01
9.73e-01
3.29e-01
-6.01e-01
4.54e-01
3.82e-01
-8.68e-01
8.52e-01
9.91e-02
8.79e-01
-3.51e-01
6.13e-01
8.49e-01
7.33e-01
8.57e-01
-1.32e-01
8.87e-01
-2.87e-01
4.80e-02
7.67e-01
-6.01e-01
1.90e-02
4.88e-01
-3.61e-01
9.39e-01
-9.45e-01
1.50e-01
2.81e-01
-4.76e-01
5.73e-01
9.86e-01
-6.81e-01
6.72e-01
-5.22e-01
6.01e-01
4.50e-01
-3.31e-01
4.90e-01
2.42e-01
6.73e-01
1.95e-01
-3.77e-01
8.48e-01
-9.34e-01
5.36e-01
-3.60e-01
-8.04e-01
-5.81e-01
-4.21e-01
8.75e-01
4.10e-01
7.11e-01
5.76e-01
5.67e-01
6.78e-01
-2.70e-01
3.05e-01
9.46e-01
-1.57e-01
-8.25e-02
6.16e-01
-2.14e-01
7.14e-01
-6.47e-01
-8.84e-02
-5.00e-01
2.12e-01
-9.25e-01
7.55e-01
5.06e-01
-7.63e-01
8.34e-01
-7.10e-01
3.33e-01
3.63e-01
-7.77e-01
5.93e-01
9.60e-01
-8.22e-03
-6.15e-02
-2.50e-01
4.94e-01
-4.56e-01
-4.25e-01
4.17e-01
9.17e-01
1.24e-01
2.86e-01
-5.27e-02
-8.47e-01
-9.14e-01
-8.91e-01
5.49e-01
2.26e-01
-8.79e-01
-3.89e-01
3.36e-01
1.71e-01
7.61e-01
3.85e-01
9.38e-01
8.77e-01
1.55e-01
-9.82e-01
1.10e-01
-4.86e-01
1.17e-01
-1.18e-01
7.44e-01
-5.87e-03
-8.19e-02
2.26e-01
-5.25e-02
-4.69e-01
-5.85e-01
-3.92e-01
-3.92e-01
-6.15e-01
3.71e-01
4.67e-01
8.71e-01
9.18e-01
4.97e-01
-3.31e-01
6.64e-01
-2.10e-01
1.56e-02
7.06e-01
-6.97e-01
7.65e-01
6.44e-01
9.64e-01
6.81e-01
9.69e-01
7.80e-01
-6.06e-01
-1.17e-01
5.17e-01
-2.52e-01
-1.95e-01
1.67e-01
-2.45e-01
5.24e-01
-9.78e-01
-2.95e-01
6.77e-01
6.60e-01
1.83e-01
-1.83e-01
-5.73e-01
2.44e-02
3.98e-03
2.63e-01
4.97e-02
4.77e-01
-9.74e-01
3.32e-01
6.65e-01
1.16e-01
8.18e-01
-9.37e-01
1.31e-01
-7.56e-01
2.27e-01
-9.92e-01
-9.11e-01
-6.71e-01
-8.11e-01
3.05e-01
1.94e-01
5.01e-01
-8.94e-01
-3.88e-01
-8.13e-01
6.19e-01
6.93e-01
-2.32e-01
-6.99e-01
-2.14e-01
3.61e-01
-2.08e-01
4.40e-03
-4.18e-01
-7.99e-01
-9.10e-01
-4.46e-01
