3.30e-01
-5.20e-02
6.85e-01
-1.12e-01
-5.22e-01
-8.89e-02
1.01e-01
2.16e-02
-1.48e-01
8.58e-01
-8.32e-01
-1.42e-01
2.27e-01
8.01e-01
1.82e-01
-9.01e-01
-8.00e-01
7.73e-01
-7.95e-02
1.16e-01
7.88e-01
-3.05e-01
9.98e-01
9.92e-01
-5.04e-03
5.61e-01
-8.63e-02
-3.59e-01
-8.56e-01
5.30e-01
-9.90e-01
7.37e-01
-9.99e-01
-8.83e-01
4.44e-01
-7.05e-01
-8.68e-01
2.51e-01
4.46e-01
7.33e-01
5.63e-01
-4.51e-01
6.58e-01
-1.02e-01
8.38e-01
-7.54e-01
-9.71e-01
9.27e-02
8.84e-01
-8.74e-01
-6.71e-01
5.25e-01
-6.88e-01
3.88e-01
8.18e-01
2.00e-01
-9.83e-01
6.32e-01
-9.16e-01
-4.78e-01
9.31e-01
7.99e-01
-3.85e-01
-7.03e-01
5.04e-01
4.69e-01
6.50e-01
-4.45e-01
-6.14e-01
7.61e-01
1.63e-01
-5.29e-01
8.37e-01
6.39e-01
-8.71e-01
3.01e-01
1.21e-01
-1.30e-01
-9.54e-01
-9.26e-01
7.04e-01
-8.87e-01
7.10e-01
-4.18e-01
8.84e-01
2.70e-01
8.01e-01
-5.10e-01
4.18e-02
-1.21e-01
9.98e-01
1.17e-01
-6.56e-01
8.75e-01
7.52e-01
-6.28e-02
-3.00e-01
-6.87e-01
8.67e-01
3.47e-01
-5.31e-01
-3.99e-01
-9.83e-01
-7.99e-01
7.27e-01
-2.76e-01
-8.93e-02
-2.59e-01
4.86e-01
4.90e-02
-1.65e-01
-4.11e-01
-7.20e-01
1.72e-02
-8.73e-01
-9.25e-01
6.31e-01
5.42e-01
2.89e-01
3.84e-01
4.41e-01
-6.87e-01
2.42e-01
8.09e-01
3.93e-03
8.72e-01
-9.83e-02
4.47e-01
-9.68e-01
-2.77e-01
6.77e-02
-8.82e-01
9.03e-01
-9.50e-01
1.97e-01
-1.96e-01
-8.92e-01
-6.89e-01
-6.21e-01
7.65e-01
2.39e-01
-2.47e-01
3.90e-01
8.98e-01
2.20e-01
4.71e-01
-6.01e-01
-7.05e-01
-9.39e-01
-1.78e-01
-9.48e-01
-4.86e-01
-2.72e-01
9.19e-02
7.31e-01
-4.06e-01
-1.91e-01
-8.77e-02
2.20e-01
7.22e-02
4.14e-01
-5.35e-01
5.58e-01
-7.64e-01
9.21e-01
9.72e-01
-6.33e-01
4.24e-01
-9.85e-01
3.52e-01
6.20e-01
6.71e-02
-8.04e-01
8.11e-01
-5.01e-01
-3.42e-01
9.64e-01
-2.31e-01
-1.63e-01
9.52e-01
-4.35e-01
-2.82e-01
-4.66e-01
-2.31e-01
-4.58e-01
-2.96e-01
1.89e-01
8.88e-01
4.86e-01
7.71e-01
1.78e-01
7.83e-01
4.12e-01
9.19e-01
-5.81e-01
-7.94e-02
-4.08e-01
7.85e-01
8.21e-01
-9.71e-01
-3.74e-01
7.98e-01
3.58e-01
6.53e-01
8.58e-02
-5.02e-02
-8.11e-01
3.41e-01
2.46e-03
-2.46e-01
4.87e-01
5.49e-01
-1.76e-01
7.74e-01
-7.36e-01
2.08e-01
3.36e-01
-3.63e-01
5.26e-01
-3.17e-01
8.05e-01
9.94e-01
6.17e-01
-5.70e-01
-1.66e-01
-6.23e-01
2.54e-01
3.93e-02
-8.72e-01
-8.34e-01
-4.82e-01
2.00e-01
1.54e-01
-6.72e-01
7.83e-01
6.86e-02
-9.47e-01
5.57e-01
5.97e-01
-2.05e-01
-9.18e-04
-9.58e-01
2.86e-01
-4.78e-01
2.92e-01
5.59e-01
6.74e-01
-9.23e-01
8.73e-01
1.39e-01
-1.16e-01
-6.37e-01
-7.00e-01
-9.26e-02
-6.26e-01
-3.72e-01
3.54e-01
7.58e-01
-2.89e-01
6.87e-01
-6.43e-01
-5.11e-01
4.55e-02
-2.24e-01
-5.33e-01
