-8.70e-01
1.07e-01
-4.19e-01
2.80e-01
-7.46e-01
6.80e-01
2.84e-01
-1.17e-01
6.64e-01
3.42e-01
-5.01e-01
-1.15e-01
-1.15e-01
-8.97e-01
6.07e-01
8.43e-01
1.69e-01
4.55e-01
5.61e-01
-7.06e-01
8.87e-01
9.67e-01
4.46e-01
1.84e-01
-8.43e-01
8.48e-01
6.34e-01
-4.19e-01
4.58e-01
7.72e-01
7.53e-01
2.65e-01
-9.98e-01
-1.35e-01
4.55e-01
3.70e-01
-1.66e-01
-4.29e-01
-1.82e-01
-7.02e-01
-4.87e-01
-1.80e-01
5.79e-01
-8.66e-01
-6.31e-02
9.30e-01
1.06e-01
-1.03e-01
-7.70e-02
-1.11e-01
-7.36e-01
4.35e-01
3.20e-01
-2.34e-01
2.13e-01
-5.15e-02
-9.72e-02
5.68e-01
6.76e-01
3.07e-01
-2.18e-02
-8.53e-01
-1.96e-01
4.52e-02
-7.88e-01
-7.08e-01
-5.98e-01
6.57e-01
8.66e-01
8.09e-01
2.44e-01
-3.32e-01
-3.04e-02
-9.85e-01
2.49e-01
8.17e-01
3.23e-01
5.90e-01
4.45e-01
1.79e-01
9.76e-02
-2.39e-02
-3.03e-01
-3.69e-01
5.06e-01
-6.38e-01
3.74e-01
-1.43e-01
6.72e-01
8.79e-01
5.17e-01
1.29e-01
-4.24e-01
6.63e-01
9.07e-01
2.37e-01
8.84e-01
-6.90e-01
-6.86e-01
-1.88e-02
1.65e-01
-6.20e-01
-9.98e-01
-6.53e-01
6.97e-01
5.55e-01
-7.67e-01
8.03e-01
8.46e-01
5.51e-01
2.41e-01
8.99e-01
4.09e-01
-7.95e-01
-4.72e-02
6.43e-01
9.32e-01
5.34e-01
2.33e-01
-3.25e-01
6.88e-01
-8.95e-02
2.42e-01
1.21e-01
4.12e-01
8.10e-01
-9.31e-01
-6.38e-01
2.20e-01
4.73e-01
-5.52e-02
5.79e-01
-7.17e-01
7.85e-01
7.24e-01
-2.77e-01
5.82e-01
2.05e-01
-7.74e-01
-3.31e-01
-8.21e-01
-6.61e-01
-7.72e-01
-8.25e-02
5.33e-01
-3.31e-01
-3.59e-01
1.18e-01
-1.68e-01
-1.63e-01
-3.69e-01
-5.79e-01
3.96e-01
6.48e-01
6.48e-01
-5.13e-01
2.92e-01
-7.41e-01
8.48e-02
-1.68e-01
2.13e-01
5.65e-01
3.70e-01
-5.13e-01
-7.13e-01
-6.38e-01
2.28e-01
1.40e-02
-4.21e-01
1.02e-01
4.27e-01
4.39e-01
3.29e-01
-7.77e-01
-9.67e-01
6.71e-01
-3.28e-01
-4.22e-01
3.96e-01
8.75e-01
-6.42e-01
-4.62e-01
-9.14e-01
6.75e-01
5.12e-01
7.50e-01
9.00e-01
4.03e-02
3.38e-02
9.40e-01
2.69e-01
9.88e-01
7.93e-01
-3.20e-01
-9.86e-01
7.15e-01
6.32e-01
-2.52e-01
-9.99e-02
-9.57e-02
-5.80e-01
-8.63e-01
-4.21e-01
-9.82e-02
7.50e-02
1.19e-01
-8.74e-02
6.11e-01
5.63e-01
8.93e-01
1.90e-01
2.17e-01
1.68e-02
2.02e-01
3.96e-01
-8.05e-01
-6.27e-01
6.67e-01
-7.80e-01
-8.12e-01
-4.53e-01
-2.37e-01
-2.16e-01
8.76e-01
5.03e-01
-4.72e-01
-5.83e-01
-7.02e-01
6.41e-02
8.26e-01
4.91e-01
-4.42e-01
6.13e-01
-3.26e-01
-9.84e-01
5.22e-02
7.04e-01
9.88e-01
7.93e-01
7.68e-01
2.53e-02
-1.99e-01
-9.56e-01
-3.35e-01
-6.45e-01
-1.76e-01
6.82e-01
9.87e-01
-2.64e-01
-9.83e-01
6.12e-01
-9.52e-01
-8.99e-01
8.09e-01
8.52e-01
-2.43e-01
-7.66e-01
-9.69e-01
-2.61e-01
6.60e-01
4.23e-02
1.52e-01
7.82e-01
-1.94e-01
-5.74e-01
