-3.65e-01
9.08e-01
2.79e-01
3.51e-01
3.31e-02
7.11e-01
-9.39e-01
9.31e-01
4.37e-01
-1.50e-01
2.99e-01
3.04e-01
-7.01e-01
5.00e-01
8.71e-01
4.81e-01
-9.90e-01
-8.69e-01
-7.54e-01
-4.34e-01
-3.95e-01
-6.68e-01
8.39e-01
6.91e-01
1.91e-01
5.44e-01
-5.89e-01
-3.55e-01
6.34e-01
4.96e-01
-1.92e-01
-5.38e-01
-3.72e-01
-9.79e-02
3.38e-01
5.35e-01
1.19e-02
-5.50e-01
-1.82e-01
-1.61e-01
-2.75e-01
-4.03e-01
1.16e-01
3.88e-01
-4.74e-01
-1.75e-02
-2.11e-01
7.11e-01
7.21e-01
3.37e-01
-4.73e-01
-8.08e-01
-9.36e-01
-1.15e-01
9.02e-02
-1.24e-01
-4.50e-01
4.50e-01
8.15e-01
1.86e-01
-1.11e-01
-7.73e-01
-2.58e-01
-1.70e-01
-3.39e-01
2.43e-01
-9.26e-01
-4.77e-01
-9.95e-01
-3.81e-01
-1.93e-01
-7.37e-01
5.70e-01
9.23e-01
-3.20e-01
5.02e-01
-3.21e-01
6.31e-01
-7.63e-01
5.34e-01
-5.21e-01
-8.32e-01
-1.04e-01
5.31e-01
3.91e-01
-1.63e-01
6.55e-01
-7.40e-01
8.44e-01
1.12e-01
-4.06e-01
-3.43e-01
1.58e-01
-2.51e-01
-4.63e-01
2.21e-02
2.50e-01
1.68e-01
7.80e-01
7.89e-01
1.82e-01
-3.44e-01
1.96e-01
-9.90e-01
-6.67e-01
-8.85e-01
-6.00e-01
-9.07e-01
-9.04e-01
4.38e-02
-8.29e-01
2.10e-01
-1.21e-01
9.09e-01
5.43e-01
5.00e-01
7.79e-02
8.39e-01
6.14e-01
7.63e-01
-2.53e-01
5.86e-01
-3.58e-01
-4.95e-01
2.30e-03
3.59e-01
-8.48e-01
-7.34e-01
-7.33e-01
-6.70e-01
-9.03e-01
-6.45e-01
2.80e-01
9.93e-01
1.83e-02
-2.35e-01
8.49e-01
-5.45e-01
-3.34e-01
1.11e-01
9.87e-01
5.69e-01
3.61e-01
4.38e-01
-7.13e-01
-6.81e-01
-9.26e-01
-5.22e-02
1.80e-01
-2.59e-01
8.97e-03
9.11e-02
4.51e-01
-1.77e-01
5.76e-02
-9.38e-01
4.90e-01
-7.35e-01
-9.69e-01
-6.03e-01
3.51e-01
-9.84e-01
3.24e-01
-6.97e-02
2.92e-01
8.64e-01
9.69e-01
1.37e-01
7.18e-01
-4.68e-01
2.80e-01
9.23e-01
7.35e-01
-2.10e-01
2.92e-01
-4.12e-01
6.59e-01
-8.15e-01
-3.27e-01
-4.52e-01
-5.56e-02
6.62e-01
-3.40e-01
9.57e-01
7.55e-02
-4.87e-01
3.73e-01
5.15e-01
7.58e-01
-8.53e-01
7.60e-01
3.68e-01
-4.88e-01
3.73e-01
4.34e-01
-2.54e-01
4.12e-01
5.95e-01
2.05e-01
3.23e-01
8.53e-01
8.64e-01
-6.81e-01
-2.04e-01
-4.25e-01
-6.69e-01
3.67e-01
4.60e-01
7.08e-01
-3.16e-01
-4.26e-01
1.03e-01
2.43e-01
4.90e-01
5.45e-01
-3.41e-01
6.32e-01
-4.39e-01
-4.21e-01
8.10e-03
6.12e-01
7.66e-01
4.96e-01
-3.96e-01
4.04e-01
-9.23e-01
-3.41e-01
-5.29e-01
7.86e-01
7.05e-02
7.76e-01
4.36e-01
9.14e-01
-7.92e-02
-2.36e-01
-6.25e-01
-7.28e-01
7.74e-01
7.17e-01
-6.08e-01
-6.78e-01
-7.38e-01
7.42e-01
-5.17e-01
3.51e-01
8.08e-01
-1.83e-01
-8.64e-01
7.04e-01
2.22e-01
-9.42e-02
4.02e-01
-2.43e-01
9.04e-01
9.36e-01
8.71e-02
-6.21e-02
7.31e-01
8.04e-01
8.75e-01
2.51e-01
-4.53e-01
-9.81e-01
-8.99e-01
-9.14e-01
