4.13e-01
-8.73e-01
3.47e-01
-8.90e-01
-5.55e-01
-3.39e-01
6.29e-01
3.42e-01
8.03e-01
8.38e-01
6.20e-01
9.72e-01
8.84e-01
-3.80e-01
-1.47e-01
-4.51e-01
6.98e-01
5.50e-01
-3.74e-01
-8.48e-01
-2.97e-01
-8.73e-01
8.33e-01
-7.49e-01
9.97e-01
4.17e-01
6.96e-01
8.47e-02
5.68e-02
-4.31e-01
-3.98e-01
3.05e-01
3.01e-01
-7.06e-01
8.89e-01
-5.80e-01
3.91e-01
-7.39e-02
5.27e-01
6.88e-01
6.92e-01
-7.55e-01
-2.39e-01
-8.44e-01
7.83e-01
-3.92e-01
-3.85e-01
-2.24e-01
5.45e-01
-2.13e-02
-1.00e-01
-7.87e-01
8.69e-01
5.65e-01
-7.67e-01
-5.91e-01
-1.14e-01
-8.45e-01
9.48e-01
8.56e-01
-4.00e-01
3.88e-01
8.00e-01
-7.16e-01
-2.20e-01
8.92e-01
-2.68e-01
2.84e-01
4.46e-02
-4.55e-01
-8.34e-01
7.83e-01
7.88e-01
7.89e-01
9.49e-01
4.15e-02
-5.20e-01
-2.32e-01
4.41e-01
-6.10e-01
-2.63e-01
6.53e-01
-2.30e-01
9.13e-01
-8.46e-01
2.84e-01
9.18e-02
8.71e-02
-5.52e-02
-4.32e-01
-5.49e-01
9.68e-01
-9.10e-01
-2.58e-01
-7.75e-01
-7.93e-01
6.13e-01
3.15e-01
-8.73e-01
-8.35e-01
-2.85e-01
-7.71e-01
-8.99e-02
-6.15e-01
-5.25e-01
5.97e-01
-2.04e-01
6.62e-01
-5.14e-01
7.05e-02
-5.30e-01
-5.32e-01
6.41e-01
3.48e-01
-3.59e-01
-6.94e-02
-1.14e-01
1.77e-01
9.45e-01
3.89e-01
1.74e-01
9.14e-01
7.72e-01
-3.17e-02
6.64e-01
-8.41e-01
8.62e-01
-9.63e-01
-6.16e-02
8.95e-02
8.82e-01
2.18e-01
5.62e-03
6.38e-01
-2.10e-01
5.15e-01
1.50e-01
2.43e-01
-3.21e-01
-3.12e-01
-4.72e-01
-7.33e-01
1.06e-01
3.38e-01
-9.59e-01
9.88e-01
7.73e-01
9.81e-02
-5.05e-01
9.52e-01
2.35e-01
-5.71e-01
-6.92e-01
-1.18e-01
-8.98e-01
-7.08e-01
8.70e-01
3.77e-01
-1.96e-01
-1.20e-01
-4.13e-01
-9.13e-02
-3.84e-03
5.34e-01
-7.56e-01
2.79e-01
7.12e-01
7.40e-01
-5.58e-01
-3.46e-02
4.62e-01
-5.11e-01
6.77e-02
1.43e-01
-8.75e-01
-1.94e-01
2.59e-01
8.66e-01
-3.71e-01
-4.93e-03
-7.27e-01
5.89e-01
-3.68e-01
-1.46e-01
-5.17e-01
-6.82e-01
3.04e-01
7.83e-01
1.16e-02
-4.59e-01
3.47e-01
-1.86e-01
5.88e-01
3.71e-02
9.36e-01
-7.04e-01
-7.42e-01
5.16e-01
-1.94e-01
-8.56e-01
9.27e-01
-3.08e-01
2.78e-02
-4.88e-02
-3.68e-01
-1.98e-01
5.52e-01
1.29e-01
-3.04e-01
2.97e-01
4.77e-02
-7.71e-01
-1.47e-01
-8.73e-01
-4.56e-01
-3.59e-01
-9.07e-01
6.56e-01
-7.41e-01
-3.27e-01
-6.44e-01
1.16e-01
7.71e-01
-3.23e-01
1.63e-01
9.47e-01
-6.66e-01
-9.55e-01
9.93e-01
-5.86e-01
5.42e-01
4.05e-01
1.88e-02
1.69e-01
-2.69e-01
2.66e-01
-2.14e-02
8.80e-01
4.42e-01
7.11e-01
-5.39e-01
6.56e-01
-6.63e-01
-7.36e-01
-7.56e-01
2.50e-01
8.56e-02
4.88e-01
8.89e-01
8.39e-01
-9.11e-01
3.09e-01
1.77e-01
-8.20e-01
-1.34e-01
-7.51e-01
-3.20e-01
1.13e-01
9.82e-01
2.63e-02
1.60e-01
-8.21e-01
5.01e-01
8.09e-02
-2.72e-01
