-6.61e-01
4.32e-01
1.74e-01
-8.15e-01
6.13e-01
8.37e-01
4.38e-02
-2.53e-01
1.35e-01
-5.62e-01
-7.46e-01
-2.94e-01
8.36e-01
2.43e-01
-3.19e-01
7.19e-02
-8.32e-01
3.00e-01
-5.23e-01
2.13e-01
5.97e-01
8.95e-01
5.88e-01
-7.51e-01
-4.44e-02
1.81e-01
8.56e-01
6.79e-01
1.63e-01
-3.05e-01
-9.57e-01
-8.53e-01
9.13e-01
2.79e-01
1.24e-02
-4.73e-01
2.84e-01
-7.38e-02
5.24e-01
-5.14e-01
-2.26e-01
5.73e-01
1.53e-01
6.16e-01
-5.42e-02
-2.11e-02
2.39e-01
-5.57e-01
-2.20e-01
9.36e-01
1.60e-01
8.97e-01
5.48e-01
6.26e-01
-4.14e-01
3.72e-01
-3.77e-02
6.78e-01
5.15e-01
-3.51e-03
-7.47e-01
1.33e-02
-3.08e-01
1.26e-03
-5.54e-02
-8.41e-01
-2.10e-01
2.25e-01
3.95e-01
4.73e-02
2.75e-01
1.21e-01
-2.52e-01
9.21e-01
8.32e-01
4.24e-01
-3.29e-01
1.42e-01
5.10e-01
8.09e-01
-2.36e-01
6.53e-01
-2.30e-01
9.13e-01
-8.46e-01
2.84e-01
9.18e-02
8.71e-02
-5.52e-02
-4.32e-01
-5.49e-01
9.68e-01
-9.10e-01
3.57e-02
9.63e-01
-6.65e-01
8.77e-01
-1.41e-01
-9.81e-01
-6.49e-01
-6.19e-01
-3.46e-01
-5.47e-01
-6.73e-01
-7.44e-01
9.42e-01
6.00e-01
7.68e-01
5.50e-01
2.29e-02
-7.75e-01
8.86e-01
8.49e-01
4.97e-01
-3.82e-01
-4.62e-01
6.19e-01
-5.23e-01
3.64e-01
8.84e-01
-8.38e-01
9.11e-02
-2.67e-01
-2.92e-01
-7.02e-01
-4.86e-01
6.90e-01
9.77e-01
-4.40e-01
-6.13e-01
-3.50e-01
-9.02e-01
5.02e-02
1.39e-01
2.96e-02
-2.16e-02
1.10e-01
2.15e-01
-7.00e-01
4.65e-01
8.09e-01
9.19e-01
-7.39e-01
-7.34e-01
-6.92e-01
9.49e-02
-5.99e-01
-5.60e-01
2.92e-01
8.91e-01
-1.46e-01
-2.65e-01
-4.77e-01
1.20e-01
-1.42e-01
8.08e-01
-9.79e-01
-5.59e-01
4.94e-01
8.92e-01
5.77e-01
-1.24e-01
6.92e-01
5.34e-01
-7.56e-01
2.79e-01
7.12e-01
7.40e-01
-5.58e-01
9.69e-01
4.18e-01
-5.00e-01
-5.29e-01
5.14e-01
5.83e-02
-7.61e-01
8.87e-01
-9.44e-01
-3.71e-01
6.11e-01
9.82e-01
-3.52e-01
-7.85e-01
-3.32e-01
-5.49e-01
-3.89e-01
-8.67e-01
-7.54e-01
-7.05e-01
7.32e-02
4.97e-01
7.50e-01
-3.31e-01
4.65e-01
1.49e-01
4.43e-01
-1.67e-01
-8.09e-01
-6.15e-01
-4.65e-01
-6.66e-01
7.05e-01
5.15e-01
2.62e-01
-1.44e-01
2.04e-01
-9.44e-01
-1.42e-01
-8.80e-01
9.15e-01
-7.54e-01
-4.93e-01
-4.69e-01
-3.96e-01
-2.33e-01
1.32e-02
-8.14e-01
4.41e-01
-1.25e-01
9.66e-01
-8.39e-01
4.25e-01
9.16e-03
-2.86e-01
-8.91e-01
-6.13e-01
-6.47e-01
3.75e-01
-4.04e-01
5.20e-01
-4.73e-01
7.76e-01
-3.12e-01
-3.16e-01
2.79e-01
6.89e-01
-6.93e-01
9.84e-01
-5.50e-01
8.71e-01
6.68e-01
-1.85e-01
-1.50e-01
4.61e-01
-1.15e-01
-6.05e-01
1.87e-01
-5.07e-01
6.61e-01
6.93e-01
-4.96e-01
-1.44e-01
9.04e-01
8.15e-01
-6.92e-01
-6.22e-01
7.82e-01
9.33e-01
5.23e-01
7.15e-01
2.52e-01
-4.10e-01
4.13e-01
9.74e-01
-1.31e-01
