-6.40e-01
-2.30e-01
5.66e-01
7.77e-01
2.63e-02
-6.81e-01
-9.12e-01
9.44e-01
4.64e-01
-7.23e-01
3.68e-01
4.88e-01
9.43e-01
-6.50e-01
-1.53e-01
-3.96e-01
-8.07e-01
3.51e-01
2.93e-01
-5.56e-01
8.17e-01
-3.95e-01
-4.52e-01
1.78e-01
8.80e-01
5.09e-02
-7.59e-01
6.49e-01
9.39e-01
3.33e-01
-5.42e-01
-9.83e-01
3.95e-01
-8.11e-01
7.22e-01
-2.49e-01
3.67e-01
8.10e-01
4.18e-01
-3.75e-01
7.84e-01
8.24e-01
4.21e-01
-4.61e-01
-1.21e-01
3.24e-01
-8.62e-01
2.80e-01
3.54e-02
-4.72e-01
-2.95e-01
-6.87e-01
-4.57e-01
-8.50e-01
1.80e-02
-6.99e-01
-5.72e-01
-3.28e-02
-4.22e-01
5.44e-01
6.06e-01
2.18e-01
-3.31e-01
6.66e-01
-8.98e-01
4.03e-01
-5.22e-03
-6.88e-01
6.51e-01
3.30e-02
9.11e-01
-5.83e-01
5.07e-01
1.01e-01
1.77e-01
-6.91e-01
7.42e-01
5.59e-01
4.47e-01
7.72e-02
-8.39e-02
-6.74e-01
-5.42e-01
6.21e-01
5.14e-01
-8.33e-01
4.91e-01
5.65e-01
8.60e-01
6.13e-01
4.43e-01
-5.43e-01
-1.16e-01
3.36e-02
2.93e-01
2.44e-01
-4.36e-01
-1.55e-01
2.59e-01
7.90e-01
1.60e-01
9.72e-01
-2.54e-01
-8.35e-01
4.28e-01
8.78e-01
8.45e-01
5.04e-01
9.41e-01
6.50e-01
-6.12e-01
7.93e-01
-7.69e-01
-6.25e-01
5.35e-01
-6.17e-02
9.42e-01
2.92e-02
-4.22e-01
-8.63e-01
-3.10e-01
3.33e-01
-4.27e-02
5.46e-01
9.64e-01
-6.83e-01
9.00e-01
5.42e-01
-8.91e-02
-4.98e-01
-5.12e-01
5.46e-01
4.96e-01
-7.27e-01
-1.91e-01
-8.26e-01
-2.73e-01
-4.72e-01
-6.85e-01
-1.46e-01
2.87e-01
-4.53e-01
-5.77e-03
8.65e-01
-7.72e-01
8.04e-01
-2.00e-01
-3.58e-01
6.61e-02
-9.82e-01
-9.69e-01
-3.46e-02
7.84e-02
7.71e-01
7.58e-01
8.80e-01
-3.41e-01
-7.71e-01
8.36e-01
-5.35e-02
4.56e-01
-4.18e-01
-5.05e-01
-7.78e-01
-5.25e-02
-6.82e-01
-8.72e-01
-5.28e-01
-7.74e-01
-2.09e-01
-4.38e-01
-4.03e-01
7.46e-01
-1.11e-01
-8.15e-01
-3.08e-02
8.51e-01
-3.94e-01
8.73e-01
1.94e-01
4.70e-01
1.78e-01
-9.36e-01
-8.78e-01
2.09e-01
1.47e-01
-4.49e-02
3.94e-02
-9.98e-02
9.16e-01
6.63e-01
2.91e-01
-1.73e-01
6.43e-01
4.46e-01
7.41e-01
9.81e-01
1.13e-01
7.36e-01
-2.55e-01
-8.73e-01
-5.77e-01
3.23e-01
9.58e-01
7.64e-01
2.14e-01
-3.36e-01
8.21e-01
-4.66e-01
5.04e-01
-5.95e-01
1.20e-01
4.54e-03
-9.31e-02
-9.67e-01
-6.38e-01
-8.30e-01
3.01e-01
-4.80e-01
7.74e-01
6.52e-01
4.29e-01
-7.45e-01
5.58e-01
7.02e-02
-7.43e-01
-6.73e-01
6.03e-01
2.46e-01
-5.67e-01
5.32e-01
-7.50e-01
-5.20e-01
3.75e-01
2.43e-01
-8.08e-01
-7.52e-02
-8.47e-01
-5.09e-01
9.71e-01
-4.50e-01
4.55e-01
6.88e-01
4.23e-01
-2.73e-01
8.14e-01
8.25e-01
6.93e-01
8.54e-01
-9.22e-01
-4.85e-01
6.77e-01
8.62e-01
5.11e-01
-5.50e-01
-8.61e-01
-4.74e-01
-5.26e-01
8.77e-01
-8.94e-01
-8.87e-01
-2.72e-01
2.34e-01
-9.53e-01
4.03e-01
