-7.75e-01
-1.76e-01
-6.55e-01
-4.35e-01
-8.23e-01
-5.61e-01
4.25e-01
7.76e-01
7.51e-01
8.11e-01
-5.05e-01
9.52e-01
5.01e-01
-6.00e-01
1.54e-01
4.13e-02
-1.06e-02
-4.00e-02
-6.38e-01
-5.42e-01
7.71e-01
-4.95e-01
7.75e-01
-2.70e-01
-7.45e-01
-6.86e-01
5.49e-01
-2.22e-01
3.46e-01
9.51e-01
3.46e-01
3.85e-01
-4.69e-01
-3.59e-01
5.86e-01
5.38e-01
-4.35e-01
-1.25e-01
7.03e-01
-6.21e-01
-8.15e-01
-2.50e-01
-8.14e-01
3.43e-01
7.84e-01
-7.87e-01
-6.97e-01
-8.75e-01
-5.16e-01
8.58e-01
3.73e-01
-1.48e-01
8.21e-01
4.73e-01
-5.14e-02
-3.64e-01
3.94e-01
9.85e-01
7.55e-01
-2.48e-01
-2.85e-01
2.43e-02
2.56e-01
9.92e-01
-3.58e-01
7.54e-01
9.99e-01
5.38e-01
5.57e-01
-1.92e-01
5.02e-01
-1.35e-01
-2.52e-01
1.94e-01
-2.13e-01
8.34e-01
1.83e-01
-2.70e-01
5.60e-02
-6.04e-01
-8.92e-01
6.46e-02
1.06e-01
2.84e-01
-1.90e-01
-4.10e-01
-1.29e-01
-7.64e-01
-3.16e-01
-4.89e-01
5.38e-01
7.17e-01
2.02e-01
-3.68e-01
9.51e-01
7.43e-01
-9.21e-01
-9.23e-01
4.58e-01
3.93e-01
-4.75e-01
-5.87e-01
9.02e-01
2.28e-01
5.74e-01
1.96e-01
7.60e-02
5.38e-01
1.91e-01
3.68e-01
-1.24e-01
6.84e-01
-2.97e-01
-3.80e-01
4.86e-01
6.39e-01
-1.92e-01
7.58e-01
-8.14e-01
2.79e-01
8.24e-01
-9.11e-01
-4.06e-01
4.11e-01
-2.15e-01
-3.13e-01
-9.19e-01
-4.83e-01
9.59e-01
-7.73e-01
-7.50e-01
2.47e-01
3.58e-01
7.20e-01
9.26e-01
-5.57e-01
-3.65e-01
5.84e-01
7.31e-01
4.73e-01
-9.79e-01
8.44e-01
-7.43e-01
1.36e-01
-2.09e-02
-9.35e-01
7.13e-01
9.97e-01
-5.38e-01
-5.39e-01
1.54e-01
8.15e-01
-4.21e-01
-4.55e-01
3.50e-01
2.76e-01
-4.12e-02
-1.48e-01
-4.42e-01
2.74e-01
-2.68e-01
-7.15e-01
-3.71e-01
-3.79e-01
-7.94e-01
9.07e-01
-3.56e-01
-9.04e-01
-9.16e-01
-7.66e-01
8.09e-01
9.92e-01
-8.32e-01
8.62e-01
-8.17e-01
2.46e-01
2.96e-01
-8.82e-01
-3.52e-01
-5.48e-01
-3.10e-01
8.34e-01
7.88e-01
-3.50e-01
-2.15e-03
-7.69e-01
-1.39e-01
1.35e-01
7.76e-04
7.51e-01
-2.20e-01
-1.44e-01
9.90e-01
2.17e-01
-4.77e-01
5.21e-01
3.10e-01
-2.34e-01
1.78e-01
-4.34e-01
8.44e-01
-2.25e-01
1.89e-01
5.05e-01
-5.05e-01
2.95e-01
-3.31e-01
7.57e-01
1.83e-01
2.85e-01
-5.50e-01
-9.44e-01
4.78e-01
-6.58e-01
-6.14e-02
-9.61e-01
-2.21e-01
1.09e-01
8.07e-01
-4.50e-02
-7.89e-01
9.16e-01
-6.73e-01
3.65e-01
6.42e-01
2.31e-01
8.26e-01
-7.38e-01
-1.81e-01
-9.36e-01
5.91e-01
9.15e-01
-1.55e-01
-3.59e-02
-7.17e-01
9.83e-01
-8.77e-01
-8.22e-01
-4.97e-01
7.34e-01
7.24e-01
-5.52e-01
9.67e-01
1.24e-01
9.36e-01
1.08e-01
2.45e-01
-8.30e-01
8.69e-01
9.19e-01
4.32e-01
-8.22e-01
-8.81e-01
-1.19e-01
-4.81e-01
-5.14e-01
1.01e-01
-8.73e-01
8.65e-01
-5.18e-02
-2.30e-01
5.87e-02
3.25e-01
-2.84e-01
-4.63e-01
