-1.43e-01
-1.31e-01
7.77e-01
7.51e-01
-8.27e-01
-8.63e-01
-6.96e-01
6.69e-01
-3.57e-01
2.68e-01
4.32e-01
8.96e-01
1.81e-01
1.13e-01
3.92e-01
2.68e-01
2.35e-02
5.02e-01
5.36e-01
-3.41e-01
-1.81e-01
5.69e-01
-6.08e-01
-8.85e-01
8.08e-01
-7.56e-01
8.74e-01
-3.96e-01
-6.57e-01
-9.73e-01
5.70e-01
6.35e-01
-7.64e-01
1.73e-01
6.59e-01
3.53e-01
7.27e-01
-9.81e-01
6.32e-01
-7.02e-01
-9.28e-01
-2.87e-01
-2.36e-01
9.71e-01
2.24e-01
-8.54e-01
-4.02e-01
7.65e-01
1.56e-01
6.07e-01
5.66e-01
2.46e-01
-7.38e-01
5.92e-01
-1.30e-01
5.15e-01
3.70e-01
-9.86e-01
-7.62e-01
-9.96e-01
-6.22e-01
-6.79e-01
-8.97e-01
-1.67e-01
6.79e-01
5.55e-01
2.94e-01
-5.83e-01
-1.13e-01
-8.30e-01
-6.48e-01
9.99e-02
-1.44e-01
6.69e-02
7.37e-01
4.03e-01
6.35e-01
-1.33e-01
-6.54e-01
-7.35e-03
-9.99e-01
-2.00e-01
-1.78e-01
-2.02e-03
5.31e-01
9.38e-01
3.55e-01
1.44e-01
4.53e-02
-5.67e-01
-4.47e-02
-1.46e-01
3.78e-02
8.81e-01
-1.18e-01
-6.49e-01
-9.63e-01
7.46e-01
-3.43e-01
3.79e-01
-3.62e-01
-9.42e-01
-3.70e-01
2.40e-01
-2.77e-01
-8.48e-01
-1.49e-01
3.87e-02
-8.76e-01
-5.91e-01
5.32e-02
-3.24e-01
-1.61e-01
-6.38e-01
8.32e-01
-7.64e-01
2.69e-01
2.76e-01
-3.57e-01
2.97e-02
6.19e-02
-1.33e-01
1.51e-02
-1.86e-01
-9.00e-02
7.91e-01
-4.28e-01
-5.74e-01
9.50e-01
-5.25e-02
7.38e-01
-8.76e-01
-3.67e-01
5.12e-01
7.13e-01
-8.19e-01
5.28e-01
-2.69e-02
6.10e-01
6.47e-01
2.99e-01
4.47e-01
6.95e-01
-4.51e-01
-9.53e-02
-6.05e-01
-3.48e-01
5.67e-02
-1.62e-01
-7.79e-01
3.96e-01
3.07e-01
-4.23e-01
-1.12e-01
4.13e-01
1.37e-01
2.57e-02
7.91e-01
-8.76e-01
9.25e-02
-1.62e-01
-1.51e-01
-9.52e-01
-1.62e-01
-1.05e-01
-5.97e-01
6.86e-01
-9.25e-02
-1.80e-01
2.06e-01
5.98e-01
-5.10e-02
3.17e-01
5.77e-01
4.08e-01
6.95e-01
-7.14e-01
3.93e-01
5.73e-02
-5.90e-01
2.10e-01
-9.18e-01
9.70e-01
8.49e-01
6.24e-01
4.02e-01
4.87e-01
-9.32e-01
4.13e-01
-4.07e-01
1.15e-01
5.18e-01
3.47e-02
-5.79e-01
2.68e-01
9.51e-01
-8.59e-01
2.17e-01
9.46e-01
-4.76e-01
1.85e-01
4.73e-01
-8.94e-01
4.86e-01
-7.17e-01
-2.80e-01
5.31e-01
5.57e-01
8.70e-01
-8.51e-01
6.53e-01
7.52e-01
-4.69e-01
1.65e-01
-5.10e-01
7.26e-01
-2.65e-01
8.25e-01
9.64e-01
-1.53e-01
4.27e-01
2.61e-01
3.26e-01
4.02e-02
8.47e-01
8.55e-01
-9.11e-02
-1.47e-01
-8.42e-01
1.11e-01
-4.63e-01
-7.74e-01
3.62e-01
7.35e-02
9.17e-01
-3.41e-01
2.02e-03
5.95e-01
-3.66e-01
5.44e-01
-5.39e-01
-1.46e-03
-7.42e-01
5.13e-01
3.53e-01
-8.03e-01
9.93e-01
8.23e-01
-5.72e-02
6.11e-01
-5.50e-01
9.63e-01
4.52e-01
4.48e-01
3.70e-01
-1.04e-01
-7.43e-01
-1.98e-01
3.92e-01
8.79e-01
6.26e-01
-3.24e-01
-1.89e-01
-5.57e-01
4.25e-01
