-6.06e-01
-1.31e-01
7.77e-01
7.51e-01
-8.27e-01
-8.63e-01
-6.96e-01
6.69e-01
-3.57e-01
2.68e-01
4.32e-01
8.96e-01
1.81e-01
1.13e-01
3.92e-01
2.68e-01
2.35e-02
5.02e-01
5.36e-01
-3.41e-01
-1.81e-01
5.69e-01
-6.08e-01
-8.85e-01
8.08e-01
-7.56e-01
8.74e-01
-3.96e-01
-6.57e-01
-9.73e-01
5.70e-01
6.35e-01
-7.64e-01
9.50e-01
6.59e-01
3.53e-01
7.27e-01
-9.81e-01
6.32e-01
-7.02e-01
-9.28e-01
-2.87e-01
-2.36e-01
5.82e-02
2.24e-01
-8.54e-01
-4.02e-01
7.65e-01
1.56e-01
6.07e-01
5.66e-01
2.46e-01
-7.38e-01
5.92e-01
-1.30e-01
5.15e-01
3.70e-01
-9.86e-01
-7.62e-01
3.78e-02
-6.22e-01
-6.79e-01
-8.97e-01
-1.65e-01
-4.77e-01
8.80e-01
4.63e-01
-2.46e-01
7.19e-01
-1.68e-01
-8.13e-01
-3.42e-01
8.82e-01
1.23e-01
5.49e-01
-6.38e-01
8.67e-01
-5.32e-01
5.07e-01
-9.68e-01
1.72e-01
6.12e-01
3.07e-01
7.71e-01
2.65e-01
4.96e-01
-1.93e-01
3.38e-01
-8.78e-02
9.08e-01
7.36e-01
-5.54e-01
2.15e-01
-5.37e-02
-2.78e-01
-8.85e-02
5.69e-01
8.51e-01
-9.90e-01
-5.90e-01
6.84e-01
-3.27e-01
-8.06e-01
9.57e-01
2.70e-01
9.99e-01
-1.68e-01
-7.85e-03
-8.97e-01
2.62e-01
7.54e-01
-7.02e-01
4.59e-01
3.38e-02
9.77e-01
5.57e-01
5.18e-01
8.00e-02
-7.84e-01
-2.87e-01
-7.35e-02
9.09e-01
-4.60e-01
-3.36e-01
-1.33e-01
1.21e-01
-8.23e-01
-1.62e-02
1.99e-02
-8.25e-01
5.10e-01
-4.47e-01
7.67e-01
-6.56e-01
-7.87e-01
2.56e-01
4.15e-01
1.72e-01
7.20e-01
8.03e-01
-2.08e-01
4.33e-01
6.96e-01
-7.79e-01
8.27e-02
8.67e-01
-3.09e-01
6.98e-01
9.43e-01
-7.52e-01
9.01e-01
-5.95e-01
2.89e-01
9.72e-01
-8.25e-01
9.71e-01
-2.84e-01
7.69e-01
5.45e-01
7.69e-01
-7.37e-01
-3.00e-02
-8.10e-01
8.42e-01
-9.94e-01
-6.60e-01
1.16e-01
8.87e-01
-1.79e-01
1.08e-01
1.49e-02
-6.15e-01
5.81e-01
3.38e-01
7.85e-01
-9.87e-01
4.78e-01
-4.89e-01
8.13e-01
-2.98e-01
3.72e-01
1.05e-02
9.71e-02
-2.05e-01
-2.78e-01
9.16e-01
7.44e-02
8.04e-02
4.13e-01
-4.07e-01
1.15e-01
5.18e-01
3.47e-02
-5.79e-01
2.68e-01
9.51e-01
-8.59e-01
2.17e-01
9.46e-01
-4.76e-01
1.85e-01
4.73e-01
-8.94e-01
4.86e-01
-7.17e-01
-2.80e-01
5.31e-01
5.57e-01
8.70e-01
7.08e-02
6.53e-01
7.52e-01
-4.69e-01
1.65e-01
-5.10e-01
7.26e-01
-2.65e-01
8.25e-01
9.64e-01
-1.53e-01
4.27e-01
2.61e-01
3.26e-01
4.02e-02
8.47e-01
8.55e-01
-9.11e-02
-1.47e-01
-8.42e-01
1.11e-01
-4.63e-01
-7.74e-01
3.62e-01
7.35e-02
9.17e-01
-3.41e-01
2.02e-03
5.95e-01
-3.66e-01
5.44e-01
-5.39e-01
-1.46e-03
-7.42e-01
5.13e-01
3.53e-01
-8.03e-01
9.93e-01
8.23e-01
-5.72e-02
6.11e-01
-5.50e-01
9.63e-01
4.52e-01
4.48e-01
3.70e-01
-1.04e-01
-7.43e-01
-1.98e-01
3.92e-01
8.79e-01
6.26e-01
-3.24e-01
-1.89e-01
-5.57e-01
4.25e-01
