2.86e-01
-9.83e-01
-6.07e-01
-8.13e-01
-8.73e-01
2.10e-01
1.77e-01
5.68e-01
-8.21e-01
4.07e-01
8.75e-01
-2.01e-02
2.21e-01
-6.84e-01
-1.14e-01
8.47e-01
-8.15e-01
-9.45e-01
-6.58e-02
2.37e-01
4.40e-01
-1.64e-01
2.86e-01
9.45e-01
-2.98e-01
8.19e-01
8.58e-01
-9.50e-02
-4.46e-01
9.24e-01
-9.49e-01
-4.81e-01
5.24e-01
-3.20e-01
2.00e-01
-6.76e-01
-5.75e-01
-8.76e-01
-4.06e-01
-5.29e-01
1.76e-01
1.35e-02
-8.76e-01
9.84e-01
9.89e-01
2.69e-01
-6.23e-01
9.76e-01
7.84e-01
-3.12e-01
-1.00e+00
1.61e-01
9.89e-01
7.22e-01
-3.02e-01
-1.28e-01
3.60e-01
-1.62e-01
-1.32e-01
-1.74e-01
-4.89e-01
-3.44e-01
3.91e-01
2.44e-01
-2.95e-01
2.49e-01
4.30e-01
-4.61e-01
-1.70e-01
8.46e-01
3.71e-01
1.26e-01
3.87e-01
-1.84e-01
4.29e-02
6.11e-01
7.19e-01
-4.85e-01
-5.28e-01
5.91e-01
3.68e-01
3.26e-01
-3.87e-02
6.58e-01
4.13e-01
4.29e-01
-5.07e-01
-7.87e-01
6.56e-01
-2.98e-01
-5.59e-01
-8.81e-01
3.60e-01
4.74e-01
-7.27e-01
1.34e-02
-1.92e-01
3.74e-01
2.18e-01
4.30e-01
-5.74e-01
5.89e-02
-1.76e-01
5.21e-01
3.14e-01
-6.34e-01
-6.85e-02
6.93e-01
-9.12e-01
-4.53e-01
9.78e-01
-4.04e-02
3.79e-01
-6.51e-02
5.04e-01
8.08e-01
7.51e-01
-7.75e-01
6.82e-01
-8.74e-01
-2.63e-01
-6.59e-02
-7.63e-01
3.95e-01
-3.82e-01
7.12e-01
6.03e-01
-3.27e-01
4.38e-01
4.89e-01
3.62e-01
-7.91e-01
-6.79e-01
-4.28e-01
-3.13e-01
5.47e-01
9.06e-01
3.25e-01
-2.87e-01
-7.36e-01
-7.23e-01
-3.39e-01
6.66e-02
7.34e-01
-2.36e-01
-2.88e-01
-2.80e-02
3.35e-01
2.23e-01
-9.89e-01
-1.56e-01
-6.41e-01
8.59e-01
-6.31e-01
-7.44e-01
-5.94e-01
-3.61e-01
-6.81e-01
8.89e-02
9.63e-01
2.04e-01
8.69e-01
2.91e-01
8.63e-01
7.45e-01
-5.64e-01
9.83e-01
2.73e-01
4.77e-01
-3.52e-01
2.79e-01
8.52e-01
-6.68e-01
8.08e-02
-7.03e-01
9.85e-01
8.81e-01
-6.62e-01
-5.49e-03
7.95e-01
-5.17e-01
-5.65e-01
-4.38e-01
-4.05e-01
5.23e-01
-4.91e-01
-1.57e-01
-3.67e-01
1.00e+00
-3.92e-01
3.46e-01
-6.57e-02
-5.20e-01
2.44e-01
7.74e-01
9.76e-01
-5.79e-01
-9.04e-01
-2.23e-02
-7.17e-01
-4.29e-01
4.25e-01
4.87e-01
6.27e-01
-8.45e-01
8.21e-01
-2.19e-01
8.65e-01
2.64e-01
7.68e-01
-3.79e-01
6.62e-01
-7.22e-01
8.56e-01
-1.68e-01
2.76e-01
-3.58e-01
4.61e-01
-3.98e-01
6.18e-01
9.26e-01
-5.85e-01
2.19e-01
5.90e-01
3.18e-01
-6.73e-01
-6.61e-01
-4.26e-04
1.85e-01
3.67e-01
-5.25e-01
-6.46e-01
8.59e-01
-9.21e-02
9.17e-01
5.48e-01
3.80e-01
3.17e-01
-2.54e-02
3.60e-01
-7.85e-02
4.35e-01
2.64e-02
8.75e-01
-6.53e-01
8.02e-02
9.82e-01
-7.49e-02
5.12e-02
-5.92e-01
-7.42e-01
4.74e-01
-3.31e-01
9.63e-01
-6.30e-01
-1.08e-01
8.40e-01
-7.05e-01
5.64e-01
-5.58e-01
8.16e-01
-7.05e-01
-5.92e-02
2.93e-01
-2.68e-01
