3.09e-01
-7.45e-01
6.35e-01
5.02e-01
-4.04e-01
-8.63e-01
-2.25e-01
9.83e-01
-3.84e-01
-2.10e-01
8.49e-01
-3.17e-02
-5.72e-01
-7.06e-01
-1.01e-01
9.20e-01
-3.81e-01
-2.03e-01
-9.64e-02
-9.88e-01
-9.43e-01
3.50e-01
-4.40e-01
4.15e-01
-8.90e-02
-6.30e-01
8.86e-01
5.10e-01
6.13e-01
-8.88e-01
-2.61e-01
8.75e-01
-1.68e-01
4.00e-01
-9.13e-01
-3.74e-01
9.07e-02
-5.06e-01
2.81e-02
-2.62e-01
7.05e-01
2.86e-01
1.01e-01
-1.63e-01
-9.33e-02
-9.04e-01
2.60e-01
1.98e-01
-4.03e-01
-5.73e-01
-4.42e-01
-3.63e-01
-2.88e-01
1.35e-02
3.10e-01
8.69e-01
8.45e-01
-4.41e-01
-7.49e-01
8.39e-02
-2.37e-01
-6.47e-01
-8.79e-01
-5.83e-01
9.00e-01
3.60e-02
5.04e-01
-5.37e-01
-1.48e-02
1.71e-01
3.00e-02
5.20e-01
-1.18e-01
-5.60e-01
5.65e-01
5.20e-01
-6.60e-01
-1.27e-01
-4.44e-01
3.02e-01
1.42e-01
-6.88e-02
-6.46e-01
2.10e-01
1.16e-01
1.46e-01
-9.23e-01
7.57e-02
-3.44e-01
8.71e-01
-4.54e-01
5.76e-01
-4.06e-01
9.68e-01
1.87e-01
4.06e-01
3.11e-01
7.15e-01
8.39e-01
9.73e-01
3.09e-01
8.35e-01
-3.58e-01
1.41e-01
-4.27e-01
-6.53e-02
6.09e-01
-2.13e-01
3.14e-01
-3.10e-01
1.41e-02
-6.46e-01
6.64e-01
2.16e-01
-3.92e-01
-8.26e-01
3.70e-01
9.73e-01
-2.39e-01
-1.59e-01
5.37e-01
1.93e-01
4.01e-01
6.04e-01
5.69e-01
3.61e-01
6.81e-01
7.64e-02
-7.28e-01
7.25e-01
-4.53e-01
-9.88e-01
2.75e-01
-2.35e-01
7.13e-01
5.47e-01
9.06e-01
3.25e-01
-2.87e-01
-7.36e-01
6.61e-01
-2.79e-01
8.69e-01
-4.07e-01
5.04e-01
8.29e-01
-8.88e-01
-5.71e-01
5.72e-01
-8.68e-01
3.98e-01
6.94e-01
-3.62e-01
3.92e-01
-8.04e-01
-8.85e-01
-3.68e-01
3.18e-01
-8.46e-01
9.07e-01
1.40e-01
-6.98e-01
4.44e-01
1.83e-01
-4.33e-01
-9.50e-01
-3.96e-01
-3.58e-01
6.56e-01
-4.62e-01
7.34e-01
-2.81e-01
3.27e-01
4.38e-01
-2.29e-01
8.18e-01
-7.21e-01
-4.25e-01
9.65e-01
1.02e-01
-2.78e-01
4.19e-02
6.31e-01
-5.09e-01
1.57e-01
-7.05e-02
2.92e-01
7.42e-01
-1.89e-01
-1.32e-01
3.17e-01
4.36e-01
-3.83e-01
-3.25e-01
-2.80e-01
8.34e-02
-9.85e-01
-5.02e-01
-9.74e-01
8.00e-01
-4.29e-01
8.52e-01
-9.88e-01
2.94e-01
-3.28e-01
8.94e-01
-7.92e-02
9.04e-01
2.80e-01
-5.84e-01
-9.13e-01
-4.60e-01
7.98e-01
2.85e-01
4.16e-01
-5.33e-01
3.36e-01
8.33e-01
5.46e-01
6.12e-01
-7.21e-01
-9.49e-02
7.97e-01
7.41e-01
2.05e-01
1.14e-01
5.05e-02
5.82e-01
-2.60e-01
-2.63e-01
-4.21e-01
-3.66e-01
-5.44e-02
3.94e-01
-4.72e-01
9.40e-01
-4.79e-01
-3.86e-01
6.24e-01
-6.03e-01
1.93e-01
-3.34e-01
-1.09e-01
1.24e-01
2.01e-01
-1.58e-01
-7.20e-02
1.13e-01
4.65e-01
-2.06e-01
3.57e-01
9.03e-01
6.41e-01
6.23e-01
-2.77e-02
8.07e-01
6.00e-01
-4.61e-01
-8.02e-01
-3.36e-01
3.31e-01
-6.27e-01
-6.84e-02
9.02e-01
1.19e-02
