3.09e-01
-7.45e-01
6.35e-01
5.02e-01
-4.04e-01
-7.29e-01
6.22e-02
6.53e-02
-8.37e-01
9.45e-01
6.48e-01
1.06e-02
1.37e-01
3.03e-01
-1.73e-01
2.59e-01
2.39e-01
5.31e-01
-6.53e-01
-9.01e-01
-1.25e-01
3.50e-01
-4.40e-01
4.15e-01
-8.90e-02
-6.30e-01
8.86e-01
5.10e-01
6.13e-01
-8.88e-01
-2.61e-01
8.75e-01
-1.68e-01
-2.34e-01
6.96e-01
1.13e-01
-1.92e-01
5.75e-03
-3.83e-01
-2.65e-01
4.85e-01
6.55e-01
-8.02e-01
6.06e-01
-9.75e-01
-1.40e-01
-9.83e-02
3.20e-02
7.84e-01
-3.12e-01
-1.00e+00
1.61e-01
-2.88e-01
1.35e-02
3.10e-01
8.69e-01
3.60e-01
-4.41e-01
-7.49e-01
8.39e-02
-2.37e-01
-6.47e-01
-8.79e-01
-5.83e-01
9.00e-01
3.60e-02
5.04e-01
-5.37e-01
-1.48e-02
1.71e-01
3.00e-02
5.20e-01
-1.18e-01
-5.60e-01
5.65e-01
5.20e-01
-6.60e-01
-1.27e-01
-4.44e-01
3.02e-01
1.42e-01
-8.16e-01
4.74e-01
4.21e-01
2.10e-01
-4.77e-01
8.77e-01
5.45e-01
3.15e-01
-4.32e-01
-3.66e-02
-6.72e-01
-4.06e-01
9.68e-01
1.87e-01
4.06e-01
3.11e-01
7.15e-01
8.39e-01
9.73e-01
3.09e-01
8.35e-01
-3.58e-01
1.01e-01
-4.27e-01
-6.53e-02
-5.93e-01
7.61e-01
6.97e-01
6.03e-01
-1.44e-01
-1.27e-01
1.25e-01
-1.10e-01
-1.98e-01
7.35e-01
-3.19e-01
-6.70e-01
-7.08e-02
-1.59e-01
5.84e-01
-1.58e-01
-8.40e-02
-2.06e-02
6.63e-02
-1.14e-01
-1.48e-01
-9.39e-02
-7.28e-01
7.25e-01
-4.53e-01
-9.88e-01
2.75e-01
-2.35e-01
7.13e-01
5.47e-01
5.38e-01
9.23e-01
-9.05e-01
8.89e-02
2.53e-01
-2.79e-01
8.69e-01
-4.07e-01
5.04e-01
9.75e-01
-2.80e-01
-7.54e-01
-3.27e-01
5.86e-02
7.53e-02
-6.79e-01
9.07e-01
-6.17e-01
9.70e-01
5.68e-01
-9.19e-01
2.62e-01
-1.04e-01
-6.32e-01
2.04e-01
8.69e-01
2.91e-01
8.63e-01
7.45e-01
-5.64e-01
2.88e-01
8.16e-01
6.57e-01
-4.11e-01
4.50e-01
-2.05e-01
-8.94e-01
7.41e-01
-9.25e-01
8.18e-01
-7.21e-01
-4.25e-01
9.65e-01
1.02e-01
-2.78e-01
4.19e-02
6.31e-01
-5.09e-01
1.57e-01
-7.05e-02
2.92e-01
7.42e-01
-1.89e-01
-1.32e-01
-7.54e-01
1.36e-01
-8.95e-01
5.29e-01
-5.17e-01
-2.88e-01
1.14e-01
-9.04e-01
-2.23e-02
-7.17e-01
-4.29e-01
4.25e-01
1.42e-01
-6.07e-01
-3.28e-01
8.94e-01
-7.92e-02
9.04e-01
2.80e-01
-5.84e-01
-9.13e-01
-4.60e-01
7.98e-01
2.85e-01
4.16e-01
-5.33e-01
3.36e-01
8.33e-01
5.46e-01
-3.26e-01
7.21e-01
-5.85e-01
2.19e-01
5.90e-01
3.18e-01
-6.73e-01
-6.61e-01
-4.26e-04
1.85e-01
1.61e-01
-5.25e-01
-6.46e-01
8.59e-01
-9.21e-02
9.17e-01
5.48e-01
3.80e-01
3.17e-01
4.47e-01
1.15e-01
7.56e-01
-2.20e-01
5.40e-01
5.74e-01
2.01e-01
-1.58e-01
8.18e-01
1.13e-01
4.65e-01
7.30e-01
-2.56e-01
9.03e-01
6.41e-01
6.23e-01
-2.77e-02
8.07e-01
1.55e-01
-1.16e-02
4.79e-01
6.13e-01
-3.83e-01
-7.91e-01
7.69e-01
4.85e-01
-9.52e-02
