-3.13e-01
6.84e-01
8.63e-01
-9.22e-03
5.47e-01
-7.29e-01
6.22e-02
6.53e-02
-8.37e-01
9.45e-01
6.48e-01
1.06e-02
1.37e-01
3.03e-01
-1.73e-01
2.59e-01
2.39e-01
5.31e-01
-6.53e-01
2.37e-01
4.40e-01
-1.64e-01
2.86e-01
9.45e-01
-2.98e-01
-6.30e-01
8.86e-01
5.10e-01
6.13e-01
-8.88e-01
-2.61e-01
8.75e-01
-1.68e-01
4.00e-01
-9.13e-01
-6.76e-01
-5.75e-01
-8.76e-01
-4.06e-01
-5.29e-01
1.76e-01
1.35e-02
-8.76e-01
9.84e-01
9.89e-01
2.69e-01
-6.23e-01
9.76e-01
7.84e-01
-3.12e-01
-1.00e+00
1.61e-01
-2.88e-01
1.35e-02
3.10e-01
-1.28e-01
3.60e-01
-1.62e-01
-1.32e-01
8.39e-02
-2.37e-01
-6.47e-01
-8.79e-01
-7.89e-02
9.43e-01
-8.64e-01
-5.86e-01
5.41e-02
7.49e-01
7.38e-01
-2.68e-01
-1.52e-01
-5.31e-01
-9.16e-01
-8.64e-01
5.74e-01
-7.60e-01
7.69e-01
-5.28e-01
-1.40e-02
3.68e-01
-8.59e-01
8.39e-02
-1.62e-01
2.73e-01
-6.99e-01
5.01e-01
-3.08e-01
-9.79e-01
-8.73e-01
2.80e-01
-4.07e-01
5.00e-01
2.73e-01
-9.48e-01
-2.78e-01
-1.60e-01
-8.95e-01
-5.88e-01
-1.52e-01
3.09e-01
8.35e-01
-3.58e-01
1.01e-01
-4.27e-01
-6.53e-02
6.09e-01
-2.76e-01
-4.61e-01
2.45e-02
7.38e-01
-6.23e-01
3.11e-01
2.46e-01
9.23e-01
1.83e-01
-9.62e-01
-1.20e-01
-3.56e-01
9.99e-02
9.09e-01
-7.61e-01
-5.69e-02
-3.56e-01
-9.98e-02
9.38e-01
-2.74e-01
2.58e-01
1.40e-01
-2.90e-01
6.45e-03
8.29e-01
-8.02e-02
9.58e-01
-7.21e-01
8.73e-01
5.38e-01
-3.13e-03
-9.05e-01
8.89e-02
2.53e-01
-2.79e-01
8.69e-01
-4.07e-01
5.04e-01
9.75e-01
-2.80e-01
-7.54e-01
-3.27e-01
5.86e-02
7.53e-02
-6.79e-01
9.07e-01
-6.17e-01
9.70e-01
5.68e-01
-9.19e-01
2.62e-01
-1.04e-01
-6.32e-01
2.04e-01
8.69e-01
2.91e-01
8.63e-01
7.45e-01
-5.64e-01
2.88e-01
8.16e-01
6.39e-01
9.00e-01
-7.40e-01
-4.53e-01
5.69e-01
3.51e-01
5.84e-01
-4.45e-01
-6.35e-01
7.80e-02
-1.84e-01
-2.19e-02
9.88e-01
-9.95e-01
7.06e-01
4.24e-01
-1.98e-02
-9.33e-01
6.59e-01
3.20e-01
-3.00e-01
2.44e-01
-1.15e-01
-1.60e-01
-4.66e-01
-2.17e-01
1.19e-01
6.81e-01
8.06e-01
-6.50e-01
7.69e-01
-9.95e-01
-2.84e-01
-8.93e-01
-7.21e-01
8.31e-01
4.33e-01
-5.63e-01
3.74e-01
9.83e-01
-3.33e-01
-6.37e-01
-9.13e-01
-4.60e-01
-6.03e-01
2.85e-01
4.16e-01
-3.23e-01
9.26e-01
-7.68e-01
7.14e-01
-3.26e-01
7.21e-01
-5.85e-01
2.19e-01
5.90e-01
3.18e-01
-6.73e-01
-6.61e-01
-4.26e-04
1.85e-01
3.67e-01
-5.25e-01
-6.46e-01
8.59e-01
-9.21e-02
9.17e-01
5.48e-01
3.80e-01
3.17e-01
4.47e-01
1.15e-01
7.56e-01
-2.20e-01
5.40e-01
5.74e-01
2.01e-01
-1.58e-01
8.18e-01
1.13e-01
4.65e-01
7.30e-01
-2.56e-01
5.90e-01
-3.36e-02
2.85e-02
2.53e-01
-8.70e-02
8.47e-01
-2.87e-01
2.02e-03
-5.33e-01
-3.67e-03
-8.24e-01
9.51e-01
7.02e-01
-2.19e-01
