-6.62e-01
-4.67e-01
-4.99e-01
-9.09e-01
4.81e-01
-5.63e-02
3.58e-01
-6.39e-01
-4.43e-02
2.87e-01
1.13e-01
-9.49e-01
2.21e-01
-6.84e-01
-1.14e-01
8.47e-01
-8.15e-01
-9.45e-01
-6.58e-02
2.37e-01
4.40e-01
-1.64e-01
2.86e-01
9.45e-01
-2.98e-01
-6.30e-01
8.86e-01
5.10e-01
6.13e-01
-8.88e-01
-2.61e-01
8.75e-01
3.86e-01
-1.21e-01
-3.70e-01
-4.57e-01
-3.68e-01
7.07e-01
-7.48e-01
-9.20e-01
-3.47e-01
6.55e-01
-8.02e-01
6.97e-01
-9.75e-01
-1.40e-01
-9.83e-02
3.20e-02
7.84e-01
-3.12e-01
-1.00e+00
1.61e-01
-2.88e-01
1.35e-02
3.10e-01
8.69e-01
3.60e-01
-4.41e-01
-7.49e-01
8.39e-02
-2.37e-01
-6.47e-01
-8.79e-01
-7.89e-02
9.43e-01
-8.64e-01
-5.86e-01
5.41e-02
7.49e-01
7.38e-01
-2.68e-01
-1.52e-01
-5.31e-01
-9.16e-01
-8.64e-01
5.74e-01
-7.60e-01
7.69e-01
-5.28e-01
-1.40e-02
-1.55e-01
-8.19e-01
-6.32e-01
2.51e-01
-3.41e-01
-1.29e-01
-9.56e-01
3.18e-01
6.22e-01
5.69e-01
-5.25e-01
-4.07e-01
5.00e-01
2.73e-01
-9.48e-01
-2.78e-01
-1.60e-01
-8.95e-01
-5.88e-01
3.05e-01
-7.09e-03
8.35e-01
-3.58e-01
1.01e-01
5.27e-01
-7.16e-01
-5.93e-01
7.61e-01
6.06e-01
6.03e-01
-1.44e-01
-1.27e-01
1.25e-01
-1.10e-01
-1.98e-01
7.35e-01
-4.79e-01
4.14e-01
-7.08e-02
6.86e-01
5.37e-01
1.93e-01
4.01e-01
2.72e-01
-8.92e-01
-4.53e-01
-2.74e-01
2.58e-01
1.40e-01
-2.90e-01
6.45e-03
8.29e-01
-8.02e-02
4.25e-01
-1.20e-02
-7.06e-01
-5.56e-02
6.16e-01
-7.22e-01
-6.09e-01
6.44e-01
-2.06e-01
-2.36e-01
8.18e-01
5.85e-01
3.56e-01
4.80e-01
-7.54e-01
-3.27e-01
-8.68e-01
3.98e-01
6.94e-01
-3.62e-01
-4.75e-01
-2.81e-01
-3.58e-01
5.90e-01
2.62e-01
-1.04e-01
-6.32e-01
2.04e-01
8.69e-01
2.91e-01
8.63e-01
7.45e-01
-5.64e-01
2.88e-01
8.16e-01
6.39e-01
9.00e-01
-7.40e-01
-4.53e-01
3.72e-01
3.51e-01
5.84e-01
-4.45e-01
-6.35e-01
7.80e-02
-1.84e-01
-2.19e-02
9.88e-01
-9.95e-01
7.06e-01
4.24e-01
-1.98e-02
-9.33e-01
6.59e-01
-7.40e-02
1.91e-01
-8.85e-01
-9.52e-01
-8.57e-01
-4.66e-01
-3.25e-01
-2.80e-01
8.34e-02
-9.85e-01
-5.02e-01
-9.74e-01
8.00e-01
-4.29e-01
9.16e-01
3.52e-02
-2.41e-01
-4.88e-02
-4.59e-01
-5.90e-01
9.83e-01
-3.33e-01
-6.37e-01
-9.13e-01
-4.60e-01
-6.03e-01
2.85e-01
4.16e-01
-3.23e-01
9.26e-01
-7.68e-01
7.14e-01
-3.26e-01
7.21e-01
-5.85e-01
2.19e-01
-9.19e-01
3.18e-01
-6.73e-01
-6.61e-01
-4.26e-04
1.85e-01
3.67e-01
-5.25e-01
-6.46e-01
8.59e-01
-9.21e-02
9.17e-01
5.48e-01
3.80e-01
3.17e-01
4.47e-01
1.15e-01
7.56e-01
-2.20e-01
5.40e-01
5.74e-01
2.01e-01
-1.58e-01
8.18e-01
-9.67e-01
4.65e-01
-2.06e-01
-2.56e-01
9.03e-01
6.41e-01
6.23e-01
-2.77e-02
1.19e-01
6.54e-01
6.26e-01
-4.01e-01
-1.84e-01
7.15e-01
-2.21e-01
-4.54e-01
4.85e-01
-9.52e-02
