-3.13e-01
6.84e-01
8.63e-01
-9.22e-03
5.47e-01
-7.29e-01
6.22e-02
6.53e-02
-8.37e-01
9.45e-01
6.48e-01
1.06e-02
1.37e-01
3.03e-01
-1.73e-01
2.59e-01
2.39e-01
5.31e-01
-6.53e-01
-9.01e-01
-1.25e-01
3.50e-01
-4.40e-01
4.15e-01
-8.90e-02
-6.30e-01
8.86e-01
5.10e-01
6.13e-01
-8.88e-01
-2.61e-01
8.75e-01
-1.68e-01
4.00e-01
-9.13e-01
-6.76e-01
-5.75e-01
-8.76e-01
-4.06e-01
-5.29e-01
1.76e-01
1.35e-02
-8.76e-01
9.84e-01
9.89e-01
2.69e-01
-6.23e-01
9.76e-01
7.84e-01
-3.12e-01
-1.00e+00
3.67e-01
9.89e-01
9.23e-03
-7.93e-01
-1.16e-02
3.60e-01
-1.62e-01
-1.32e-01
3.86e-01
-8.96e-02
-4.54e-01
-5.86e-01
-2.31e-01
7.40e-01
-8.43e-01
3.06e-02
-1.29e-01
-1.82e-01
8.69e-01
-6.58e-01
3.39e-01
4.42e-01
-1.13e-01
-9.31e-01
5.74e-01
-7.60e-01
7.69e-01
-5.28e-01
-1.40e-02
-1.55e-01
-8.19e-01
-6.32e-01
2.51e-01
-3.41e-01
-1.29e-01
-9.56e-01
3.18e-01
-9.79e-01
-8.73e-01
2.80e-01
2.16e-01
-5.44e-01
-4.48e-01
5.20e-01
4.27e-01
8.57e-01
-1.77e-01
-4.75e-01
3.05e-01
-7.09e-03
-9.64e-01
-6.56e-01
-4.53e-01
5.27e-01
-7.16e-01
-5.93e-01
-9.21e-02
6.97e-01
6.03e-01
-1.44e-01
-1.27e-01
3.11e-01
2.46e-01
-3.13e-03
1.83e-01
-9.62e-01
-1.20e-01
-3.56e-01
9.99e-02
9.09e-01
-7.61e-01
4.01e-01
2.72e-01
-8.92e-01
-4.53e-01
-2.74e-01
2.58e-01
1.40e-01
-2.90e-01
6.45e-03
8.29e-01
-8.02e-02
-2.35e-01
7.13e-01
5.47e-01
9.06e-01
3.25e-01
-2.87e-01
-6.09e-01
6.44e-01
-2.06e-01
-2.36e-01
-4.07e-01
5.04e-01
-4.49e-01
2.37e-01
-5.71e-01
5.72e-01
-7.40e-01
-9.21e-02
9.64e-01
6.95e-01
-6.17e-01
9.70e-01
5.68e-01
-9.19e-01
2.62e-01
-1.04e-01
-6.32e-01
2.04e-01
8.69e-01
2.91e-01
8.63e-01
7.45e-01
-5.64e-01
2.88e-01
8.16e-01
6.39e-01
9.00e-01
-7.40e-01
-4.53e-01
3.72e-01
3.51e-01
5.84e-01
-4.45e-01
2.87e-01
1.22e-01
-7.03e-01
1.35e-01
-5.24e-01
-5.65e-01
-4.38e-01
-4.05e-01
5.23e-01
-4.91e-01
-1.57e-01
-3.67e-01
1.00e+00
-3.92e-01
-1.15e-01
-1.60e-01
-3.53e-01
-3.25e-01
-8.64e-01
-5.26e-02
-6.48e-01
9.22e-02
-6.48e-01
-3.23e-01
5.96e-01
9.16e-01
3.52e-02
-2.41e-01
-4.88e-02
-4.59e-01
-5.90e-01
9.83e-01
-3.33e-01
-6.37e-01
-9.13e-01
-4.60e-01
-6.03e-01
2.85e-01
4.16e-01
-3.23e-01
9.26e-01
-7.68e-01
7.14e-01
-3.26e-01
7.21e-01
-5.85e-01
2.19e-01
5.90e-01
3.18e-01
-6.73e-01
-6.61e-01
-4.26e-04
1.85e-01
3.67e-01
-5.25e-01
-6.46e-01
8.59e-01
7.61e-01
9.17e-01
5.48e-01
3.80e-01
3.17e-01
4.47e-01
1.15e-01
7.56e-01
-2.20e-01
5.40e-01
5.74e-01
2.01e-01
-1.58e-01
8.18e-01
1.13e-01
4.65e-01
7.30e-01
-2.56e-01
9.03e-01
6.41e-01
6.23e-01
-2.77e-02
8.07e-01
1.55e-01
-1.16e-02
4.79e-01
6.13e-01
-3.83e-01
-7.91e-01
7.69e-01
4.85e-01
-2.19e-01
