-6.54e-01
2.92e-01
-6.07e-01
-8.13e-01
-8.73e-01
2.10e-01
1.77e-01
5.68e-01
-8.21e-01
4.07e-01
8.75e-01
-2.01e-02
2.21e-01
-6.84e-01
-1.14e-01
8.47e-01
-8.15e-01
-9.45e-01
-6.58e-02
2.37e-01
4.40e-01
-1.64e-01
2.86e-01
9.45e-01
-2.98e-01
8.19e-01
8.58e-01
-9.50e-02
-5.78e-01
8.16e-02
-7.04e-01
-1.25e-01
3.86e-01
-1.21e-01
-9.64e-01
-4.61e-01
3.17e-01
-7.39e-01
-2.64e-01
8.56e-01
1.76e-01
1.35e-02
-8.76e-01
9.84e-01
9.89e-01
-4.63e-01
-6.23e-01
9.76e-01
7.84e-01
-3.12e-01
-1.00e+00
1.61e-01
9.89e-01
7.22e-01
-3.02e-01
-1.28e-01
3.60e-01
-1.62e-01
-1.32e-01
3.86e-01
-8.96e-02
-9.99e-01
2.69e-01
1.25e-01
9.59e-01
-5.49e-01
4.28e-01
-1.83e-01
5.31e-01
9.04e-01
2.49e-01
-3.21e-01
6.51e-01
-6.88e-01
9.61e-01
3.18e-02
-2.80e-01
1.02e-01
5.35e-01
4.25e-01
-5.63e-01
-9.53e-02
7.33e-01
6.41e-01
7.63e-01
9.98e-01
3.76e-01
-8.01e-01
6.90e-01
7.00e-01
7.31e-01
7.27e-01
-5.83e-01
5.27e-01
5.91e-01
-6.66e-01
6.01e-01
3.14e-01
2.98e-01
-7.08e-01
-4.73e-01
-9.79e-01
3.56e-01
4.40e-01
1.96e-01
-5.05e-01
-6.76e-01
4.23e-01
8.45e-01
-8.44e-01
-2.07e-01
9.12e-01
9.17e-01
2.46e-01
-1.20e-01
3.16e-01
8.00e-01
-3.57e-01
2.29e-01
-1.31e-01
5.37e-01
1.93e-01
4.01e-01
2.72e-01
-8.92e-01
-4.53e-01
-2.74e-01
2.58e-01
1.40e-01
-2.90e-01
6.45e-03
8.29e-01
-8.02e-02
9.58e-01
-1.71e-01
-1.36e-01
5.38e-01
9.23e-01
-9.05e-01
8.89e-02
2.53e-01
1.10e-01
4.25e-03
6.42e-01
3.89e-01
9.75e-01
-2.80e-01
-7.54e-01
-3.27e-01
5.86e-02
7.53e-02
-6.79e-01
9.07e-01
-6.17e-01
9.70e-01
5.68e-01
-9.19e-01
-2.29e-03
8.63e-01
-2.56e-01
-2.51e-01
-5.32e-02
-9.52e-01
-4.21e-01
-4.33e-01
-9.50e-01
-3.96e-01
-3.58e-01
-5.50e-01
-1.50e-01
-7.14e-01
-2.81e-01
3.27e-01
6.36e-01
8.61e-01
-9.37e-01
2.55e-01
4.63e-01
7.18e-02
5.49e-01
4.69e-01
6.45e-01
-7.70e-01
8.68e-01
9.45e-01
-6.77e-01
6.59e-01
3.20e-01
-3.00e-01
2.44e-01
-1.15e-01
-9.39e-01
4.72e-01
5.02e-02
8.42e-01
8.83e-01
-6.67e-01
5.88e-01
7.74e-01
-5.59e-01
7.02e-01
1.89e-01
-8.12e-01
-2.54e-01
-6.87e-01
7.54e-01
1.28e-01
1.46e-01
1.58e-02
-5.21e-01
-3.96e-01
3.64e-02
4.58e-01
5.59e-01
7.76e-01
2.76e-01
-3.58e-01
4.61e-01
-3.98e-01
6.18e-01
9.26e-01
-5.85e-01
2.19e-01
5.90e-01
3.18e-01
-6.73e-01
-6.61e-01
-4.26e-04
1.85e-01
3.67e-01
-5.25e-01
-6.46e-01
8.59e-01
-9.21e-02
9.17e-01
5.48e-01
3.80e-01
3.17e-01
-2.54e-02
3.60e-01
-7.85e-02
4.35e-01
2.64e-02
8.75e-01
-6.53e-01
8.02e-02
9.82e-01
-7.49e-02
5.12e-02
-5.92e-01
-7.42e-01
4.74e-01
-3.31e-01
9.63e-01
-6.30e-01
-1.08e-01
8.40e-01
-7.05e-01
5.64e-01
-5.58e-01
8.16e-01
-7.05e-01
-5.92e-02
2.93e-01
-2.68e-01
