1.43e-01
6.29e-01
-6.07e-01
-8.13e-01
-8.73e-01
2.10e-01
1.77e-01
5.68e-01
-8.21e-01
4.07e-01
8.75e-01
-2.01e-02
2.21e-01
-6.84e-01
-1.14e-01
8.47e-01
-8.15e-01
-9.45e-01
-6.58e-02
2.37e-01
4.40e-01
-1.64e-01
2.86e-01
9.45e-01
-2.98e-01
8.19e-01
8.58e-01
-9.50e-02
-4.46e-01
9.24e-01
-9.49e-01
-4.81e-01
5.24e-01
-3.20e-01
2.00e-01
-6.76e-01
-5.75e-01
-8.76e-01
-4.06e-01
-5.29e-01
1.76e-01
1.35e-02
-8.76e-01
9.84e-01
9.89e-01
2.69e-01
-6.23e-01
9.76e-01
7.84e-01
-3.12e-01
-1.00e+00
1.61e-01
9.89e-01
7.22e-01
-2.41e-01
-1.28e-01
3.60e-01
-1.62e-01
-1.32e-01
3.86e-01
-8.96e-02
8.54e-03
3.00e-01
1.25e-01
9.59e-01
-5.49e-01
4.28e-01
-1.83e-01
1.21e-01
-7.09e-01
-2.68e-01
-1.52e-01
-5.31e-01
-9.16e-01
-8.64e-01
5.74e-01
-7.60e-01
7.69e-01
-5.28e-01
5.91e-01
3.68e-01
-8.16e-01
4.74e-01
4.21e-01
2.10e-01
-4.77e-01
8.77e-01
5.45e-01
3.15e-01
-4.32e-01
-3.66e-02
1.22e-01
-5.57e-01
8.87e-01
-6.03e-01
4.27e-01
7.80e-01
2.86e-01
-1.10e-01
-3.47e-02
-2.54e-02
6.62e-01
6.66e-01
1.01e-01
-4.27e-01
1.55e-01
4.17e-01
7.26e-01
5.37e-01
5.38e-01
-4.09e-01
6.80e-01
-5.05e-01
5.10e-01
-9.24e-01
5.91e-01
2.84e-01
-2.00e-01
-7.08e-02
6.86e-01
5.37e-01
1.93e-01
4.01e-01
2.72e-01
-8.92e-01
-4.53e-01
-2.74e-01
2.58e-01
1.40e-01
-2.90e-01
6.45e-03
8.29e-01
-8.02e-02
-2.00e-01
-1.20e-02
-7.06e-01
-5.56e-02
6.16e-01
-7.22e-01
-6.09e-01
6.44e-01
-2.06e-01
-2.36e-01
8.18e-01
5.85e-01
3.56e-01
4.80e-01
3.57e-01
-3.27e-01
5.92e-01
-9.21e-02
9.64e-01
6.95e-01
9.55e-01
-8.04e-01
-8.85e-01
-3.68e-01
2.67e-01
4.55e-01
-6.32e-01
7.93e-01
-1.11e-01
9.07e-01
7.79e-01
9.83e-01
-6.65e-01
-6.24e-01
8.60e-01
-8.93e-02
-4.00e-02
5.92e-01
-4.53e-01
3.72e-01
3.51e-01
5.84e-01
-4.45e-01
2.87e-01
1.22e-01
-7.03e-01
1.35e-01
-5.24e-01
-5.65e-01
-4.38e-01
-4.05e-01
5.23e-01
-4.91e-01
-1.57e-01
-3.67e-01
1.00e+00
-3.92e-01
3.46e-01
-6.57e-02
-5.20e-01
2.44e-01
7.74e-01
9.42e-01
-6.67e-01
5.88e-01
7.74e-01
-5.59e-01
7.02e-01
1.89e-01
-8.12e-01
-2.54e-01
-6.87e-01
7.54e-01
1.28e-01
1.46e-01
1.58e-02
-5.21e-01
-3.96e-01
3.64e-02
-6.46e-01
2.85e-01
4.16e-01
-3.23e-01
9.26e-01
6.05e-01
-3.90e-01
-3.26e-01
7.21e-01
-5.85e-01
2.19e-01
5.90e-01
3.18e-01
-6.73e-01
-6.61e-01
-4.26e-04
1.85e-01
3.67e-01
-5.25e-01
4.58e-01
8.59e-01
-9.21e-02
9.17e-01
5.48e-01
3.80e-01
3.17e-01
4.47e-01
1.15e-01
7.56e-01
-2.20e-01
5.40e-01
5.74e-01
2.01e-01
-1.58e-01
-8.50e-01
1.13e-01
4.65e-01
7.30e-01
-2.56e-01
9.03e-01
6.41e-01
6.23e-01
-2.77e-02
8.07e-01
6.00e-01
-4.61e-01
-8.02e-01
-3.36e-01
3.31e-01
-6.27e-01
-6.84e-02
9.02e-01
1.19e-02
