-6.54e-01
2.92e-01
5.63e-01
8.43e-01
-7.43e-01
7.96e-01
7.48e-01
6.57e-01
6.58e-01
-5.58e-01
8.63e-01
6.12e-01
-9.49e-01
-8.25e-01
-8.79e-01
-3.95e-01
-3.63e-01
-1.12e-01
-1.48e-01
1.50e-01
5.35e-02
-8.22e-01
-3.47e-01
5.37e-01
-5.14e-01
1.53e-01
-9.51e-01
7.56e-01
9.75e-01
-9.16e-01
-7.04e-01
-1.25e-01
3.86e-01
-1.21e-01
-3.70e-01
-4.57e-01
-3.68e-01
7.07e-01
-7.48e-01
-9.20e-01
3.72e-01
6.10e-02
2.52e-01
-5.13e-01
-7.33e-02
-3.39e-01
5.71e-01
3.91e-01
-3.47e-01
5.38e-01
5.77e-01
-7.91e-01
1.67e-01
-3.29e-01
6.75e-01
-4.64e-01
-2.83e-01
-8.49e-01
-5.01e-01
5.08e-01
-4.99e-02
-3.40e-01
3.11e-01
-4.94e-01
-4.06e-01
8.51e-02
-6.77e-01
-4.30e-01
2.38e-01
2.39e-01
7.97e-01
3.39e-01
4.42e-01
-1.13e-01
-9.31e-01
-6.41e-01
-6.08e-01
5.29e-01
-5.28e-01
5.91e-01
3.68e-01
-8.16e-01
4.74e-01
4.21e-01
2.10e-01
-4.77e-01
8.77e-01
5.45e-01
3.15e-01
-4.32e-01
-3.66e-02
1.22e-01
-9.35e-01
8.14e-01
-6.03e-01
4.27e-01
7.80e-01
2.86e-01
-1.10e-01
-3.47e-02
-2.54e-02
6.62e-01
6.66e-01
-9.81e-01
5.27e-01
-7.16e-01
4.17e-01
7.26e-01
5.37e-01
6.03e-01
-1.44e-01
-1.27e-01
1.25e-01
5.10e-01
-9.24e-01
5.91e-01
2.84e-01
4.14e-01
-7.08e-02
6.86e-01
5.37e-01
1.93e-01
4.01e-01
2.72e-01
-8.92e-01
-4.53e-01
-2.74e-01
2.58e-01
-9.44e-01
3.93e-01
2.30e-01
-8.59e-01
1.27e-01
2.70e-01
3.50e-01
6.39e-02
1.34e-01
-1.11e-02
-2.43e-01
-5.23e-01
-9.96e-01
-9.65e-01
2.88e-01
-9.70e-01
7.45e-01
4.78e-01
5.63e-01
-8.57e-01
-4.12e-01
7.66e-01
1.76e-01
9.78e-01
-7.17e-01
7.95e-01
-1.38e-01
-2.01e-02
7.35e-02
-2.29e-03
8.63e-01
-2.56e-01
5.60e-01
-9.30e-01
-2.72e-01
-9.97e-01
-3.34e-01
2.92e-01
5.65e-01
7.52e-01
6.56e-01
-4.62e-01
7.34e-01
-5.90e-01
-8.88e-01
5.34e-01
-7.03e-01
9.85e-01
8.81e-01
-6.62e-01
-5.49e-03
5.35e-01
8.28e-02
-9.50e-01
5.99e-01
5.23e-01
-8.37e-01
6.19e-01
9.14e-02
-7.40e-02
1.91e-01
-8.85e-01
-9.52e-01
-8.57e-01
-4.66e-01
3.68e-01
9.45e-01
1.55e-01
2.53e-02
-4.38e-01
-4.32e-01
-3.13e-01
-3.64e-01
8.52e-01
-9.88e-01
2.94e-01
-3.28e-01
8.94e-01
-7.92e-02
9.04e-01
2.80e-01
-5.84e-01
-9.13e-01
-4.60e-01
7.98e-01
2.85e-01
4.16e-01
-5.33e-01
3.36e-01
8.33e-01
5.46e-01
6.12e-01
-7.21e-01
-9.49e-02
-1.83e-01
-4.75e-01
1.21e-01
1.14e-01
5.05e-02
5.82e-01
-2.60e-01
-2.63e-01
-4.21e-01
-3.66e-01
-5.44e-02
3.94e-01
-4.72e-01
9.40e-01
-4.79e-01
-3.86e-01
6.24e-01
-6.03e-01
1.93e-01
-3.34e-01
-1.09e-01
1.24e-01
2.01e-01
-1.58e-01
-7.20e-02
1.13e-01
4.65e-01
-2.06e-01
3.57e-01
5.90e-01
-3.36e-02
2.85e-02
5.33e-01
1.19e-01
6.54e-01
6.26e-01
-4.01e-01
-1.84e-01
3.31e-01
-6.27e-01
-6.84e-02
9.02e-01
1.19e-02
