-8.35e-01
-5.46e-01
-8.26e-01
4.40e-01
4.81e-01
1.95e-01
-6.71e-01
-2.66e-01
2.92e-02
-5.81e-01
9.13e-01
-6.12e-01
2.05e-01
-6.84e-01
-1.14e-01
8.47e-01
-8.15e-01
-9.45e-01
-6.58e-02
-7.10e-01
-1.75e-01
-8.22e-01
-3.47e-01
5.37e-01
-5.14e-01
1.53e-01
-9.51e-01
7.56e-01
9.75e-01
-9.16e-01
-7.04e-01
-1.25e-01
3.86e-01
-1.21e-01
-2.81e-01
-4.57e-01
-3.68e-01
7.07e-01
-7.48e-01
-9.20e-01
4.85e-01
6.55e-01
-8.02e-01
6.06e-01
-9.75e-01
-9.04e-01
2.60e-01
1.98e-01
-4.03e-01
-5.73e-01
-4.42e-01
-3.63e-01
-2.88e-01
1.35e-02
3.10e-01
8.69e-01
8.45e-01
-4.41e-01
-7.49e-01
8.39e-02
3.22e-01
-4.54e-01
-5.86e-01
-2.31e-01
7.40e-01
-8.43e-01
3.06e-02
-1.29e-01
5.31e-01
9.04e-01
2.49e-01
-3.21e-01
4.42e-01
-1.13e-01
-9.31e-01
-8.35e-01
-6.08e-01
7.69e-01
-5.28e-01
5.91e-01
3.68e-01
-8.59e-01
8.39e-02
-1.62e-01
2.73e-01
-6.99e-01
5.01e-01
-3.08e-01
3.15e-01
-4.32e-01
-3.66e-02
-6.72e-01
-4.06e-01
8.87e-01
-6.03e-01
4.27e-01
7.80e-01
2.86e-01
-1.10e-01
-3.47e-02
-2.54e-02
6.62e-01
6.66e-01
-9.81e-01
5.27e-01
3.29e-01
1.37e-01
-8.49e-01
2.76e-01
-3.57e-01
9.69e-01
-5.52e-01
-6.61e-01
-7.29e-01
5.88e-01
8.84e-01
4.78e-01
3.67e-01
-8.05e-02
-3.60e-02
5.37e-01
1.93e-01
4.01e-01
2.72e-01
-8.92e-01
-4.53e-01
-2.74e-01
2.58e-01
1.40e-01
-2.90e-01
6.45e-03
8.29e-01
-8.02e-02
-2.00e-01
-1.20e-02
-7.06e-01
-5.56e-02
6.16e-01
-7.22e-01
-6.09e-01
6.44e-01
-2.79e-01
8.69e-01
-4.07e-01
5.04e-01
-4.49e-01
-8.88e-01
3.57e-01
-4.12e-01
-5.35e-01
-9.21e-02
9.64e-01
6.95e-01
9.55e-01
-8.04e-01
-8.85e-01
-3.68e-01
3.18e-01
-8.46e-01
9.07e-01
1.40e-01
-6.98e-01
4.44e-01
1.83e-01
-4.33e-01
-9.50e-01
-3.96e-01
-3.58e-01
-5.50e-01
-1.50e-01
-7.14e-01
-3.70e-01
3.27e-01
4.38e-01
-2.29e-01
-9.34e-01
-3.79e-01
2.98e-01
9.85e-02
5.35e-01
8.28e-02
-9.50e-01
5.99e-01
-5.09e-01
1.57e-01
-7.05e-02
2.92e-01
7.42e-01
-1.89e-01
-1.32e-01
3.17e-01
4.36e-01
-3.83e-01
-3.25e-01
-2.80e-01
8.34e-02
-9.85e-01
-5.02e-01
-9.74e-01
8.00e-01
-4.29e-01
4.25e-01
1.42e-01
-6.07e-01
-8.45e-01
8.21e-01
-2.19e-01
8.65e-01
-3.33e-01
-6.37e-01
-9.13e-01
-4.29e-01
8.06e-01
2.85e-01
4.16e-01
-3.23e-01
9.26e-01
-7.68e-01
7.14e-01
-3.26e-01
7.21e-01
-7.68e-01
6.49e-01
-7.97e-01
8.51e-01
-7.13e-01
-5.92e-01
8.40e-01
-3.95e-01
4.08e-01
-6.06e-01
-4.55e-01
2.19e-01
4.45e-01
5.21e-01
-3.38e-01
-9.13e-01
6.23e-01
4.47e-01
1.15e-01
7.56e-01
-2.20e-01
5.40e-01
5.74e-01
2.01e-01
-1.58e-01
-8.50e-01
1.13e-01
4.65e-01
7.30e-01
-2.56e-01
9.03e-01
6.41e-01
6.23e-01
-2.77e-02
1.19e-01
6.54e-01
6.26e-01
-4.54e-01
-1.84e-01
7.15e-01
-2.21e-01
-4.01e-01
5.40e-01
-3.32e-01
