3.09e-01
-7.45e-01
6.35e-01
5.02e-01
-4.04e-01
-8.63e-01
-2.25e-01
9.83e-01
-3.84e-01
-2.10e-01
8.49e-01
-3.17e-02
-5.72e-01
-7.06e-01
-1.01e-01
9.20e-01
-3.81e-01
-9.45e-01
-6.58e-02
2.37e-01
4.40e-01
-1.64e-01
2.86e-01
9.45e-01
-2.98e-01
8.19e-01
8.58e-01
-9.50e-02
-4.46e-01
9.24e-01
-9.49e-01
-4.81e-01
5.24e-01
-3.20e-01
2.00e-01
-6.76e-01
-5.75e-01
-8.76e-01
-4.06e-01
-5.29e-01
1.76e-01
1.35e-02
-8.76e-01
9.84e-01
9.89e-01
2.69e-01
-6.23e-01
9.76e-01
7.84e-01
-3.12e-01
-1.00e+00
1.61e-01
9.89e-01
7.22e-01
-3.02e-01
-1.28e-01
3.60e-01
-1.62e-01
-1.32e-01
3.86e-01
-8.96e-02
8.54e-03
3.00e-01
1.25e-01
9.59e-01
-5.49e-01
4.28e-01
-1.83e-01
1.21e-01
-7.09e-01
-2.68e-01
-1.52e-01
-5.31e-01
-9.16e-01
-8.64e-01
5.74e-01
-7.60e-01
7.69e-01
-5.28e-01
5.91e-01
3.68e-01
-8.16e-01
4.74e-01
4.21e-01
2.10e-01
-4.77e-01
8.77e-01
5.45e-01
3.15e-01
-8.73e-01
2.80e-01
5.76e-01
-4.06e-01
9.68e-01
1.87e-01
4.06e-01
3.11e-01
7.15e-01
8.39e-01
9.73e-01
3.09e-01
8.35e-01
-3.58e-01
1.01e-01
-4.27e-01
-6.53e-02
6.09e-01
-2.13e-01
3.14e-01
-3.10e-01
1.41e-02
-6.46e-01
6.64e-01
-7.29e-01
5.88e-01
8.84e-01
4.78e-01
3.67e-01
-8.05e-02
-3.60e-02
9.09e-01
-7.61e-01
-5.69e-02
-3.56e-01
5.69e-01
5.48e-01
6.81e-01
7.64e-02
-7.28e-01
7.25e-01
-4.53e-01
8.29e-01
-8.02e-02
9.58e-01
-7.21e-01
8.73e-01
5.38e-01
9.23e-01
-9.05e-01
8.89e-02
6.44e-01
-2.06e-01
-2.36e-01
8.18e-01
5.85e-01
3.56e-01
4.80e-01
3.57e-01
-3.27e-01
5.92e-01
-9.21e-02
9.64e-01
6.95e-01
9.55e-01
-8.04e-01
-8.85e-01
-3.68e-01
2.67e-01
4.55e-01
-6.32e-01
2.04e-01
8.69e-01
2.91e-01
8.63e-01
7.45e-01
-5.64e-01
2.88e-01
8.16e-01
6.39e-01
9.00e-01
-7.40e-01
-4.53e-01
3.72e-01
3.51e-01
5.84e-01
-4.45e-01
2.87e-01
1.22e-01
-7.03e-01
1.35e-01
-5.24e-01
-5.65e-01
7.06e-01
-5.09e-01
1.57e-01
-7.05e-02
2.92e-01
3.20e-01
1.00e+00
-3.92e-01
3.46e-01
-6.57e-02
-5.20e-01
2.44e-01
7.74e-01
9.42e-01
-9.85e-01
-5.02e-01
-9.74e-01
8.00e-01
-4.29e-01
4.25e-01
1.42e-01
-6.07e-01
-8.45e-01
8.21e-01
-7.92e-02
9.04e-01
2.80e-01
-5.84e-01
-9.13e-01
-4.60e-01
7.98e-01
2.85e-01
4.16e-01
-5.33e-01
9.26e-01
-7.68e-01
7.14e-01
-3.26e-01
7.21e-01
-5.85e-01
2.19e-01
5.90e-01
3.18e-01
-6.73e-01
-6.61e-01
-4.26e-04
1.85e-01
3.67e-01
-5.25e-01
-6.46e-01
8.59e-01
-9.21e-02
9.17e-01
3.61e-01
3.80e-01
3.17e-01
4.47e-01
1.15e-01
7.56e-01
-2.20e-01
5.40e-01
5.74e-01
2.01e-01
-1.58e-01
8.18e-01
1.13e-01
4.65e-01
7.30e-01
-2.56e-01
9.03e-01
6.41e-01
6.23e-01
-2.77e-02
8.07e-01
1.55e-01
-1.16e-02
4.79e-01
6.13e-01
-3.83e-01
-7.91e-01
7.69e-01
4.85e-01
-9.52e-02
