-1.31e-01
2.18e-01
9.85e-01
-8.83e-01
-8.22e-01
-8.53e-01
-2.98e-01
-7.25e-01
-3.81e-01
-1.90e-01
2.41e-01
-3.77e-01
6.37e-01
7.15e-01
-9.42e-01
1.48e-01
7.49e-01
5.83e-01
5.35e-01
-4.51e-01
-4.11e-02
2.44e-01
5.63e-01
-6.80e-02
8.61e-01
-8.75e-01
5.02e-01
3.13e-01
3.61e-01
-4.33e-01
9.51e-02
-6.38e-01
6.69e-01
-8.30e-01
-1.93e-01
2.75e-02
-5.11e-01
8.09e-02
3.59e-01
-9.72e-01
-7.18e-01
1.79e-01
-8.86e-01
1.50e-02
8.88e-02
7.59e-01
5.70e-01
5.66e-01
5.09e-01
-7.08e-01
9.68e-01
-5.97e-01
-7.25e-01
-6.15e-01
-3.20e-01
-5.68e-01
3.50e-01
-6.54e-01
5.28e-01
4.45e-01
-5.65e-01
9.68e-01
3.89e-01
8.32e-01
-7.88e-01
-9.81e-01
8.95e-01
-3.68e-01
-6.01e-02
5.22e-03
6.66e-01
-7.55e-01
-4.56e-01
-6.46e-02
-7.95e-01
-8.34e-01
-5.26e-02
5.69e-01
-3.29e-01
7.87e-01
-5.64e-01
4.66e-01
2.79e-01
-1.04e-01
-2.16e-01
3.35e-01
9.03e-01
1.25e-01
-7.37e-01
8.48e-01
3.36e-01
2.64e-01
-2.79e-01
5.78e-01
-7.27e-01
-2.78e-01
-5.01e-01
6.74e-01
-6.06e-02
-2.02e-01
2.44e-01
-2.01e-01
2.62e-01
-5.59e-01
-8.18e-01
-7.61e-01
-9.81e-02
5.67e-02
4.32e-01
4.83e-02
-4.56e-01
3.37e-01
5.34e-01
5.59e-01
-1.48e-01
5.43e-02
-7.45e-01
-3.91e-02
-4.41e-01
-8.64e-01
-8.65e-01
2.55e-01
-8.67e-01
3.50e-01
-1.97e-01
9.72e-01
6.54e-01
-1.92e-01
5.02e-02
7.52e-02
1.65e-01
-7.85e-01
4.59e-01
5.19e-01
3.23e-01
1.33e-01
8.32e-01
3.97e-01
-4.03e-03
-6.31e-01
-3.00e-01
-7.65e-01
-4.95e-01
5.16e-01
9.99e-02
-6.40e-01
6.05e-01
6.56e-01
2.35e-01
9.87e-01
-7.30e-01
5.68e-01
3.89e-01
6.90e-01
-9.50e-01
-3.55e-01
-7.03e-01
-3.95e-01
4.17e-01
-9.51e-01
-6.11e-01
-6.20e-01
-3.46e-01
-1.93e-03
1.00e-01
-3.06e-01
7.70e-01
6.60e-02
5.19e-01
1.06e-01
6.91e-02
7.69e-01
3.87e-01
3.55e-01
5.00e-01
6.77e-01
6.95e-01
6.79e-01
3.34e-01
7.16e-01
-8.62e-01
-7.72e-01
-3.10e-01
2.82e-01
-5.53e-01
7.71e-01
-8.80e-01
-3.67e-01
5.99e-01
9.57e-02
2.68e-01
1.80e-01
-4.77e-01
-1.54e-01
-7.12e-01
-3.98e-01
6.65e-01
1.45e-02
3.25e-01
-9.27e-01
-8.45e-01
-4.11e-01
8.22e-01
-7.39e-01
9.55e-01
9.41e-01
5.27e-01
2.45e-01
9.10e-01
-4.89e-01
-6.89e-01
-6.31e-01
2.75e-01
-3.78e-01
3.67e-01
3.71e-01
-1.57e-01
-6.29e-01
4.65e-01
-1.04e-01
9.69e-01
9.75e-01
8.75e-01
4.68e-01
-6.23e-01
-9.40e-01
-4.62e-01
4.99e-01
8.87e-01
-4.71e-01
3.51e-01
3.24e-01
1.39e-01
-7.67e-01
9.05e-01
-1.98e-02
9.55e-01
-1.45e-02
2.14e-03
-8.61e-01
-1.66e-01
6.06e-01
9.98e-01
-4.74e-01
5.03e-02
-6.20e-01
-6.90e-01
6.43e-02
6.91e-01
3.62e-01
-6.23e-01
-6.82e-01
3.32e-01
4.59e-01
-2.25e-01
1.75e-01
3.87e-01
7.23e-01
-7.88e-01
-5.37e-01
-3.64e-01
-4.30e-01
-9.03e-01
-9.90e-01
-3.74e-01
