-2.03e-01
3.48e-01
9.13e-01
-3.37e-01
8.10e-01
3.47e-01
-6.95e-01
4.45e-02
7.53e-01
9.12e-02
2.37e-01
-8.55e-01
1.93e-01
-7.52e-01
8.45e-01
-5.16e-01
3.73e-01
9.10e-01
-3.89e-01
-5.88e-01
4.48e-01
-7.35e-01
-4.93e-01
-6.11e-01
-2.10e-01
4.46e-01
-1.08e-01
-4.76e-01
-2.79e-01
-3.96e-01
-1.48e-02
-2.88e-01
8.93e-01
2.70e-01
-5.14e-01
7.21e-01
6.90e-01
5.33e-01
-9.35e-01
5.38e-01
5.61e-01
-3.80e-01
5.67e-01
-7.91e-01
3.45e-01
2.62e-01
8.85e-01
3.62e-01
1.05e-01
-1.07e-01
-8.26e-01
5.33e-01
3.41e-01
6.85e-01
-8.67e-01
3.02e-01
-6.68e-01
-2.20e-01
-2.67e-01
2.39e-01
5.70e-01
3.46e-01
4.21e-01
9.03e-01
5.30e-01
7.30e-01
2.16e-01
4.29e-01
-6.17e-01
1.75e-01
-5.44e-02
6.47e-01
-8.37e-01
9.60e-01
7.02e-01
-1.09e-01
6.64e-01
3.24e-01
-6.15e-01
4.68e-01
4.82e-01
9.87e-01
-2.95e-01
-2.52e-01
5.73e-01
-9.00e-01
-8.60e-01
-7.09e-01
9.93e-02
2.08e-01
-8.54e-01
4.60e-01
-9.57e-01
-9.91e-01
2.92e-01
-3.85e-01
2.16e-01
5.17e-01
6.69e-01
-8.36e-01
5.95e-01
7.20e-01
-7.95e-01
7.21e-01
-1.19e-01
-2.21e-01
7.29e-01
3.11e-01
-5.45e-02
4.39e-02
-6.07e-01
-7.25e-01
-5.91e-01
-7.60e-01
-1.01e-02
8.19e-01
9.31e-01
-6.67e-01
5.64e-02
9.27e-01
-8.51e-01
3.45e-01
7.93e-01
-6.18e-01
-2.17e-01
-1.72e-02
4.99e-01
-9.26e-01
-9.28e-02
-2.39e-01
-3.96e-01
4.11e-01
-9.12e-01
2.22e-02
-5.37e-02
6.36e-01
1.49e-01
3.97e-01
6.18e-01
-8.86e-01
3.15e-01
-1.76e-03
-1.72e-02
-9.44e-01
9.70e-02
-8.47e-03
-6.38e-01
-2.24e-01
4.74e-01
-2.51e-01
9.23e-01
6.28e-01
2.48e-01
-5.98e-01
-5.64e-01
-6.93e-01
-4.46e-01
2.41e-01
8.82e-01
1.77e-01
-4.11e-01
-7.21e-01
5.10e-01
-6.72e-01
4.77e-01
4.22e-01
4.55e-01
9.11e-01
4.90e-01
6.88e-01
4.11e-01
-1.15e-01
-5.60e-01
-1.07e-01
-2.11e-01
-7.74e-01
7.13e-01
-2.11e-02
-7.91e-01
8.82e-01
-1.81e-01
4.48e-01
4.29e-01
5.53e-01
-4.43e-01
8.81e-01
7.37e-01
7.55e-01
8.83e-01
2.81e-01
1.51e-01
5.03e-01
4.54e-01
-7.83e-01
-4.28e-01
-1.44e-01
-3.04e-01
9.05e-01
4.98e-01
-3.19e-01
7.99e-01
-5.41e-01
-6.10e-01
3.16e-01
-5.48e-01
3.80e-01
3.00e-01
5.10e-01
-6.37e-01
5.78e-01
-1.13e-01
-3.73e-01
9.79e-01
-5.98e-01
-1.61e-01
6.86e-01
7.23e-01
-2.87e-01
3.18e-01
6.38e-01
-7.41e-01
6.39e-01
6.99e-01
5.30e-01
-6.74e-01
-8.99e-01
-8.31e-01
-1.70e-01
3.17e-01
-1.81e-01
-5.38e-03
5.34e-01
-9.18e-01
-7.99e-01
-8.08e-01
3.13e-01
-8.59e-01
9.51e-02
6.35e-01
-1.90e-01
-3.68e-01
-7.40e-01
5.73e-01
6.22e-01
1.21e-01
-9.43e-01
-1.80e-01
-3.11e-01
-3.52e-01
8.99e-01
7.48e-01
7.02e-01
8.53e-01
7.02e-01
8.56e-01
9.38e-01
-5.45e-04
8.46e-01
-1.40e-01
-8.90e-01
-8.54e-01
-3.16e-01
7.99e-01
-1.98e-01
-5.87e-01
