-5.60e-02
4.37e-01
-9.86e-01
-3.54e-01
-3.20e-01
-4.14e-01
2.11e-03
-7.88e-01
-1.71e-01
-5.95e-01
8.68e-01
-6.85e-02
-1.48e-01
-5.06e-01
5.66e-01
-4.44e-01
6.32e-01
5.96e-01
2.84e-01
-5.48e-01
-6.53e-01
-6.77e-01
-4.89e-01
9.98e-01
6.27e-01
-2.91e-01
-3.54e-01
2.48e-01
2.46e-01
9.53e-01
1.45e-01
4.16e-01
-4.97e-01
1.68e-02
3.26e-01
7.83e-01
9.54e-02
-8.98e-02
-3.88e-01
-4.03e-01
-6.96e-01
2.81e-02
8.59e-01
8.60e-01
3.79e-01
-4.19e-01
7.41e-01
-6.45e-01
-5.19e-01
1.86e-01
5.72e-01
-1.42e-01
4.56e-01
-6.52e-01
6.50e-01
4.78e-01
5.60e-01
1.15e-02
-1.82e-01
5.71e-01
-9.88e-01
7.00e-01
3.09e-01
5.81e-01
9.95e-01
6.94e-01
9.92e-01
-1.85e-01
6.50e-02
1.67e-01
-1.13e-01
6.45e-02
-9.96e-01
-3.86e-01
-1.85e-01
9.65e-01
-4.96e-01
6.21e-02
-6.51e-01
2.43e-01
-7.60e-01
-6.28e-01
-2.53e-01
-3.47e-01
3.69e-02
8.05e-01
-6.72e-01
-4.30e-01
3.90e-01
8.30e-01
-9.02e-01
6.05e-01
-6.43e-01
-4.46e-01
4.92e-01
-7.57e-02
-9.00e-01
1.79e-01
-8.16e-01
3.22e-02
-4.96e-01
-4.42e-01
1.88e-01
-1.46e-01
-4.65e-01
6.10e-01
2.36e-01
-1.92e-01
-3.09e-01
-3.56e-01
8.20e-01
-6.17e-01
-1.53e-01
1.25e-01
3.46e-01
1.67e-01
-3.60e-01
7.46e-01
-3.50e-01
9.50e-01
5.64e-01
4.48e-01
4.59e-01
-7.82e-02
6.75e-01
-8.74e-01
7.73e-01
-4.43e-02
-6.68e-01
-1.08e-01
8.98e-01
-7.59e-01
3.38e-02
7.45e-01
-4.57e-01
-4.69e-01
9.86e-01
-3.19e-01
-2.14e-01
-9.59e-01
1.76e-01
2.02e-01
6.70e-01
4.65e-01
2.02e-01
3.28e-01
-6.96e-01
-5.80e-01
9.49e-01
-4.57e-01
-7.36e-01
-9.08e-01
-2.76e-01
3.37e-01
-5.94e-02
1.30e-02
7.04e-01
-3.74e-01
-4.74e-03
-9.87e-01
7.09e-01
-7.38e-01
-6.90e-01
4.96e-01
-2.76e-01
-8.17e-01
-2.09e-02
-2.36e-02
1.17e-01
6.92e-01
6.07e-01
8.47e-01
-5.21e-01
-7.74e-01
-6.17e-01
-7.33e-01
-8.90e-02
-7.32e-01
-4.21e-02
1.50e-01
-3.59e-01
-4.06e-01
3.13e-01
-1.52e-01
-2.93e-01
-3.15e-01
8.10e-01
4.24e-01
3.72e-02
-5.24e-01
5.14e-01
5.38e-01
4.86e-01
-8.23e-01
-5.88e-01
-2.59e-01
1.74e-01
3.37e-01
-4.72e-01
-7.23e-01
-3.81e-01
5.02e-01
3.74e-01
5.35e-01
-7.07e-02
-9.91e-02
1.22e-01
-4.70e-01
5.26e-01
-2.18e-01
9.86e-01
7.63e-01
2.32e-01
-9.69e-01
-1.86e-01
6.42e-01
-1.96e-01
3.87e-01
5.19e-01
-3.67e-01
-1.76e-01
-9.61e-02
-5.45e-01
2.47e-01
-1.35e-01
-5.24e-01
5.41e-01
3.51e-01
-3.63e-01
3.20e-01
-9.70e-01
6.51e-01
5.52e-01
-4.21e-01
4.03e-01
-5.01e-01
-9.42e-01
1.29e-01
6.25e-01
-2.28e-01
7.41e-01
8.13e-01
-4.42e-01
5.23e-01
4.91e-01
-6.57e-02
4.89e-01
7.75e-01
7.09e-01
-6.10e-01
-2.95e-01
-6.47e-01
-2.15e-02
-6.48e-01
-5.65e-01
6.02e-01
6.06e-01
5.62e-01
3.53e-01
7.14e-01
-9.16e-01
-4.62e-01
-1.21e-01
7.96e-01
1.64e-01
