-7.30e-01
-5.65e-01
-5.36e-01
-8.56e-01
-5.92e-02
8.50e-01
-4.36e-01
5.71e-01
-5.09e-01
-7.65e-01
8.16e-02
-8.11e-01
9.74e-01
4.20e-01
8.39e-02
-8.68e-01
-7.08e-01
-8.41e-01
-6.14e-01
2.66e-01
-6.24e-01
6.54e-01
9.57e-01
2.73e-01
7.61e-01
-3.16e-01
2.03e-01
8.14e-01
-4.03e-02
1.37e-01
9.54e-01
9.92e-01
-5.86e-01
-6.77e-01
2.72e-01
-6.64e-01
-4.99e-01
-9.03e-01
-4.08e-01
9.84e-01
6.12e-01
-7.42e-01
8.03e-01
5.82e-01
1.02e-01
1.81e-01
-9.26e-01
-2.40e-01
1.75e-02
-9.41e-02
1.63e-01
4.74e-01
-6.80e-01
-7.81e-01
9.63e-01
5.70e-01
1.69e-01
-1.16e-01
-5.55e-01
2.79e-01
4.91e-02
-6.74e-01
7.72e-01
9.15e-01
9.08e-01
4.86e-01
-6.37e-01
3.51e-01
7.17e-02
-1.18e-01
-3.33e-02
-5.16e-01
8.43e-02
-6.05e-02
9.60e-01
-1.45e-01
2.65e-01
-5.58e-01
-6.94e-01
-6.45e-01
-7.73e-01
-4.14e-01
5.50e-01
6.36e-02
-3.32e-01
9.16e-01
9.64e-01
6.96e-01
-3.48e-01
8.17e-01
-8.95e-01
-6.66e-01
6.90e-01
6.24e-01
3.07e-01
7.04e-02
-1.00e+00
3.72e-01
-1.99e-01
-9.24e-01
9.50e-01
-9.22e-01
-1.83e-01
-1.39e-02
-8.75e-01
6.44e-01
-3.68e-01
3.19e-01
9.81e-01
8.09e-01
-9.83e-01
7.67e-01
-9.93e-01
9.99e-01
-9.49e-01
1.36e-01
-6.54e-01
-8.22e-02
-2.66e-01
-8.26e-01
2.50e-01
7.50e-04
-7.02e-01
-5.98e-01
-4.95e-02
-5.64e-01
8.89e-01
-8.43e-01
-2.36e-01
-2.13e-01
-6.22e-01
4.01e-01
-3.19e-01
2.66e-01
-1.96e-01
6.33e-01
2.43e-01
5.73e-01
-8.33e-01
8.18e-02
9.42e-02
-2.47e-01
9.34e-01
7.82e-01
-6.77e-01
-3.98e-01
8.93e-01
2.48e-01
2.21e-02
9.58e-02
-1.13e-01
-8.47e-01
2.24e-02
-1.12e-02
2.44e-01
-3.88e-01
-8.57e-01
5.61e-01
-4.17e-01
-5.98e-01
5.19e-01
-2.87e-01
-4.62e-01
-8.96e-01
1.13e-01
-9.85e-01
-5.76e-01
5.93e-01
6.07e-01
8.12e-01
9.64e-01
7.72e-01
-3.42e-01
-7.82e-01
-2.95e-01
8.05e-01
-4.49e-01
1.31e-01
-7.44e-02
-9.58e-01
-5.29e-01
-5.16e-01
8.99e-02
2.07e-01
2.29e-01
-4.73e-01
9.94e-01
-1.73e-01
-1.21e-01
-5.01e-01
-1.99e-01
-4.63e-01
3.89e-01
-3.26e-01
-7.07e-01
9.17e-02
4.19e-01
4.47e-01
-8.62e-01
4.02e-01
5.91e-01
9.64e-02
-1.26e-01
4.94e-01
-7.07e-02
2.40e-02
-9.46e-01
-9.63e-01
-8.66e-01
-8.44e-01
-6.83e-01
-4.48e-01
1.43e-01
2.93e-01
8.70e-02
4.00e-01
9.72e-02
5.61e-01
9.41e-01
8.63e-02
2.06e-01
-6.74e-01
6.55e-01
2.26e-01
-7.94e-01
-7.65e-01
2.76e-01
3.63e-01
-2.68e-01
3.08e-01
-1.93e-01
-2.51e-01
8.41e-01
8.36e-01
5.78e-01
5.52e-01
2.66e-01
8.10e-01
4.16e-01
7.25e-02
1.77e-01
3.50e-02
-3.41e-01
4.12e-01
-8.44e-01
5.52e-01
-9.76e-01
4.69e-01
6.04e-01
-9.73e-01
1.01e-01
7.58e-02
-6.32e-01
9.92e-02
-6.88e-01
1.00e-01
4.73e-01
-1.22e-01
-5.37e-01
-6.65e-01
1.17e-01
8.77e-01
-6.85e-01
3.84e-01
3.89e-01
