4.87e-01
-4.21e-01
-2.24e-01
3.38e-01
8.77e-01
4.99e-01
2.38e-01
-9.87e-01
-1.81e-01
-7.39e-01
-5.19e-01
7.80e-01
-3.86e-01
-9.29e-01
7.58e-01
3.54e-01
6.08e-01
8.00e-01
2.57e-01
6.31e-02
3.66e-01
-8.40e-01
-4.84e-01
-6.12e-01
-1.41e-01
-3.47e-01
5.83e-01
2.10e-01
-8.44e-01
-6.48e-01
-7.71e-01
2.32e-01
-9.66e-01
-8.52e-01
6.13e-01
1.08e-01
2.84e-01
4.98e-01
5.11e-01
7.98e-01
9.66e-01
-8.17e-02
-4.27e-01
-5.59e-01
4.49e-01
2.14e-01
-4.21e-01
3.11e-02
-3.94e-01
4.74e-01
1.64e-01
-8.42e-01
-9.34e-01
-9.71e-01
-4.61e-01
-9.82e-01
9.21e-01
-2.97e-01
-4.80e-01
-6.33e-01
-7.87e-01
4.82e-01
4.22e-01
6.28e-01
-7.04e-01
2.01e-01
7.99e-01
8.78e-01
1.55e-01
5.18e-01
7.54e-01
-5.91e-01
-6.09e-01
-4.36e-01
-1.31e-01
4.69e-01
-2.14e-01
7.49e-01
-8.84e-01
-4.26e-01
5.24e-01
1.04e-01
8.09e-01
-3.56e-01
1.43e-01
8.94e-01
4.62e-01
-2.88e-01
-6.65e-02
-1.96e-01
-8.78e-01
-1.93e-03
-6.99e-01
4.12e-01
7.18e-01
-4.42e-01
-4.32e-01
-5.95e-01
6.06e-01
-5.03e-01
-2.27e-01
-9.40e-01
-1.50e-02
3.08e-01
-9.78e-01
-6.66e-01
8.84e-01
3.90e-01
-1.73e-02
-2.88e-01
5.53e-01
3.23e-01
-9.66e-01
4.85e-01
4.55e-01
-8.19e-01
-9.37e-01
3.37e-01
-3.77e-01
5.32e-01
1.12e-01
-6.61e-01
4.62e-01
7.11e-02
-3.21e-01
-4.30e-01
6.97e-01
6.76e-01
6.22e-01
-3.43e-01
-3.78e-01
-4.28e-01
-1.61e-01
5.20e-01
-8.04e-01
1.45e-01
-5.01e-01
1.49e-01
7.16e-01
-5.30e-01
9.56e-01
-4.50e-01
6.66e-01
-7.78e-02
-7.88e-01
-8.13e-01
4.99e-02
-5.90e-01
-6.96e-01
4.47e-01
-9.22e-01
-5.41e-01
-7.92e-01
-1.47e-01
-6.67e-01
-3.79e-01
7.96e-01
3.67e-03
-7.49e-01
4.67e-01
3.26e-01
-3.87e-01
7.57e-01
6.79e-01
-8.32e-01
-9.71e-01
-6.85e-01
-8.32e-01
8.45e-01
-6.56e-01
3.98e-01
8.23e-01
-2.63e-02
-4.60e-01
3.80e-02
-2.42e-01
-7.10e-01
-9.98e-01
4.20e-01
-6.49e-01
-6.10e-01
-9.97e-01
-6.27e-01
-8.42e-01
-6.52e-01
7.03e-01
1.56e-01
2.81e-01
5.68e-01
-9.64e-01
-1.17e-01
8.63e-02
-7.66e-01
-8.93e-01
3.12e-01
-8.92e-01
4.05e-01
9.20e-01
-3.32e-01
8.55e-01
-6.78e-01
-1.40e-01
-9.27e-01
-9.28e-01
6.01e-01
-6.92e-01
-9.70e-01
1.45e-02
4.76e-02
2.11e-01
2.49e-01
-7.13e-02
4.94e-01
4.80e-01
2.97e-01
9.25e-02
2.12e-01
-4.58e-03
6.81e-01
9.74e-01
-5.31e-01
7.96e-01
-6.18e-01
2.87e-01
7.89e-01
-3.32e-01
7.10e-01
2.48e-01
7.83e-01
4.42e-01
-7.18e-01
-8.62e-01
-2.47e-01
-8.09e-01
9.95e-01
5.30e-01
-1.32e-01
7.71e-01
-9.06e-01
-9.81e-01
-5.01e-01
8.23e-01
6.40e-01
9.28e-01
-8.83e-01
3.87e-01
-2.12e-01
1.43e-02
-5.73e-01
-2.22e-01
-5.38e-01
9.91e-01
-2.10e-01
5.65e-01
4.04e-01
-8.88e-01
-8.48e-01
-8.25e-01
4.69e-01
7.82e-02
1.19e-01
-9.68e-01
5.86e-01
3.84e-01
3.89e-01
