5.03e-01
2.96e-01
-5.38e-01
-7.70e-01
8.67e-01
-4.03e-01
-2.34e-01
-2.98e-01
-8.11e-01
9.32e-03
9.30e-01
-9.43e-01
7.30e-03
8.29e-01
-8.81e-01
2.41e-02
3.04e-02
6.77e-01
2.01e-01
2.20e-02
-1.80e-02
6.85e-01
-7.76e-01
-6.34e-01
-2.38e-01
2.73e-01
-2.84e-01
-2.38e-01
6.15e-01
-2.61e-01
2.18e-03
4.64e-01
-2.22e-01
2.76e-01
-7.52e-01
-5.33e-01
3.96e-02
-6.83e-01
9.04e-01
7.40e-02
-5.87e-01
-8.38e-01
5.43e-01
-8.97e-01
-3.85e-01
-9.29e-01
9.10e-01
-9.41e-01
2.43e-01
-8.68e-01
4.55e-01
3.28e-02
2.36e-02
-2.28e-01
-9.48e-01
9.07e-01
8.35e-01
2.83e-02
2.48e-02
7.59e-02
-3.03e-01
8.35e-02
-6.23e-01
7.41e-01
-5.14e-01
-2.58e-01
1.62e-01
-7.67e-01
7.56e-01
4.40e-01
-7.21e-01
-4.34e-01
3.14e-01
5.29e-01
7.44e-01
-6.63e-02
-3.67e-01
5.78e-01
3.15e-01
-8.22e-01
-6.09e-01
8.24e-02
7.65e-01
6.51e-01
-8.67e-01
-6.05e-01
-1.96e-01
-6.81e-01
9.49e-03
5.94e-01
1.70e-01
2.03e-01
8.93e-02
-7.46e-01
9.42e-02
-9.33e-01
4.16e-01
-1.67e-01
1.88e-01
6.81e-02
2.14e-01
9.57e-01
1.40e-01
6.93e-01
-1.95e-01
-9.71e-01
8.68e-01
4.72e-01
3.44e-01
7.64e-02
3.70e-01
-4.03e-01
8.14e-01
2.75e-01
7.53e-01
-5.96e-01
8.10e-01
2.69e-01
5.40e-01
5.21e-01
6.11e-01
-4.52e-01
-3.85e-01
1.12e-01
8.34e-01
-6.47e-01
-8.61e-02
-6.65e-01
-3.81e-01
-5.23e-01
-1.51e-01
-3.97e-01
-3.85e-01
6.47e-01
-8.89e-02
-6.27e-01
-7.93e-01
7.05e-01
-5.59e-01
-5.18e-01
7.03e-01
5.84e-01
-3.48e-01
-9.73e-01
9.28e-02
-7.93e-01
5.34e-01
3.37e-01
-8.15e-01
-7.70e-01
-2.06e-01
5.27e-01
-3.34e-01
-2.85e-01
3.89e-01
7.91e-01
-8.65e-01
-5.81e-01
3.19e-01
-3.05e-01
3.74e-01
-7.32e-01
-2.21e-01
-8.35e-01
-9.09e-01
9.91e-01
-3.17e-01
2.72e-01
4.92e-01
6.51e-01
4.30e-01
-5.50e-01
-4.07e-01
-9.64e-01
-6.60e-01
-4.87e-01
-6.11e-02
5.52e-01
-3.78e-01
8.83e-01
6.82e-01
7.57e-01
-8.75e-01
-8.92e-01
-3.97e-01
-8.35e-01
7.85e-01
-8.30e-01
2.97e-02
9.86e-02
2.47e-02
-7.08e-01
-1.54e-01
-4.04e-01
2.29e-01
-9.70e-01
4.42e-02
-3.02e-02
-7.56e-01
5.06e-01
3.82e-01
-7.80e-01
2.54e-01
-3.86e-01
8.34e-01
6.31e-01
-9.77e-01
-8.76e-01
-4.94e-01
-2.68e-01
-7.40e-01
-1.83e-01
8.52e-01
-4.38e-03
9.02e-01
-6.41e-01
2.18e-02
-8.21e-01
4.95e-01
-5.12e-01
5.80e-01
1.65e-01
1.19e-01
6.26e-01
-3.78e-01
3.07e-01
-4.39e-01
1.31e-01
-4.26e-02
8.75e-01
-3.63e-01
-7.40e-01
-4.99e-01
4.38e-01
3.18e-01
-6.86e-01
-1.83e-01
5.84e-01
4.07e-01
2.25e-01
5.60e-01
-2.28e-02
-1.32e-02
-5.24e-01
7.47e-01
4.19e-01
6.69e-01
-1.92e-01
-1.86e-02
-4.50e-01
4.52e-01
-8.73e-01
-6.81e-01
5.25e-02
9.60e-01
8.19e-01
1.51e-01
5.82e-01
-4.11e-01
-9.66e-01
1.17e-02
-8.89e-01
-5.31e-01
2.33e-01
9.66e-01
