-6.81e-01
-9.13e-01
8.70e-02
-7.77e-01
-7.26e-01
-6.78e-01
-1.91e-01
6.98e-01
-1.57e-01
-5.55e-01
-7.87e-01
-9.17e-01
-4.90e-01
2.03e-01
8.50e-01
-9.96e-01
5.98e-01
-5.67e-01
5.02e-01
-1.92e-01
-6.30e-01
3.49e-01
9.63e-01
9.29e-01
-3.02e-01
-4.07e-01
-8.08e-02
-3.64e-01
9.97e-01
-7.18e-01
-7.02e-01
1.05e-01
8.95e-01
-7.45e-01
-5.45e-01
-4.08e-01
-1.49e-01
-6.55e-01
-4.32e-01
9.92e-01
6.17e-01
7.47e-01
4.33e-01
2.43e-01
3.75e-01
-8.15e-01
-4.32e-01
5.48e-01
3.51e-01
-8.93e-01
5.61e-01
2.05e-01
1.84e-01
7.81e-01
2.12e-01
-8.72e-01
-7.84e-01
8.57e-01
-8.66e-02
7.04e-02
4.58e-01
-8.78e-01
8.59e-01
-7.10e-01
-2.24e-01
-7.12e-01
5.77e-01
-3.78e-01
2.68e-01
-8.21e-01
-7.36e-01
7.72e-01
-2.83e-01
6.69e-01
1.76e-01
3.00e-01
9.35e-02
5.07e-01
-1.17e-01
-3.29e-01
-5.62e-02
-9.18e-01
-1.97e-01
-5.10e-01
2.59e-01
-6.24e-01
-6.25e-01
-2.94e-01
5.48e-01
6.60e-01
6.59e-01
-9.47e-03
7.67e-01
9.45e-01
-6.18e-01
7.41e-02
2.89e-01
4.49e-01
4.75e-01
9.00e-02
-8.77e-01
9.86e-01
6.82e-01
-6.47e-01
8.12e-01
-6.84e-02
7.20e-01
-4.00e-01
-7.73e-01
-8.84e-01
-3.10e-01
4.24e-01
1.90e-01
2.66e-01
-8.93e-01
-2.51e-01
-5.62e-01
-8.25e-01
-4.13e-01
-8.23e-01
-1.60e-01
-3.34e-01
-8.01e-01
7.60e-01
8.28e-01
7.85e-01
1.03e-01
9.05e-01
-6.83e-01
-8.79e-01
6.48e-01
1.46e-01
-4.85e-01
-6.45e-01
-2.83e-01
-3.12e-03
-6.68e-01
-7.23e-01
-5.86e-01
-8.96e-01
6.80e-01
5.52e-01
3.18e-01
5.22e-01
3.67e-01
-5.42e-01
-3.09e-01
1.17e-01
4.75e-01
2.19e-01
8.57e-01
1.31e-01
-4.06e-01
-1.64e-01
5.76e-02
5.76e-01
6.92e-01
6.18e-01
-6.53e-01
-5.06e-01
-7.50e-01
-1.36e-01
2.56e-01
1.96e-01
-2.42e-01
-8.51e-01
8.72e-01
-8.37e-01
-5.95e-01
5.96e-01
7.62e-01
5.34e-01
8.26e-01
-9.86e-01
5.06e-01
7.92e-01
8.39e-01
1.38e-01
-2.87e-01
-6.38e-01
1.00e+00
-1.20e-02
3.94e-01
-6.68e-01
-3.92e-01
-9.85e-01
-4.08e-01
1.88e-01
5.01e-01
3.18e-01
3.98e-01
-1.00e-02
4.95e-01
3.64e-01
-8.36e-01
-9.97e-01
-2.00e-01
-3.24e-02
9.26e-01
1.50e-01
4.13e-01
9.45e-02
-3.85e-01
7.17e-01
-8.29e-01
-9.47e-03
-4.18e-01
-9.83e-01
3.23e-01
8.23e-02
9.05e-01
1.33e-01
9.74e-01
-6.70e-02
7.20e-01
-4.13e-03
6.38e-01
6.18e-01
3.93e-01
-8.91e-01
7.47e-02
-1.13e-01
-5.58e-01
-3.17e-01
8.36e-01
-3.77e-01
-7.94e-01
7.50e-01
2.91e-01
3.93e-01
-5.13e-01
3.67e-01
-7.41e-01
7.57e-01
3.73e-01
-1.36e-01
-3.12e-01
-8.28e-01
-3.72e-01
5.38e-01
3.46e-01
-1.95e-01
-8.40e-01
2.15e-01
-5.81e-01
6.47e-01
1.49e-01
-1.52e-01
-8.70e-01
-9.00e-01
-3.04e-01
3.91e-01
3.05e-02
-5.01e-01
-9.63e-01
-9.86e-01
-3.88e-01
-1.48e-01
8.61e-01
-7.18e-01
-9.79e-01
1.73e-01
-4.32e-01
2.26e-02
-1.32e-01
