-4.11e-01
6.33e-01
3.60e-01
3.23e-01
8.73e-01
-5.67e-01
2.23e-01
-7.74e-01
7.13e-01
-6.74e-02
-8.67e-01
5.84e-01
-4.59e-02
3.03e-01
-4.88e-01
1.08e-01
-9.39e-02
2.62e-01
-6.32e-01
-1.94e-01
6.36e-01
6.55e-01
-1.05e-01
3.07e-01
-2.08e-01
6.78e-01
2.74e-01
7.65e-01
1.06e-01
3.06e-02
-4.85e-01
-3.72e-01
-2.26e-01
6.30e-02
-4.20e-01
9.55e-01
5.05e-01
8.69e-02
-4.28e-02
-2.47e-01
6.17e-01
7.47e-01
1.97e-01
2.79e-01
7.56e-01
3.20e-01
3.00e-01
-5.88e-01
-2.23e-01
-1.39e-01
1.61e-01
1.40e-02
1.28e-01
-4.34e-01
-8.14e-01
3.92e-01
-4.47e-01
7.23e-01
-3.58e-01
-3.76e-01
2.45e-01
-7.86e-01
4.03e-01
-8.38e-01
-8.32e-01
-6.50e-01
6.62e-01
2.97e-02
-7.93e-01
1.84e-01
4.48e-02
-3.93e-02
3.97e-01
8.63e-01
-5.86e-01
-9.35e-02
-6.79e-01
1.15e-01
2.24e-01
-1.71e-01
7.72e-01
-8.54e-01
7.08e-01
9.42e-02
-7.41e-01
-9.34e-01
-2.98e-01
5.01e-01
8.73e-01
9.51e-01
4.56e-01
3.16e-02
-5.30e-01
-5.37e-01
-6.18e-01
7.41e-02
2.89e-01
4.49e-01
4.75e-01
2.56e-01
-8.77e-01
9.86e-01
6.82e-01
-5.77e-01
-5.82e-01
-8.09e-01
5.27e-01
-5.11e-01
2.91e-01
-9.41e-02
3.64e-01
1.16e-01
4.05e-01
-4.78e-01
-8.93e-01
-2.51e-01
-5.62e-01
-3.66e-01
-4.13e-01
-8.23e-01
-1.60e-01
-3.34e-01
-8.01e-01
7.60e-01
8.28e-01
7.85e-01
1.03e-01
9.05e-01
-6.83e-01
-8.79e-01
6.48e-01
1.46e-01
-4.85e-01
-6.45e-01
-2.83e-01
-3.12e-03
-6.68e-01
-7.23e-01
-5.86e-01
-8.96e-01
6.80e-01
5.52e-01
3.18e-01
5.22e-01
3.67e-01
-5.42e-01
-3.09e-01
1.17e-01
4.75e-01
2.19e-01
8.57e-01
-6.27e-01
-7.58e-02
1.01e-01
-6.96e-01
-8.91e-01
6.06e-01
-9.19e-01
4.33e-01
-7.32e-01
-7.50e-01
-1.36e-01
2.56e-01
1.96e-01
-2.42e-01
-8.51e-01
8.72e-01
-8.37e-01
-5.95e-01
5.96e-01
7.62e-01
5.34e-01
8.26e-01
-9.86e-01
5.06e-01
7.92e-01
8.39e-01
1.38e-01
-2.87e-01
-6.38e-01
1.00e+00
-1.20e-02
3.94e-01
-6.68e-01
-3.92e-01
-9.85e-01
-4.08e-01
1.88e-01
5.56e-01
-1.83e-01
2.33e-02
7.88e-01
5.83e-01
3.18e-01
1.39e-01
-9.16e-01
1.05e-01
3.57e-01
4.43e-01
1.02e-01
7.39e-01
8.70e-01
8.78e-01
4.34e-01
-7.24e-02
-5.88e-01
-3.44e-02
7.06e-01
9.09e-01
4.33e-01
-4.49e-01
-8.48e-01
4.76e-01
3.22e-01
7.77e-01
-4.13e-03
6.38e-01
6.18e-01
3.93e-01
-8.91e-01
7.47e-02
-1.13e-01
-5.58e-01
-3.17e-01
8.36e-01
-3.77e-01
-7.94e-01
7.50e-01
2.91e-01
3.93e-01
-1.92e-01
4.71e-01
-2.73e-01
8.81e-01
3.73e-01
-1.36e-01
-3.12e-01
7.45e-01
6.00e-01
-8.45e-01
2.39e-01
-6.34e-01
6.57e-01
2.83e-01
7.74e-01
7.63e-02
5.98e-01
8.83e-01
5.37e-01
6.72e-01
7.96e-01
8.08e-01
1.08e-01
9.05e-01
-1.24e-01
2.42e-01
5.90e-02
-3.27e-01
8.23e-01
-4.61e-01
1.86e-01
-3.72e-01
-7.85e-01
1.63e-01
6.49e-01
