5.83e-01
-5.81e-01
5.14e-01
-8.40e-01
1.88e-01
7.75e-01
-1.25e-01
4.52e-01
-8.64e-01
-2.82e-01
-1.49e-01
-2.22e-01
5.56e-01
2.87e-01
9.94e-01
-2.47e-02
4.85e-01
5.94e-02
9.23e-01
3.66e-01
8.24e-01
1.61e-01
3.64e-01
3.07e-01
-2.08e-01
6.78e-01
2.74e-01
7.63e-01
8.10e-01
-7.34e-01
-4.85e-01
-3.72e-01
-2.26e-01
6.30e-02
-4.20e-01
-4.10e-01
-2.43e-01
-3.42e-01
8.12e-01
-9.79e-01
1.41e-01
7.74e-01
1.97e-01
2.79e-01
7.56e-01
6.35e-01
3.00e-01
-5.88e-01
-2.23e-01
-1.39e-01
1.61e-01
1.40e-02
8.05e-01
1.08e-01
3.70e-02
-6.51e-01
-8.09e-01
9.03e-02
9.57e-01
-1.77e-01
-9.35e-02
2.03e-01
-6.54e-01
-3.06e-01
-8.32e-01
-6.50e-01
6.62e-01
2.97e-02
-7.93e-01
1.84e-01
4.48e-02
-3.93e-02
3.97e-01
8.63e-01
-5.86e-01
-9.35e-02
-6.79e-01
-4.06e-01
2.24e-01
-1.71e-01
7.72e-01
-8.54e-01
1.96e-01
9.42e-02
-7.41e-01
-4.72e-01
3.38e-01
-2.94e-01
5.48e-01
6.60e-01
6.59e-01
-9.47e-03
7.67e-01
1.83e-01
2.11e-01
-8.52e-01
3.18e-01
7.06e-02
-6.34e-01
-7.50e-01
-2.99e-01
-2.00e-01
8.33e-01
1.29e-01
3.08e-01
1.67e-01
-7.68e-01
-4.94e-01
-5.19e-01
8.33e-01
7.02e-01
1.04e-01
-7.60e-02
-2.55e-01
5.00e-01
-6.52e-01
3.20e-01
2.45e-01
3.03e-01
8.12e-01
2.49e-01
-8.92e-01
-1.92e-01
5.10e-01
-4.00e-01
5.20e-01
-7.07e-01
-5.65e-01
-7.81e-01
7.93e-01
-5.59e-02
4.91e-01
-2.01e-01
7.26e-01
2.88e-01
2.36e-01
-8.43e-01
8.20e-01
1.86e-02
-6.29e-01
3.65e-01
2.17e-01
3.18e-01
5.22e-01
3.67e-01
-5.42e-01
-3.09e-01
1.17e-01
4.75e-01
2.19e-01
8.57e-01
1.31e-01
1.15e-01
-1.64e-01
5.76e-02
5.76e-01
6.92e-01
6.18e-01
-6.53e-01
-5.06e-01
-7.50e-01
-1.36e-01
2.56e-01
7.08e-01
-2.42e-01
-8.51e-01
8.72e-01
-8.37e-01
-3.90e-01
4.23e-01
9.63e-01
-5.08e-01
2.80e-01
-6.04e-01
-8.33e-01
4.78e-01
3.70e-01
1.18e-01
3.95e-01
-9.94e-04
-5.62e-01
-3.96e-01
-6.50e-01
5.31e-01
4.99e-01
-2.49e-01
2.68e-01
-3.36e-01
-7.66e-01
-4.17e-01
8.54e-01
8.27e-01
-7.30e-01
-7.10e-01
-8.36e-01
-9.16e-01
4.07e-01
-7.10e-01
4.43e-01
1.02e-01
9.47e-01
5.60e-01
-3.74e-01
8.41e-02
-6.74e-01
-1.33e-01
9.02e-02
6.88e-01
-9.86e-01
8.74e-01
-6.01e-01
-1.68e-02
1.84e-01
9.32e-01
6.17e-01
-9.34e-01
-9.95e-01
6.18e-01
3.93e-01
-8.91e-01
7.47e-02
7.35e-01
2.32e-01
5.85e-01
9.78e-02
-1.64e-01
-7.83e-01
-3.12e-01
1.49e-01
-9.10e-02
-1.92e-01
4.71e-01
-2.73e-01
8.81e-01
-9.54e-02
4.24e-01
-7.28e-01
7.45e-01
6.00e-01
-8.45e-01
-7.69e-01
8.18e-01
2.44e-01
7.45e-01
-3.38e-01
-2.18e-01
-9.05e-01
3.93e-01
4.76e-01
6.21e-01
-4.13e-01
8.08e-01
1.08e-01
9.05e-01
-1.24e-01
2.42e-01
5.90e-02
-3.27e-01
8.23e-01
-4.61e-01
1.86e-01
-3.72e-01
-7.85e-01
1.63e-01
6.49e-01
