1.39e-01
-5.57e-01
7.17e-01
-7.56e-01
6.35e-01
1.10e-01
-9.73e-01
1.65e-01
3.82e-01
-9.04e-01
-8.21e-01
1.46e-01
-4.90e-01
2.03e-01
-4.88e-01
-3.98e-01
4.07e-01
-4.10e-01
5.54e-01
4.16e-01
-1.83e-01
-4.56e-01
1.96e-02
-5.73e-01
3.50e-01
-7.66e-02
9.08e-01
7.63e-01
8.10e-01
-7.34e-01
7.68e-01
9.91e-01
-8.74e-01
6.97e-01
5.51e-01
-2.07e-01
5.05e-01
-7.49e-01
2.84e-01
-5.49e-02
7.06e-01
-5.22e-01
-1.63e-01
-9.76e-01
-5.34e-01
7.97e-01
-4.98e-01
-5.88e-01
-2.23e-01
-1.39e-01
1.61e-01
1.40e-02
8.05e-01
-6.62e-01
3.70e-02
-6.51e-01
-8.09e-01
9.03e-02
9.57e-01
-1.77e-01
-9.35e-02
2.03e-01
-6.54e-01
-3.06e-01
-8.32e-01
-6.50e-01
6.62e-01
2.97e-02
-7.93e-01
4.79e-01
-6.64e-01
-2.49e-01
5.84e-01
-8.63e-01
7.44e-02
3.20e-01
1.06e-01
3.80e-01
-4.69e-01
-8.72e-01
-5.53e-01
7.22e-02
5.11e-01
4.72e-01
-4.84e-01
7.17e-01
3.64e-01
9.62e-02
-4.47e-02
-2.48e-01
2.99e-01
9.42e-01
7.67e-01
8.52e-02
-9.39e-01
-2.12e-01
-8.07e-01
5.03e-01
-1.71e-01
7.08e-03
-7.07e-01
-1.49e-01
2.91e-01
-4.69e-01
6.43e-01
7.11e-01
4.64e-01
5.00e-01
-4.53e-01
-1.70e-01
9.57e-01
9.40e-01
8.62e-01
6.19e-01
-9.12e-01
-8.25e-01
-5.58e-01
-3.54e-01
4.83e-01
-2.38e-01
-3.10e-01
-7.47e-01
5.34e-01
7.59e-01
-7.44e-01
-7.01e-01
2.59e-01
-5.65e-01
-7.81e-01
7.93e-01
-5.59e-02
4.91e-01
-2.01e-01
7.26e-01
1.77e-01
-1.81e-01
-6.44e-01
6.80e-02
-5.21e-01
-9.78e-01
-3.43e-01
2.30e-01
4.44e-01
-3.55e-01
5.12e-01
4.16e-01
-4.97e-01
-7.72e-01
-4.84e-01
-4.92e-01
7.18e-01
-3.09e-01
3.83e-02
-4.18e-01
5.76e-02
5.76e-01
6.92e-01
6.18e-01
-6.53e-01
-5.06e-01
-7.50e-01
-1.36e-01
2.56e-01
1.96e-01
-2.42e-01
-8.51e-01
8.72e-01
-7.63e-02
-1.28e-01
9.84e-01
4.59e-01
9.96e-01
1.27e-01
-5.98e-01
-4.80e-01
4.78e-01
-2.81e-01
-2.71e-01
-6.61e-01
9.48e-01
-7.02e-01
-8.49e-01
3.27e-01
1.20e-01
3.04e-01
9.62e-01
-6.27e-01
1.88e-01
5.56e-01
-1.83e-01
2.33e-02
7.88e-01
5.83e-01
3.18e-01
-2.12e-01
-5.82e-02
-5.68e-01
-8.10e-01
1.60e-01
-1.66e-01
2.94e-01
2.06e-01
2.47e-01
8.41e-02
-6.74e-01
-1.33e-01
9.02e-02
6.88e-01
-9.86e-01
8.74e-01
-6.01e-01
-1.68e-02
1.84e-01
9.32e-01
6.17e-01
-9.34e-01
-9.95e-01
6.18e-01
3.93e-01
-8.91e-01
7.47e-02
7.35e-01
2.32e-01
5.85e-01
9.78e-02
-1.64e-01
-7.83e-01
-3.12e-01
1.49e-01
-9.10e-02
-1.92e-01
4.71e-01
-2.73e-01
8.81e-01
-9.54e-02
4.24e-01
-7.28e-01
7.45e-01
6.00e-01
-8.45e-01
-7.69e-01
8.18e-01
1.69e-01
2.83e-01
7.74e-01
7.63e-02
-7.98e-01
6.20e-01
4.76e-01
6.21e-01
-4.13e-01
8.08e-01
1.08e-01
5.00e-01
-8.83e-01
-3.27e-01
1.18e-01
4.50e-01
5.56e-01
7.45e-01
8.15e-01
-3.72e-01
-7.85e-01
1.63e-01
6.49e-01
