9.79e-01
-6.54e-01
-3.64e-01
-9.98e-01
-2.40e-01
-4.92e-03
-1.05e-01
8.66e-01
-2.21e-01
5.21e-01
3.34e-03
3.25e-01
7.29e-01
-1.92e-01
3.59e-01
5.99e-01
1.84e-01
-8.41e-01
6.89e-01
7.66e-01
-4.76e-01
4.91e-01
-3.28e-01
1.60e-01
-5.30e-01
-7.04e-01
4.90e-01
-9.73e-01
-9.26e-01
1.89e-01
-7.82e-02
-9.66e-01
-1.36e-01
-8.27e-01
9.95e-01
-2.99e-01
9.85e-01
8.04e-01
4.25e-01
-8.38e-01
-9.18e-01
-5.51e-01
2.57e-01
4.05e-01
-6.01e-01
-2.80e-01
-4.29e-01
6.08e-01
2.02e-01
-8.64e-01
5.10e-01
4.88e-01
5.28e-01
6.95e-01
4.86e-01
-5.52e-01
-7.51e-01
8.35e-01
-7.74e-01
-1.68e-01
5.57e-01
-5.49e-01
-2.57e-01
4.61e-01
1.21e-01
9.89e-01
2.54e-03
1.47e-01
-7.54e-01
-4.94e-01
-3.05e-01
1.40e-01
5.28e-01
8.50e-01
4.89e-01
-4.81e-01
5.54e-01
-9.54e-01
1.85e-01
-6.30e-01
8.10e-01
8.53e-01
3.14e-01
5.90e-01
5.48e-01
-7.98e-01
9.39e-01
-4.21e-01
-7.25e-01
-1.51e-01
-6.94e-01
4.09e-01
4.87e-01
-5.41e-01
8.45e-01
8.42e-01
6.81e-01
-2.29e-01
-7.60e-01
-9.43e-01
4.90e-01
-9.60e-01
9.44e-01
-7.23e-01
8.65e-01
5.67e-01
-5.62e-01
-5.34e-01
8.51e-01
-7.30e-01
8.65e-01
5.17e-01
7.70e-01
-3.97e-01
-2.31e-01
8.81e-01
8.89e-01
2.25e-01
-7.97e-01
6.98e-01
-3.30e-02
-2.49e-01
-2.86e-02
-9.13e-01
-1.00e-02
-1.28e-01
-4.02e-01
8.21e-01
7.82e-01
-1.66e-01
-1.47e-01
5.86e-02
2.85e-01
3.62e-01
4.66e-01
7.97e-01
-7.56e-01
-5.31e-01
-1.43e-01
3.93e-01
8.45e-01
-2.02e-02
9.69e-01
-6.10e-01
-2.51e-01
4.71e-01
-9.66e-01
5.51e-01
8.71e-01
-5.31e-01
6.05e-01
-5.95e-01
5.82e-01
1.78e-04
1.96e-01
-8.14e-01
-5.70e-02
-9.97e-01
2.92e-01
7.74e-01
8.10e-01
9.37e-01
5.74e-01
5.34e-01
-7.42e-01
1.18e-01
7.70e-01
-9.55e-01
-9.29e-01
-3.72e-01
6.00e-01
7.34e-01
5.20e-01
7.55e-01
-4.23e-01
7.27e-01
-9.73e-01
-1.29e-01
-2.29e-02
-9.99e-01
7.66e-01
-1.76e-01
7.03e-02
8.50e-01
-3.98e-01
3.02e-01
-3.51e-01
8.60e-02
-6.32e-01
-5.16e-01
-7.51e-01
7.34e-01
-4.65e-01
-2.89e-01
-9.46e-01
2.65e-01
1.85e-01
1.23e-01
-4.87e-01
-9.41e-02
-3.68e-01
-7.78e-01
-7.85e-01
-8.63e-01
-4.61e-02
1.20e-01
3.15e-01
-6.37e-02
4.35e-01
5.20e-01
-8.32e-01
-4.55e-01
-6.74e-01
5.64e-01
-2.66e-01
-3.34e-01
-8.96e-01
9.86e-01
-6.00e-01
2.91e-01
2.72e-01
4.33e-01
7.09e-02
3.30e-01
-7.50e-01
-2.34e-01
3.48e-01
4.21e-01
-9.50e-03
-1.96e-01
-1.33e-01
-4.57e-01
-2.37e-01
-2.30e-02
8.76e-01
-5.46e-01
4.44e-01
5.14e-01
-1.04e-01
-1.23e-01
3.16e-03
5.88e-01
8.50e-01
-2.85e-01
6.41e-01
-5.93e-01
-3.04e-01
8.64e-01
5.59e-01
1.72e-01
5.19e-01
-7.70e-01
-2.07e-01
8.42e-01
-9.37e-01
-4.13e-01
7.56e-01
-6.38e-01
4.12e-01
-2.64e-01
9.38e-01
-1.30e-01
3.00e-01
-7.26e-01
-7.59e-01
