-1.82e-01
-5.60e-01
-6.64e-01
-7.18e-01
2.68e-01
-1.26e-01
7.35e-02
1.15e-01
8.18e-01
-6.35e-01
9.84e-01
-1.73e-01
2.52e-01
-9.27e-01
1.86e-01
9.74e-02
1.75e-01
-7.97e-02
7.41e-01
-7.83e-02
6.52e-01
5.34e-01
2.02e-01
-1.17e-01
-8.00e-01
-1.54e-01
9.85e-01
6.02e-01
-5.41e-01
-6.62e-01
-3.47e-01
-7.94e-02
8.51e-01
-6.78e-01
-7.36e-01
4.51e-01
-8.70e-01
5.05e-02
-8.04e-01
-6.93e-01
1.90e-01
-5.45e-01
-5.00e-01
7.72e-01
-6.99e-03
9.72e-01
-1.32e-01
-3.05e-01
8.91e-01
3.04e-01
4.96e-01
-1.22e-01
5.54e-01
8.66e-01
9.60e-01
6.61e-01
1.14e-01
2.03e-01
-9.34e-01
-6.48e-02
-2.28e-01
6.80e-01
-5.59e-01
1.29e-02
-2.43e-01
-4.45e-01
-9.38e-01
-9.53e-01
6.30e-01
-5.96e-02
-5.69e-01
5.52e-01
-6.92e-01
3.18e-02
-6.42e-01
-4.29e-01
2.93e-01
-3.63e-01
-9.39e-01
1.61e-01
-5.13e-01
3.74e-02
7.43e-01
-7.43e-02
-3.55e-01
7.32e-01
-3.97e-01
2.88e-01
4.44e-01
8.18e-02
6.66e-01
-8.69e-01
4.82e-01
6.68e-01
1.66e-01
-9.03e-01
5.31e-02
6.38e-01
7.92e-02
-7.30e-01
1.40e-01
-2.61e-01
7.54e-02
3.22e-01
-1.25e-01
-7.91e-01
-9.37e-01
6.83e-01
-6.64e-01
6.16e-01
1.43e-01
-4.52e-01
6.49e-01
-8.74e-01
2.34e-01
2.05e-01
-8.42e-01
9.42e-01
4.34e-01
-4.72e-01
-4.06e-01
3.38e-01
-7.42e-01
6.89e-01
9.81e-01
6.32e-01
-5.89e-01
4.65e-01
4.12e-01
-4.81e-01
-5.57e-01
1.83e-01
-5.36e-01
3.34e-01
-7.52e-01
-8.82e-01
-2.22e-01
5.73e-01
6.47e-01
9.42e-01
-4.52e-02
-4.50e-01
-5.39e-01
4.68e-01
-3.76e-01
4.59e-01
5.59e-01
5.66e-01
8.94e-01
4.00e-01
7.20e-01
-8.07e-01
-2.47e-01
1.08e-01
-5.45e-01
9.18e-01
2.13e-01
-7.16e-01
-3.75e-01
4.15e-01
-6.44e-02
-2.74e-01
-7.21e-01
2.45e-01
6.32e-01
-5.84e-01
5.23e-01
-8.08e-01
1.07e-01
9.97e-01
9.49e-01
-2.05e-01
-5.85e-01
3.21e-01
-1.83e-01
4.88e-01
-3.70e-01
-3.27e-01
7.19e-01
-5.84e-01
-3.13e-01
3.35e-01
-2.39e-02
-4.74e-01
1.82e-01
-8.94e-01
2.26e-01
-4.73e-01
-6.79e-01
-6.27e-01
8.10e-01
5.51e-02
-3.71e-01
9.27e-01
1.76e-01
9.77e-01
-4.95e-01
5.31e-01
-2.79e-01
-1.59e-01
9.03e-01
8.20e-01
4.46e-01
-8.63e-01
-4.61e-02
1.20e-01
3.15e-01
-6.20e-01
3.36e-02
5.20e-01
-8.32e-01
-4.55e-01
-6.74e-01
5.64e-01
-2.66e-01
-3.34e-01
-8.96e-01
9.86e-01
-6.00e-01
2.91e-01
2.72e-01
-3.53e-01
3.88e-01
7.84e-01
-1.87e-02
4.23e-01
3.14e-01
-7.42e-01
2.44e-02
-7.19e-01
-6.59e-01
-6.96e-01
6.63e-01
-2.30e-02
8.76e-01
-2.60e-01
7.16e-01
2.92e-02
7.77e-01
-2.15e-01
4.22e-01
-2.79e-03
3.92e-01
7.87e-01
2.16e-01
-8.97e-01
-8.40e-01
3.57e-01
-3.32e-04
2.85e-01
-8.89e-01
-8.39e-01
-2.95e-02
3.78e-02
3.17e-01
-4.21e-01
-8.19e-01
1.25e-01
2.32e-01
-4.13e-01
-7.74e-01
6.76e-02
3.85e-02
6.98e-01
-9.89e-01
