8.73e-01
-2.84e-01
-1.00e-01
4.07e-01
9.28e-01
7.97e-01
-7.17e-01
-3.97e-01
6.47e-01
9.91e-01
8.44e-01
-8.38e-01
1.65e-01
4.84e-01
-3.52e-01
4.13e-01
-7.60e-01
1.71e-01
-9.96e-01
9.62e-01
9.95e-01
-6.20e-01
-6.95e-01
-1.91e-01
-7.02e-01
-6.29e-03
1.61e-01
1.75e-02
6.11e-01
-1.05e-01
-8.85e-01
2.68e-01
-5.12e-01
8.39e-01
-4.63e-01
6.83e-01
9.22e-01
-2.61e-01
-5.48e-01
-6.20e-01
2.00e-01
-7.87e-01
3.85e-01
8.59e-01
-3.93e-01
-5.32e-01
6.01e-02
5.45e-01
-8.45e-01
-2.74e-01
9.85e-01
3.26e-02
-3.87e-01
-8.60e-01
-9.28e-01
1.01e-01
-7.75e-01
-1.33e-01
6.04e-01
-1.25e-03
-4.16e-01
-1.28e-01
-5.22e-01
8.05e-01
-2.43e-01
-4.45e-01
-9.38e-01
-9.53e-01
1.99e-01
1.74e-01
-1.02e-01
-5.75e-01
-6.92e-01
3.18e-02
-6.42e-01
-4.29e-01
2.93e-01
-3.63e-01
-9.39e-01
1.61e-01
-5.13e-01
3.74e-02
7.43e-01
-1.04e-01
1.13e-02
-6.84e-01
1.82e-01
-2.83e-01
-2.82e-01
-1.31e-01
-9.73e-01
-1.92e-01
2.95e-01
9.74e-01
-7.58e-01
-5.21e-01
1.93e-01
7.69e-01
6.24e-01
-9.79e-01
-7.65e-01
9.21e-01
-2.69e-01
-4.10e-01
-5.42e-01
-6.45e-02
-7.57e-02
5.62e-01
2.07e-01
-7.66e-01
-1.44e-01
-6.41e-01
7.53e-01
-4.88e-01
8.76e-01
3.09e-01
7.91e-01
9.19e-01
2.24e-01
-1.25e-01
-8.59e-01
4.24e-01
-9.33e-01
6.02e-01
9.17e-01
8.01e-01
5.42e-01
6.58e-02
-5.66e-01
-4.71e-01
7.02e-01
2.42e-01
-5.36e-01
-4.21e-01
-7.52e-01
-8.82e-01
-2.22e-01
5.73e-01
-5.00e-01
9.96e-01
1.02e-01
-7.73e-01
-8.05e-01
-8.79e-01
7.23e-01
-6.73e-01
3.35e-01
2.10e-01
7.07e-01
7.21e-01
7.20e-01
-8.07e-01
-2.47e-01
1.08e-01
-5.45e-01
9.18e-01
2.13e-01
-7.16e-01
-3.75e-01
4.15e-01
-6.44e-02
-2.74e-01
4.07e-01
2.45e-01
6.32e-01
-9.86e-01
6.46e-02
4.41e-01
-5.45e-01
-5.51e-01
5.29e-01
-7.93e-01
2.23e-01
3.09e-01
3.28e-01
4.54e-01
-1.09e-01
7.78e-01
-7.86e-01
8.69e-01
-3.51e-01
-4.17e-01
1.64e-01
-9.41e-01
-8.22e-01
-8.77e-01
6.47e-02
1.54e-01
-2.18e-01
-9.15e-02
8.19e-01
-8.14e-01
5.69e-01
9.86e-01
6.81e-01
-2.74e-01
7.98e-01
7.27e-01
-7.95e-02
4.98e-01
9.86e-01
-1.74e-01
-7.79e-01
8.06e-01
8.99e-01
7.24e-02
-1.76e-01
-8.80e-01
-9.49e-03
2.07e-01
-8.70e-01
-6.91e-01
-7.15e-02
3.65e-01
7.95e-01
-9.11e-01
1.09e-01
-9.52e-03
8.26e-01
-5.41e-01
7.25e-01
4.16e-01
-5.20e-01
-6.63e-01
-7.57e-01
-9.99e-01
-4.32e-01
-3.77e-01
2.44e-02
-7.19e-01
-6.59e-01
-6.96e-01
6.63e-01
-1.95e-01
1.76e-01
-1.92e-02
-7.29e-01
4.07e-01
-8.25e-01
-1.05e-01
5.84e-01
-9.51e-01
9.77e-01
1.32e-01
4.01e-01
6.99e-01
-4.25e-01
9.67e-01
2.94e-02
-1.38e-01
-9.81e-01
3.32e-01
-7.14e-01
3.78e-02
3.17e-01
-8.81e-01
-8.19e-01
1.25e-01
-2.60e-01
-4.28e-01
2.19e-01
6.76e-02
3.85e-02
6.08e-01
-6.49e-01
