-6.36e-01
-7.97e-01
-6.64e-01
-7.18e-01
2.68e-01
-2.58e-01
5.07e-01
8.69e-01
-1.11e-01
9.91e-01
8.44e-01
-8.38e-01
1.65e-01
4.84e-01
-3.52e-01
4.13e-01
-7.60e-01
1.71e-01
-9.96e-01
9.62e-01
9.95e-01
-6.20e-01
-6.95e-01
-1.91e-01
-7.02e-01
-6.29e-03
1.61e-01
2.08e-01
-3.07e-01
4.43e-01
-3.47e-01
-7.94e-02
8.51e-01
-6.78e-01
-7.36e-01
4.51e-01
-8.70e-01
-2.61e-01
-8.04e-01
7.89e-01
2.38e-01
5.61e-02
6.69e-01
9.98e-01
7.86e-01
-5.15e-01
-9.38e-01
5.63e-01
8.91e-01
-1.98e-01
4.96e-01
5.86e-01
-1.53e-01
-9.23e-01
3.68e-01
-9.59e-01
4.64e-01
-6.56e-01
-8.89e-01
9.57e-01
-1.37e-01
1.68e-01
-3.85e-01
-4.21e-01
6.01e-01
1.24e-01
7.71e-01
-2.97e-01
1.99e-01
1.74e-01
-1.02e-01
-5.75e-01
5.41e-01
-1.63e-01
4.12e-01
4.44e-01
4.18e-01
7.52e-01
-5.73e-01
-9.96e-01
5.76e-01
1.10e-01
9.19e-01
-5.11e-01
4.65e-01
-1.20e-01
6.22e-01
2.88e-01
4.44e-01
8.18e-02
6.66e-01
-8.69e-01
4.82e-01
1.39e-01
1.66e-01
-7.15e-01
-2.39e-01
7.53e-01
-7.55e-01
-9.79e-01
-7.65e-01
9.21e-01
-2.69e-01
-4.10e-01
-5.42e-01
-6.45e-02
-7.57e-02
5.62e-01
-3.93e-01
-2.61e-01
2.94e-02
-8.98e-01
4.50e-01
3.27e-01
-5.98e-01
5.75e-01
-5.73e-01
-2.15e-01
2.24e-01
-1.25e-01
-8.59e-01
4.24e-01
-9.33e-01
6.02e-01
9.17e-01
8.01e-01
5.42e-01
6.58e-02
-5.66e-01
-4.71e-01
7.02e-01
2.42e-01
-5.36e-01
-4.21e-01
-7.52e-01
-8.82e-01
-2.22e-01
5.73e-01
-5.00e-01
9.96e-01
1.02e-01
-7.73e-01
-8.05e-01
-8.79e-01
7.23e-01
-6.73e-01
3.35e-01
-4.60e-01
-3.10e-01
-4.67e-01
-7.54e-02
1.41e-02
-9.57e-01
7.34e-01
-9.03e-01
6.87e-01
2.23e-02
8.74e-01
-8.16e-01
-6.50e-01
-9.88e-02
-9.87e-01
3.98e-02
-4.71e-01
5.96e-01
9.31e-01
2.26e-01
-5.44e-01
7.62e-01
3.69e-01
9.36e-01
-1.25e-01
-1.44e-01
1.13e-01
1.15e-01
6.41e-01
-9.19e-01
2.44e-01
-4.36e-01
-5.68e-01
3.23e-01
-5.34e-01
-9.43e-01
-1.36e-01
-3.55e-01
8.66e-01
5.76e-01
8.34e-01
-4.62e-01
1.39e-01
-3.85e-01
-5.19e-02
-4.45e-02
-4.99e-01
-3.44e-01
-8.20e-01
-5.93e-01
-7.35e-01
7.72e-01
-3.48e-01
1.83e-01
-7.41e-01
-9.32e-01
-2.26e-01
-7.88e-01
1.83e-01
-3.78e-01
-7.17e-02
2.19e-01
8.19e-01
-6.92e-01
9.90e-01
3.84e-01
4.57e-01
-6.28e-01
6.67e-01
-1.31e-01
2.82e-01
-3.72e-01
4.33e-01
-6.35e-01
-2.98e-01
3.63e-01
-7.62e-02
5.75e-01
-2.41e-01
3.14e-01
-7.42e-01
8.03e-01
7.41e-01
8.33e-01
3.19e-01
1.96e-01
-5.64e-01
7.28e-01
1.36e-01
-5.31e-01
6.06e-01
8.52e-01
6.96e-01
-9.93e-01
-8.64e-01
2.03e-02
5.69e-01
4.83e-01
6.99e-01
-4.25e-01
9.67e-01
8.69e-01
-1.38e-01
-9.81e-01
3.32e-01
-7.14e-01
4.46e-01
1.50e-01
-4.21e-01
4.22e-01
2.83e-01
-8.55e-01
8.76e-01
-5.22e-01
-8.00e-01
-5.72e-01
6.08e-01
-6.49e-01
