-9.03e-01
5.58e-01
-6.03e-01
-3.31e-01
3.62e-01
6.30e-01
-5.40e-01
-3.18e-01
7.26e-01
4.82e-01
5.75e-01
-5.78e-01
8.13e-01
-9.12e-01
5.32e-01
-1.99e-02
-7.12e-01
1.64e-01
7.82e-01
6.20e-01
1.26e-01
6.27e-01
9.72e-01
-9.43e-01
7.84e-01
-5.74e-01
-7.32e-01
6.02e-01
-5.41e-01
-6.62e-01
5.59e-01
-1.98e-01
-7.03e-01
-6.18e-01
-7.39e-01
-5.12e-01
-7.61e-01
9.04e-01
-2.81e-01
7.89e-01
8.38e-01
5.61e-02
6.69e-01
9.98e-01
7.86e-01
-5.15e-01
-9.38e-01
5.63e-01
8.91e-01
-1.98e-01
4.96e-01
5.86e-01
-1.53e-01
-9.23e-01
6.17e-01
5.92e-01
1.14e-01
2.03e-01
-9.34e-01
-6.48e-02
-2.28e-01
6.80e-01
-5.59e-01
1.29e-02
4.10e-02
-9.77e-01
-6.40e-01
1.58e-01
2.36e-01
-5.41e-01
3.80e-01
-2.99e-01
-1.24e-02
3.39e-01
4.12e-01
4.44e-01
4.18e-01
7.52e-01
-5.73e-01
-9.96e-01
5.76e-01
1.10e-01
9.19e-01
-5.11e-01
4.65e-01
-1.20e-01
6.22e-01
2.88e-01
4.44e-01
8.18e-02
6.66e-01
-8.69e-01
4.82e-01
1.39e-01
1.66e-01
-7.15e-01
2.65e-01
4.56e-01
9.98e-01
-7.53e-01
-6.52e-01
-4.08e-01
9.10e-01
-7.22e-02
-3.99e-01
-1.37e-01
-5.95e-01
-5.17e-02
-8.68e-01
-2.76e-01
4.22e-01
-5.26e-01
-1.64e-01
8.29e-02
1.41e-02
-6.00e-01
-5.77e-01
-4.05e-01
-2.76e-01
8.55e-01
-1.94e-01
7.12e-01
-6.74e-01
-7.52e-01
7.46e-01
-2.95e-01
6.69e-01
8.45e-01
6.32e-01
-7.82e-01
-8.02e-01
5.85e-02
-9.87e-01
-3.62e-02
-9.19e-01
-4.30e-01
-8.52e-01
-4.42e-01
3.88e-01
8.47e-01
-8.76e-01
-9.30e-01
-8.08e-01
-7.16e-01
1.69e-01
4.21e-01
6.30e-01
-9.12e-01
-3.42e-03
-3.18e-01
6.21e-01
-7.95e-02
8.17e-01
-1.45e-01
8.63e-01
-7.28e-01
2.77e-01
-1.01e-01
-5.54e-01
6.99e-01
-9.98e-01
3.14e-01
7.39e-02
3.30e-01
-4.77e-01
-6.80e-01
1.26e-01
-1.86e-01
-7.69e-02
-7.44e-01
-7.30e-01
-7.36e-01
7.31e-01
1.13e-01
1.15e-01
6.41e-01
-9.19e-01
2.44e-01
-4.36e-01
-5.68e-01
3.23e-01
-5.34e-01
-9.43e-01
-1.36e-01
-3.55e-01
1.06e-01
2.10e-02
-8.50e-01
1.44e-01
5.44e-01
9.77e-01
4.92e-01
1.69e-01
-6.81e-01
-5.10e-01
-4.30e-01
-7.50e-01
-8.68e-01
-9.48e-01
9.83e-01
4.03e-01
6.70e-01
-5.31e-01
7.41e-01
5.33e-01
-6.57e-01
-8.16e-02
-7.17e-02
2.19e-01
8.19e-01
-6.92e-01
9.90e-01
3.84e-01
5.64e-01
-6.28e-01
6.67e-01
-1.31e-01
2.82e-01
-3.72e-01
4.33e-01
-6.35e-01
-2.98e-01
3.63e-01
-7.62e-02
-1.87e-02
4.23e-01
-4.57e-01
4.14e-01
6.45e-01
8.13e-01
8.33e-01
3.19e-01
1.96e-01
-5.64e-01
7.28e-01
1.36e-01
-5.31e-01
6.06e-01
8.52e-01
6.96e-01
-9.93e-01
-6.50e-01
-8.23e-01
1.24e-01
7.90e-02
9.74e-01
-9.60e-01
3.57e-01
-3.32e-04
2.85e-01
-8.89e-01
-8.39e-01
-2.95e-02
3.78e-02
3.17e-01
-8.81e-01
-8.19e-01
1.25e-01
9.23e-01
-2.80e-01
4.55e-01
-5.09e-01
1.38e-01
2.23e-01
-9.89e-01
