-9.40e-02
4.28e-01
-9.03e-01
2.86e-01
-1.65e-01
1.96e-01
3.71e-01
-5.75e-01
4.61e-01
9.18e-01
-9.08e-01
-8.36e-01
2.21e-01
-6.18e-01
2.22e-01
-3.63e-01
-4.60e-01
-1.18e-01
-1.73e-01
9.67e-01
-7.91e-02
-2.63e-01
2.60e-01
6.56e-01
7.63e-01
-2.93e-01
4.63e-01
9.80e-01
-5.57e-01
8.13e-02
-3.33e-01
-5.45e-01
-6.48e-01
-8.26e-01
9.83e-01
5.77e-01
9.54e-01
3.17e-01
7.26e-01
1.99e-02
8.18e-01
-7.85e-01
-9.68e-01
-4.95e-01
3.85e-01
-8.15e-01
-4.84e-01
-7.42e-01
-9.90e-01
2.63e-01
9.48e-01
-3.12e-01
-4.29e-01
9.29e-01
9.32e-01
2.00e-01
-2.67e-01
5.78e-01
-7.77e-02
-1.60e-01
5.18e-01
-2.96e-01
8.06e-02
-5.80e-01
-4.94e-01
-8.79e-01
1.44e-02
-2.71e-02
-4.12e-01
-9.13e-01
3.11e-01
-6.49e-01
8.57e-02
6.20e-01
7.58e-01
-7.96e-02
3.03e-01
7.25e-01
7.41e-01
6.30e-01
-9.94e-01
-9.50e-01
-1.29e-01
-7.84e-01
9.55e-01
7.73e-01
-6.88e-01
-2.23e-01
-6.29e-01
-2.36e-01
-6.40e-01
-2.72e-01
8.77e-01
7.60e-01
-6.79e-01
-3.74e-01
-7.07e-01
9.73e-01
-5.84e-01
-3.61e-01
-5.04e-01
-6.43e-01
8.87e-01
5.47e-01
1.05e-02
-8.20e-01
8.97e-01
3.09e-01
-6.22e-01
-7.20e-01
-4.30e-01
9.73e-01
8.64e-01
4.44e-01
-5.38e-02
9.74e-01
9.96e-01
1.76e-01
7.04e-01
9.03e-01
-8.56e-01
-4.76e-01
-2.28e-01
5.78e-01
9.51e-01
8.87e-02
-6.03e-01
4.98e-01
-3.90e-02
-2.60e-01
3.80e-01
8.96e-01
1.63e-01
2.48e-01
8.55e-01
-2.98e-01
9.06e-01
6.91e-01
7.41e-01
-7.67e-02
3.99e-01
2.50e-01
-5.66e-01
2.86e-01
-5.96e-01
8.29e-01
-7.38e-01
-5.11e-01
9.00e-01
-5.92e-01
-2.57e-01
7.00e-02
4.10e-01
-9.80e-01
-6.39e-02
-7.04e-01
7.29e-01
-7.90e-01
-5.64e-01
1.57e-01
-1.62e-01
9.81e-01
-6.31e-01
1.25e-01
5.65e-01
9.41e-01
7.40e-01
-3.94e-01
5.23e-01
-1.21e-01
-1.18e-01
-4.53e-01
5.82e-01
4.60e-01
8.75e-01
1.47e-01
7.76e-01
5.16e-01
-7.01e-01
-7.75e-01
4.87e-01
9.21e-01
9.27e-01
1.10e-02
6.45e-02
-4.92e-01
8.49e-01
-4.23e-01
-5.35e-01
4.76e-01
-6.70e-01
-4.78e-01
-3.79e-01
4.92e-01
-9.65e-01
-4.52e-01
-4.32e-01
-6.56e-01
-6.35e-01
-8.18e-01
3.14e-01
1.13e-01
-8.84e-01
9.28e-01
-8.93e-01
1.11e-01
8.86e-01
-8.37e-01
-6.98e-01
4.07e-01
-5.39e-01
-4.44e-01
-3.18e-01
5.91e-01
-4.72e-01
7.69e-01
-7.21e-01
-2.70e-01
1.85e-01
9.27e-01
6.15e-01
-6.38e-01
-3.39e-01
-8.31e-01
-3.43e-01
-6.14e-02
-3.14e-01
-1.77e-01
-5.13e-01
2.44e-01
-7.80e-01
-1.02e-01
4.02e-01
4.80e-01
-2.01e-01
4.27e-01
-6.23e-01
9.81e-01
9.15e-02
2.93e-01
2.43e-01
4.02e-01
-5.31e-01
1.85e-01
-4.63e-01
-9.38e-01
9.97e-01
-1.87e-01
-8.90e-01
-1.02e-01
3.37e-01
-8.74e-01
5.99e-01
9.99e-01
-4.00e-01
-5.37e-01
5.06e-01
-8.16e-01
-7.52e-01
5.97e-02
-2.20e-01
4.31e-01
-1.58e-01
-8.03e-01
6.56e-01
