3.42e-01
-3.66e-01
5.71e-01
5.50e-01
6.75e-01
-3.81e-01
-8.14e-01
1.06e-01
-8.75e-01
-3.87e-01
4.54e-01
9.58e-01
4.47e-01
-6.39e-01
-3.44e-01
2.08e-02
-3.13e-01
9.36e-01
4.03e-01
2.69e-01
-7.09e-01
-5.28e-01
9.29e-01
-6.04e-01
3.95e-01
8.41e-01
3.18e-01
7.50e-01
7.05e-01
4.03e-01
8.04e-01
-1.64e-01
6.23e-01
-2.70e-01
6.74e-02
-1.47e-01
-2.73e-01
1.96e-01
2.63e-01
-7.75e-01
3.78e-01
4.09e-01
-7.38e-01
-3.47e-01
-7.64e-02
2.45e-01
-4.52e-01
6.94e-03
-6.20e-03
2.87e-01
3.72e-01
4.80e-01
6.41e-01
-1.00e-01
1.85e-01
-6.41e-01
9.53e-01
-2.41e-01
9.10e-01
9.79e-01
6.91e-01
7.07e-01
-1.30e-02
-1.67e-01
-3.51e-01
-2.54e-01
-7.52e-01
9.15e-01
-5.42e-01
-9.39e-01
-7.17e-01
-3.87e-01
-2.24e-01
5.58e-01
6.02e-01
2.16e-01
5.57e-01
1.61e-01
5.13e-01
-3.10e-01
-5.40e-01
3.60e-01
6.43e-01
4.23e-01
-2.96e-01
-6.66e-01
-6.14e-01
6.74e-01
1.68e-02
-2.56e-02
8.12e-01
-4.05e-01
8.57e-01
7.40e-01
3.52e-01
-2.12e-01
8.18e-01
-4.68e-01
8.22e-02
-8.74e-01
-8.71e-01
-6.71e-01
-5.36e-01
5.31e-01
-1.80e-01
6.82e-01
-2.02e-01
-4.27e-01
-7.79e-01
3.39e-02
-7.73e-01
1.36e-01
3.15e-01
-8.77e-02
-9.28e-03
7.72e-01
-7.27e-01
7.15e-01
3.22e-03
-2.38e-02
-4.81e-01
-1.72e-01
2.57e-01
2.34e-01
8.03e-02
8.57e-01
1.78e-01
-3.88e-01
3.12e-01
6.98e-01
-1.12e-01
1.91e-01
4.61e-01
-2.48e-01
-9.95e-02
-6.53e-03
3.68e-01
-7.02e-01
-4.33e-01
-6.64e-01
-9.98e-02
-5.85e-01
9.28e-01
2.16e-01
3.75e-01
2.19e-01
-1.58e-02
-2.90e-01
-8.53e-01
-3.37e-02
5.36e-01
7.11e-01
-4.29e-01
-4.55e-01
5.47e-01
-3.82e-01
-1.44e-02
-2.52e-01
9.06e-02
-8.64e-01
-5.06e-01
2.92e-01
9.64e-01
-6.53e-01
5.79e-01
-1.46e-01
6.39e-01
-1.76e-01
7.91e-01
4.08e-01
-2.91e-03
-7.09e-01
2.01e-01
6.01e-01
2.07e-01
1.98e-01
-5.71e-01
5.47e-01
-5.46e-01
6.85e-01
5.65e-01
5.35e-01
-9.74e-01
-5.57e-01
6.88e-01
2.03e-01
-8.63e-01
-8.61e-02
1.65e-01
-6.05e-01
5.45e-01
-9.58e-01
-3.44e-01
-8.90e-01
9.65e-01
-4.76e-01
3.89e-01
-7.42e-01
-7.31e-01
8.09e-04
-1.25e-01
9.26e-01
6.19e-01
2.79e-01
-5.68e-01
9.70e-01
3.29e-01
9.73e-01
6.50e-01
-2.63e-01
-7.31e-01
-8.37e-01
9.67e-01
-4.36e-01
-8.59e-01
-1.19e-01
9.44e-01
9.06e-01
8.99e-01
3.19e-01
-8.29e-01
-9.66e-01
7.67e-01
4.28e-01
1.75e-01
3.05e-01
-2.64e-01
-3.07e-02
-2.96e-02
-9.23e-01
-6.22e-01
7.07e-01
-4.34e-01
2.33e-01
9.90e-01
-7.78e-01
-3.52e-01
-3.60e-01
-8.55e-01
-9.37e-01
7.78e-01
-4.39e-01
-1.86e-01
2.22e-01
7.49e-01
-1.17e-01
-2.54e-01
9.82e-01
-5.51e-01
8.44e-01
1.93e-01
-2.18e-01
5.99e-01
9.99e-01
-4.00e-01
-5.37e-01
5.06e-01
-9.62e-01
-3.80e-01
7.18e-01
9.63e-01
-9.45e-02
4.84e-01
-5.98e-01
-3.64e-01
