3.42e-01
-3.66e-01
5.71e-01
5.50e-01
6.75e-01
-3.81e-01
-8.14e-01
1.06e-01
-8.75e-01
-3.87e-01
4.54e-01
9.58e-01
4.47e-01
-6.39e-01
-3.44e-01
2.08e-02
-3.13e-01
9.36e-01
4.03e-01
2.69e-01
-7.09e-01
-5.28e-01
9.29e-01
-6.04e-01
3.95e-01
8.41e-01
3.18e-01
-8.90e-01
7.05e-01
4.03e-01
8.04e-01
-1.64e-01
6.23e-01
-2.70e-01
6.74e-02
-1.47e-01
-2.73e-01
4.94e-01
5.28e-01
3.35e-01
-4.81e-01
2.57e-01
6.84e-01
6.18e-01
4.79e-01
8.20e-01
-7.58e-01
-9.22e-01
1.01e-01
-5.18e-01
8.62e-01
-5.65e-01
6.76e-01
5.36e-01
-4.26e-01
8.85e-01
8.28e-02
8.90e-01
-9.59e-01
-7.44e-01
-6.77e-01
6.24e-01
3.60e-01
-1.73e-01
6.77e-01
-4.21e-01
-3.38e-02
3.90e-01
9.88e-01
-3.29e-01
2.88e-01
-6.60e-01
1.04e-01
1.65e-01
1.01e-01
3.63e-01
-4.30e-02
-7.04e-01
-7.55e-01
7.53e-01
-9.49e-01
4.09e-01
-4.58e-01
1.69e-01
-1.98e-02
-1.63e-01
-6.32e-01
5.00e-01
-7.57e-01
9.79e-01
-7.98e-01
-6.95e-01
-4.10e-02
1.18e-01
2.00e-01
3.67e-01
5.11e-01
-1.71e-01
5.26e-01
-9.07e-02
7.62e-01
-9.24e-01
-8.01e-01
5.17e-01
9.97e-01
6.90e-01
-2.64e-01
-4.60e-01
7.36e-01
2.72e-02
1.41e-01
3.24e-01
7.67e-01
-5.61e-02
5.68e-01
-8.35e-01
2.40e-01
-9.31e-02
-3.60e-01
3.67e-01
6.64e-01
-6.53e-03
1.02e-01
-2.53e-01
-7.35e-01
-7.07e-01
8.62e-01
5.89e-01
-9.28e-01
6.98e-01
-1.12e-01
1.91e-01
4.61e-01
-2.48e-01
-9.95e-02
-6.15e-01
3.68e-01
-7.02e-01
-4.33e-01
-6.64e-01
-9.98e-02
-5.85e-01
9.28e-01
2.16e-01
3.75e-01
2.19e-01
-1.58e-02
-2.90e-01
-8.53e-01
-3.37e-02
5.36e-01
7.11e-01
-4.29e-01
-4.55e-01
5.47e-01
-3.82e-01
-1.44e-02
-2.52e-01
9.06e-02
-8.64e-01
-5.06e-01
2.92e-01
9.64e-01
-6.53e-01
5.79e-01
-1.46e-01
6.39e-01
-1.76e-01
7.91e-01
4.08e-01
-2.91e-03
-7.09e-01
2.01e-01
6.01e-01
2.07e-01
1.98e-01
-5.71e-01
5.47e-01
-5.46e-01
6.85e-01
5.65e-01
5.35e-01
-9.74e-01
-5.57e-01
6.88e-01
2.03e-01
-8.63e-01
-8.61e-02
1.65e-01
-6.05e-01
5.45e-01
-9.58e-01
-3.44e-01
7.50e-01
9.65e-01
-4.76e-01
3.89e-01
-7.42e-01
-7.31e-01
8.09e-04
-1.25e-01
9.26e-01
6.19e-01
2.79e-01
-5.68e-01
9.70e-01
3.29e-01
9.73e-01
6.50e-01
-2.63e-01
-7.31e-01
-8.37e-01
9.67e-01
-4.36e-01
-8.59e-01
-1.19e-01
9.44e-01
9.06e-01
8.99e-01
3.19e-01
-8.29e-01
-9.66e-01
7.19e-01
4.28e-01
1.75e-01
3.05e-01
-2.64e-01
-3.07e-02
-2.96e-02
-9.23e-01
-6.22e-01
7.07e-01
-4.34e-01
2.33e-01
9.90e-01
-7.78e-01
-3.52e-01
-3.60e-01
-8.55e-01
-9.37e-01
7.78e-01
-4.39e-01
-1.86e-01
2.22e-01
7.49e-01
-1.17e-01
-1.66e-01
9.82e-01
-5.51e-01
8.44e-01
1.93e-01
-2.18e-01
-6.86e-01
9.08e-01
9.68e-01
-9.05e-01
-2.17e-01
-1.80e-01
-8.24e-01
4.70e-01
6.70e-01
7.23e-01
-3.94e-01
6.83e-01
1.41e-01
