3.53e-01
-3.97e-01
9.47e-01
4.98e-01
-3.44e-01
-7.18e-01
-3.98e-01
-1.68e-01
-6.49e-01
1.62e-01
-2.19e-01
8.06e-01
1.04e-01
-4.93e-01
-3.12e-01
-7.30e-01
6.69e-01
-3.02e-01
-1.83e-01
2.44e-02
8.94e-01
-7.10e-01
3.56e-01
3.84e-01
-5.98e-01
-1.22e-01
4.15e-01
-8.72e-01
3.44e-02
1.62e-01
-1.17e-01
4.71e-01
-3.32e-01
7.27e-01
-2.73e-01
1.91e-02
9.99e-01
1.26e-01
1.49e-02
-8.35e-01
3.78e-01
4.09e-01
-7.38e-01
-3.47e-01
-7.64e-02
2.45e-01
-4.52e-01
6.94e-03
-6.20e-03
2.87e-01
5.59e-01
-8.24e-01
6.41e-01
-1.00e-01
2.32e-01
-8.08e-03
-5.79e-01
1.71e-01
-3.59e-01
-5.12e-01
-7.64e-01
7.71e-02
-8.41e-01
-5.91e-01
2.99e-01
-9.27e-02
-1.42e-01
-2.33e-01
1.65e-01
-1.28e-01
-1.13e-02
3.68e-01
-7.41e-02
9.53e-01
6.23e-01
2.16e-01
5.57e-01
1.61e-01
5.13e-01
-3.10e-01
-5.40e-01
3.60e-01
6.43e-01
4.23e-01
-2.96e-01
-6.66e-01
-6.14e-01
-9.86e-01
-3.72e-01
7.78e-02
1.10e-01
3.51e-02
5.28e-02
-3.40e-01
-7.15e-01
5.28e-01
2.61e-01
8.44e-01
-8.08e-01
-3.81e-01
4.08e-01
8.97e-01
-8.47e-01
6.14e-01
1.54e-02
8.68e-01
9.55e-01
-5.13e-01
-5.62e-01
-2.00e-01
-8.22e-01
-9.49e-01
7.97e-01
-5.87e-01
-6.45e-01
5.99e-01
4.53e-01
-2.03e-01
2.10e-01
5.47e-01
-2.26e-01
9.72e-01
-9.44e-01
7.30e-01
1.81e-01
4.85e-01
-6.60e-01
-9.29e-01
-4.35e-01
2.94e-01
1.22e-01
-3.74e-01
7.83e-01
-6.14e-01
5.56e-01
3.61e-02
5.09e-01
-8.01e-01
5.50e-01
5.22e-01
1.25e-01
4.28e-01
6.37e-01
1.94e-01
7.59e-01
5.82e-01
-5.37e-01
-4.18e-02
9.59e-01
5.82e-01
-4.22e-02
-8.81e-01
-8.97e-01
-2.42e-01
-6.64e-01
-2.40e-01
6.07e-01
6.17e-01
7.88e-01
3.93e-01
-2.41e-01
-1.16e-01
4.74e-01
6.10e-01
8.19e-01
7.44e-01
-4.07e-01
9.64e-01
3.24e-01
-5.78e-01
1.17e-01
-4.74e-01
8.74e-01
-5.56e-01
9.22e-01
4.77e-01
-2.41e-01
-8.75e-01
-8.81e-01
2.89e-01
1.37e-01
7.08e-01
3.49e-01
-3.43e-01
2.90e-01
5.43e-03
-6.83e-01
5.55e-01
-9.87e-01
-9.69e-03
6.98e-01
-5.81e-02
-5.88e-01
-8.44e-01
-9.99e-01
-7.25e-01
5.66e-01
3.38e-01
-5.17e-01
-8.60e-01
1.34e-01
-7.87e-01
-6.41e-01
-2.44e-02
-2.00e-01
-5.48e-01
-4.18e-01
8.07e-01
-1.62e-01
6.80e-02
-8.85e-01
-9.39e-01
8.15e-01
-2.71e-01
-5.33e-01
-9.18e-01
9.62e-01
-2.02e-01
7.72e-01
9.23e-01
9.35e-01
9.33e-01
2.14e-02
1.06e-01
-9.41e-01
-5.08e-01
-1.35e-01
8.82e-01
-9.94e-01
-2.59e-01
-5.11e-01
9.33e-01
3.79e-01
4.96e-01
-1.06e-01
-5.95e-01
-5.57e-01
4.01e-01
-7.23e-01
5.40e-01
-6.67e-01
-4.89e-01
9.47e-01
5.07e-01
9.08e-01
-3.02e-01
-9.30e-01
7.15e-01
4.27e-01
-7.11e-01
8.46e-01
8.64e-01
-8.57e-01
-1.21e-01
-2.98e-01
-2.70e-01
-6.84e-01
2.55e-01
5.61e-01
7.35e-01
5.91e-01
5.46e-01
5.40e-02
3.68e-01
-7.41e-01
