-5.67e-01
-4.86e-01
-7.33e-01
-2.25e-01
-6.25e-01
-2.28e-01
4.39e-01
3.61e-01
6.52e-01
-9.03e-01
6.23e-01
5.11e-02
2.71e-01
-5.83e-01
-2.11e-01
7.81e-01
5.22e-01
-7.82e-01
-1.75e-01
3.89e-01
-2.76e-01
6.79e-01
-6.78e-01
-5.99e-01
-9.92e-01
6.23e-02
8.67e-01
-6.52e-01
8.35e-02
-3.54e-01
-6.47e-01
3.43e-01
-2.46e-02
-9.12e-01
3.20e-01
2.40e-01
7.26e-01
4.57e-01
-8.34e-01
1.22e-01
-9.86e-01
4.59e-02
-5.88e-01
-3.59e-01
6.13e-01
-3.22e-01
6.26e-01
-1.44e-01
-2.82e-01
-8.53e-01
2.70e-01
7.73e-02
7.31e-03
2.97e-01
3.41e-01
-9.18e-01
3.39e-01
-4.69e-01
-9.36e-01
-5.46e-01
3.31e-01
7.01e-01
-5.50e-02
4.26e-01
-7.16e-01
4.71e-01
-9.47e-01
2.89e-02
1.74e-02
-3.30e-01
6.62e-01
5.41e-01
-1.44e-01
6.75e-01
2.04e-01
5.82e-01
-9.72e-01
-4.39e-01
1.26e-01
-6.12e-01
5.95e-02
-7.23e-01
9.28e-01
-5.89e-01
5.38e-01
-7.22e-01
8.23e-01
6.51e-01
-7.80e-01
1.96e-01
7.48e-01
-1.21e-01
5.77e-01
-3.30e-01
4.39e-01
-3.17e-02
1.69e-02
2.92e-01
-8.58e-01
-5.81e-01
-8.47e-01
-1.32e-01
6.25e-01
-3.31e-03
1.20e-01
4.02e-01
4.28e-01
5.82e-01
2.71e-01
5.47e-01
8.15e-01
7.50e-01
9.42e-01
1.93e-01
-9.45e-01
-6.98e-01
-9.04e-01
3.44e-01
5.47e-01
-2.07e-01
-8.99e-01
4.35e-01
6.21e-01
9.17e-02
-6.25e-01
1.51e-01
3.93e-01
7.37e-01
3.47e-01
2.04e-01
9.56e-01
8.28e-01
-9.67e-02
9.27e-02
9.49e-01
5.26e-01
-3.91e-01
5.66e-01
3.08e-01
-2.91e-01
5.07e-01
8.31e-01
-8.34e-01
9.76e-01
-2.53e-01
-6.74e-01
-6.18e-01
-9.98e-01
-1.20e-01
-8.74e-01
9.12e-01
7.11e-01
-4.29e-01
-4.55e-01
5.47e-01
-3.82e-01
-1.44e-02
-2.52e-01
9.06e-02
-8.64e-01
-5.06e-01
2.92e-01
9.64e-01
-6.53e-01
5.79e-01
-1.46e-01
6.39e-01
-1.76e-01
7.91e-01
4.08e-01
-2.91e-03
-7.09e-01
2.01e-01
6.01e-01
2.07e-01
1.98e-01
-5.71e-01
5.47e-01
-5.46e-01
6.85e-01
5.65e-01
5.35e-01
-9.74e-01
-5.57e-01
6.88e-01
2.03e-01
-8.63e-01
-8.61e-02
1.65e-01
-6.05e-01
5.45e-01
-9.58e-01
-3.44e-01
-8.90e-01
9.65e-01
-4.76e-01
3.89e-01
-7.42e-01
-7.31e-01
8.09e-04
-1.25e-01
6.77e-01
6.19e-01
-3.96e-01
-1.76e-01
-5.72e-01
-1.15e-01
-9.41e-01
-1.62e-01
6.80e-02
-8.85e-01
-9.39e-01
8.15e-01
-2.71e-01
-5.33e-01
-9.18e-01
9.62e-01
-2.02e-01
6.36e-01
7.15e-01
9.68e-01
-9.16e-01
3.25e-01
-6.16e-01
-6.58e-01
-3.82e-01
5.21e-01
7.22e-01
-5.61e-01
6.59e-02
3.39e-01
9.32e-01
8.27e-01
2.08e-01
8.63e-01
9.21e-01
-3.09e-01
-5.34e-02
6.78e-01
5.92e-01
-6.73e-01
8.18e-01
-1.14e-01
-6.49e-02
-8.50e-02
-7.45e-01
-2.29e-01
-9.42e-01
9.92e-01
-7.96e-01
-8.89e-02
-2.82e-01
5.85e-01
-7.31e-01
7.30e-01
-2.73e-02
-4.08e-01
-1.13e-03
-6.39e-02
7.61e-01
-6.40e-01
-5.99e-01
2.32e-01
7.98e-01
-4.99e-01
