-5.67e-01
-4.86e-01
-7.33e-01
-2.25e-01
-6.25e-01
-2.28e-01
4.39e-01
3.61e-01
6.52e-01
-9.03e-01
6.23e-01
5.11e-02
2.71e-01
-5.83e-01
-2.11e-01
7.81e-01
5.22e-01
-7.82e-01
-1.75e-01
3.89e-01
-2.76e-01
6.79e-01
-6.78e-01
-5.99e-01
-9.92e-01
6.23e-02
8.67e-01
-6.52e-01
8.35e-02
-3.54e-01
-6.47e-01
3.43e-01
-2.46e-02
-9.12e-01
3.20e-01
2.40e-01
7.26e-01
4.57e-01
-8.34e-01
1.22e-01
-9.86e-01
4.59e-02
-5.88e-01
-3.59e-01
6.13e-01
-3.22e-01
6.26e-01
-1.44e-01
-2.82e-01
-8.53e-01
2.70e-01
7.73e-02
7.31e-03
2.97e-01
3.41e-01
-9.18e-01
3.39e-01
-4.69e-01
-9.36e-01
-5.46e-01
3.31e-01
7.01e-01
-5.50e-02
4.26e-01
-7.16e-01
4.71e-01
-9.47e-01
2.89e-02
-4.06e-01
-3.30e-01
6.62e-01
5.41e-01
-1.44e-01
6.75e-01
2.04e-01
5.82e-01
-9.72e-01
-4.39e-01
1.26e-01
-6.12e-01
5.95e-02
-7.23e-01
9.28e-01
-5.89e-01
5.38e-01
-7.22e-01
8.23e-01
6.51e-01
-7.80e-01
1.96e-01
7.48e-01
-1.21e-01
5.77e-01
-3.30e-01
4.39e-01
-3.17e-02
1.69e-02
2.92e-01
-8.58e-01
-5.81e-01
-8.47e-01
-1.32e-01
6.25e-01
-3.31e-03
1.20e-01
4.02e-01
4.28e-01
5.82e-01
2.57e-02
1.74e-02
1.41e-01
3.24e-01
7.19e-01
-5.61e-02
5.68e-01
-8.35e-01
2.40e-01
-9.31e-02
-3.60e-01
3.67e-01
6.64e-01
-5.70e-01
-3.14e-01
1.04e-01
9.66e-02
9.48e-01
5.27e-01
-8.72e-02
6.93e-01
-2.42e-01
-8.62e-02
7.39e-01
-3.42e-01
-8.70e-01
9.73e-02
3.61e-02
5.09e-01
-8.01e-01
5.50e-01
5.22e-01
1.25e-01
4.28e-01
6.37e-01
1.94e-01
7.59e-01
5.82e-01
-5.37e-01
-4.18e-02
9.59e-01
5.82e-01
-4.22e-02
-8.81e-01
-8.97e-01
-2.42e-01
-6.64e-01
-2.40e-01
6.07e-01
6.17e-01
7.88e-01
3.93e-01
6.98e-01
-1.16e-01
4.74e-01
6.10e-01
8.19e-01
7.44e-01
-4.07e-01
9.64e-01
3.24e-01
-5.78e-01
1.17e-01
-4.74e-01
8.74e-01
-5.56e-01
9.22e-01
4.77e-01
-2.41e-01
-8.75e-01
-8.81e-01
2.89e-01
1.37e-01
7.08e-01
3.49e-01
-3.43e-01
2.90e-01
5.43e-03
-6.83e-01
5.55e-01
-9.87e-01
-9.69e-03
-2.41e-01
-5.81e-02
-5.88e-01
-8.44e-01
-9.99e-01
-7.25e-01
5.66e-01
3.38e-01
-5.17e-01
-8.60e-01
1.34e-01
-7.87e-01
-6.41e-01
-2.44e-02
-2.00e-01
-5.48e-01
-4.18e-01
8.07e-01
-1.62e-01
6.80e-02
-8.85e-01
-9.39e-01
8.15e-01
-2.71e-01
-5.33e-01
-9.18e-01
9.62e-01
-2.02e-01
6.36e-01
7.15e-01
9.68e-01
-9.16e-01
3.25e-01
-6.16e-01
-6.58e-01
-3.82e-01
5.21e-01
7.22e-01
-5.61e-01
6.59e-02
3.39e-01
9.32e-01
8.27e-01
2.08e-01
8.63e-01
9.21e-01
-3.09e-01
-5.34e-02
6.78e-01
5.92e-01
-6.73e-01
8.18e-01
-1.14e-01
-6.49e-02
-8.50e-02
-7.45e-01
-2.29e-01
-9.42e-01
9.92e-01
-7.96e-01
-8.89e-02
-2.82e-01
5.85e-01
-7.31e-01
7.30e-01
-2.73e-02
-4.08e-01
-1.13e-03
-6.39e-02
7.61e-01
-6.40e-01
-5.99e-01
2.32e-01
7.98e-01
-4.99e-01
