3.42e-01
-3.66e-01
5.71e-01
5.50e-01
6.75e-01
-3.81e-01
-8.14e-01
1.06e-01
-8.75e-01
-3.87e-01
4.54e-01
9.58e-01
4.47e-01
-6.39e-01
-3.44e-01
2.08e-02
-3.13e-01
9.36e-01
4.03e-01
2.69e-01
-7.09e-01
-5.28e-01
9.29e-01
-6.04e-01
3.95e-01
8.41e-01
3.18e-01
7.50e-01
7.05e-01
4.03e-01
8.04e-01
-1.64e-01
6.23e-01
-2.70e-01
6.74e-02
-1.47e-01
-2.73e-01
1.96e-01
2.63e-01
-7.75e-01
3.78e-01
4.09e-01
-7.38e-01
-3.47e-01
-7.64e-02
2.45e-01
-4.52e-01
6.94e-03
-6.20e-03
2.87e-01
3.72e-01
4.80e-01
6.41e-01
-1.00e-01
1.85e-01
-6.41e-01
-2.54e-01
-2.41e-01
9.10e-01
9.79e-01
6.91e-01
7.07e-01
-1.30e-02
-1.67e-01
-3.51e-01
9.53e-01
-7.52e-01
9.15e-01
-5.42e-01
-9.39e-01
-7.17e-01
-3.87e-01
-2.24e-01
5.58e-01
6.02e-01
2.16e-01
5.57e-01
1.61e-01
5.13e-01
-3.10e-01
-5.40e-01
3.60e-01
6.43e-01
4.23e-01
-9.10e-01
8.61e-01
9.18e-01
-8.10e-01
-2.52e-01
9.59e-01
-8.26e-01
4.51e-02
8.67e-01
-1.93e-01
9.25e-01
5.86e-01
-6.43e-01
5.30e-02
-5.51e-01
6.55e-01
2.51e-01
-8.56e-01
-4.16e-01
4.35e-01
5.78e-01
8.73e-01
2.02e-01
-8.70e-01
8.14e-01
-1.24e-01
-7.01e-02
4.62e-01
-6.25e-01
-5.87e-01
7.29e-01
5.99e-01
4.53e-01
-2.03e-01
2.10e-01
5.47e-01
-2.26e-01
-2.32e-02
-5.86e-01
-5.68e-01
-9.37e-02
8.10e-02
-2.10e-01
9.21e-01
5.63e-01
3.43e-01
9.72e-01
6.62e-01
3.95e-01
3.31e-01
7.34e-01
4.93e-01
6.99e-01
-8.02e-01
-2.37e-01
4.15e-01
-6.25e-01
-5.85e-01
9.28e-01
2.16e-01
3.75e-01
2.19e-01
-1.58e-02
-2.90e-01
-8.53e-01
-3.37e-02
5.36e-01
7.11e-01
-4.29e-01
-4.55e-01
5.47e-01
-3.82e-01
-1.44e-02
-2.52e-01
9.06e-02
-8.64e-01
-5.06e-01
2.92e-01
9.64e-01
-6.53e-01
5.79e-01
-1.46e-01
6.39e-01
-1.76e-01
7.91e-01
4.08e-01
-2.91e-03
-7.09e-01
2.01e-01
6.01e-01
2.07e-01
1.98e-01
-5.71e-01
7.87e-01
-8.73e-01
9.02e-01
-6.66e-01
6.14e-01
2.67e-01
-2.16e-01
-4.70e-01
-6.68e-01
9.85e-01
-6.53e-02
-4.03e-01
-3.72e-01
-2.72e-01
7.90e-01
5.87e-01
3.58e-02
7.03e-01
5.57e-01
-2.30e-03
-6.27e-01
9.43e-01
9.26e-01
-4.00e-01
-4.66e-01
-7.63e-01
-5.85e-01
-3.69e-01
5.61e-01
2.87e-01
4.07e-02
7.65e-01
-9.48e-01
-6.60e-01
-9.13e-01
-6.83e-01
8.43e-03
-1.14e-01
-9.47e-02
8.71e-01
5.09e-01
7.72e-01
9.23e-01
9.35e-01
9.33e-01
2.14e-02
1.06e-01
-9.41e-01
-5.08e-01
-1.35e-01
8.82e-01
-9.94e-01
-2.59e-01
-5.11e-01
9.33e-01
3.79e-01
4.96e-01
-1.06e-01
-5.95e-01
-5.57e-01
4.01e-01
-7.23e-01
5.40e-01
-6.67e-01
-4.89e-01
9.47e-01
5.07e-01
9.08e-01
-3.02e-01
-9.30e-01
7.15e-01
4.27e-01
-7.11e-01
8.46e-01
8.64e-01
-8.57e-01
-1.21e-01
-2.98e-01
-2.70e-01
-6.84e-01
2.55e-01
5.61e-01
7.35e-01
5.91e-01
5.46e-01
5.40e-02
3.68e-01
-7.41e-01
