3.42e-01
-3.66e-01
5.71e-01
5.50e-01
6.75e-01
-3.81e-01
-8.14e-01
1.06e-01
-8.75e-01
-3.87e-01
4.54e-01
9.58e-01
4.47e-01
-6.39e-01
-3.44e-01
2.08e-02
-3.13e-01
9.36e-01
4.03e-01
2.69e-01
-7.09e-01
-5.28e-01
9.29e-01
-6.04e-01
3.95e-01
8.41e-01
3.18e-01
7.50e-01
7.05e-01
4.03e-01
8.04e-01
-1.64e-01
6.23e-01
-2.70e-01
6.74e-02
-1.47e-01
-2.73e-01
1.96e-01
2.63e-01
-7.75e-01
3.78e-01
3.89e-01
-7.38e-01
-3.47e-01
-7.64e-02
2.45e-01
-4.52e-01
6.94e-03
-6.20e-03
2.87e-01
3.72e-01
4.80e-01
6.41e-01
-1.00e-01
1.85e-01
-6.41e-01
9.53e-01
-2.41e-01
9.10e-01
9.79e-01
6.91e-01
7.07e-01
-1.30e-02
-1.67e-01
-3.51e-01
-2.54e-01
-7.52e-01
9.15e-01
-5.42e-01
-9.39e-01
-7.17e-01
-3.87e-01
-2.24e-01
5.58e-01
6.02e-01
2.16e-01
5.57e-01
1.61e-01
5.13e-01
-3.10e-01
-5.40e-01
3.60e-01
6.43e-01
4.23e-01
-2.96e-01
-6.66e-01
-6.14e-01
6.74e-01
1.68e-02
-5.85e-01
-9.38e-01
7.82e-01
-5.63e-01
3.34e-01
5.11e-01
9.38e-01
7.32e-01
1.43e-01
6.27e-01
-8.20e-01
2.93e-01
8.97e-01
-8.47e-01
6.14e-01
1.54e-02
1.91e-02
9.55e-01
-5.13e-01
-5.62e-01
-2.00e-01
-8.22e-01
-9.49e-01
7.97e-01
-5.87e-01
7.29e-01
5.99e-01
4.53e-01
-2.03e-01
2.10e-01
5.47e-01
-2.26e-01
9.72e-01
-9.44e-01
7.30e-01
1.81e-01
4.85e-01
-6.60e-01
-9.29e-01
-4.35e-01
2.94e-01
1.22e-01
-3.74e-01
7.83e-01
-6.14e-01
5.56e-01
-1.45e-01
-6.45e-01
-2.36e-01
9.59e-01
-6.50e-01
2.79e-01
3.92e-01
1.59e-02
5.56e-01
-6.59e-01
2.19e-01
-1.58e-02
-2.90e-01
-8.53e-01
-3.37e-02
5.36e-01
7.11e-01
-4.29e-01
-4.55e-01
5.47e-01
-3.82e-01
-1.44e-02
-2.52e-01
9.06e-02
-8.64e-01
-5.06e-01
2.92e-01
9.64e-01
-6.53e-01
5.79e-01
-1.46e-01
6.39e-01
-1.76e-01
7.91e-01
4.08e-01
-2.91e-03
-7.09e-01
2.01e-01
6.01e-01
2.07e-01
1.98e-01
-5.71e-01
5.47e-01
-5.46e-01
6.85e-01
5.65e-01
5.35e-01
-9.74e-01
-5.57e-01
6.88e-01
2.03e-01
-8.63e-01
-8.61e-02
1.65e-01
-6.05e-01
5.45e-01
-9.58e-01
-3.44e-01
-8.90e-01
9.65e-01
-4.76e-01
4.09e-01
-7.42e-01
-7.31e-01
8.09e-04
-1.25e-01
9.26e-01
6.19e-01
2.79e-01
-5.68e-01
9.70e-01
3.29e-01
9.73e-01
6.50e-01
-2.63e-01
-7.31e-01
-8.37e-01
9.67e-01
-4.36e-01
-8.59e-01
-1.19e-01
9.44e-01
9.06e-01
8.99e-01
3.19e-01
-8.29e-01
-9.66e-01
7.67e-01
4.28e-01
1.75e-01
3.05e-01
-2.64e-01
-3.07e-02
-2.96e-02
-9.23e-01
-6.22e-01
7.07e-01
-4.34e-01
2.33e-01
9.90e-01
-7.78e-01
-3.52e-01
-3.60e-01
-8.55e-01
-9.37e-01
7.78e-01
-4.39e-01
-1.86e-01
2.22e-01
7.49e-01
-1.17e-01
-1.66e-01
9.82e-01
-5.51e-01
8.44e-01
1.93e-01
-2.18e-01
5.99e-01
9.99e-01
-4.00e-01
-5.37e-01
5.06e-01
-9.62e-01
-3.80e-01
7.18e-01
9.63e-01
-9.45e-02
4.84e-01
-5.98e-01
-3.64e-01
