-7.72e-01
-3.60e-02
-2.92e-02
2.65e-01
-4.22e-01
-9.77e-01
3.09e-01
-6.65e-01
6.93e-01
-8.54e-01
8.83e-01
-1.42e-01
-1.19e-01
-5.07e-01
-4.60e-01
-5.25e-01
-9.14e-01
1.78e-01
9.28e-01
1.16e-01
3.33e-01
2.29e-01
-3.32e-01
8.64e-01
-2.21e-01
-8.48e-01
-7.46e-01
8.78e-01
-1.29e-02
-5.21e-01
-4.69e-01
5.68e-01
-6.36e-01
4.69e-02
-2.28e-01
-5.92e-02
6.95e-01
9.01e-01
-1.99e-01
7.48e-01
-6.60e-01
4.09e-01
-9.11e-01
3.81e-01
-3.22e-02
8.74e-01
2.00e-01
4.53e-01
-9.24e-01
9.94e-01
-1.72e-01
-8.56e-01
9.71e-01
9.72e-01
-3.21e-01
2.50e-01
8.33e-01
-8.35e-01
1.45e-01
-1.87e-03
-6.19e-01
4.05e-01
6.57e-01
-7.08e-01
-4.98e-01
-9.24e-01
-4.07e-01
8.18e-01
-2.14e-01
9.11e-01
-1.69e-01
-4.73e-01
3.75e-01
-2.07e-02
-9.90e-01
3.37e-01
1.92e-01
-2.58e-01
-7.08e-01
-5.15e-01
-3.60e-02
2.77e-01
2.79e-01
3.18e-01
6.98e-01
-6.03e-01
-1.94e-01
4.75e-01
8.75e-01
8.58e-01
-1.77e-01
8.91e-01
-8.25e-01
-2.84e-01
8.87e-01
4.31e-01
7.18e-01
8.65e-01
9.46e-01
2.55e-01
-5.66e-01
5.65e-01
-6.65e-01
-2.95e-01
-5.57e-01
-4.86e-01
1.69e-02
8.26e-01
-4.05e-01
-7.95e-01
-2.94e-01
7.85e-01
-9.56e-01
4.57e-01
2.55e-01
5.16e-01
-2.41e-01
-7.46e-01
-9.45e-03
-9.92e-01
-3.53e-01
-6.22e-01
2.83e-01
1.30e-01
6.19e-01
3.05e-01
-4.38e-01
-1.37e-01
4.02e-01
-7.05e-01
2.81e-01
9.53e-01
9.66e-01
-2.54e-01
1.93e-01
-2.03e-02
-8.97e-02
-4.49e-01
1.11e-01
7.66e-01
1.35e-01
1.64e-01
2.52e-01
-7.27e-01
-8.68e-01
-1.59e-01
-8.57e-01
-2.48e-01
-5.90e-01
-2.11e-01
-9.16e-01
-3.72e-01
9.58e-01
-9.53e-01
3.51e-01
-5.68e-01
1.52e-02
-7.13e-01
6.48e-01
-3.49e-01
-4.33e-01
-3.78e-01
-2.20e-01
-2.17e-01
6.27e-01
-4.75e-01
-9.40e-01
-1.42e-01
-1.06e-02
-6.56e-01
8.93e-01
-2.21e-01
7.06e-02
8.34e-01
8.83e-01
-5.38e-01
-8.53e-01
9.84e-01
-1.57e-01
2.99e-01
-8.88e-01
-1.40e-01
3.11e-01
2.17e-02
8.25e-01
5.45e-01
1.38e-01
-7.95e-01
7.35e-01
1.80e-01
6.53e-01
9.82e-01
-1.68e-01
5.66e-02
-1.74e-01
-2.67e-01
-5.37e-02
-4.75e-01
-1.75e-01
-4.45e-01
1.26e-02
-9.18e-02
-9.81e-01
-4.36e-01
1.35e-01
1.33e-01
-1.98e-01
3.78e-01
-3.43e-01
-8.51e-01
-6.21e-01
-6.64e-01
7.02e-01
8.77e-01
-2.91e-01
-3.47e-01
-4.85e-01
5.30e-02
5.91e-01
8.19e-01
-4.00e-01
-5.05e-01
9.90e-01
5.06e-01
8.44e-01
-1.33e-01
-7.30e-01
-9.50e-01
6.95e-01
-5.58e-01
2.67e-01
-4.12e-01
-7.27e-03
-7.45e-01
-1.66e-01
-3.33e-01
2.67e-01
-5.48e-01
-2.89e-01
-6.91e-02
4.75e-01
-3.53e-01
7.82e-01
-4.47e-01
-6.00e-01
5.81e-02
-4.39e-01
6.60e-01
8.13e-01
9.40e-02
-6.14e-01
7.34e-01
-8.03e-01
-2.02e-01
-4.93e-01
3.76e-01
7.47e-01
7.43e-01
-1.50e-01
7.34e-01
1.61e-01
9.76e-01
7.70e-01
6.05e-01
-2.95e-01
