2.75e-01
5.78e-01
-9.86e-01
-3.94e-01
-7.29e-01
7.69e-01
-3.95e-01
7.51e-01
9.33e-01
3.85e-01
-7.63e-01
7.31e-01
-8.49e-01
3.43e-01
-6.32e-01
2.14e-01
2.67e-01
4.54e-01
-2.76e-01
7.59e-01
6.04e-01
8.61e-02
7.94e-01
-8.33e-01
1.86e-01
5.96e-01
-8.41e-01
-5.87e-01
-3.65e-01
4.63e-01
8.60e-01
1.36e-01
-9.11e-01
2.49e-01
-4.91e-01
-3.81e-01
3.03e-01
-1.97e-01
1.84e-01
7.91e-01
-5.56e-01
7.79e-01
-4.81e-01
1.51e-01
2.02e-01
5.35e-01
1.96e-01
4.79e-01
-6.24e-01
-9.02e-01
-2.63e-01
-1.66e-01
-3.57e-01
-6.88e-01
-2.18e-01
7.73e-01
3.74e-01
-3.13e-02
-3.78e-02
5.85e-01
-2.36e-01
-8.27e-01
4.07e-01
-2.30e-01
8.73e-01
-7.38e-03
-9.54e-01
6.24e-03
8.71e-01
-5.71e-02
-2.87e-01
-9.46e-01
4.49e-01
-5.82e-01
4.91e-01
4.06e-01
-3.63e-01
1.02e-02
-3.38e-01
2.66e-01
-1.62e-02
-3.07e-01
-4.12e-01
8.78e-01
9.15e-01
1.68e-01
1.68e-01
3.56e-01
2.42e-01
-4.67e-01
8.21e-01
-3.80e-01
-6.02e-01
5.90e-01
1.32e-01
7.91e-01
-2.41e-01
3.78e-01
2.81e-01
2.53e-01
-2.69e-01
-5.37e-01
9.28e-01
-8.09e-01
5.21e-01
-5.23e-01
8.46e-01
6.49e-01
2.11e-01
-5.10e-01
-7.66e-01
-6.10e-01
1.71e-01
-8.17e-01
6.22e-01
-7.48e-02
2.50e-01
-5.84e-01
-6.89e-01
1.45e-01
5.64e-01
1.17e-01
8.98e-01
1.26e-02
-9.91e-01
-5.43e-01
-6.70e-01
-8.61e-02
7.85e-01
-4.79e-01
-3.36e-01
-6.09e-01
9.61e-01
3.96e-01
-9.68e-01
-7.47e-01
-7.07e-01
-9.66e-01
9.92e-01
8.12e-01
1.08e-01
-8.94e-01
-4.33e-01
2.14e-01
4.09e-01
4.23e-03
-4.84e-01
4.14e-02
9.24e-01
5.60e-01
-4.31e-01
2.11e-01
-3.19e-01
8.71e-01
1.02e-01
-2.49e-01
-7.23e-01
-6.92e-02
-7.45e-01
8.00e-01
1.92e-01
-6.12e-01
9.02e-01
7.10e-01
-5.32e-01
8.37e-01
-8.99e-01
-7.99e-02
9.41e-01
-1.92e-01
-5.41e-02
-6.31e-01
3.27e-01
-6.02e-01
-9.50e-01
-1.89e-01
-3.42e-02
-7.09e-01
-3.49e-01
3.20e-01
2.36e-01
4.97e-01
-5.40e-01
2.00e-01
-4.53e-03
4.23e-01
-5.98e-01
-7.80e-01
-9.63e-01
-5.53e-01
6.32e-03
-3.59e-01
6.93e-01
-2.29e-01
-6.90e-01
-9.86e-01
-2.65e-01
-4.69e-01
-2.68e-01
-1.66e-01
2.49e-01
2.05e-01
-1.66e-01
-5.80e-01
1.44e-02
-7.58e-02
9.37e-02
8.37e-01
7.97e-01
5.10e-01
-7.47e-01
8.77e-01
8.51e-01
5.94e-01
1.65e-01
-4.15e-01
-2.87e-01
-2.94e-01
2.43e-01
3.67e-01
-3.67e-01
2.98e-01
7.33e-01
8.97e-01
-4.02e-01
7.55e-01
-7.52e-01
-5.31e-01
3.20e-01
-7.84e-01
2.41e-01
2.95e-01
-4.62e-01
1.28e-01
1.01e-01
-5.71e-02
8.35e-01
-7.28e-01
2.36e-01
-2.74e-01
-6.02e-01
-5.23e-01
6.23e-01
7.44e-01
8.95e-01
-4.45e-01
-8.34e-01
-7.34e-01
7.92e-01
8.85e-01
7.01e-01
-1.65e-02
5.73e-01
7.55e-01
-7.81e-01
-4.47e-01
-8.05e-01
6.39e-01
-8.23e-02
9.66e-01
-7.91e-02
3.63e-01
-3.69e-01
3.47e-01
4.04e-01
