-8.19e-01
5.78e-01
-9.86e-01
-3.94e-01
-7.29e-01
7.69e-01
-3.95e-01
7.51e-01
9.33e-01
3.85e-01
-7.63e-01
7.31e-01
-8.49e-01
-3.32e-01
5.24e-01
7.27e-01
-1.34e-01
-8.54e-01
5.41e-01
-3.31e-01
3.33e-01
2.29e-01
-3.73e-01
-9.14e-01
-5.29e-01
5.42e-01
-5.88e-01
-8.36e-01
-6.88e-01
-2.26e-01
4.84e-01
3.24e-02
9.11e-01
3.58e-01
2.14e-01
4.61e-01
-1.57e-01
5.53e-01
-7.62e-02
-4.23e-01
-1.21e-01
7.87e-01
5.19e-01
-8.56e-01
-8.25e-01
-7.29e-01
5.88e-01
8.54e-01
-4.71e-01
6.83e-03
-6.16e-01
-1.42e-01
-1.79e-01
-4.38e-01
9.82e-01
-1.23e-01
3.56e-01
7.13e-01
4.25e-01
-9.64e-01
-2.98e-01
4.88e-01
-6.25e-01
3.55e-01
8.22e-02
-8.75e-01
-7.28e-01
1.47e-01
-6.77e-01
-6.02e-02
-1.69e-01
-4.73e-01
3.75e-01
2.77e-01
-9.90e-01
3.37e-01
1.92e-01
-2.58e-01
-7.08e-01
-5.15e-01
-3.60e-02
-2.07e-02
2.79e-01
3.18e-01
5.21e-01
-2.70e-04
-2.55e-01
3.56e-01
2.42e-01
-4.67e-01
-1.77e-01
-4.77e-01
-8.25e-01
-2.84e-01
8.87e-01
4.31e-01
7.18e-01
8.65e-01
9.46e-01
2.55e-01
-5.66e-01
5.65e-01
-6.65e-01
-2.95e-01
-5.57e-01
4.32e-01
9.83e-01
-3.47e-01
-5.40e-01
-5.48e-01
3.43e-01
5.18e-01
-5.45e-01
-9.74e-01
-7.83e-01
-7.98e-01
-2.07e-01
-8.05e-01
-3.88e-01
-1.34e-01
-3.65e-01
1.63e-01
6.86e-02
-6.42e-01
-9.21e-01
6.95e-01
7.18e-02
2.96e-01
2.53e-01
-5.21e-01
9.68e-01
3.25e-02
8.47e-01
-5.18e-01
-7.11e-01
6.60e-02
1.91e-02
-2.64e-01
8.24e-01
-8.30e-01
-6.58e-02
5.54e-01
-9.29e-01
6.29e-01
-3.71e-01
-5.34e-01
9.51e-02
4.52e-01
-7.52e-01
-1.28e-01
-2.77e-01
7.27e-01
4.80e-01
-9.37e-01
7.50e-01
2.58e-01
6.06e-01
-1.08e-01
-5.05e-01
-9.99e-01
9.20e-01
-8.09e-01
-3.00e-01
-6.06e-01
-9.76e-01
-1.73e-01
-2.77e-01
-4.41e-02
3.40e-01
-6.64e-01
6.05e-01
-8.07e-01
-5.35e-01
-2.30e-01
-2.24e-01
-9.27e-01
8.97e-01
-1.80e-01
-3.49e-01
3.20e-01
4.30e-01
4.97e-01
-5.40e-01
2.00e-01
-4.53e-03
4.23e-01
-5.98e-01
-7.80e-01
-9.63e-01
-5.53e-01
6.32e-03
-3.59e-01
6.93e-01
-2.29e-01
-6.90e-01
-9.86e-01
-2.65e-01
-4.69e-01
-2.68e-01
-1.66e-01
2.49e-01
2.05e-01
4.75e-02
-7.44e-01
-4.00e-01
-5.87e-01
9.37e-02
8.37e-01
-3.43e-01
-8.51e-01
-7.47e-01
8.77e-01
8.51e-01
5.94e-01
1.65e-01
-4.15e-01
-2.87e-01
-7.74e-01
1.93e-01
5.17e-01
-3.67e-01
2.98e-01
7.33e-01
8.97e-01
-4.02e-01
7.55e-01
5.41e-02
-7.91e-01
1.27e-01
7.82e-01
-2.39e-01
-5.33e-01
-5.49e-01
-9.40e-01
4.14e-01
7.11e-01
-6.02e-01
-6.49e-01
-3.10e-01
-6.91e-02
4.75e-01
-3.53e-01
6.23e-01
7.44e-01
8.95e-01
-4.45e-01
-8.34e-01
-8.14e-01
-4.83e-01
8.85e-01
7.01e-01
-1.65e-02
-9.29e-02
-9.45e-01
-5.78e-01
8.91e-01
-4.55e-01
7.85e-01
6.71e-01
-7.22e-01
-6.93e-01
-9.64e-01
-3.69e-01
3.47e-01
4.04e-01
