-9.17e-01
-8.58e-01
-8.68e-03
4.52e-01
-7.29e-01
7.69e-01
-3.95e-01
7.51e-01
9.33e-01
3.85e-01
-7.63e-01
7.31e-01
-8.49e-01
-3.32e-01
5.24e-01
7.27e-01
-1.34e-01
-8.54e-01
5.41e-01
-3.31e-01
3.33e-01
4.13e-01
6.88e-01
7.30e-01
4.83e-01
5.81e-01
4.68e-01
-7.96e-01
-4.30e-01
-2.26e-01
4.84e-01
3.24e-02
9.11e-01
-3.72e-02
4.06e-01
7.14e-02
-8.77e-01
-8.03e-01
-1.15e-01
-7.90e-01
9.62e-01
5.01e-02
5.19e-01
-8.56e-01
-8.25e-01
-8.02e-01
-8.16e-01
8.54e-01
-4.71e-01
-4.97e-02
5.40e-01
2.45e-01
5.30e-02
4.34e-01
2.04e-01
6.91e-01
-6.39e-01
4.44e-01
-2.84e-01
2.82e-01
-2.92e-01
-6.62e-02
-4.72e-01
2.29e-01
-9.38e-01
4.30e-01
-6.99e-01
9.72e-02
-2.14e-01
9.11e-01
-1.69e-01
-4.73e-01
3.75e-01
3.78e-01
3.37e-01
-7.81e-01
7.21e-01
9.82e-01
3.86e-02
8.86e-01
-8.48e-01
5.25e-01
6.94e-01
3.18e-01
6.98e-01
-6.03e-01
-1.94e-01
4.75e-01
8.75e-01
6.19e-01
-1.77e-01
8.91e-01
-8.25e-01
-2.84e-01
8.87e-01
4.31e-01
7.18e-01
8.65e-01
9.46e-01
2.55e-01
-5.66e-01
5.65e-01
-6.65e-01
-3.21e-01
-6.06e-01
4.32e-01
9.83e-01
-3.47e-01
-5.40e-01
-5.48e-01
3.43e-01
5.18e-01
-5.45e-01
-9.74e-01
-1.90e-01
3.70e-01
7.79e-01
-8.82e-01
-3.88e-01
-1.34e-01
-3.65e-01
1.63e-01
6.86e-02
-6.42e-01
-9.21e-01
6.95e-01
7.18e-02
2.96e-01
2.53e-01
-5.21e-01
9.68e-01
3.25e-02
8.47e-01
-5.18e-01
-7.11e-01
6.60e-02
1.91e-02
-2.64e-01
8.24e-01
-8.30e-01
-6.58e-02
5.54e-01
-9.29e-01
6.29e-01
-3.71e-01
-5.34e-01
9.51e-02
4.52e-01
-7.52e-01
-1.28e-01
-2.77e-01
7.27e-01
4.80e-01
-9.37e-01
7.50e-01
2.58e-01
6.06e-01
-1.08e-01
-5.05e-01
-9.99e-01
9.20e-01
-8.09e-01
-3.00e-01
-6.06e-01
-9.76e-01
-1.73e-01
-2.77e-01
-4.41e-02
3.40e-01
-6.64e-01
6.05e-01
-8.07e-01
-5.35e-01
-2.30e-01
-2.24e-01
-9.27e-01
8.97e-01
-1.80e-01
-3.49e-01
3.20e-01
4.30e-01
4.97e-01
-5.40e-01
2.00e-01
-4.53e-03
4.23e-01
-5.98e-01
-7.80e-01
-9.63e-01
-5.53e-01
6.32e-03
-3.59e-01
6.93e-01
-2.29e-01
-6.90e-01
-9.86e-01
-2.65e-01
-4.69e-01
-2.68e-01
-1.66e-01
2.49e-01
2.05e-01
4.75e-02
-7.44e-01
-4.00e-01
-5.87e-01
9.37e-02
8.37e-01
9.62e-01
-8.51e-01
-6.21e-01
-6.64e-01
7.02e-01
8.77e-01
-2.91e-01
-3.47e-01
-4.85e-01
-7.74e-01
1.93e-01
5.17e-01
-1.00e+00
5.37e-01
6.51e-01
5.29e-01
4.00e-01
4.38e-01
-5.78e-01
-2.67e-01
4.04e-01
5.66e-01
-2.39e-01
-5.33e-01
-6.17e-01
-2.50e-01
-2.74e-01
1.05e-01
-2.23e-01
8.30e-03
-1.54e-01
9.56e-01
-8.22e-01
9.22e-01
8.89e-01
-1.26e-01
7.53e-01
-4.52e-01
8.04e-02
-3.47e-01
-4.83e-01
-8.85e-02
2.32e-01
-9.05e-01
2.39e-01
9.53e-01
4.86e-01
-8.25e-01
6.66e-01
-4.31e-01
9.77e-01
-9.24e-01
-6.28e-03
8.12e-02
3.94e-01
6.55e-01
-7.65e-01
