2.75e-01
5.78e-01
-9.86e-01
-3.94e-01
-7.29e-01
7.69e-01
-3.95e-01
7.51e-01
9.33e-01
3.85e-01
-7.63e-01
7.31e-01
-8.49e-01
-3.32e-01
5.24e-01
7.27e-01
-1.34e-01
-8.54e-01
5.41e-01
-3.31e-01
3.33e-01
2.29e-01
-3.73e-01
-9.14e-01
-5.29e-01
5.42e-01
-5.88e-01
-8.36e-01
-6.88e-01
-2.26e-01
4.84e-01
3.24e-02
9.11e-01
3.58e-01
2.14e-01
4.61e-01
-1.57e-01
5.53e-01
-7.62e-02
-4.23e-01
2.99e-01
7.87e-01
5.19e-01
-8.56e-01
-8.25e-01
-7.29e-01
5.88e-01
8.54e-01
-4.71e-01
6.83e-03
-6.16e-01
-8.71e-01
8.82e-01
5.23e-01
-2.18e-01
7.73e-01
3.74e-01
-5.34e-01
9.10e-03
-3.39e-01
9.59e-01
-1.44e-01
-5.73e-01
-8.75e-01
-2.82e-01
-9.85e-01
8.01e-01
-7.06e-02
-8.57e-02
-6.02e-02
-1.69e-01
-4.73e-01
3.75e-01
2.77e-01
3.37e-01
-7.81e-01
7.21e-01
9.82e-01
-3.38e-01
2.66e-01
-1.62e-02
-3.07e-01
-5.25e-01
3.18e-01
6.98e-01
-6.03e-01
-1.94e-01
4.75e-01
8.75e-01
8.58e-01
5.32e-01
8.91e-01
-8.25e-01
-2.84e-01
8.87e-01
4.31e-01
7.18e-01
8.65e-01
9.46e-01
2.55e-01
-5.66e-01
5.65e-01
-6.65e-01
-2.95e-01
-5.57e-01
-6.89e-01
7.85e-02
-7.90e-01
5.26e-02
-1.16e-01
2.13e-01
-5.48e-01
5.92e-01
-5.22e-01
-7.83e-01
-7.98e-01
-2.07e-01
-8.05e-01
-3.88e-01
-1.34e-01
-3.65e-01
1.63e-01
6.86e-02
-6.42e-01
-9.21e-01
6.95e-01
7.18e-02
2.96e-01
2.53e-01
-5.21e-01
9.68e-01
3.25e-02
8.47e-01
-5.18e-01
-7.11e-01
6.60e-02
1.91e-02
-4.08e-01
5.55e-01
4.46e-01
5.19e-01
1.88e-01
-2.95e-01
-3.10e-01
-9.64e-01
6.04e-01
-9.70e-01
-1.57e-01
9.26e-01
-2.57e-01
-9.16e-01
-3.72e-01
-2.67e-01
3.71e-01
8.82e-01
-8.85e-01
-5.26e-02
-9.17e-01
9.68e-01
7.81e-02
-1.30e-01
-5.71e-01
7.35e-01
8.47e-01
-9.76e-01
-1.73e-01
-2.77e-01
-4.41e-02
3.40e-01
-6.64e-01
6.05e-01
-8.07e-01
-5.35e-01
-2.30e-01
6.88e-01
6.31e-01
-9.41e-01
7.82e-01
-6.33e-01
-3.58e-01
-3.39e-01
4.46e-01
1.36e-01
-1.50e-01
-8.65e-03
-2.52e-01
4.47e-01
-7.80e-01
-9.63e-01
-5.53e-01
6.32e-03
-3.59e-01
6.93e-01
-2.29e-01
-6.90e-01
-9.86e-01
-2.65e-01
-4.69e-01
-2.68e-01
-2.45e-01
2.49e-01
2.05e-01
-1.66e-01
-5.80e-01
1.44e-02
-7.58e-02
9.37e-02
8.37e-01
7.97e-01
2.83e-01
-7.47e-01
8.77e-01
8.51e-01
5.94e-01
1.65e-01
-4.15e-01
1.46e-01
-7.74e-01
1.93e-01
5.17e-01
-1.00e+00
5.37e-01
6.51e-01
5.29e-01
4.00e-01
4.38e-01
-5.78e-01
-2.67e-01
3.31e-01
9.93e-01
2.41e-01
6.56e-01
6.98e-01
3.72e-01
-6.76e-02
-2.26e-02
-9.98e-01
7.62e-01
2.90e-02
-9.28e-01
-6.02e-01
-5.23e-01
6.23e-01
7.44e-01
8.95e-01
-4.45e-01
-8.34e-01
-7.34e-01
7.92e-01
8.85e-01
7.01e-01
-1.65e-02
-9.29e-02
-9.45e-01
-5.78e-01
8.91e-01
-4.55e-01
7.85e-01
6.71e-01
-7.22e-01
-6.93e-01
-9.64e-01
-3.69e-01
3.47e-01
4.04e-01
