-2.91e-01
-7.38e-03
4.34e-01
5.54e-01
-3.12e-02
5.26e-01
9.46e-01
7.51e-01
9.33e-01
3.85e-01
-7.63e-01
7.31e-01
5.74e-01
-3.32e-01
5.24e-01
7.27e-01
-1.34e-01
-8.54e-01
5.41e-01
-3.31e-01
3.33e-01
2.29e-01
-3.32e-01
-6.60e-01
-2.86e-01
-7.51e-01
-5.31e-01
-7.60e-01
-9.79e-01
8.92e-01
1.34e-01
1.36e-01
-9.11e-01
2.49e-01
8.71e-01
5.75e-01
7.66e-01
6.98e-02
7.45e-01
-9.21e-01
9.46e-01
7.79e-01
-4.81e-01
1.51e-01
2.02e-01
5.35e-01
1.96e-01
4.79e-01
-6.24e-01
-7.08e-01
7.69e-01
-8.71e-01
8.82e-01
5.23e-01
-2.18e-01
7.73e-01
3.74e-01
-5.34e-01
9.10e-03
-3.39e-01
9.59e-01
-1.44e-01
-3.72e-01
7.39e-01
-5.49e-01
-3.10e-01
-1.44e-01
-8.29e-01
9.89e-01
-6.02e-02
-6.73e-01
-8.89e-01
7.06e-02
-5.82e-01
4.91e-01
4.06e-01
-2.43e-01
3.43e-01
-4.34e-01
3.20e-01
1.02e-01
3.52e-01
7.94e-01
6.60e-01
-4.98e-01
-9.45e-01
-8.90e-01
-9.01e-01
-7.29e-01
-3.57e-01
5.32e-01
-4.50e-01
6.09e-01
5.87e-01
-4.25e-01
-5.66e-01
5.77e-02
1.39e-01
9.46e-01
2.55e-01
-5.66e-01
5.65e-01
-6.65e-01
-2.95e-01
-5.57e-01
2.02e-02
8.46e-01
6.49e-01
2.11e-01
-5.10e-01
-7.66e-01
-6.10e-01
1.71e-01
-8.17e-01
6.22e-01
-7.48e-02
2.50e-01
-5.84e-01
-6.89e-01
1.45e-01
5.64e-01
1.17e-01
8.98e-01
1.26e-02
-9.91e-01
-5.43e-01
-3.31e-01
-8.61e-02
7.85e-01
-4.79e-01
-3.36e-01
-6.09e-01
9.61e-01
3.96e-01
-9.68e-01
-7.47e-01
-7.07e-01
-9.66e-01
9.92e-01
8.12e-01
1.08e-01
-8.94e-01
-9.32e-01
-1.24e-01
-6.36e-01
-9.79e-01
8.96e-01
-1.94e-01
4.33e-01
-1.28e-01
-2.77e-01
7.27e-01
4.80e-01
-9.37e-01
7.50e-01
2.58e-01
6.06e-01
-1.08e-01
-5.05e-01
-9.99e-01
9.20e-01
-8.09e-01
-3.00e-01
-6.06e-01
-9.76e-01
-1.73e-01
-8.99e-01
-7.99e-02
9.41e-01
-1.92e-01
-5.41e-02
-6.31e-01
3.27e-01
-6.02e-01
6.88e-01
6.31e-01
-9.41e-01
7.82e-01
-6.33e-01
-3.58e-01
-3.39e-01
4.46e-01
1.36e-01
2.00e-01
-4.53e-03
4.23e-01
-5.98e-01
-7.80e-01
-9.63e-01
-5.53e-01
6.32e-03
-3.59e-01
6.93e-01
-2.29e-01
-6.90e-01
-9.86e-01
-2.65e-01
-4.69e-01
-5.23e-01
-2.45e-01
7.66e-01
4.06e-02
5.60e-01
-5.80e-01
1.44e-02
-7.58e-02
9.37e-02
8.37e-01
7.97e-01
5.10e-01
-7.47e-01
8.77e-01
8.51e-01
5.94e-01
1.65e-01
-4.15e-01
1.46e-01
-7.74e-01
1.93e-01
5.17e-01
-1.00e+00
5.37e-01
6.51e-01
5.29e-01
4.00e-01
4.38e-01
-5.78e-01
-2.67e-01
3.31e-01
9.93e-01
7.09e-01
6.56e-01
6.98e-01
4.41e-01
6.32e-02
-4.23e-01
1.21e-01
5.95e-01
-1.25e-02
-9.28e-01
-6.02e-01
-5.23e-01
6.23e-01
7.44e-01
8.95e-01
-4.45e-01
-8.34e-01
-7.34e-01
7.92e-01
8.85e-01
7.01e-01
-1.65e-02
-9.29e-02
-9.45e-01
9.97e-01
-6.32e-01
-2.27e-01
7.85e-01
6.71e-01
-7.22e-01
-6.93e-01
-9.64e-01
-2.41e-01
3.47e-01
4.04e-01
