-9.17e-01
-8.58e-01
-9.86e-01
-3.94e-01
-7.29e-01
7.69e-01
-3.95e-01
7.51e-01
9.33e-01
3.85e-01
-7.63e-01
7.31e-01
-8.49e-01
3.43e-01
-6.32e-01
2.14e-01
2.67e-01
4.54e-01
-2.76e-01
7.59e-01
6.04e-01
9.31e-01
1.98e-01
5.61e-01
1.22e-02
5.81e-01
4.54e-01
-1.29e-02
-5.66e-01
-4.38e-01
-4.75e-01
7.58e-01
-2.56e-01
4.58e-01
1.35e-01
4.61e-01
-1.57e-01
-8.03e-01
-1.15e-01
-4.21e-01
9.62e-01
7.52e-01
-4.81e-01
1.51e-01
5.63e-01
5.35e-01
1.96e-01
4.79e-01
-6.24e-01
-9.41e-01
-1.51e-01
-4.10e-01
6.61e-01
-2.35e-01
-8.77e-01
5.71e-01
2.67e-01
-3.83e-01
-8.81e-01
-3.95e-01
5.13e-01
-4.23e-01
3.67e-01
-5.64e-02
-2.82e-01
-9.85e-01
8.01e-01
-8.29e-01
9.89e-01
-9.81e-01
1.47e-01
-1.68e-01
3.37e-01
-2.75e-01
-2.34e-01
7.79e-01
-2.43e-01
3.43e-01
-4.34e-01
3.20e-01
1.02e-01
3.52e-01
7.94e-01
6.60e-01
-4.98e-01
-9.45e-01
-8.90e-01
-9.01e-01
2.42e-01
-4.67e-01
5.32e-01
-4.50e-01
6.09e-01
5.87e-01
-4.25e-01
-5.66e-01
7.18e-01
8.65e-01
9.46e-01
2.55e-01
-5.66e-01
5.65e-01
4.83e-01
-2.95e-01
-5.57e-01
2.02e-02
8.46e-01
-3.47e-01
-5.40e-01
-5.48e-01
3.43e-01
5.18e-01
-5.45e-01
-9.74e-01
-1.90e-01
3.70e-01
7.79e-01
-8.82e-01
-3.88e-01
-1.34e-01
-3.65e-01
1.63e-01
-2.49e-01
-6.42e-01
-9.21e-01
6.95e-01
-9.14e-01
-8.61e-02
7.85e-01
-4.79e-01
-3.36e-01
-6.09e-01
9.61e-01
3.96e-01
-9.68e-01
-7.47e-01
-7.07e-01
-9.66e-01
9.92e-01
8.12e-01
1.08e-01
-8.94e-01
-9.32e-01
-3.10e-01
-9.64e-01
6.04e-01
-9.70e-01
-1.57e-01
9.26e-01
-2.57e-01
-2.77e-01
7.27e-01
-2.67e-01
3.71e-01
8.82e-01
-8.85e-01
-5.26e-02
-9.17e-01
-7.66e-01
7.81e-02
-1.30e-01
-5.71e-01
7.35e-01
8.47e-01
-9.76e-01
-1.73e-01
-2.77e-01
-4.41e-02
3.40e-01
-6.64e-01
6.05e-01
-8.07e-01
-5.35e-01
-2.30e-01
-2.24e-01
-9.27e-01
8.97e-01
-1.80e-01
-3.49e-01
3.20e-01
4.30e-01
4.97e-01
-5.40e-01
2.00e-01
-4.53e-03
4.23e-01
4.47e-01
-9.66e-01
-2.91e-01
2.78e-01
1.28e-01
9.82e-01
6.93e-01
-2.29e-01
-6.90e-01
-9.86e-01
-2.65e-01
7.18e-01
2.02e-02
-2.45e-01
7.66e-01
4.06e-02
5.60e-01
-5.80e-01
1.44e-02
-7.58e-02
9.37e-02
8.37e-01
7.97e-01
5.10e-01
-7.47e-01
8.77e-01
8.51e-01
5.94e-01
1.65e-01
-4.15e-01
1.46e-01
-7.74e-01
1.93e-01
5.17e-01
-1.00e+00
5.37e-01
6.51e-01
5.29e-01
4.00e-01
4.38e-01
-5.78e-01
-2.67e-01
3.31e-01
9.93e-01
7.09e-01
6.56e-01
6.98e-01
3.72e-01
1.01e-01
-2.26e-02
-9.98e-01
7.62e-01
2.90e-02
-9.28e-01
-6.02e-01
-5.23e-01
6.23e-01
7.44e-01
8.95e-01
-4.45e-01
-8.34e-01
-7.34e-01
7.92e-01
8.85e-01
7.01e-01
-1.65e-02
-9.29e-02
-9.45e-01
-5.78e-01
-4.77e-01
-4.55e-01
7.85e-01
6.71e-01
-7.22e-01
-6.93e-01
-9.64e-01
-3.69e-01
1.14e-01
4.04e-01
