-2.91e-01
6.29e-01
-9.86e-01
-3.94e-01
-7.29e-01
7.69e-01
-3.95e-01
7.51e-01
1.98e-01
3.85e-01
-7.63e-01
7.31e-01
-8.49e-01
3.43e-01
-6.32e-01
2.14e-01
2.67e-01
4.54e-01
-2.76e-01
7.59e-01
6.04e-01
4.13e-01
6.88e-01
7.30e-01
4.83e-01
-7.51e-01
-5.31e-01
-1.29e-02
-3.94e-01
-4.38e-01
-4.75e-01
3.24e-02
9.11e-01
3.58e-01
2.14e-01
4.61e-01
-1.57e-01
-4.95e-01
3.78e-01
-4.21e-01
2.99e-01
7.52e-01
-4.81e-01
1.51e-01
-8.71e-01
-8.02e-01
-8.24e-01
1.30e-01
-1.66e-02
-7.08e-01
-2.63e-01
-1.66e-01
8.82e-01
5.23e-01
-2.18e-01
7.73e-01
3.74e-01
9.26e-01
9.10e-03
-3.39e-01
9.59e-01
-1.44e-01
-5.73e-01
-8.75e-01
-2.82e-01
-9.85e-01
8.01e-01
-8.29e-01
9.89e-01
-9.81e-01
1.47e-01
-1.68e-01
3.37e-01
-2.75e-01
4.91e-01
7.79e-01
-2.43e-01
1.02e-02
-4.34e-01
3.20e-01
1.02e-01
3.52e-01
7.94e-01
6.60e-01
-4.98e-01
-9.45e-01
-8.90e-01
-9.01e-01
-7.29e-01
-3.57e-01
5.32e-01
-4.50e-01
6.09e-01
-2.84e-01
-4.25e-01
-5.66e-01
7.18e-01
8.65e-01
9.46e-01
2.55e-01
-5.66e-01
5.65e-01
-6.65e-01
-2.95e-01
-5.57e-01
-5.23e-01
8.46e-01
-7.90e-01
5.26e-02
-1.16e-01
2.13e-01
-6.10e-01
1.71e-01
1.51e-01
6.22e-01
-7.48e-02
2.50e-01
-5.84e-01
-6.89e-01
1.45e-01
5.64e-01
1.17e-01
8.98e-01
1.26e-02
-9.91e-01
-5.43e-01
-3.31e-01
-8.61e-02
7.85e-01
-4.79e-01
-3.36e-01
-6.09e-01
9.61e-01
4.14e-01
-3.89e-01
1.90e-01
-8.97e-02
2.15e-01
-3.62e-01
7.66e-01
1.35e-01
1.64e-01
2.52e-01
-9.30e-01
4.48e-01
6.04e-01
-9.70e-01
-1.57e-01
9.26e-01
-2.57e-01
-7.27e-01
-2.67e-01
-5.08e-01
-9.24e-01
-4.49e-01
-1.50e-01
-5.26e-02
-7.13e-01
6.48e-01
-3.49e-01
-4.33e-01
1.28e-01
7.35e-01
8.47e-01
-9.76e-01
-1.73e-01
-2.77e-01
-4.41e-02
3.40e-01
-6.64e-01
6.05e-01
-8.07e-01
-5.35e-01
-2.30e-01
6.88e-01
6.31e-01
-9.41e-01
7.82e-01
-3.49e-01
3.20e-01
4.30e-01
4.97e-01
-5.40e-01
2.00e-01
-4.53e-03
4.23e-01
-5.98e-01
-7.80e-01
-9.63e-01
-5.53e-01
6.32e-03
-3.59e-01
6.93e-01
-2.29e-01
-6.90e-01
-9.86e-01
-2.65e-01
-4.69e-01
-2.68e-01
-1.66e-01
2.49e-01
2.05e-01
-1.66e-02
-5.80e-01
1.44e-02
-7.58e-02
9.37e-02
8.37e-01
7.97e-01
5.10e-01
2.25e-01
6.91e-01
7.05e-01
8.83e-01
-2.91e-01
-4.15e-01
-4.85e-01
7.38e-01
-8.25e-01
8.98e-01
-6.50e-01
4.94e-01
6.38e-01
4.68e-01
5.81e-01
-3.84e-01
-3.75e-02
-2.67e-01
4.85e-01
9.93e-01
7.09e-01
6.56e-01
6.98e-01
3.72e-01
1.01e-01
-2.26e-02
-9.98e-01
7.62e-01
2.90e-02
-9.28e-01
-9.51e-01
-8.80e-01
-7.51e-02
7.44e-01
8.95e-01
-4.45e-01
-8.34e-01
-7.34e-01
7.92e-01
8.85e-01
7.01e-01
-1.65e-02
-9.29e-02
-9.45e-01
-5.78e-01
-4.77e-01
-4.55e-01
7.85e-01
6.71e-01
-7.22e-01
-6.93e-01
-9.64e-01
-3.69e-01
1.14e-01
4.04e-01
