-8.07e-01
9.61e-01
-5.51e-01
-6.01e-01
-3.05e-01
-5.09e-01
3.63e-01
7.83e-01
3.33e-01
1.90e-01
3.82e-01
9.86e-01
1.33e-01
-7.65e-01
5.45e-01
-5.22e-01
7.40e-01
4.57e-01
2.47e-02
8.37e-01
-6.78e-01
-7.80e-01
1.31e-02
-2.19e-01
-1.93e-01
7.17e-01
-3.60e-01
-6.48e-01
4.40e-01
1.92e-01
-7.41e-01
-6.90e-01
4.53e-01
6.50e-01
-1.24e-01
6.88e-01
4.06e-01
-7.40e-01
-2.42e-01
-7.37e-02
5.76e-01
6.98e-01
9.38e-01
-9.23e-02
-5.58e-01
9.27e-01
2.69e-01
4.20e-01
8.43e-02
-5.46e-01
3.99e-01
-1.55e-01
-5.33e-03
3.39e-01
-2.34e-01
8.41e-01
8.86e-01
5.29e-01
-8.94e-01
5.52e-01
5.13e-01
-4.23e-01
3.67e-01
-5.64e-02
-5.49e-01
-3.10e-01
-1.44e-01
-8.29e-01
9.89e-01
-9.81e-01
1.47e-01
-1.68e-01
3.37e-01
-2.75e-01
-2.34e-01
7.79e-01
-2.43e-01
3.43e-01
9.09e-01
-2.44e-01
-9.32e-02
-5.94e-01
4.26e-01
-5.07e-02
8.64e-01
4.35e-01
1.68e-01
3.56e-01
2.42e-01
-4.67e-01
8.21e-01
-3.80e-01
-6.02e-01
5.90e-01
1.32e-01
7.91e-01
-2.41e-01
3.78e-01
2.81e-01
2.53e-01
-2.69e-01
-5.37e-01
9.28e-01
-8.09e-01
5.21e-01
-5.23e-01
8.46e-01
6.49e-01
2.11e-01
3.49e-01
4.75e-03
-3.93e-02
4.48e-01
-9.11e-01
6.58e-02
2.88e-01
-8.21e-01
5.99e-01
-5.23e-01
7.99e-01
6.30e-01
-8.22e-01
1.08e-02
1.26e-02
-9.91e-01
-5.43e-01
-3.31e-01
-8.61e-02
7.85e-01
-4.79e-01
-3.36e-01
-6.09e-01
9.61e-01
3.96e-01
-8.19e-01
-6.69e-01
5.32e-01
2.34e-02
-7.48e-01
-1.41e-01
-6.52e-01
3.95e-01
-8.67e-01
6.58e-01
-7.40e-01
-9.80e-01
-3.64e-01
2.59e-02
8.96e-01
-9.36e-01
-7.27e-01
-2.67e-01
-5.08e-01
-9.24e-01
-4.49e-01
-1.50e-01
6.48e-01
-7.23e-01
-8.83e-01
6.22e-01
9.64e-01
1.33e-01
3.78e-01
4.14e-01
-2.07e-01
9.62e-01
2.70e-01
9.29e-01
2.47e-01
6.06e-01
1.88e-01
6.95e-01
-8.46e-01
8.68e-01
2.83e-01
8.06e-01
-7.55e-01
-3.56e-02
-3.48e-01
7.60e-01
-8.98e-01
-3.59e-01
3.58e-01
6.83e-01
2.36e-03
1.61e-01
4.99e-01
-6.93e-01
-9.68e-01
5.67e-01
5.32e-01
8.49e-01
9.37e-01
-9.34e-01
3.24e-01
4.33e-01
-5.66e-01
7.77e-01
2.23e-01
8.82e-01
-3.49e-01
-7.92e-01
-9.96e-01
1.65e-03
-2.47e-01
8.34e-01
5.50e-01
-8.11e-01
-9.29e-01
-6.07e-01
-2.84e-02
-4.06e-01
7.52e-02
5.91e-01
1.38e-01
7.83e-01
-1.00e+00
-4.70e-01
5.67e-01
4.90e-01
9.57e-01
-6.06e-01
-7.94e-01
-1.94e-01
2.06e-01
5.79e-01
3.19e-01
3.46e-01
5.25e-02
3.70e-01
-8.38e-01
5.86e-01
2.31e-01
1.54e-01
-3.58e-01
-9.13e-01
4.00e-01
-4.29e-01
-3.44e-02
-7.62e-01
-3.96e-01
5.38e-01
9.00e-01
-2.25e-01
3.77e-01
-4.52e-01
8.04e-02
2.40e-01
-4.83e-01
-8.85e-02
2.32e-01
-9.05e-01
2.39e-01
9.53e-01
4.86e-01
-8.25e-01
6.66e-01
-4.31e-01
9.77e-01
-9.24e-01
-6.28e-03
8.12e-02
3.94e-01
6.55e-01
3.77e-01
