-3.20e-01
4.46e-01
-9.74e-01
4.61e-01
6.32e-01
-2.31e-02
-3.06e-01
3.87e-01
2.15e-02
-6.22e-02
7.58e-01
2.67e-01
-2.35e-01
-2.72e-01
-1.07e-01
-5.43e-01
-1.34e-01
-6.09e-01
1.17e-01
3.81e-01
-8.28e-01
7.66e-01
3.84e-01
-4.87e-01
5.00e-01
-3.08e-02
4.02e-01
2.80e-01
3.08e-01
-4.19e-01
-4.75e-01
7.58e-01
-2.56e-01
4.58e-01
1.35e-01
4.61e-01
-1.57e-01
-4.95e-01
3.78e-01
-4.21e-01
-1.01e-01
7.52e-01
3.31e-01
9.62e-01
-8.71e-01
-8.02e-01
-8.16e-01
3.78e-01
1.25e-01
7.10e-01
6.72e-02
-7.94e-01
-9.66e-01
5.10e-01
-2.81e-01
-5.08e-01
-6.70e-01
-2.66e-01
-8.30e-01
-5.41e-01
9.16e-01
6.75e-01
-9.41e-01
6.39e-02
-2.31e-01
7.08e-01
-8.74e-01
-7.27e-01
6.11e-01
-6.78e-01
5.57e-01
-8.91e-01
-3.80e-01
3.29e-01
7.38e-01
-5.93e-01
-2.44e-01
6.16e-01
8.28e-02
6.58e-02
-6.64e-01
-9.86e-01
-5.25e-01
8.32e-01
5.21e-01
-2.70e-04
9.49e-01
2.60e-01
-5.25e-01
3.23e-02
6.17e-01
9.98e-01
-9.10e-01
4.69e-01
-2.77e-01
-3.16e-01
-3.94e-01
-2.83e-01
3.63e-01
-7.54e-01
5.96e-01
7.50e-01
7.75e-01
2.19e-02
-4.67e-01
-5.60e-02
-2.11e-02
-2.60e-01
-8.17e-01
3.49e-01
4.75e-03
3.77e-01
4.48e-01
-9.11e-01
-7.59e-01
2.88e-01
-8.21e-01
5.99e-01
-5.23e-01
-6.92e-01
8.64e-02
-5.79e-01
4.46e-01
-4.34e-01
2.90e-01
-7.17e-01
7.18e-02
-1.52e-01
-5.88e-01
-8.78e-01
-3.98e-01
1.72e-01
4.03e-01
-1.31e-01
2.99e-01
7.04e-01
-9.83e-01
-1.38e-01
1.22e-01
-9.85e-01
3.11e-01
6.57e-01
-1.94e-02
6.03e-01
-3.04e-01
-3.65e-01
5.16e-01
8.59e-01
7.02e-01
-3.33e-01
4.56e-01
-6.31e-01
1.97e-01
-4.60e-01
9.86e-01
1.10e-01
-5.66e-01
-8.53e-01
-2.12e-02
-2.30e-02
5.65e-01
1.07e-01
-3.48e-01
-9.14e-01
-8.17e-01
4.03e-01
4.99e-01
6.26e-01
-7.40e-01
-9.21e-01
3.30e-01
-4.99e-01
-4.42e-01
-2.63e-01
-2.67e-01
9.06e-01
5.35e-01
-3.59e-01
1.07e-01
-8.96e-01
-4.54e-01
-9.89e-01
3.59e-01
1.28e-02
-2.80e-01
-5.89e-01
-4.57e-01
-6.47e-01
-6.44e-01
-6.98e-02
-1.43e-01
-7.70e-01
8.53e-01
8.61e-02
-5.10e-01
-8.98e-01
4.41e-01
-9.58e-01
7.06e-01
-9.20e-01
-3.74e-01
3.76e-02
3.55e-01
7.93e-01
-4.83e-01
7.20e-01
8.74e-01
3.98e-01
-9.56e-01
-8.04e-01
5.41e-01
-2.69e-01
4.94e-01
4.41e-01
-4.09e-01
-8.74e-01
9.09e-01
9.83e-01
2.18e-02
6.88e-01
-1.29e-01
-3.53e-01
9.31e-01
-9.20e-01
6.73e-02
-2.32e-01
-3.72e-01
6.35e-01
9.70e-01
-8.70e-03
-3.27e-01
6.04e-01
-9.98e-01
8.14e-01
8.70e-01
-5.37e-01
-9.11e-01
-8.97e-01
-7.11e-01
-1.77e-01
8.04e-02
-2.65e-01
-8.70e-01
-7.81e-01
-3.44e-01
2.87e-01
5.79e-01
7.91e-01
5.02e-01
5.10e-01
-3.89e-01
-6.81e-01
4.20e-03
4.07e-01
9.97e-01
-6.32e-01
-2.27e-01
-9.14e-01
-1.19e-01
-3.67e-01
-6.63e-01
-8.75e-01
2.70e-01
5.97e-01
-7.65e-01
