9.52e-01
4.35e-01
8.23e-01
-5.60e-01
-7.14e-01
-1.34e-01
-2.51e-01
8.95e-02
3.00e-01
4.58e-01
1.39e-01
7.48e-02
-5.36e-01
-1.71e-01
5.24e-01
7.27e-01
-1.34e-01
-8.54e-01
5.41e-01
-3.31e-01
7.85e-01
-5.97e-01
6.15e-01
-7.96e-01
-3.29e-01
-2.22e-01
-7.46e-01
8.78e-01
-1.29e-02
-5.21e-01
-4.69e-01
5.68e-01
-6.36e-01
-3.72e-02
9.93e-01
-4.10e-01
-4.28e-01
9.32e-01
-8.85e-01
-9.99e-01
2.39e-01
1.82e-01
7.05e-01
8.40e-01
4.56e-01
3.21e-01
-7.69e-01
-5.34e-01
2.09e-01
-7.84e-01
9.97e-01
5.52e-01
4.03e-01
6.63e-01
-9.50e-01
5.24e-01
4.77e-01
-2.60e-01
6.89e-03
-3.95e-01
5.13e-01
-4.23e-01
3.67e-01
-5.64e-02
-5.49e-01
4.30e-01
-6.99e-01
9.72e-02
-2.14e-01
9.11e-01
-1.69e-01
-4.73e-01
3.75e-01
-2.07e-02
-9.90e-01
3.37e-01
1.92e-01
-2.58e-01
-7.08e-01
-5.15e-01
-3.60e-02
2.77e-01
2.79e-01
3.18e-01
6.98e-01
-6.03e-01
-1.94e-01
4.75e-01
8.75e-01
8.58e-01
-1.77e-01
8.91e-01
-8.25e-01
-2.84e-01
8.87e-01
4.31e-01
7.18e-01
8.65e-01
-6.97e-01
-8.66e-01
2.37e-01
1.30e-01
-6.14e-01
3.39e-01
-2.76e-02
-6.89e-01
7.85e-02
-7.90e-01
5.26e-02
-1.16e-01
2.13e-01
-5.48e-01
-3.42e-01
2.88e-03
6.46e-01
5.44e-01
-1.81e-01
-7.57e-01
6.71e-01
-6.92e-01
8.64e-02
-5.79e-01
4.46e-01
-4.34e-01
-6.18e-01
1.92e-01
-3.40e-01
4.13e-01
5.30e-01
-8.78e-01
-7.01e-01
-2.42e-01
3.74e-01
-2.54e-01
1.93e-01
-2.03e-02
-8.97e-02
2.15e-01
1.11e-01
7.66e-01
1.35e-01
1.64e-01
2.52e-01
-7.27e-01
-8.68e-01
-1.59e-01
-8.57e-01
-2.48e-01
-5.90e-01
-2.11e-01
-9.16e-01
-3.72e-01
9.58e-01
-9.53e-01
3.51e-01
-5.68e-01
1.52e-02
-7.13e-01
6.48e-01
-3.49e-01
-4.33e-01
-3.78e-01
-2.20e-01
-2.17e-01
6.27e-01
-4.75e-01
-9.40e-01
8.30e-01
-7.54e-01
-9.93e-01
7.53e-01
-9.77e-01
-8.56e-01
-3.40e-01
9.43e-01
-7.68e-01
-6.75e-01
6.24e-02
9.90e-01
1.25e-01
-1.31e-01
9.12e-01
2.58e-01
8.00e-02
9.79e-01
-9.29e-01
4.47e-01
8.39e-01
5.00e-01
-4.27e-01
8.71e-01
-3.77e-01
9.91e-01
-4.49e-01
3.06e-02
1.49e-01
-4.64e-01
-2.24e-01
5.24e-01
5.17e-01
-1.65e-01
-2.01e-02
-9.81e-01
-4.36e-01
1.35e-01
1.33e-01
-1.98e-01
3.78e-01
-3.43e-01
-8.51e-01
-6.21e-01
-6.64e-01
7.02e-01
8.77e-01
-2.91e-01
-3.47e-01
-4.85e-01
5.30e-02
5.91e-01
8.19e-01
-4.00e-01
-5.05e-01
9.90e-01
5.06e-01
-2.39e-01
-1.96e-01
5.41e-02
-7.91e-01
1.27e-01
7.82e-01
-4.02e-01
-7.44e-01
-8.68e-02
-4.05e-01
7.90e-01
-2.22e-01
2.67e-01
-5.48e-01
-2.89e-01
-6.91e-02
4.75e-01
-3.53e-01
7.82e-01
-4.47e-01
-6.00e-01
5.81e-02
-4.39e-01
6.60e-01
8.13e-01
9.40e-02
-6.14e-01
7.34e-01
-8.03e-01
-2.02e-01
-4.93e-01
3.76e-01
7.47e-01
7.43e-01
-1.50e-01
7.34e-01
1.61e-01
9.76e-01
8.10e-02
2.20e-01
-9.32e-01
