2.75e-01
5.78e-01
-9.86e-01
-3.94e-01
-7.29e-01
7.69e-01
-3.95e-01
7.51e-01
9.33e-01
3.85e-01
-7.63e-01
7.31e-01
-8.49e-01
3.43e-01
-6.32e-01
2.14e-01
2.67e-01
-6.09e-01
1.17e-01
3.81e-01
-8.28e-01
7.66e-01
3.84e-01
-4.87e-01
5.00e-01
-3.08e-02
4.02e-01
2.80e-01
3.08e-01
-4.19e-01
-4.75e-01
7.58e-01
-2.56e-01
4.58e-01
1.35e-01
4.61e-01
-1.57e-01
-4.95e-01
3.78e-01
-4.21e-01
2.99e-01
7.52e-01
-4.81e-01
1.51e-01
-9.66e-01
5.35e-01
1.96e-01
4.79e-01
-6.24e-01
-9.02e-01
-2.63e-01
-1.66e-01
-3.57e-01
-6.88e-01
-2.18e-01
7.73e-01
3.74e-01
-2.60e-01
6.89e-03
-3.95e-01
5.13e-01
-4.23e-01
3.67e-01
-5.64e-02
-2.82e-01
-9.85e-01
8.01e-01
1.47e-01
-6.77e-01
-4.19e-01
4.72e-01
5.92e-01
-4.92e-01
-5.82e-01
3.37e-01
-7.81e-01
7.21e-01
9.82e-01
3.86e-02
2.66e-01
-1.62e-02
-3.07e-01
-4.12e-01
8.78e-01
9.15e-01
1.68e-01
1.68e-01
3.56e-01
2.42e-01
-4.67e-01
8.21e-01
-3.80e-01
-6.02e-01
5.90e-01
1.32e-01
-8.87e-01
7.18e-01
8.65e-01
9.46e-01
2.55e-01
-5.66e-01
5.65e-01
-6.65e-01
-2.95e-01
-5.57e-01
-5.23e-01
8.46e-01
6.49e-01
2.11e-01
-5.10e-01
-7.66e-01
-6.10e-01
1.71e-01
7.44e-01
7.80e-01
-7.48e-02
2.50e-01
-5.84e-01
7.86e-01
-1.22e-01
6.93e-01
4.37e-01
-9.10e-02
5.61e-01
-8.63e-01
5.01e-01
-4.95e-01
4.97e-01
5.16e-01
6.88e-01
9.23e-01
-6.09e-01
9.61e-01
3.96e-01
-9.68e-01
-7.47e-01
-7.07e-01
2.02e-01
9.92e-01
8.12e-01
9.51e-01
1.44e-01
-6.50e-02
-1.34e-01
2.83e-01
-9.80e-01
-3.64e-01
2.59e-02
8.96e-01
-9.36e-01
-7.27e-01
-2.67e-01
-5.08e-01
-9.24e-01
-4.49e-01
-1.50e-01
2.32e-01
-6.92e-02
-7.45e-01
8.00e-01
5.74e-01
-1.73e-01
5.32e-01
-7.97e-01
-9.57e-01
-6.53e-01
-8.43e-01
-7.04e-01
2.29e-02
8.34e-01
-3.71e-01
-3.52e-01
-5.30e-01
8.92e-02
-4.44e-01
4.49e-01
-5.30e-01
-1.97e-01
-2.45e-01
3.20e-01
2.36e-01
4.97e-01
-5.40e-01
2.00e-01
-4.53e-03
4.23e-01
-5.98e-01
-7.80e-01
-9.63e-01
-5.53e-01
-7.78e-01
-3.76e-01
-6.46e-01
2.87e-01
6.88e-01
2.74e-01
-8.72e-02
7.18e-01
2.02e-02
-2.45e-01
7.66e-01
4.06e-02
5.60e-01
-5.80e-01
1.44e-02
-7.58e-02
9.37e-02
8.37e-01
7.97e-01
5.10e-01
-7.47e-01
8.77e-01
8.51e-01
5.94e-01
1.65e-01
-4.15e-01
1.46e-01
-7.74e-01
1.93e-01
5.17e-01
-1.00e+00
5.37e-01
6.51e-01
5.29e-01
4.00e-01
4.38e-01
-5.78e-01
-2.67e-01
3.31e-01
9.93e-01
7.09e-01
6.56e-01
6.98e-01
3.72e-01
1.01e-01
-2.26e-02
-9.98e-01
7.62e-01
2.90e-02
-9.28e-01
-6.02e-01
-5.23e-01
6.23e-01
7.44e-01
8.95e-01
-4.45e-01
-8.34e-01
-7.34e-01
7.92e-01
8.85e-01
7.01e-01
-1.65e-02
-9.29e-02
-9.45e-01
-5.78e-01
-4.77e-01
-4.55e-01
7.85e-01
6.71e-01
-7.22e-01
-6.93e-01
-9.64e-01
-3.69e-01
3.47e-01
4.04e-01
