-9.17e-01
-8.58e-01
-8.68e-03
4.52e-01
-3.12e-02
5.26e-01
9.46e-01
-2.60e-01
-2.31e-01
-8.75e-01
6.34e-01
7.31e-01
-8.49e-01
3.43e-01
-6.32e-01
2.14e-01
2.67e-01
4.54e-01
-2.76e-01
8.61e-01
1.14e-01
4.13e-01
6.88e-01
7.30e-01
4.83e-01
5.81e-01
4.68e-01
-7.96e-01
-4.30e-01
-4.38e-01
8.60e-01
1.36e-01
-9.11e-01
2.49e-01
8.71e-01
5.75e-01
7.66e-01
6.98e-02
7.45e-01
-9.21e-01
9.46e-01
-6.68e-01
-7.82e-01
2.20e-01
-1.93e-01
6.55e-01
-8.24e-01
1.30e-01
-1.66e-02
-7.08e-01
7.69e-01
-8.71e-01
8.82e-01
5.23e-01
-2.18e-01
7.73e-01
3.74e-01
-5.34e-01
9.10e-03
-3.39e-01
9.59e-01
-1.44e-01
-5.73e-01
-8.75e-01
-2.82e-01
-9.85e-01
8.01e-01
-7.06e-02
-8.57e-02
-6.02e-02
-6.73e-01
-8.89e-01
7.06e-02
-5.82e-01
4.91e-01
4.06e-01
-3.63e-01
1.02e-02
-3.38e-01
2.66e-01
-6.64e-01
2.77e-01
2.79e-01
3.18e-01
6.98e-01
-6.03e-01
-1.94e-01
4.75e-01
8.75e-01
2.36e-01
3.30e-01
1.89e-01
9.60e-01
-3.97e-01
-2.81e-01
7.33e-01
-3.95e-01
1.63e-01
9.46e-01
2.55e-01
-5.66e-01
5.65e-01
-6.65e-01
-8.09e-01
5.21e-01
-5.23e-01
8.46e-01
6.49e-01
2.11e-01
-5.10e-01
-7.66e-01
-6.10e-01
1.71e-01
-8.17e-01
6.22e-01
-7.48e-02
7.79e-01
-8.82e-01
-3.88e-01
-1.34e-01
-3.65e-01
-8.23e-01
6.86e-02
-6.42e-01
-9.21e-01
6.95e-01
7.18e-02
2.96e-01
2.53e-01
-5.21e-01
9.68e-01
3.25e-02
8.47e-01
-5.18e-01
-7.11e-01
6.60e-02
-7.07e-01
-2.64e-01
8.24e-01
-8.30e-01
-6.58e-02
5.54e-01
-9.29e-01
6.29e-01
-3.71e-01
-5.34e-01
9.51e-02
4.14e-02
9.24e-01
5.60e-01
-4.31e-01
2.11e-01
-3.19e-01
8.71e-01
1.02e-01
-2.49e-01
-7.23e-01
-6.92e-02
-7.45e-01
8.00e-01
1.92e-01
-6.12e-01
9.02e-01
7.10e-01
-5.32e-01
8.37e-01
-8.99e-01
-7.99e-02
3.40e-01
-6.64e-01
6.05e-01
-8.07e-01
-5.35e-01
-2.30e-01
-2.24e-01
-9.27e-01
8.97e-01
-1.80e-01
-3.49e-01
3.20e-01
4.30e-01
4.97e-01
-5.40e-01
2.00e-01
-4.53e-03
4.23e-01
-5.98e-01
-7.80e-01
-9.63e-01
-5.53e-01
6.32e-03
-3.59e-01
6.93e-01
-2.29e-01
-6.90e-01
-9.86e-01
-2.65e-01
-4.69e-01
-2.68e-01
-1.66e-01
2.49e-01
2.05e-01
-1.66e-01
-5.80e-01
1.44e-02
-7.58e-02
9.37e-02
8.37e-01
7.97e-01
5.10e-01
-7.47e-01
8.77e-01
8.51e-01
5.94e-01
1.65e-01
-4.15e-01
-2.87e-01
-2.94e-01
2.43e-01
3.67e-01
-3.67e-01
2.98e-01
7.33e-01
8.97e-01
-4.02e-01
7.55e-01
-7.52e-01
5.19e-01
4.04e-01
5.66e-01
7.09e-01
6.56e-01
6.98e-01
3.72e-01
-6.76e-02
-2.26e-02
-9.98e-01
7.62e-01
2.90e-02
-9.28e-01
-6.02e-01
-7.29e-01
-5.87e-01
6.68e-01
6.72e-01
-2.66e-01
-9.34e-02
-8.14e-01
-4.32e-01
4.46e-01
7.25e-01
5.98e-01
-2.20e-01
4.07e-01
9.97e-01
-6.32e-01
-2.27e-01
7.85e-01
6.71e-01
-7.22e-01
-6.93e-01
-9.64e-01
-3.69e-01
3.47e-01
4.04e-01
