-9.17e-01
-8.58e-01
-8.68e-03
4.52e-01
-3.12e-02
5.26e-01
9.46e-01
-2.60e-01
-2.31e-01
-8.75e-01
6.34e-01
7.31e-01
-8.49e-01
3.43e-01
5.24e-01
7.27e-01
-1.34e-01
-8.54e-01
-3.99e-01
-3.31e-01
3.33e-01
2.29e-01
-3.32e-01
8.64e-01
1.22e-02
-5.99e-01
-3.89e-02
-1.29e-02
7.32e-01
7.23e-01
-5.85e-01
2.03e-03
-3.95e-01
-4.46e-01
-1.73e-01
-2.01e-01
-9.74e-01
5.53e-01
-7.62e-02
-4.23e-01
-1.21e-01
7.87e-01
5.19e-01
-8.56e-01
-8.25e-01
-7.29e-01
5.88e-01
8.54e-01
-4.71e-01
6.83e-03
5.40e-01
-7.94e-01
1.91e-01
-4.38e-01
9.82e-01
-1.23e-01
3.56e-01
7.13e-01
4.25e-01
-9.64e-01
9.25e-01
4.88e-01
-6.25e-01
3.55e-01
8.22e-02
-8.75e-01
-7.28e-01
6.80e-01
-6.26e-01
-6.78e-01
5.57e-01
-8.91e-01
-3.80e-01
3.29e-01
7.38e-01
-5.93e-01
2.91e-01
4.08e-01
7.98e-01
6.58e-02
-6.64e-01
2.77e-01
2.79e-01
3.18e-01
6.98e-01
-6.03e-01
-1.94e-01
4.75e-01
8.75e-01
2.36e-01
3.30e-01
1.89e-01
9.60e-01
-3.97e-01
-2.81e-01
7.33e-01
-3.95e-01
-8.23e-01
9.46e-01
2.55e-01
-5.66e-01
5.65e-01
-6.65e-01
-3.21e-01
-6.06e-01
4.32e-01
9.83e-01
-3.47e-01
-5.40e-01
-5.48e-01
3.43e-01
5.18e-01
-5.45e-01
-9.74e-01
-1.90e-01
5.44e-01
-1.81e-01
-7.57e-01
6.71e-01
-6.92e-01
8.64e-02
1.63e-01
6.86e-02
-6.42e-01
-9.21e-01
6.95e-01
7.18e-02
2.96e-01
2.53e-01
-5.21e-01
9.68e-01
3.25e-02
8.47e-01
-5.18e-01
-7.11e-01
6.60e-02
-7.07e-01
-9.66e-01
9.92e-01
8.12e-01
1.08e-01
-8.94e-01
-9.32e-01
-1.24e-01
-6.36e-01
-9.79e-01
8.96e-01
-1.94e-01
4.33e-01
-1.28e-01
-2.77e-01
7.27e-01
4.80e-01
-9.37e-01
7.50e-01
2.58e-01
6.06e-01
-1.08e-01
-7.45e-01
8.00e-01
1.92e-01
-6.12e-01
9.02e-01
7.10e-01
-5.32e-01
8.37e-01
-8.99e-01
-7.99e-02
3.40e-01
-6.64e-01
6.05e-01
-8.07e-01
-5.35e-01
-2.30e-01
-2.24e-01
-9.27e-01
8.97e-01
-1.80e-01
-3.49e-01
3.20e-01
4.30e-01
4.97e-01
-5.40e-01
2.00e-01
2.55e-01
-8.62e-02
3.68e-02
-2.09e-01
-2.91e-01
2.78e-01
1.28e-01
9.82e-01
6.58e-01
8.19e-01
-6.63e-02
-6.95e-01
-6.44e-01
-4.69e-01
-2.68e-01
-1.66e-01
2.49e-01
2.05e-01
-1.66e-01
-5.80e-01
1.44e-02
-7.58e-02
9.37e-02
8.37e-01
9.62e-01
5.10e-01
-7.47e-01
8.77e-01
8.51e-01
5.94e-01
1.65e-01
-4.15e-01
-4.85e-01
5.30e-02
5.91e-01
8.19e-01
-4.00e-01
5.37e-01
6.51e-01
5.29e-01
4.00e-01
4.38e-01
-5.78e-01
-2.67e-01
3.31e-01
9.93e-01
7.09e-01
3.78e-01
6.98e-01
3.72e-01
-6.76e-02
-2.26e-02
-9.98e-01
7.62e-01
2.90e-02
-9.28e-01
-6.02e-01
-5.23e-01
6.23e-01
7.44e-01
8.95e-01
-4.45e-01
-8.34e-01
-7.34e-01
7.92e-01
8.85e-01
2.32e-01
-9.05e-01
2.39e-01
9.53e-01
4.86e-01
-8.25e-01
6.66e-01
-4.31e-01
9.77e-01
-9.24e-01
-6.28e-03
8.12e-02
3.94e-01
6.55e-01
-7.65e-01
