-2.52e-01
-1.20e-01
-6.39e-01
2.99e-02
-1.40e-01
-4.27e-01
2.14e-02
7.15e-01
9.19e-02
3.84e-01
1.02e-01
-4.73e-01
5.78e-01
-1.34e-02
4.33e-01
8.08e-01
7.69e-01
2.44e-01
6.48e-02
1.82e-02
8.26e-01
9.39e-01
2.66e-01
7.98e-01
2.26e-01
-9.63e-01
-9.99e-01
1.02e-01
8.12e-01
-6.08e-01
9.87e-01
-2.25e-02
3.62e-01
-8.43e-01
2.01e-01
-2.49e-01
4.48e-01
-3.82e-01
7.59e-01
-7.09e-01
-4.43e-01
-6.78e-01
-5.18e-02
-6.46e-02
-4.53e-01
8.69e-01
-5.83e-02
7.56e-01
-2.90e-01
4.84e-01
1.22e-01
4.85e-02
-5.78e-01
-8.05e-01
4.36e-01
-5.68e-01
-6.42e-01
2.96e-01
-5.27e-01
8.36e-01
6.69e-02
-7.73e-01
-3.51e-01
-7.56e-01
-3.70e-01
8.15e-01
-8.74e-01
-8.99e-01
9.89e-01
6.54e-01
8.03e-01
-9.56e-01
6.49e-01
5.36e-01
3.97e-01
-8.90e-01
2.64e-01
9.31e-01
-8.03e-01
8.07e-03
3.35e-02
6.06e-01
-5.38e-01
9.43e-01
-5.37e-01
6.27e-01
-9.45e-01
-4.56e-01
-4.30e-01
-8.88e-02
-6.73e-01
2.12e-01
5.96e-01
-8.30e-01
-7.05e-02
-6.11e-01
6.60e-01
-1.46e-01
-8.12e-01
-7.37e-01
-1.12e-01
1.71e-02
-6.74e-01
8.08e-01
-4.93e-01
6.15e-01
7.48e-01
-7.39e-01
-1.20e-01
-3.86e-01
2.85e-01
4.90e-01
4.85e-01
1.12e-01
5.71e-01
-4.88e-01
-3.46e-02
-8.12e-01
-9.38e-01
-1.30e-01
-3.96e-01
-6.36e-01
2.00e-01
-1.42e-02
6.37e-02
4.13e-01
3.90e-01
2.76e-01
5.66e-01
-4.82e-01
-7.42e-01
7.51e-01
-8.90e-01
-9.76e-01
4.70e-01
-2.65e-02
3.55e-01
6.67e-01
9.15e-01
-4.60e-01
5.34e-01
8.98e-01
7.15e-01
-4.03e-02
-9.63e-01
7.82e-02
-3.33e-01
9.53e-01
2.54e-01
6.01e-01
4.64e-01
3.55e-01
7.70e-01
4.79e-01
9.49e-01
8.92e-01
-6.55e-01
3.64e-01
3.75e-01
-9.42e-01
-3.10e-01
-9.26e-01
-7.01e-01
-7.71e-01
-9.03e-01
8.04e-01
9.73e-02
-6.85e-01
3.60e-01
-1.46e-01
-5.03e-01
4.06e-01
9.06e-01
4.96e-01
8.53e-01
-3.93e-01
7.77e-01
-6.30e-01
5.34e-01
8.80e-02
-5.73e-01
9.43e-01
-5.79e-01
-5.46e-02
7.58e-01
-2.73e-01
-6.41e-01
-9.23e-01
6.27e-01
9.18e-01
6.20e-01
4.83e-01
-2.85e-01
-8.67e-01
-1.83e-01
-8.12e-02
-9.00e-01
4.81e-01
-5.22e-01
-2.14e-02
1.99e-01
1.64e-01
-4.06e-01
-8.71e-01
7.09e-02
6.93e-01
8.49e-01
6.16e-01
-3.85e-02
5.19e-02
-1.67e-01
-9.17e-01
2.74e-01
7.42e-01
-6.22e-02
-1.10e-01
-8.83e-01
5.06e-01
5.42e-02
-5.00e-02
-9.50e-01
1.71e-02
9.35e-01
-3.98e-01
8.95e-01
-1.43e-01
1.39e-01
9.49e-01
-5.12e-01
-9.91e-01
-4.50e-01
-8.77e-01
9.99e-01
2.17e-01
1.42e-01
-8.71e-01
-6.08e-01
-4.96e-01
3.20e-01
4.95e-01
-7.00e-01
-2.86e-01
4.70e-01
8.93e-01
-1.63e-01
5.41e-01
-3.51e-01
5.36e-01
3.09e-01
9.17e-01
-2.45e-01
6.40e-01
6.77e-01
6.00e-02
-1.20e-01
3.27e-01
-8.04e-01
-7.46e-01
-5.77e-01
1.83e-02
8.64e-01
8.27e-01
9.68e-01
2.40e-01
-5.87e-01
