8.64e-01
-7.89e-01
-1.34e-01
-2.98e-01
-1.92e-01
-4.18e-01
9.03e-01
-5.71e-01
3.23e-01
5.09e-01
1.07e-01
7.40e-01
-4.58e-01
4.46e-01
-5.17e-01
-6.66e-01
7.61e-01
1.95e-01
9.95e-01
7.24e-01
1.13e-03
4.27e-01
-7.18e-01
-9.04e-01
-2.85e-01
6.62e-01
-9.00e-01
-3.93e-01
9.19e-01
-2.52e-01
7.09e-02
1.97e-01
9.94e-01
-8.97e-01
4.33e-01
-6.81e-01
-7.02e-02
-2.97e-01
-8.44e-01
-8.26e-01
-6.65e-01
3.52e-01
8.84e-01
-8.63e-01
-7.34e-01
4.36e-02
1.17e-01
6.39e-01
8.34e-03
-4.20e-01
9.48e-01
6.31e-01
-9.10e-02
-9.04e-01
5.49e-01
-2.43e-01
1.32e-02
-9.22e-01
4.70e-02
3.01e-01
1.13e-01
-9.55e-01
8.47e-01
-4.85e-01
-6.24e-01
7.75e-01
8.93e-01
-3.59e-01
1.77e-01
-4.96e-02
8.13e-01
-3.53e-01
5.60e-01
-3.08e-01
-5.81e-01
5.85e-02
-1.12e-01
6.12e-01
2.80e-01
-6.86e-01
4.53e-01
-2.74e-01
2.53e-01
2.28e-01
5.61e-01
5.73e-01
4.48e-01
-2.93e-01
-5.24e-01
-2.57e-02
-5.04e-02
6.58e-01
-5.22e-01
1.61e-01
-6.58e-01
-6.93e-03
7.45e-01
2.62e-01
-5.03e-01
8.85e-01
9.39e-01
5.96e-01
9.19e-01
-8.37e-01
6.71e-01
5.06e-01
1.42e-01
5.11e-01
5.52e-01
-8.22e-03
9.90e-01
2.84e-01
-7.93e-01
6.32e-01
-6.17e-01
-8.74e-01
-6.45e-01
5.94e-01
8.63e-01
-9.87e-01
-2.66e-01
7.17e-01
9.02e-01
-2.02e-01
5.93e-01
-7.58e-01
-9.93e-01
4.89e-01
-4.94e-02
-7.26e-01
3.50e-01
-7.66e-01
-8.11e-01
-2.97e-01
-1.11e-01
1.73e-01
2.23e-01
-6.00e-01
1.82e-01
-3.17e-01
8.06e-01
3.45e-01
6.65e-01
4.47e-02
5.66e-01
-8.92e-01
-6.64e-01
9.25e-01
3.59e-01
7.50e-01
6.39e-01
5.49e-02
-6.59e-01
-8.50e-02
4.04e-01
-7.74e-01
-3.54e-02
7.81e-02
-3.58e-01
2.32e-01
4.55e-02
-6.90e-02
1.04e-01
-3.60e-01
-3.26e-01
-4.42e-01
2.63e-01
-8.59e-01
3.93e-01
1.18e-01
2.24e-01
-3.66e-01
1.99e-01
5.76e-01
-3.31e-01
2.78e-01
-3.60e-02
1.43e-01
5.51e-02
-6.57e-01
-4.79e-01
-8.24e-01
1.21e-01
2.20e-01
6.49e-01
-4.96e-01
-8.81e-02
-8.33e-01
-8.43e-01
-1.55e-01
-7.90e-02
-7.53e-01
-5.01e-01
4.43e-01
9.07e-01
1.33e-01
-9.25e-01
2.51e-01
7.29e-01
-7.95e-01
-1.23e-01
-3.59e-02
1.52e-02
-9.84e-02
9.15e-01
-7.18e-01
-1.32e-01
-4.59e-01
-9.26e-01
2.87e-02
2.86e-01
-8.37e-01
9.92e-01
9.69e-01
-8.31e-01
-8.32e-01
3.98e-01
4.36e-01
-2.90e-01
-3.59e-01
-2.67e-01
8.06e-01
-1.68e-01
3.27e-01
-8.91e-01
-6.13e-01
9.52e-01
8.78e-01
2.43e-01
6.37e-01
1.57e-01
-9.11e-01
2.48e-01
-4.32e-01
-7.62e-01
-3.46e-01
-8.08e-01
7.26e-01
3.52e-02
7.60e-01
8.58e-01
9.48e-01
4.78e-01
-4.25e-01
7.67e-01
-4.91e-01
-7.58e-01
-6.81e-01
8.37e-01
-2.59e-01
-7.59e-01
-4.39e-01
-2.03e-01
-2.95e-01
1.78e-01
2.93e-01
-7.19e-01
-7.26e-02
1.57e-01
8.14e-01
-3.12e-01
-2.74e-01
1.81e-01
9.49e-01
3.97e-01
