-7.17e-01
-1.24e-01
1.57e-01
-6.55e-01
8.47e-01
-4.54e-01
-1.09e-01
6.43e-01
3.70e-01
4.50e-01
-7.57e-01
3.78e-01
8.78e-01
-2.23e-01
7.92e-01
-3.37e-01
-1.73e-01
-1.91e-01
9.07e-01
-5.30e-02
-7.64e-01
2.27e-01
-6.11e-01
7.98e-01
2.26e-01
-9.63e-01
-9.99e-01
7.13e-01
-3.47e-01
-8.80e-01
8.14e-01
-3.26e-01
-8.70e-01
-2.69e-01
-9.19e-01
6.69e-01
5.00e-01
-7.41e-01
3.18e-01
-8.29e-01
7.51e-01
-5.97e-01
-3.90e-01
2.07e-01
-3.40e-01
4.26e-01
7.14e-01
-5.00e-01
-2.71e-01
6.59e-01
-2.49e-01
1.26e-01
-3.26e-01
-1.37e-01
-1.24e-01
2.68e-01
-4.31e-01
-3.70e-01
5.11e-01
8.23e-01
9.99e-01
8.70e-02
-2.79e-01
7.53e-01
-9.24e-01
7.80e-01
5.05e-01
3.25e-02
-5.62e-01
1.66e-02
-7.22e-01
-5.08e-01
-8.06e-01
2.01e-01
-1.82e-01
-7.67e-01
8.94e-01
-4.79e-01
8.61e-01
-8.23e-02
-6.63e-01
6.43e-01
-4.28e-01
8.09e-01
-6.83e-01
7.41e-01
4.13e-01
7.46e-01
8.59e-01
7.04e-01
-1.92e-01
8.65e-02
-2.68e-01
-4.45e-02
-4.90e-01
9.27e-01
3.41e-01
-1.55e-01
-4.66e-01
-7.71e-01
2.88e-01
-1.64e-02
2.05e-01
9.64e-01
-7.28e-01
5.63e-01
-9.42e-01
6.47e-01
9.45e-01
4.06e-01
-9.60e-01
-9.11e-01
1.82e-01
-3.25e-01
-4.95e-01
-2.64e-01
8.45e-01
4.94e-01
-2.67e-01
-8.31e-01
2.25e-01
3.03e-01
6.94e-01
-9.59e-01
-9.75e-01
-4.68e-01
-6.59e-01
7.84e-01
-2.48e-01
-1.66e-01
-4.64e-01
1.37e-01
2.15e-01
4.66e-01
7.36e-01
-6.40e-01
4.42e-01
6.61e-02
7.35e-01
3.94e-01
-5.85e-01
-1.21e-01
-7.89e-01
8.19e-02
1.92e-01
-9.70e-01
7.26e-01
8.85e-02
6.89e-01
9.68e-01
8.94e-01
-2.28e-01
-2.38e-01
5.02e-01
3.24e-02
-2.32e-02
-1.90e-01
-7.70e-01
8.19e-02
3.99e-01
7.98e-01
4.19e-01
-1.24e-01
7.90e-01
-3.01e-02
-3.86e-01
7.51e-01
6.66e-02
4.34e-02
4.55e-02
1.66e-01
1.25e-01
-1.75e-01
7.28e-01
4.75e-01
7.53e-01
-5.70e-01
-5.15e-01
-4.19e-01
4.70e-01
4.98e-01
9.66e-01
-4.18e-01
3.34e-01
1.40e-01
-8.72e-01
-3.41e-01
-7.55e-02
-5.74e-01
3.50e-01
-4.52e-01
-6.11e-02
-6.88e-01
7.87e-01
-3.49e-01
-2.13e-02
-8.05e-01
6.13e-02
-9.90e-01
-1.51e-01
6.07e-01
8.85e-01
8.02e-01
-2.48e-01
-9.03e-01
1.17e-01
-3.96e-01
6.61e-01
2.22e-01
9.82e-01
-9.06e-01
-2.02e-01
-8.79e-01
2.67e-01
4.22e-01
2.91e-01
8.96e-01
8.11e-01
4.14e-01
5.17e-01
6.10e-01
4.61e-01
8.95e-01
-7.21e-01
5.65e-01
-3.98e-01
-1.02e-01
3.48e-01
5.64e-01
7.53e-03
-4.42e-01
4.12e-01
-5.46e-02
8.49e-01
-1.91e-01
-7.11e-01
5.02e-02
7.31e-01
9.22e-01
-6.27e-01
4.59e-02
-9.95e-01
2.27e-01
9.55e-01
-4.08e-01
-6.56e-01
-9.25e-01
-5.11e-01
-6.45e-01
9.10e-01
-9.28e-01
-8.77e-01
2.20e-01
-1.37e-01
-9.52e-01
-7.86e-01
-5.03e-01
-9.12e-01
-6.37e-02
-4.79e-01
7.08e-01
5.99e-01
7.56e-01
7.75e-01
3.82e-01
