-7.89e-01
-1.17e-01
-2.41e-01
1.40e-01
-3.18e-01
-3.77e-01
2.29e-01
-9.45e-01
-7.11e-01
-8.47e-01
6.41e-01
6.70e-01
6.27e-01
8.07e-01
3.35e-01
-5.66e-01
-5.96e-01
-8.24e-01
-7.77e-02
-6.95e-02
7.86e-01
6.16e-01
9.76e-01
2.38e-01
-1.84e-01
6.84e-01
1.63e-01
-8.44e-01
-2.11e-01
1.24e-01
7.41e-01
6.65e-01
-4.27e-01
-8.54e-01
6.13e-01
4.91e-01
5.00e-01
-7.41e-01
7.45e-01
5.40e-01
-7.45e-01
-7.08e-01
5.68e-01
6.27e-01
4.89e-01
4.36e-02
1.17e-01
6.39e-01
-2.71e-01
6.59e-01
-2.49e-01
1.26e-01
-3.26e-01
-1.37e-01
-1.24e-01
2.68e-01
-4.31e-01
-3.70e-01
5.11e-01
8.23e-01
9.99e-01
8.70e-02
-2.79e-01
7.53e-01
-9.24e-01
7.80e-01
5.05e-01
8.22e-01
-3.87e-01
-6.58e-01
1.29e-01
2.53e-02
4.24e-01
2.30e-01
7.90e-01
2.59e-01
-7.08e-01
4.22e-02
4.76e-01
-9.27e-01
4.60e-01
1.79e-01
2.00e-02
-2.00e-01
-2.09e-01
3.97e-01
8.22e-01
6.73e-01
-7.74e-01
6.73e-01
-1.35e-01
-5.68e-01
-8.13e-01
5.85e-01
2.79e-02
7.29e-01
1.26e-01
-6.53e-01
3.02e-01
-3.37e-01
1.09e-01
-2.82e-01
-7.13e-01
-9.99e-01
3.12e-01
3.67e-01
-1.37e-01
-7.39e-01
-1.20e-01
-3.86e-01
9.49e-02
4.90e-01
4.85e-01
1.12e-01
-7.88e-01
7.28e-01
-4.11e-02
9.75e-01
8.17e-02
-7.09e-01
-6.62e-01
-1.74e-01
-2.82e-01
6.54e-01
3.48e-02
-5.47e-01
-6.28e-01
-1.87e-02
4.09e-01
3.47e-01
-3.68e-01
4.79e-01
-4.19e-01
-9.14e-01
-6.37e-01
-2.65e-02
3.55e-01
6.61e-02
7.35e-01
3.94e-01
-5.85e-01
-1.21e-01
-7.89e-01
8.19e-02
1.92e-01
-9.70e-01
8.73e-01
-9.30e-01
-1.07e-01
6.05e-01
-4.68e-01
-4.62e-01
-1.47e-01
9.86e-01
9.94e-01
1.79e-01
-2.13e-01
2.76e-01
-1.22e-01
-4.65e-01
7.98e-01
4.19e-01
-1.24e-01
7.90e-01
-3.01e-02
5.20e-01
7.51e-01
6.66e-02
4.34e-02
4.55e-02
1.66e-01
-8.57e-02
-1.75e-01
8.07e-01
4.75e-01
7.53e-01
-5.70e-01
-5.15e-01
-4.19e-01
4.70e-01
4.98e-01
9.66e-01
-3.55e-01
4.80e-01
-6.35e-01
-5.27e-01
-4.67e-01
-9.36e-01
3.80e-01
4.44e-01
-4.52e-01
-6.11e-02
-6.88e-01
7.87e-01
-3.49e-01
-2.13e-02
-8.05e-01
8.21e-01
-6.76e-01
7.26e-01
2.30e-01
1.93e-01
-9.30e-01
8.82e-01
-9.03e-01
-2.68e-01
-7.29e-01
-9.39e-01
8.92e-01
9.76e-01
-9.79e-01
-6.56e-01
-3.63e-01
-4.11e-01
6.02e-01
2.91e-01
8.96e-01
8.11e-01
-6.30e-01
6.62e-01
6.32e-01
3.78e-01
1.83e-01
5.98e-01
-9.23e-01
-6.75e-01
-4.90e-01
6.40e-01
7.37e-02
8.28e-01
-1.85e-01
-2.73e-01
6.66e-01
-2.91e-02
1.42e-01
-8.71e-01
-6.08e-01
-4.96e-01
3.20e-01
4.95e-01
-7.00e-01
-2.86e-01
4.70e-01
8.93e-01
-1.63e-01
5.41e-01
-3.51e-01
5.36e-01
3.09e-01
9.17e-01
-2.45e-01
8.22e-02
6.77e-01
6.00e-02
-1.20e-01
3.27e-01
3.56e-01
3.97e-01
-6.22e-01
7.84e-01
-1.84e-01
4.39e-01
-5.30e-01
1.43e-01
-1.80e-01
