8.59e-01
2.78e-01
6.88e-01
-9.45e-02
1.89e-02
5.36e-01
7.68e-01
-2.78e-01
6.96e-04
8.25e-01
9.49e-01
2.57e-01
1.22e-01
2.11e-01
3.68e-01
-9.68e-02
7.61e-01
1.53e-01
2.63e-01
-1.42e-01
-6.17e-02
-5.22e-01
5.75e-01
7.98e-01
2.26e-01
-9.63e-01
-9.99e-01
4.79e-01
8.12e-01
-6.08e-01
9.87e-01
-2.25e-02
3.62e-01
-8.54e-01
6.13e-01
4.91e-01
5.00e-01
-7.41e-01
3.18e-01
-8.29e-01
7.51e-01
-5.97e-01
-3.90e-01
2.07e-01
-3.40e-01
4.26e-01
7.14e-01
-5.00e-01
-2.71e-01
6.59e-01
-2.49e-01
1.26e-01
-3.26e-01
-1.37e-01
-1.24e-01
-5.68e-01
-6.42e-01
2.96e-01
-5.27e-01
8.36e-01
6.69e-02
-7.73e-01
-3.51e-01
-7.56e-01
-3.70e-01
8.15e-01
-8.74e-01
-8.99e-01
9.89e-01
6.54e-01
8.03e-01
-9.56e-01
6.49e-01
5.36e-01
3.97e-01
-8.90e-01
2.64e-01
9.31e-01
-8.03e-01
8.07e-03
4.60e-01
1.79e-01
2.00e-02
-2.00e-01
-6.83e-01
7.41e-01
4.13e-01
7.46e-01
-7.74e-01
6.73e-01
-1.35e-01
-5.68e-01
-8.13e-01
5.85e-01
2.79e-02
7.29e-01
3.41e-01
-1.55e-01
-4.66e-01
-7.71e-01
2.88e-01
-2.82e-01
-7.13e-01
-9.99e-01
3.12e-01
3.67e-01
-1.37e-01
-7.39e-01
-1.20e-01
-3.86e-01
2.85e-01
4.90e-01
4.85e-01
1.12e-01
-7.88e-01
8.07e-01
-4.11e-02
9.75e-01
3.24e-02
-7.09e-01
7.62e-02
-6.36e-01
6.94e-01
-9.59e-01
9.22e-01
-4.68e-01
-6.59e-01
2.76e-01
5.66e-01
-4.82e-01
-7.42e-01
7.51e-01
-8.90e-01
-9.76e-01
4.70e-01
-2.65e-02
3.55e-01
6.61e-02
7.35e-01
3.94e-01
-5.85e-01
-1.21e-01
-7.89e-01
8.19e-02
1.92e-01
-9.70e-01
8.73e-01
-9.30e-01
-1.07e-01
6.05e-01
-4.68e-01
-4.62e-01
-1.47e-01
9.86e-01
9.94e-01
1.79e-01
-1.90e-01
-7.70e-01
8.19e-02
3.99e-01
7.98e-01
4.19e-01
-1.24e-01
7.90e-01
-3.01e-02
-9.03e-01
7.51e-01
6.66e-02
4.34e-02
4.55e-02
1.66e-01
1.25e-01
-1.75e-01
7.28e-01
4.75e-01
7.53e-01
-5.70e-01
-5.15e-01
-4.19e-01
4.70e-01
4.98e-01
9.66e-01
-4.18e-01
3.34e-01
1.40e-01
-5.27e-01
-4.67e-01
-9.36e-01
3.80e-01
4.44e-01
-4.52e-01
-6.11e-02
-6.88e-01
7.87e-01
-3.49e-01
2.54e-01
-8.05e-01
8.21e-01
-6.76e-01
7.26e-01
2.30e-01
1.93e-01
-9.30e-01
-2.86e-01
-8.82e-01
6.55e-01
-7.29e-01
-9.39e-01
8.92e-01
2.59e-01
-9.79e-01
-6.56e-01
-3.63e-01
-4.11e-01
6.02e-01
2.91e-01
8.96e-01
8.11e-01
-6.30e-01
6.62e-01
6.32e-01
3.78e-01
1.83e-01
-3.98e-01
8.95e-01
-1.43e-01
1.39e-01
9.49e-01
-5.12e-01
-9.91e-01
3.27e-01
-8.77e-01
1.12e-01
2.17e-01
1.42e-01
-8.71e-01
-6.08e-01
-4.96e-01
3.20e-01
4.95e-01
-7.00e-01
-2.86e-01
4.70e-01
8.93e-01
-1.63e-01
5.41e-01
-3.51e-01
5.26e-01
3.09e-01
9.17e-01
-2.45e-01
8.22e-02
6.77e-01
6.00e-02
-1.20e-01
3.27e-01
3.56e-01
3.97e-01
-6.22e-01
-4.79e-01
7.08e-01
5.99e-01
7.56e-01
7.75e-01
3.82e-01
