-7.54e-01
-8.75e-01
-1.06e-01
-2.73e-01
-4.69e-01
-3.77e-01
2.29e-01
-9.45e-01
-7.11e-01
-8.47e-01
6.41e-01
6.70e-01
6.27e-01
8.07e-01
3.35e-01
-5.66e-01
-5.96e-01
3.80e-01
-7.77e-02
-6.95e-02
7.86e-01
6.16e-01
9.76e-01
2.38e-01
-1.84e-01
6.84e-01
1.63e-01
-8.44e-01
-2.11e-01
1.24e-01
7.41e-01
6.65e-01
-4.27e-01
-8.54e-01
6.13e-01
4.91e-01
5.00e-01
-7.41e-01
4.98e-02
2.94e-01
2.67e-01
7.73e-01
-5.69e-01
6.29e-02
-5.20e-01
2.99e-01
7.14e-01
-5.00e-01
-2.71e-01
6.59e-01
-2.49e-01
1.26e-01
-3.26e-01
-1.37e-01
-1.24e-01
2.68e-01
-9.99e-01
-3.70e-01
5.11e-01
8.23e-01
9.99e-01
8.70e-02
-2.79e-01
7.53e-01
-9.24e-01
7.80e-01
5.05e-01
8.22e-01
-3.87e-01
-6.58e-01
1.29e-01
2.53e-02
4.24e-01
2.30e-01
7.90e-01
2.59e-01
-7.08e-01
4.22e-02
4.76e-01
-9.27e-01
4.60e-01
1.79e-01
2.00e-02
-2.00e-01
-2.09e-01
3.97e-01
8.22e-01
6.73e-01
-7.74e-01
6.73e-01
-1.35e-01
-5.68e-01
-8.13e-01
5.85e-01
2.79e-02
7.29e-01
1.26e-01
-6.53e-01
3.02e-01
-3.37e-01
1.09e-01
-2.82e-01
-7.13e-01
-4.31e-01
3.12e-01
3.67e-01
-1.37e-01
1.20e-01
1.60e-01
-1.73e-01
-9.69e-01
-1.66e-01
-6.87e-01
1.48e-01
2.31e-01
-6.91e-02
9.55e-01
1.90e-01
-2.48e-01
-4.93e-01
5.42e-01
-8.56e-01
-6.94e-02
3.70e-01
-1.09e-01
7.86e-01
9.81e-01
4.71e-02
-4.30e-01
7.75e-01
3.96e-01
-6.79e-01
9.10e-01
-7.34e-01
1.13e-01
7.15e-01
-7.56e-02
9.90e-01
-2.43e-01
3.35e-01
8.45e-03
2.54e-01
-8.64e-01
-4.26e-01
1.78e-01
5.36e-01
9.30e-01
-6.99e-01
-5.66e-01
4.55e-01
2.34e-01
1.14e-01
-9.98e-01
2.45e-01
7.16e-02
8.10e-01
8.41e-02
-3.88e-01
-2.11e-01
-4.40e-01
5.66e-01
-5.10e-01
6.35e-01
9.72e-02
-8.99e-01
-3.82e-01
-1.96e-01
-3.60e-01
-9.99e-01
4.53e-01
8.01e-01
-3.99e-01
-1.47e-01
-6.92e-01
-6.85e-01
6.81e-01
2.93e-01
1.11e-01
5.91e-01
4.63e-01
-6.54e-01
4.58e-02
5.76e-01
4.80e-01
-6.35e-01
-5.27e-01
-4.67e-01
-9.36e-01
-8.24e-01
4.44e-01
-4.52e-01
-6.11e-02
-6.88e-01
7.87e-01
-3.49e-01
-2.13e-02
-8.05e-01
8.21e-01
-6.76e-01
7.26e-01
2.30e-01
1.93e-01
-9.30e-01
8.82e-01
-9.03e-01
1.17e-01
-3.96e-01
6.61e-01
2.22e-01
9.82e-01
-9.06e-01
-2.02e-01
-8.79e-01
2.67e-01
4.22e-01
2.91e-01
8.96e-01
8.11e-01
-6.30e-01
6.62e-01
6.32e-01
3.78e-01
1.83e-01
5.98e-01
-9.23e-01
-6.75e-01
-4.90e-01
6.40e-01
7.37e-02
8.28e-01
-1.85e-01
-2.73e-01
6.66e-01
-2.91e-02
4.18e-01
9.87e-01
-1.68e-01
1.80e-01
-2.97e-01
-3.50e-01
-8.41e-01
-7.11e-01
5.53e-01
4.54e-01
4.59e-01
6.06e-01
-3.30e-01
-3.95e-01
8.11e-01
4.88e-01
2.60e-01
-4.41e-01
4.52e-01
-6.32e-01
-4.84e-01
5.67e-01
4.32e-01
4.72e-01
-1.34e-01
7.73e-01
7.86e-02
6.75e-01
3.19e-01
-7.26e-01
6.87e-01
