-7.54e-01
-8.75e-01
1.57e-01
-6.55e-01
8.47e-01
-3.77e-01
2.29e-01
-9.45e-01
-7.11e-01
-8.47e-01
6.41e-01
6.70e-01
6.27e-01
8.07e-01
3.35e-01
-5.66e-01
-5.96e-01
-8.24e-01
-7.77e-02
-6.95e-02
7.86e-01
6.16e-01
2.38e-01
9.76e-01
-1.84e-01
6.84e-01
1.63e-01
-8.44e-01
-2.11e-01
1.24e-01
7.41e-01
6.65e-01
-4.27e-01
-8.54e-01
6.13e-01
4.91e-01
5.00e-01
-3.82e-01
1.01e-01
-2.89e-02
8.70e-01
3.45e-02
-3.90e-01
2.07e-01
-9.05e-01
4.26e-01
7.14e-01
-5.00e-01
-2.71e-01
6.59e-01
-2.49e-01
1.26e-01
-3.26e-01
-1.37e-01
-1.24e-01
2.68e-01
-3.78e-01
-3.70e-01
5.11e-01
8.23e-01
9.99e-01
8.70e-02
-2.79e-01
7.53e-01
-9.24e-01
7.80e-01
-8.74e-01
-8.99e-01
9.89e-01
1.66e-02
-7.22e-01
-5.08e-01
-8.06e-01
2.01e-01
-1.82e-01
-7.67e-01
8.94e-01
-4.79e-01
-5.15e-01
-4.28e-01
-6.05e-01
-6.09e-01
-7.79e-01
3.64e-02
-6.83e-01
7.41e-01
4.13e-01
7.46e-01
8.59e-01
7.04e-01
-1.92e-01
8.65e-02
-2.68e-01
-4.45e-02
-4.90e-01
9.27e-01
3.41e-01
-1.55e-01
-4.66e-01
-7.71e-01
2.88e-01
-1.64e-02
2.05e-01
-9.99e-01
3.12e-01
5.06e-01
-1.37e-01
-7.39e-01
-1.20e-01
-3.86e-01
2.85e-01
4.90e-01
4.85e-01
1.12e-01
-7.88e-01
8.07e-01
-4.11e-02
9.75e-01
8.17e-02
-7.09e-01
7.62e-02
-6.36e-01
6.94e-01
-9.59e-01
9.22e-01
-4.68e-01
-6.59e-01
2.76e-01
5.66e-01
-4.82e-01
-7.42e-01
7.51e-01
-8.90e-01
-9.76e-01
-5.02e-01
-6.40e-01
4.42e-01
2.79e-01
-9.86e-01
3.94e-01
-5.85e-01
-1.21e-01
4.01e-01
-9.78e-01
5.81e-01
2.35e-01
3.18e-01
3.35e-01
2.54e-01
2.59e-01
-6.09e-01
-4.62e-01
-1.47e-01
7.14e-01
-1.63e-01
1.79e-01
-2.13e-01
2.76e-01
-1.22e-01
-4.65e-01
5.49e-01
-8.74e-01
-8.49e-01
4.57e-01
-2.97e-01
4.36e-01
-4.58e-01
6.21e-01
-3.78e-01
-3.51e-01
-4.52e-01
-3.78e-01
9.78e-01
1.68e-01
4.36e-01
-9.70e-01
4.71e-01
-5.15e-01
-4.19e-01
4.70e-01
4.98e-01
-1.92e-01
-4.18e-01
3.34e-01
1.40e-01
-8.72e-01
-3.41e-01
-7.55e-02
-5.74e-01
3.50e-01
6.20e-01
5.33e-01
1.51e-01
-6.14e-01
8.26e-01
-3.13e-01
8.21e-01
6.13e-02
-9.90e-01
-1.51e-01
6.07e-01
8.85e-01
8.02e-01
-2.48e-01
-2.27e-01
-5.35e-01
4.72e-02
7.74e-01
-2.38e-01
2.27e-01
-4.11e-01
-2.56e-01
-3.55e-01
3.19e-01
6.02e-01
2.91e-01
8.96e-01
8.11e-01
-6.30e-01
6.62e-01
1.93e-01
3.78e-01
1.83e-01
5.98e-01
-9.23e-01
-6.75e-01
-5.08e-01
6.40e-01
7.37e-02
8.28e-01
-1.85e-01
-2.73e-01
6.66e-01
-2.91e-02
1.42e-01
3.75e-01
-6.08e-01
-4.96e-01
3.20e-01
4.95e-01
-7.00e-01
-2.86e-01
5.36e-01
8.93e-01
9.94e-01
5.41e-01
-3.51e-01
-5.10e-01
3.09e-01
9.17e-01
-2.45e-01
8.22e-02
6.77e-01
6.00e-02
-1.20e-01
3.27e-01
3.56e-01
4.58e-01
6.68e-01
-2.65e-01
-4.53e-01
6.36e-01
7.77e-01
1.43e-01
-1.80e-01
