8.59e-01
2.78e-01
6.88e-01
-9.45e-02
1.89e-02
5.26e-01
7.68e-01
-2.78e-01
6.96e-04
8.25e-01
9.49e-01
2.57e-01
1.22e-01
2.11e-01
3.68e-01
3.34e-02
-7.27e-01
9.97e-02
-2.58e-01
6.05e-01
-7.72e-01
-6.74e-01
6.43e-02
7.98e-01
2.26e-01
-9.63e-01
-9.99e-01
1.02e-01
8.12e-01
-6.08e-01
9.87e-01
-2.25e-02
3.62e-01
-8.43e-01
2.01e-01
-2.49e-01
4.48e-01
-3.82e-01
1.01e-01
-2.89e-02
1.01e-01
-2.55e-01
-5.67e-01
2.29e-01
-9.05e-01
3.85e-01
-5.83e-02
7.56e-01
-2.90e-01
4.84e-01
1.22e-01
4.85e-02
-5.78e-01
-8.05e-01
4.36e-01
-5.68e-01
-6.42e-01
2.96e-01
-5.27e-01
8.36e-01
6.69e-02
-7.73e-01
-3.51e-01
-7.56e-01
-3.70e-01
8.15e-01
-8.74e-01
-8.99e-01
9.89e-01
6.54e-01
8.03e-01
-9.56e-01
6.49e-01
5.36e-01
3.97e-01
-8.90e-01
2.64e-01
9.31e-01
-8.03e-01
8.07e-03
3.35e-02
6.06e-01
-9.03e-01
1.62e-01
4.66e-01
-9.46e-01
5.35e-01
6.85e-01
-5.17e-01
-4.07e-01
7.87e-01
-6.85e-01
7.74e-01
-4.46e-01
-7.05e-02
-6.11e-01
6.60e-01
-2.29e-01
4.36e-01
3.03e-03
9.26e-01
5.27e-01
9.83e-01
1.81e-01
4.83e-01
1.87e-01
-1.46e-01
3.16e-02
-8.81e-01
-6.58e-01
9.49e-02
-1.42e-01
8.33e-01
3.98e-01
3.06e-01
-8.55e-01
-4.11e-02
9.75e-01
8.17e-02
-4.93e-01
5.42e-01
-8.56e-01
-6.94e-02
3.70e-01
-1.09e-01
7.86e-01
9.81e-01
4.71e-02
-4.30e-01
7.75e-01
-7.42e-01
6.94e-01
3.94e-01
-3.70e-01
-5.02e-01
-1.54e-01
8.68e-02
2.79e-01
-9.86e-01
9.26e-01
4.88e-01
4.04e-02
-7.74e-02
8.03e-01
-5.34e-01
-5.71e-01
7.26e-01
8.85e-02
-4.10e-01
6.01e-01
4.64e-01
3.55e-01
7.70e-01
4.79e-01
9.49e-01
8.92e-01
-6.55e-01
3.64e-01
3.75e-01
-9.42e-01
-3.10e-01
-9.26e-01
-7.01e-01
-7.71e-01
-3.53e-01
8.04e-01
9.73e-02
-6.85e-01
3.60e-01
-1.46e-01
-4.52e-01
-9.41e-01
-1.75e-01
7.28e-01
4.75e-01
7.53e-01
-5.70e-01
-5.15e-01
-4.19e-01
4.70e-01
4.98e-01
9.66e-01
-4.18e-01
3.34e-01
1.40e-01
-8.72e-01
-3.41e-01
-7.55e-02
-5.74e-01
3.50e-01
6.20e-01
5.33e-01
1.51e-01
-6.14e-01
8.26e-01
-3.13e-01
7.37e-01
-9.23e-01
1.59e-01
8.85e-01
-5.18e-01
-3.36e-01
1.37e-03
-2.90e-01
-7.23e-01
-8.66e-01
1.01e-01
-7.31e-01
-2.38e-01
2.27e-01
-4.11e-01
-2.56e-01
-3.55e-01
3.19e-01
7.95e-01
-5.48e-01
2.02e-01
2.51e-01
8.32e-01
6.08e-01
-6.49e-01
-8.93e-01
-1.25e-01
-3.98e-01
8.95e-01
-1.43e-01
1.39e-01
9.49e-01
-5.12e-01
-9.91e-01
3.27e-01
-8.77e-01
9.99e-01
2.17e-01
1.42e-01
-8.71e-01
-6.08e-01
-4.96e-01
3.20e-01
4.95e-01
-7.00e-01
-2.86e-01
4.70e-01
8.93e-01
-1.63e-01
5.41e-01
-3.51e-01
5.36e-01
3.09e-01
9.17e-01
-2.45e-01
6.40e-01
6.77e-01
6.00e-02
-1.20e-01
-4.50e-01
-8.04e-01
-7.46e-01
-5.77e-01
1.83e-02
8.64e-01
8.27e-01
9.68e-01
2.40e-01
-5.87e-01
