2.90e-01
1.26e-02
-3.07e-01
8.89e-01
6.49e-01
-8.34e-01
4.72e-02
-9.99e-01
-2.76e-01
4.50e-01
-5.48e-02
-2.56e-01
7.26e-01
-1.35e-01
8.75e-01
-4.03e-03
6.06e-01
2.79e-01
-3.08e-01
-6.97e-01
-7.44e-01
-3.56e-02
-3.35e-01
3.80e-01
-1.79e-01
6.19e-01
6.40e-01
8.25e-01
-1.01e-01
1.21e-01
-1.00e-01
3.71e-01
-5.71e-01
3.73e-02
9.30e-01
-7.34e-01
2.37e-01
6.28e-01
-8.19e-01
-4.85e-01
-4.47e-01
3.52e-01
-5.51e-01
5.35e-01
1.46e-01
-7.05e-01
3.15e-01
-8.43e-01
-2.01e-01
2.71e-02
9.40e-01
-8.32e-01
1.79e-01
-2.18e-02
1.65e-01
-3.17e-02
2.53e-01
-8.71e-03
-9.00e-01
-3.00e-01
8.18e-02
2.44e-01
1.30e-01
-6.25e-01
1.76e-01
-1.73e-02
2.64e-01
9.57e-01
5.26e-01
-3.86e-01
2.37e-01
-8.55e-01
5.39e-01
-1.23e-01
-3.97e-01
9.91e-01
1.36e-02
4.07e-01
8.61e-01
-8.23e-02
-6.63e-01
6.43e-01
-4.28e-01
8.09e-01
-6.12e-01
-8.20e-01
8.31e-01
-3.25e-01
-4.45e-01
3.00e-01
6.90e-01
3.14e-01
-5.22e-01
1.61e-01
-6.58e-01
-6.93e-03
7.45e-01
-6.53e-01
-5.03e-01
8.85e-01
1.62e-01
8.66e-01
1.75e-01
-9.46e-01
-2.12e-02
-7.22e-02
-6.74e-01
8.73e-01
3.45e-01
-6.58e-01
9.49e-02
8.73e-01
6.26e-01
-7.77e-01
-7.88e-01
8.07e-01
-4.11e-02
9.75e-01
8.17e-02
-7.09e-01
7.62e-02
-7.23e-01
9.64e-02
-2.02e-01
5.93e-01
-7.58e-01
-9.93e-01
4.89e-01
-4.94e-02
-1.86e-02
-5.17e-02
6.94e-01
3.94e-01
-3.70e-01
-5.02e-01
-1.54e-01
8.68e-02
2.79e-01
-9.86e-01
9.26e-01
4.88e-01
4.04e-02
-7.74e-02
8.03e-01
-5.34e-01
-5.71e-01
7.26e-01
8.85e-02
6.89e-01
9.68e-01
8.94e-01
-2.28e-01
-2.38e-01
5.02e-01
3.24e-02
-2.32e-02
-1.90e-01
-7.70e-01
8.19e-02
3.99e-01
7.98e-01
4.19e-01
-1.24e-01
7.90e-01
-3.01e-02
5.20e-01
7.51e-01
6.66e-02
4.34e-02
4.55e-02
1.66e-01
-8.57e-02
-1.75e-01
7.28e-01
4.75e-01
7.53e-01
-5.70e-01
-5.15e-01
-4.19e-01
4.70e-01
4.98e-01
9.66e-01
-4.18e-01
3.34e-01
1.40e-01
-8.72e-01
-3.41e-01
-7.55e-02
-5.74e-01
3.50e-01
6.20e-01
5.33e-01
3.25e-01
-7.09e-01
3.75e-01
4.17e-01
-4.40e-01
-9.23e-01
1.59e-01
8.85e-01
-5.18e-01
-3.36e-01
1.37e-03
-2.90e-01
-7.23e-01
-8.66e-01
1.01e-01
-7.31e-01
-2.38e-01
2.27e-01
-4.11e-01
-2.56e-01
-3.55e-01
3.19e-01
7.95e-01
-5.48e-01
2.02e-01
2.51e-01
8.32e-01
6.08e-01
-6.49e-01
-8.93e-01
-1.25e-01
9.76e-01
8.93e-01
-9.69e-01
-7.37e-01
-6.93e-01
9.31e-01
-4.35e-01
-6.87e-01
3.72e-02
1.87e-01
-5.06e-01
4.63e-01
5.12e-01
-8.05e-01
2.63e-01
3.29e-01
-6.89e-01
3.72e-01
-7.80e-01
8.40e-01
-4.93e-01
5.28e-01
-6.65e-01
3.49e-01
1.25e-01
9.06e-01
-5.39e-01
5.00e-01
9.67e-01
-2.07e-01
7.68e-01
5.49e-01
8.18e-01
-7.69e-01
-9.12e-01
-6.37e-02
-4.79e-01
7.08e-01
5.99e-01
7.56e-01
7.75e-01
3.82e-01
