9.34e-02
3.20e-01
4.56e-01
9.89e-01
5.45e-01
-1.43e-01
6.79e-01
-2.07e-01
6.60e-01
9.32e-01
9.15e-02
-3.60e-01
9.68e-01
-3.10e-01
2.87e-01
-5.21e-02
-7.35e-01
-3.16e-01
8.31e-01
9.47e-01
-5.53e-01
1.83e-01
-4.67e-01
-8.82e-01
-2.25e-01
6.79e-01
-7.47e-01
8.17e-02
-3.01e-01
8.20e-01
-8.46e-01
-1.45e-01
-7.58e-01
-6.94e-01
1.04e-01
6.91e-01
7.94e-01
-9.83e-01
-5.31e-01
3.53e-01
-8.83e-01
7.36e-03
7.85e-01
-7.11e-01
-1.33e-01
4.57e-01
3.93e-01
4.69e-01
7.48e-01
-2.66e-01
-6.26e-01
1.54e-01
7.69e-01
3.29e-01
8.11e-01
1.15e-01
1.70e-01
-4.76e-01
4.90e-01
7.09e-01
-2.77e-02
-8.31e-01
-9.91e-01
-6.50e-01
9.65e-01
-2.35e-01
1.81e-01
-8.42e-01
8.66e-01
2.28e-01
2.56e-01
-6.05e-01
-2.74e-02
-9.54e-01
3.79e-01
-4.43e-01
3.10e-01
9.58e-01
-8.17e-01
-7.58e-01
-1.85e-01
-7.88e-01
-6.85e-01
6.46e-01
-3.13e-01
-3.27e-01
-8.31e-01
-9.39e-01
7.89e-01
-5.00e-01
-4.70e-01
9.36e-01
6.40e-01
-9.86e-01
-8.35e-01
-1.76e-01
-9.99e-01
8.59e-01
-1.86e-01
9.43e-02
4.40e-01
6.73e-01
9.92e-01
9.12e-01
-2.07e-01
-7.68e-01
2.13e-01
-6.22e-01
-9.67e-01
2.34e-01
-5.92e-02
3.89e-01
8.62e-01
-8.25e-02
9.20e-01
5.20e-01
1.52e-01
-5.82e-01
-8.98e-01
-5.91e-01
-4.59e-01
4.62e-02
7.35e-01
9.41e-01
6.14e-01
7.56e-01
5.71e-01
6.93e-01
-2.02e-03
-9.76e-01
-9.40e-02
6.63e-01
-6.71e-01
-5.03e-01
-4.95e-01
3.97e-01
-1.32e-02
-8.77e-02
-4.93e-01
3.18e-01
7.74e-01
-5.56e-02
8.84e-01
-2.21e-01
-1.58e-01
-3.31e-01
-5.38e-01
4.23e-01
3.57e-02
-6.23e-01
-7.64e-01
-1.88e-01
1.97e-01
-7.35e-01
8.57e-01
9.32e-01
2.59e-01
-2.96e-01
8.63e-01
-3.69e-02
-3.64e-01
-2.39e-01
9.59e-01
7.26e-01
5.20e-01
6.70e-01
-5.29e-01
4.14e-01
7.76e-01
3.57e-01
1.08e-01
3.25e-01
5.59e-01
-4.85e-01
-8.83e-01
6.34e-01
1.64e-01
-4.66e-01
-7.16e-01
9.84e-01
2.65e-01
-3.17e-01
6.42e-01
8.78e-01
6.44e-01
-9.16e-01
4.79e-01
5.08e-01
-6.28e-01
-2.54e-01
9.98e-01
-8.78e-01
-4.10e-01
-4.44e-01
1.53e-01
-3.16e-02
-5.24e-01
7.84e-01
4.03e-01
-6.26e-02
4.59e-01
7.13e-01
7.76e-01
4.22e-01
-9.46e-01
-4.67e-01
-7.14e-01
-5.01e-01
5.51e-01
-7.62e-01
-1.64e-01
-3.10e-01
-8.03e-01
-5.31e-01
-8.17e-01
4.21e-01
-4.77e-01
-6.36e-01
-9.04e-01
-7.37e-01
-8.48e-01
-3.76e-01
8.71e-01
5.48e-01
-1.20e-01
-1.35e-01
-8.54e-02
8.19e-01
7.28e-01
8.03e-01
9.23e-01
3.82e-01
-3.69e-01
-7.61e-01
6.78e-01
-7.84e-01
1.84e-01
3.71e-01
-3.00e-02
-4.88e-01
4.36e-01
-9.33e-01
7.79e-01
-9.86e-01
-7.81e-01
-5.62e-01
-4.65e-01
-6.17e-01
1.97e-01
-6.67e-01
-7.66e-01
-5.57e-01
3.98e-01
5.17e-01
-3.63e-01
4.66e-01
-1.31e-02
-5.04e-01
4.91e-01
8.37e-01
3.14e-01
-1.52e-01
9.40e-01
3.85e-01
5.68e-01
