-6.43e-01
8.84e-01
-6.97e-01
4.98e-01
7.66e-01
9.95e-01
-5.56e-01
8.07e-01
9.96e-01
6.38e-01
6.21e-01
8.87e-01
-3.39e-01
-7.55e-01
-4.77e-01
7.62e-01
1.35e-02
-5.22e-01
-9.33e-01
-7.35e-01
2.54e-01
-5.53e-01
-9.07e-01
-8.73e-01
-1.99e-01
-5.73e-01
-5.59e-01
-1.93e-01
9.36e-01
6.92e-01
-2.38e-01
9.85e-01
-9.07e-02
5.72e-01
2.97e-01
1.08e-01
3.33e-01
-4.37e-01
7.64e-01
-6.01e-01
-4.64e-01
-7.21e-02
9.45e-01
4.82e-02
-7.17e-01
-2.23e-01
-5.88e-01
6.13e-02
9.40e-01
-8.64e-01
2.93e-01
6.07e-01
-1.50e-01
9.25e-01
9.26e-01
1.26e-01
-5.57e-01
-4.59e-01
-6.78e-01
-1.03e-01
7.90e-01
-4.48e-01
-8.33e-01
2.63e-01
-3.06e-01
-8.84e-01
-4.89e-01
-7.67e-01
6.50e-01
4.92e-01
4.31e-01
6.81e-01
-3.14e-01
1.78e-01
-2.32e-01
1.04e-01
8.85e-01
3.21e-01
-4.95e-01
9.64e-01
5.57e-01
-6.77e-01
6.68e-01
1.43e-02
-8.81e-01
-9.10e-01
4.63e-01
-4.49e-02
-1.46e-01
1.56e-01
3.21e-01
9.50e-01
3.47e-02
-4.96e-01
-5.53e-01
2.59e-01
-9.42e-01
-1.06e-01
-7.49e-01
3.74e-02
-8.44e-01
-2.20e-01
-6.16e-01
-8.94e-01
8.55e-01
4.67e-01
9.77e-01
-6.12e-01
-6.09e-01
3.51e-01
-9.88e-01
8.54e-01
-9.08e-01
-9.63e-01
-9.35e-01
2.97e-02
3.15e-01
1.40e-01
-6.97e-01
-7.57e-01
5.52e-01
-8.33e-01
-3.72e-01
9.21e-01
-3.61e-01
-7.83e-01
5.25e-01
-3.19e-01
-4.38e-01
-4.36e-01
2.91e-01
-4.97e-01
6.50e-01
2.53e-01
-6.11e-01
5.81e-02
2.95e-02
-4.79e-01
7.76e-01
2.23e-01
9.29e-01
7.74e-01
7.19e-01
-7.28e-02
3.57e-01
-4.48e-01
-7.87e-01
-2.47e-01
7.63e-01
-2.17e-01
-1.99e-01
6.92e-01
-8.59e-02
6.50e-01
4.41e-01
8.60e-01
3.49e-01
-3.99e-02
2.33e-01
2.25e-01
-9.01e-01
7.10e-01
-2.99e-01
9.93e-01
-8.40e-01
8.29e-01
9.66e-01
9.18e-01
8.52e-01
2.88e-01
-1.50e-01
7.36e-01
1.41e-01
-5.10e-01
-8.63e-02
-6.07e-01
-1.21e-01
9.11e-02
7.98e-01
7.52e-01
-9.64e-01
2.26e-01
-9.89e-01
6.15e-01
-1.87e-02
-4.09e-01
6.24e-01
-3.08e-01
-1.52e-01
-2.81e-01
-4.92e-02
3.39e-01
-3.00e-01
8.01e-01
4.00e-01
-4.51e-01
-6.11e-01
2.12e-02
1.86e-01
6.25e-01
9.74e-01
-7.23e-01
1.36e-01
1.06e-01
-7.40e-01
-5.07e-01
4.17e-01
-1.21e-01
-3.28e-01
7.70e-02
-4.15e-01
-6.91e-01
9.33e-01
-5.58e-01
4.79e-01
-6.80e-01
-8.65e-02
8.44e-01
-5.07e-01
-2.87e-02
1.76e-01
7.41e-01
3.51e-01
-2.52e-02
-5.84e-01
2.40e-01
-6.89e-01
-6.80e-01
6.88e-01
2.86e-01
-8.21e-01
-4.51e-01
7.64e-01
2.13e-01
-4.20e-01
-1.93e-01
-7.86e-01
3.25e-01
7.20e-01
-5.20e-01
-6.25e-01
7.12e-01
-1.01e-01
4.32e-02
4.10e-01
-1.55e-01
-8.56e-02
-6.14e-01
6.87e-01
9.95e-01
-5.88e-01
9.31e-01
5.43e-01
-1.94e-01
-3.35e-01
7.59e-01
8.11e-02
-2.65e-01
1.10e-01
1.88e-01
7.83e-01
-4.84e-01
4.40e-01
4.16e-01
-2.45e-01
