-5.19e-01
-3.80e-02
-9.02e-01
7.85e-01
8.44e-03
7.23e-01
-2.32e-01
-6.82e-01
7.98e-01
-6.13e-01
1.75e-01
-8.38e-01
7.84e-01
-4.51e-02
-1.20e-01
7.94e-01
7.17e-01
-2.59e-01
4.70e-01
-4.79e-01
-7.69e-01
-3.20e-01
-7.04e-01
-5.64e-01
-1.10e-02
-7.18e-01
6.62e-01
-4.11e-01
7.24e-01
-4.95e-01
3.50e-01
1.04e-01
3.46e-02
2.77e-01
-5.98e-01
-6.71e-01
9.39e-01
3.75e-02
-3.56e-01
-5.73e-01
8.73e-02
-3.97e-03
-4.49e-01
-1.09e-01
7.83e-01
-7.03e-01
2.74e-01
7.56e-01
5.71e-01
-7.22e-01
-9.55e-02
6.08e-01
-5.45e-01
3.41e-01
8.75e-01
-1.78e-01
-4.14e-01
1.75e-01
5.47e-01
8.74e-01
-9.08e-01
-5.20e-01
-9.40e-01
7.26e-01
-8.31e-01
2.74e-01
-8.82e-01
-5.96e-01
3.14e-01
9.85e-01
-1.12e-02
-7.94e-01
5.32e-02
-2.05e-01
6.38e-01
6.89e-01
-7.01e-01
-8.78e-01
1.54e-01
1.14e-01
-2.10e-01
9.50e-01
-3.59e-01
-9.80e-01
3.15e-01
5.49e-01
5.98e-01
1.27e-02
5.35e-01
-9.89e-01
-4.53e-01
-8.93e-01
-2.21e-01
-1.96e-01
4.47e-01
-1.39e-01
-1.28e-01
5.40e-01
8.40e-02
2.96e-01
6.61e-01
-3.76e-01
-5.83e-01
-6.74e-01
9.99e-01
-9.79e-01
6.01e-01
-6.34e-01
-7.18e-01
9.00e-01
-3.01e-01
-6.54e-01
-8.43e-01
-8.32e-01
3.54e-02
-8.17e-01
-2.56e-02
4.38e-01
-1.27e-02
-1.66e-01
6.67e-01
6.74e-01
-2.25e-02
1.30e-01
9.02e-01
-8.65e-01
6.24e-01
1.41e-01
1.21e-01
5.95e-01
3.71e-01
-8.94e-01
-9.83e-02
5.34e-01
8.23e-02
-1.31e-01
-9.54e-02
-5.34e-01
-6.71e-01
-4.49e-01
-8.45e-01
-6.44e-01
-5.85e-01
3.54e-02
3.69e-01
-6.74e-01
-6.27e-01
1.13e-01
9.39e-01
-7.55e-03
1.84e-01
-4.43e-01
6.00e-01
3.27e-01
8.77e-02
-9.79e-01
-5.52e-01
-3.60e-01
8.02e-01
-7.90e-01
-1.49e-01
-3.28e-01
1.95e-01
-6.36e-01
-7.76e-01
-9.43e-02
-5.77e-02
9.17e-01
-5.43e-01
-3.46e-01
7.05e-01
-9.31e-02
-4.26e-01
-7.33e-01
-3.76e-01
-9.02e-01
3.50e-01
-3.77e-01
-1.23e-01
-8.87e-01
9.74e-01
-5.11e-01
1.59e-01
-7.46e-01
9.07e-01
-1.50e-01
-2.31e-01
8.16e-01
-7.57e-01
-5.07e-01
-2.72e-01
-4.52e-01
5.23e-01
2.36e-01
-9.52e-01
7.95e-01
5.35e-01
-7.41e-01
5.68e-01
6.98e-01
-6.26e-01
-9.43e-01
4.67e-02
3.95e-01
1.61e-01
-3.12e-01
-8.54e-01
-1.34e-01
-1.86e-01
2.08e-02
-2.22e-01
-2.74e-01
2.45e-01
-7.42e-01
-9.82e-01
-6.35e-01
-3.56e-01
6.44e-01
-5.85e-01
1.59e-01
2.94e-01
-2.91e-01
8.48e-02
-3.41e-01
-8.27e-01
6.38e-01
-2.95e-01
-2.55e-01
9.93e-01
6.95e-01
-4.60e-01
-5.66e-01
-9.00e-01
8.11e-01
-4.51e-01
-9.60e-01
-1.94e-01
9.00e-01
7.22e-01
5.74e-01
1.02e-01
3.11e-01
-9.61e-01
-6.30e-01
4.57e-01
6.94e-01
-6.60e-01
-1.89e-01
-5.59e-01
-4.30e-01
1.00e+00
4.49e-01
1.21e-01
-5.01e-01
-4.60e-01
2.84e-01
8.50e-01
-2.85e-01
7.90e-01
8.02e-01
-2.44e-01
1.33e-01
-8.80e-01
4.13e-01
-8.21e-01
