9.39e-01
9.77e-01
4.77e-01
-8.45e-01
-9.48e-01
-2.14e-01
-6.22e-01
2.33e-01
-1.07e-01
-5.25e-01
9.95e-01
3.14e-01
-7.65e-01
-3.21e-01
5.02e-01
-4.90e-01
-6.19e-01
8.49e-01
-1.25e-01
-5.60e-01
9.40e-01
-7.57e-01
2.23e-01
1.70e-01
-4.80e-01
-3.61e-02
-8.23e-01
-2.58e-02
7.40e-02
-7.91e-01
8.62e-01
5.03e-01
1.67e-01
4.06e-01
5.52e-01
-8.59e-01
2.21e-01
-4.55e-03
-7.74e-01
1.18e-01
3.05e-01
-7.37e-01
1.90e-01
-3.53e-01
-1.72e-01
5.63e-01
3.02e-02
6.08e-01
-4.52e-01
-9.15e-01
-3.48e-01
7.41e-01
4.19e-01
3.37e-01
-2.82e-01
3.54e-01
-3.43e-01
-6.16e-01
-6.95e-02
1.16e-01
4.97e-01
2.83e-01
1.37e-02
6.39e-01
9.56e-01
-1.98e-01
-2.03e-01
-5.84e-03
-3.48e-01
2.54e-01
-3.66e-01
5.90e-01
-7.83e-01
2.00e-01
-9.06e-01
-3.46e-01
4.52e-01
9.66e-01
-8.04e-01
6.75e-01
5.12e-01
7.44e-01
-7.35e-01
5.69e-01
6.64e-01
-9.13e-01
-7.40e-01
1.88e-03
4.97e-01
8.81e-01
3.82e-01
8.98e-01
-1.11e-01
4.09e-01
6.96e-01
-6.27e-01
-4.23e-01
3.66e-01
8.40e-01
-9.65e-01
-8.95e-01
4.63e-01
3.81e-01
5.27e-02
-2.18e-01
-5.99e-01
3.70e-02
1.09e-01
1.95e-01
8.30e-01
1.93e-01
-7.27e-01
-5.32e-01
8.71e-01
7.44e-02
-4.03e-01
9.97e-03
7.35e-01
-9.89e-01
3.96e-01
-7.62e-01
-4.21e-01
8.35e-01
9.13e-01
8.22e-01
3.97e-01
1.58e-01
-8.31e-01
3.94e-01
-9.00e-01
-8.76e-01
-7.96e-01
-9.69e-01
-1.29e-01
2.72e-01
3.81e-01
-6.32e-01
-8.07e-01
3.08e-01
-1.88e-01
9.26e-02
3.02e-01
6.64e-01
-4.07e-01
-2.52e-01
-1.05e-01
-1.25e-01
-3.12e-02
8.61e-01
1.75e-01
-5.20e-01
3.50e-01
4.29e-01
-4.63e-01
6.38e-01
8.53e-01
4.19e-01
-7.07e-01
-3.22e-01
-7.81e-01
-1.00e+00
-5.51e-01
-1.40e-01
-1.49e-01
-5.33e-01
-7.45e-01
3.34e-01
3.21e-01
-3.40e-01
7.50e-01
-8.78e-01
-9.28e-01
-3.81e-01
-1.73e-01
-4.16e-01
-7.87e-02
-3.83e-01
8.78e-01
-2.84e-01
-7.34e-01
-5.66e-01
-1.33e-01
-5.58e-01
4.22e-01
6.35e-01
6.14e-01
-1.98e-01
-3.97e-01
4.50e-02
7.74e-02
-4.84e-01
-5.54e-01
-4.12e-01
3.78e-01
9.10e-01
-9.54e-02
2.05e-01
-1.19e-01
3.00e-02
9.86e-01
2.41e-01
3.49e-01
-4.67e-01
5.63e-01
-8.87e-02
-2.76e-01
2.85e-01
5.39e-01
9.36e-01
-4.95e-01
-7.59e-01
-7.93e-02
8.23e-01
-9.23e-01
7.13e-01
-2.54e-01
-3.83e-01
-9.93e-01
2.55e-01
-6.43e-01
-2.52e-01
-5.82e-01
2.94e-03
7.30e-01
-3.83e-01
-5.75e-02
8.90e-01
5.46e-01
4.97e-01
-8.79e-01
-3.36e-01
-5.64e-01
8.74e-01
1.23e-01
3.87e-01
-8.73e-01
-3.41e-01
9.25e-01
7.49e-01
-5.13e-01
-3.13e-01
-6.46e-01
2.57e-01
7.63e-01
2.49e-01
-5.50e-01
-1.95e-01
-7.07e-01
1.08e-01
-7.95e-01
2.18e-01
4.80e-01
-5.45e-01
9.57e-01
5.86e-01
5.11e-01
-2.95e-01
3.74e-01
-6.39e-01
-8.14e-01
1.92e-01
8.64e-01
9.43e-01
8.05e-01
1.78e-01
