2.77e-01
-4.19e-01
-9.77e-01
-2.44e-01
-1.17e-01
8.22e-02
-1.20e-01
2.57e-01
8.47e-01
-9.59e-01
-6.76e-01
-7.60e-01
-9.69e-01
7.87e-01
-7.16e-01
-9.10e-01
5.18e-01
-6.47e-02
7.23e-01
4.00e-02
6.75e-01
4.99e-01
2.84e-01
-6.81e-01
4.76e-01
6.05e-01
-7.34e-02
-1.63e-01
-6.89e-02
-7.87e-01
-2.44e-02
7.95e-01
-4.91e-02
-3.56e-01
-7.77e-01
1.00e+00
-4.35e-01
-2.49e-01
8.71e-01
7.55e-01
-2.04e-01
-9.26e-01
6.35e-01
-5.21e-01
-7.24e-01
-2.23e-01
8.36e-01
-4.25e-01
-3.10e-01
-2.77e-01
-5.80e-01
-1.55e-01
-3.29e-01
5.17e-01
-2.87e-02
-4.35e-01
-4.48e-01
9.67e-01
-1.08e-01
-2.32e-01
-1.98e-01
-7.12e-01
8.39e-01
-8.09e-02
-1.28e-01
9.39e-01
-4.79e-01
4.78e-01
-1.71e-01
-4.37e-01
-6.94e-01
9.77e-02
-9.47e-01
-5.57e-01
9.89e-01
-7.23e-01
-4.62e-01
-2.71e-01
2.22e-01
9.95e-02
2.91e-01
-7.94e-01
-4.65e-01
2.51e-01
9.65e-01
9.93e-01
-7.76e-01
-3.67e-02
2.23e-01
4.83e-01
6.34e-01
-6.52e-01
8.42e-01
-6.23e-01
2.73e-01
-4.63e-01
8.02e-01
8.17e-02
2.13e-01
7.52e-01
8.39e-01
6.81e-01
5.26e-01
-7.95e-01
-7.21e-01
-5.76e-01
-8.94e-01
-6.41e-01
-8.81e-01
8.94e-01
-9.00e-01
-2.75e-04
1.73e-01
3.29e-01
-8.12e-01
-9.58e-01
-3.76e-01
2.86e-01
-5.55e-01
-7.75e-01
4.65e-01
-1.18e-02
3.53e-01
-6.33e-01
-4.57e-01
-6.97e-01
-9.35e-01
4.85e-01
2.67e-01
4.12e-01
2.70e-01
7.14e-01
-7.65e-01
-8.18e-01
8.93e-01
9.87e-02
-4.41e-01
7.07e-01
8.16e-01
-7.91e-01
-9.18e-01
7.98e-01
4.34e-01
6.67e-01
6.82e-01
-1.60e-01
7.18e-01
8.21e-01
-3.04e-01
-9.81e-01
-7.89e-01
9.48e-01
-4.51e-01
-8.02e-01
9.20e-01
9.42e-01
6.60e-02
7.22e-01
7.56e-02
8.26e-01
-6.29e-01
-3.85e-01
-6.30e-02
5.09e-01
5.82e-01
-4.65e-01
3.61e-01
5.19e-01
1.27e-01
-6.63e-01
-2.66e-01
1.57e-01
4.55e-01
-4.18e-01
-4.24e-01
-6.03e-01
8.91e-01
-9.39e-01
-2.90e-01
1.86e-01
8.06e-01
-2.67e-01
-6.71e-01
9.77e-01
-6.54e-01
-8.70e-01
-9.99e-01
-6.07e-01
4.22e-01
6.74e-01
4.79e-01
4.17e-01
9.63e-02
-2.33e-01
2.99e-01
9.16e-01
7.70e-01
-9.55e-01
-6.33e-01
-2.21e-01
-7.55e-01
6.98e-01
5.65e-01
1.48e-01
-9.29e-01
-2.18e-01
-5.70e-01
-5.01e-01
9.64e-01
-2.74e-01
-7.78e-01
-3.51e-01
9.04e-01
2.04e-01
-1.18e-01
-8.95e-01
1.06e-01
-7.48e-01
-8.01e-01
3.40e-01
-5.79e-01
-1.39e-01
-9.31e-02
-7.42e-01
9.63e-01
4.34e-01
2.05e-02
9.81e-01
1.08e-01
-2.12e-01
-4.98e-02
-8.71e-01
-9.23e-01
-2.42e-01
4.11e-01
-8.24e-01
-4.27e-02
8.43e-01
9.21e-01
7.33e-01
9.18e-01
-3.03e-01
-8.72e-01
7.87e-01
-3.83e-01
-5.70e-01
-9.03e-01
1.10e-01
4.28e-01
-8.92e-01
-9.60e-01
9.45e-01
2.36e-01
4.60e-01
6.21e-01
8.84e-01
-4.39e-02
9.57e-02
-4.76e-01
-3.66e-01
-7.60e-01
-7.03e-01
7.63e-01
-4.45e-01
4.51e-01
