4.95e-01
7.85e-01
-3.24e-02
-6.79e-01
3.94e-01
1.31e-01
8.30e-01
1.13e-01
4.28e-01
-3.92e-01
2.70e-01
-3.90e-01
-7.94e-01
3.17e-02
8.99e-01
-7.61e-01
-2.85e-01
-9.06e-01
-9.13e-01
-5.48e-01
4.06e-01
-5.10e-01
8.82e-01
9.59e-01
-9.52e-01
4.51e-01
7.21e-01
9.62e-01
-4.10e-01
-5.38e-01
9.63e-01
7.78e-01
2.65e-01
-1.91e-01
-9.18e-01
-3.76e-02
4.83e-01
7.87e-01
6.55e-01
-5.48e-01
9.09e-01
4.60e-01
-8.09e-01
2.75e-01
9.50e-01
-8.47e-01
4.63e-01
-5.40e-01
-5.46e-01
-5.17e-01
5.46e-02
-1.30e-01
7.20e-01
-4.72e-01
6.77e-01
-4.71e-01
-1.54e-01
-7.97e-01
6.35e-01
8.75e-01
-9.79e-01
-9.76e-01
-9.43e-01
2.53e-01
-5.49e-01
-8.81e-01
-3.57e-01
6.09e-01
-8.88e-02
9.53e-01
-4.77e-02
-7.22e-01
4.55e-01
1.63e-01
1.85e-01
-9.05e-01
1.28e-01
4.86e-01
-8.52e-01
-3.90e-01
-6.77e-01
-4.33e-01
-6.96e-01
-9.54e-01
-4.13e-01
7.42e-01
-4.22e-01
8.53e-02
2.72e-01
4.26e-01
-7.91e-01
-1.68e-01
6.63e-01
2.23e-01
5.52e-01
5.07e-01
-8.94e-01
4.06e-01
-3.78e-01
-9.32e-01
-3.71e-01
1.11e-01
1.98e-01
7.51e-01
-1.63e-01
1.03e-01
5.33e-01
-5.48e-01
-3.33e-01
1.23e-01
7.69e-02
-1.10e-01
3.19e-01
9.35e-01
2.22e-02
1.72e-01
3.56e-01
-5.74e-01
4.96e-01
-1.16e-01
-3.44e-01
-8.66e-01
7.74e-01
5.28e-01
-5.79e-01
7.35e-01
6.44e-01
5.85e-01
6.09e-01
-4.89e-01
-2.31e-01
-8.64e-01
2.99e-01
-1.70e-01
1.40e-01
-2.78e-02
4.74e-01
-9.34e-01
-3.30e-01
-5.07e-01
-8.33e-01
1.00e-01
2.52e-01
-2.25e-01
1.65e-01
4.07e-02
6.82e-01
-7.16e-02
-6.38e-01
-6.31e-01
-5.63e-01
9.87e-01
-8.76e-01
-5.72e-01
-5.97e-01
8.11e-01
5.65e-01
7.12e-01
-3.44e-01
7.18e-01
8.77e-01
-2.24e-01
-7.13e-01
1.01e-01
-8.89e-01
-4.54e-01
-6.32e-01
6.04e-01
7.17e-01
9.37e-02
-9.38e-01
-7.45e-01
4.80e-01
-5.60e-01
8.19e-01
-8.26e-02
1.68e-01
2.98e-01
-4.30e-01
4.42e-01
-9.43e-01
7.92e-01
-6.23e-01
-4.44e-01
-7.11e-01
1.41e-01
9.40e-01
-7.15e-01
7.55e-01
9.41e-01
8.21e-01
9.43e-01
1.36e-01
-9.22e-01
-4.65e-01
8.71e-01
8.62e-01
-4.65e-01
-7.27e-01
-5.08e-01
-2.91e-01
3.64e-02
-4.68e-01
7.84e-01
8.63e-01
4.88e-02
-7.58e-01
-5.19e-01
7.18e-01
-1.28e-01
3.06e-01
2.96e-01
-8.92e-01
6.05e-02
-4.06e-01
-4.95e-01
-8.56e-01
3.26e-01
4.49e-01
8.88e-01
2.72e-01
-4.56e-01
-4.37e-01
-3.79e-02
-8.49e-01
8.81e-01
7.42e-02
8.88e-01
9.81e-02
-9.24e-01
-6.39e-01
7.32e-02
5.55e-01
6.73e-01
9.86e-02
7.00e-01
-8.56e-01
7.85e-01
-1.30e-01
5.01e-01
4.27e-01
-2.27e-01
-6.39e-01
6.76e-01
-6.64e-01
-9.07e-01
-7.49e-01
-1.05e-01
1.95e-02
2.45e-01
-5.47e-01
5.64e-01
-1.32e-01
2.97e-01
3.03e-01
-8.82e-01
4.28e-01
6.05e-01
9.46e-01
-2.85e-01
-3.45e-01
-8.86e-01
5.68e-01
-6.90e-01
4.62e-01
