-5.40e-01
7.85e-01
4.24e-01
-2.01e-01
2.44e-01
-7.69e-01
5.12e-01
1.54e-01
7.86e-01
-9.00e-01
-1.73e-01
-9.67e-01
5.58e-01
8.95e-01
-3.88e-02
-3.58e-01
5.02e-02
-8.37e-01
-9.76e-01
-8.03e-01
5.72e-01
-2.87e-01
-1.37e-01
-7.41e-03
8.92e-01
-7.44e-01
-8.94e-01
-9.63e-01
4.52e-01
-1.79e-01
6.79e-01
-7.28e-01
7.76e-01
1.13e-01
7.97e-01
-8.15e-01
-7.09e-01
-7.99e-01
-9.43e-01
-7.91e-01
-9.29e-01
9.56e-01
-6.20e-01
-1.37e-01
-7.72e-01
1.17e-01
2.23e-01
6.06e-01
8.92e-03
-4.48e-01
-3.32e-01
-2.72e-01
4.54e-02
-9.82e-01
1.16e-01
4.91e-01
6.17e-01
-1.75e-01
4.55e-01
-1.97e-01
-4.76e-01
-6.47e-01
-5.87e-01
1.90e-01
-1.69e-01
6.05e-01
-4.64e-01
-5.30e-01
-2.17e-01
-3.97e-01
4.64e-03
9.97e-01
7.02e-01
7.28e-01
2.30e-01
8.31e-01
-4.60e-01
2.05e-01
3.11e-01
-8.40e-01
-1.94e-01
-5.41e-01
-6.82e-01
-4.36e-01
3.63e-01
-4.98e-01
-1.55e-01
-4.65e-01
-8.07e-01
-9.18e-01
-6.73e-01
-9.81e-02
3.42e-01
1.32e-01
-3.79e-01
-7.55e-01
-2.70e-01
6.16e-01
-5.16e-01
-6.01e-01
2.90e-01
-7.11e-01
-3.05e-01
3.59e-01
-1.38e-01
5.84e-01
3.81e-02
6.65e-01
-4.19e-01
3.41e-01
-9.61e-02
-5.19e-01
-5.86e-01
-7.11e-01
-4.77e-01
-9.91e-01
2.68e-02
-2.00e-02
-4.13e-01
5.66e-01
-3.73e-01
8.73e-01
-4.57e-02
1.12e-01
-5.56e-01
8.51e-01
9.41e-02
8.52e-01
9.17e-01
-5.61e-01
3.92e-01
6.63e-01
-2.41e-01
-2.85e-01
-3.87e-01
2.87e-02
-7.98e-01
9.42e-01
-2.43e-01
6.22e-01
-4.77e-01
-2.68e-01
9.38e-01
1.93e-01
2.26e-01
-9.81e-01
5.72e-01
9.69e-01
6.17e-01
1.50e-01
-7.29e-01
8.89e-01
-5.02e-01
-9.46e-01
-1.67e-03
-2.52e-01
4.78e-01
-8.59e-01
-8.40e-01
-8.91e-01
-9.10e-02
-7.17e-03
8.25e-01
-7.13e-01
-1.37e-01
8.90e-01
6.07e-01
4.57e-01
9.44e-02
3.63e-02
-4.36e-02
-4.12e-01
-2.86e-01
2.99e-01
-9.97e-01
-6.29e-01
5.09e-01
-1.05e-01
2.08e-01
-8.05e-01
-1.39e-01
-7.81e-01
-9.12e-01
-2.02e-01
-2.86e-01
-1.15e-01
3.30e-01
9.55e-01
9.64e-01
-7.27e-01
3.17e-01
-3.89e-01
2.41e-02
7.68e-01
-3.38e-02
-1.70e-01
-1.69e-01
9.38e-01
-8.26e-01
6.34e-01
3.83e-01
-3.91e-01
8.07e-02
4.64e-01
6.43e-01
-6.34e-01
-7.90e-01
-5.70e-01
-3.40e-01
-4.04e-01
9.87e-02
-5.95e-01
4.68e-02
-5.82e-01
1.02e-01
4.49e-01
-9.27e-01
-6.71e-01
7.82e-01
-9.96e-01
-1.99e-01
-7.02e-01
8.60e-01
-8.15e-01
-2.00e-01
-3.60e-03
-3.07e-02
2.44e-01
8.32e-02
4.53e-01
-1.14e-01
-4.93e-01
-4.77e-02
9.20e-01
5.65e-02
-6.16e-01
-6.47e-01
-6.30e-01
9.34e-01
-2.81e-01
1.09e-01
7.70e-01
1.41e-01
-9.95e-01
-4.16e-01
9.47e-01
-6.07e-01
-6.76e-01
9.71e-01
3.70e-01
-8.75e-01
8.13e-02
-9.05e-02
6.21e-01
-3.56e-01
-8.26e-01
-1.50e-01
7.96e-01
6.94e-02
-9.92e-01
6.00e-01
3.69e-01
-4.84e-02
7.88e-02
-1.89e-02
