-5.14e-01
-1.57e-01
2.60e-01
9.60e-01
-4.98e-02
-6.39e-01
8.97e-01
-1.40e-01
-9.30e-01
-3.88e-01
-9.64e-02
-9.12e-01
-5.51e-01
8.05e-01
-2.42e-01
-3.26e-01
-7.86e-01
9.23e-01
-2.67e-01
-5.53e-02
8.04e-01
5.00e-01
6.65e-01
3.32e-01
1.47e-01
1.62e-01
3.55e-01
3.45e-01
1.51e-02
1.66e-01
1.59e-01
3.57e-01
-9.09e-01
-6.34e-01
7.07e-01
-5.08e-01
6.68e-01
7.49e-01
-5.53e-01
-6.33e-01
6.20e-02
-9.15e-01
-5.01e-01
-3.40e-01
6.78e-01
1.10e-01
-6.02e-01
9.58e-02
7.11e-01
-5.28e-01
6.77e-01
4.84e-01
2.99e-01
6.55e-02
1.89e-01
-8.63e-01
4.84e-01
3.21e-01
-1.47e-01
2.13e-01
8.53e-01
-7.50e-02
9.74e-01
2.70e-01
5.71e-02
-7.30e-01
6.04e-01
1.39e-01
-8.09e-01
6.03e-01
5.14e-01
6.91e-01
-6.78e-01
-6.88e-01
3.16e-01
6.32e-02
5.07e-01
6.39e-02
-5.37e-01
-7.31e-01
-2.85e-01
1.08e-01
-1.86e-01
-2.79e-01
-4.38e-01
5.22e-01
-3.53e-01
1.35e-01
-7.67e-01
-8.77e-01
4.11e-01
-9.87e-01
6.01e-01
-5.22e-01
9.19e-01
2.93e-01
6.94e-01
5.70e-01
7.49e-01
1.58e-02
7.59e-01
-6.64e-01
9.10e-01
-8.99e-01
5.43e-01
1.49e-01
-1.37e-01
6.02e-01
-1.48e-01
7.65e-01
-9.44e-01
1.42e-01
-8.60e-02
-6.64e-01
-9.45e-01
-9.01e-02
9.89e-01
-1.68e-01
-9.91e-01
3.02e-01
-5.60e-01
8.93e-02
-5.35e-01
7.00e-01
-8.74e-01
-2.85e-01
-6.89e-01
-7.18e-01
-2.26e-01
-9.99e-01
2.25e-01
-9.62e-02
-4.59e-01
7.49e-01
3.23e-01
5.87e-01
8.89e-01
3.29e-01
3.70e-01
-3.28e-01
8.59e-02
2.96e-01
-6.06e-01
3.16e-01
-5.52e-01
2.55e-01
3.62e-01
-8.10e-01
6.89e-01
5.06e-01
2.35e-01
-1.87e-01
-9.22e-01
9.05e-01
8.65e-01
1.09e-01
7.05e-02
-6.83e-01
-9.11e-01
-5.23e-01
-2.05e-01
8.93e-01
9.96e-01
-4.31e-01
-6.59e-01
8.02e-02
-2.35e-01
-3.90e-01
-4.95e-01
9.19e-01
-8.35e-01
-1.57e-02
-4.73e-01
-3.10e-01
-5.68e-01
-4.95e-01
4.68e-02
-5.92e-01
8.42e-01
1.67e-01
-3.88e-01
6.69e-01
-5.99e-01
-2.07e-01
3.67e-01
-5.27e-02
-1.57e-01
2.73e-01
7.95e-01
-8.89e-01
-8.09e-01
-9.20e-01
-4.44e-01
9.29e-01
-7.29e-01
5.98e-01
-8.14e-01
2.94e-01
-9.81e-01
6.24e-01
2.42e-01
2.43e-01
1.58e-02
-9.40e-01
2.06e-01
-7.87e-01
8.20e-01
-1.51e-01
6.49e-01
-7.40e-01
-2.33e-01
6.03e-01
3.35e-01
8.53e-01
-5.43e-01
9.39e-01
2.62e-02
2.99e-01
-5.70e-01
1.16e-01
-5.60e-01
-7.86e-02
8.06e-01
3.06e-01
2.66e-01
-6.38e-01
-8.10e-01
-1.04e-01
9.32e-01
9.18e-01
5.93e-02
-8.41e-01
-2.21e-01
9.40e-01
7.20e-01
1.31e-01
3.13e-01
7.07e-01
-9.73e-01
-7.54e-01
2.40e-02
2.50e-01
-7.58e-01
-4.32e-01
-1.50e-01
5.23e-02
-1.96e-01
7.95e-01
7.03e-01
2.22e-01
-9.60e-01
-7.11e-01
7.28e-01
3.36e-01
-9.65e-02
1.24e-01
3.13e-01
4.75e-01
-9.10e-01
4.13e-01
-8.57e-01
-9.02e-01
5.02e-01
1.68e-01
7.29e-02
