-7.72e-01
-9.57e-01
-3.45e-01
-8.22e-01
2.47e-02
1.74e-01
2.08e-01
-3.74e-01
-2.18e-01
-1.57e-01
-5.61e-01
-6.45e-01
9.63e-01
-5.72e-01
7.50e-01
-3.45e-01
5.14e-01
-4.18e-01
-4.07e-01
-5.91e-01
9.76e-01
-9.03e-01
-9.53e-01
2.09e-01
5.30e-01
7.82e-01
-3.91e-01
8.57e-01
-5.77e-01
3.39e-01
1.60e-01
-9.24e-01
-6.63e-02
2.61e-01
2.45e-01
-7.15e-01
-3.63e-02
-4.00e-01
-4.58e-01
-4.43e-01
-8.81e-01
-1.92e-02
1.60e-01
-9.11e-01
9.20e-01
-2.58e-01
-8.85e-01
5.45e-01
-4.27e-01
-4.85e-01
-3.24e-01
1.58e-01
-6.96e-01
-2.81e-01
2.91e-01
1.82e-02
4.75e-01
-6.74e-01
5.55e-01
-4.03e-01
6.68e-01
-1.87e-01
2.45e-01
-6.51e-01
3.55e-01
2.22e-01
8.03e-01
2.03e-01
-1.89e-01
-4.46e-01
9.23e-01
-7.71e-01
5.07e-01
-5.27e-01
-1.48e-01
-6.54e-01
1.31e-01
-1.74e-01
-2.87e-01
-2.27e-01
4.67e-03
-4.78e-01
9.54e-01
3.87e-02
8.05e-01
7.62e-01
3.13e-01
3.26e-01
6.91e-01
1.41e-01
1.69e-01
8.73e-01
9.29e-01
-9.14e-01
4.26e-01
6.38e-02
-7.67e-01
-5.95e-01
-9.57e-01
1.51e-02
1.27e-01
-1.00e-01
-3.91e-01
5.45e-01
-7.91e-01
-6.43e-01
-8.52e-01
1.34e-01
-3.95e-01
-6.91e-01
6.17e-01
-2.16e-01
-1.33e-01
-4.50e-01
7.25e-01
-2.10e-01
6.26e-01
-4.69e-01
-9.76e-01
3.43e-01
3.71e-01
4.83e-01
5.01e-01
-1.07e-01
-6.98e-01
2.30e-01
4.11e-01
-7.68e-01
-7.70e-01
-6.20e-01
-5.30e-02
4.20e-01
-8.95e-01
9.42e-01
9.29e-01
5.24e-01
1.89e-01
-5.09e-01
-7.94e-01
-6.38e-01
4.82e-01
4.58e-01
-6.97e-01
5.40e-01
-6.41e-01
4.32e-01
7.05e-01
-7.61e-01
-7.51e-01
-3.55e-01
3.13e-01
1.87e-01
-4.37e-01
-1.07e-01
-9.89e-01
4.70e-02
7.97e-01
-9.10e-01
-5.21e-01
6.31e-01
-9.88e-01
4.00e-02
2.37e-01
-6.79e-01
5.91e-01
6.09e-01
-4.14e-01
5.99e-01
5.86e-01
4.50e-01
7.17e-01
5.85e-02
7.01e-01
-8.79e-01
-8.02e-01
-8.72e-01
-4.01e-01
-2.16e-01
4.17e-01
-5.99e-01
6.52e-01
-6.93e-01
-7.55e-01
6.27e-02
7.19e-01
-6.31e-01
5.29e-02
-1.55e-01
-2.25e-01
8.77e-02
8.70e-01
3.03e-01
9.86e-01
-7.11e-01
-4.43e-01
5.56e-01
-1.65e-01
9.36e-01
-6.10e-01
7.24e-01
-1.49e-02
8.69e-01
5.25e-01
3.59e-01
9.89e-01
2.48e-01
5.94e-01
7.33e-01
-8.92e-01
-4.83e-01
1.85e-01
5.59e-01
6.91e-01
-3.98e-02
7.39e-01
-8.90e-01
-8.98e-01
7.06e-01
-7.16e-01
-5.94e-01
-7.60e-01
-3.90e-01
-2.72e-02
5.10e-01
7.44e-01
7.60e-01
-2.12e-01
-2.96e-01
7.59e-01
6.65e-01
1.51e-01
5.89e-02
-3.56e-01
1.04e-01
-9.54e-01
-7.97e-01
-8.72e-01
-8.26e-01
8.34e-01
-4.69e-01
-3.64e-01
2.06e-01
-9.26e-01
-1.01e-01
5.02e-01
-8.19e-01
-3.10e-01
9.10e-01
4.29e-01
-7.15e-01
-7.18e-01
2.19e-01
7.42e-01
-4.70e-01
8.60e-01
4.81e-01
-7.56e-02
5.43e-01
-3.05e-01
-3.21e-01
-7.19e-01
-8.72e-01
-1.54e-02
4.18e-01
2.39e-01
