-4.48e-01
5.44e-01
-7.45e-02
5.13e-01
-8.11e-01
7.50e-01
-7.57e-01
1.68e-01
8.86e-01
-7.29e-01
-2.99e-01
-2.27e-01
4.26e-01
6.22e-01
3.06e-01
1.27e-01
3.55e-01
8.03e-01
-2.37e-01
-3.73e-01
8.57e-01
2.83e-01
4.59e-01
-8.41e-01
9.31e-01
-8.84e-01
9.12e-01
4.24e-01
-4.20e-01
-2.92e-01
8.67e-01
-5.61e-01
-1.52e-01
-7.87e-01
-7.25e-01
-6.63e-01
-9.73e-01
5.58e-01
5.33e-01
-7.77e-01
-5.33e-01
-7.92e-01
-3.79e-01
1.09e-01
-1.46e-01
-2.09e-01
9.97e-01
-7.62e-01
-7.65e-01
5.27e-01
-5.48e-01
-1.41e-01
3.92e-01
-7.24e-01
6.52e-01
4.17e-01
5.19e-02
-7.15e-01
4.02e-01
-3.42e-01
-4.40e-01
-3.52e-01
1.95e-01
2.35e-01
-5.14e-01
9.57e-01
1.45e-01
-1.88e-01
-1.88e-01
3.87e-01
-4.90e-01
-7.38e-01
-6.20e-01
2.04e-01
-7.08e-01
-5.96e-01
-1.00e+00
4.65e-01
6.30e-01
1.06e-01
-6.06e-01
1.11e-01
8.24e-01
8.11e-03
9.55e-01
1.17e-01
-8.38e-01
3.77e-01
-9.05e-01
7.48e-01
1.20e-01
9.65e-01
9.59e-01
6.94e-01
-6.75e-01
-9.90e-01
9.61e-01
-4.77e-01
-4.45e-01
-4.30e-01
-9.42e-01
9.98e-01
4.32e-01
9.03e-01
9.65e-01
-5.30e-01
-7.30e-01
-8.65e-01
-9.00e-02
-9.42e-01
-9.54e-01
-8.51e-02
3.23e-01
3.05e-01
2.13e-01
-8.61e-01
4.90e-02
-6.86e-01
-4.67e-02
-1.27e-01
-8.30e-01
-9.55e-02
-1.88e-01
7.44e-01
-5.78e-01
-8.60e-01
3.81e-01
-7.19e-01
3.19e-01
7.82e-01
-6.68e-01
5.50e-01
-8.13e-01
-1.13e-01
5.08e-01
-1.94e-02
4.66e-01
8.49e-01
4.89e-01
8.49e-01
-9.28e-01
-4.45e-01
-7.65e-01
-6.51e-01
-6.77e-01
8.80e-02
2.72e-01
9.93e-02
4.50e-02
7.73e-01
9.57e-01
5.05e-01
-2.13e-01
-5.22e-02
-1.39e-01
-6.21e-01
-8.92e-02
-3.23e-01
-4.55e-01
8.51e-01
9.66e-01
2.38e-01
6.01e-01
-1.86e-01
8.28e-01
-7.25e-01
-5.08e-01
1.77e-01
-3.54e-01
6.13e-01
-6.66e-01
-6.56e-01
-7.08e-01
1.11e-01
-9.84e-01
5.06e-01
-1.22e-01
-6.85e-01
4.95e-02
-4.62e-01
-8.34e-01
-9.66e-01
-3.25e-01
-6.69e-01
4.55e-01
8.78e-01
3.99e-01
5.26e-01
-1.60e-01
2.45e-01
5.63e-01
-7.41e-01
-8.39e-01
3.10e-01
1.10e-01
1.08e-01
-9.97e-01
-8.05e-01
4.37e-01
-7.75e-01
-4.90e-01
-1.67e-01
7.83e-01
-7.80e-01
-7.12e-01
5.64e-01
-1.05e-01
9.80e-02
-9.72e-01
-1.91e-01
-6.39e-01
-4.40e-01
-3.57e-01
2.58e-01
5.74e-01
-8.86e-01
-9.47e-01
1.15e-01
8.79e-01
7.05e-01
4.09e-01
-5.81e-01
-2.54e-01
-2.58e-01
-8.09e-01
2.04e-01
-3.25e-02
-2.08e-01
-4.01e-01
-6.67e-01
-3.12e-01
6.50e-01
-1.80e-01
7.65e-01
5.03e-01
-1.61e-01
8.04e-01
-8.31e-01
-1.50e-01
1.13e-01
-8.37e-01
-8.64e-01
4.54e-01
9.90e-01
-8.22e-02
-2.83e-01
2.02e-01
8.11e-01
8.86e-01
4.18e-01
6.76e-01
-1.59e-01
6.65e-01
-1.62e-01
3.80e-01
8.98e-01
-6.11e-01
-6.08e-01
-5.50e-01
-4.08e-01
1.06e-01
-5.17e-01
8.44e-01
3.46e-01
-1.91e-01
