-2.70e-01
-5.11e-01
5.31e-01
-9.93e-01
-7.44e-01
9.09e-01
5.00e-01
6.89e-01
-4.20e-01
-9.14e-02
-7.73e-01
7.87e-01
9.76e-01
2.08e-01
7.44e-02
7.14e-01
-7.93e-01
5.29e-01
4.10e-01
7.42e-01
-2.36e-01
-4.72e-01
-3.11e-01
-8.99e-01
-2.36e-01
-9.71e-01
-2.97e-01
2.35e-01
-9.26e-01
-1.94e-01
-2.25e-01
-9.34e-01
5.12e-01
-6.59e-01
-8.45e-01
-7.24e-01
-3.48e-01
-7.11e-01
7.95e-01
2.64e-01
5.19e-01
9.21e-01
-6.24e-01
-7.15e-01
-1.79e-01
-3.41e-01
2.12e-01
-8.71e-01
5.86e-01
6.00e-01
-9.57e-01
-8.73e-01
-4.70e-01
4.52e-01
8.84e-01
8.15e-02
-5.63e-01
-1.08e-01
-6.80e-01
5.83e-01
9.24e-01
6.84e-03
4.58e-01
-7.46e-01
2.84e-01
4.57e-01
-7.37e-01
-3.78e-01
8.88e-01
-1.06e-01
-4.50e-01
6.97e-01
-1.21e-02
-8.90e-01
3.44e-02
3.79e-02
4.11e-01
-1.41e-01
1.16e-01
-9.31e-01
5.03e-01
-4.72e-01
-7.34e-01
-1.72e-01
2.86e-02
2.14e-01
3.76e-01
5.14e-01
6.88e-02
-1.35e-01
2.27e-01
8.46e-01
8.60e-02
1.39e-01
-2.36e-01
-4.01e-01
-4.33e-02
-2.55e-01
-4.57e-01
-6.35e-01
-5.33e-01
-4.89e-01
-9.30e-01
-2.82e-01
-4.50e-01
-7.21e-01
5.38e-01
-5.66e-01
3.47e-02
-4.47e-01
-1.88e-01
1.48e-01
7.39e-01
-6.68e-01
1.90e-01
5.22e-01
2.26e-01
-2.78e-01
-7.76e-01
-2.41e-01
5.06e-01
-3.20e-01
3.82e-01
-7.28e-02
2.29e-01
-2.78e-01
-4.49e-01
-7.14e-03
-5.43e-01
-1.71e-01
-7.01e-01
3.83e-01
1.04e-01
-7.92e-01
-1.29e-01
2.69e-01
-3.72e-01
6.61e-01
-2.42e-01
-8.10e-01
-9.56e-01
-1.36e-01
-1.13e-01
3.86e-01
-7.12e-01
-4.80e-01
1.74e-01
1.45e-03
5.42e-01
-7.10e-01
-2.92e-01
9.50e-01
-8.33e-02
8.58e-01
8.61e-01
3.84e-01
-8.60e-01
-8.21e-01
-9.16e-01
2.07e-01
-9.92e-01
4.53e-01
-9.53e-01
2.82e-01
-1.65e-01
-1.89e-01
-6.80e-01
-2.83e-02
-5.66e-01
3.58e-01
-2.80e-01
5.97e-01
-7.46e-01
2.63e-01
2.36e-01
-9.27e-01
-9.41e-01
-3.45e-01
6.60e-01
-6.33e-01
6.00e-01
8.02e-01
3.42e-01
3.87e-01
8.03e-01
7.87e-01
-2.58e-01
-2.20e-01
3.07e-01
-4.96e-01
7.76e-01
-1.12e-01
6.00e-01
-4.36e-01
-9.28e-01
-3.51e-01
-4.28e-01
3.93e-01
1.66e-03
9.16e-01
1.02e-01
8.72e-01
7.54e-01
-6.68e-01
-2.65e-01
1.32e-01
9.89e-01
-8.97e-01
-1.01e-01
-3.25e-01
6.85e-01
-2.45e-01
4.78e-01
5.91e-01
-1.69e-01
-6.71e-01
2.39e-01
-3.06e-01
-6.59e-01
3.96e-01
-9.88e-01
-3.82e-01
-4.19e-01
-4.63e-01
-7.14e-01
1.14e-01
5.34e-01
-2.80e-01
9.36e-01
-2.92e-02
1.11e-01
-3.13e-01
3.72e-01
1.40e-01
9.81e-01
5.77e-01
-4.19e-01
6.47e-01
-6.76e-01
6.97e-01
-9.69e-01
-6.22e-01
2.26e-02
4.39e-01
4.68e-01
-7.41e-01
3.70e-01
-2.68e-01
7.15e-01
8.54e-01
3.78e-01
5.74e-01
-8.62e-01
8.92e-01
4.93e-01
-2.56e-01
-4.65e-01
3.07e-01
6.88e-01
1.99e-01
-9.29e-01
6.71e-01
2.08e-01
-5.08e-01
-1.11e-01
