2.47e-01
-8.64e-01
9.59e-01
-1.09e-01
7.24e-01
-3.22e-01
-4.92e-01
4.96e-01
5.73e-01
3.63e-01
-6.65e-01
1.03e-01
-9.85e-01
-4.89e-01
2.65e-01
-9.70e-01
3.57e-01
2.82e-01
-6.37e-01
3.78e-02
8.73e-01
-9.60e-01
-9.80e-01
-8.60e-01
-6.07e-01
-5.20e-01
-3.09e-02
-7.25e-01
-7.32e-01
-5.68e-01
-1.97e-01
7.19e-01
4.11e-01
-9.27e-02
8.53e-01
-1.54e-01
-7.24e-02
1.68e-01
6.10e-01
-4.42e-01
2.82e-01
-1.82e-01
-2.37e-01
-3.75e-01
-3.34e-01
7.50e-01
9.00e-01
3.55e-01
-6.67e-01
9.34e-01
-5.40e-01
9.65e-01
-2.18e-01
-7.19e-01
4.53e-01
6.04e-01
7.54e-01
2.23e-01
4.70e-01
3.17e-01
1.39e-01
-5.43e-01
3.60e-01
7.66e-01
-4.77e-01
-2.13e-01
9.63e-01
7.74e-01
2.32e-01
-1.88e-01
9.36e-01
9.87e-01
-1.72e-01
9.66e-01
4.97e-03
2.69e-01
3.78e-01
-9.62e-01
7.86e-01
-4.11e-01
3.88e-01
9.39e-01
2.67e-01
-8.52e-01
-8.34e-01
6.66e-01
5.94e-02
-2.53e-01
-9.76e-01
1.05e-01
2.00e-01
-9.49e-01
8.39e-01
5.66e-01
1.90e-01
-8.90e-01
-9.69e-01
1.35e-01
2.54e-02
-9.67e-01
-4.12e-01
-9.92e-01
4.46e-01
-9.84e-01
9.92e-01
-4.81e-01
-5.53e-01
2.63e-02
2.64e-01
-6.42e-01
8.21e-01
-8.33e-01
6.99e-01
-9.17e-01
3.30e-01
8.80e-01
2.60e-01
-3.20e-02
8.49e-01
8.77e-01
-8.00e-01
8.90e-01
-8.19e-01
-2.34e-01
7.26e-01
-8.33e-01
6.16e-01
3.69e-01
-2.05e-01
-1.44e-01
3.20e-02
8.00e-02
-4.99e-01
-6.76e-01
3.42e-01
-2.32e-01
7.91e-03
5.75e-01
1.57e-01
-9.19e-01
6.88e-01
-7.46e-01
3.16e-01
-9.90e-01
9.31e-01
2.12e-01
-1.25e-01
2.41e-01
9.83e-01
7.55e-01
-6.46e-01
9.76e-01
4.13e-01
-9.77e-02
2.04e-01
1.41e-01
2.26e-01
-8.02e-01
-1.94e-01
-1.99e-01
2.73e-01
-9.42e-01
-3.79e-01
-5.37e-01
-9.87e-02
-6.63e-01
-9.68e-02
8.34e-01
-9.20e-01
-8.41e-01
5.05e-01
-5.23e-01
6.81e-01
-3.26e-01
5.89e-02
-1.06e-01
3.41e-01
-1.69e-01
5.80e-01
1.88e-01
-9.50e-01
7.61e-01
4.06e-01
7.07e-01
-4.24e-01
-1.30e-01
-8.07e-01
1.27e-01
-1.45e-01
-7.90e-01
7.11e-01
-6.06e-02
7.11e-01
6.61e-01
8.65e-01
-9.23e-01
-9.23e-01
8.64e-01
9.12e-01
5.20e-01
4.71e-01
-8.58e-01
1.93e-01
-3.55e-01
-7.64e-01
-7.08e-01
-1.46e-01
1.39e-02
3.19e-01
5.54e-01
8.25e-01
2.06e-01
-8.72e-01
-3.29e-01
-8.76e-01
-7.82e-01
-5.30e-03
-1.54e-01
3.87e-01
8.44e-01
2.31e-01
-2.21e-02
-3.14e-01
3.78e-01
-7.56e-01
9.96e-01
5.32e-01
9.05e-01
3.32e-01
6.60e-01
2.40e-01
7.74e-01
-7.85e-01
9.50e-01
-7.66e-01
2.36e-01
7.56e-01
9.10e-02
2.01e-01
-3.10e-01
2.27e-01
-8.37e-01
-1.89e-01
-6.79e-01
4.41e-01
4.08e-01
-8.90e-01
4.32e-01
-6.45e-01
-1.95e-01
-8.79e-01
9.33e-01
-7.30e-01
8.90e-01
5.83e-01
-9.55e-01
1.70e-01
8.98e-01
-2.95e-01
-6.58e-01
-1.04e-01
-5.80e-02
-1.12e-01
-4.93e-01
-2.49e-01
