-6.69e-01
3.43e-01
-8.82e-01
7.55e-01
9.60e-01
8.65e-01
5.78e-01
-5.31e-01
-9.44e-01
-9.87e-01
2.96e-01
-3.86e-01
2.18e-01
-9.93e-01
-9.86e-01
1.16e-02
7.50e-01
6.71e-01
-2.65e-01
-5.84e-01
1.39e-01
-9.88e-01
-1.16e-01
3.48e-01
-4.05e-01
-6.64e-01
-5.32e-01
5.95e-01
-9.16e-02
8.24e-01
-7.44e-02
9.16e-02
-7.80e-01
7.83e-01
-1.90e-01
9.41e-01
7.95e-01
8.86e-01
5.79e-02
-9.75e-01
6.28e-01
-1.31e-01
1.76e-01
6.01e-01
-7.67e-01
5.82e-01
4.76e-01
-1.62e-01
5.77e-01
-7.70e-01
7.33e-01
-9.59e-01
8.25e-01
-7.50e-01
2.81e-02
5.73e-01
8.27e-01
8.65e-01
3.64e-01
1.58e-01
8.25e-01
1.37e-01
-5.08e-01
-2.79e-01
6.25e-01
-8.04e-01
-7.65e-01
4.39e-01
9.65e-01
3.33e-01
-2.98e-01
2.04e-01
2.73e-01
9.49e-01
-5.96e-02
3.86e-01
-1.09e-01
1.55e-01
4.79e-01
-6.30e-01
5.68e-01
9.69e-01
9.11e-01
-8.04e-01
3.49e-01
1.14e-01
6.82e-01
5.19e-01
-1.94e-01
-6.58e-01
8.48e-01
8.88e-01
-4.82e-01
-8.58e-01
-4.51e-01
5.99e-01
-5.91e-03
-7.81e-01
-2.66e-01
4.87e-01
-1.42e-01
-8.04e-01
-7.58e-02
-3.52e-01
4.31e-01
4.41e-01
2.90e-02
-7.09e-01
8.53e-01
6.72e-01
3.27e-01
6.99e-01
-2.31e-01
-4.99e-01
-1.88e-01
-9.59e-02
-8.64e-01
9.70e-01
9.31e-01
6.83e-01
1.91e-01
-7.90e-01
4.81e-01
4.11e-01
-9.40e-01
4.37e-01
1.22e-01
1.18e-01
-5.05e-01
2.28e-01
-8.15e-01
7.81e-01
-7.68e-01
3.80e-01
-2.46e-01
1.41e-01
4.51e-01
2.56e-01
9.66e-01
-6.78e-01
5.51e-01
-3.36e-01
-8.15e-02
9.44e-01
9.93e-01
-2.95e-01
-6.23e-01
1.92e-01
-8.07e-02
-3.23e-02
6.48e-01
7.66e-01
-8.47e-01
-7.89e-01
6.23e-01
-3.32e-01
1.36e-01
-5.50e-01
-7.55e-01
2.54e-01
-4.64e-01
-3.85e-01
6.49e-01
-2.09e-01
-5.69e-01
5.66e-01
8.29e-01
-5.83e-03
7.20e-01
1.88e-01
8.31e-01
-2.42e-03
-6.58e-01
5.85e-02
2.39e-01
-6.57e-01
1.65e-01
-3.70e-02
3.03e-01
-2.62e-01
2.25e-01
-7.28e-01
-9.61e-01
-9.35e-01
5.84e-01
8.88e-01
-6.44e-01
-6.44e-01
6.50e-01
-9.82e-01
1.89e-01
-8.44e-01
9.26e-01
7.34e-01
-7.86e-02
4.78e-02
9.42e-01
-5.91e-01
1.86e-01
-8.06e-01
5.20e-01
6.11e-01
-1.08e-01
4.99e-01
6.62e-01
2.83e-01
8.38e-01
-3.07e-01
9.74e-01
-1.42e-01
-6.89e-01
-8.78e-01
9.58e-01
-2.15e-01
-6.85e-04
7.98e-01
-2.90e-01
-5.35e-02
-1.12e-01
7.69e-01
9.13e-01
1.94e-01
3.02e-02
-2.83e-01
7.26e-01
7.13e-01
4.83e-01
1.32e-02
7.64e-01
4.39e-01
5.51e-01
5.72e-01
4.48e-01
6.11e-01
7.55e-01
-1.93e-01
8.77e-01
6.89e-01
5.14e-01
-4.86e-01
2.67e-01
2.12e-01
-4.44e-01
1.98e-01
6.99e-01
-7.33e-01
-7.54e-01
6.86e-01
5.61e-01
-4.63e-01
5.12e-01
9.46e-01
-3.58e-01
-9.81e-01
-3.32e-01
-9.53e-01
8.74e-01
-6.96e-01
-1.26e-01
-4.65e-01
5.38e-01
-4.89e-01
6.23e-01
4.74e-01
1.09e-01
