-6.69e-01
3.43e-01
-8.82e-01
7.55e-01
9.60e-01
8.65e-01
5.78e-01
-5.31e-01
-9.44e-01
-9.87e-01
2.96e-01
-3.86e-01
2.18e-01
-9.93e-01
-9.86e-01
1.16e-02
7.50e-01
6.71e-01
-2.65e-01
-5.84e-01
1.39e-01
-9.88e-01
-1.16e-01
3.48e-01
-4.05e-01
-6.64e-01
-5.32e-01
5.95e-01
-9.16e-02
8.24e-01
-7.44e-02
9.16e-02
-7.80e-01
7.83e-01
-1.90e-01
9.41e-01
7.95e-01
8.86e-01
5.79e-02
-9.75e-01
6.28e-01
-1.31e-01
1.76e-01
6.01e-01
-7.67e-01
5.82e-01
-6.33e-01
5.73e-01
-4.65e-01
-6.66e-01
-9.18e-01
-2.07e-01
5.51e-01
-1.74e-01
6.03e-01
-7.72e-01
-6.27e-01
-9.17e-01
-8.57e-01
1.58e-01
8.25e-01
1.37e-01
-5.08e-01
-2.79e-01
6.25e-01
-8.04e-01
-7.65e-01
4.39e-01
9.65e-01
3.33e-01
-2.98e-01
2.04e-01
-4.69e-01
-7.82e-01
-5.57e-01
2.93e-02
6.78e-01
-6.20e-01
-9.52e-02
6.81e-01
3.23e-01
-2.95e-01
5.52e-01
1.08e-02
-9.26e-01
-1.48e-01
5.72e-01
-7.40e-01
-2.02e-01
3.14e-01
8.04e-02
-4.85e-01
2.80e-02
-4.58e-01
-1.15e-01
6.02e-01
2.93e-01
-1.47e-01
-7.27e-01
-6.68e-01
-4.53e-01
9.39e-01
4.26e-01
-7.27e-01
4.10e-01
-5.21e-02
7.17e-01
7.38e-01
-1.82e-01
-6.09e-01
-5.19e-01
5.59e-01
5.35e-01
2.18e-01
3.78e-01
-7.84e-01
4.24e-01
2.29e-01
-3.11e-01
-2.27e-01
-6.92e-01
9.22e-01
-2.90e-01
4.06e-01
-4.84e-01
-5.75e-01
4.67e-01
-3.46e-01
9.89e-01
-1.59e-01
1.23e-01
-2.40e-01
9.45e-01
-6.11e-02
2.32e-01
9.84e-01
-7.12e-01
1.84e-01
8.20e-01
-2.33e-01
-5.82e-01
1.56e-01
1.98e-01
5.93e-01
-2.15e-01
-4.02e-01
8.76e-01
9.47e-01
3.01e-01
2.53e-01
8.96e-01
-4.07e-01
3.29e-01
-3.31e-01
-5.77e-01
7.11e-02
-1.83e-01
4.66e-03
4.60e-01
-8.49e-01
4.90e-01
-5.92e-01
-9.62e-01
3.08e-01
9.39e-01
-2.87e-01
9.05e-01
-9.91e-01
6.22e-01
-9.10e-01
1.68e-01
3.58e-01
-8.23e-01
-8.16e-01
1.86e-01
-2.99e-01
2.17e-02
6.41e-01
-3.25e-01
4.72e-01
-7.44e-01
8.81e-01
1.79e-01
-7.35e-01
-6.78e-01
-1.51e-01
3.80e-01
-2.48e-01
-2.41e-01
8.65e-01
-7.58e-02
-8.51e-01
7.35e-01
3.54e-01
-2.35e-02
-7.80e-01
-4.53e-01
-3.81e-01
-1.08e-01
6.32e-01
-9.36e-01
9.81e-01
-4.01e-01
7.93e-01
-3.27e-01
2.83e-01
8.38e-01
-3.07e-01
9.74e-01
-1.42e-01
-6.89e-01
-8.78e-01
9.58e-01
-2.15e-01
-6.85e-04
7.98e-01
-2.90e-01
-5.35e-02
-1.12e-01
7.69e-01
9.13e-01
1.94e-01
3.02e-02
-2.83e-01
7.26e-01
7.13e-01
4.83e-01
1.32e-02
7.64e-01
4.39e-01
5.51e-01
5.72e-01
4.48e-01
6.11e-01
7.55e-01
-1.93e-01
8.77e-01
6.89e-01
5.14e-01
-4.86e-01
2.67e-01
2.12e-01
-4.44e-01
1.19e-01
6.99e-01
-7.33e-01
-7.54e-01
6.86e-01
5.61e-01
-4.63e-01
5.12e-01
9.46e-01
-3.58e-01
-9.81e-01
-3.32e-01
-9.53e-01
8.74e-01
-6.96e-01
-1.26e-01
-4.65e-01
5.38e-01
-4.89e-01
6.23e-01
4.74e-01
1.09e-01
