-9.61e-02
9.65e-02
5.42e-02
-2.34e-02
-3.77e-01
7.06e-01
6.98e-01
9.23e-01
-8.97e-01
-9.53e-01
3.53e-01
8.35e-01
9.68e-01
-3.71e-01
1.23e-01
5.89e-01
9.07e-01
-3.59e-01
7.62e-01
-2.45e-01
-7.36e-01
3.80e-01
-3.80e-01
-3.90e-01
9.17e-01
2.17e-01
-5.68e-01
-1.87e-01
-3.08e-01
-8.18e-01
2.35e-01
8.65e-01
-7.42e-01
-4.39e-01
-7.62e-01
-9.73e-01
2.90e-01
9.93e-01
2.49e-01
8.84e-01
-4.36e-01
8.95e-01
8.95e-02
6.22e-01
3.04e-01
1.97e-02
-3.21e-01
-3.08e-01
-3.70e-01
1.53e-01
7.95e-02
7.51e-01
7.07e-01
8.12e-01
4.44e-01
5.71e-01
-4.64e-02
-6.19e-01
-5.79e-02
-7.95e-02
-5.14e-02
6.96e-01
-2.50e-01
-4.31e-01
-5.64e-02
5.19e-01
-1.23e-01
8.40e-01
-8.37e-01
-9.60e-01
6.49e-01
6.56e-01
-7.37e-01
1.45e-01
7.03e-01
-5.17e-01
7.78e-01
9.55e-01
-9.81e-02
1.67e-01
2.50e-01
-5.97e-01
1.03e-01
5.01e-01
9.10e-01
4.00e-01
-9.68e-02
-5.94e-01
-8.93e-01
5.98e-01
2.10e-01
-6.73e-01
-8.17e-01
5.75e-01
2.39e-01
1.61e-01
2.46e-01
9.56e-01
8.51e-01
-8.51e-01
-2.46e-01
-3.67e-01
-3.74e-01
-5.64e-01
-1.98e-01
-9.85e-01
-6.64e-01
9.31e-01
-1.47e-02
-4.62e-03
-1.31e-01
2.28e-02
1.25e-02
-8.93e-01
9.20e-01
-1.21e-02
1.34e-01
-4.07e-01
6.47e-01
2.02e-01
8.70e-01
-7.09e-01
2.69e-01
-4.18e-01
-8.85e-01
-6.15e-01
1.51e-01
-6.81e-01
6.03e-01
9.71e-01
-5.39e-01
-5.66e-01
4.65e-01
-4.05e-01
1.43e-01
-3.44e-01
2.95e-02
7.15e-01
2.82e-01
8.15e-01
2.17e-01
1.99e-01
6.85e-01
2.39e-01
-4.05e-01
2.63e-01
5.64e-01
3.10e-01
2.19e-01
7.38e-01
-1.07e-01
-5.07e-02
-3.88e-01
1.46e-01
-6.21e-01
-7.54e-03
-8.83e-01
-3.41e-01
-9.25e-01
-8.11e-02
8.71e-02
-2.97e-01
4.28e-01
5.84e-01
5.94e-01
3.19e-01
-5.33e-01
-5.65e-01
1.56e-01
8.05e-01
4.38e-01
-9.29e-01
-9.20e-01
-2.87e-01
-8.39e-01
5.84e-01
-7.62e-01
-9.06e-01
1.71e-01
-2.66e-01
1.99e-01
4.85e-01
-4.58e-02
-5.79e-01
-9.14e-01
-1.02e-01
-2.08e-01
1.87e-01
2.61e-01
-9.29e-01
-5.40e-01
9.01e-01
9.40e-02
-1.85e-01
-8.85e-01
5.51e-02
6.67e-01
-4.89e-01
-6.44e-01
-7.17e-01
-9.56e-01
-9.53e-02
-7.69e-01
-4.79e-01
4.41e-01
-9.52e-01
7.38e-01
-8.33e-01
4.58e-01
1.62e-01
-9.17e-01
-5.65e-01
6.16e-01
6.25e-01
4.79e-01
-3.63e-01
-1.64e-01
4.60e-01
-9.19e-01
7.61e-02
5.02e-01
-5.68e-01
6.84e-01
9.68e-01
-9.14e-01
4.22e-01
-6.39e-01
-9.99e-01
-1.37e-01
9.93e-01
-7.78e-01
3.21e-01
-3.27e-01
-9.91e-01
-6.54e-01
-5.81e-01
-2.03e-01
-4.88e-01
-7.61e-01
-7.17e-01
2.13e-01
4.58e-01
8.90e-01
-8.76e-01
-4.14e-01
1.56e-01
4.08e-01
-8.73e-01
-1.83e-01
9.73e-01
-1.38e-01
6.58e-01
-1.12e-01
2.17e-01
4.49e-01
1.37e-01
-6.01e-01
7.11e-01
4.56e-01
-4.77e-01
-9.39e-02
9.70e-03
-2.54e-01
-1.60e-02
1.04e-01
