4.36e-02
-4.31e-01
3.33e-01
-9.18e-01
-4.77e-01
9.32e-01
3.65e-01
6.81e-02
8.95e-01
7.80e-01
2.89e-01
-7.29e-01
8.03e-01
-2.63e-01
-8.04e-01
8.23e-01
2.34e-01
5.52e-01
-2.24e-01
8.80e-01
5.84e-01
5.20e-01
-1.56e-01
-4.60e-01
-5.08e-02
7.92e-02
6.90e-01
-9.53e-01
6.25e-01
6.70e-01
2.12e-01
9.85e-01
-9.92e-01
6.18e-01
-9.87e-01
4.94e-01
8.71e-01
-4.81e-01
-5.05e-01
8.05e-01
-8.53e-01
2.46e-01
3.87e-01
6.04e-01
6.52e-02
2.43e-02
4.68e-01
4.83e-01
-4.14e-01
-6.91e-01
-1.61e-01
3.54e-01
8.43e-01
-4.64e-01
5.62e-01
3.70e-01
-2.21e-01
2.91e-01
4.77e-01
1.87e-02
4.92e-01
-5.45e-01
-3.15e-01
-2.43e-01
-9.10e-01
-4.23e-02
5.07e-01
-4.59e-01
-3.38e-01
-8.93e-01
-9.88e-01
4.72e-01
-5.64e-01
2.62e-02
-4.80e-01
6.59e-01
-2.79e-01
-3.14e-01
6.29e-01
4.06e-02
5.90e-01
-8.50e-01
4.90e-01
2.95e-01
7.66e-01
-4.16e-01
-2.12e-01
-4.69e-01
-2.15e-01
5.46e-01
4.80e-01
-1.19e-01
-1.04e-01
-5.21e-01
-5.17e-01
-5.09e-01
-5.59e-01
7.49e-01
2.19e-01
6.72e-01
7.75e-01
5.04e-01
5.04e-01
-5.90e-01
-8.35e-01
1.31e-01
-5.63e-01
3.60e-01
-6.53e-01
-3.49e-01
2.46e-02
-1.11e-01
4.78e-01
-2.10e-01
2.91e-01
4.09e-01
5.39e-02
-2.76e-01
-8.13e-01
-5.36e-01
9.66e-01
4.95e-02
5.41e-01
-5.09e-01
-2.07e-01
2.43e-02
8.59e-01
8.94e-01
-6.16e-01
-6.78e-01
4.42e-01
-5.74e-01
-7.83e-01
8.41e-01
-2.35e-02
-3.64e-01
-1.51e-01
3.89e-01
2.20e-01
-1.95e-01
-1.26e-01
-5.86e-01
6.31e-01
3.92e-01
-8.28e-01
3.47e-01
1.57e-01
-5.71e-01
-4.51e-01
-4.00e-01
-9.03e-01
3.19e-01
-6.29e-01
-7.42e-01
-1.79e-01
-1.50e-01
-4.23e-01
-7.66e-01
6.55e-01
-7.11e-01
6.27e-01
8.01e-01
3.56e-01
-9.22e-01
3.98e-01
-2.54e-01
-3.90e-01
2.73e-01
7.52e-01
-5.01e-01
-7.86e-01
-3.32e-01
9.77e-01
3.70e-01
8.11e-01
-6.43e-01
5.13e-01
-4.36e-01
6.00e-01
1.49e-01
5.63e-01
2.97e-01
-5.74e-01
-7.02e-01
1.40e-01
4.65e-01
5.01e-01
-3.25e-01
-9.38e-01
1.37e-01
3.02e-01
-3.19e-01
-5.86e-01
-3.21e-01
-9.77e-01
-9.26e-01
-3.83e-01
-6.70e-01
-4.33e-01
-6.96e-02
7.78e-01
5.20e-01
-2.52e-01
4.49e-01
-2.78e-01
-5.00e-01
3.27e-01
2.24e-01
-5.95e-01
-2.70e-01
-4.33e-01
1.04e-02
6.98e-01
-3.87e-01
-4.75e-01
-7.15e-01
2.69e-02
8.80e-01
2.08e-01
-2.73e-01
1.29e-01
5.56e-01
7.85e-01
5.82e-01
-9.13e-01
1.02e-01
-6.67e-01
2.70e-01
-3.71e-01
-4.36e-01
-5.89e-02
8.82e-01
-7.02e-01
4.80e-01
9.12e-01
4.89e-01
4.51e-01
-3.45e-01
2.53e-01
5.53e-01
5.41e-01
-4.58e-01
6.72e-01
2.26e-01
3.05e-01
-3.89e-01
-4.79e-01
4.75e-01
1.61e-01
2.84e-01
-3.00e-01
5.94e-01
-3.49e-01
-3.27e-01
6.38e-01
-5.49e-01
4.27e-02
1.62e-01
-7.47e-01
-8.80e-01
-6.54e-01
-3.89e-01
4.30e-01
-1.02e-01
-1.75e-01
