-8.61e-01
-1.13e-01
-2.46e-01
8.54e-01
-9.09e-01
3.66e-01
-6.03e-01
-3.94e-01
-5.10e-01
-7.53e-01
-7.30e-01
7.79e-01
-8.73e-02
-7.00e-01
-2.18e-01
-7.74e-01
-7.79e-01
5.20e-01
-1.97e-01
-9.02e-02
1.80e-01
-7.97e-01
5.54e-01
7.52e-01
-7.22e-01
-2.14e-01
-6.08e-01
9.85e-01
-2.81e-01
9.10e-01
2.62e-01
-6.40e-01
2.48e-01
-1.10e-01
-5.58e-01
5.29e-01
6.56e-01
-4.05e-02
-8.98e-01
-3.88e-01
-6.71e-02
-6.59e-01
-3.26e-01
1.42e-01
-8.32e-01
7.83e-01
8.56e-01
9.28e-01
5.20e-01
-6.54e-01
9.42e-01
-2.17e-01
5.94e-01
-1.74e-01
7.41e-01
-7.06e-01
-6.40e-01
6.63e-01
-3.54e-01
-8.47e-01
4.81e-02
2.24e-01
5.22e-01
-4.60e-01
1.08e-01
8.36e-01
1.14e-01
-7.79e-01
-8.39e-01
9.69e-01
-9.69e-01
8.50e-01
9.37e-01
-3.94e-01
-1.07e-01
7.30e-01
-1.09e-01
9.93e-01
-3.99e-01
-5.45e-01
-6.15e-01
6.13e-01
5.11e-01
-4.69e-02
-7.94e-01
4.37e-01
-7.67e-01
8.41e-02
8.53e-01
5.10e-01
-7.65e-01
-5.97e-01
6.64e-01
6.87e-01
-2.62e-01
2.45e-01
-8.07e-01
-8.39e-01
2.11e-01
6.32e-01
3.57e-01
-8.58e-01
-2.82e-01
-9.07e-01
3.34e-01
-8.60e-01
5.46e-01
-2.76e-02
4.17e-01
7.64e-01
-1.19e-01
8.49e-02
3.30e-01
9.04e-01
3.48e-01
-5.96e-01
3.19e-01
-3.51e-01
-2.35e-01
-8.23e-02
1.18e-01
-3.53e-01
-3.04e-02
-2.02e-01
6.13e-01
5.58e-01
-1.34e-01
5.42e-02
5.40e-01
5.82e-01
8.19e-03
-3.03e-01
-6.54e-01
-9.00e-01
6.65e-01
7.36e-02
5.67e-01
-4.41e-01
-6.30e-01
2.48e-01
-3.35e-01
-1.95e-01
-5.84e-01
-8.04e-01
-5.74e-01
-5.61e-01
-3.39e-01
-6.66e-01
-6.33e-01
9.46e-01
-7.10e-01
8.48e-01
-6.86e-01
-2.03e-01
2.95e-01
9.38e-01
4.24e-02
4.50e-01
-3.19e-01
4.54e-01
6.61e-01
5.84e-01
-8.46e-01
-8.36e-01
-2.62e-01
-7.99e-01
-4.39e-01
4.92e-01
6.10e-01
-4.70e-01
6.56e-01
-7.00e-01
-8.06e-01
4.76e-01
9.22e-01
8.50e-01
9.53e-01
9.25e-01
5.04e-01
9.18e-01
-8.03e-01
9.60e-01
-6.69e-01
-7.57e-01
7.03e-01
-1.21e-01
-4.08e-01
9.06e-01
-4.37e-01
4.03e-01
-5.11e-01
-1.60e-01
6.58e-01
-9.74e-01
8.58e-01
-7.27e-01
-9.28e-02
8.83e-01
6.87e-01
-3.61e-02
4.46e-01
-7.92e-01
4.33e-01
2.11e-01
-7.74e-01
4.98e-01
1.39e-02
3.91e-01
-5.94e-01
8.77e-01
-4.03e-01
-1.14e-01
5.78e-01
4.99e-02
-2.80e-01
2.82e-01
3.87e-01
-2.98e-01
-2.89e-01
5.47e-01
-6.74e-02
7.05e-01
5.49e-01
5.20e-01
3.10e-02
-1.82e-01
1.29e-01
-5.25e-01
-5.37e-01
4.77e-01
-7.54e-01
-1.63e-01
9.86e-01
-5.36e-01
-5.00e-01
8.39e-01
4.23e-01
-9.27e-01
-3.08e-01
2.77e-01
-9.90e-01
-5.75e-01
-3.76e-01
6.64e-02
3.06e-01
4.79e-02
9.85e-01
-8.33e-02
-1.80e-01
-3.11e-01
-8.66e-01
9.87e-02
9.44e-01
7.93e-01
-2.13e-01
2.81e-01
-7.47e-01
3.53e-01
-1.93e-01
5.33e-01
-5.51e-01
-6.10e-01
-5.23e-01
7.88e-01
3.71e-02
