-8.61e-01
-1.13e-01
-2.46e-01
8.54e-01
-9.09e-01
3.66e-01
-6.03e-01
-3.94e-01
-5.10e-01
-7.53e-01
-7.30e-01
7.79e-01
-8.73e-02
-7.00e-01
-2.18e-01
-7.74e-01
-7.79e-01
5.20e-01
-1.97e-01
-9.02e-02
1.80e-01
-7.97e-01
5.54e-01
7.52e-01
-7.22e-01
-2.14e-01
-6.08e-01
9.85e-01
-2.81e-01
9.10e-01
2.62e-01
-6.40e-01
2.48e-01
-1.10e-01
-5.58e-01
5.29e-01
6.56e-01
-4.05e-02
-8.98e-01
-3.88e-01
-6.71e-02
-6.59e-01
-3.26e-01
1.42e-01
6.64e-01
-3.46e-01
-1.87e-01
-1.19e-01
-3.87e-01
6.43e-01
-2.18e-01
-4.61e-01
4.74e-01
8.36e-01
7.75e-01
4.58e-01
-1.25e-01
-8.83e-01
-7.29e-01
4.50e-01
-3.98e-01
2.04e-01
-5.14e-01
6.90e-01
4.57e-01
5.95e-01
8.81e-02
-2.02e-01
3.73e-01
-8.16e-01
8.15e-01
1.28e-01
2.54e-01
-8.04e-01
-3.30e-01
9.27e-01
-3.88e-01
2.93e-02
4.81e-01
-8.10e-01
-1.10e-01
-4.27e-01
-8.68e-02
4.14e-01
-9.45e-01
-7.42e-01
4.22e-01
-9.62e-01
-7.86e-01
8.62e-01
7.44e-01
-6.52e-01
6.64e-01
6.87e-01
-2.62e-01
2.45e-01
-8.07e-01
-8.39e-01
2.11e-01
6.32e-01
3.57e-01
-8.58e-01
-2.82e-01
-9.07e-01
3.34e-01
-8.60e-01
5.46e-01
-2.76e-02
4.17e-01
7.64e-01
-1.19e-01
8.49e-02
3.30e-01
9.04e-01
3.48e-01
-5.96e-01
3.19e-01
-3.51e-01
-2.35e-01
-8.23e-02
1.18e-01
-6.39e-01
-3.14e-01
-6.10e-01
2.96e-01
-6.03e-02
-1.25e-01
9.08e-01
3.46e-01
5.82e-01
8.19e-03
-3.03e-01
-6.54e-01
-9.00e-01
6.65e-01
7.36e-02
5.67e-01
-4.41e-01
-6.30e-01
2.48e-01
-3.35e-01
-1.95e-01
-5.84e-01
-8.04e-01
-5.74e-01
-5.61e-01
4.61e-01
7.93e-01
-4.47e-01
-1.65e-01
-3.59e-01
-9.69e-01
-8.04e-01
8.00e-01
8.13e-01
7.85e-01
-9.52e-01
4.50e-01
-3.19e-01
4.54e-01
6.61e-01
5.84e-01
-8.46e-01
-8.36e-01
-2.62e-01
-4.20e-01
7.58e-02
-7.14e-01
6.10e-01
-4.70e-01
6.56e-01
-7.00e-01
-8.06e-01
4.76e-01
9.22e-01
8.50e-01
-3.75e-01
5.01e-01
-1.83e-01
1.08e-01
3.37e-02
-8.69e-01
-4.14e-01
-5.25e-02
6.42e-01
-3.47e-01
-5.76e-01
6.95e-01
3.88e-01
8.20e-01
4.25e-01
-2.89e-02
8.24e-01
5.93e-01
-6.43e-01
-9.78e-02
-1.10e-01
5.64e-01
7.88e-01
9.67e-01
1.54e-02
-9.55e-02
-6.39e-01
-8.41e-01
-5.31e-01
3.03e-01
-1.55e-01
-9.09e-01
-1.37e-01
-1.76e-01
4.79e-01
3.04e-01
-1.35e-01
5.72e-01
-2.14e-01
-1.92e-02
9.86e-01
-7.41e-01
3.77e-01
2.91e-01
4.51e-01
-1.91e-01
-5.64e-01
5.20e-01
3.10e-02
-1.82e-01
1.29e-01
-5.25e-01
-5.37e-01
4.77e-01
-7.54e-01
-1.63e-01
9.86e-01
-5.36e-01
-5.00e-01
8.39e-01
5.31e-01
-9.27e-01
-3.08e-01
2.77e-01
-9.90e-01
-5.75e-01
-3.76e-01
6.64e-02
3.06e-01
-3.86e-01
-9.99e-01
-8.99e-01
-2.95e-01
-3.11e-01
-8.66e-01
6.64e-01
-3.54e-01
-1.69e-01
-2.13e-01
2.81e-01
-7.47e-01
3.53e-01
-1.93e-01
5.33e-01
-5.51e-01
-6.10e-01
-5.23e-01
7.88e-01
3.71e-02
