-9.17e-01
7.92e-01
9.43e-01
-4.88e-01
-4.18e-01
-8.05e-01
5.75e-01
6.62e-01
9.92e-01
2.62e-02
7.39e-01
8.34e-01
-4.66e-01
-5.77e-01
1.18e-01
8.75e-01
-3.47e-01
7.69e-02
7.61e-01
1.19e-02
-5.59e-01
5.65e-01
8.94e-01
4.85e-01
2.37e-01
-5.58e-01
-6.25e-01
4.28e-01
-2.94e-01
-9.22e-01
-3.24e-01
-8.59e-01
-6.17e-01
-9.28e-01
-8.05e-01
-2.13e-01
4.50e-01
8.33e-01
-5.95e-01
-4.64e-01
-4.31e-02
-4.98e-01
-2.29e-01
7.10e-01
-5.46e-02
3.95e-01
5.35e-01
5.32e-01
-4.21e-01
-4.93e-01
8.17e-01
7.12e-01
4.30e-01
-7.26e-01
-8.66e-01
-7.76e-01
-9.98e-01
5.28e-01
-2.66e-01
-9.46e-01
6.81e-02
-2.25e-01
8.94e-01
1.22e-01
-6.80e-01
-6.78e-02
6.34e-01
1.69e-01
-2.28e-01
-6.09e-01
-1.98e-01
-5.15e-01
4.54e-01
2.75e-02
1.00e-01
8.58e-01
-8.11e-01
-1.14e-01
-5.23e-02
1.96e-01
1.51e-01
6.43e-01
7.43e-01
-3.33e-01
-8.18e-01
-4.70e-01
-1.87e-01
-9.41e-01
-5.63e-01
-1.62e-01
5.03e-01
1.58e-01
-6.35e-01
-3.76e-01
5.48e-01
6.45e-01
8.74e-01
-3.53e-01
-9.68e-01
1.93e-01
4.19e-01
3.08e-02
-4.94e-01
-9.05e-01
6.20e-01
-3.50e-01
-1.56e-01
-6.84e-01
-8.50e-01
8.25e-01
6.39e-02
-3.43e-01
-3.77e-01
-3.84e-01
-3.97e-01
8.42e-01
8.70e-01
-1.20e-01
-4.77e-01
-5.56e-01
-1.81e-01
5.72e-01
9.50e-01
5.18e-01
-2.23e-01
2.51e-01
3.17e-01
-9.13e-01
1.48e-01
4.16e-01
3.22e-01
-9.78e-01
-5.88e-01
8.39e-01
2.88e-01
-4.81e-01
4.35e-01
-3.08e-01
4.96e-01
-8.86e-01
1.40e-02
-1.59e-01
-1.71e-01
1.85e-01
6.41e-03
-2.97e-01
8.05e-01
-8.77e-01
-7.35e-02
-4.36e-01
8.79e-01
2.33e-01
3.34e-01
2.61e-01
1.92e-01
-3.25e-01
1.30e-01
6.85e-01
-6.26e-01
-3.40e-01
9.72e-01
4.74e-03
-9.39e-01
-8.69e-01
5.77e-01
-7.86e-01
-7.02e-01
-3.49e-02
-7.62e-01
7.15e-01
1.50e-01
-9.18e-01
4.18e-01
8.52e-01
7.49e-01
-3.36e-01
-5.75e-01
7.93e-01
-8.92e-01
-7.73e-01
-7.19e-01
-6.71e-01
7.09e-01
4.35e-01
5.89e-01
-1.48e-01
2.72e-01
-1.93e-01
9.08e-01
-6.08e-01
-2.55e-01
9.11e-01
7.63e-01
6.62e-01
5.05e-01
-1.21e-01
-6.37e-01
3.38e-01
3.01e-01
-8.32e-01
6.05e-01
-9.95e-01
7.49e-01
-9.36e-01
-4.40e-02
1.12e-01
6.65e-01
-7.85e-01
6.04e-01
-5.61e-01
-7.77e-01
4.48e-01
4.08e-01
9.03e-01
-8.69e-01
-2.45e-01
3.29e-01
1.78e-01
-5.90e-01
1.11e-01
2.88e-01
7.99e-01
5.35e-01
-2.59e-01
8.66e-01
6.04e-01
-3.35e-01
5.43e-01
3.25e-01
4.20e-01
-7.20e-01
8.64e-01
2.00e-01
-1.58e-01
-6.20e-01
6.68e-01
-8.45e-01
-6.99e-01
-3.50e-02
-2.60e-01
-5.92e-01
4.20e-01
-7.28e-02
2.76e-01
5.32e-01
-6.58e-01
-5.02e-01
8.43e-01
-6.47e-01
-8.26e-01
-8.41e-01
-6.03e-01
9.08e-01
8.87e-01
-8.22e-01
6.29e-01
-7.42e-01
5.16e-01
9.95e-01
-6.25e-01
-4.08e-01
5.30e-01
3.85e-01
4.78e-01
-8.57e-01
