-9.17e-01
7.92e-01
-1.55e-01
-4.88e-01
-4.18e-01
-8.05e-01
5.75e-01
6.62e-01
9.92e-01
2.62e-02
7.39e-01
8.34e-01
-4.66e-01
-5.77e-01
1.18e-01
8.75e-01
-3.47e-01
7.69e-02
7.61e-01
1.19e-02
-5.59e-01
5.65e-01
8.94e-01
4.85e-01
2.37e-01
-5.58e-01
-6.25e-01
4.28e-01
-2.94e-01
-9.22e-01
-3.24e-01
-8.59e-01
-6.17e-01
-9.28e-01
-8.05e-01
-2.13e-01
4.50e-01
8.33e-01
-5.95e-01
-4.64e-01
-4.31e-02
-4.98e-01
-2.29e-01
2.51e-02
9.01e-01
-7.50e-02
-9.87e-01
5.21e-01
7.35e-01
7.47e-01
-9.51e-01
6.06e-01
9.09e-01
2.45e-01
-9.17e-01
2.54e-01
9.61e-01
-5.54e-01
9.92e-01
-2.81e-01
-4.56e-01
9.13e-01
3.34e-01
6.74e-01
-5.36e-01
-4.26e-01
6.34e-01
1.69e-01
-6.26e-01
-6.09e-01
-8.22e-01
-5.15e-01
4.54e-01
2.75e-02
1.00e-01
8.58e-01
-8.11e-01
-1.14e-01
-5.23e-02
1.96e-01
1.51e-01
6.43e-01
7.43e-01
7.60e-01
9.97e-01
-9.35e-01
9.72e-01
1.65e-01
1.23e-02
9.25e-01
-7.33e-02
5.50e-01
-4.98e-01
-8.70e-01
1.86e-01
2.26e-01
-8.48e-01
4.36e-01
-3.41e-01
8.90e-01
-6.51e-01
-8.83e-01
7.80e-01
4.04e-02
-3.47e-01
2.83e-01
1.77e-01
-7.52e-01
3.98e-01
-3.45e-01
8.35e-01
-9.14e-01
2.45e-01
7.66e-01
-6.75e-01
-4.15e-01
4.63e-01
-3.45e-01
3.10e-01
2.95e-01
-6.47e-01
3.91e-01
5.63e-01
2.98e-01
4.37e-02
-7.41e-01
-3.09e-01
4.62e-01
9.58e-01
-7.92e-02
1.82e-01
-9.59e-01
5.24e-01
4.94e-02
7.35e-01
3.86e-01
-4.32e-02
-6.13e-01
7.63e-01
-2.15e-01
-2.14e-01
-1.10e-01
-1.71e-01
1.85e-01
6.41e-03
-2.97e-01
8.05e-01
-8.77e-01
-7.35e-02
-4.36e-01
8.79e-01
2.33e-01
3.34e-01
2.61e-01
1.92e-01
-3.25e-01
1.30e-01
-5.07e-01
-6.26e-01
-3.40e-01
9.72e-01
4.74e-03
-9.39e-01
-8.69e-01
5.77e-01
-7.86e-01
-7.02e-01
-3.49e-02
-7.62e-01
7.15e-01
1.50e-01
-9.18e-01
4.18e-01
8.52e-01
7.49e-01
-3.36e-01
-5.75e-01
7.93e-01
-8.92e-01
-7.73e-01
-7.19e-01
-6.71e-01
7.09e-01
4.35e-01
5.89e-01
-1.48e-01
2.72e-01
-1.93e-01
9.08e-01
-6.08e-01
-2.55e-01
9.11e-01
7.63e-01
6.62e-01
5.05e-01
-1.21e-01
-6.37e-01
3.38e-01
3.01e-01
-8.32e-01
6.05e-01
-9.95e-01
7.49e-01
-9.36e-01
-4.40e-02
1.12e-01
6.65e-01
-2.54e-01
-3.73e-01
7.39e-01
4.48e-01
-5.68e-01
-1.30e-01
5.35e-01
4.61e-01
8.35e-01
-8.10e-01
4.33e-01
7.43e-01
9.85e-01
-4.16e-01
4.65e-01
2.01e-01
-4.23e-01
-7.36e-01
-5.75e-01
-9.85e-01
1.72e-01
-3.01e-01
-5.88e-01
7.50e-01
2.13e-01
6.85e-01
-8.54e-01
3.97e-01
-2.97e-01
-9.67e-01
3.12e-01
9.92e-01
4.85e-01
-4.94e-01
4.69e-01
6.00e-02
5.61e-01
-7.57e-01
2.13e-01
1.16e-02
2.78e-01
7.79e-01
-2.53e-01
-8.69e-01
-7.48e-01
5.58e-01
-9.82e-01
-5.20e-01
-4.60e-01
7.02e-01
3.35e-01
-3.87e-01
-8.38e-01
-9.46e-01
8.41e-01
-7.86e-01
4.78e-01
-8.57e-01
