-9.17e-01
7.92e-01
-1.55e-01
-4.88e-01
-4.18e-01
-8.05e-01
5.75e-01
6.62e-01
9.92e-01
2.62e-02
7.39e-01
8.34e-01
-4.66e-01
-5.77e-01
1.18e-01
8.75e-01
-3.47e-01
7.69e-02
7.61e-01
1.19e-02
-5.59e-01
5.65e-01
8.94e-01
4.85e-01
2.37e-01
-5.58e-01
-6.25e-01
4.28e-01
-2.94e-01
-9.22e-01
-3.24e-01
-8.59e-01
-6.17e-01
-9.28e-01
-8.05e-01
-2.13e-01
4.50e-01
8.33e-01
-5.95e-01
-4.64e-01
-4.31e-02
-4.98e-01
-2.29e-01
7.10e-01
-5.46e-02
3.95e-01
5.35e-01
5.32e-01
-4.21e-01
-4.93e-01
8.17e-01
7.12e-01
4.30e-01
-7.26e-01
-8.66e-01
-7.76e-01
-9.98e-01
5.28e-01
-2.66e-01
-9.46e-01
6.81e-02
-2.25e-01
8.94e-01
1.22e-01
-6.80e-01
-6.78e-02
6.34e-01
1.69e-01
-2.28e-01
-6.09e-01
-1.98e-01
-5.83e-01
-5.29e-01
7.17e-01
-4.20e-01
4.43e-01
-2.30e-01
8.53e-01
6.40e-02
7.87e-01
1.40e-01
-3.50e-01
1.53e-01
7.60e-01
9.97e-01
-9.35e-01
9.72e-01
1.65e-01
1.23e-02
9.25e-01
-7.33e-02
5.50e-01
-4.98e-01
-8.70e-01
1.86e-01
2.26e-01
-8.48e-01
4.36e-01
-3.41e-01
8.90e-01
-6.51e-01
-8.83e-01
7.80e-01
4.04e-02
-3.47e-01
2.83e-01
1.77e-01
-7.52e-01
3.98e-01
-3.45e-01
8.35e-01
-9.14e-01
2.45e-01
7.66e-01
-6.75e-01
-4.15e-01
4.63e-01
-3.45e-01
3.10e-01
2.95e-01
-6.47e-01
3.91e-01
5.63e-01
-9.96e-01
6.77e-01
5.88e-02
2.73e-01
-3.68e-01
-6.65e-01
6.23e-01
-2.42e-01
-9.44e-01
-8.08e-01
-4.44e-03
-8.36e-01
4.77e-01
3.96e-01
7.20e-01
-8.77e-01
4.99e-01
-1.65e-01
-7.23e-01
9.58e-01
4.64e-01
-9.17e-01
7.65e-01
-9.29e-01
1.62e-01
-3.74e-02
4.71e-01
8.82e-01
-8.40e-01
6.77e-01
-9.63e-01
-6.15e-01
1.33e-01
-7.20e-01
2.65e-01
-5.41e-01
-3.68e-01
-2.81e-01
2.68e-01
-8.61e-01
1.36e-01
-6.58e-01
-2.73e-01
-4.82e-01
8.53e-01
8.08e-02
-9.30e-01
6.51e-01
-3.40e-01
-3.46e-01
-2.83e-01
-3.20e-01
-5.49e-01
-8.98e-01
2.55e-01
8.25e-01
2.37e-01
7.87e-01
-9.48e-01
-1.28e-02
9.37e-02
8.73e-01
6.35e-01
2.74e-02
1.54e-01
8.41e-01
2.98e-01
4.61e-01
9.94e-01
9.27e-01
-5.37e-01
2.31e-01
1.09e-01
-2.13e-01
-3.35e-01
7.87e-01
1.22e-01
1.02e-01
2.96e-01
6.60e-01
5.53e-01
8.03e-01
-8.31e-01
-8.17e-01
-2.54e-01
-3.73e-01
7.39e-01
4.48e-01
-5.68e-01
-1.30e-01
5.35e-01
4.61e-01
8.35e-01
-8.10e-01
4.33e-01
7.43e-01
9.85e-01
-4.16e-01
4.65e-01
2.01e-01
-4.23e-01
-7.36e-01
-5.75e-01
-9.85e-01
1.72e-01
-3.01e-01
-5.88e-01
7.50e-01
2.13e-01
-5.07e-01
-8.54e-01
3.97e-01
-2.97e-01
-9.67e-01
3.12e-01
9.92e-01
4.85e-01
-4.94e-01
4.69e-01
6.00e-02
5.61e-01
-7.57e-01
2.13e-01
1.16e-02
2.78e-01
7.79e-01
-2.53e-01
-8.69e-01
-7.48e-01
7.15e-01
-9.82e-01
-5.20e-01
-4.60e-01
7.02e-01
3.35e-01
-3.87e-01
-8.38e-01
-9.46e-01
8.41e-01
-7.86e-01
8.88e-01
5.02e-01
