-6.32e-01
1.64e-01
-6.95e-01
3.29e-02
-8.23e-01
1.92e-01
4.62e-01
6.32e-01
-9.31e-03
-6.37e-01
7.73e-01
-1.07e-01
-1.40e-01
9.85e-01
5.69e-01
4.39e-01
-4.44e-01
-1.20e-01
-8.39e-01
2.48e-01
4.37e-01
-3.83e-01
-1.14e-01
-8.95e-01
-8.21e-01
-6.41e-01
4.58e-01
6.99e-01
-9.86e-01
-3.96e-01
-2.03e-01
-9.06e-02
5.49e-01
9.56e-04
7.52e-01
-7.00e-02
-7.38e-01
-2.59e-02
-5.38e-01
-8.16e-01
3.61e-01
2.35e-01
-4.12e-02
-3.48e-01
-5.60e-01
4.53e-01
6.00e-01
2.27e-01
-1.89e-01
8.27e-01
-8.59e-01
2.42e-01
2.38e-01
-7.61e-01
4.30e-01
-4.41e-01
3.34e-01
-8.38e-01
8.02e-01
8.56e-01
-8.53e-01
2.98e-01
9.91e-01
7.72e-02
1.21e-01
-3.00e-01
3.11e-01
-5.29e-01
-3.38e-01
-2.40e-01
-8.85e-01
6.40e-01
-8.83e-01
7.04e-01
8.25e-01
-2.69e-01
-4.14e-01
6.18e-02
5.57e-01
7.21e-01
-1.68e-01
-7.11e-01
6.60e-01
7.45e-01
1.01e-02
-2.01e-01
9.59e-01
-5.51e-01
-4.63e-01
-1.15e-01
-9.35e-01
5.30e-01
7.57e-01
-6.74e-01
-8.28e-02
5.08e-01
9.97e-01
-6.72e-01
3.00e-01
-3.56e-01
-5.25e-01
-3.53e-01
4.04e-01
4.25e-02
-6.98e-01
-3.32e-01
8.67e-01
-5.59e-01
-2.34e-02
-1.27e-02
-5.68e-01
8.12e-01
3.08e-01
8.01e-01
-4.56e-02
9.84e-01
8.66e-01
-7.13e-01
-5.38e-01
-6.86e-02
3.12e-01
-4.60e-01
-7.77e-01
4.32e-01
-6.48e-01
-3.57e-01
8.32e-01
-9.06e-01
-1.11e-01
-3.33e-01
9.62e-01
-6.44e-01
-6.52e-01
-4.48e-02
-4.04e-01
-4.44e-01
9.91e-01
6.33e-01
-3.66e-01
-3.07e-01
4.15e-01
-9.09e-01
-2.74e-01
2.20e-01
9.38e-01
7.28e-01
9.69e-01
1.29e-01
-3.09e-01
6.79e-01
-3.13e-01
8.92e-01
4.34e-01
-6.53e-01
-9.14e-01
-7.92e-01
8.42e-01
4.79e-01
5.04e-01
9.10e-02
-8.47e-01
7.36e-01
-2.66e-01
2.01e-01
2.85e-02
-5.64e-01
-4.63e-01
6.76e-01
-6.35e-01
-8.35e-01
3.07e-03
-5.32e-01
8.49e-01
8.12e-01
-9.90e-01
-9.90e-01
-6.05e-01
9.58e-01
-4.86e-01
4.47e-02
-1.31e-01
-8.81e-01
7.04e-01
-9.07e-01
1.84e-01
-1.13e-01
-1.18e-03
-6.63e-03
4.29e-01
8.75e-01
7.29e-01
-9.99e-01
-7.43e-01
-6.55e-01
-7.62e-01
7.91e-01
2.10e-01
4.85e-01
6.84e-02
-3.32e-01
7.38e-01
6.98e-01
-1.99e-01
-4.59e-01
3.47e-01
3.11e-01
6.27e-01
6.42e-01
-6.39e-01
3.36e-01
-3.17e-01
7.33e-02
2.16e-03
-4.16e-01
-8.59e-01
4.46e-01
-2.23e-01
-2.97e-01
6.25e-01
-6.91e-01
2.44e-01
4.02e-02
-8.34e-01
3.47e-01
9.92e-01
-2.29e-01
3.82e-02
1.70e-01
3.26e-01
-3.51e-01
4.89e-02
-9.88e-01
-9.84e-01
1.06e-01
8.38e-01
-1.73e-01
8.05e-03
-1.15e-02
8.03e-02
3.43e-01
-5.04e-01
-6.71e-01
6.45e-01
-5.35e-01
-2.28e-01
9.07e-01
1.94e-01
7.74e-01
-9.49e-01
3.76e-01
-7.05e-01
7.64e-01
4.65e-01
9.98e-01
-4.98e-02
-4.90e-01
-9.37e-01
-6.74e-01
-8.64e-02
4.42e-01
-7.29e-01
2.88e-01
8.91e-01
7.87e-01
4.92e-01
