6.98e-01
9.84e-01
-9.30e-01
3.34e-01
-1.04e-01
7.00e-01
2.30e-01
-2.39e-01
-8.08e-01
-8.67e-02
-2.26e-03
-4.39e-01
4.92e-01
1.94e-01
7.85e-01
-1.92e-01
-9.73e-01
-2.42e-01
-2.07e-01
-8.62e-01
-4.91e-01
-1.49e-01
-6.74e-01
-8.85e-01
-3.59e-02
5.47e-01
-5.94e-01
-3.74e-01
-9.50e-01
-5.22e-01
-1.53e-01
-8.36e-01
9.40e-01
8.43e-01
-3.62e-01
3.88e-01
-7.29e-01
9.46e-01
-8.47e-01
9.61e-01
4.99e-01
7.42e-01
-3.29e-01
-5.63e-01
7.23e-01
2.47e-01
-1.28e-01
7.45e-01
-4.55e-01
2.15e-02
-9.81e-01
-9.40e-01
4.49e-01
-1.38e-01
-4.35e-01
3.98e-01
2.23e-01
-6.44e-01
-8.38e-01
7.83e-01
8.01e-03
-4.88e-01
-2.69e-01
8.26e-01
-6.34e-01
4.40e-01
-7.62e-01
-5.76e-02
5.91e-02
9.89e-01
-9.32e-01
1.17e-01
5.14e-01
1.16e-01
-4.44e-01
4.08e-01
5.56e-01
-3.23e-01
-6.58e-01
3.92e-01
1.69e-01
-5.06e-01
2.15e-01
-2.75e-01
-5.03e-01
8.34e-01
9.58e-01
-1.96e-01
-8.28e-01
-6.54e-01
2.34e-01
-7.83e-02
4.80e-01
8.34e-01
2.33e-01
4.60e-01
4.50e-01
3.89e-01
-8.84e-02
-3.84e-01
5.98e-02
6.52e-01
4.81e-02
-7.53e-01
3.37e-01
-9.62e-01
4.48e-01
7.57e-02
-6.45e-01
-5.22e-01
7.87e-01
-9.19e-01
-7.54e-01
-3.43e-01
-6.58e-02
-4.93e-02
2.41e-01
9.68e-01
-5.92e-01
2.99e-01
-4.44e-01
-8.79e-01
1.56e-03
5.51e-01
-2.56e-01
-3.88e-01
2.87e-02
-7.47e-02
-7.35e-01
-5.41e-01
1.87e-01
-4.54e-01
-5.11e-01
-4.97e-01
-8.03e-01
9.68e-01
9.07e-01
9.46e-01
-8.98e-01
-5.58e-01
8.58e-01
-4.98e-01
-7.38e-01
3.82e-02
9.22e-01
8.43e-01
-7.94e-01
-6.17e-01
-3.29e-01
-1.73e-01
-6.23e-01
8.11e-01
5.08e-01
5.49e-01
-4.38e-01
-2.46e-01
6.22e-01
-6.19e-01
4.61e-02
1.71e-03
-8.77e-01
-9.71e-01
4.20e-01
-4.59e-01
2.74e-01
-2.17e-01
7.29e-01
2.57e-01
-1.06e-02
3.85e-01
7.33e-01
5.58e-01
-2.86e-01
-4.97e-01
-8.45e-01
-4.46e-01
-9.07e-01
2.30e-01
5.47e-01
5.28e-01
-6.21e-01
-5.16e-01
3.24e-01
6.39e-01
5.82e-01
8.06e-01
-2.54e-01
-2.72e-01
1.20e-01
7.17e-01
9.29e-01
3.54e-01
-3.88e-02
-3.10e-02
-1.27e-01
5.72e-01
4.50e-01
-6.37e-01
4.48e-01
2.76e-01
-8.01e-01
-9.75e-01
-2.56e-01
-4.78e-01
-2.20e-01
-7.79e-01
-1.93e-01
4.44e-01
-4.81e-01
-7.74e-01
-3.65e-01
-4.70e-01
-8.24e-01
-3.35e-02
-7.01e-01
3.08e-01
6.95e-01
-9.69e-01
-3.57e-01
9.97e-01
8.81e-01
4.70e-01
4.67e-01
3.84e-01
-5.36e-01
-1.71e-01
-2.45e-01
-5.14e-01
5.23e-01
7.19e-01
6.50e-01
2.92e-01
-7.09e-01
-1.84e-02
-2.76e-01
4.92e-01
3.40e-01
8.21e-01
9.37e-01
-5.77e-01
-5.51e-01
-2.61e-01
-1.75e-01
-5.95e-01
1.22e-01
7.19e-01
9.36e-01
1.27e-01
5.62e-01
-5.01e-01
-3.22e-01
-5.56e-01
-2.09e-01
5.48e-01
-3.59e-01
2.26e-01
7.18e-01
3.26e-01
8.38e-01
1.96e-01
-3.85e-01
5.38e-01
5.78e-01
7.60e-01
6.00e-01
