6.98e-01
9.84e-01
-9.30e-01
3.34e-01
-1.04e-01
7.00e-01
2.30e-01
-2.39e-01
3.81e-01
-8.67e-02
-2.26e-03
-4.39e-01
4.92e-01
1.94e-01
7.85e-01
-1.92e-01
-9.73e-01
-2.42e-01
-2.07e-01
-8.62e-01
-4.91e-01
-1.49e-01
-6.74e-01
-8.85e-01
-3.59e-02
5.47e-01
-5.94e-01
-3.74e-01
-9.50e-01
-5.22e-01
-1.53e-01
-8.36e-01
9.40e-01
8.43e-01
-3.62e-01
3.88e-01
-7.29e-01
9.46e-01
-8.47e-01
9.61e-01
4.99e-01
7.42e-01
-3.29e-01
-5.63e-01
7.23e-01
2.47e-01
-1.28e-01
7.45e-01
-4.55e-01
2.15e-02
-9.81e-01
-7.88e-01
6.67e-01
3.97e-01
9.35e-01
-5.10e-01
6.23e-01
6.22e-01
-6.44e-01
8.13e-01
-5.55e-01
-4.94e-01
-1.61e-01
-6.01e-01
-1.67e-01
4.49e-01
-1.96e-01
7.99e-01
-4.24e-01
-5.88e-01
-7.03e-01
-9.15e-01
7.94e-01
-1.21e-01
-1.42e-01
9.88e-02
8.88e-01
-6.85e-01
-8.69e-01
5.97e-01
9.12e-01
-9.21e-02
6.21e-01
-4.13e-01
7.56e-01
-2.98e-02
-3.54e-01
4.30e-01
-1.51e-01
2.08e-01
-2.82e-01
1.38e-01
7.98e-01
5.30e-01
-1.24e-01
-2.46e-02
-2.27e-01
8.63e-01
-8.01e-01
4.87e-01
8.74e-02
1.01e-02
-2.12e-01
-7.34e-01
3.69e-01
-9.57e-01
-6.16e-01
-6.12e-01
-7.87e-01
9.68e-01
-3.79e-01
-9.62e-01
2.33e-01
2.16e-01
3.27e-01
-9.46e-01
8.23e-02
5.32e-01
-8.99e-01
8.11e-01
-3.13e-01
4.55e-01
-9.35e-01
8.88e-01
1.12e-01
-4.03e-01
-5.30e-01
9.22e-01
-3.55e-01
-8.36e-01
-8.79e-01
7.55e-01
9.18e-01
5.22e-01
1.47e-01
-6.31e-01
-7.47e-01
6.95e-01
6.97e-02
5.88e-01
7.98e-01
-7.84e-01
-1.09e-01
-3.46e-01
4.14e-01
5.60e-01
3.87e-01
6.34e-01
-9.99e-01
4.12e-02
-6.92e-01
4.22e-01
-1.42e-01
3.17e-01
-7.99e-01
5.69e-01
-6.99e-01
3.04e-01
-6.49e-01
-8.22e-01
8.11e-01
4.73e-01
-8.48e-01
-5.11e-02
4.24e-01
4.45e-01
1.55e-01
6.71e-01
-6.16e-01
5.38e-01
4.69e-01
2.17e-02
4.33e-01
4.02e-01
3.14e-01
3.72e-02
-5.40e-01
-4.69e-01
-7.08e-01
3.81e-01
8.10e-01
-8.65e-02
9.12e-01
3.62e-01
-8.55e-01
9.98e-01
-1.30e-01
6.70e-01
1.20e-01
7.17e-01
9.29e-01
3.54e-01
-3.88e-02
-3.10e-02
-1.27e-01
5.72e-01
4.50e-01
-6.37e-01
4.48e-01
2.76e-01
-8.01e-01
-9.75e-01
-2.56e-01
-4.78e-01
-2.20e-01
-7.79e-01
-1.93e-01
4.44e-01
-4.81e-01
-7.74e-01
-3.65e-01
-4.70e-01
-8.24e-01
-3.35e-02
-7.01e-01
3.08e-01
6.95e-01
-9.69e-01
-3.57e-01
9.97e-01
8.81e-01
4.02e-01
4.67e-01
3.84e-01
-5.36e-01
-1.71e-01
-2.45e-01
-5.14e-01
5.23e-01
7.19e-01
6.50e-01
2.92e-01
-7.09e-01
-1.84e-02
-2.76e-01
4.92e-01
3.40e-01
8.21e-01
9.37e-01
-5.77e-01
-5.51e-01
-2.61e-01
-1.75e-01
-5.95e-01
1.22e-01
7.19e-01
9.36e-01
1.27e-01
5.62e-01
-5.01e-01
-3.22e-01
-5.56e-01
-2.09e-01
5.48e-01
-3.59e-01
2.26e-01
7.18e-01
3.26e-01
8.38e-01
1.96e-01
-3.85e-01
5.38e-01
5.78e-01
7.60e-01
6.00e-01
