3.93e-01
8.14e-01
5.30e-01
1.55e-01
-1.00e-01
4.40e-01
-6.77e-01
8.06e-01
-5.27e-02
9.87e-01
-6.00e-01
8.70e-01
4.04e-01
8.08e-01
-5.74e-01
-3.59e-01
2.68e-01
-1.28e-01
1.77e-01
-4.52e-01
1.47e-01
9.87e-02
4.01e-01
5.06e-01
-9.88e-01
-5.04e-01
-8.43e-01
7.50e-01
-8.50e-01
-1.70e-01
1.27e-01
-2.62e-02
-2.21e-01
7.05e-01
6.14e-01
-2.30e-01
4.95e-01
-5.24e-01
-5.48e-01
6.08e-02
3.06e-01
-5.92e-01
-3.36e-01
5.93e-01
8.14e-01
-5.07e-01
-3.16e-02
3.28e-01
8.54e-01
4.77e-01
8.83e-01
5.12e-01
-2.14e-01
7.14e-01
-5.93e-01
-7.71e-01
-5.24e-01
-1.65e-01
9.54e-01
-7.66e-02
3.58e-01
7.05e-02
8.37e-01
-9.03e-01
6.72e-01
-3.78e-01
-3.49e-01
7.93e-01
-2.07e-01
-9.97e-01
3.53e-01
7.03e-01
-7.03e-01
1.67e-01
5.38e-01
-2.66e-01
6.51e-01
5.84e-01
8.74e-01
-5.27e-01
-4.85e-01
8.34e-01
-6.28e-02
5.38e-01
-8.53e-01
3.59e-01
-6.66e-01
-4.59e-01
-2.60e-01
-8.50e-01
5.28e-01
1.79e-01
-1.59e-01
9.93e-01
1.51e-01
4.05e-01
-7.15e-01
-1.50e-01
-6.97e-01
4.70e-01
8.27e-02
9.67e-01
1.36e-01
-9.12e-01
4.62e-01
-5.08e-01
-7.14e-01
2.18e-01
6.79e-02
7.92e-01
-6.80e-01
9.07e-01
-3.37e-01
9.80e-01
8.56e-01
3.78e-01
8.07e-02
7.30e-01
-5.54e-01
2.80e-01
6.10e-01
-4.81e-01
5.14e-01
3.15e-02
7.63e-01
-5.50e-01
9.71e-01
-8.96e-02
7.40e-01
-9.86e-01
-7.51e-01
4.27e-02
1.28e-01
-5.88e-01
-7.96e-01
9.80e-01
5.99e-02
-7.16e-01
8.19e-01
2.20e-01
-7.24e-01
5.55e-01
4.99e-01
-5.36e-01
9.58e-01
5.29e-01
-3.49e-01
-2.08e-01
-4.49e-01
-4.08e-01
6.35e-02
-7.88e-01
-2.39e-01
-8.74e-01
9.44e-02
4.29e-01
2.56e-01
-9.28e-01
7.37e-01
4.81e-02
-6.94e-01
-2.36e-01
-4.31e-01
-9.81e-02
-1.76e-01
8.33e-01
3.93e-01
-8.28e-01
6.26e-01
4.34e-01
1.26e-01
-9.05e-01
-1.40e-01
2.67e-01
-8.74e-02
-1.60e-01
3.30e-01
-4.37e-01
-9.83e-01
-8.85e-01
-5.70e-01
6.51e-01
-6.99e-01
6.92e-01
8.08e-01
-7.40e-01
-7.25e-01
4.49e-01
3.39e-01
-4.12e-01
-4.76e-01
8.12e-01
6.80e-01
7.50e-01
-1.25e-02
-3.26e-01
-2.69e-01
1.42e-02
4.88e-01
7.85e-01
-6.62e-01
2.86e-01
5.43e-01
1.09e-01
-6.12e-01
-4.72e-01
4.82e-01
-1.97e-02
2.65e-01
-6.43e-01
1.95e-01
-4.95e-01
7.23e-01
1.04e-01
-2.99e-01
-5.86e-02
7.71e-01
1.84e-01
9.12e-01
2.42e-01
3.34e-01
8.81e-01
9.35e-01
3.48e-01
2.10e-01
2.68e-01
-1.34e-01
8.55e-01
-9.29e-01
-2.07e-01
1.66e-01
4.62e-01
5.60e-02
7.23e-01
-1.00e+00
-7.89e-01
7.65e-01
8.59e-01
-9.28e-01
1.71e-01
-6.04e-01
1.72e-01
5.93e-01
1.27e-01
2.20e-01
9.05e-01
-5.89e-01
6.76e-01
9.68e-01
-8.83e-01
4.51e-01
-2.02e-01
-9.65e-01
9.26e-01
8.16e-01
-8.69e-01
1.04e-01
-5.12e-01
1.44e-01
8.22e-01
3.52e-01
-4.35e-01
-2.60e-01
-7.96e-01
9.75e-02
