4.71e-01
-5.72e-01
7.27e-01
2.58e-01
-9.15e-01
-6.75e-01
2.70e-02
3.84e-01
5.69e-02
2.12e-01
7.61e-01
6.49e-01
-7.82e-01
-7.80e-01
9.72e-01
3.87e-02
-1.97e-01
6.14e-01
-5.61e-01
6.37e-01
4.63e-02
-4.23e-01
3.49e-01
8.41e-01
-9.33e-01
1.93e-02
-6.37e-01
8.91e-01
-2.21e-01
-2.76e-01
4.71e-01
-9.20e-01
7.57e-01
-9.88e-01
-7.83e-01
-2.48e-01
-2.57e-01
-7.26e-01
9.76e-01
9.17e-01
5.55e-01
5.46e-01
-8.89e-01
-4.99e-01
1.62e-01
-3.24e-01
-9.24e-01
4.28e-02
5.14e-01
4.40e-01
-8.05e-02
-7.94e-01
1.49e-01
-3.70e-01
8.18e-01
-7.56e-01
-1.26e-01
-1.66e-01
9.08e-01
6.09e-01
3.20e-01
-1.81e-01
-4.41e-01
6.28e-01
-7.09e-01
7.83e-01
8.26e-01
-8.01e-02
7.51e-01
-4.31e-01
-6.85e-02
-2.91e-01
6.96e-01
3.06e-01
6.62e-01
9.34e-01
2.77e-01
-6.36e-01
9.93e-01
7.04e-01
9.28e-01
5.74e-01
-8.32e-01
-4.85e-01
7.37e-01
4.63e-01
6.84e-01
-7.47e-01
-8.72e-01
8.27e-01
-5.82e-01
-3.18e-01
4.09e-02
-3.31e-01
5.89e-01
-9.11e-01
-2.12e-01
-4.22e-01
1.69e-01
8.31e-01
5.69e-02
5.32e-01
-1.46e-01
5.70e-01
3.87e-02
-2.80e-01
-6.77e-02
-7.25e-02
-3.85e-01
-3.73e-01
4.94e-01
-2.03e-01
4.06e-01
5.37e-01
-5.10e-01
-6.95e-01
-3.58e-01
-9.65e-01
-5.16e-01
9.11e-01
-2.67e-01
-9.54e-01
-1.83e-01
5.70e-01
3.97e-01
-5.28e-01
6.53e-02
-2.57e-01
1.66e-01
-7.77e-01
8.04e-01
-7.21e-01
7.89e-01
-8.40e-01
-3.88e-01
-2.57e-01
-9.22e-01
-7.03e-01
-4.52e-01
-1.29e-01
7.04e-01
-8.82e-01
7.33e-01
-6.05e-01
-9.53e-01
-5.31e-01
4.86e-01
7.70e-01
-5.76e-01
9.27e-01
1.46e-01
9.16e-01
-1.73e-01
8.80e-02
-2.75e-01
-8.71e-01
4.08e-01
7.22e-01
-4.56e-01
9.59e-01
4.96e-01
1.01e-01
-5.93e-01
-4.26e-01
9.17e-01
-5.11e-01
-1.96e-01
6.89e-01
3.93e-01
1.68e-01
6.03e-01
4.71e-01
8.87e-01
-1.48e-01
-1.47e-01
8.11e-01
5.10e-01
3.75e-01
1.06e-01
2.19e-01
-8.20e-01
1.03e-01
9.39e-01
5.46e-02
7.87e-01
-8.90e-01
-9.34e-01
3.70e-01
-1.53e-01
-9.74e-01
8.04e-01
-1.49e-01
6.47e-01
-2.84e-01
1.47e-02
-9.00e-01
7.06e-01
-7.75e-01
2.03e-01
7.18e-01
2.64e-01
4.82e-01
-4.37e-01
2.36e-01
3.86e-01
9.10e-01
-7.43e-01
-9.16e-01
2.88e-01
-4.13e-01
-4.85e-01
-7.71e-01
-4.92e-02
8.68e-01
3.12e-01
-2.69e-01
2.03e-01
7.38e-01
5.25e-02
-7.93e-01
-2.72e-01
-1.61e-01
8.91e-01
-7.52e-02
-1.34e-01
2.84e-01
7.04e-01
2.62e-01
6.59e-01
6.91e-01
-2.75e-01
-4.70e-02
5.88e-01
7.22e-01
2.73e-01
8.46e-02
-1.00e-01
8.79e-01
1.49e-01
8.34e-01
1.00e+00
-6.57e-01
-4.31e-01
-4.67e-01
-5.16e-01
1.10e-01
-4.49e-01
-4.13e-01
7.20e-01
-9.63e-01
8.80e-01
-3.90e-01
2.20e-01
-2.36e-01
-5.50e-01
-3.16e-01
-2.27e-01
-5.49e-01
9.30e-01
2.29e-01
1.27e-01
-4.31e-01
1.54e-01
6.16e-01
-5.91e-01
