7.63e-01
3.04e-01
8.61e-01
-2.20e-01
7.55e-01
4.23e-01
-4.41e-01
3.58e-01
-5.17e-02
-1.54e-01
9.27e-01
-8.59e-01
5.49e-01
3.44e-01
-4.32e-01
4.73e-01
-3.52e-01
-8.99e-01
6.27e-01
-5.81e-02
-7.93e-01
-4.93e-01
6.49e-01
-6.98e-01
6.27e-01
5.51e-01
-6.10e-01
-7.53e-01
1.86e-01
-2.25e-02
7.75e-01
6.35e-01
-2.00e-01
-9.67e-01
-3.77e-01
-9.39e-01
1.34e-01
8.61e-01
-8.15e-01
-3.13e-01
-4.43e-01
-7.81e-01
8.58e-01
4.40e-01
8.56e-01
9.73e-01
4.53e-01
8.70e-01
-2.77e-02
-5.37e-01
4.31e-02
3.99e-01
-9.76e-01
2.45e-01
-5.32e-01
-9.16e-01
-2.32e-01
-7.21e-01
-9.07e-01
1.13e-01
1.82e-01
7.96e-01
-8.60e-01
5.01e-01
-1.42e-01
-7.64e-01
-7.79e-01
-5.47e-01
-8.40e-01
5.68e-01
-1.52e-01
5.64e-01
6.40e-01
1.55e-01
7.21e-01
-1.28e-01
-7.12e-01
1.77e-01
5.67e-01
-5.42e-01
-7.34e-02
-7.51e-01
-1.53e-01
1.83e-01
-1.58e-01
-3.78e-01
-7.10e-01
2.00e-02
7.52e-01
7.84e-01
6.43e-01
-9.56e-01
4.96e-01
3.96e-01
-1.00e+00
-9.70e-01
-8.66e-01
7.30e-02
-3.85e-02
-3.16e-01
-8.51e-03
-8.75e-02
-6.86e-01
-7.76e-01
2.49e-01
-9.22e-01
-8.59e-01
-3.00e-01
-7.01e-01
-7.50e-01
6.72e-01
-7.24e-01
-9.67e-01
-6.31e-01
3.09e-01
-5.28e-01
-8.77e-01
-3.20e-01
-3.05e-01
2.61e-01
3.00e-01
-4.58e-01
8.83e-01
2.43e-01
6.41e-01
5.35e-01
4.27e-01
-9.77e-01
6.41e-02
-1.30e-01
9.46e-01
-5.17e-01
-3.98e-01
1.54e-03
3.58e-01
-5.85e-01
-1.58e-02
-6.32e-03
2.58e-01
1.49e-02
1.10e-01
8.14e-01
-5.77e-01
-4.79e-01
2.92e-02
-5.81e-01
-3.91e-01
-6.36e-01
8.21e-01
6.86e-01
5.84e-01
8.71e-01
3.66e-01
1.26e-01
-2.79e-01
7.08e-01
-3.50e-01
5.70e-01
-8.72e-01
8.76e-01
4.27e-01
-4.78e-01
-2.19e-01
-1.03e-01
7.93e-01
-3.57e-01
5.90e-01
1.38e-01
-7.16e-01
-4.68e-01
-3.76e-01
-5.00e-01
1.52e-02
-7.73e-01
-8.27e-02
6.21e-01
-1.56e-01
2.73e-02
6.04e-01
8.69e-01
-1.37e-01
-8.72e-01
-1.92e-01
3.89e-01
6.37e-01
-4.91e-01
1.52e-01
-4.00e-01
1.65e-01
6.03e-01
9.12e-01
-8.90e-01
9.85e-01
6.45e-01
-6.18e-01
-3.35e-01
-4.36e-01
5.55e-01
8.75e-01
8.67e-01
8.78e-01
-1.04e-01
-5.39e-01
6.69e-01
4.30e-01
-5.52e-01
-7.26e-02
-9.97e-01
-7.51e-01
-1.13e-01
4.00e-01
4.66e-01
2.06e-01
6.34e-01
-3.10e-01
-4.86e-01
7.79e-02
4.77e-01
-5.40e-01
-2.90e-01
-8.74e-01
-4.62e-02
8.59e-01
-6.35e-01
-8.76e-01
-5.72e-01
-3.22e-01
-6.92e-01
8.41e-01
-1.91e-01
6.48e-01
-9.13e-01
6.92e-01
7.01e-01
-9.34e-01
2.15e-01
-9.54e-01
6.40e-01
-8.45e-01
-8.97e-01
4.30e-01
7.42e-01
8.87e-01
8.05e-01
-6.46e-01
-3.38e-01
5.69e-01
6.12e-01
9.65e-01
-7.12e-01
-1.00e+00
9.72e-01
5.01e-01
-2.40e-01
-6.07e-01
5.50e-01
-2.98e-01
-9.62e-01
-4.29e-01
-7.26e-01
-4.70e-01
1.19e-01
1.43e-01
1.85e-01
5.98e-03
