1.17e-01
-9.33e-01
-9.98e-01
-8.09e-01
-3.21e-01
1.15e-01
5.09e-01
-3.82e-01
-9.86e-01
1.72e-01
-9.25e-01
-6.02e-01
-9.31e-01
6.73e-01
1.72e-01
-5.36e-01
-8.03e-01
-5.15e-01
-1.84e-01
-8.27e-01
5.38e-01
-2.68e-01
5.95e-01
4.01e-01
-7.63e-01
-5.86e-01
9.54e-01
-1.99e-01
-1.85e-01
-6.36e-01
5.85e-01
-8.05e-01
6.69e-01
6.76e-03
3.24e-01
-8.88e-01
3.89e-01
8.73e-01
-6.17e-01
2.85e-01
-3.79e-01
5.53e-01
-1.65e-02
-4.02e-01
5.19e-01
-1.68e-01
4.12e-01
-6.50e-01
9.24e-01
9.21e-01
-4.55e-01
4.13e-01
-9.00e-01
4.95e-01
4.97e-01
-7.13e-01
-3.34e-01
-9.71e-01
-9.62e-01
8.43e-01
9.32e-01
8.72e-01
9.32e-02
5.72e-01
5.61e-01
-2.35e-01
9.23e-01
9.60e-01
4.36e-01
-3.68e-01
3.83e-01
-8.29e-01
-9.65e-01
3.46e-01
1.97e-01
1.96e-01
-9.83e-01
7.68e-04
-4.95e-02
6.12e-01
-8.25e-01
3.59e-01
-8.33e-01
6.44e-01
1.99e-01
5.53e-01
-4.54e-02
9.36e-02
1.04e-01
-7.39e-01
-2.18e-01
-3.50e-01
2.93e-01
-7.48e-01
-3.96e-01
4.08e-01
-2.24e-01
-6.11e-01
8.80e-01
5.55e-01
2.14e-01
6.25e-01
8.73e-01
-8.10e-01
3.34e-01
2.00e-01
7.64e-02
-2.99e-02
1.36e-01
-7.55e-01
5.37e-01
7.45e-02
-6.79e-01
8.21e-01
1.75e-01
-2.28e-01
1.22e-01
-1.02e-01
-3.60e-01
5.34e-01
-9.64e-01
-7.96e-01
-1.02e-01
7.35e-01
9.79e-01
-7.41e-01
3.44e-01
-9.53e-01
2.53e-01
-7.41e-01
1.78e-01
-9.63e-01
-9.51e-01
6.62e-01
2.28e-01
8.02e-02
-8.44e-01
-8.55e-01
2.87e-01
-1.86e-02
8.76e-01
-7.51e-01
-5.43e-01
-8.82e-01
1.55e-01
-7.89e-01
-8.01e-02
-8.76e-01
-8.29e-01
-2.33e-01
4.17e-01
3.44e-02
1.69e-01
-9.69e-02
9.16e-01
-4.19e-01
-7.97e-01
7.85e-03
-4.85e-01
2.18e-01
5.77e-01
8.39e-01
-3.74e-01
-6.29e-01
-8.70e-01
6.18e-01
2.64e-01
2.64e-01
7.15e-01
-8.90e-01
2.20e-01
-4.39e-01
-6.41e-01
8.82e-01
6.37e-01
4.94e-01
-9.08e-02
4.95e-02
1.70e-01
9.38e-01
7.02e-02
7.22e-01
-2.32e-01
2.38e-01
6.58e-01
-2.88e-01
9.18e-01
5.79e-01
-9.42e-02
-4.78e-01
-8.65e-02
-3.66e-01
4.49e-02
9.21e-01
-5.99e-01
-1.95e-01
-6.74e-01
3.62e-01
1.47e-01
-9.75e-01
4.30e-01
-9.18e-01
5.66e-01
4.90e-01
1.82e-01
9.90e-01
-8.19e-01
7.30e-01
5.36e-01
-4.27e-01
-8.98e-01
5.95e-01
-8.65e-02
-7.15e-01
8.46e-01
-9.22e-01
2.10e-01
-5.44e-01
3.90e-01
-9.07e-01
-3.73e-01
-4.67e-01
7.43e-01
5.38e-01
-9.49e-01
4.87e-01
-9.35e-01
2.50e-01
2.40e-01
7.85e-01
-3.03e-01
-3.74e-01
8.62e-01
4.28e-02
-4.23e-01
4.78e-01
-6.78e-01
-3.27e-01
5.47e-02
-4.25e-01
7.58e-01
1.94e-01
-7.56e-02
-5.16e-01
-1.44e-01
4.26e-01
8.04e-01
4.56e-02
-4.32e-02
-6.24e-01
7.39e-01
1.58e-01
-5.53e-01
-6.06e-01
-6.27e-01
7.15e-01
-7.01e-01
7.55e-01
5.57e-01
3.75e-01
9.99e-01
-2.48e-02
3.36e-02
9.08e-01
-8.67e-01
