2.56e-01
5.10e-02
7.84e-02
-5.99e-01
-8.81e-01
3.21e-02
4.83e-01
-9.68e-01
-7.59e-01
-9.47e-01
2.29e-01
8.40e-01
-2.96e-01
2.97e-01
1.36e-01
-3.10e-01
6.79e-02
-6.07e-01
-2.63e-01
-3.34e-01
-2.94e-01
-3.78e-01
-8.22e-01
7.52e-01
9.63e-01
-5.41e-01
3.24e-01
-4.00e-01
-6.38e-01
-2.90e-01
5.76e-01
-7.27e-01
-5.18e-01
4.19e-01
4.27e-01
6.36e-01
-2.03e-01
1.05e-01
-6.18e-01
2.17e-01
-3.23e-01
-4.93e-01
-2.58e-01
-8.26e-01
6.22e-01
8.18e-01
4.58e-01
7.04e-01
9.33e-01
1.97e-01
-4.63e-01
-1.63e-01
-6.98e-01
5.76e-01
-9.51e-01
-7.89e-01
-3.50e-01
-7.74e-01
2.01e-01
6.49e-01
8.99e-01
5.77e-01
-3.75e-01
-3.99e-01
-3.54e-01
3.76e-02
-9.08e-01
9.91e-01
9.91e-02
-4.12e-01
2.02e-01
3.25e-01
9.39e-01
4.95e-01
-4.46e-01
-6.92e-01
5.74e-01
6.80e-02
-9.04e-01
5.26e-01
-9.13e-02
-4.28e-01
-2.23e-01
-2.57e-01
1.80e-01
-6.84e-01
-8.09e-01
-9.03e-01
-2.88e-01
9.86e-01
-1.04e-01
-7.04e-01
2.01e-01
-7.11e-01
-3.41e-01
-2.80e-01
7.35e-01
8.11e-01
-6.33e-01
-1.44e-02
-7.67e-01
8.01e-01
8.88e-01
-1.40e-01
-6.24e-01
9.73e-01
-9.01e-01
1.23e-01
5.53e-01
5.71e-01
-8.17e-01
5.57e-01
7.56e-01
-6.02e-01
-3.03e-01
-5.46e-01
-6.27e-01
-1.28e-01
7.44e-01
8.87e-01
4.94e-01
-1.44e-02
-7.77e-01
-4.43e-01
5.83e-01
1.10e-01
-3.46e-01
-4.21e-01
-7.40e-01
7.78e-01
7.10e-01
-2.95e-01
7.37e-02
-3.89e-01
5.28e-01
-1.94e-01
6.37e-01
4.31e-01
-5.94e-01
9.81e-01
1.49e-01
4.60e-01
-2.76e-02
-2.23e-01
-5.63e-01
-5.36e-01
-6.95e-02
8.95e-01
-2.91e-01
-7.49e-01
-6.47e-01
-3.19e-01
-4.67e-01
-2.43e-01
8.66e-01
-2.17e-01
-4.72e-01
-2.23e-01
-1.78e-01
-8.17e-01
7.50e-01
3.12e-03
5.82e-01
5.45e-01
7.47e-01
4.71e-01
5.00e-01
5.35e-01
4.02e-02
-1.22e-01
-8.26e-01
1.87e-01
-4.75e-03
-1.47e-01
-6.95e-01
-8.27e-01
4.71e-01
5.78e-01
-8.37e-02
1.51e-01
-3.67e-01
4.32e-01
2.24e-01
1.84e-01
-2.19e-01
3.85e-01
-6.18e-01
4.55e-01
5.04e-01
5.08e-01
5.42e-01
-7.46e-01
5.52e-01
-7.82e-01
-8.44e-02
-8.25e-01
-8.71e-02
-6.31e-01
2.90e-01
-3.94e-01
-1.14e-01
5.23e-01
-2.51e-01
1.65e-01
8.08e-01
-6.37e-01
4.51e-01
8.98e-01
9.07e-01
1.10e-01
-6.69e-01
2.03e-01
5.90e-01
2.56e-01
-9.66e-01
-9.27e-01
1.20e-01
7.66e-01
8.87e-01
2.36e-01
-8.79e-01
-2.28e-01
-7.11e-01
-3.52e-01
1.62e-01
2.37e-01
-8.68e-01
4.23e-01
-2.65e-01
-2.08e-01
-8.39e-01
3.36e-01
-8.93e-01
-5.78e-01
-7.71e-01
9.96e-01
2.12e-01
9.72e-01
8.48e-01
2.70e-01
3.95e-01
4.05e-01
-6.87e-01
6.08e-01
-3.91e-01
2.01e-01
-2.31e-01
-2.82e-02
1.74e-01
2.16e-01
6.31e-01
-4.06e-01
-5.53e-02
-1.57e-01
-5.91e-01
-9.64e-01
8.40e-01
-5.46e-01
3.59e-02
-2.77e-01
-8.37e-01
-2.99e-01
8.70e-01
6.59e-01
-4.01e-01
