-5.07e-01
8.47e-02
-5.25e-01
-9.39e-01
-4.51e-01
-5.56e-01
-3.02e-01
4.76e-01
-9.99e-01
-4.21e-01
-8.66e-01
-7.94e-01
-4.04e-01
-2.33e-01
8.24e-01
4.31e-01
-9.21e-02
-6.44e-01
-2.12e-01
-5.47e-01
7.15e-02
-7.69e-01
1.44e-01
1.89e-01
7.48e-01
5.72e-01
9.12e-01
4.25e-01
-5.34e-01
-5.23e-01
-3.30e-01
-2.70e-01
7.52e-01
3.26e-01
7.04e-01
-7.93e-01
7.81e-01
5.45e-01
-6.02e-01
-8.95e-01
-1.86e-01
-8.27e-01
-5.28e-01
-5.97e-01
-4.84e-01
3.07e-02
6.94e-01
1.12e-01
-1.76e-01
7.43e-01
-9.20e-01
-9.44e-01
-1.18e-01
8.71e-01
-3.75e-01
-5.72e-01
-7.41e-01
-2.47e-01
-3.49e-01
2.24e-01
5.10e-01
-5.02e-01
-8.20e-01
3.97e-01
-4.04e-01
-1.15e-01
3.74e-01
7.45e-01
-8.97e-01
9.33e-01
3.07e-01
5.88e-01
1.38e-01
1.35e-01
-9.00e-01
3.90e-01
2.95e-02
-7.93e-01
2.90e-01
6.80e-01
-1.49e-01
5.48e-01
9.22e-01
-2.89e-01
-7.76e-01
5.35e-01
-4.08e-01
-3.12e-01
-5.29e-01
9.29e-01
7.99e-01
5.62e-01
9.94e-01
-3.17e-01
-3.35e-01
9.05e-01
-4.75e-02
5.06e-01
1.37e-01
3.24e-01
-6.84e-01
-1.54e-01
-3.40e-01
-4.36e-01
-1.38e-01
8.57e-01
-1.52e-01
4.98e-02
1.16e-01
5.62e-01
3.40e-02
8.59e-01
-8.01e-01
9.73e-01
6.30e-01
-9.45e-01
-9.27e-01
-2.26e-01
9.38e-01
-8.41e-01
8.80e-01
-1.99e-01
9.01e-01
4.73e-01
1.70e-01
-4.12e-01
-1.14e-01
1.59e-01
5.62e-01
6.49e-01
-8.79e-01
-7.60e-01
-3.16e-02
3.44e-01
-5.25e-01
-1.52e-02
-3.87e-01
4.76e-01
-9.46e-01
-1.63e-01
9.41e-01
-3.16e-01
-1.85e-01
4.22e-01
-2.36e-01
-9.61e-01
-9.08e-01
1.47e-01
1.71e-01
4.77e-03
2.58e-01
7.81e-01
-6.64e-01
-7.71e-01
9.71e-01
7.59e-01
-4.72e-01
-2.23e-01
-4.67e-01
-2.42e-01
9.76e-02
-5.94e-01
-2.39e-01
9.38e-01
6.26e-01
4.52e-01
5.17e-01
2.16e-01
6.92e-01
1.56e-02
-8.02e-01
-8.98e-02
4.98e-01
4.63e-01
-9.35e-01
-8.43e-01
7.87e-01
-6.82e-01
9.70e-01
2.85e-01
-4.86e-01
-7.51e-01
9.32e-01
2.86e-02
-1.57e-01
7.08e-01
-2.95e-01
4.55e-01
5.04e-01
5.08e-01
5.42e-01
-7.46e-01
5.52e-01
-7.82e-01
-8.44e-02
-8.25e-01
-8.71e-02
3.59e-02
2.90e-01
-3.94e-01
5.16e-01
5.23e-01
-2.51e-01
1.65e-01
8.08e-01
-6.37e-01
4.51e-01
8.98e-01
3.46e-01
-2.43e-01
-1.18e-01
-2.63e-01
-2.36e-01
8.17e-01
-6.83e-01
5.01e-01
5.63e-01
-4.48e-01
-3.61e-01
-3.48e-01
5.22e-01
8.64e-01
-9.63e-01
2.42e-01
1.39e-01
-2.35e-01
-7.30e-01
8.17e-01
-1.51e-01
7.05e-01
1.57e-01
4.86e-01
-8.37e-01
-5.05e-01
9.98e-01
-9.38e-01
-3.78e-01
4.65e-01
3.11e-02
-4.76e-01
3.26e-02
-9.48e-01
4.87e-01
-8.38e-01
-6.66e-01
9.47e-01
1.84e-02
6.75e-01
2.91e-01
-5.01e-01
-6.10e-01
9.97e-02
5.88e-01
9.66e-01
-1.71e-01
8.95e-01
-4.82e-01
4.02e-01
4.68e-01
3.07e-01
-6.23e-01
-7.13e-01
-5.99e-01
7.19e-01
-1.67e-02
