2.56e-01
-9.33e-01
-9.98e-01
-8.09e-01
-3.21e-01
3.38e-01
5.09e-01
-3.82e-01
-9.86e-01
1.72e-01
-6.14e-01
2.32e-01
-7.37e-01
3.64e-01
5.30e-01
6.64e-01
2.99e-01
-4.99e-01
-7.07e-01
-7.30e-01
1.20e-02
5.44e-01
1.87e-01
5.58e-01
-1.95e-02
-2.13e-01
1.99e-01
8.19e-01
8.00e-03
-2.83e-01
-7.95e-01
4.93e-01
9.59e-01
2.76e-01
7.84e-01
-4.39e-01
-4.20e-01
-4.36e-01
8.41e-01
6.85e-01
2.82e-01
-7.36e-01
7.85e-01
-4.92e-02
-5.21e-01
4.45e-01
6.03e-01
8.87e-01
8.77e-01
8.17e-01
-9.20e-01
-9.44e-01
-1.18e-01
8.71e-01
-3.75e-01
-5.72e-01
-7.41e-01
-2.47e-01
-3.49e-01
2.24e-01
5.10e-01
-5.02e-01
-8.20e-01
3.97e-01
-4.04e-01
-1.15e-01
3.74e-01
7.45e-01
-8.97e-01
9.33e-01
3.07e-01
5.88e-01
-6.19e-01
4.73e-01
1.15e-01
8.74e-01
-3.93e-01
2.07e-01
-7.56e-01
5.40e-01
-3.72e-01
-5.55e-01
7.17e-01
7.58e-01
3.95e-01
4.15e-01
-8.81e-01
-4.84e-01
7.82e-01
-7.40e-02
5.10e-01
-8.85e-01
4.20e-01
9.14e-01
6.75e-01
-5.21e-01
5.30e-01
3.54e-01
-1.24e-01
7.07e-01
-6.84e-01
-1.54e-01
-3.40e-01
-4.36e-01
-1.38e-01
8.57e-01
-1.52e-01
4.98e-02
1.16e-01
5.62e-01
3.40e-02
8.59e-01
-8.01e-01
9.73e-01
6.30e-01
-9.45e-01
-9.27e-01
-2.26e-01
9.38e-01
-8.41e-01
8.80e-01
-1.99e-01
9.01e-01
-9.08e-01
1.70e-01
-4.12e-01
5.16e-01
1.59e-01
5.62e-01
6.49e-01
-8.79e-01
-7.60e-01
-3.16e-02
3.44e-01
-5.25e-01
-1.52e-02
-3.87e-01
4.76e-01
-9.46e-01
-1.63e-01
7.58e-01
-3.16e-01
-1.85e-01
4.22e-01
-2.36e-01
-9.61e-01
-9.08e-01
1.47e-01
1.71e-01
4.77e-03
2.58e-01
7.81e-01
-6.64e-01
-7.71e-01
9.71e-01
7.59e-01
-4.72e-01
-2.23e-01
-4.67e-01
-2.42e-01
9.76e-02
-5.94e-01
-2.39e-01
9.38e-01
6.26e-01
4.52e-01
5.17e-01
2.16e-01
6.92e-01
8.06e-01
-1.38e-03
7.64e-01
6.60e-01
6.70e-01
7.08e-01
-6.32e-01
8.39e-01
-2.57e-01
4.84e-01
-7.92e-01
-4.27e-01
-3.02e-01
9.32e-01
2.86e-02
-1.57e-01
7.08e-01
-2.95e-01
4.55e-01
5.04e-01
5.08e-01
5.42e-01
-7.46e-01
5.52e-01
-7.82e-01
-8.44e-02
-8.25e-01
-8.71e-02
3.59e-02
2.90e-01
-3.94e-01
-1.14e-01
5.23e-01
-2.51e-01
1.65e-01
8.08e-01
-6.37e-01
4.51e-01
8.98e-01
3.46e-01
-2.43e-01
-1.18e-01
-2.63e-01
-2.36e-01
8.17e-01
-6.83e-01
5.01e-01
5.63e-01
-4.48e-01
-3.61e-01
-3.48e-01
5.22e-01
8.64e-01
-9.63e-01
2.42e-01
1.39e-01
-2.35e-01
-7.30e-01
8.17e-01
-1.51e-01
7.05e-01
1.57e-01
4.86e-01
-8.37e-01
-5.05e-01
9.98e-01
-9.38e-01
-3.78e-01
4.65e-01
3.11e-02
-4.76e-01
3.26e-02
8.95e-01
4.87e-01
-8.38e-01
-6.66e-01
9.47e-01
1.84e-02
6.75e-01
2.91e-01
-5.01e-01
-6.10e-01
9.97e-02
5.88e-01
9.66e-01
-1.71e-01
-9.48e-01
-7.36e-01
4.02e-01
4.68e-01
3.07e-01
-6.23e-01
-7.13e-01
-5.99e-01
7.19e-01
-1.67e-02
