1.26e-01
1.01e-01
5.97e-01
-5.74e-01
7.63e-01
-4.77e-02
9.11e-01
-9.43e-01
-9.11e-01
-8.09e-01
-6.14e-01
2.32e-01
-7.37e-01
3.64e-01
5.30e-01
6.64e-01
2.99e-01
-4.99e-01
-7.07e-01
-7.30e-01
1.20e-02
5.44e-01
1.87e-01
5.58e-01
-1.95e-02
-2.13e-01
1.99e-01
8.19e-01
8.00e-03
-2.83e-01
-7.95e-01
4.93e-01
9.59e-01
2.76e-01
7.84e-01
-4.39e-01
-4.20e-01
-4.36e-01
8.41e-01
6.85e-01
2.82e-01
-7.36e-01
7.85e-01
-4.92e-02
-5.21e-01
4.45e-01
6.03e-01
8.87e-01
8.77e-01
7.43e-01
-9.20e-01
-9.44e-01
-1.18e-01
8.71e-01
-3.75e-01
-5.72e-01
-7.41e-01
-2.47e-01
-3.49e-01
2.24e-01
5.10e-01
-5.02e-01
-8.20e-01
3.97e-01
-4.04e-01
-1.15e-01
3.74e-01
7.45e-01
-8.97e-01
9.33e-01
3.07e-01
5.88e-01
1.38e-01
1.35e-01
-9.00e-01
2.79e-01
-6.89e-02
1.72e-01
-6.03e-01
1.98e-01
-6.15e-01
1.54e-01
-8.91e-02
4.64e-01
2.39e-01
2.65e-01
2.72e-01
-8.79e-01
-1.79e-01
9.54e-01
-7.30e-01
-9.17e-01
-1.50e-01
-2.75e-01
9.86e-01
-1.95e-01
2.01e-02
-7.93e-01
2.45e-01
2.49e-01
3.55e-01
-3.85e-02
5.87e-01
1.14e-01
1.78e-01
-2.38e-02
-1.09e-01
6.77e-01
-4.97e-01
-9.95e-01
-3.48e-01
-3.87e-02
7.73e-01
2.08e-01
7.18e-01
-1.73e-01
2.54e-01
5.65e-02
-9.96e-01
5.85e-01
-8.95e-01
8.65e-01
4.28e-01
9.00e-01
4.31e-02
8.38e-01
1.72e-01
3.28e-01
-8.50e-01
8.50e-01
2.86e-01
8.47e-02
7.74e-01
7.49e-01
4.10e-01
1.12e-01
-8.87e-01
-9.56e-01
3.28e-01
-6.36e-03
-5.52e-01
3.47e-01
4.63e-01
1.36e-01
-7.18e-01
3.50e-01
-5.28e-02
6.31e-01
-6.22e-01
-6.69e-02
-2.44e-01
8.86e-01
-4.53e-01
9.59e-01
1.29e-01
5.75e-01
2.43e-02
-2.00e-01
8.12e-01
-5.57e-01
8.55e-01
1.83e-01
7.38e-01
-2.53e-01
6.29e-01
4.25e-01
-8.52e-01
2.79e-01
5.95e-01
1.56e-02
-8.02e-01
-8.98e-02
4.98e-01
4.14e-01
-9.35e-01
-8.43e-01
7.87e-01
-6.82e-01
9.70e-01
2.85e-01
-4.86e-01
-7.51e-01
-3.73e-01
-7.27e-01
-9.44e-01
4.32e-01
-7.23e-01
-5.48e-01
-4.35e-01
-2.03e-01
-8.98e-01
8.40e-01
-2.42e-01
7.07e-01
-9.00e-02
-6.55e-01
1.42e-01
-1.98e-01
7.98e-01
-2.60e-02
7.87e-02
-5.93e-02
-6.67e-01
8.56e-01
6.69e-02
8.90e-02
8.24e-01
9.20e-01
1.73e-02
5.94e-02
2.18e-01
-6.99e-01
-9.24e-02
-9.94e-01
4.60e-01
7.88e-01
8.03e-01
-8.05e-01
-9.87e-01
4.63e-01
-7.13e-01
6.51e-02
-6.70e-01
4.88e-01
5.82e-01
-8.75e-01
-8.25e-01
9.15e-01
-2.65e-01
-2.08e-01
-8.39e-01
3.36e-01
-8.93e-01
-5.78e-01
-7.71e-01
9.96e-01
2.12e-01
9.72e-01
8.48e-01
-6.87e-01
3.95e-01
4.05e-01
2.70e-01
6.08e-01
-3.91e-01
2.01e-01
-2.31e-01
-2.82e-02
1.74e-01
2.16e-01
6.31e-01
-4.06e-01
-5.53e-02
-1.57e-01
-5.91e-01
-9.64e-01
8.40e-01
-5.46e-01
3.59e-02
-2.77e-01
-8.37e-01
-2.99e-01
8.70e-01
6.59e-01
-4.01e-01
