-4.76e-01
-3.61e-01
-3.93e-01
2.00e-01
1.00e+00
-8.27e-02
8.88e-01
1.07e-01
5.45e-01
-8.85e-01
-5.39e-01
5.06e-01
8.53e-01
8.84e-01
-5.12e-02
-6.47e-01
-8.02e-01
-7.82e-02
-4.56e-01
-4.84e-01
-3.08e-01
-4.97e-01
6.84e-01
7.40e-01
-3.75e-01
8.83e-01
-4.87e-02
-3.66e-01
-5.76e-01
3.48e-01
-9.18e-01
4.61e-01
-9.48e-01
-2.71e-02
7.12e-01
8.69e-01
1.76e-01
-9.05e-01
-4.72e-01
-1.05e-01
-1.56e-01
2.98e-01
-5.08e-02
7.58e-01
3.97e-01
-1.02e-01
4.66e-02
8.33e-01
-9.38e-01
-2.20e-02
-2.10e-01
-6.66e-01
-2.96e-01
-7.49e-02
-5.72e-01
4.18e-01
6.01e-01
-6.84e-01
7.62e-01
-1.37e-01
-8.16e-02
-1.34e-01
2.16e-01
-2.13e-01
9.18e-01
3.61e-01
-4.29e-02
-5.69e-01
-3.74e-01
-5.27e-01
3.69e-01
7.96e-01
8.36e-01
7.35e-01
6.95e-01
-6.19e-01
-9.82e-01
7.24e-01
-5.57e-02
-9.42e-01
-7.98e-01
-5.12e-01
8.31e-01
8.48e-01
3.99e-02
-4.96e-01
-1.65e-01
-4.82e-01
-8.04e-01
-9.99e-01
-7.37e-02
4.85e-01
5.11e-01
-2.26e-01
2.63e-01
7.10e-02
7.78e-01
-6.65e-01
3.35e-01
-1.14e-01
-7.99e-01
6.06e-01
-8.60e-01
-2.82e-01
1.92e-01
7.62e-01
-6.96e-01
-6.36e-01
8.80e-01
3.93e-01
-6.71e-01
-5.95e-01
1.09e-01
-9.53e-01
-6.56e-01
-4.13e-01
-9.71e-01
-5.04e-01
4.77e-02
-5.17e-01
-4.18e-01
-7.49e-01
-2.34e-01
-4.93e-01
-2.56e-01
-2.94e-01
5.41e-01
-6.87e-01
-1.99e-01
9.10e-01
-1.73e-01
4.34e-01
-8.76e-01
-8.25e-01
-4.22e-01
-7.18e-01
-1.18e-01
9.63e-01
-9.66e-01
4.20e-02
2.94e-01
-9.68e-01
8.84e-01
-1.26e-02
-8.73e-01
-7.08e-03
3.22e-01
-3.87e-01
-8.80e-02
6.60e-01
-4.88e-01
4.66e-01
-7.79e-01
-9.69e-01
1.41e-02
-1.46e-01
1.55e-02
7.61e-02
-1.29e-01
-1.59e-01
-5.65e-01
-2.94e-01
-1.03e-01
5.54e-01
-5.20e-01
-5.32e-01
-9.81e-01
-8.19e-01
5.54e-01
-8.52e-01
9.77e-01
1.71e-01
-5.45e-01
-3.68e-01
-9.90e-02
9.08e-01
8.52e-01
-4.47e-01
-2.58e-01
2.24e-01
2.49e-01
-8.32e-01
-5.59e-01
3.62e-01
9.31e-01
-5.83e-01
-8.63e-01
-6.49e-01
7.50e-02
-2.92e-02
-2.16e-02
5.99e-01
1.15e-01
9.95e-01
-6.27e-01
-8.77e-01
5.80e-01
7.16e-01
-5.42e-01
4.92e-01
-6.87e-01
-1.40e-02
-4.02e-01
-4.84e-01
-7.17e-01
2.22e-01
-8.64e-02
8.87e-01
-3.72e-01
1.42e-01
-6.77e-01
6.70e-01
-7.67e-01
-2.37e-01
1.66e-01
7.43e-01
9.97e-01
9.35e-01
9.04e-01
-9.37e-01
-2.22e-01
-5.78e-01
9.99e-01
-2.68e-01
-1.54e-01
1.38e-01
-7.26e-01
-1.24e-01
6.35e-01
-2.10e-01
2.01e-01
-7.78e-01
-7.02e-01
7.44e-01
-9.98e-01
-6.46e-01
4.45e-01
-7.00e-02
6.40e-01
-4.44e-01
-7.48e-01
-1.36e-01
6.33e-01
-4.45e-01
-3.12e-01
-2.01e-01
9.63e-01
-5.90e-01
2.30e-01
-4.71e-01
-9.87e-01
-6.13e-01
6.62e-01
-8.07e-01
-1.54e-01
-5.26e-01
-5.76e-01
2.30e-01
-2.17e-01
7.97e-01
5.79e-01
-6.14e-01
9.47e-02
2.91e-01
3.91e-01
