-1.08e-01
9.55e-04
-6.72e-01
1.50e-01
-2.50e-01
-7.36e-02
-8.92e-01
6.19e-01
6.91e-01
8.86e-02
-8.30e-01
-1.01e-01
-6.55e-01
-7.91e-02
-7.16e-01
-1.26e-01
-9.51e-01
-6.39e-01
-2.57e-01
1.10e-01
4.29e-01
9.12e-01
-7.88e-01
9.00e-01
-8.30e-01
3.88e-02
-3.24e-01
4.69e-01
-1.59e-01
2.99e-01
7.12e-01
-8.00e-01
-9.83e-01
-6.61e-02
2.17e-01
7.12e-01
5.78e-01
6.71e-01
-3.83e-01
5.75e-01
9.40e-01
-8.32e-01
-6.57e-01
-4.11e-01
8.00e-01
7.10e-01
9.14e-02
4.25e-01
-5.83e-01
4.56e-01
-6.61e-01
1.61e-01
-9.76e-01
-2.21e-01
-6.90e-01
-5.03e-01
-3.44e-01
7.41e-01
-9.98e-01
8.97e-01
2.40e-01
5.89e-01
4.22e-02
2.71e-01
-1.70e-01
-6.04e-01
3.68e-01
-4.20e-01
6.99e-01
-2.56e-01
5.87e-01
-4.09e-01
3.40e-01
-9.49e-01
-3.56e-01
8.61e-01
8.05e-01
1.48e-01
7.36e-02
5.79e-01
1.39e-01
5.37e-01
-5.20e-01
7.28e-01
-5.67e-01
-9.57e-01
8.99e-02
-3.23e-01
2.21e-01
8.87e-01
3.55e-01
2.17e-01
-8.16e-01
1.22e-01
-2.06e-01
5.30e-01
7.53e-01
-3.69e-01
8.17e-01
3.04e-01
5.36e-02
-6.77e-01
2.67e-01
-5.72e-01
6.25e-01
-3.75e-01
-2.04e-01
7.60e-01
-8.00e-01
2.29e-01
7.05e-01
-2.67e-01
-6.79e-01
-9.09e-01
-2.82e-01
-6.05e-01
-8.18e-01
9.04e-01
-1.63e-01
2.80e-01
-2.27e-01
5.80e-02
-4.61e-01
8.65e-01
-8.94e-01
-4.57e-01
-4.99e-01
-1.92e-02
-1.82e-01
8.77e-01
2.72e-01
-8.29e-01
-1.41e-01
4.46e-01
8.41e-01
-6.89e-03
7.43e-02
-9.49e-01
4.01e-01
3.26e-01
-6.89e-01
-1.25e-01
6.12e-03
7.40e-01
7.72e-01
5.73e-01
1.56e-01
-1.58e-01
-9.98e-01
1.79e-01
-3.88e-01
-5.64e-01
-2.02e-01
9.87e-01
-1.21e-01
5.40e-01
2.32e-01
-4.80e-01
7.33e-01
6.89e-01
-8.67e-01
8.38e-01
-7.03e-01
-4.43e-01
-2.80e-01
3.16e-01
-9.65e-01
-1.83e-01
4.07e-01
9.07e-01
5.01e-01
1.59e-01
-1.15e-01
-4.44e-01
-2.09e-02
-4.16e-01
-3.91e-01
5.64e-01
7.08e-02
-4.06e-01
5.51e-01
-1.97e-01
-5.44e-02
9.28e-01
-1.46e-01
-8.91e-01
9.09e-01
-8.13e-01
-7.11e-01
6.29e-01
3.07e-01
4.69e-03
-1.30e-01
-3.15e-01
-4.74e-01
-5.99e-01
-2.23e-01
2.84e-01
4.66e-01
7.12e-01
9.14e-01
-9.49e-01
-1.41e-01
-9.40e-01
3.15e-01
1.39e-01
2.00e-01
-8.36e-01
-4.29e-01
-4.19e-01
-8.35e-01
-6.20e-01
-6.24e-01
-5.79e-01
-8.67e-01
-1.80e-01
7.23e-01
-7.99e-01
7.70e-01
-9.39e-01
6.89e-02
-3.24e-01
6.19e-01
3.15e-01
3.22e-01
-9.53e-01
4.05e-01
-4.76e-01
-1.77e-01
8.15e-01
9.76e-01
9.56e-01
-2.34e-01
4.41e-01
4.81e-01
-7.56e-01
7.03e-01
5.28e-01
2.87e-01
-7.90e-01
-5.67e-01
-1.05e-01
8.10e-01
-9.31e-01
2.57e-01
-8.31e-01
-6.04e-01
-5.41e-01
-6.17e-01
6.19e-01
2.07e-01
-8.51e-01
-4.92e-01
1.50e-01
6.96e-01
-7.75e-01
3.98e-01
7.54e-02
7.04e-01
3.84e-01
7.86e-01
-3.73e-01
-8.04e-01
7.04e-01
9.28e-01
