-3.68e-01
8.98e-02
4.42e-01
8.89e-01
-9.90e-01
7.99e-01
-1.48e-01
5.83e-01
1.84e-01
-7.72e-01
7.03e-01
-4.87e-02
1.80e-01
8.84e-01
-5.12e-02
-7.76e-01
3.63e-01
6.27e-01
-6.47e-01
-2.45e-02
7.77e-01
7.57e-01
5.82e-01
2.37e-01
-3.44e-01
4.72e-01
6.03e-01
-5.57e-02
3.31e-01
-6.62e-02
-7.79e-01
-9.63e-01
-2.40e-01
9.15e-01
6.94e-01
-5.37e-01
-7.55e-01
-8.23e-01
-3.98e-01
-9.94e-01
9.77e-01
-6.01e-01
4.99e-01
5.14e-01
-8.51e-01
1.93e-01
7.39e-01
-9.47e-01
3.85e-01
-4.42e-01
-4.45e-01
-5.87e-01
-4.59e-01
-8.31e-01
7.15e-01
-9.38e-01
-2.06e-01
-5.59e-01
-1.74e-01
-9.28e-01
-3.78e-01
3.32e-01
8.18e-01
-6.28e-01
4.95e-01
2.55e-01
9.26e-02
3.16e-01
-8.67e-01
-8.68e-01
8.46e-01
-4.81e-01
-7.85e-01
-6.92e-01
2.00e-01
-1.09e-01
-7.48e-01
5.17e-01
3.69e-01
9.94e-01
8.57e-01
-5.56e-02
-6.44e-01
-8.71e-01
9.09e-01
-9.53e-01
5.31e-01
7.91e-01
-4.83e-01
8.88e-01
-3.25e-01
3.40e-01
3.71e-01
-5.85e-01
7.37e-01
9.73e-01
9.47e-01
-4.70e-01
-1.68e-01
-2.15e-01
-1.01e-01
7.73e-01
6.72e-02
-7.93e-01
4.36e-01
-6.09e-01
-2.90e-02
8.30e-01
5.54e-01
-9.89e-01
6.13e-01
6.26e-01
-2.17e-01
-5.02e-01
6.32e-01
-8.86e-01
4.73e-01
9.85e-01
-3.09e-02
2.21e-01
-3.91e-01
-3.08e-01
8.15e-01
-2.97e-01
9.59e-01
-1.64e-01
-2.56e-01
5.73e-01
4.64e-01
6.65e-01
-2.73e-02
1.98e-01
9.36e-01
-2.17e-01
-6.96e-01
5.51e-01
1.50e-01
-9.34e-02
-3.32e-01
7.48e-02
2.14e-02
-5.29e-01
-2.70e-01
-9.64e-01
1.95e-01
-2.78e-01
6.96e-01
-2.91e-01
3.21e-02
-3.61e-01
-5.71e-01
3.43e-01
5.51e-01
6.25e-01
-6.44e-01
-4.34e-01
-7.11e-01
-5.19e-01
9.14e-01
-9.50e-01
-9.41e-01
9.03e-01
4.70e-01
1.20e-01
9.23e-01
-4.12e-01
-2.27e-01
-4.53e-01
9.23e-01
-1.54e-01
-5.54e-01
-7.85e-01
5.97e-01
1.47e-01
4.23e-01
5.44e-01
6.40e-02
-8.05e-01
-2.49e-01
2.52e-01
7.54e-01
1.16e-01
-3.99e-02
-2.63e-01
-6.58e-01
-6.71e-01
-7.18e-01
-3.27e-01
5.54e-01
9.27e-01
-1.61e-01
4.12e-01
6.75e-02
-1.94e-01
4.53e-01
-3.35e-01
-4.21e-01
4.01e-01
6.87e-01
7.40e-01
9.81e-01
-4.65e-01
-6.04e-01
8.87e-01
-9.41e-01
-6.64e-01
8.34e-01
-9.44e-01
-2.15e-01
6.01e-01
3.15e-01
-1.14e-01
-6.67e-01
-5.07e-01
9.02e-01
-2.89e-01
5.05e-01
-5.07e-01
3.50e-01
5.30e-01
6.77e-01
7.69e-01
3.89e-01
5.35e-01
-8.05e-01
-3.92e-01
-5.90e-01
4.80e-01
5.96e-01
1.39e-01
9.78e-02
1.55e-01
6.52e-01
3.05e-01
7.16e-01
-6.01e-01
1.94e-01
-6.15e-01
9.86e-01
9.90e-01
1.21e-01
-1.95e-01
8.58e-01
-8.92e-01
-4.94e-01
-1.69e-01
-8.52e-01
1.59e-01
8.37e-01
-8.79e-01
2.58e-01
-4.90e-01
2.11e-01
-2.25e-01
5.30e-01
-8.02e-02
7.89e-01
5.17e-01
5.72e-01
2.32e-01
-9.07e-01
-7.05e-01
-6.08e-01
8.71e-02
-9.93e-01
