8.16e-01
5.29e-01
-1.90e-01
8.03e-01
9.49e-01
7.81e-01
-4.59e-01
1.82e-01
1.25e-01
4.65e-01
3.44e-01
9.10e-01
2.71e-01
-1.24e-01
-9.87e-01
-1.92e-01
-1.23e-01
-6.82e-01
-5.30e-02
9.81e-01
8.36e-01
-5.46e-01
-1.68e-01
-9.04e-01
7.12e-01
4.70e-03
7.37e-01
5.17e-01
5.32e-02
-4.68e-01
-8.28e-01
-3.35e-01
-9.84e-01
-7.33e-01
4.05e-01
-6.95e-01
4.87e-01
2.83e-01
-3.61e-01
-1.75e-01
5.33e-01
1.72e-01
-8.33e-01
6.60e-01
-4.65e-01
4.52e-01
-2.53e-01
9.30e-01
-9.32e-02
2.69e-01
-1.12e-01
5.56e-01
8.36e-01
-5.67e-01
1.67e-01
-3.63e-03
-8.08e-01
3.56e-01
-5.94e-01
2.70e-01
1.68e-01
6.95e-01
-6.12e-01
-6.74e-01
-1.53e-01
-9.68e-01
-3.10e-01
-5.14e-01
1.02e-01
-9.75e-02
-5.23e-01
-4.48e-01
9.94e-01
-8.59e-01
8.66e-01
-2.74e-01
-3.35e-01
2.27e-01
-8.82e-01
7.20e-01
-1.15e-01
-1.48e-01
-9.62e-01
7.57e-01
6.78e-02
-6.25e-02
9.44e-01
3.43e-01
-4.20e-01
9.26e-01
6.77e-02
6.03e-02
1.01e-01
3.69e-01
-6.27e-01
-7.90e-01
5.87e-01
-1.77e-01
6.81e-01
9.04e-01
3.00e-01
1.65e-01
-2.75e-01
5.45e-01
-4.24e-01
2.28e-01
-4.81e-02
-3.91e-01
-9.85e-01
7.03e-01
-6.07e-01
-7.58e-02
4.83e-01
2.71e-01
1.97e-01
7.18e-01
2.27e-01
-4.89e-01
8.17e-01
-8.70e-01
1.12e-01
-1.38e-01
-4.58e-01
3.03e-01
5.60e-01
-5.23e-01
4.44e-01
-8.32e-01
-5.46e-01
-3.54e-01
-8.17e-01
-9.10e-01
-7.53e-01
4.68e-01
4.18e-01
-7.60e-02
8.43e-01
-3.44e-01
-9.76e-01
3.03e-01
-2.39e-01
9.92e-02
-3.31e-03
-7.98e-01
-2.94e-01
9.81e-01
-5.76e-01
8.60e-01
-1.83e-01
-8.47e-01
-1.45e-01
-4.71e-01
9.22e-01
7.59e-01
1.81e-01
5.70e-02
1.10e-01
-6.68e-01
1.18e-01
-6.47e-01
-4.79e-01
2.97e-01
7.21e-01
5.28e-01
8.27e-01
-2.12e-01
-6.40e-01
-5.98e-01
6.01e-01
-4.34e-01
-6.64e-01
-4.23e-01
1.04e-01
-9.18e-01
-2.41e-01
4.11e-01
-6.13e-01
9.29e-01
1.14e-02
-2.13e-01
-6.95e-01
2.38e-01
-8.80e-01
6.77e-01
8.22e-01
-6.94e-01
4.46e-01
-3.35e-01
-9.89e-01
-2.17e-01
-8.76e-01
-9.50e-01
-8.90e-01
-2.29e-02
8.42e-01
-2.72e-01
2.77e-02
-4.61e-01
2.52e-01
7.57e-01
5.15e-01
-8.22e-01
2.50e-01
-5.97e-01
9.92e-01
-7.35e-01
8.28e-01
-7.50e-01
5.81e-01
-8.47e-01
9.59e-01
6.20e-01
-3.83e-01
5.28e-01
7.77e-01
4.02e-01
6.34e-01
7.84e-01
1.93e-01
1.24e-03
-5.63e-01
-4.66e-01
6.10e-01
4.91e-01
5.51e-01
4.71e-01
-5.13e-01
4.77e-01
-7.69e-01
8.16e-02
-7.80e-01
5.94e-01
-1.79e-03
-6.60e-01
8.63e-01
-8.44e-01
-6.23e-01
5.01e-01
9.66e-01
-7.84e-01
1.49e-01
-1.52e-01
-1.06e-01
-4.87e-01
-5.27e-01
-1.80e-01
-5.36e-01
9.38e-01
7.59e-01
-1.80e-01
-9.23e-01
-1.33e-01
1.53e-01
-1.73e-01
1.10e-01
8.31e-01
-5.35e-01
-8.71e-01
4.22e-01
-9.92e-02
9.60e-02
3.33e-01
-7.61e-01
6.20e-01
1.52e-01
