8.74e-01
8.11e-01
-1.78e-01
1.85e-01
1.29e-01
-8.47e-01
9.36e-01
6.56e-01
9.01e-01
3.17e-01
-3.34e-01
-3.71e-01
3.06e-01
-7.95e-01
2.82e-01
1.34e-01
-1.53e-01
-4.13e-01
-7.78e-01
5.32e-02
-8.53e-01
8.16e-01
5.72e-01
2.78e-01
8.57e-01
1.30e-01
-1.02e-01
-7.33e-01
-4.81e-01
7.73e-01
-8.75e-01
-3.91e-01
2.85e-01
1.47e-01
5.59e-01
2.64e-01
5.14e-01
1.32e-01
1.91e-01
-5.14e-01
-6.47e-01
-7.18e-01
7.44e-01
4.60e-01
7.28e-01
-9.19e-01
-2.18e-01
7.96e-01
3.22e-01
6.87e-02
-5.93e-01
-7.78e-01
-2.95e-01
-5.25e-01
9.87e-01
-7.76e-01
9.14e-01
4.06e-01
-5.10e-01
2.92e-01
9.05e-02
1.44e-01
6.64e-01
-7.80e-01
9.39e-01
8.81e-01
-4.18e-01
4.14e-01
-6.76e-01
2.44e-01
6.92e-01
-4.75e-01
1.47e-01
-4.43e-01
-1.65e-01
2.57e-02
-8.30e-01
-7.86e-01
5.62e-02
3.15e-01
3.83e-01
9.83e-02
-8.49e-01
-8.05e-01
-5.28e-01
8.91e-01
-1.22e-01
2.56e-01
-9.56e-01
9.41e-01
2.42e-01
-7.72e-01
-4.40e-01
4.84e-02
1.93e-01
-7.24e-02
-4.66e-01
-3.41e-01
2.76e-01
-3.07e-01
-8.46e-01
-9.88e-01
-1.51e-01
3.17e-01
1.53e-01
-5.20e-01
-9.76e-01
-1.14e-02
4.29e-01
-4.15e-01
-3.35e-01
3.61e-01
9.74e-02
-4.74e-01
-8.66e-01
-7.38e-01
5.07e-01
-8.78e-01
-4.67e-01
-6.53e-01
-2.96e-01
-2.67e-01
4.16e-01
5.36e-01
-5.70e-01
-1.50e-01
-5.20e-01
-9.19e-01
3.54e-01
4.72e-01
7.06e-01
-7.44e-01
8.68e-01
-8.45e-01
2.87e-01
2.26e-03
-8.73e-01
-7.93e-03
4.03e-01
-5.81e-01
9.45e-01
-4.21e-01
8.35e-01
6.85e-01
-8.03e-01
6.66e-02
3.71e-01
2.47e-01
-5.02e-01
5.76e-01
-1.91e-01
1.93e-02
6.40e-01
-2.07e-01
-9.71e-01
8.38e-01
4.60e-02
9.52e-01
-1.15e-01
-6.87e-01
-8.41e-01
-1.13e-01
4.51e-01
8.12e-01
-8.58e-01
6.70e-01
-2.85e-01
-2.89e-01
-5.00e-01
4.62e-01
-6.74e-01
-8.75e-01
2.80e-01
-5.31e-01
-2.03e-01
3.29e-02
-5.54e-01
4.25e-01
-2.95e-01
-6.28e-01
-4.63e-01
-5.21e-01
-9.81e-01
4.72e-01
9.46e-01
5.43e-01
5.38e-01
-2.20e-01
-6.67e-01
-1.44e-01
-8.09e-03
6.04e-01
2.59e-01
3.57e-01
-4.10e-01
-6.94e-01
2.54e-01
-1.29e-01
-6.53e-01
-8.84e-01
4.90e-02
-4.90e-01
-4.52e-01
-3.43e-01
5.69e-01
-4.01e-01
-6.20e-02
-8.73e-01
9.58e-01
1.12e-01
3.07e-01
2.68e-01
2.24e-01
6.81e-01
3.91e-01
4.74e-01
9.88e-02
7.56e-01
3.31e-02
-7.29e-01
3.89e-01
-8.14e-01
2.42e-01
-6.19e-02
6.34e-01
-5.74e-01
2.23e-01
9.03e-01
-8.31e-01
-1.43e-01
6.62e-01
1.30e-01
-1.77e-01
4.30e-02
-8.56e-01
-5.14e-01
9.13e-01
8.64e-01
4.39e-01
6.50e-01
-1.82e-01
-8.28e-01
-2.15e-01
-8.53e-02
9.33e-01
-5.66e-01
1.24e-01
7.65e-01
-4.65e-01
-8.62e-01
1.90e-01
-4.70e-01
-1.57e-01
9.80e-01
1.83e-01
-5.81e-01
-2.87e-01
-1.83e-01
7.24e-01
5.86e-01
8.40e-01
-1.74e-01
-6.75e-01
-8.27e-01
6.89e-01
