-5.92e-01
-6.26e-01
-8.81e-01
-7.88e-01
-5.49e-01
-5.37e-01
-1.77e-02
9.18e-03
5.92e-01
9.17e-01
9.97e-01
-2.46e-01
2.84e-01
-9.93e-01
1.39e-01
1.04e-01
8.55e-01
-3.64e-01
-2.76e-01
7.79e-01
-5.69e-01
9.06e-01
6.79e-02
-6.79e-01
5.71e-01
-8.61e-01
1.46e-01
3.73e-01
-3.31e-02
-1.61e-01
-5.37e-01
6.42e-01
-2.92e-01
6.56e-01
6.96e-01
-3.45e-01
2.30e-01
-4.60e-01
-8.18e-01
-3.04e-01
-6.86e-01
9.40e-01
1.32e-02
-2.26e-01
-8.25e-02
-3.03e-01
4.39e-01
-2.14e-01
5.11e-01
-9.36e-01
6.96e-01
7.15e-01
-1.04e-01
8.34e-01
-4.57e-02
1.17e-01
-3.75e-01
-3.56e-01
-7.47e-01
1.27e-01
3.79e-01
3.20e-01
1.70e-01
-5.23e-01
-9.55e-01
3.90e-01
4.25e-01
-2.80e-01
-3.94e-01
6.89e-01
1.44e-01
6.68e-01
9.20e-01
7.20e-01
-7.64e-01
3.76e-01
-7.11e-01
2.64e-01
-2.63e-01
5.22e-03
-3.69e-01
6.38e-01
9.11e-01
4.34e-01
-5.12e-01
6.51e-01
9.17e-01
7.53e-01
7.47e-01
-6.51e-01
7.26e-01
7.98e-01
4.93e-01
4.97e-01
7.82e-01
9.01e-01
-5.39e-01
6.56e-01
4.03e-01
1.72e-01
8.83e-02
9.80e-01
-8.89e-01
3.41e-01
-7.33e-01
-6.43e-01
3.89e-01
6.84e-01
-9.93e-01
-6.06e-01
6.10e-01
-2.47e-01
7.00e-01
-5.73e-02
-6.68e-01
-9.42e-01
8.94e-02
-6.54e-01
-3.72e-01
-8.27e-01
4.64e-01
-1.49e-01
-7.89e-01
9.90e-01
-3.82e-01
6.64e-02
-5.12e-01
7.57e-01
-6.12e-01
-9.37e-01
1.65e-01
6.26e-01
-5.45e-01
-5.90e-01
7.95e-01
5.73e-01
-5.99e-01
5.14e-02
3.83e-01
4.31e-02
4.38e-01
-9.07e-01
-9.18e-02
4.69e-01
2.69e-01
6.80e-01
-7.56e-02
9.06e-01
9.38e-01
3.55e-01
-3.18e-01
-9.63e-01
-4.84e-01
-2.79e-01
6.83e-01
-7.42e-02
1.91e-01
4.19e-01
-6.14e-01
7.88e-01
-3.49e-01
7.79e-01
9.00e-02
-9.56e-01
4.32e-03
-9.47e-01
-1.89e-01
5.49e-01
9.69e-01
1.84e-01
-9.60e-02
4.01e-02
1.22e-01
-3.23e-01
2.18e-01
-5.53e-01
1.22e-01
-4.43e-01
7.18e-01
4.49e-01
-4.39e-01
-6.15e-01
1.02e-01
-2.70e-01
3.21e-01
-2.33e-01
-1.91e-01
9.10e-01
-3.85e-01
-3.26e-02
-6.94e-01
-4.55e-01
-6.70e-01
-9.46e-01
5.19e-01
8.23e-01
5.36e-01
-4.86e-01
8.28e-01
-9.47e-01
-4.12e-01
-3.31e-01
8.14e-02
-3.92e-01
5.65e-01
-8.67e-01
2.11e-01
-7.13e-01
-5.60e-01
-5.33e-01
5.29e-01
1.51e-01
4.17e-01
5.87e-01
9.61e-01
-9.23e-01
-8.41e-01
7.76e-01
4.86e-01
2.36e-01
-8.73e-01
3.04e-01
-1.03e-02
6.99e-01
6.47e-01
-8.74e-01
4.81e-01
-9.13e-01
-5.30e-02
-4.82e-01
-5.74e-01
4.49e-01
6.02e-01
-8.03e-01
1.05e-01
2.22e-01
-2.92e-01
-4.12e-01
7.96e-01
1.11e-01
-8.13e-01
-9.07e-01
7.62e-01
8.77e-01
-2.58e-01
2.63e-01
-9.45e-02
-9.52e-01
-8.90e-01
-8.27e-01
-7.21e-01
3.86e-01
8.37e-01
1.46e-02
-2.29e-01
-6.12e-01
-6.41e-01
-5.51e-01
5.01e-01
5.78e-01
3.30e-01
-9.41e-01
4.39e-01
-1.20e-01
-1.33e-02
