-4.13e-02
2.40e-01
2.39e-01
-7.58e-01
-5.51e-01
7.22e-01
5.90e-01
5.07e-01
7.10e-01
5.95e-01
2.00e-01
1.58e-01
5.24e-01
1.78e-01
5.73e-01
-7.89e-01
8.48e-01
-2.04e-01
5.42e-01
-7.77e-01
-3.25e-01
4.05e-01
-7.63e-01
-9.48e-01
3.33e-01
4.54e-01
1.97e-01
5.62e-02
5.39e-01
-9.70e-01
-9.11e-01
-5.51e-01
-7.68e-02
4.03e-01
-7.04e-01
3.63e-01
-9.13e-01
-4.10e-02
-9.22e-01
9.85e-01
9.61e-01
5.39e-01
-5.50e-01
3.72e-01
7.86e-01
-7.81e-01
8.42e-01
8.00e-01
-8.96e-01
5.71e-01
5.39e-01
6.38e-01
8.86e-02
4.44e-01
6.40e-01
3.40e-02
-7.23e-01
3.78e-02
-2.38e-01
6.41e-01
-2.06e-01
4.40e-01
-9.38e-01
7.46e-02
5.73e-01
-7.50e-01
4.25e-01
-2.80e-01
-3.94e-01
3.61e-01
7.54e-02
-4.88e-01
-8.44e-01
5.63e-02
-3.16e-02
4.94e-01
3.33e-01
3.27e-01
9.47e-01
-9.38e-01
-3.31e-01
9.38e-01
5.62e-01
-4.31e-01
3.69e-01
1.54e-01
6.09e-02
-4.36e-01
-6.73e-01
-4.14e-01
9.25e-01
3.48e-01
-1.73e-01
-4.47e-01
3.13e-01
8.47e-01
-4.38e-01
2.26e-01
-6.23e-02
-2.21e-01
-6.77e-01
-4.00e-01
8.14e-01
1.07e-03
7.31e-01
-2.70e-01
-3.00e-01
5.67e-01
-9.15e-01
6.70e-01
2.85e-01
2.41e-01
2.54e-01
1.30e-01
9.87e-01
-6.45e-01
5.96e-01
1.61e-01
8.92e-01
3.25e-01
3.65e-01
-1.79e-01
4.28e-01
-9.94e-01
-5.14e-01
6.64e-02
-5.12e-01
-6.19e-01
2.62e-01
6.55e-01
-3.65e-01
-5.88e-01
2.74e-01
-5.90e-01
7.95e-01
5.73e-01
-5.99e-01
-3.58e-01
6.77e-01
-9.66e-01
-7.13e-01
-6.93e-01
3.17e-01
-5.85e-01
2.88e-01
9.47e-02
-7.56e-02
9.06e-01
9.38e-01
-6.81e-01
-5.11e-01
5.05e-01
-2.22e-01
-5.04e-01
-4.69e-01
2.83e-01
1.91e-01
4.19e-01
7.67e-01
4.23e-01
5.42e-01
7.61e-01
4.58e-01
4.39e-01
4.32e-03
9.58e-01
-1.89e-01
5.49e-01
-3.69e-01
1.84e-01
-9.60e-02
4.01e-02
1.22e-01
-3.23e-01
2.18e-01
-5.53e-01
1.22e-01
-4.43e-01
7.18e-01
-8.10e-01
7.20e-01
-7.62e-01
-5.42e-01
-5.29e-01
-4.93e-01
9.14e-03
7.78e-01
-3.09e-01
-9.90e-01
9.53e-01
-5.53e-03
5.33e-01
1.51e-02
-4.35e-01
-3.24e-01
6.15e-01
-1.92e-02
4.74e-01
9.85e-01
-6.95e-01
5.60e-01
-8.09e-02
4.68e-01
6.89e-01
7.33e-01
-2.77e-01
2.75e-01
-2.16e-01
-3.34e-01
-7.69e-01
7.56e-02
9.19e-01
-2.98e-01
9.67e-01
1.36e-01
7.87e-01
-7.23e-01
-3.97e-01
9.22e-01
-5.16e-01
-7.58e-01
-7.50e-01
-1.69e-01
-9.76e-01
-1.46e-01
1.06e-01
-6.42e-01
3.42e-01
3.18e-01
-1.08e-01
5.76e-01
2.03e-01
7.35e-01
7.18e-01
3.71e-01
6.29e-01
-1.11e-01
3.59e-01
-1.49e-01
-3.16e-01
8.17e-02
-6.58e-01
5.22e-01
5.87e-01
4.30e-01
-9.45e-01
-6.66e-01
7.14e-01
-8.50e-01
4.04e-01
-9.03e-01
-9.52e-01
-8.17e-01
4.89e-01
-2.29e-01
-6.12e-01
-6.41e-01
-5.51e-01
5.01e-01
5.78e-01
3.30e-01
-9.41e-01
8.63e-01
-7.68e-01
-3.09e-01
