-5.92e-01
-6.95e-01
4.55e-01
1.12e-01
-3.53e-01
-4.29e-01
-5.17e-01
5.93e-01
4.00e-01
-3.75e-01
4.25e-01
-1.01e-01
-7.26e-01
9.43e-01
-8.00e-01
2.49e-01
-2.08e-01
8.86e-01
-8.92e-01
-7.91e-01
-7.88e-01
3.62e-01
1.88e-02
-3.53e-01
5.71e-01
-8.61e-01
1.46e-01
3.73e-01
-3.31e-02
-3.26e-01
-5.37e-01
6.42e-01
-2.92e-01
6.56e-01
-3.82e-01
-3.45e-01
-7.37e-01
-4.60e-01
6.35e-01
-6.63e-01
-2.11e-01
-1.08e-01
1.57e-01
6.27e-01
7.59e-01
2.75e-02
-1.49e-01
6.87e-01
-1.42e-01
-3.72e-01
8.34e-01
-5.52e-02
-9.46e-01
6.95e-01
-3.38e-01
-8.77e-01
1.66e-02
6.21e-01
5.67e-01
-8.46e-01
-6.65e-01
-2.31e-02
4.71e-02
3.09e-01
8.29e-01
2.27e-01
-4.79e-02
9.44e-01
-2.78e-01
3.61e-01
7.54e-02
-4.88e-01
-8.25e-01
-6.53e-01
-4.99e-01
-2.35e-01
6.22e-02
2.64e-01
1.34e-01
5.22e-03
-3.69e-01
6.38e-01
9.11e-01
4.34e-01
-5.12e-01
6.51e-01
9.17e-01
7.53e-01
7.47e-01
-6.51e-01
7.26e-01
7.98e-01
4.93e-01
-3.15e-01
-6.21e-01
-1.14e-01
5.50e-01
6.25e-01
7.58e-01
-6.95e-01
-8.56e-01
1.32e-01
-3.72e-01
-9.67e-01
-1.13e-01
5.44e-01
5.50e-01
2.34e-01
-2.49e-02
1.35e-01
-2.27e-01
-5.28e-01
-3.19e-01
1.30e-01
9.87e-01
-6.45e-01
5.96e-01
1.61e-01
-8.19e-01
3.25e-01
3.65e-01
-1.79e-01
4.98e-01
9.90e-01
-9.83e-01
-8.51e-01
4.44e-01
8.59e-01
2.83e-03
5.44e-01
5.69e-01
1.55e-02
-3.59e-01
-6.16e-02
-8.01e-01
-4.47e-01
9.96e-01
5.77e-01
3.83e-01
4.31e-02
4.38e-01
-9.07e-01
-9.18e-02
4.69e-01
2.88e-01
9.47e-02
-7.56e-02
9.06e-01
9.38e-01
3.55e-01
-3.18e-01
7.14e-01
-3.04e-01
-7.53e-01
-6.06e-01
-7.42e-02
-1.39e-01
9.52e-01
-1.15e-01
-6.87e-01
-8.41e-01
-1.13e-01
4.51e-01
8.12e-01
-8.58e-01
6.70e-01
-2.85e-01
2.30e-01
-3.87e-01
-7.14e-01
7.46e-01
4.15e-01
1.78e-01
5.52e-01
-4.25e-01
-1.25e-01
9.73e-01
-4.43e-02
5.39e-02
8.23e-01
1.23e-01
6.12e-01
-8.17e-01
-4.54e-01
-3.58e-01
4.86e-01
-1.91e-01
9.10e-01
-3.85e-01
-3.26e-02
9.90e-01
-2.90e-01
-3.79e-01
-9.46e-01
8.75e-01
8.23e-01
5.75e-01
-3.15e-01
-3.71e-01
-9.47e-01
3.91e-01
9.71e-01
-9.14e-01
6.53e-01
-9.00e-01
8.01e-01
-8.40e-01
5.54e-01
-3.34e-01
-7.69e-01
7.56e-02
1.51e-01
4.17e-01
5.87e-01
9.61e-01
-9.23e-01
-8.41e-01
-2.94e-01
9.74e-01
8.46e-01
-1.87e-01
8.66e-01
-1.03e-02
6.99e-01
6.47e-01
-7.26e-02
-6.40e-01
3.10e-01
5.26e-01
-4.82e-01
-5.74e-01
4.49e-01
6.02e-01
-8.03e-01
1.05e-01
2.22e-01
-2.92e-01
-4.12e-01
7.96e-01
1.11e-01
-8.13e-01
-9.07e-01
7.62e-01
8.77e-01
-2.58e-01
2.63e-01
-9.45e-02
6.14e-01
5.09e-01
-1.73e-04
-6.00e-01
-1.88e-01
2.91e-01
4.92e-01
-3.38e-01
-9.42e-01
-3.92e-01
1.40e-01
7.11e-01
8.71e-01
8.75e-01
-1.74e-01
5.72e-01
2.14e-03
-3.25e-02
