-5.92e-01
-6.26e-01
-8.81e-01
-7.88e-01
-5.49e-01
-5.37e-01
-1.77e-02
9.18e-03
5.92e-01
9.17e-01
9.97e-01
-2.46e-01
2.84e-01
-9.93e-01
-7.13e-01
1.04e-01
8.55e-01
-3.64e-01
-2.76e-01
-5.60e-01
-7.74e-01
3.62e-01
1.88e-02
4.31e-01
5.71e-01
-8.61e-01
1.46e-01
3.73e-01
9.90e-01
-3.26e-01
-5.37e-01
6.42e-01
-2.92e-01
6.56e-01
6.96e-01
-3.45e-01
2.30e-01
-4.60e-01
-8.18e-01
-8.67e-01
-2.11e-01
-1.08e-01
7.22e-01
-3.06e-01
4.66e-01
-7.66e-02
-1.79e-01
6.87e-01
5.11e-01
-9.36e-01
8.34e-01
7.15e-01
-1.04e-01
8.34e-01
-4.57e-02
1.17e-01
-2.35e-01
-3.56e-01
-3.39e-01
-3.30e-01
-4.55e-01
4.22e-01
1.70e-01
-5.23e-01
-9.55e-01
3.90e-01
4.25e-01
-2.80e-01
-2.78e-01
3.61e-01
7.54e-02
-4.88e-01
-3.38e-01
-6.53e-01
-4.99e-01
-3.75e-01
6.22e-02
2.64e-01
1.34e-01
5.22e-03
-3.69e-01
6.38e-01
3.80e-01
8.58e-01
5.94e-01
5.98e-01
5.18e-01
7.15e-03
7.47e-01
-6.51e-01
7.26e-01
7.98e-01
5.08e-01
2.84e-01
-6.21e-01
-1.14e-01
5.50e-01
6.25e-01
7.58e-01
-6.95e-01
8.83e-02
9.80e-01
-8.89e-01
3.41e-01
-7.33e-01
-6.43e-01
3.89e-01
6.84e-01
-9.93e-01
1.35e-01
-2.27e-01
-5.66e-01
5.05e-01
-7.56e-02
9.87e-01
-6.45e-01
5.96e-01
1.61e-01
-8.19e-01
3.25e-01
3.65e-01
-1.79e-01
-1.86e-01
8.42e-01
-9.91e-01
3.55e-01
-6.02e-01
-2.96e-01
-5.53e-01
3.30e-01
-3.65e-01
7.07e-01
3.92e-01
4.02e-01
7.95e-01
5.73e-01
-5.99e-01
5.14e-02
3.83e-01
4.31e-02
4.38e-01
-9.07e-01
-9.18e-02
4.69e-01
2.88e-01
9.47e-02
-7.56e-02
9.06e-01
9.38e-01
3.55e-01
-3.18e-01
7.40e-01
4.48e-01
6.95e-02
7.12e-01
-8.60e-01
1.58e-01
-8.74e-01
9.57e-01
-5.97e-01
-8.41e-01
7.79e-01
9.00e-02
-8.87e-02
4.32e-03
9.58e-01
-4.12e-01
-7.37e-01
-3.87e-01
-7.14e-01
7.46e-01
4.15e-01
1.78e-01
5.52e-01
-4.25e-01
-1.25e-01
9.06e-01
-5.29e-02
-7.00e-02
8.23e-01
1.23e-01
6.12e-01
1.02e-01
-1.39e-01
-3.98e-01
4.86e-01
-1.91e-01
9.10e-01
-3.85e-01
-3.26e-02
-3.31e-02
-2.90e-01
-3.79e-01
-9.46e-01
8.75e-01
2.00e-01
5.36e-01
-4.86e-01
8.28e-01
8.42e-01
3.91e-01
9.71e-01
-9.14e-01
-3.92e-01
6.25e-03
-3.04e-01
2.11e-01
1.39e-01
-5.60e-01
-5.33e-01
5.29e-01
1.51e-01
4.17e-01
5.87e-01
9.61e-01
-9.23e-01
-8.41e-01
-2.94e-01
9.74e-01
8.46e-01
-1.87e-01
3.07e-01
-1.03e-02
6.99e-01
6.47e-01
4.39e-01
4.81e-01
-9.13e-01
-5.30e-02
-4.82e-01
-4.11e-01
4.49e-01
6.02e-01
-8.03e-01
1.05e-01
2.22e-01
-2.92e-01
-4.12e-01
7.96e-01
1.11e-01
-8.13e-01
-9.07e-01
7.62e-01
8.77e-01
-2.58e-01
2.63e-01
-9.45e-02
-9.52e-01
-8.90e-01
-8.27e-01
-7.21e-01
3.86e-01
8.37e-01
1.46e-02
-2.29e-01
-6.12e-01
-6.41e-01
-5.51e-01
5.01e-01
5.78e-01
3.30e-01
-9.41e-01
4.39e-01
-1.20e-01
-1.33e-02
