-4.13e-02
2.40e-01
2.39e-01
-7.58e-01
-5.51e-01
7.22e-01
5.90e-01
5.07e-01
7.10e-01
5.95e-01
2.00e-01
1.58e-01
5.24e-01
1.78e-01
5.73e-01
-7.89e-01
8.48e-01
-2.04e-01
5.42e-01
-7.77e-01
-3.25e-01
4.05e-01
-7.63e-01
-9.48e-01
3.33e-01
4.54e-01
-3.90e-01
2.15e-01
-9.30e-02
6.51e-01
-3.60e-01
-7.81e-01
-3.56e-02
7.24e-01
-6.73e-01
-2.38e-01
8.33e-01
7.54e-01
-3.79e-01
-3.32e-03
7.44e-01
-8.59e-01
-6.32e-01
7.85e-02
9.99e-01
2.55e-01
9.13e-01
6.25e-01
-1.08e-01
3.66e-01
3.62e-02
-6.51e-01
4.81e-01
1.32e-01
8.31e-01
4.34e-01
-7.78e-01
2.86e-01
9.91e-01
-5.53e-01
-4.84e-01
-6.96e-01
3.14e-01
-9.17e-01
8.56e-01
-2.63e-01
7.51e-01
-9.00e-01
-3.94e-01
3.61e-01
7.54e-02
-4.88e-01
-8.44e-01
5.63e-02
-3.16e-02
4.94e-01
3.33e-01
3.27e-01
9.47e-01
-9.38e-01
-3.31e-01
9.38e-01
5.62e-01
-4.31e-01
3.69e-01
1.54e-01
6.09e-02
-4.36e-01
-6.73e-01
-4.14e-01
9.25e-01
3.48e-01
-1.73e-01
-4.47e-01
3.13e-01
8.47e-01
-4.38e-01
2.26e-01
-6.23e-02
-2.21e-01
-6.77e-01
-4.00e-01
8.14e-01
1.07e-03
7.31e-01
-2.70e-01
-3.00e-01
5.67e-01
-9.15e-01
6.13e-01
-3.48e-01
8.08e-01
-5.30e-01
1.42e-02
-7.32e-01
-5.18e-01
-3.66e-01
-4.47e-01
-2.72e-01
-7.61e-01
6.51e-01
2.10e-01
-6.81e-01
-9.94e-01
-5.14e-01
6.64e-02
-5.12e-01
-6.19e-01
2.62e-01
6.55e-01
-3.65e-01
-5.88e-01
2.74e-01
-5.90e-01
7.95e-01
5.73e-01
-5.99e-01
-3.58e-01
6.77e-01
-9.66e-01
-7.13e-01
-6.93e-01
3.17e-01
-5.85e-01
2.88e-01
9.47e-02
-7.56e-02
9.06e-01
9.38e-01
-6.81e-01
-5.11e-01
5.05e-01
-2.22e-01
-5.04e-01
-4.69e-01
2.83e-01
1.91e-01
4.19e-01
7.67e-01
4.23e-01
5.42e-01
7.61e-01
4.58e-01
4.39e-01
4.32e-03
9.58e-01
-1.89e-01
5.49e-01
-3.69e-01
1.84e-01
-9.60e-02
4.01e-02
1.22e-01
-3.23e-01
2.18e-01
-5.53e-01
1.22e-01
-4.43e-01
7.18e-01
-8.10e-01
7.20e-01
-7.62e-01
-5.42e-01
-5.29e-01
-4.93e-01
9.14e-03
7.78e-01
-3.09e-01
-9.90e-01
9.53e-01
-5.53e-03
5.33e-01
1.51e-02
-4.35e-01
-3.24e-01
6.15e-01
-1.92e-02
4.74e-01
9.85e-01
-6.95e-01
5.60e-01
-8.09e-02
4.68e-01
6.89e-01
7.33e-01
-2.77e-01
2.75e-01
-2.16e-01
-3.34e-01
-7.69e-01
7.56e-02
9.19e-01
-2.98e-01
9.67e-01
1.36e-01
7.87e-01
-7.23e-01
-3.97e-01
9.22e-01
8.46e-01
-1.87e-01
3.07e-01
-1.03e-02
6.99e-01
6.47e-01
-9.72e-01
-6.28e-02
6.01e-01
8.06e-01
2.64e-01
-3.27e-01
-1.59e-01
-2.42e-01
8.63e-01
5.04e-01
-2.86e-01
3.11e-01
3.60e-01
2.35e-01
7.12e-02
-3.20e-01
-6.58e-01
5.22e-01
5.87e-01
4.30e-01
-9.45e-01
-6.66e-01
7.14e-01
-8.50e-01
4.04e-01
-9.03e-01
-9.52e-01
-8.17e-01
4.89e-01
-2.29e-01
-6.12e-01
-6.41e-01
-5.51e-01
5.01e-01
5.78e-01
3.30e-01
-9.41e-01
8.63e-01
-7.68e-01
-3.09e-01
