-5.92e-01
-6.26e-01
-8.81e-01
-7.88e-01
-5.49e-01
-5.37e-01
-1.77e-02
9.18e-03
5.92e-01
9.17e-01
9.97e-01
-2.46e-01
2.84e-01
-5.60e-01
1.39e-01
1.04e-01
8.55e-01
-3.64e-01
-2.76e-01
8.37e-01
-7.74e-01
1.30e-01
-7.84e-02
4.74e-01
-4.87e-01
-7.76e-01
1.15e-01
8.61e-01
8.56e-01
9.94e-01
5.05e-01
1.48e-02
8.42e-01
-5.54e-01
8.15e-01
9.57e-01
-4.98e-01
3.72e-01
-8.63e-01
8.81e-01
-6.89e-01
2.78e-01
-4.23e-01
-1.62e-01
8.56e-01
2.30e-01
2.18e-01
-1.63e-01
1.58e-01
6.38e-01
6.51e-01
7.15e-01
-5.19e-01
-3.84e-01
4.13e-01
8.37e-01
2.63e-01
-4.60e-01
-7.47e-01
9.79e-02
3.79e-01
3.20e-01
-5.42e-01
-5.23e-01
-9.55e-01
3.90e-01
4.25e-01
-2.80e-01
-2.78e-01
3.61e-01
7.54e-02
-4.88e-01
-3.38e-01
-6.53e-01
-4.99e-01
-2.35e-01
6.22e-02
2.64e-01
-2.63e-01
5.22e-03
-3.69e-01
6.38e-01
9.11e-01
4.34e-01
-5.12e-01
6.51e-01
9.17e-01
7.53e-01
7.47e-01
-6.51e-01
7.26e-01
7.98e-01
4.93e-01
-3.89e-01
9.44e-01
-6.06e-01
5.50e-01
6.25e-01
-8.31e-01
9.47e-02
-7.54e-01
5.50e-01
-6.42e-01
3.55e-01
7.23e-01
8.72e-01
-3.00e-01
5.67e-01
-9.15e-01
6.70e-01
2.85e-01
2.41e-01
2.54e-01
1.30e-01
9.87e-01
-6.45e-01
5.96e-01
1.61e-01
-8.19e-01
3.25e-01
3.65e-01
-1.79e-01
7.51e-01
9.90e-01
-2.26e-01
8.98e-01
-8.29e-01
2.63e-01
4.95e-01
9.99e-01
-5.16e-01
3.49e-01
-3.57e-01
-4.34e-01
-6.15e-01
-8.79e-01
-5.39e-01
2.65e-01
2.95e-01
7.61e-01
1.62e-01
5.72e-01
5.98e-01
4.69e-01
2.69e-01
-9.85e-01
1.19e-01
7.34e-01
-7.66e-01
3.20e-01
-9.02e-01
5.49e-01
8.67e-01
1.29e-01
-6.48e-01
-6.78e-01
-3.99e-01
3.68e-02
8.12e-01
3.46e-02
-8.22e-01
-3.78e-01
6.12e-01
1.43e-01
8.46e-01
9.58e-01
-1.89e-01
5.49e-01
9.69e-01
5.50e-01
8.33e-01
4.00e-01
9.72e-01
9.00e-01
1.23e-02
3.86e-01
2.12e-01
8.04e-01
3.58e-01
-7.83e-01
5.16e-01
1.39e-01
1.42e-01
3.07e-01
-1.22e-01
1.52e-01
-1.46e-01
8.40e-01
4.53e-01
7.98e-01
-2.82e-01
2.02e-01
5.69e-01
5.82e-01
-9.67e-02
9.36e-01
5.22e-01
-6.51e-01
-5.73e-01
8.96e-01
-2.61e-02
3.45e-01
-9.14e-01
6.53e-01
-9.00e-01
-6.93e-02
-7.68e-01
-3.81e-02
-7.71e-01
-6.42e-01
-3.96e-01
-3.49e-01
6.80e-01
8.27e-01
-5.07e-01
2.40e-01
-3.64e-01
-1.35e-01
-6.27e-01
-7.25e-01
5.06e-02
8.66e-01
8.31e-01
7.31e-01
-9.17e-01
6.21e-01
-6.42e-01
3.42e-01
3.18e-01
-1.08e-01
5.76e-01
2.03e-01
7.35e-01
7.18e-01
3.71e-01
6.29e-01
-1.11e-01
3.59e-01
-1.49e-01
-3.16e-01
8.17e-02
-6.58e-01
5.22e-01
5.87e-01
4.30e-01
-9.45e-01
9.68e-01
-1.36e-01
-6.37e-01
9.51e-01
-7.15e-01
3.46e-01
-8.62e-01
-1.03e-01
3.21e-01
-5.42e-01
-5.51e-01
-8.88e-01
-7.34e-01
2.70e-01
-6.84e-01
-4.44e-01
-7.03e-01
9.77e-01
4.16e-01
