-5.92e-01
-6.26e-01
-8.81e-01
-7.88e-01
-5.49e-01
-5.37e-01
-1.77e-02
9.18e-03
5.92e-01
9.17e-01
9.97e-01
-2.46e-01
2.84e-01
-5.60e-01
1.39e-01
1.04e-01
8.55e-01
-3.64e-01
-2.76e-01
8.37e-01
-7.74e-01
1.30e-01
-7.84e-02
4.74e-01
-4.87e-01
-5.04e-01
-5.16e-02
2.18e-01
-6.79e-01
2.14e-03
-5.37e-01
6.42e-01
-2.92e-01
6.56e-01
6.96e-01
-3.45e-01
-4.98e-01
3.72e-01
-8.63e-01
8.81e-01
-6.89e-01
-9.82e-01
7.22e-01
-3.06e-01
5.42e-01
6.15e-02
3.71e-01
-2.76e-01
3.35e-01
9.97e-01
-3.33e-01
-9.22e-01
2.99e-01
6.51e-02
-4.57e-02
1.17e-01
-3.75e-01
-3.56e-01
-3.39e-01
-3.30e-01
-4.55e-01
4.22e-01
1.70e-01
-5.23e-01
-9.55e-01
3.90e-01
4.25e-01
-2.80e-01
-2.78e-01
3.61e-01
7.54e-02
-4.88e-01
6.86e-01
3.58e-01
4.96e-02
-3.99e-01
-2.46e-02
6.18e-01
1.34e-01
5.35e-01
3.81e-01
-8.00e-01
-6.23e-01
-2.10e-01
9.26e-01
1.36e-01
-8.94e-01
8.42e-01
-4.71e-01
-2.89e-01
7.79e-02
3.21e-01
-8.76e-01
-3.15e-01
-6.21e-01
-7.73e-01
3.93e-01
8.14e-01
-6.72e-01
-4.32e-01
5.26e-01
3.82e-01
5.81e-01
1.37e-01
-2.47e-01
-4.84e-01
-7.22e-01
-1.29e-01
-7.82e-01
-1.94e-01
-3.03e-01
1.78e-01
-3.43e-01
-9.42e-01
-8.45e-01
7.76e-01
-1.25e-01
3.54e-01
-3.72e-01
-8.27e-01
4.64e-01
-7.70e-01
-4.14e-01
-6.74e-02
-9.67e-01
-1.36e-01
-3.35e-01
8.59e-01
2.83e-03
5.44e-01
5.69e-01
1.55e-02
-3.59e-01
-6.16e-02
1.48e-01
6.74e-01
-5.56e-01
-6.39e-01
-7.93e-01
-9.49e-01
-8.72e-01
8.73e-01
1.07e-01
8.01e-01
-4.63e-01
-4.31e-03
-4.24e-01
1.06e-01
-8.73e-01
-4.13e-01
-9.98e-01
-5.82e-01
6.90e-01
5.30e-01
-4.54e-01
-5.15e-01
-4.74e-01
3.14e-01
-7.93e-01
-2.64e-01
3.59e-01
-9.37e-01
-5.98e-01
-8.08e-02
2.29e-01
-5.56e-01
6.01e-01
7.40e-01
9.19e-01
-4.98e-02
-6.81e-01
1.56e-01
9.72e-01
9.00e-01
1.23e-02
3.86e-01
2.12e-01
8.04e-01
3.58e-01
-7.83e-01
-4.39e-01
-6.15e-01
-5.57e-01
9.07e-01
-8.99e-01
2.48e-04
-2.83e-01
6.39e-01
-5.63e-02
-1.87e-01
-8.81e-01
9.32e-01
-9.66e-01
1.72e-01
-4.29e-01
-4.25e-01
4.55e-01
2.31e-01
-5.73e-01
8.42e-01
3.30e-01
2.07e-01
-4.91e-01
-3.92e-01
6.25e-03
-8.67e-01
2.11e-01
-7.13e-01
-7.71e-01
-6.42e-01
-3.96e-01
-3.49e-01
6.80e-01
8.27e-01
-5.07e-01
2.40e-01
-3.64e-01
-1.35e-01
-6.27e-01
-7.25e-01
5.06e-02
8.66e-01
8.31e-01
6.99e-01
6.47e-01
-9.72e-01
-6.28e-02
6.01e-01
9.05e-01
9.40e-01
-2.04e-01
-9.52e-01
-1.67e-01
8.69e-01
8.71e-01
2.32e-02
-3.07e-01
-4.12e-01
5.40e-01
8.38e-01
6.19e-01
-7.52e-01
7.65e-01
5.69e-01
7.58e-01
7.69e-01
-1.31e-01
-9.99e-01
-6.68e-01
-1.73e-04
-6.00e-01
-5.94e-01
6.45e-01
6.87e-01
-2.08e-01
-4.62e-01
-9.01e-01
1.96e-01
-6.46e-01
-4.14e-01
-5.26e-01
6.42e-01
-9.56e-01
-1.20e-01
-1.33e-02
