4.67e-01
-5.28e-01
9.76e-01
-7.09e-01
-3.06e-01
-6.16e-01
-6.32e-01
-2.69e-02
-2.39e-02
9.82e-01
5.34e-01
1.91e-01
5.50e-01
4.43e-01
-5.72e-01
3.98e-01
-7.46e-01
-3.33e-01
5.63e-01
3.05e-01
4.78e-01
8.88e-01
-4.22e-01
7.74e-02
1.67e-01
-3.66e-01
3.39e-01
-1.57e-02
6.61e-01
1.94e-01
1.94e-01
5.47e-01
-1.41e-01
5.48e-03
-5.94e-01
7.06e-01
-3.13e-01
-2.42e-01
4.10e-01
7.38e-01
-9.31e-01
5.70e-01
3.97e-03
-7.42e-01
-5.96e-02
-9.59e-01
9.06e-01
1.25e-02
3.42e-01
7.11e-01
1.83e-01
-5.61e-01
-9.56e-01
-5.77e-01
-2.01e-01
4.02e-01
-9.88e-01
-6.81e-01
-2.15e-01
2.93e-01
-4.82e-01
-9.48e-01
3.83e-01
-1.82e-01
-9.97e-01
4.85e-01
-1.70e-01
7.70e-01
3.69e-01
-2.03e-01
1.05e-01
6.17e-01
8.96e-01
6.97e-01
3.47e-01
-4.13e-01
-2.01e-01
1.30e-01
5.05e-02
7.99e-01
-3.10e-01
-1.28e-01
-5.48e-01
-3.05e-01
-7.12e-01
-7.73e-01
9.93e-01
8.16e-01
5.81e-01
-9.70e-01
2.88e-02
7.70e-01
-1.93e-01
-4.31e-01
-3.70e-01
-1.17e-01
-7.32e-01
5.06e-01
9.53e-01
-2.21e-01
-4.14e-01
9.52e-02
9.16e-01
3.49e-01
4.53e-01
-9.56e-01
3.79e-01
3.91e-02
4.55e-01
-2.00e-01
-1.53e-01
1.82e-01
2.25e-02
5.19e-01
2.15e-02
-6.41e-01
-8.89e-01
-7.69e-01
-5.98e-01
2.80e-01
2.64e-01
9.69e-01
-9.66e-01
-3.46e-02
4.41e-01
-2.40e-01
1.57e-01
-8.85e-01
1.83e-01
1.37e-01
-5.15e-03
-4.64e-01
-2.44e-01
8.92e-01
2.30e-01
9.68e-01
-2.57e-01
1.80e-01
-6.32e-02
2.26e-01
4.82e-01
-4.11e-01
3.96e-01
8.97e-01
4.73e-01
6.29e-01
5.20e-01
-1.11e-01
-3.00e-01
1.04e-01
9.14e-01
7.15e-01
1.68e-02
-2.50e-01
5.77e-01
-8.78e-01
6.58e-01
2.04e-01
-8.54e-01
1.98e-01
9.63e-01
-2.23e-01
-7.19e-01
-2.42e-01
8.85e-02
-4.81e-01
-3.21e-01
4.44e-02
-2.77e-01
-3.44e-01
-1.10e-01
4.54e-01
-1.76e-01
9.86e-01
-2.59e-02
8.02e-01
-3.14e-02
-6.44e-01
8.16e-03
7.90e-01
1.64e-01
7.34e-01
9.72e-02
9.73e-01
1.57e-01
7.93e-01
-9.38e-01
-1.69e-01
5.36e-01
5.80e-02
7.18e-01
7.86e-01
-4.76e-01
1.27e-01
3.81e-01
-8.90e-01
9.28e-01
6.51e-02
-1.36e-01
5.27e-01
6.62e-01
1.03e-01
7.02e-01
-2.26e-01
-7.11e-01
7.92e-01
-3.14e-01
9.54e-01
-6.88e-01
-5.88e-01
6.01e-01
4.03e-01
2.90e-01
-1.44e-01
9.82e-01
-6.68e-01
-1.51e-01
-4.14e-01
8.42e-01
-2.95e-01
-1.90e-01
-6.70e-01
-8.44e-02
3.58e-01
3.10e-01
5.35e-01
4.50e-01
-5.49e-01
-1.94e-01
-4.41e-01
-3.55e-01
-4.95e-01
-1.91e-01
1.27e-01
9.34e-02
-6.73e-01
-1.88e-01
-3.71e-01
6.40e-01
-7.92e-01
4.02e-01
2.86e-01
-1.84e-01
7.28e-01
7.91e-01
-6.92e-01
3.14e-01
8.91e-02
-9.90e-01
-9.91e-01
3.22e-01
-5.55e-01
9.78e-01
8.51e-01
-2.55e-01
-3.21e-01
4.23e-01
-3.05e-01
-9.46e-01
2.52e-01
5.65e-01
9.95e-01
2.14e-01
-2.13e-01
7.06e-01
