-4.43e-02
8.60e-01
1.44e-01
9.28e-01
5.24e-01
-7.04e-01
-8.87e-01
1.67e-01
-6.84e-01
-2.68e-01
-8.17e-01
-4.21e-01
-4.71e-01
-6.62e-01
-2.29e-02
-3.67e-02
9.51e-01
5.28e-01
-3.55e-01
3.73e-01
5.47e-01
-8.22e-02
5.75e-01
6.30e-01
5.50e-01
-8.48e-01
1.88e-01
-7.54e-02
-9.50e-01
-4.07e-02
-6.13e-01
-7.09e-01
-9.88e-01
8.76e-01
8.87e-01
1.96e-01
-9.28e-01
1.20e-01
2.11e-01
-9.80e-01
-5.01e-01
-1.58e-01
-6.45e-01
-3.64e-01
-3.51e-01
3.21e-02
-5.27e-01
9.58e-01
7.84e-01
6.95e-01
1.07e-02
4.94e-01
-5.06e-01
-6.10e-01
-7.22e-02
5.47e-01
-4.56e-01
9.66e-01
5.87e-02
-2.91e-01
-5.83e-01
-7.76e-01
4.81e-01
3.64e-01
-8.54e-01
1.79e-01
2.50e-01
-5.51e-01
-7.90e-01
2.44e-01
-6.23e-01
2.06e-01
-9.40e-03
-6.94e-01
-9.21e-01
3.04e-01
7.33e-01
-5.28e-02
-9.97e-01
-3.93e-01
9.91e-01
-8.26e-01
-2.15e-01
-9.70e-01
-4.96e-01
6.30e-01
-6.53e-02
4.89e-01
-4.89e-01
-4.00e-01
8.27e-01
5.96e-01
-9.86e-01
1.81e-01
7.47e-01
-5.75e-01
-2.84e-01
-1.44e-01
9.65e-01
-2.85e-01
5.55e-01
2.43e-01
2.25e-01
-8.66e-01
-5.02e-01
-6.48e-01
-5.15e-01
3.45e-01
8.16e-01
5.36e-01
9.29e-01
1.64e-01
-4.15e-01
-5.54e-01
-3.88e-01
-8.33e-01
4.47e-01
9.17e-01
-4.83e-01
6.51e-01
-6.50e-01
1.09e-01
-1.46e-01
-1.88e-01
-4.13e-01
1.00e-01
6.10e-02
1.31e-01
7.05e-01
-8.18e-01
2.84e-01
5.22e-01
-5.52e-01
-5.76e-01
-8.86e-01
6.46e-01
5.93e-02
-4.26e-02
-4.08e-01
-1.94e-01
-3.55e-01
-8.18e-01
7.30e-01
3.73e-01
2.66e-01
-1.35e-02
-7.35e-01
7.95e-01
-9.59e-01
-4.49e-02
7.39e-02
-6.52e-01
9.47e-01
1.26e-01
6.00e-01
7.21e-01
-8.01e-01
2.43e-01
6.47e-02
-2.38e-01
-3.05e-01
4.29e-01
4.43e-01
6.06e-01
-7.83e-02
-1.26e-01
-8.91e-02
7.01e-01
-9.35e-01
-5.33e-01
-9.36e-01
-7.41e-01
3.28e-01
-3.19e-01
5.41e-01
2.20e-01
5.33e-01
-6.97e-01
-4.96e-01
-9.91e-01
2.87e-01
8.49e-01
-7.27e-03
6.93e-01
6.62e-01
1.85e-01
5.78e-01
-6.44e-02
2.02e-01
-1.53e-01
8.46e-01
6.07e-01
-3.57e-01
5.98e-01
6.83e-01
-5.96e-01
-6.68e-01
4.90e-01
-1.52e-01
-8.47e-01
9.28e-01
3.35e-01
-8.72e-01
3.32e-02
-3.50e-01
-3.53e-01
-5.24e-01
-2.58e-01
-4.52e-01
9.25e-01
-9.40e-01
3.45e-01
-9.19e-01
2.78e-01
7.76e-01
-6.71e-01
-3.92e-01
8.09e-01
-7.54e-01
3.61e-01
3.11e-01
9.55e-01
-8.89e-01
7.81e-01
-8.40e-01
9.47e-01
5.93e-01
4.66e-01
-6.32e-01
4.37e-01
-8.52e-01
-2.65e-01
8.62e-01
-2.36e-01
9.01e-01
1.76e-01
8.80e-01
-9.90e-02
8.85e-01
2.98e-01
4.38e-01
2.56e-01
-3.38e-01
-8.67e-01
-1.31e-01
9.45e-01
4.06e-01
9.43e-03
-7.26e-01
-1.76e-01
6.71e-01
7.41e-01
-5.79e-01
8.30e-01
2.36e-01
5.91e-01
-5.55e-01
-6.46e-01
8.56e-01
4.44e-01
2.68e-01
-1.39e-01
1.35e-01
-9.32e-01
9.90e-01
