4.67e-01
-5.28e-01
9.76e-01
-7.09e-01
-3.06e-01
-6.16e-01
-6.32e-01
-2.69e-02
-2.39e-02
4.96e-01
5.34e-01
1.91e-01
5.50e-01
4.43e-01
-5.72e-01
3.98e-01
-7.46e-01
-3.33e-01
5.63e-01
3.05e-01
4.78e-01
8.88e-01
-4.22e-01
7.74e-02
1.67e-01
-3.66e-01
3.39e-01
-1.57e-02
6.61e-01
1.94e-01
1.94e-01
5.47e-01
-1.41e-01
5.48e-03
-5.94e-01
7.06e-01
-3.13e-01
-2.42e-01
4.10e-01
7.38e-01
-9.31e-01
5.70e-01
8.58e-01
-5.00e-01
5.60e-01
2.70e-01
-5.76e-01
2.73e-01
-2.21e-01
8.28e-02
6.39e-01
-7.96e-01
-6.55e-01
-2.17e-01
3.29e-01
-9.21e-01
5.44e-01
7.61e-01
-4.13e-01
3.27e-01
2.73e-01
9.92e-01
2.46e-01
1.68e-01
8.82e-01
8.96e-01
8.28e-01
-8.39e-01
-4.84e-02
-5.88e-01
-5.84e-01
4.48e-01
-5.80e-01
-6.32e-01
-7.06e-02
-5.65e-01
7.27e-01
-5.42e-01
-9.47e-01
7.64e-03
7.84e-01
-8.90e-01
4.77e-01
-4.92e-01
2.46e-01
-1.60e-01
-8.15e-01
-1.40e-02
-8.16e-01
3.72e-01
-2.05e-01
1.28e-01
-8.73e-01
-6.98e-01
-8.05e-01
9.64e-01
9.07e-01
9.31e-02
-1.42e-01
8.76e-01
1.93e-01
-7.66e-01
5.24e-01
8.98e-01
-1.39e-01
-5.95e-01
-5.85e-01
7.23e-01
4.73e-01
-2.34e-01
-2.85e-01
7.49e-01
-6.35e-01
1.85e-01
3.96e-01
-3.16e-01
1.30e-01
1.17e-01
6.69e-01
-1.89e-01
1.46e-01
5.42e-01
-8.32e-01
-4.89e-01
-1.36e-02
-3.17e-01
-9.13e-01
6.39e-01
1.70e-01
2.62e-01
-7.31e-01
1.80e-01
-5.97e-01
4.58e-01
1.03e-02
-7.16e-01
-1.39e-01
-4.95e-01
8.54e-01
9.94e-02
1.70e-02
4.38e-01
1.32e-02
8.97e-01
4.73e-01
6.29e-01
-2.57e-01
-1.11e-01
-3.00e-01
1.04e-01
9.14e-01
7.15e-01
1.68e-02
-2.50e-01
5.77e-01
-8.78e-01
6.58e-01
2.04e-01
-8.54e-01
1.98e-01
9.63e-01
-2.23e-01
-7.19e-01
-2.42e-01
8.85e-02
-4.81e-01
-3.21e-01
4.44e-02
-2.77e-01
-3.44e-01
-1.10e-01
4.54e-01
-1.76e-01
9.86e-01
-2.59e-02
8.02e-01
-3.14e-02
-6.44e-01
8.16e-03
7.90e-01
1.64e-01
7.34e-01
9.72e-02
9.73e-01
1.57e-01
7.93e-01
-9.38e-01
-1.69e-01
5.36e-01
5.80e-02
7.18e-01
1.03e-01
-4.76e-01
1.27e-01
3.81e-01
-8.90e-01
9.28e-01
6.51e-02
-1.36e-01
2.86e-01
6.62e-01
7.86e-01
7.02e-01
-2.26e-01
-7.11e-01
7.92e-01
-3.14e-01
9.54e-01
-6.88e-01
-5.88e-01
6.01e-01
4.03e-01
2.90e-01
-1.44e-01
9.82e-01
-6.68e-01
-1.51e-01
-4.14e-01
8.42e-01
-2.95e-01
-1.90e-01
-6.70e-01
-8.44e-02
3.58e-01
3.10e-01
5.35e-01
4.50e-01
-5.49e-01
-1.94e-01
-4.41e-01
-3.55e-01
-4.95e-01
-1.91e-01
1.27e-01
9.34e-02
-6.73e-01
-1.88e-01
-3.71e-01
6.40e-01
-7.92e-01
4.02e-01
2.86e-01
-1.84e-01
7.28e-01
7.91e-01
-6.92e-01
3.14e-01
8.91e-02
-9.90e-01
-9.91e-01
3.22e-01
-5.55e-01
9.78e-01
8.51e-01
-2.55e-01
-3.21e-01
4.23e-01
-3.05e-01
-9.46e-01
2.52e-01
5.65e-01
9.95e-01
2.14e-01
-2.13e-01
-6.81e-01
