-6.67e-01
-7.96e-01
2.24e-01
-9.29e-01
2.62e-01
-4.66e-01
7.76e-01
4.37e-01
9.81e-01
1.26e-01
-9.99e-01
-4.72e-01
-5.16e-01
-8.51e-01
1.61e-01
-4.06e-02
-5.37e-01
4.43e-01
-2.88e-01
2.16e-03
5.51e-01
-9.22e-01
-9.42e-01
-8.20e-01
8.09e-01
4.61e-01
-2.50e-01
-1.67e-01
1.31e-01
8.71e-01
-2.31e-03
1.93e-01
7.53e-02
-3.15e-01
8.97e-01
-6.21e-02
6.14e-01
-7.76e-01
4.49e-01
3.60e-01
1.63e-01
-1.77e-01
6.12e-01
-4.11e-01
-3.11e-01
-9.60e-01
3.74e-01
7.77e-01
5.36e-01
-8.04e-01
-9.35e-01
1.07e-01
-2.59e-01
-3.50e-01
-1.94e-01
-5.50e-01
-8.10e-01
-6.76e-01
-1.83e-01
-5.91e-01
-7.89e-01
3.64e-02
-6.22e-01
-3.35e-01
-1.17e-01
7.92e-01
7.14e-01
-9.85e-01
9.05e-01
3.66e-01
-8.23e-01
-3.50e-01
7.80e-01
4.24e-01
-5.77e-01
-2.22e-01
-3.26e-01
1.32e-01
5.29e-01
-2.39e-02
2.18e-01
7.64e-01
4.72e-01
-7.44e-01
-7.74e-01
9.10e-01
4.99e-01
-8.78e-01
8.37e-01
-3.08e-01
4.67e-01
2.41e-01
-8.23e-01
6.00e-01
-3.45e-01
1.70e-01
4.35e-01
-6.74e-01
-6.03e-01
-8.35e-01
-8.98e-01
6.91e-02
-9.35e-01
-1.76e-01
4.45e-01
3.94e-01
-9.10e-01
9.66e-01
-5.14e-01
4.35e-01
4.92e-01
9.34e-02
-8.07e-01
-9.22e-01
-2.81e-02
-6.13e-01
-7.92e-01
4.34e-01
-3.17e-01
2.93e-01
9.88e-01
7.92e-01
-8.11e-01
7.55e-01
-6.65e-01
-8.62e-01
3.18e-01
9.04e-01
8.19e-01
2.37e-01
7.24e-01
1.95e-01
-5.59e-01
-3.09e-01
-7.43e-01
-1.40e-01
6.84e-01
8.05e-01
-2.81e-01
-3.67e-01
-1.34e-01
-2.23e-01
2.08e-01
5.78e-01
-2.53e-01
2.49e-01
6.10e-01
-3.71e-01
-7.65e-01
9.45e-01
6.98e-02
-9.12e-01
-5.08e-01
-5.38e-01
7.92e-01
-6.95e-02
1.79e-01
2.99e-01
2.66e-01
-5.09e-02
5.87e-01
4.18e-01
6.97e-01
8.23e-01
7.11e-01
3.49e-01
-7.32e-01
-8.36e-01
2.56e-01
1.56e-01
-4.38e-01
-6.97e-01
1.30e-01
-4.04e-01
3.18e-01
6.34e-01
7.37e-01
9.60e-01
-2.09e-01
-4.63e-01
8.78e-01
7.49e-01
-1.30e-01
4.96e-01
8.49e-01
-9.26e-01
8.95e-01
-6.15e-01
3.61e-01
1.12e-01
3.31e-01
-1.62e-01
-1.76e-01
7.74e-02
5.73e-01
-5.24e-01
-8.55e-01
9.78e-01
1.90e-01
-6.34e-01
-1.14e-01
-5.50e-01
8.03e-01
-8.20e-01
-5.22e-01
6.61e-01
-9.58e-01
-3.67e-01
-2.18e-01
2.03e-01
-5.77e-01
1.86e-01
1.93e-01
1.46e-01
-6.45e-01
2.08e-03
1.47e-01
6.13e-01
7.86e-01
8.14e-01
-5.80e-01
5.10e-01
3.75e-01
-1.29e-01
3.66e-01
6.07e-01
-8.51e-01
-1.64e-01
7.33e-01
4.46e-01
2.66e-01
-4.61e-01
5.62e-01
5.56e-02
-1.67e-01
-6.97e-01
1.63e-01
-5.53e-01
7.83e-01
-5.35e-01
1.01e-02
2.59e-01
2.46e-01
-6.83e-02
-7.48e-01
-1.39e-01
-8.39e-01
5.63e-01
-4.32e-01
6.95e-01
-9.05e-02
-1.23e-01
9.48e-01
2.43e-01
3.93e-02
-1.09e-01
-2.62e-01
9.86e-01
1.82e-01
7.29e-01
3.30e-01
6.86e-01
-4.98e-02
2.22e-01
6.79e-01
