3.27e-01
-4.16e-01
-6.37e-01
5.82e-01
4.94e-01
-3.97e-02
7.50e-01
6.07e-01
-9.71e-01
4.00e-01
2.61e-01
6.60e-01
2.07e-01
8.06e-01
-8.12e-01
-7.71e-01
5.51e-01
-9.13e-01
-4.54e-01
-5.76e-01
-5.13e-01
4.11e-01
1.02e-01
4.93e-01
8.25e-02
2.93e-02
9.49e-01
-9.83e-01
1.68e-01
-1.90e-01
-6.19e-01
1.28e-01
-9.42e-01
-4.05e-01
6.19e-01
-4.16e-01
1.51e-01
4.37e-01
6.59e-01
-2.47e-01
-6.47e-01
-9.53e-01
-4.90e-01
-8.02e-01
4.13e-01
-3.87e-01
-5.03e-01
3.98e-01
-3.23e-01
-2.66e-01
9.83e-01
5.03e-01
-6.96e-01
3.61e-01
2.83e-01
-7.36e-01
6.57e-01
-9.48e-01
-3.46e-01
3.73e-01
-7.17e-01
2.62e-02
3.38e-01
3.60e-01
7.27e-01
9.88e-01
6.74e-01
1.65e-01
-4.64e-02
-3.58e-01
-4.40e-01
-4.19e-01
-5.94e-01
-6.06e-01
9.71e-01
-1.00e+00
8.33e-01
6.82e-01
-4.20e-01
6.49e-01
-9.50e-01
8.64e-01
5.46e-01
2.81e-01
-8.19e-01
-1.58e-01
1.92e-01
-8.71e-01
1.94e-01
6.38e-01
-4.14e-01
-3.51e-01
7.17e-01
2.99e-01
1.59e-01
-7.52e-01
-7.00e-01
5.32e-01
1.12e-01
8.71e-01
6.88e-01
8.26e-01
-4.10e-01
7.78e-01
9.69e-01
7.86e-02
-6.12e-01
-9.82e-01
-4.79e-01
-6.45e-01
-5.95e-01
2.51e-01
7.97e-01
5.93e-01
-6.60e-01
6.74e-02
-9.62e-01
3.67e-01
-6.07e-01
-7.28e-01
6.94e-01
-6.57e-01
4.76e-01
7.43e-01
4.57e-02
4.40e-01
-6.21e-02
-8.39e-01
-2.95e-01
-1.87e-02
-4.96e-02
1.53e-01
-8.24e-01
9.33e-01
-2.80e-01
4.92e-02
-7.44e-01
4.47e-01
1.20e-01
3.51e-01
8.24e-01
3.14e-01
2.04e-02
4.94e-01
8.36e-01
-2.63e-01
-4.62e-01
-3.01e-01
-4.83e-01
-5.38e-01
-3.39e-01
-6.65e-01
-8.27e-02
3.62e-01
-6.16e-01
-7.63e-02
-4.02e-01
9.39e-01
3.70e-01
4.06e-01
2.38e-01
5.63e-01
-5.19e-01
-9.95e-01
-4.33e-01
6.37e-01
-4.35e-01
-4.65e-01
2.11e-01
-2.88e-01
-8.45e-01
5.33e-01
4.09e-01
-5.42e-01
5.40e-02
-3.13e-01
-3.21e-01
-1.36e-01
5.55e-01
2.63e-01
4.12e-01
-3.62e-01
-2.98e-01
-7.62e-02
9.11e-01
-4.14e-01
3.93e-01
-9.59e-01
5.52e-01
5.98e-01
7.60e-01
-6.58e-01
6.95e-01
9.91e-01
-1.15e-01
-3.06e-01
-1.85e-01
2.82e-01
-1.00e+00
4.66e-01
5.80e-01
-8.40e-01
4.35e-01
1.03e-01
-6.71e-02
-1.96e-01
-4.09e-01
3.13e-01
5.45e-01
-6.29e-01
2.59e-01
5.35e-01
6.43e-01
-4.77e-01
-4.29e-02
-5.93e-01
-5.79e-01
-6.63e-03
4.64e-02
3.65e-01
7.99e-01
1.93e-01
-2.77e-01
-3.13e-01
-3.83e-01
9.39e-01
7.38e-01
3.93e-01
4.14e-01
4.92e-01
-4.98e-01
-4.57e-01
4.38e-01
2.96e-01
7.98e-01
-6.07e-01
-5.72e-01
4.33e-01
5.07e-01
-9.01e-01
-4.24e-01
-4.82e-02
-4.02e-01
-5.38e-01
4.75e-01
-8.05e-02
1.90e-01
-6.82e-01
-6.28e-02
-6.71e-01
-5.53e-01
-2.43e-01
-5.74e-01
-5.02e-01
-5.27e-01
-8.22e-01
-8.02e-01
-1.74e-01
-5.49e-01
-2.22e-01
-8.40e-01
-1.05e-01
-7.89e-01
6.29e-01
6.66e-01
