-2.13e-01
-7.76e-01
-8.87e-03
-2.05e-01
1.92e-01
-9.66e-01
3.22e-01
-4.25e-01
-4.49e-01
-4.96e-01
1.91e-01
2.23e-01
9.90e-01
6.25e-01
-9.82e-01
1.35e-01
5.51e-01
-9.13e-01
-7.53e-01
3.96e-01
-5.13e-01
4.17e-01
9.41e-01
-9.89e-01
3.66e-01
-2.26e-01
-2.04e-01
-1.67e-01
1.31e-01
8.71e-01
-2.31e-03
1.93e-01
7.53e-02
-3.15e-01
8.97e-01
-6.21e-02
6.14e-01
-1.57e-01
2.63e-01
8.94e-01
-4.19e-01
4.58e-01
-9.59e-01
3.65e-01
7.84e-03
-7.80e-01
9.51e-01
5.19e-01
6.38e-01
-1.54e-01
7.28e-01
-1.76e-01
-8.14e-02
-1.56e-01
-4.99e-01
-1.22e-01
-7.52e-01
2.83e-01
9.68e-01
-1.00e-01
4.92e-01
3.64e-02
-6.22e-01
-3.35e-01
-1.17e-01
9.92e-01
6.01e-01
2.18e-01
6.00e-01
-2.23e-01
8.20e-01
1.55e-01
-6.10e-01
6.32e-01
-4.87e-01
7.64e-01
4.21e-01
4.36e-01
-3.03e-01
-1.69e-01
3.73e-01
8.83e-01
-7.42e-01
-5.33e-01
-5.32e-01
5.04e-02
4.23e-01
-6.97e-01
6.24e-03
5.74e-01
6.42e-01
9.85e-01
6.93e-01
5.98e-01
1.25e-01
-8.83e-01
-7.49e-01
-8.44e-01
2.68e-01
-6.86e-01
-4.63e-01
-5.62e-01
-5.43e-01
8.44e-01
5.55e-01
-8.06e-01
8.18e-01
5.42e-01
-8.41e-01
-4.41e-01
9.54e-01
2.90e-01
8.96e-01
-3.34e-01
8.32e-01
-2.10e-01
-1.37e-01
3.32e-01
9.88e-01
3.86e-01
2.28e-01
1.49e-01
7.51e-01
5.28e-01
-5.77e-01
-8.62e-01
3.18e-01
6.46e-02
7.66e-01
-3.42e-01
4.21e-01
-5.30e-02
-5.00e-01
-7.96e-01
7.78e-01
-4.80e-01
-8.48e-01
-2.16e-01
8.71e-02
8.03e-02
3.57e-01
-1.46e-01
-4.58e-01
-6.41e-02
-9.23e-01
-3.31e-01
6.26e-01
7.67e-01
-2.32e-01
9.85e-03
-2.57e-02
-9.12e-01
-5.08e-01
-5.38e-01
7.92e-01
-6.95e-02
1.79e-01
2.99e-01
2.66e-01
6.78e-01
6.87e-01
-5.06e-01
-5.68e-01
4.38e-03
-1.48e-02
-8.14e-01
2.70e-01
2.27e-01
3.38e-01
7.56e-01
2.85e-01
9.77e-01
1.30e-01
-4.04e-01
3.18e-01
6.34e-01
-5.43e-01
-1.57e-01
-6.13e-01
-8.42e-01
-5.37e-01
-7.27e-01
9.56e-01
4.96e-01
-9.46e-01
-2.40e-01
6.40e-01
-1.29e-01
-8.57e-01
-5.95e-01
-8.35e-01
-3.67e-01
-6.80e-01
8.36e-01
-2.30e-01
-4.78e-01
1.50e-02
-3.52e-01
-4.69e-01
-2.35e-01
7.08e-01
-8.73e-01
-4.57e-01
-4.18e-02
-7.91e-01
3.22e-01
8.15e-01
1.48e-01
4.05e-01
-1.75e-01
6.72e-02
9.23e-02
9.55e-01
7.18e-01
8.91e-01
7.78e-01
8.52e-01
1.40e-02
5.41e-01
-2.43e-01
-5.80e-01
5.10e-01
3.75e-01
-1.29e-01
5.02e-01
6.07e-01
-8.51e-01
3.93e-01
4.14e-01
4.92e-01
-4.98e-01
-4.57e-01
4.38e-01
2.96e-01
7.98e-01
-6.07e-01
-5.72e-01
4.33e-01
-8.23e-01
7.00e-01
-7.11e-01
-6.78e-01
-8.20e-01
5.72e-01
-3.12e-02
-5.34e-01
-3.71e-01
4.15e-01
-2.44e-01
1.05e-01
-7.47e-01
6.39e-02
8.46e-01
-6.20e-01
-5.72e-01
-9.82e-01
-6.53e-01
6.04e-02
-2.10e-01
9.28e-01
-6.65e-02
6.86e-01
-4.98e-02
2.22e-01
6.79e-01
