-2.13e-01
-7.76e-01
-8.87e-03
-2.05e-01
-6.26e-01
-9.66e-01
3.22e-01
-4.25e-01
-4.49e-01
-4.96e-01
1.91e-01
2.23e-01
9.90e-01
6.25e-01
-9.82e-01
1.35e-01
-8.84e-01
8.88e-01
2.67e-01
-1.66e-01
-8.01e-01
-6.34e-01
2.95e-01
-8.77e-01
3.24e-01
9.84e-02
7.45e-01
-5.07e-01
-1.83e-01
-2.52e-01
-1.28e-01
7.81e-01
-3.15e-01
-6.22e-01
4.73e-01
5.16e-02
3.52e-01
-1.57e-01
2.63e-01
8.94e-01
-4.19e-01
4.58e-01
-9.59e-01
3.65e-01
7.84e-03
-7.80e-01
-2.22e-01
5.19e-01
6.38e-01
-1.54e-01
7.28e-01
-8.41e-01
-9.20e-01
-8.19e-01
-9.58e-01
5.33e-01
-9.13e-01
3.65e-02
3.88e-01
-9.59e-01
-9.49e-02
-8.13e-01
8.17e-01
-7.93e-01
5.12e-02
3.34e-01
7.81e-01
-5.77e-01
-8.59e-01
2.19e-02
-2.05e-01
9.49e-01
8.83e-01
6.51e-01
8.24e-01
-3.94e-02
-7.47e-02
-4.52e-02
6.45e-01
-2.87e-01
4.36e-01
-9.22e-01
7.19e-01
6.94e-01
-5.32e-01
5.04e-02
4.23e-01
-6.97e-01
6.44e-01
-1.38e-01
5.63e-01
-8.92e-01
9.80e-01
8.74e-01
-9.81e-02
9.61e-01
3.67e-01
6.57e-01
-4.93e-01
5.01e-01
6.26e-01
5.94e-01
-2.48e-01
1.68e-01
8.67e-01
3.07e-01
9.72e-01
8.14e-01
8.45e-01
3.02e-01
4.58e-01
-9.31e-01
-5.76e-02
2.99e-01
-6.01e-01
-7.12e-01
-5.46e-01
-6.55e-01
-3.24e-01
-9.23e-01
7.99e-01
2.09e-01
-6.64e-01
9.95e-01
9.54e-01
-2.48e-01
6.03e-01
-8.27e-01
-3.47e-01
-2.69e-01
-1.79e-01
1.93e-01
-1.07e-01
-2.71e-01
-6.99e-01
-7.93e-01
7.09e-01
1.36e-01
8.25e-02
4.72e-01
-1.12e-01
-5.31e-01
-9.59e-01
1.84e-01
3.21e-01
5.67e-01
4.59e-01
-4.38e-01
-6.99e-01
6.47e-01
2.28e-01
1.84e-01
7.63e-02
-4.20e-01
-2.22e-01
-8.08e-01
1.96e-01
6.12e-01
7.28e-01
-5.03e-01
7.05e-01
3.62e-01
7.64e-02
-2.70e-01
-3.07e-01
-5.26e-01
6.67e-01
2.26e-01
9.05e-01
-5.28e-01
-9.82e-01
9.77e-01
1.30e-01
-4.04e-01
3.18e-01
6.34e-01
7.37e-01
9.60e-01
-2.09e-01
-4.63e-01
8.78e-01
8.49e-01
-1.30e-01
4.96e-01
8.49e-01
6.19e-01
-7.11e-01
8.64e-02
8.19e-01
-6.65e-01
-8.33e-02
-1.67e-02
4.72e-01
3.23e-01
8.60e-02
1.15e-01
9.18e-01
7.49e-01
5.13e-01
7.07e-01
-8.95e-01
-7.15e-01
-6.56e-01
3.25e-01
2.66e-01
-9.51e-01
-6.23e-01
-3.20e-01
2.98e-01
6.10e-01
2.89e-01
-9.82e-01
9.55e-01
7.18e-01
-7.57e-01
-6.09e-01
-6.02e-01
4.22e-01
4.19e-01
-7.26e-01
-6.81e-01
4.46e-02
1.18e-01
-8.44e-01
1.52e-01
-8.81e-01
2.47e-01
2.54e-01
7.97e-01
3.55e-01
-4.38e-01
2.36e-01
-2.94e-01
-4.36e-01
-3.90e-01
-7.97e-01
1.54e-01
4.15e-01
9.66e-01
8.63e-01
-5.55e-01
1.27e-01
-4.85e-01
6.98e-01
4.49e-01
-6.48e-02
2.10e-01
7.13e-01
-1.44e-01
6.16e-01
5.22e-01
-1.85e-01
-6.63e-01
-9.58e-03
9.97e-01
6.86e-01
-6.00e-01
-1.74e-01
-5.49e-01
-2.22e-01
-8.40e-01
-1.05e-01
-7.89e-01
6.29e-01
6.66e-01
