9.22e-01
-9.71e-01
-8.73e-01
-3.61e-01
-3.81e-01
6.08e-01
6.03e-01
4.22e-01
3.23e-02
4.66e-01
7.01e-01
-5.89e-01
-8.85e-01
-7.33e-01
8.07e-01
7.64e-01
4.61e-01
-4.48e-01
3.77e-01
3.62e-01
6.03e-01
-4.68e-01
-7.05e-01
-4.27e-01
5.02e-01
-2.26e-01
-2.95e-01
-1.67e-01
7.81e-01
-8.51e-01
-1.36e-01
-9.31e-01
6.66e-01
5.56e-01
7.82e-01
-1.24e-01
-1.21e-01
-4.36e-01
9.82e-01
-9.54e-01
-3.34e-01
4.58e-01
-9.59e-01
3.65e-01
4.47e-01
6.12e-01
7.15e-01
8.54e-01
-9.76e-01
4.82e-01
7.45e-01
8.59e-03
-5.55e-01
8.21e-01
-4.89e-03
-6.64e-01
-2.16e-01
5.57e-01
-7.95e-01
4.82e-01
-6.98e-01
5.60e-01
3.38e-01
3.60e-01
7.27e-01
9.88e-01
6.74e-01
-5.77e-01
-8.59e-01
2.19e-02
8.20e-01
1.55e-01
4.17e-01
9.29e-01
-4.73e-02
3.44e-01
2.68e-01
-2.70e-01
-5.73e-01
-1.69e-01
-3.94e-01
8.83e-01
1.80e-01
1.92e-01
1.68e-02
-6.21e-01
8.83e-01
7.69e-01
-9.58e-01
-7.43e-01
-7.73e-01
4.13e-01
8.68e-01
4.39e-01
1.25e-01
-8.83e-01
-7.49e-01
-8.44e-01
2.68e-01
-6.86e-01
-4.63e-01
-8.93e-01
-7.64e-01
-2.65e-01
-9.29e-02
-5.93e-01
-7.50e-01
5.42e-01
-8.41e-01
-4.41e-01
-7.56e-01
9.75e-01
4.67e-01
3.73e-01
8.32e-01
-2.10e-01
-1.37e-01
3.32e-01
9.88e-01
3.86e-01
2.28e-01
1.49e-01
7.51e-01
5.28e-01
-5.77e-01
-8.72e-01
-4.74e-01
1.19e-02
-5.62e-01
-2.86e-01
-2.87e-01
9.63e-01
-5.00e-01
-7.96e-01
7.78e-01
-4.80e-01
-8.48e-01
8.00e-01
8.71e-02
8.03e-02
3.57e-01
8.03e-01
-5.53e-01
8.56e-01
7.24e-01
-3.04e-01
1.34e-01
9.62e-01
7.38e-01
-9.33e-01
6.98e-02
-9.12e-01
-5.65e-01
9.61e-02
-1.73e-01
-4.63e-02
-4.02e-01
9.39e-01
-8.66e-02
8.57e-01
-8.61e-01
1.15e-01
-2.04e-01
-4.36e-02
2.28e-01
-8.54e-01
-9.42e-02
3.39e-01
2.25e-01
-1.96e-01
-6.54e-01
8.97e-01
-4.04e-01
-1.98e-01
-6.17e-01
-4.72e-01
-8.90e-01
1.32e-01
-7.35e-01
-4.69e-01
3.26e-01
1.52e-01
-5.75e-01
6.26e-01
-7.00e-01
-2.84e-01
7.77e-03
3.71e-01
4.46e-01
1.93e-01
7.46e-01
-1.67e-02
4.72e-01
3.23e-01
8.60e-02
1.15e-01
9.18e-01
9.78e-01
1.90e-01
-6.34e-01
-1.14e-01
-5.50e-01
8.03e-01
-8.20e-01
-5.22e-01
6.61e-01
-9.58e-01
-3.67e-01
-2.18e-01
2.03e-01
-5.77e-01
1.86e-01
1.93e-01
-8.00e-02
8.94e-01
5.17e-01
3.92e-01
6.13e-01
7.86e-01
8.14e-01
-5.80e-01
5.10e-01
3.75e-01
1.30e-01
3.66e-01
6.07e-01
-8.51e-01
-1.64e-01
7.33e-01
4.46e-01
2.66e-01
-4.61e-01
5.62e-01
5.56e-02
6.86e-01
-7.97e-01
1.54e-01
4.15e-01
7.13e-01
7.00e-01
-7.11e-01
-6.78e-01
-8.20e-01
5.72e-01
-3.12e-02
-5.34e-01
-3.71e-01
4.15e-01
-2.44e-01
1.05e-01
-7.47e-01
-1.85e-01
-6.63e-01
-6.20e-01
-5.72e-01
-1.09e-01
-2.62e-01
9.86e-01
-6.97e-01
7.29e-01
3.30e-01
-1.21e-02
-5.79e-01
1.18e-01
1.82e-01
