-2.13e-01
-7.76e-01
-8.87e-03
-2.05e-01
-6.26e-01
4.83e-01
4.41e-01
9.06e-01
-8.64e-01
-9.58e-01
5.97e-01
2.23e-01
9.90e-01
6.25e-01
-9.82e-01
1.35e-01
-8.84e-01
8.88e-01
2.67e-01
-1.66e-01
-8.01e-01
-6.34e-01
2.95e-01
-8.77e-01
3.24e-01
9.84e-02
4.55e-01
-6.26e-02
-8.20e-01
-8.51e-01
-5.86e-01
-2.18e-01
6.45e-01
-5.24e-01
7.82e-01
-1.24e-01
2.49e-01
-1.08e-01
-1.03e-01
-5.37e-01
-9.83e-02
4.55e-01
6.65e-01
2.36e-01
8.18e-01
1.38e-01
-5.90e-02
5.29e-01
-5.65e-01
5.88e-01
-8.42e-01
-1.76e-01
-8.14e-02
-1.56e-01
-4.99e-01
-1.22e-01
-7.52e-01
2.83e-01
9.68e-01
-1.00e-01
4.92e-01
-2.43e-01
2.74e-01
-4.80e-01
5.12e-02
3.34e-01
7.81e-01
-5.77e-01
-8.59e-01
2.19e-02
-2.05e-01
4.62e-01
4.17e-01
6.81e-01
4.07e-01
-3.34e-01
3.97e-01
8.11e-01
4.86e-01
-6.88e-02
-2.08e-02
-9.22e-01
7.19e-01
6.94e-01
-5.32e-01
5.04e-02
4.23e-01
-2.28e-01
6.44e-01
-1.38e-01
5.63e-01
-8.92e-01
9.80e-01
8.74e-01
-9.81e-02
9.61e-01
3.67e-01
2.74e-01
7.88e-01
-8.81e-01
1.10e-01
1.27e-01
2.82e-02
-2.31e-01
1.18e-02
7.43e-01
-1.27e-01
5.40e-01
5.97e-01
5.52e-01
8.09e-01
8.27e-02
-4.84e-01
1.92e-02
-1.63e-02
5.98e-01
-4.43e-01
5.33e-01
-9.82e-01
-5.12e-01
-8.89e-01
2.79e-01
9.54e-01
-9.86e-01
8.54e-01
9.14e-02
8.94e-01
4.89e-01
-4.64e-01
9.23e-01
-7.93e-01
-8.10e-02
-4.14e-01
-2.55e-01
-2.55e-01
-7.15e-01
6.74e-01
8.00e-01
4.64e-03
-8.87e-01
8.91e-01
-1.40e-01
-8.91e-01
1.58e-01
-6.16e-01
6.36e-01
-8.37e-01
9.87e-01
5.50e-02
-3.24e-01
8.45e-01
1.47e-02
-1.83e-01
3.53e-01
8.76e-01
-8.72e-01
8.44e-01
-5.40e-01
-1.69e-01
8.13e-01
3.69e-01
-3.32e-01
8.65e-01
-5.49e-01
6.83e-01
-3.35e-01
3.87e-01
7.92e-01
9.60e-01
8.17e-01
-4.46e-01
9.64e-01
-3.90e-01
3.91e-02
-2.46e-02
2.83e-01
-5.15e-01
-1.77e-01
-3.83e-04
2.58e-01
-9.05e-01
8.29e-01
9.56e-01
8.38e-02
-6.92e-01
1.14e-02
3.81e-01
2.59e-01
1.74e-01
2.34e-01
-8.35e-01
-3.67e-01
-6.80e-01
8.36e-01
-2.30e-01
-4.78e-01
6.75e-01
4.48e-01
1.27e-01
-4.73e-01
2.98e-01
-9.69e-01
7.48e-01
-1.75e-01
-7.14e-01
6.02e-02
-1.99e-01
8.15e-01
-2.75e-01
1.67e-01
-9.97e-01
9.37e-01
9.10e-01
4.64e-01
8.91e-01
7.78e-01
8.52e-01
1.40e-02
5.41e-01
-2.43e-01
-8.29e-01
-6.60e-01
1.60e-01
-5.93e-01
2.63e-01
1.50e-01
5.16e-01
-4.08e-01
7.09e-02
5.49e-01
4.74e-01
-6.77e-01
7.00e-02
1.11e-01
4.56e-04
3.19e-02
-9.99e-01
-1.78e-01
7.13e-01
7.00e-01
-7.11e-01
-6.78e-01
-8.20e-01
5.72e-01
-3.12e-02
-5.34e-01
-3.71e-01
4.15e-01
-2.44e-01
1.05e-01
-7.47e-01
6.39e-02
8.46e-01
5.70e-01
-5.72e-01
-9.82e-01
-6.53e-01
6.04e-02
-2.10e-01
3.29e-01
-7.70e-02
-1.21e-02
-5.79e-01
1.53e-01
-7.83e-01
