9.22e-01
-9.71e-01
-8.73e-01
-3.61e-01
-3.81e-01
6.08e-01
6.03e-01
4.22e-01
3.23e-02
4.66e-01
7.01e-01
-5.89e-01
-8.85e-01
5.19e-01
8.07e-01
7.64e-01
-3.94e-01
5.76e-01
3.77e-01
3.62e-01
6.03e-01
-4.68e-01
-7.05e-01
-4.27e-01
-6.76e-01
-4.18e-01
-5.39e-01
9.65e-01
7.81e-01
-6.63e-01
-8.37e-01
1.03e-01
-1.20e-01
-4.19e-01
-8.45e-01
-2.06e-01
1.49e-01
-4.36e-01
9.82e-01
-9.54e-01
-3.34e-01
4.58e-01
-9.59e-01
3.65e-01
4.47e-01
-9.60e-01
3.74e-01
5.19e-01
6.38e-01
-1.54e-01
7.28e-01
-8.41e-01
-9.20e-01
-8.19e-01
-9.58e-01
5.33e-01
-9.13e-01
3.65e-02
3.88e-01
8.56e-01
-6.98e-01
5.60e-01
3.38e-01
3.60e-01
7.27e-01
9.88e-01
6.74e-01
-5.77e-01
-8.59e-01
2.19e-02
8.20e-01
1.15e-01
-6.10e-01
6.32e-01
-4.87e-01
7.64e-01
4.21e-01
4.36e-01
-3.03e-01
-1.69e-01
3.73e-01
8.83e-01
1.80e-01
1.92e-01
1.68e-02
-6.21e-01
8.83e-01
7.69e-01
-9.58e-01
-7.43e-01
-7.73e-01
4.13e-01
8.68e-01
4.39e-01
1.25e-01
-8.83e-01
-7.49e-01
-8.44e-01
2.68e-01
-6.86e-01
-4.63e-01
-8.93e-01
-7.64e-01
-2.65e-01
-9.29e-02
-5.93e-01
-7.50e-01
5.42e-01
-8.41e-01
-4.41e-01
-7.56e-01
9.75e-01
4.67e-01
-3.94e-01
8.32e-01
-2.10e-01
4.46e-01
3.32e-01
9.88e-01
3.86e-01
2.28e-01
1.49e-01
7.51e-01
5.28e-01
-5.19e-01
-8.72e-01
-4.74e-01
1.19e-02
-5.62e-01
-2.86e-01
-2.87e-01
9.63e-01
-5.00e-01
-7.96e-01
7.78e-01
-4.80e-01
-7.95e-01
8.00e-01
8.71e-02
8.03e-02
3.57e-01
8.03e-01
-5.53e-01
4.82e-01
7.24e-01
-3.04e-01
1.34e-01
9.62e-01
7.38e-01
-9.33e-01
6.98e-02
-9.12e-01
-5.65e-01
9.61e-02
-1.73e-01
-4.63e-02
-3.56e-01
-9.52e-01
-5.88e-01
4.06e-01
2.38e-01
5.63e-01
-5.19e-01
-9.95e-01
-4.33e-01
6.37e-01
-4.35e-01
-4.65e-01
2.56e-01
1.56e-01
-4.38e-01
-6.97e-01
1.30e-01
-4.04e-01
3.18e-01
6.34e-01
7.37e-01
9.60e-01
-2.09e-01
-4.63e-01
8.78e-01
3.89e-01
9.78e-01
3.37e-01
-6.75e-01
-2.84e-01
7.77e-03
3.71e-01
4.46e-01
1.93e-01
7.46e-01
-1.67e-02
4.72e-01
3.23e-01
8.60e-02
1.55e-01
9.18e-01
9.78e-01
1.90e-01
-6.34e-01
-1.14e-01
-5.50e-01
8.03e-01
-8.20e-01
-5.22e-01
6.61e-01
-9.58e-01
-5.88e-01
-2.18e-01
2.03e-01
-5.77e-01
1.86e-01
1.93e-01
-8.00e-02
8.94e-01
5.17e-01
3.92e-01
6.13e-01
7.86e-01
8.14e-01
-5.80e-01
5.10e-01
3.75e-01
-1.29e-01
3.66e-01
6.07e-01
-8.51e-01
-1.64e-01
7.33e-01
4.46e-01
2.66e-01
-4.61e-01
5.62e-01
5.56e-02
6.86e-01
-6.97e-01
1.63e-01
-5.53e-01
7.83e-01
-5.35e-01
-7.11e-01
-6.78e-01
-8.20e-01
5.72e-01
-3.12e-02
-5.34e-01
-3.71e-01
4.15e-01
-2.44e-01
1.05e-01
-7.47e-01
-1.85e-01
-6.63e-01
-6.20e-01
-5.72e-01
-1.09e-01
-2.62e-01
9.86e-01
1.82e-01
7.29e-01
3.30e-01
-1.67e-01
-4.98e-02
3.89e-01
6.66e-01
