3.20e-01
-7.28e-01
-6.37e-01
5.82e-01
4.94e-01
-2.01e-01
-6.28e-01
-6.00e-01
-2.83e-03
9.67e-01
7.52e-03
3.55e-01
2.90e-01
9.41e-01
6.10e-01
7.75e-01
4.61e-01
-4.48e-01
-9.85e-01
-1.23e-01
-2.83e-03
7.80e-01
-6.74e-01
-3.32e-02
7.72e-01
-6.17e-01
1.16e-01
-4.86e-01
-6.28e-01
-3.16e-01
-1.36e-01
-9.31e-01
6.66e-01
5.56e-01
7.82e-01
-1.24e-01
1.51e-01
4.37e-01
6.59e-01
-2.47e-01
-6.47e-01
-9.53e-01
-4.90e-01
-8.02e-01
4.13e-01
7.94e-01
-9.65e-01
6.21e-01
9.38e-01
-7.50e-01
7.28e-01
-8.41e-01
3.42e-01
5.17e-01
-8.20e-01
-4.33e-01
-5.09e-01
1.46e-01
-2.72e-01
3.73e-01
-7.17e-01
2.62e-02
3.38e-01
3.60e-01
7.27e-01
9.88e-01
6.74e-01
-5.77e-01
-8.59e-01
2.19e-02
-9.16e-01
-8.87e-01
-6.12e-01
8.19e-01
1.99e-01
-8.01e-01
-3.74e-02
-2.70e-01
-5.73e-01
-8.30e-01
-5.49e-01
4.45e-01
-1.02e-01
-4.38e-01
-8.19e-01
-1.58e-01
1.92e-01
-8.71e-01
1.94e-01
6.38e-01
-4.44e-01
-3.99e-01
-9.05e-01
4.31e-01
-1.05e-01
-1.87e-01
-7.85e-01
-6.73e-01
8.86e-01
-5.64e-01
-4.95e-01
-9.98e-01
3.59e-01
8.29e-01
-1.18e-01
-8.85e-01
-8.20e-01
-3.62e-01
8.09e-01
5.86e-01
-4.99e-01
5.52e-01
9.10e-01
1.92e-02
7.48e-01
5.98e-01
-4.43e-01
5.33e-01
-9.82e-01
-5.12e-01
-8.89e-01
2.79e-01
9.54e-01
-9.86e-01
8.54e-01
9.14e-02
8.94e-01
4.89e-01
-5.62e-01
-2.86e-01
-2.87e-01
9.63e-01
-5.00e-01
-7.96e-01
7.78e-01
-4.80e-01
-8.48e-01
8.00e-01
8.71e-02
8.03e-02
3.57e-01
3.14e-01
7.61e-01
3.86e-02
5.50e-01
-6.79e-01
9.37e-01
6.88e-01
3.59e-01
-7.48e-02
2.60e-02
-6.65e-01
-8.27e-02
3.62e-01
-6.16e-01
-7.63e-02
-4.02e-01
9.39e-01
-8.66e-02
8.57e-01
-8.61e-01
1.15e-01
-2.04e-01
-4.36e-02
2.28e-01
-8.54e-01
-9.42e-02
3.39e-01
2.25e-01
-1.96e-01
-6.54e-01
8.97e-01
-4.04e-01
-1.98e-01
-6.17e-01
2.51e-01
-5.43e-01
-8.54e-01
-8.62e-01
-1.48e-01
-7.62e-01
6.09e-01
-8.13e-01
-4.92e-01
1.73e-01
6.49e-01
-6.67e-01
-4.23e-01
-9.40e-01
6.60e-01
-3.40e-01
7.13e-02
-6.74e-01
5.28e-01
4.90e-01
8.38e-02
6.64e-01
6.20e-01
-4.69e-01
5.93e-01
1.54e-01
-5.38e-01
7.85e-01
9.47e-01
-8.20e-01
-1.96e-01
-4.09e-01
3.13e-01
5.45e-01
-6.29e-01
2.59e-01
5.35e-01
6.43e-01
-4.77e-01
-4.29e-02
-5.93e-01
-5.79e-01
-6.63e-03
4.64e-02
3.65e-01
7.99e-01
1.93e-01
-2.77e-01
-3.13e-01
-3.83e-01
9.39e-01
7.38e-01
3.93e-01
4.14e-01
4.92e-01
-4.98e-01
-4.57e-01
4.38e-01
2.96e-01
7.98e-01
-6.07e-01
-5.72e-01
4.33e-01
5.07e-01
-9.01e-01
-4.24e-01
-4.82e-02
-4.02e-01
-5.38e-01
4.75e-01
-8.05e-02
1.90e-01
-6.82e-01
-6.28e-02
-6.71e-01
-5.53e-01
-2.43e-01
-5.74e-01
-5.02e-01
-5.27e-01
-8.22e-01
-8.02e-01
-1.74e-01
-5.49e-01
9.28e-01
-6.65e-02
-1.21e-02
-7.89e-01
6.29e-01
6.66e-01
