-3.51e-01
8.85e-01
1.62e-01
6.14e-01
-2.78e-02
9.02e-01
-3.13e-01
-3.85e-01
1.37e-01
-2.69e-01
-5.75e-01
5.16e-01
-3.32e-01
-1.48e-01
-5.07e-01
1.21e-01
-6.63e-01
5.86e-01
-9.60e-01
-5.01e-01
7.87e-01
7.11e-01
2.37e-01
4.43e-01
-9.88e-01
-1.28e-01
-9.84e-02
-7.75e-01
2.53e-01
4.05e-01
8.71e-01
-3.54e-01
-1.02e-01
2.34e-02
4.27e-01
-2.37e-01
-7.22e-02
-6.23e-01
-8.77e-01
-7.93e-01
-1.10e-01
4.95e-01
-9.95e-01
1.41e-01
-2.33e-01
-4.90e-01
3.03e-01
-2.27e-01
8.58e-01
9.07e-01
5.10e-02
-4.53e-01
-9.51e-01
9.35e-01
2.69e-01
4.50e-01
1.35e-01
-2.79e-01
4.54e-01
-4.87e-01
2.76e-01
-5.17e-01
7.27e-01
-9.85e-01
6.23e-01
-6.33e-01
-8.90e-01
-7.79e-01
-3.12e-01
8.98e-01
9.82e-02
3.39e-01
-3.12e-01
4.68e-02
8.33e-01
7.59e-01
-3.61e-01
4.59e-02
8.04e-01
8.14e-01
4.56e-01
-4.79e-01
2.25e-01
-1.57e-02
-3.24e-01
7.41e-01
5.23e-01
-8.30e-01
5.62e-02
8.72e-01
-4.10e-01
-5.64e-01
4.28e-01
-7.39e-02
-4.84e-01
-5.61e-01
9.99e-01
-3.30e-01
-8.05e-02
-2.19e-01
-2.92e-01
2.19e-01
9.50e-01
5.51e-01
-3.64e-01
5.04e-01
1.14e-01
-2.38e-01
-9.26e-01
6.74e-01
-6.13e-02
-1.53e-01
-8.68e-02
8.28e-01
4.28e-01
-5.78e-01
-7.06e-02
2.57e-01
4.38e-01
-2.99e-02
1.84e-01
-4.32e-01
7.18e-02
-3.35e-01
9.71e-01
1.49e-01
-1.43e-01
4.23e-01
1.55e-01
1.82e-01
-2.15e-01
-5.65e-01
-4.34e-01
-2.37e-02
8.35e-01
-3.85e-01
-4.83e-01
4.31e-01
-2.64e-01
-3.31e-01
3.63e-01
-6.92e-01
6.24e-01
-1.46e-02
-2.53e-01
2.40e-01
-4.51e-01
-9.47e-01
2.89e-01
-5.11e-01
3.71e-01
-7.83e-01
-9.25e-01
3.84e-01
5.26e-01
-2.39e-01
-4.65e-01
5.28e-01
-3.33e-01
-2.56e-01
-6.14e-01
7.72e-01
5.25e-01
-3.30e-01
-3.25e-01
-7.20e-01
4.16e-01
9.36e-01
-4.55e-01
8.78e-01
-6.37e-01
3.26e-01
-4.19e-01
6.64e-01
-1.36e-01
8.86e-01
-5.94e-01
1.65e-01
-4.01e-01
9.57e-01
-4.67e-01
7.72e-01
8.40e-01
5.62e-01
-3.11e-01
-9.66e-01
5.65e-01
-5.69e-01
7.30e-01
8.63e-01
-1.59e-01
-1.50e-01
1.35e-01
-4.63e-01
5.86e-01
-3.30e-01
4.69e-01
-8.18e-01
9.12e-01
-4.91e-01
3.29e-01
-5.24e-01
7.80e-01
1.97e-01
2.55e-01
7.32e-01
2.89e-01
-4.75e-01
5.26e-01
-9.15e-01
-4.38e-01
5.88e-01
8.99e-01
-6.77e-01
-2.92e-01
-2.72e-01
-1.70e-01
-5.25e-01
6.74e-01
-7.24e-01
3.35e-01
3.61e-01
6.54e-01
-5.97e-01
-5.59e-01
-3.88e-01
-2.67e-03
6.81e-01
1.16e-01
-8.18e-01
4.58e-01
-3.08e-01
5.13e-02
1.71e-03
-4.49e-02
-4.71e-01
3.71e-01
4.20e-01
8.74e-01
-3.06e-01
-4.62e-01
-3.92e-01
2.42e-01
-7.68e-01
-3.68e-01
4.73e-01
-3.85e-01
4.89e-01
2.06e-01
-3.18e-01
-3.12e-02
2.55e-01
7.35e-01
-4.83e-01
-9.61e-01
1.53e-01
-8.57e-01
6.90e-01
-4.54e-02
1.97e-01
-8.37e-02
-7.14e-01
-3.59e-01
2.77e-01
-7.98e-01
