-6.06e-01
5.19e-01
-1.05e-01
2.54e-01
4.38e-01
-6.75e-01
-1.24e-01
-7.45e-01
-7.91e-01
-1.21e-01
-2.15e-01
-5.44e-01
7.35e-01
-3.92e-01
-7.58e-01
-7.57e-01
-7.91e-01
5.13e-01
2.57e-01
-5.04e-01
2.18e-01
-2.81e-01
-6.23e-01
-2.93e-01
-8.01e-01
9.23e-01
2.18e-02
7.02e-01
-9.63e-01
-8.50e-01
4.96e-01
2.73e-01
-5.75e-01
2.02e-01
-5.83e-02
-5.32e-01
-3.79e-01
-9.42e-03
-1.05e-01
9.95e-01
3.09e-01
-5.50e-02
4.11e-01
2.93e-01
1.00e-02
-4.14e-01
-3.31e-01
1.43e-01
3.28e-01
4.13e-02
8.08e-01
2.82e-02
8.61e-01
-8.65e-01
7.87e-01
2.17e-02
-9.98e-01
6.10e-01
-3.18e-01
8.94e-01
6.14e-01
1.10e-01
-1.25e-01
8.88e-01
-3.87e-01
5.97e-01
4.81e-02
2.05e-01
-6.83e-01
-9.91e-01
3.34e-01
2.07e-01
4.60e-01
-1.12e-01
-5.76e-01
1.15e-02
-6.38e-01
-5.45e-01
4.64e-01
-1.01e-01
-4.50e-01
-1.14e-01
-7.58e-01
-8.80e-01
4.96e-01
-2.07e-01
-4.98e-02
6.56e-02
-1.45e-01
7.40e-02
1.71e-01
-4.15e-01
-7.82e-01
5.09e-01
8.37e-01
8.43e-01
5.61e-01
-6.92e-01
4.57e-02
9.33e-01
7.84e-01
-7.27e-01
5.05e-01
-1.14e-01
-6.56e-01
-4.30e-01
2.68e-01
-2.19e-01
5.79e-01
-6.91e-02
6.86e-01
-7.09e-01
3.26e-01
2.74e-01
-2.81e-01
-5.62e-01
5.44e-01
-8.42e-01
1.58e-01
8.42e-01
-2.28e-01
-2.96e-01
-6.21e-02
-3.62e-02
4.16e-01
-6.49e-02
1.35e-01
2.28e-01
4.90e-01
-9.74e-01
8.91e-01
-7.32e-01
-2.87e-01
-9.79e-01
4.68e-01
3.98e-01
-3.09e-01
-3.83e-01
4.10e-01
5.94e-01
9.32e-01
3.55e-01
-6.52e-01
-5.58e-01
5.90e-01
6.21e-01
6.65e-01
5.26e-01
9.96e-01
5.10e-01
3.65e-02
-6.47e-01
-7.63e-01
7.66e-01
-3.57e-01
-7.22e-01
-8.47e-02
2.76e-01
-6.43e-01
4.02e-01
8.19e-01
6.09e-01
3.55e-01
-4.83e-01
2.20e-01
-8.33e-01
-5.44e-01
9.07e-01
-2.86e-01
-8.77e-01
9.86e-01
-3.92e-01
6.84e-01
1.73e-01
4.69e-01
3.80e-01
3.36e-01
-8.14e-02
4.24e-01
-9.06e-01
7.29e-01
-1.33e-01
-7.31e-01
2.55e-01
-4.89e-02
9.93e-01
6.84e-01
3.68e-01
-9.00e-01
-4.24e-01
7.42e-01
-8.10e-01
-1.81e-01
-3.81e-01
6.38e-01
7.57e-01
2.46e-01
-6.23e-01
5.98e-01
3.62e-01
4.90e-02
-8.70e-01
-1.65e-01
-6.17e-01
-2.95e-01
-5.95e-01
-8.07e-01
-1.91e-01
1.44e-01
6.83e-01
-7.30e-01
-4.96e-01
-1.82e-01
2.98e-01
5.01e-01
6.69e-01
2.23e-01
3.92e-01
3.64e-01
-4.33e-01
-4.12e-02
-8.42e-01
1.41e-02
9.12e-01
1.72e-01
7.43e-01
1.93e-01
-5.72e-01
2.61e-02
-9.70e-01
7.57e-01
-6.47e-02
-9.49e-01
2.72e-01
-2.64e-01
-1.46e-01
-2.77e-01
2.58e-01
7.68e-01
-6.05e-01
-9.24e-01
1.11e-01
1.78e-01
5.00e-02
-3.13e-01
-8.55e-01
-7.75e-01
1.06e-01
1.13e-01
-9.71e-01
-8.39e-01
4.68e-01
4.07e-01
-1.84e-01
8.71e-01
4.81e-02
8.78e-01
-5.40e-03
8.41e-01
8.76e-01
6.70e-01
-2.63e-01
2.95e-01
8.62e-01
4.77e-01
