9.83e-01
3.78e-01
5.93e-01
-3.56e-01
-7.25e-01
-5.59e-02
7.78e-01
7.01e-02
3.08e-01
5.05e-02
1.90e-01
2.01e-01
-6.00e-02
-1.67e-01
-4.59e-01
9.56e-01
6.79e-01
9.18e-01
-9.90e-01
6.76e-01
-3.76e-01
9.73e-01
3.17e-01
-8.34e-02
8.87e-01
-9.45e-01
4.63e-01
-4.74e-01
2.32e-01
-3.55e-01
3.44e-02
2.34e-01
-3.26e-01
-5.83e-01
8.65e-01
-5.10e-01
-2.75e-01
1.45e-01
-3.30e-01
1.65e-02
-2.18e-01
6.82e-01
-9.45e-01
-3.48e-01
9.78e-01
-3.92e-01
7.97e-01
6.14e-01
2.45e-01
-2.51e-01
-2.07e-01
-7.74e-01
-7.92e-02
3.49e-01
7.28e-01
-5.43e-01
9.66e-01
-6.25e-01
4.92e-01
-6.62e-01
-4.23e-01
1.57e-01
-5.88e-01
-1.03e-01
-1.72e-02
5.11e-01
-5.13e-01
-2.64e-01
-3.80e-01
-6.71e-01
3.76e-01
-7.93e-02
-7.34e-01
9.30e-01
-7.68e-01
8.24e-01
-9.28e-01
3.26e-01
9.03e-01
-2.34e-02
4.23e-01
-8.51e-01
7.52e-01
-7.13e-01
-2.02e-01
9.38e-01
-7.63e-01
9.13e-01
-4.58e-01
6.52e-01
-6.49e-01
-7.80e-01
-8.78e-01
-9.25e-02
-4.84e-01
-5.61e-01
9.99e-01
-3.30e-01
-8.05e-02
-2.19e-01
-2.92e-01
2.19e-01
-5.84e-01
5.51e-01
-3.64e-01
5.04e-01
1.14e-01
-2.38e-01
-9.26e-01
6.74e-01
-6.13e-02
-1.53e-01
-8.68e-02
8.28e-01
4.28e-01
-5.78e-01
-7.06e-02
2.57e-01
4.38e-01
-2.99e-02
1.84e-01
5.97e-01
2.03e-01
-6.44e-01
7.24e-01
8.20e-01
2.75e-01
6.00e-01
-5.41e-01
4.00e-01
9.61e-02
5.53e-01
-2.67e-01
3.01e-01
2.24e-02
8.77e-01
8.45e-01
6.83e-01
-6.71e-01
-9.14e-01
9.86e-01
-6.63e-01
-8.87e-01
4.98e-01
7.16e-01
-1.70e-01
5.49e-02
-9.37e-01
-3.31e-01
6.09e-01
4.35e-01
-4.74e-02
7.08e-01
-6.04e-02
-9.88e-01
-2.47e-01
-1.54e-01
3.19e-01
8.84e-01
-5.72e-01
-9.81e-01
-5.56e-01
-1.17e-01
-8.09e-01
-6.06e-01
1.20e-01
-2.86e-01
-7.92e-01
4.16e-02
5.87e-01
2.85e-01
7.32e-01
-2.12e-01
-3.48e-01
6.32e-01
-1.76e-01
-5.31e-01
2.73e-01
6.49e-01
-8.92e-01
-5.40e-01
-2.02e-01
6.33e-01
5.10e-01
4.12e-01
9.50e-01
4.89e-01
2.08e-01
7.30e-01
8.63e-01
-1.59e-01
-1.50e-01
1.35e-01
-4.63e-01
5.86e-01
-3.30e-01
4.69e-01
-8.18e-01
7.86e-01
-9.08e-01
2.86e-02
8.21e-01
4.12e-02
-8.36e-01
4.69e-01
7.74e-01
1.76e-01
3.05e-01
8.93e-01
-5.04e-01
-6.76e-01
5.88e-01
8.99e-01
-6.77e-01
-2.92e-01
-2.72e-01
-1.70e-01
-5.25e-01
6.74e-01
-7.24e-01
3.35e-01
3.61e-01
6.54e-01
-5.97e-01
-5.59e-01
-3.88e-01
-2.67e-03
6.81e-01
1.16e-01
-8.18e-01
4.58e-01
-3.08e-01
5.13e-02
1.71e-03
-4.49e-02
-4.71e-01
3.71e-01
4.20e-01
8.74e-01
-3.06e-01
-4.62e-01
-3.92e-01
2.42e-01
-7.68e-01
-3.68e-01
4.73e-01
-3.85e-01
4.89e-01
2.06e-01
-3.18e-01
-3.12e-02
2.55e-01
7.35e-01
-4.83e-01
-9.61e-01
1.53e-01
-8.94e-01
-3.95e-01
6.61e-01
-8.19e-01
9.03e-02
3.70e-01
9.38e-01
4.31e-01
8.68e-01
