4.52e-01
8.46e-01
-8.79e-01
-6.15e-01
-4.15e-01
-9.79e-01
-4.17e-02
-1.08e-01
-1.69e-01
-6.28e-01
4.31e-01
-8.17e-01
-2.54e-01
6.73e-01
9.02e-01
-3.84e-01
-8.39e-01
7.53e-01
5.42e-01
-7.54e-01
4.44e-01
5.59e-01
-8.32e-01
-6.29e-01
3.78e-01
-4.47e-01
-4.56e-01
-1.77e-01
6.84e-01
4.57e-01
5.53e-01
5.46e-01
9.13e-01
-2.81e-01
7.46e-01
1.07e-01
-3.12e-01
6.13e-01
-5.54e-01
-7.93e-01
-7.25e-01
-1.52e-01
7.86e-01
-8.37e-02
4.60e-01
3.35e-01
-4.97e-01
-8.22e-01
3.17e-01
-3.54e-01
-5.83e-02
6.37e-01
-6.42e-01
4.53e-01
4.78e-01
-3.95e-01
-2.29e-01
9.64e-01
9.36e-01
7.58e-01
-1.56e-01
3.36e-01
-3.27e-02
8.32e-01
5.65e-01
9.97e-01
1.49e-01
3.78e-01
-7.88e-01
5.52e-01
3.91e-01
4.73e-02
-6.07e-01
-5.29e-02
7.02e-01
8.79e-01
-9.76e-01
5.72e-02
6.62e-01
7.95e-01
-7.08e-01
-9.45e-01
9.80e-01
5.92e-01
-3.75e-01
-1.12e-01
-2.75e-01
1.37e-01
-4.00e-01
7.25e-01
-3.09e-01
-7.48e-01
5.39e-01
6.88e-01
-9.14e-02
-3.07e-01
9.02e-01
7.72e-02
-6.31e-01
3.53e-01
-5.17e-01
-9.26e-01
9.75e-01
2.78e-02
-8.19e-02
3.22e-01
8.91e-01
5.65e-01
-9.06e-02
-1.94e-01
-1.64e-01
1.75e-01
-1.04e-01
-3.95e-01
4.80e-01
9.25e-01
9.27e-01
-3.31e-01
-9.69e-01
-4.74e-01
-4.44e-01
2.52e-02
1.22e-01
-9.48e-01
-2.77e-02
-7.22e-01
5.58e-01
2.44e-01
-6.62e-01
-4.95e-02
8.74e-01
-2.74e-01
-9.07e-01
-1.56e-01
-6.95e-01
-9.45e-01
7.19e-01
-3.75e-01
-8.39e-01
-9.95e-01
-7.85e-01
4.55e-01
-7.44e-01
-9.45e-01
4.75e-01
2.01e-01
8.82e-01
2.69e-01
3.27e-01
1.07e-01
-7.55e-01
-8.52e-01
-2.99e-01
-2.54e-01
-8.59e-01
9.74e-01
-6.36e-01
4.40e-01
9.85e-01
-6.32e-01
5.30e-01
9.14e-01
-2.39e-01
4.59e-01
5.95e-01
4.30e-01
2.29e-02
-7.77e-01
-1.63e-01
-4.29e-01
-9.80e-01
-2.36e-01
7.58e-01
-8.57e-01
4.58e-02
5.43e-01
1.35e-03
-6.97e-01
5.53e-01
-5.28e-01
4.25e-01
-9.24e-02
2.19e-01
7.45e-01
6.32e-01
9.32e-02
-4.71e-01
-3.64e-01
-4.88e-01
-2.14e-01
6.25e-01
-4.14e-01
-7.72e-01
-1.73e-01
5.47e-01
-1.56e-01
-3.47e-01
3.93e-01
-6.49e-01
8.26e-01
3.42e-01
-2.14e-01
-5.38e-01
-9.30e-01
9.59e-02
2.97e-01
-9.98e-01
1.88e-01
7.67e-01
-8.79e-01
-6.12e-01
5.91e-01
3.92e-01
-5.37e-01
-4.66e-01
6.00e-01
-6.89e-02
1.67e-01
1.45e-01
7.82e-01
9.38e-01
1.42e-01
6.59e-01
3.59e-01
-5.27e-01
6.56e-02
6.74e-01
-6.35e-01
-1.77e-02
-8.90e-01
-5.76e-02
-8.54e-01
4.09e-01
2.88e-01
1.34e-02
-9.52e-01
-2.30e-01
-9.57e-01
-8.47e-01
5.12e-01
-6.03e-01
7.53e-01
-7.08e-01
-4.51e-01
1.55e-01
-1.76e-01
-6.18e-01
-4.65e-01
7.72e-01
8.33e-01
3.43e-01
3.73e-01
-2.75e-01
6.09e-01
4.55e-02
7.25e-01
-1.84e-01
6.95e-03
1.11e-01
-7.23e-01
-2.16e-01
2.13e-01
3.63e-01
7.42e-01
-3.49e-01
