8.98e-01
-4.02e-01
7.45e-02
-4.29e-01
-5.37e-01
8.35e-01
-9.25e-01
5.04e-01
-4.37e-01
-1.69e-01
7.09e-01
7.12e-01
-6.17e-01
-3.75e-02
2.39e-01
5.31e-01
-2.58e-01
-6.79e-01
-9.37e-01
8.91e-01
5.59e-02
-3.71e-01
-5.35e-02
-8.44e-01
1.08e-02
-8.28e-01
7.39e-01
8.15e-01
-7.19e-01
-3.24e-01
4.00e-01
-8.40e-02
7.74e-01
-1.10e-01
-2.22e-01
-3.62e-01
-4.63e-02
-1.64e-01
3.76e-01
-4.15e-01
-2.52e-01
4.11e-01
-6.48e-01
8.52e-01
-5.92e-01
-2.62e-01
-6.54e-01
-5.11e-01
-4.04e-01
-7.11e-01
-6.27e-01
-2.96e-01
-2.78e-01
-3.87e-01
3.80e-01
-5.10e-01
-9.25e-01
-6.85e-02
-6.47e-01
7.02e-01
-7.50e-01
2.89e-01
3.72e-01
6.32e-01
5.55e-01
5.34e-01
-6.71e-01
1.33e-01
1.94e-01
-1.95e-01
4.81e-01
-6.84e-01
8.73e-01
3.25e-01
-3.32e-01
-2.15e-01
2.64e-01
-9.46e-01
3.04e-01
7.06e-01
-6.72e-01
-3.61e-01
3.43e-01
2.90e-01
-6.85e-02
-6.44e-01
-3.80e-01
-9.49e-01
-5.32e-01
-5.89e-01
-2.98e-01
-9.95e-01
-5.19e-01
-3.88e-01
-8.57e-01
-5.56e-01
-4.77e-01
7.96e-01
-9.60e-01
5.54e-01
-5.11e-01
-8.98e-01
7.42e-01
-4.71e-01
-6.43e-01
8.03e-01
3.37e-02
3.44e-01
-4.45e-01
-3.54e-02
4.22e-01
1.28e-01
-5.57e-01
5.42e-01
-8.46e-01
6.64e-01
8.03e-01
4.03e-01
6.09e-02
6.53e-01
1.92e-01
-1.74e-01
9.01e-01
-2.79e-01
8.93e-01
-3.95e-02
5.12e-02
-4.09e-02
7.57e-01
-3.89e-01
-8.40e-01
-1.81e-02
3.42e-01
8.89e-01
3.21e-01
-8.08e-01
2.23e-01
-9.28e-01
4.07e-01
-3.87e-01
8.12e-01
-5.93e-01
4.35e-01
-7.74e-01
-7.39e-01
2.98e-01
-2.68e-01
-9.89e-01
2.34e-01
4.50e-01
6.19e-02
9.35e-01
7.03e-02
8.49e-01
-5.96e-01
-8.71e-01
4.58e-02
-1.25e-01
-4.30e-01
2.63e-01
1.21e-01
-5.22e-01
5.86e-01
9.01e-01
-8.79e-01
-4.81e-01
9.09e-02
-9.70e-01
3.90e-01
7.27e-01
-8.81e-01
4.88e-01
-7.39e-01
2.40e-01
6.79e-02
9.09e-01
-1.17e-01
1.39e-02
-9.78e-01
-5.63e-01
-9.23e-01
-4.73e-01
-9.23e-01
-6.77e-01
1.85e-01
7.63e-01
6.25e-01
3.75e-01
9.06e-01
-2.55e-01
-7.86e-01
7.78e-01
6.94e-01
2.67e-02
-8.52e-01
-6.37e-01
6.27e-01
-1.26e-01
-1.05e-01
7.14e-01
-6.00e-01
8.56e-01
8.84e-01
2.09e-01
1.94e-01
4.27e-01
7.65e-01
7.71e-02
2.96e-01
1.91e-01
1.43e-01
3.39e-01
8.17e-01
-1.09e-01
4.21e-01
1.07e-01
-4.25e-01
6.06e-01
-3.89e-01
6.26e-01
-6.02e-01
3.22e-01
-1.40e-01
6.92e-01
9.56e-01
1.67e-01
6.95e-01
9.07e-01
9.43e-01
-4.52e-01
-7.74e-01
-8.02e-01
8.54e-01
-7.56e-01
3.46e-01
-8.18e-01
-9.02e-01
8.80e-01
-6.59e-01
5.74e-01
1.56e-01
-6.89e-01
-5.08e-03
-1.01e-01
-4.96e-01
-6.86e-01
4.99e-01
-8.70e-01
-9.85e-02
-8.07e-01
8.88e-01
-3.41e-01
-6.41e-01
2.95e-02
6.16e-01
-6.80e-01
2.34e-01
9.65e-02
7.25e-01
8.43e-01
3.39e-01
-3.25e-01
6.81e-02
-1.65e-01
-2.66e-01
