-4.62e-01
2.24e-01
8.99e-01
-9.80e-01
-7.31e-01
7.26e-01
7.38e-02
3.69e-01
1.23e-01
-8.74e-01
-7.95e-01
-1.64e-01
6.55e-01
-3.06e-01
-4.64e-01
-1.46e-01
4.89e-01
-5.90e-01
-8.47e-01
2.61e-02
-8.80e-01
-9.32e-01
-6.83e-01
3.25e-01
-8.24e-01
-3.55e-02
-6.77e-01
-1.30e-01
9.41e-01
-4.64e-02
8.60e-01
9.88e-01
-6.75e-02
-8.52e-01
-1.95e-01
-1.73e-01
-8.85e-01
6.92e-01
9.00e-01
3.89e-01
-7.18e-01
4.18e-01
5.20e-01
2.26e-01
1.38e-01
-6.77e-01
1.91e-01
-6.68e-01
-3.87e-01
9.94e-01
6.39e-01
-8.19e-01
2.26e-01
-7.46e-01
7.24e-01
8.74e-01
5.31e-02
1.80e-01
-1.10e-01
8.94e-01
9.38e-02
3.56e-01
4.71e-01
1.08e-01
-7.39e-01
-8.86e-01
9.03e-01
5.13e-01
4.56e-01
8.02e-01
-4.76e-01
-7.70e-01
9.86e-01
-3.50e-01
2.04e-01
6.42e-01
-2.32e-01
3.77e-01
1.98e-01
2.72e-02
-4.36e-01
7.97e-01
-3.82e-01
-6.46e-01
-3.87e-02
-9.13e-01
-9.81e-01
6.61e-01
3.51e-01
-9.66e-01
8.95e-01
-8.08e-01
-6.17e-01
-6.33e-01
-1.62e-01
4.77e-01
-2.16e-01
4.75e-01
4.61e-01
3.73e-01
3.57e-01
-3.05e-01
-5.79e-01
-2.99e-01
4.30e-02
-1.63e-02
2.72e-01
-2.97e-01
-8.12e-01
2.87e-01
-3.90e-02
-4.23e-01
2.77e-01
-1.35e-01
-4.45e-01
-7.42e-01
5.80e-01
5.38e-01
-9.24e-01
3.97e-01
-5.90e-01
-5.39e-01
7.06e-01
6.23e-01
6.40e-01
9.91e-01
9.07e-01
-9.82e-01
7.53e-01
-5.49e-01
-2.19e-01
-5.65e-01
-5.97e-01
-8.11e-01
3.95e-01
-6.89e-01
4.49e-01
-5.23e-01
-4.40e-01
-6.18e-01
2.63e-01
4.51e-01
-2.46e-01
-1.38e-01
6.26e-01
-8.19e-01
9.32e-01
-5.62e-01
4.23e-01
2.00e-01
9.59e-01
-6.36e-01
-3.92e-01
5.91e-01
-7.12e-01
8.25e-01
-6.12e-01
-8.35e-01
-1.00e+00
2.32e-01
6.23e-02
6.76e-02
-9.63e-01
7.15e-01
-7.67e-01
8.26e-01
2.00e-01
-5.55e-01
8.85e-01
4.05e-01
8.44e-01
9.49e-01
-7.02e-01
4.89e-01
7.39e-01
2.68e-01
-2.10e-01
-5.13e-01
-9.40e-01
-9.65e-01
3.01e-01
-3.46e-01
-8.64e-01
3.81e-01
6.24e-01
-9.80e-01
-1.16e-01
-2.25e-01
-5.65e-01
-5.45e-01
6.98e-01
1.11e-01
-7.50e-01
-6.45e-02
3.68e-01
-7.71e-01
8.91e-01
-7.69e-02
1.51e-01
3.01e-01
6.19e-01
-7.93e-03
4.23e-01
-1.36e-01
-5.62e-01
-4.24e-01
1.27e-01
-7.38e-01
8.58e-01
9.45e-01
-9.65e-01
-8.03e-01
-4.39e-02
8.36e-01
-6.74e-02
2.13e-01
5.85e-01
-1.74e-01
7.39e-01
-1.13e-01
-8.87e-01
5.16e-01
6.75e-01
-9.22e-01
8.60e-01
-5.56e-02
-9.15e-01
-4.60e-01
2.25e-01
-9.93e-01
-8.79e-01
8.26e-01
6.54e-01
3.06e-01
3.37e-02
4.85e-02
-3.06e-01
-5.23e-01
6.57e-01
7.36e-01
-2.65e-01
6.38e-01
-8.19e-01
1.98e-01
4.27e-02
-1.99e-01
-6.72e-01
8.90e-01
4.60e-01
3.40e-01
1.42e-01
-6.21e-01
-1.28e-01
-2.09e-01
2.87e-01
2.64e-01
7.18e-01
7.87e-01
9.19e-01
2.28e-01
3.49e-01
-4.77e-01
9.17e-02
-4.58e-01
-8.96e-01
