8.75e-01
-8.48e-01
4.68e-01
5.32e-01
3.80e-01
2.27e-01
-8.97e-02
5.49e-01
6.53e-01
6.86e-01
4.93e-02
-1.25e-01
-3.40e-01
-9.78e-01
5.19e-01
2.38e-01
2.11e-01
7.19e-01
9.21e-01
5.82e-01
2.97e-01
3.72e-01
8.20e-01
-1.25e-02
-4.04e-01
7.80e-01
8.94e-02
4.41e-01
5.89e-01
4.95e-02
3.85e-01
-6.76e-01
1.72e-01
-5.46e-01
6.01e-01
-5.38e-01
-2.42e-01
4.08e-01
-6.97e-01
1.48e-01
-9.78e-01
1.29e-01
3.24e-01
-1.87e-01
8.88e-01
-4.06e-01
-2.24e-01
-6.55e-01
8.15e-01
1.77e-01
1.31e-01
-3.41e-01
-5.48e-01
-2.60e-01
-4.04e-01
-3.54e-01
7.43e-01
-6.49e-02
4.87e-01
7.04e-01
-9.25e-02
5.79e-01
-2.50e-01
-2.19e-02
-8.43e-01
-4.96e-01
-2.16e-01
5.34e-01
-3.83e-01
9.51e-01
3.64e-01
-3.79e-01
1.56e-01
-5.81e-01
5.27e-01
7.44e-01
-4.11e-01
-4.26e-01
2.43e-01
3.39e-01
-8.40e-01
-3.26e-01
-8.79e-01
-1.80e-01
7.83e-01
-2.91e-01
-5.35e-01
5.14e-01
-2.86e-01
5.04e-01
-3.95e-01
-4.96e-01
6.71e-01
9.16e-01
-3.47e-01
2.55e-01
3.00e-01
-8.01e-01
3.74e-01
-8.84e-01
-6.51e-02
4.65e-01
3.06e-01
4.20e-01
7.01e-02
8.06e-01
5.01e-01
-9.19e-01
6.16e-01
9.16e-01
3.05e-02
2.28e-02
9.02e-01
-5.66e-01
-7.11e-01
-3.18e-02
1.02e-01
-2.69e-01
4.37e-01
1.61e-01
-6.30e-01
3.90e-01
6.49e-01
8.92e-01
4.82e-03
9.22e-01
1.50e-01
9.57e-02
5.72e-01
-1.78e-01
6.16e-01
-7.75e-01
9.67e-01
-4.75e-01
-5.28e-01
-9.40e-01
3.00e-01
-4.47e-01
-9.74e-01
4.90e-01
-3.52e-02
-8.33e-03
-1.66e-03
8.10e-01
-4.95e-01
4.60e-01
9.36e-01
-3.61e-01
2.79e-01
5.69e-01
1.44e-01
3.83e-01
3.02e-01
8.44e-02
-7.51e-01
7.69e-01
9.59e-01
-3.71e-01
9.14e-01
7.76e-01
7.55e-01
-3.27e-01
-6.88e-01
1.10e-01
-7.67e-02
8.60e-01
4.21e-01
-1.91e-02
7.90e-01
1.79e-01
8.45e-01
7.61e-01
-2.42e-01
8.95e-02
-3.35e-01
3.88e-01
3.94e-01
-6.89e-01
-9.38e-01
-8.86e-01
-3.16e-01
-5.54e-01
-5.29e-01
-3.70e-01
-8.03e-02
3.01e-01
6.01e-02
-5.34e-01
7.53e-01
-2.22e-01
6.43e-01
9.03e-01
6.08e-01
-3.15e-01
3.95e-01
-2.63e-01
-9.60e-01
3.16e-01
-5.41e-01
5.25e-01
-2.13e-01
6.98e-01
1.02e-01
7.11e-01
-3.93e-01
4.10e-01
2.94e-01
1.63e-01
1.61e-01
9.21e-01
-5.65e-01
-1.80e-01
-1.03e-01
1.24e-01
-6.86e-01
3.70e-01
9.13e-01
9.68e-01
-7.00e-01
-2.37e-01
4.79e-01
9.72e-01
2.93e-01
2.73e-01
1.97e-01
-5.69e-01
-7.59e-01
9.49e-01
3.97e-01
-7.85e-01
-1.07e-01
-6.09e-01
-9.33e-01
-6.80e-01
-7.00e-01
4.20e-01
-6.83e-01
-4.52e-01
-3.29e-01
-5.69e-01
4.52e-01
5.89e-01
8.37e-01
2.60e-01
-2.98e-01
-7.57e-01
5.43e-01
2.57e-01
5.95e-01
-4.77e-01
7.06e-01
-5.42e-01
-8.78e-01
8.75e-01
3.26e-01
8.67e-01
5.03e-01
3.87e-01
7.20e-01
-6.51e-01
-1.06e-01
-3.68e-01
-9.90e-01
-5.17e-01
3.38e-01
