-8.66e-01
9.69e-02
6.84e-01
3.48e-01
-2.99e-01
-2.98e-01
-4.06e-01
3.36e-01
6.53e-01
6.86e-01
4.93e-02
-1.25e-01
3.52e-01
-9.78e-01
5.19e-01
2.38e-01
2.11e-01
7.19e-01
9.21e-01
5.82e-01
2.97e-01
3.72e-01
8.20e-01
-1.25e-02
-3.63e-01
3.31e-01
-7.99e-01
9.00e-01
-5.11e-01
-2.58e-01
9.88e-01
-4.58e-01
2.97e-01
-3.42e-01
-7.47e-01
3.10e-01
-7.42e-01
2.62e-02
2.73e-01
2.27e-01
-9.48e-01
7.86e-01
5.95e-01
-1.81e-01
9.88e-02
-1.73e-02
-9.92e-02
9.22e-01
3.12e-01
3.78e-01
-2.24e-01
8.60e-01
5.54e-01
2.98e-01
-3.35e-01
-4.38e-01
1.30e-01
-6.39e-01
-3.68e-01
6.59e-01
5.03e-02
5.98e-01
2.56e-01
-8.65e-01
1.33e-01
-3.88e-01
-3.40e-01
-3.69e-01
-5.47e-02
-6.04e-01
-8.03e-01
-3.11e-01
-7.66e-01
-4.46e-01
-6.16e-01
-5.95e-01
-3.23e-01
8.15e-01
-6.76e-02
-8.89e-01
8.22e-01
-9.29e-01
-4.68e-01
-7.31e-01
9.59e-01
3.96e-01
4.58e-01
1.31e-01
-5.18e-01
9.73e-01
2.50e-01
-3.32e-01
2.70e-01
5.30e-01
-9.48e-01
-5.15e-01
-9.57e-01
-1.95e-01
8.85e-01
8.89e-01
-3.61e-02
-3.78e-01
-5.51e-01
-3.71e-01
4.97e-01
2.92e-01
-4.72e-02
-5.95e-02
5.24e-01
4.97e-01
-2.03e-01
-2.44e-01
-9.83e-01
-5.20e-01
4.04e-01
6.58e-01
-6.62e-02
-3.06e-01
4.25e-01
-4.93e-01
-3.20e-01
-4.46e-01
9.77e-01
-4.67e-01
8.58e-01
-3.78e-01
8.04e-01
2.14e-03
-5.46e-01
-4.38e-01
8.15e-01
-8.07e-01
2.47e-01
5.08e-01
-6.71e-01
9.57e-01
-2.09e-01
8.06e-01
6.88e-01
8.59e-01
3.04e-01
8.69e-01
-5.30e-01
7.60e-01
-9.11e-01
1.56e-01
-3.31e-01
4.95e-01
4.20e-01
-8.19e-01
8.24e-01
4.30e-01
-8.12e-01
-4.88e-01
1.59e-01
3.05e-01
-6.97e-01
2.44e-01
3.37e-01
4.41e-01
5.35e-01
-1.25e-01
-9.38e-01
8.98e-01
8.14e-01
8.55e-02
4.79e-01
-2.76e-01
2.92e-01
-6.19e-02
4.89e-01
-3.51e-02
-9.49e-01
2.70e-01
-9.33e-01
-7.16e-01
-4.77e-01
-6.80e-02
-4.20e-01
-8.04e-01
-8.16e-01
9.15e-01
-4.55e-01
9.08e-01
9.39e-02
7.57e-01
4.87e-01
-7.21e-01
-6.64e-01
8.73e-01
-9.99e-01
-6.15e-02
1.33e-01
4.73e-01
-6.39e-01
-9.85e-01
2.76e-02
1.40e-01
2.27e-01
1.15e-01
-9.54e-01
-2.20e-01
-5.68e-01
3.68e-01
6.80e-02
-7.15e-01
-1.05e-01
9.98e-01
-7.91e-01
-9.43e-01
-4.63e-01
-5.74e-01
9.54e-01
1.60e-01
-5.05e-01
4.66e-01
5.91e-01
5.44e-01
6.08e-01
2.61e-01
9.43e-01
-6.47e-01
3.90e-01
9.59e-02
1.92e-01
5.50e-01
-9.33e-01
-3.64e-01
2.98e-01
-8.12e-01
-5.28e-01
1.64e-01
-4.47e-01
-4.89e-01
-8.18e-01
-4.68e-01
7.45e-01
6.05e-01
9.93e-01
4.39e-03
9.38e-01
7.54e-01
-9.15e-01
-9.13e-02
-7.78e-01
2.11e-02
8.97e-01
5.90e-01
-6.38e-01
-7.75e-01
-5.81e-01
-4.48e-01
-4.26e-01
7.48e-01
3.56e-01
-5.37e-01
4.96e-01
-8.26e-01
-6.32e-01
9.43e-01
-3.10e-01
-7.53e-02
4.37e-01
4.68e-01
4.09e-01
