-3.62e-01
1.57e-01
5.90e-01
-7.68e-01
-5.49e-01
-4.01e-01
-4.55e-01
8.12e-01
-2.88e-01
4.35e-01
-7.90e-01
-1.10e-01
7.68e-01
-7.52e-01
-8.23e-01
5.71e-01
8.73e-01
-3.44e-01
-2.90e-01
5.82e-01
2.97e-01
3.72e-01
8.20e-01
-1.25e-02
-3.63e-01
3.31e-01
-7.99e-01
9.00e-01
-5.11e-01
-2.58e-01
9.59e-01
-4.58e-01
2.97e-01
-3.42e-01
-7.47e-01
3.10e-01
-7.42e-01
2.62e-02
2.73e-01
2.27e-01
-9.48e-01
7.86e-01
5.95e-01
-7.16e-01
-6.70e-02
8.98e-02
6.79e-01
2.29e-01
9.42e-01
3.78e-01
-2.24e-01
8.60e-01
5.54e-01
-8.07e-01
-3.35e-01
-4.38e-01
1.30e-01
-6.39e-01
-3.68e-01
2.64e-01
5.03e-02
-6.79e-01
2.56e-01
-8.65e-01
1.33e-01
-3.88e-01
4.27e-01
-9.91e-03
1.69e-01
-8.83e-01
4.98e-01
3.06e-01
-6.13e-01
1.33e-01
6.09e-01
-1.72e-01
3.27e-01
8.39e-01
-1.68e-01
6.11e-01
8.42e-01
4.66e-01
6.44e-01
7.54e-01
4.10e-01
7.03e-01
8.12e-01
7.55e-01
-4.27e-01
5.67e-01
8.17e-01
7.74e-01
9.62e-01
-2.23e-01
1.67e-01
-7.13e-01
1.14e-01
6.40e-01
-1.49e-01
-4.29e-01
-2.37e-01
-5.21e-01
-9.58e-01
8.11e-01
5.91e-01
-2.07e-02
-6.85e-01
-9.65e-01
-8.82e-02
-2.32e-01
3.68e-01
7.97e-01
-5.82e-01
-8.03e-01
7.15e-01
-5.76e-01
-2.76e-01
9.22e-02
2.52e-01
-8.43e-01
-9.96e-01
-2.45e-01
-5.60e-02
9.27e-01
2.68e-01
2.72e-01
-5.66e-01
6.69e-01
7.67e-01
-5.63e-01
2.98e-01
6.87e-01
2.47e-01
5.08e-01
-6.71e-01
9.57e-01
-2.09e-01
8.06e-01
6.88e-01
4.79e-01
3.04e-01
8.69e-01
-5.30e-01
7.60e-01
-9.11e-01
1.56e-01
-3.31e-01
8.58e-01
4.20e-01
-8.19e-01
8.24e-01
4.30e-01
-8.12e-01
-4.88e-01
1.59e-01
3.05e-01
-6.97e-01
2.44e-01
3.37e-01
4.41e-01
5.35e-01
1.64e-01
-9.38e-01
8.98e-01
8.14e-01
8.55e-02
8.59e-01
-2.76e-01
2.92e-01
-6.19e-02
4.89e-01
-3.51e-02
-9.49e-01
2.70e-01
-9.33e-01
-1.81e-01
-4.77e-01
-6.80e-02
1.40e-01
-8.04e-01
-8.16e-01
9.15e-01
-4.55e-01
-1.81e-01
8.73e-01
-2.34e-01
-9.64e-01
-2.47e-01
-8.43e-01
5.49e-02
-9.99e-01
-6.15e-02
1.33e-01
4.73e-01
-6.39e-01
-9.85e-01
2.76e-02
-4.20e-01
2.27e-01
3.36e-01
-3.27e-01
-2.20e-01
-5.68e-01
3.68e-01
6.80e-02
-7.15e-01
-1.05e-01
9.98e-01
-7.91e-01
-9.43e-01
-4.63e-01
-5.74e-01
9.54e-01
1.60e-01
-5.05e-01
4.66e-01
-7.92e-01
5.44e-01
6.08e-01
2.61e-01
-2.24e-01
-6.47e-01
3.90e-01
9.59e-02
1.92e-01
5.50e-01
-9.33e-01
-3.64e-01
6.59e-01
-8.12e-01
-5.28e-01
1.64e-01
-4.47e-01
-4.89e-01
-8.18e-01
-4.68e-01
7.65e-01
6.05e-01
9.93e-01
4.39e-03
9.38e-01
7.54e-01
-9.15e-01
-9.13e-02
-7.78e-01
2.11e-02
8.97e-01
5.90e-01
-6.38e-01
-7.75e-01
-5.81e-01
-4.48e-01
-4.26e-01
7.48e-01
3.56e-01
-5.37e-01
4.96e-01
-8.26e-01
-6.32e-01
9.43e-01
-3.10e-01
-7.53e-02
4.37e-01
4.68e-01
4.09e-01
