8.12e-01
6.57e-01
-7.35e-01
3.92e-01
8.21e-01
-5.67e-01
-4.98e-01
-9.68e-01
-7.95e-01
-9.38e-01
-2.50e-01
2.53e-01
-9.25e-01
-5.32e-02
3.05e-02
4.86e-01
-6.94e-01
4.43e-02
-3.52e-01
-7.42e-01
3.33e-01
4.12e-01
-4.45e-01
6.43e-03
-4.45e-01
5.63e-01
-5.53e-01
2.90e-01
7.11e-01
3.19e-01
1.76e-01
5.61e-02
-3.06e-01
5.34e-01
-8.17e-01
-5.53e-01
6.68e-01
-1.37e-01
-9.46e-01
9.90e-01
4.26e-01
9.13e-01
3.53e-01
-3.18e-01
-5.86e-01
-9.17e-01
-8.66e-01
-8.85e-01
-8.12e-01
-3.83e-01
-9.92e-01
1.43e-01
1.56e-01
-5.40e-01
-3.89e-01
6.42e-01
-4.09e-01
9.80e-01
3.32e-01
6.36e-01
-7.57e-01
1.03e-01
3.89e-01
3.18e-01
-8.00e-01
5.37e-01
-7.51e-01
1.59e-01
4.92e-01
-5.66e-01
7.43e-01
1.33e-01
-3.58e-01
-4.46e-01
-6.16e-01
-5.95e-01
-3.23e-01
8.15e-01
-6.76e-02
-8.89e-01
8.22e-01
-9.29e-01
-4.68e-01
-7.31e-01
9.88e-01
3.96e-01
4.58e-01
1.31e-01
-5.18e-01
9.73e-01
2.50e-01
-3.32e-01
2.70e-01
5.30e-01
-9.48e-01
-5.15e-01
6.64e-01
6.14e-01
-8.03e-01
-9.49e-01
6.55e-01
-5.21e-01
-9.58e-01
8.11e-01
5.91e-01
-2.07e-02
-6.85e-01
-9.65e-01
-8.82e-02
-2.32e-01
3.68e-01
7.97e-01
4.35e-01
-8.03e-01
7.15e-01
-5.76e-01
-2.76e-01
9.22e-02
2.52e-01
3.26e-01
-9.96e-01
-2.45e-01
-5.60e-02
9.27e-01
2.68e-01
2.72e-01
-5.66e-01
6.69e-01
7.67e-01
8.22e-01
-5.92e-01
-7.09e-01
-1.54e-01
-4.83e-01
-8.43e-01
9.57e-01
-2.09e-01
8.06e-01
6.88e-01
4.79e-01
3.04e-01
8.69e-01
-5.30e-01
7.60e-01
-9.11e-01
1.56e-01
-3.31e-01
4.95e-01
4.20e-01
-8.19e-01
8.24e-01
4.30e-01
-8.12e-01
-4.88e-01
1.59e-01
3.05e-01
-6.97e-01
2.44e-01
3.37e-01
4.41e-01
-9.57e-01
-1.25e-01
-9.38e-01
-3.79e-01
-5.20e-01
4.16e-01
-1.99e-01
-9.74e-01
-3.02e-01
6.09e-01
-4.99e-01
6.31e-01
8.55e-01
-3.92e-01
-3.31e-01
-5.09e-01
4.26e-01
-3.05e-01
7.08e-02
7.30e-01
-6.19e-01
9.27e-01
-5.09e-01
-8.92e-01
8.73e-01
-2.34e-01
-9.64e-01
-2.47e-01
1.22e-01
5.49e-02
-9.99e-01
-6.15e-02
1.33e-01
4.73e-01
-6.39e-01
-9.85e-01
2.76e-02
-4.20e-01
2.27e-01
3.36e-01
-9.54e-01
-2.20e-01
-5.68e-01
3.68e-01
6.80e-02
-7.15e-01
-1.05e-01
9.98e-01
-7.91e-01
-9.43e-01
-4.63e-01
-5.74e-01
9.54e-01
1.60e-01
-5.05e-01
4.66e-01
7.74e-01
5.44e-01
6.08e-01
2.61e-01
9.43e-01
-6.47e-01
3.90e-01
9.59e-02
1.92e-01
5.50e-01
-9.33e-01
-3.64e-01
6.59e-01
-8.12e-01
-5.28e-01
1.64e-01
-4.47e-01
-4.89e-01
-8.18e-01
-4.68e-01
7.45e-01
6.05e-01
9.93e-01
4.39e-03
9.38e-01
7.54e-01
-9.15e-01
-9.13e-02
-7.78e-01
2.11e-02
8.97e-01
5.90e-01
-6.38e-01
-7.75e-01
-5.81e-01
-4.48e-01
-4.26e-01
7.48e-01
3.56e-01
-5.37e-01
4.96e-01
-8.26e-01
-6.32e-01
9.43e-01
-3.10e-01
-7.53e-02
4.37e-01
4.68e-01
4.09e-01
