-7.94e-01
-1.40e-01
-2.44e-03
7.36e-01
3.44e-01
2.65e-01
4.60e-01
-3.59e-01
5.84e-01
6.11e-01
-5.35e-01
1.67e-01
-6.74e-01
-8.58e-01
-3.40e-01
6.83e-01
4.50e-01
8.50e-01
-3.75e-01
-8.06e-01
-2.71e-02
-7.04e-01
-4.24e-02
1.57e-01
8.98e-01
9.25e-01
-2.75e-01
7.84e-01
8.54e-01
8.85e-01
-2.79e-01
3.41e-01
7.30e-01
7.94e-01
8.16e-01
8.12e-01
-6.37e-01
1.96e-01
-2.04e-01
-1.90e-01
-4.62e-01
-2.45e-01
-3.56e-01
-3.61e-01
-4.72e-01
7.58e-01
2.16e-01
2.81e-01
-3.80e-01
-7.22e-02
-2.78e-01
6.04e-01
1.10e-01
3.94e-01
-8.54e-02
-5.32e-01
7.32e-01
3.99e-01
-7.29e-01
-9.04e-01
-5.34e-01
-8.77e-01
6.29e-01
-9.27e-01
-7.58e-04
-4.84e-01
5.50e-01
-1.72e-01
-9.71e-01
4.65e-01
-3.43e-01
-5.62e-01
3.74e-01
7.76e-01
-7.50e-01
-9.03e-01
-4.95e-03
2.33e-01
-3.23e-01
-1.74e-01
-8.79e-02
-1.46e-01
-2.95e-01
9.17e-01
2.10e-02
-4.77e-01
-4.08e-02
6.12e-02
-8.89e-01
9.89e-01
8.55e-01
-3.53e-01
-1.78e-01
1.26e-02
-5.50e-01
-6.26e-01
8.68e-01
-8.29e-01
1.04e-03
2.38e-01
-6.47e-02
4.39e-01
2.51e-01
-2.14e-01
-6.67e-01
-5.42e-01
-1.80e-01
2.91e-01
6.44e-01
5.73e-01
5.04e-01
-3.58e-01
2.37e-01
8.34e-01
-5.63e-01
5.91e-01
-1.68e-01
-3.95e-01
8.48e-01
4.22e-01
1.03e-01
8.95e-01
-8.96e-03
4.55e-01
6.25e-01
4.67e-02
2.86e-01
-4.64e-01
3.74e-01
8.97e-01
9.91e-01
-1.06e-01
4.88e-01
-4.01e-02
-5.25e-01
-4.96e-01
-5.06e-01
7.43e-01
4.86e-01
-4.96e-01
4.41e-01
-1.38e-01
3.33e-01
-8.44e-01
5.10e-01
-3.75e-01
3.27e-01
9.88e-01
9.41e-01
3.87e-01
-3.66e-01
8.47e-01
1.93e-01
3.67e-01
-3.54e-01
4.51e-01
2.64e-01
6.21e-01
6.28e-01
7.16e-02
-3.20e-01
8.16e-01
1.22e-01
-9.95e-01
8.26e-01
-4.99e-01
7.37e-01
-9.54e-01
-4.66e-01
7.31e-01
-8.52e-01
8.76e-01
4.24e-02
-5.48e-01
-3.12e-01
-6.43e-01
-6.23e-01
-9.81e-01
-6.86e-01
7.13e-01
8.00e-01
2.25e-02
7.00e-01
-3.83e-01
-1.17e-02
-9.72e-01
-7.26e-01
9.20e-01
3.33e-01
-4.13e-01
-4.92e-01
-2.46e-01
3.43e-01
-1.90e-01
7.55e-01
-6.54e-01
-1.69e-01
7.37e-01
-7.90e-01
1.82e-01
5.70e-01
9.45e-01
-1.81e-02
-9.05e-01
-8.66e-01
9.57e-01
9.47e-01
-9.99e-01
-3.80e-01
3.31e-01
-6.92e-01
1.22e-01
-9.32e-01
5.26e-01
6.72e-01
-3.30e-01
1.14e-01
-3.81e-01
6.28e-01
-9.82e-01
-2.40e-01
-9.82e-01
-3.34e-01
-8.88e-01
8.82e-01
-3.65e-01
6.98e-01
6.18e-01
-1.49e-01
-3.98e-01
5.77e-01
-2.62e-01
3.50e-02
8.28e-01
5.54e-01
-9.84e-01
9.45e-01
9.31e-02
7.53e-01
6.57e-01
-9.10e-01
2.04e-01
-2.62e-01
6.04e-01
-5.80e-01
6.83e-01
-3.65e-01
-5.33e-01
3.77e-01
-7.24e-01
-9.61e-01
7.45e-01
7.87e-01
-9.27e-01
-3.38e-01
9.72e-01
-7.31e-01
5.94e-01
-9.85e-01
-5.14e-01
-6.06e-01
-8.12e-01
6.53e-01
6.65e-01
-2.70e-01
