-4.59e-01
-7.81e-01
7.29e-01
5.62e-01
1.84e-01
-7.14e-01
-8.35e-01
9.79e-01
2.87e-01
-1.53e-01
-2.41e-01
-5.26e-02
9.49e-01
-4.92e-01
9.60e-01
5.30e-01
-2.24e-01
9.25e-02
-3.75e-01
6.73e-01
-2.33e-01
-8.97e-01
6.30e-01
-4.07e-01
-5.85e-01
6.06e-01
-9.44e-01
-3.84e-01
-6.56e-01
8.88e-01
-7.49e-01
3.30e-01
3.48e-01
-4.49e-01
-4.72e-01
-8.90e-01
7.57e-01
-4.07e-01
-3.91e-02
1.67e-01
-1.09e-01
-8.12e-01
9.88e-01
2.64e-01
-6.86e-02
7.11e-01
-8.59e-01
1.17e-01
1.86e-01
4.09e-01
-3.03e-01
4.71e-01
-6.74e-01
4.29e-01
3.06e-03
-9.61e-01
-2.84e-01
6.26e-01
3.98e-01
-7.13e-01
-6.04e-01
7.49e-01
-3.36e-01
-3.04e-01
2.09e-01
1.76e-01
5.05e-01
-5.83e-01
5.73e-02
-7.87e-01
4.90e-01
2.91e-01
2.02e-01
3.67e-01
-5.25e-01
7.46e-01
4.47e-01
5.07e-02
2.35e-01
-3.71e-01
-1.23e-01
3.97e-01
2.29e-01
-2.12e-01
7.08e-01
-6.44e-01
6.95e-01
-9.91e-01
-9.65e-02
-1.33e-01
-6.05e-01
-6.14e-01
-3.18e-01
3.57e-01
4.22e-01
6.99e-01
-7.37e-01
3.48e-01
4.72e-01
3.23e-01
7.28e-01
2.11e-01
-2.15e-01
-6.73e-01
-7.88e-01
7.93e-01
-1.29e-01
6.92e-01
3.01e-01
-3.83e-01
-3.92e-01
-4.20e-01
-8.30e-01
9.59e-02
9.99e-01
-6.72e-02
-7.34e-01
-3.81e-01
-1.54e-01
-9.13e-01
7.36e-01
-3.59e-01
-4.36e-01
-9.51e-01
-5.45e-01
1.62e-01
-6.68e-01
-3.56e-01
9.48e-01
-8.14e-01
-4.90e-01
7.50e-01
-7.25e-01
1.67e-01
-7.52e-01
-5.60e-01
3.91e-01
2.66e-01
-9.65e-01
-9.38e-01
-4.38e-01
-3.93e-01
4.12e-01
5.27e-01
-3.20e-01
-3.26e-01
-7.49e-01
-9.90e-01
4.85e-01
-8.87e-01
8.93e-01
-1.33e-01
-1.91e-01
3.67e-01
9.69e-01
1.73e-01
6.08e-02
4.68e-01
-5.44e-03
2.68e-01
7.02e-01
3.28e-01
6.78e-01
-7.80e-01
-9.02e-01
8.58e-01
-3.23e-02
-5.41e-01
-6.97e-01
-4.09e-02
-4.49e-01
-5.48e-01
-3.06e-01
-4.29e-01
-8.36e-01
8.75e-02
4.15e-01
-8.90e-01
-6.62e-01
5.53e-01
-7.92e-01
-2.92e-01
9.12e-01
-8.03e-01
-7.43e-02
1.58e-01
-3.83e-01
2.37e-01
-1.94e-01
-4.73e-01
-5.34e-01
1.71e-01
5.93e-01
-4.57e-02
8.40e-01
-3.98e-01
-9.77e-01
9.79e-01
-2.34e-02
-7.31e-03
-8.80e-01
-7.19e-02
8.49e-01
-8.46e-02
3.31e-01
3.87e-01
2.42e-01
-6.63e-01
-8.00e-01
-3.41e-01
-9.27e-01
-3.69e-02
4.25e-01
-1.56e-01
7.76e-01
-7.55e-01
-5.09e-01
-8.32e-01
8.70e-01
-6.88e-01
-2.30e-01
-1.12e-01
-9.58e-03
2.26e-01
6.16e-01
5.91e-01
-6.90e-01
-4.69e-01
-1.84e-01
-4.69e-01
-2.21e-01
8.32e-01
3.12e-01
-5.90e-01
-1.05e-01
6.07e-01
7.24e-01
8.40e-01
4.00e-01
6.62e-01
-9.25e-02
2.09e-01
7.89e-01
7.82e-01
-2.90e-01
-9.05e-01
-2.43e-01
-6.97e-01
-3.07e-01
9.66e-01
-9.18e-02
-6.45e-02
4.13e-01
9.23e-01
-5.88e-01
-8.00e-01
-7.33e-01
-4.86e-01
-2.97e-01
-9.22e-01
-4.66e-01
1.15e-01
-1.92e-01
6.53e-01
8.87e-02
