-4.59e-01
9.72e-01
7.56e-01
-9.59e-01
7.38e-01
-7.40e-01
1.10e-01
-7.78e-01
-7.82e-01
-4.04e-01
6.77e-01
5.12e-01
8.57e-01
-8.68e-01
3.00e-01
7.22e-01
-8.46e-01
-5.47e-01
6.91e-01
4.56e-01
-4.74e-01
6.86e-01
-7.50e-01
3.97e-01
4.13e-01
-8.85e-01
-7.28e-01
2.79e-01
4.65e-01
-9.43e-01
1.82e-01
-6.54e-02
4.65e-01
-4.74e-01
-9.32e-01
-6.15e-01
-4.66e-02
-2.10e-01
1.15e-01
-7.17e-01
-9.57e-01
-2.16e-01
2.35e-01
-6.13e-02
-6.70e-01
-9.01e-01
-4.13e-02
-7.88e-01
-9.31e-01
-9.19e-01
4.41e-01
-9.98e-01
-8.28e-01
1.58e-01
8.04e-01
-4.06e-01
7.25e-01
3.88e-01
-9.87e-01
1.77e-01
7.32e-01
-4.95e-01
1.19e-01
3.39e-01
-5.14e-01
-4.44e-01
-3.82e-01
-8.85e-01
-5.28e-01
1.32e-01
3.26e-01
-9.55e-01
-5.25e-01
-9.96e-01
-3.67e-01
-7.69e-01
-5.86e-01
9.01e-01
-8.74e-01
9.40e-01
-1.12e-01
-6.71e-02
-6.95e-01
-6.28e-01
-7.80e-01
-9.71e-01
-7.57e-01
9.02e-01
2.12e-01
-1.46e-01
4.41e-02
-7.84e-01
8.22e-02
-7.91e-01
-7.11e-01
-5.66e-01
-2.03e-01
3.65e-01
-8.94e-01
3.03e-01
-6.61e-01
2.61e-01
-9.61e-01
2.40e-01
-7.09e-01
4.45e-01
5.02e-01
9.74e-01
-7.21e-01
7.51e-01
6.50e-01
-7.89e-01
5.05e-01
9.27e-01
-8.68e-01
-7.80e-01
3.43e-03
-4.06e-01
4.20e-01
8.63e-02
-8.11e-01
3.35e-01
-7.89e-01
5.35e-02
7.10e-01
7.15e-01
-7.02e-01
-8.16e-01
-4.22e-01
-2.30e-01
-1.42e-01
-2.66e-01
6.10e-02
-6.27e-01
5.93e-01
-6.66e-01
2.65e-02
6.54e-02
-7.42e-01
2.27e-01
-9.49e-01
9.90e-01
-5.49e-01
-2.51e-01
-5.57e-01
-6.74e-01
-2.08e-01
3.62e-02
7.38e-01
-5.08e-01
-7.90e-01
-8.13e-02
5.03e-01
-4.00e-01
-2.17e-01
8.03e-01
2.06e-01
-1.02e-01
5.09e-01
-8.11e-01
3.49e-01
-3.29e-01
1.34e-01
-5.85e-01
7.49e-01
2.27e-01
6.05e-01
-5.13e-01
8.11e-02
5.24e-01
1.04e-01
-2.62e-01
-2.39e-01
3.02e-03
-5.91e-01
-1.30e-01
-2.08e-01
-7.99e-01
-7.43e-01
2.62e-01
4.60e-01
-8.52e-02
1.26e-01
-4.06e-01
3.56e-01
5.08e-01
-8.05e-01
-5.97e-01
-3.80e-01
8.61e-01
-1.24e-01
-9.01e-01
-8.31e-01
-2.16e-01
-3.70e-01
6.33e-01
6.74e-01
-1.14e-02
2.75e-01
5.75e-01
-3.53e-01
2.71e-01
-2.90e-01
-5.16e-01
-1.50e-01
6.36e-01
3.50e-02
-9.61e-01
8.65e-01
4.97e-01
-1.85e-01
-5.51e-01
8.11e-01
7.14e-01
-2.75e-01
-7.29e-01
-4.79e-01
-8.13e-02
-9.69e-02
-4.89e-01
-4.69e-01
-9.34e-01
4.58e-01
8.25e-01
-7.29e-01
-1.32e-01
4.50e-01
3.84e-01
9.11e-01
-9.73e-01
9.79e-01
-6.66e-01
6.69e-01
-9.74e-02
-2.74e-01
-6.54e-02
6.71e-01
-7.55e-01
3.56e-01
-7.62e-01
-1.88e-01
-4.93e-01
1.80e-01
-1.26e-01
3.87e-02
4.74e-01
3.59e-01
7.67e-01
-4.52e-01
-5.20e-01
-3.19e-01
4.45e-01
-5.52e-01
-8.88e-01
9.59e-01
-8.65e-01
9.21e-01
4.34e-01
9.62e-01
-6.03e-01
-9.44e-02
-5.93e-01
-7.56e-02
-5.37e-01
7.11e-01
