-4.59e-01
-7.81e-01
7.29e-01
5.62e-01
1.84e-01
-7.14e-01
-8.35e-01
9.79e-01
2.87e-01
-1.53e-01
-2.41e-01
-5.26e-02
9.49e-01
-4.92e-01
9.60e-01
5.30e-01
-2.24e-01
9.25e-02
-3.75e-01
6.73e-01
-2.33e-01
-8.97e-01
6.30e-01
-4.07e-01
-5.85e-01
6.06e-01
-9.44e-01
-3.84e-01
-6.56e-01
8.88e-01
-7.49e-01
3.30e-01
3.48e-01
-4.49e-01
-4.72e-01
-8.90e-01
7.57e-01
-4.07e-01
-3.91e-02
1.67e-01
-1.09e-01
-8.12e-01
9.88e-01
2.64e-01
-6.86e-02
7.11e-01
-8.59e-01
1.17e-01
1.86e-01
4.09e-01
-3.03e-01
4.71e-01
-6.74e-01
4.29e-01
3.06e-03
-9.61e-01
-2.84e-01
6.26e-01
3.98e-01
-7.13e-01
-6.04e-01
7.49e-01
-3.36e-01
-3.04e-01
2.09e-01
1.76e-01
5.05e-01
-5.83e-01
5.73e-02
-7.87e-01
4.90e-01
2.91e-01
2.02e-01
3.67e-01
-5.25e-01
7.46e-01
4.47e-01
5.07e-02
2.35e-01
-3.71e-01
-1.23e-01
3.97e-01
2.29e-01
-2.12e-01
7.08e-01
-6.44e-01
6.95e-01
-9.91e-01
-9.65e-02
-1.33e-01
-6.05e-01
-6.14e-01
-3.18e-01
3.57e-01
4.22e-01
6.99e-01
-7.37e-01
3.48e-01
4.72e-01
3.23e-01
7.28e-01
2.11e-01
-2.15e-01
-6.73e-01
-7.88e-01
7.93e-01
-1.29e-01
6.92e-01
3.01e-01
-3.83e-01
-3.92e-01
-4.20e-01
-8.30e-01
9.59e-02
9.99e-01
-6.72e-02
8.26e-01
-3.81e-01
-2.52e-01
7.32e-01
-7.81e-01
2.87e-01
-1.79e-01
-7.72e-01
8.18e-01
-3.18e-01
9.17e-01
1.39e-02
-9.32e-01
-2.59e-01
8.19e-01
-1.15e-01
-7.34e-01
-3.17e-01
2.29e-01
-9.11e-01
4.25e-01
-2.42e-01
7.40e-01
7.84e-01
-1.31e-01
5.25e-02
-2.00e-01
1.28e-01
-2.23e-01
-4.95e-01
-6.41e-02
-7.72e-01
-6.00e-01
-6.46e-01
9.22e-01
-3.40e-01
2.15e-01
-6.17e-01
-4.01e-01
-1.83e-01
-2.16e-01
-3.71e-01
3.86e-02
-3.71e-01
7.74e-01
-4.74e-01
-5.25e-01
4.69e-01
-3.05e-01
-3.79e-01
-4.91e-01
2.21e-01
-4.42e-01
-8.46e-01
8.90e-01
9.27e-01
7.41e-01
-6.61e-02
5.25e-01
-5.73e-01
8.78e-01
-5.81e-01
9.09e-01
1.05e-01
2.08e-01
9.51e-01
4.98e-01
1.67e-01
-7.66e-01
-5.95e-01
-1.25e-01
-6.70e-02
2.24e-02
8.58e-01
5.75e-01
6.64e-01
3.86e-01
-6.24e-01
-5.74e-01
-1.58e-01
-2.21e-01
3.82e-01
7.14e-01
1.44e-01
-2.45e-03
9.57e-01
-9.16e-02
9.84e-01
9.91e-01
1.62e-01
-9.62e-01
4.74e-01
-7.14e-01
4.84e-01
-7.29e-01
-9.99e-01
8.10e-01
1.40e-01
-8.61e-01
-4.79e-01
4.08e-01
-5.36e-01
4.97e-01
4.66e-01
-9.43e-01
8.26e-01
-3.51e-01
5.34e-01
5.92e-01
6.73e-01
-7.86e-01
8.73e-01
-2.14e-03
3.07e-01
3.77e-01
-8.95e-01
-4.73e-01
5.79e-01
-6.02e-01
-1.14e-01
7.88e-01
9.68e-01
2.55e-01
2.79e-01
-3.21e-01
-6.02e-01
-3.59e-01
-7.75e-01
5.58e-01
5.68e-02
-7.07e-01
3.97e-01
4.66e-01
7.41e-01
9.91e-01
3.12e-01
-8.65e-01
-5.49e-01
-4.84e-01
1.52e-01
4.83e-01
-3.30e-01
-4.74e-01
2.33e-01
-3.22e-01
4.30e-01
2.02e-01
-5.46e-01
-8.17e-01
