4.84e-02
-4.22e-01
-6.56e-01
-3.82e-01
4.95e-02
-1.51e-01
-3.60e-02
-1.81e-01
7.88e-01
2.55e-01
-1.70e-01
4.86e-01
4.45e-01
-9.90e-01
-3.01e-01
4.94e-01
-8.74e-01
-3.40e-01
-3.85e-01
1.84e-02
6.85e-01
9.99e-01
-9.22e-01
3.57e-01
-8.57e-01
-9.98e-01
-6.67e-01
-5.88e-01
5.42e-02
-8.29e-01
8.57e-01
9.32e-01
-6.28e-01
-1.76e-01
4.14e-01
7.52e-01
6.04e-01
-6.44e-02
-1.05e-01
-8.75e-01
5.94e-01
3.24e-01
-1.50e-01
-5.10e-01
1.44e-01
-6.96e-01
3.24e-01
-7.78e-01
-5.31e-02
-5.84e-01
-9.71e-01
7.21e-01
6.37e-01
-1.02e-01
2.85e-01
-7.53e-01
1.88e-01
7.37e-02
6.38e-01
-9.32e-01
-6.13e-01
-3.92e-01
4.30e-01
2.96e-03
1.19e-01
1.03e-01
-6.97e-01
9.68e-01
-8.58e-01
3.32e-01
6.03e-01
8.47e-01
-4.50e-01
-6.80e-01
9.48e-02
-7.01e-01
-4.89e-01
4.86e-03
8.91e-01
-1.75e-01
-3.10e-01
-9.58e-01
9.67e-01
-9.41e-01
6.92e-01
4.71e-01
-6.05e-01
-8.09e-01
-4.49e-01
-5.04e-01
8.76e-01
-9.76e-01
-7.27e-01
5.61e-01
-7.54e-01
5.75e-01
-5.69e-01
-8.08e-01
-3.30e-01
4.78e-01
-9.23e-01
-8.04e-01
-2.88e-01
2.33e-01
4.65e-01
-2.99e-01
-9.85e-01
-1.49e-01
5.86e-02
-2.18e-02
-4.01e-01
-4.54e-02
3.96e-01
-8.27e-01
-9.38e-01
4.65e-01
-9.45e-01
8.48e-01
4.09e-01
-2.94e-01
9.58e-01
-5.80e-01
3.06e-01
-2.97e-01
-4.44e-01
8.40e-01
4.21e-01
-3.26e-01
7.96e-01
6.44e-01
-2.58e-01
-8.18e-01
9.77e-01
3.15e-01
-4.83e-01
-4.10e-01
8.29e-01
8.04e-01
5.73e-01
-9.60e-01
-1.84e-01
-9.21e-01
-2.49e-01
9.34e-01
-7.72e-01
-8.66e-01
3.48e-01
-3.95e-01
9.32e-01
-6.87e-01
-6.66e-01
6.54e-01
3.36e-01
-8.90e-01
-7.23e-02
3.92e-01
5.75e-01
3.14e-01
-7.10e-01
-8.95e-01
5.94e-01
-8.65e-01
2.77e-01
6.35e-02
1.28e-01
-4.59e-01
6.92e-01
-7.44e-01
-3.72e-01
-1.47e-01
9.73e-01
-6.76e-01
1.08e-01
9.81e-01
-6.91e-01
9.72e-01
-8.68e-01
-3.84e-01
9.00e-01
-9.30e-01
-3.55e-01
-8.97e-02
-5.21e-01
2.58e-01
-1.00e-01
6.07e-01
1.70e-01
5.44e-02
1.10e-02
-4.53e-01
1.52e-01
-1.89e-01
3.46e-01
-3.33e-01
3.40e-01
-8.99e-01
5.03e-01
3.54e-01
-8.88e-01
6.75e-01
-3.44e-01
9.75e-02
9.27e-01
-5.61e-01
-6.99e-01
8.83e-01
-9.40e-01
-3.26e-01
-3.33e-01
-2.43e-01
-9.44e-02
2.78e-01
4.42e-01
3.37e-01
-4.11e-01
-6.39e-01
2.48e-01
-4.05e-01
8.10e-01
8.94e-01
-4.61e-01
1.82e-01
-1.59e-01
3.83e-01
-4.43e-01
8.81e-01
-6.69e-02
8.26e-01
-5.24e-01
-7.78e-01
-3.12e-01
-9.50e-01
-8.25e-02
-4.09e-01
7.68e-01
-8.69e-02
-9.51e-01
-9.81e-01
-7.42e-01
-1.93e-01
4.65e-01
1.89e-01
1.19e-01
-8.80e-01
9.76e-01
5.21e-01
-8.30e-01
7.82e-01
4.25e-01
-2.00e-01
6.07e-01
-2.10e-01
2.74e-01
-7.65e-01
-8.66e-01
-8.04e-01
-6.66e-01
7.32e-01
8.29e-01
-7.21e-02
-1.32e-01
2.12e-01
-1.80e-01
8.29e-01
-2.03e-02
