-8.58e-01
6.80e-05
-9.59e-01
-1.02e-01
3.47e-01
5.54e-01
-3.28e-02
-3.39e-01
6.84e-01
-6.02e-01
-5.73e-01
-4.43e-01
-4.12e-01
8.50e-01
2.92e-01
6.34e-01
1.39e-01
-8.21e-01
3.65e-02
1.84e-02
6.85e-01
9.99e-01
-9.22e-01
3.57e-01
-8.57e-01
-9.98e-01
-6.67e-01
-5.88e-01
5.42e-02
-2.88e-01
8.57e-01
9.32e-01
-6.28e-01
-1.76e-01
4.14e-01
7.52e-01
6.04e-01
-6.44e-02
-1.05e-01
-8.75e-01
5.94e-01
3.24e-01
-1.50e-01
-5.10e-01
1.44e-01
-6.96e-01
3.24e-01
6.46e-01
-2.29e-01
2.45e-01
8.18e-01
7.35e-01
-1.57e-01
1.90e-02
-8.31e-01
2.60e-02
-6.41e-02
-8.25e-01
-3.94e-01
-1.39e-01
1.61e-02
5.05e-01
1.47e-01
-2.01e-01
7.83e-01
4.12e-02
-7.93e-02
6.79e-01
-4.40e-01
2.09e-02
-6.39e-01
8.47e-01
-4.50e-01
-6.80e-01
9.48e-02
-9.32e-01
-4.89e-01
4.86e-03
8.91e-01
-1.75e-01
-3.10e-01
-9.58e-01
9.67e-01
-9.41e-01
6.92e-01
4.71e-01
8.77e-01
-8.09e-01
-4.49e-01
-5.04e-01
8.76e-01
-9.76e-01
-7.27e-01
5.61e-01
-7.54e-01
5.75e-01
-5.69e-01
-8.08e-01
-3.30e-01
4.78e-01
-9.23e-01
-8.04e-01
-2.88e-01
2.33e-01
4.65e-01
-2.99e-01
-9.85e-01
-1.49e-01
5.86e-02
-2.18e-02
-4.01e-01
-4.54e-02
3.96e-01
-8.27e-01
-9.38e-01
4.65e-01
-9.45e-01
8.48e-01
4.09e-01
-2.94e-01
9.58e-01
-5.80e-01
3.06e-01
-2.97e-01
-4.44e-01
6.72e-01
-6.64e-01
-2.83e-01
-9.53e-01
4.87e-01
-6.40e-01
2.33e-01
-6.04e-01
-7.72e-01
7.25e-01
4.33e-01
1.46e-01
7.15e-01
3.87e-01
7.31e-01
4.59e-01
7.48e-01
-5.77e-01
-9.09e-01
5.12e-01
1.44e-01
1.90e-01
-3.70e-01
-1.06e-01
-7.38e-02
2.45e-01
6.04e-01
-5.19e-01
-9.67e-01
6.73e-01
-4.68e-01
1.06e-01
6.91e-02
1.66e-02
6.03e-01
-9.73e-01
3.81e-02
-9.63e-01
3.32e-01
-8.58e-01
7.05e-01
-7.86e-01
-5.13e-01
8.16e-01
1.26e-01
-9.60e-01
-6.01e-01
-4.14e-01
6.79e-01
-1.50e-01
-2.22e-01
-4.42e-01
-8.74e-01
7.20e-01
9.84e-01
-4.39e-01
2.80e-02
1.33e-01
8.74e-01
-1.79e-01
-7.95e-01
-2.92e-01
3.83e-01
-5.46e-01
-1.34e-01
8.98e-01
7.47e-01
5.17e-02
5.00e-01
-8.89e-01
9.39e-01
-9.94e-01
-6.81e-01
5.04e-01
3.40e-01
3.01e-01
-2.47e-01
-2.54e-01
9.71e-01
6.91e-01
-3.60e-01
4.62e-01
7.82e-01
7.28e-01
5.15e-01
-3.15e-01
-5.62e-01
4.56e-01
7.64e-01
-9.21e-01
-7.01e-01
-3.39e-01
3.70e-01
-4.88e-01
-3.83e-01
-7.03e-01
-4.40e-01
-4.40e-01
6.97e-01
4.48e-02
4.83e-01
-1.71e-01
7.35e-01
6.95e-01
-8.31e-01
9.10e-01
-5.52e-02
-5.13e-01
-6.31e-01
-9.28e-01
-9.93e-01
2.18e-01
8.25e-01
8.58e-01
1.75e-01
-6.42e-01
-9.30e-01
9.81e-01
2.11e-01
8.82e-01
1.84e-01
8.47e-01
2.20e-01
7.42e-01
-6.36e-01
-5.79e-01
7.43e-01
3.21e-01
-6.39e-01
-2.79e-01
-1.14e-01
7.05e-01
-1.80e-01
7.23e-01
1.66e-02
-3.55e-01
-3.80e-02
-3.75e-01
8.13e-01
7.83e-01
