4.82e-01
-5.14e-01
6.77e-01
-6.21e-02
9.53e-01
-5.51e-01
5.27e-01
3.59e-01
5.28e-01
7.13e-01
-1.46e-01
5.45e-01
4.63e-01
-3.17e-01
8.12e-01
8.16e-01
5.88e-02
-4.00e-01
-8.39e-01
9.08e-01
1.79e-01
-6.65e-01
-3.55e-01
-5.04e-01
5.13e-02
-7.76e-01
2.85e-01
-3.83e-01
2.23e-01
-4.90e-03
1.41e-01
3.91e-01
-4.61e-01
-1.30e-01
7.93e-02
6.17e-01
-9.83e-01
2.20e-01
-1.58e-01
1.84e-01
6.61e-01
1.79e-01
3.87e-01
-2.92e-01
-1.83e-02
1.17e-01
3.88e-01
5.54e-01
-4.82e-01
-2.47e-01
-5.09e-01
-6.97e-02
1.13e-01
7.74e-01
-6.13e-01
1.20e-01
-3.12e-01
9.89e-02
-8.93e-01
9.29e-01
9.14e-01
-3.95e-01
5.38e-01
7.09e-01
-6.52e-01
4.88e-01
5.92e-01
7.37e-01
9.43e-01
-4.55e-02
-4.85e-01
-7.35e-01
8.38e-01
-9.99e-01
5.89e-02
-3.48e-01
8.82e-01
2.72e-01
2.00e-01
-5.19e-02
2.51e-02
1.14e-01
-8.05e-01
-5.15e-01
8.75e-01
3.96e-01
7.89e-01
8.35e-01
-7.15e-01
-2.31e-01
6.85e-01
-6.49e-01
2.46e-01
4.64e-01
-9.94e-01
7.67e-01
7.61e-01
1.47e-01
2.60e-01
6.04e-01
7.81e-01
4.46e-01
-3.11e-01
3.85e-01
-8.10e-01
-6.35e-01
7.47e-01
-4.87e-01
-7.24e-01
8.18e-01
-7.11e-01
1.72e-02
-1.53e-01
-2.22e-01
8.00e-02
7.83e-01
3.67e-03
7.81e-01
6.26e-02
8.46e-01
4.80e-01
-6.30e-01
4.35e-01
4.45e-01
-5.15e-01
1.35e-01
8.28e-01
-3.69e-01
-9.00e-01
-3.89e-01
6.98e-02
-3.31e-01
-7.54e-01
9.33e-01
3.29e-01
6.69e-01
9.68e-02
1.50e-01
8.67e-01
4.44e-01
7.71e-01
8.96e-01
9.29e-01
6.00e-01
8.41e-01
-6.00e-01
3.10e-01
-1.75e-01
-1.84e-01
-3.58e-01
7.86e-01
-4.42e-01
8.96e-01
8.14e-02
-4.73e-01
-8.73e-01
-3.80e-02
-8.72e-01
4.96e-01
-7.00e-01
4.19e-01
-2.12e-02
-8.79e-01
8.31e-01
-9.63e-01
-4.73e-01
2.33e-01
3.17e-01
-3.26e-01
-3.66e-01
6.51e-01
1.40e-01
-9.48e-01
4.08e-01
9.23e-01
-8.85e-01
8.16e-01
8.58e-01
5.26e-01
-9.78e-01
3.64e-01
9.03e-01
-1.83e-01
-8.42e-01
-1.16e-01
-5.30e-01
-9.17e-01
3.83e-01
-5.46e-01
-1.34e-01
8.98e-01
7.47e-01
5.17e-02
5.00e-01
3.67e-03
-1.95e-02
2.99e-01
-5.72e-01
7.17e-01
-6.51e-01
-3.10e-01
7.53e-02
3.60e-01
-2.91e-01
9.52e-01
-8.66e-01
1.80e-01
3.42e-01
-6.64e-01
5.86e-01
-9.32e-01
-9.96e-01
8.24e-01
2.61e-01
-8.80e-01
3.71e-01
-8.30e-01
-5.85e-01
-1.26e-01
-3.83e-01
-1.30e-01
-4.40e-01
-3.42e-01
6.97e-01
7.31e-01
8.76e-02
-1.98e-01
8.15e-01
-1.95e-01
5.10e-01
-7.29e-02
3.21e-01
-6.44e-01
1.53e-01
-1.32e-01
-6.05e-01
-2.62e-01
-2.39e-01
4.65e-01
-6.21e-01
-8.54e-03
-2.99e-01
8.05e-01
5.15e-01
2.65e-01
-1.30e-01
5.80e-01
-5.11e-01
5.60e-01
7.89e-02
-2.13e-01
-7.89e-02
8.16e-01
2.23e-01
-8.10e-01
1.30e-01
-8.16e-01
-1.80e-01
7.23e-01
1.66e-02
-3.55e-01
-3.80e-02
-3.75e-01
-5.54e-01
-6.06e-01
