-1.44e-02
-7.30e-01
-1.43e-01
-8.17e-01
-9.61e-01
-2.80e-01
-1.76e-01
-6.64e-01
9.13e-01
-6.00e-01
-9.38e-01
8.64e-01
-7.37e-01
-4.63e-01
6.81e-01
1.64e-01
-3.56e-01
8.92e-01
-5.79e-01
-7.30e-01
-3.49e-03
-2.89e-01
7.41e-01
1.50e-01
-8.11e-01
-3.47e-01
6.86e-01
-2.00e-01
6.91e-01
5.90e-02
4.31e-01
-1.48e-01
-8.14e-01
8.54e-01
-8.10e-01
8.99e-01
7.14e-01
7.83e-01
-2.22e-01
-3.05e-01
-6.90e-01
9.39e-01
5.10e-01
-5.96e-01
1.67e-01
1.50e-01
7.67e-01
6.46e-01
-2.29e-01
2.45e-01
8.18e-01
7.35e-01
-1.57e-01
1.90e-02
-8.87e-01
-7.71e-01
-2.23e-01
-1.45e-01
-3.33e-01
1.37e-01
2.44e-01
-7.15e-03
-8.64e-01
-2.41e-01
6.47e-01
7.80e-01
-3.96e-01
-5.24e-02
-4.50e-01
-2.10e-01
-7.89e-01
9.81e-01
-2.05e-01
4.19e-01
-9.99e-01
3.92e-01
-6.39e-01
-8.17e-01
-4.01e-01
5.84e-01
9.23e-01
-1.02e-01
3.37e-01
-4.62e-01
-1.23e-01
3.39e-01
6.11e-01
-1.45e-01
8.81e-01
-1.93e-01
-5.02e-02
4.29e-01
-6.89e-01
6.04e-01
-6.67e-01
-2.76e-01
-8.12e-01
7.53e-01
-2.27e-01
-6.06e-01
-6.57e-01
8.74e-01
9.79e-01
-4.91e-01
-3.48e-01
5.60e-01
-7.54e-01
9.25e-01
2.24e-02
-5.79e-01
-7.11e-01
1.72e-02
7.15e-02
4.69e-01
-4.18e-01
-1.40e-01
-5.34e-01
7.95e-02
-4.35e-01
-8.33e-01
-2.52e-01
-5.38e-01
9.85e-01
-1.49e-01
-9.27e-01
1.76e-01
2.00e-01
1.38e-01
-3.51e-01
4.64e-01
5.42e-01
-1.87e-01
-3.80e-01
-4.58e-01
-9.16e-01
8.08e-01
9.25e-01
-2.40e-01
3.71e-01
-6.52e-01
6.49e-01
9.41e-01
-2.86e-01
3.10e-01
7.73e-01
3.60e-01
7.21e-02
-9.49e-01
-1.22e-01
-8.06e-01
3.92e-01
-3.61e-01
3.80e-01
-8.59e-01
5.53e-01
-3.79e-01
-1.48e-01
8.29e-01
-6.60e-01
1.76e-01
7.23e-01
-7.54e-01
-2.71e-01
4.26e-01
-1.13e-01
-6.51e-01
6.69e-01
-6.44e-01
-1.94e-01
-6.59e-01
7.61e-01
-4.70e-01
3.26e-01
-7.98e-01
-5.63e-01
-1.55e-01
-1.76e-01
4.41e-01
5.47e-01
-1.57e-01
8.91e-01
1.43e-01
-7.91e-01
-3.16e-01
1.00e-01
-5.64e-01
-6.14e-01
6.18e-01
4.26e-01
-8.40e-01
8.07e-01
-3.59e-01
2.01e-01
-7.98e-02
-6.90e-01
-6.08e-01
-5.38e-02
-2.33e-01
-8.11e-02
-4.03e-01
7.53e-01
4.31e-01
-9.42e-01
6.56e-01
8.25e-01
7.36e-01
-7.54e-01
-5.52e-01
2.71e-01
6.17e-02
3.03e-02
-5.64e-01
4.71e-01
-8.64e-01
-5.58e-01
-8.18e-01
-6.74e-01
9.76e-02
3.75e-01
-8.84e-02
-5.56e-01
1.33e-02
-8.90e-01
5.75e-01
-9.24e-01
9.35e-01
6.26e-01
8.34e-01
-3.48e-01
8.64e-01
7.90e-01
5.36e-01
-8.63e-01
9.17e-01
3.75e-01
-8.38e-01
-9.06e-01
4.35e-01
-7.32e-01
-4.06e-01
-8.04e-01
-2.04e-01
1.43e-02
5.20e-01
7.95e-02
7.29e-01
-4.32e-01
1.31e-01
-3.08e-01
-9.49e-02
-2.92e-01
5.36e-01
7.41e-01
8.49e-01
9.20e-01
1.89e-01
6.66e-01
9.15e-01
-6.70e-02
8.03e-01
7.96e-01
3.08e-01
6.29e-01
7.16e-01
-7.69e-01
