-1.30e-01
-8.99e-01
6.77e-01
-6.21e-02
9.53e-01
9.61e-01
-4.57e-01
5.03e-01
1.33e-01
-3.98e-01
4.17e-01
-3.29e-01
2.30e-01
4.96e-01
-2.17e-01
3.67e-01
-3.48e-01
6.36e-01
-6.13e-01
2.19e-01
-9.92e-01
7.72e-01
-9.12e-01
-5.24e-01
1.83e-01
3.67e-01
-8.29e-01
2.09e-01
1.12e-01
8.30e-01
1.41e-01
3.91e-01
-4.61e-01
-1.30e-01
7.93e-02
-3.20e-01
4.36e-01
8.78e-01
4.20e-01
-7.49e-01
-3.52e-01
-6.29e-01
4.45e-02
8.81e-01
5.73e-01
1.43e-01
-4.05e-01
-9.97e-01
-2.86e-01
-2.47e-01
-5.09e-01
-6.97e-02
1.13e-01
7.74e-01
-6.13e-01
1.20e-01
-3.12e-01
9.89e-02
-8.93e-01
9.29e-01
9.14e-01
-3.95e-01
5.38e-01
7.09e-01
-6.52e-01
4.88e-01
5.92e-01
7.37e-01
9.43e-01
-4.55e-02
-4.85e-01
-7.35e-01
8.38e-01
-9.99e-01
5.89e-02
-3.48e-01
8.82e-01
2.72e-01
-3.50e-01
5.13e-01
4.37e-01
-6.11e-01
6.29e-01
-3.64e-01
-2.25e-01
4.82e-01
6.40e-01
-8.60e-02
2.40e-01
-7.90e-01
1.52e-01
-3.56e-01
6.37e-01
-1.82e-01
-8.67e-01
-4.66e-01
6.45e-01
4.16e-01
-1.80e-01
-8.11e-01
-7.89e-02
-7.54e-01
-8.62e-01
5.82e-01
4.34e-02
-6.21e-02
-6.23e-01
6.71e-01
4.38e-01
4.85e-01
6.37e-01
7.97e-01
-6.62e-01
8.91e-01
3.38e-01
5.24e-01
-9.66e-01
9.29e-01
-6.34e-01
-9.76e-01
-9.92e-01
3.27e-01
-8.35e-01
-6.82e-01
-2.53e-02
4.25e-01
1.27e-01
-8.47e-01
-5.15e-01
9.86e-01
7.31e-01
-7.81e-01
-2.78e-01
5.41e-01
8.51e-02
-7.99e-01
1.88e-01
5.76e-01
-9.70e-01
-7.14e-01
8.66e-01
8.26e-01
-9.56e-01
1.21e-01
-9.24e-01
4.69e-01
4.56e-01
8.73e-01
-6.99e-01
-8.79e-01
-4.53e-01
-3.14e-01
3.35e-01
6.53e-01
6.83e-01
-2.29e-01
-7.96e-02
3.62e-01
9.26e-01
-7.05e-01
-4.39e-02
9.84e-01
-1.65e-01
-7.74e-01
-8.65e-01
-9.00e-01
-6.01e-01
9.12e-01
-2.32e-01
7.41e-01
7.53e-01
8.02e-01
3.33e-01
6.32e-01
7.57e-01
1.48e-01
-7.97e-01
4.98e-01
2.10e-01
-3.00e-01
-4.01e-02
-9.88e-01
-6.42e-02
-7.72e-01
1.96e-01
-2.83e-01
-2.79e-01
-1.49e-01
-8.04e-01
-3.11e-01
5.74e-02
7.06e-02
-1.11e-01
6.04e-01
4.48e-01
-7.62e-01
-7.75e-01
-6.68e-01
3.35e-01
8.48e-01
-5.34e-01
-7.79e-01
-9.89e-01
6.16e-01
3.32e-02
3.59e-01
3.08e-01
-6.15e-01
7.28e-01
5.15e-01
-3.15e-01
-5.62e-01
-7.31e-01
7.64e-01
-9.21e-01
-9.32e-01
-3.39e-01
3.70e-01
-4.88e-01
3.65e-01
-2.61e-01
9.56e-01
1.17e-02
-4.94e-02
7.31e-01
8.76e-02
-1.98e-01
8.15e-01
-1.95e-01
5.10e-01
-7.29e-02
3.21e-01
-6.44e-01
1.53e-01
-1.32e-01
-6.05e-01
-2.62e-01
-2.39e-01
4.65e-01
-6.21e-01
-8.54e-03
-2.99e-01
8.05e-01
5.15e-01
2.65e-01
-1.30e-01
5.80e-01
-5.11e-01
5.60e-01
7.89e-02
-2.13e-01
-7.89e-02
8.16e-01
2.23e-01
-8.10e-01
1.30e-01
-8.16e-01
-1.80e-01
7.23e-01
1.66e-02
-3.55e-01
-3.80e-02
-3.75e-01
-5.54e-01
-6.06e-01
