5.99e-01
-3.64e-01
-5.39e-01
-8.69e-01
-1.42e-01
3.27e-01
-2.08e-02
-7.94e-01
-1.54e-01
-3.35e-01
-5.19e-01
-4.08e-01
-7.05e-01
-9.02e-01
-5.18e-01
-5.25e-01
-2.98e-01
-4.13e-01
7.85e-01
-5.26e-02
4.40e-01
4.37e-01
3.91e-01
9.21e-01
-1.10e-01
5.76e-01
8.14e-01
-5.08e-02
5.17e-01
-4.46e-01
-8.80e-01
-5.45e-01
-3.75e-01
8.43e-01
7.80e-01
-1.29e-01
9.41e-01
-2.36e-01
-2.51e-01
6.61e-01
7.65e-01
-9.67e-01
-9.25e-01
-6.99e-01
-4.88e-01
5.64e-01
-9.82e-01
6.18e-01
-9.17e-01
-6.32e-01
-5.12e-01
9.13e-01
3.68e-01
-9.60e-01
-1.58e-01
-7.78e-02
4.41e-01
-5.49e-01
4.98e-01
-4.98e-01
-9.96e-01
7.76e-01
4.82e-01
-7.49e-01
3.29e-01
4.50e-01
-8.45e-01
-7.34e-01
1.90e-01
3.72e-01
-6.86e-01
7.55e-02
8.14e-01
2.87e-01
-1.92e-01
1.55e-01
-9.48e-01
-3.56e-01
-5.16e-01
-8.80e-01
-9.30e-01
-9.51e-01
-6.91e-01
5.58e-01
6.38e-01
5.05e-01
1.44e-01
2.27e-01
-8.68e-01
-7.81e-01
7.84e-01
-1.83e-01
7.07e-01
8.36e-01
3.41e-01
-1.09e-01
7.28e-01
-2.00e-01
-3.54e-01
2.87e-01
-9.73e-01
6.49e-01
9.69e-01
-3.78e-02
2.94e-01
-2.59e-01
7.93e-03
-6.70e-01
3.39e-01
-2.44e-01
6.48e-01
8.91e-01
-2.22e-01
-8.32e-01
-7.49e-01
-2.48e-01
-7.87e-01
-6.09e-01
1.57e-01
-8.90e-01
9.41e-01
8.53e-01
9.50e-01
-5.24e-01
-4.25e-01
9.10e-01
8.31e-01
3.82e-01
6.81e-01
1.38e-01
4.20e-01
-9.58e-01
-4.61e-01
2.84e-02
5.23e-01
-9.37e-01
-5.40e-01
9.53e-01
-7.78e-01
1.03e-01
7.99e-01
-7.67e-01
6.97e-01
7.28e-01
2.13e-01
9.01e-01
6.53e-02
7.73e-01
-2.10e-02
5.36e-01
-3.50e-02
-4.28e-01
1.00e+00
-7.15e-01
-6.64e-01
-3.46e-01
3.20e-02
-3.24e-01
-3.59e-01
1.52e-01
-4.42e-01
7.75e-01
-9.25e-01
6.51e-01
3.00e-01
8.83e-01
2.37e-01
-1.28e-01
5.04e-01
-3.52e-01
9.11e-01
-7.83e-02
2.57e-01
1.57e-01
8.15e-01
-7.25e-01
7.33e-01
9.99e-01
-8.83e-01
-9.24e-01
5.22e-01
-4.78e-01
6.52e-01
-5.87e-01
-2.31e-01
6.14e-01
-4.69e-02
8.45e-01
1.28e-01
-1.26e-01
2.60e-01
6.22e-02
-5.10e-01
1.48e-01
-3.75e-01
1.18e-01
4.13e-01
-3.25e-01
-9.69e-04
2.60e-01
-8.64e-01
-5.52e-01
-3.39e-01
-8.10e-01
8.36e-01
7.19e-01
-6.53e-01
-2.27e-01
6.63e-01
-9.22e-01
-8.36e-01
5.17e-01
9.56e-01
1.24e-02
-7.24e-01
-7.77e-01
-8.08e-01
-7.81e-01
5.76e-01
9.03e-01
-5.97e-01
8.61e-01
-5.97e-01
5.67e-02
-6.39e-01
2.55e-01
-8.40e-01
4.18e-01
-3.30e-01
7.28e-01
3.47e-01
-9.88e-02
7.07e-01
4.90e-01
7.56e-01
7.47e-01
3.81e-01
-1.87e-01
-5.26e-01
-4.80e-01
-8.28e-01
-1.59e-01
6.03e-01
1.59e-01
7.12e-01
-9.59e-01
-9.31e-01
4.46e-01
2.49e-01
-8.22e-01
-6.26e-01
-8.91e-03
-7.36e-01
-5.51e-02
-2.55e-02
5.03e-01
2.73e-01
-1.07e-01
-5.43e-02
-6.75e-01
-1.35e-01
-9.44e-01
3.81e-01
9.65e-01
6.65e-01
