5.99e-01
-3.64e-01
-5.39e-01
-8.69e-01
-1.42e-01
3.27e-01
-2.08e-02
-7.94e-01
-1.54e-01
-3.35e-01
-5.19e-01
-4.08e-01
-7.05e-01
-9.02e-01
-5.18e-01
-5.25e-01
-2.98e-01
-4.13e-01
7.85e-01
-5.26e-02
4.40e-01
4.37e-01
3.91e-01
9.21e-01
-1.10e-01
5.76e-01
8.14e-01
-5.08e-02
5.17e-01
-4.46e-01
-8.80e-01
-5.45e-01
-3.75e-01
8.43e-01
7.80e-01
-1.29e-01
9.41e-01
-2.36e-01
-2.51e-01
6.61e-01
7.65e-01
-9.67e-01
-9.25e-01
-6.99e-01
-4.88e-01
5.64e-01
-9.82e-01
6.18e-01
-9.17e-01
-6.32e-01
-1.54e-01
3.08e-01
9.04e-02
-8.27e-02
5.23e-01
6.97e-01
3.67e-01
8.24e-02
9.28e-01
-6.47e-01
6.40e-01
-9.05e-01
-5.06e-01
8.51e-01
-7.46e-01
6.40e-01
8.09e-01
-8.88e-01
9.60e-01
2.64e-01
-1.69e-01
-7.83e-01
-5.79e-01
-9.39e-01
-1.87e-01
-7.13e-01
5.44e-02
7.58e-01
8.17e-01
8.54e-01
2.49e-01
-8.00e-01
3.05e-01
6.31e-01
-6.93e-01
-5.28e-01
2.30e-01
1.03e-01
-9.91e-02
-9.32e-01
9.67e-01
-3.11e-01
-3.02e-01
-6.98e-01
9.12e-01
1.60e-01
8.64e-01
9.54e-02
6.68e-01
-9.98e-01
-3.00e-01
9.77e-01
9.71e-02
-8.40e-01
8.22e-01
7.48e-01
-2.21e-01
7.23e-01
9.19e-01
-1.90e-01
5.45e-01
-8.86e-01
2.34e-01
-4.81e-01
3.47e-01
-2.98e-01
-2.59e-02
-2.86e-01
-7.28e-01
-3.58e-01
-1.79e-01
-2.57e-01
-2.03e-01
-8.28e-01
-8.11e-01
5.55e-01
-1.53e-01
1.18e-01
-2.20e-01
8.83e-01
-6.29e-01
-7.96e-01
3.27e-01
1.64e-01
5.23e-01
-9.37e-01
-5.40e-01
9.53e-01
-7.78e-01
1.03e-01
7.99e-01
-7.67e-01
6.97e-01
7.28e-01
2.13e-01
9.01e-01
6.53e-02
7.73e-01
-2.10e-02
5.36e-01
-3.50e-02
-4.28e-01
1.00e+00
-7.15e-01
-6.64e-01
-5.87e-01
3.20e-02
-3.24e-01
-3.59e-01
1.52e-01
-4.42e-01
7.75e-01
-9.25e-01
6.51e-01
-1.13e-01
5.49e-01
-5.67e-01
-9.16e-01
-7.00e-01
4.13e-01
-8.67e-01
9.79e-01
-1.10e-01
-1.00e-01
4.95e-01
7.57e-01
-1.62e-01
7.60e-01
8.13e-01
-5.10e-01
8.32e-01
1.26e-01
4.88e-01
8.56e-01
-1.45e-01
-3.38e-01
-7.88e-01
-6.03e-01
1.37e-01
2.00e-01
1.40e-01
-1.51e-01
-1.50e-01
3.95e-01
-8.31e-01
-5.35e-01
7.35e-01
5.97e-01
-8.06e-01
-1.11e-01
8.33e-02
-9.55e-01
-4.65e-01
-3.53e-01
-4.16e-01
8.00e-01
-3.30e-02
-6.25e-01
-8.31e-01
2.77e-01
-5.53e-01
-7.19e-01
4.07e-01
-8.65e-02
1.73e-01
4.15e-02
6.35e-01
-9.06e-01
1.92e-01
-8.36e-01
-7.44e-01
-2.84e-01
-7.19e-01
-1.28e-01
-3.45e-01
5.79e-01
3.82e-01
7.29e-01
-9.56e-01
2.15e-01
4.73e-01
-2.36e-02
7.07e-01
4.90e-01
7.56e-01
7.47e-01
3.81e-01
-1.87e-01
-5.26e-01
-4.80e-01
-8.28e-01
-1.59e-01
6.03e-01
1.59e-01
7.12e-01
-9.59e-01
-9.31e-01
4.46e-01
-4.49e-02
-8.22e-01
-6.26e-01
-8.91e-03
-7.36e-01
-5.51e-02
-2.55e-02
5.03e-01
2.73e-01
-1.07e-01
-5.43e-02
-6.75e-01
-1.35e-01
-8.86e-01
3.81e-01
9.65e-01
6.65e-01
