9.59e-01
5.90e-01
3.95e-02
5.03e-01
8.82e-01
2.72e-01
2.29e-01
9.72e-01
-6.15e-01
4.17e-01
9.69e-01
-6.54e-02
1.30e-01
-6.91e-01
4.96e-01
4.41e-01
-7.46e-01
-9.74e-01
3.16e-01
-7.93e-01
-9.65e-01
-1.90e-02
-8.90e-01
-2.12e-02
9.74e-01
5.04e-01
3.46e-01
7.66e-01
-1.90e-01
-2.46e-01
9.49e-01
-8.78e-01
-7.48e-01
8.01e-01
-6.13e-01
8.79e-01
-2.18e-01
-1.74e-01
4.01e-01
-2.68e-01
-6.19e-01
-8.46e-01
-6.11e-01
2.13e-01
4.22e-01
1.78e-01
5.78e-01
-1.82e-01
4.42e-01
-4.24e-01
-1.72e-01
-3.55e-01
3.82e-01
-1.19e-01
-3.94e-01
3.45e-01
-7.71e-01
3.90e-01
4.08e-01
4.27e-01
8.72e-01
-7.73e-01
-6.77e-01
-3.10e-01
-7.87e-01
-8.06e-01
-5.43e-01
9.81e-01
3.79e-01
-6.29e-01
6.48e-01
-6.73e-01
-7.21e-01
9.18e-01
1.37e-01
-7.69e-01
-2.71e-01
9.27e-01
6.30e-01
7.64e-01
7.25e-02
-3.39e-01
5.79e-01
-2.73e-01
-1.44e-01
3.57e-01
5.22e-01
-4.11e-01
5.61e-01
-5.25e-01
8.84e-01
-2.97e-01
7.19e-01
4.52e-01
9.45e-01
6.39e-01
-6.59e-01
1.17e-01
5.63e-02
1.81e-01
9.53e-01
-3.00e-01
-1.36e-01
7.66e-01
-7.83e-01
4.11e-01
5.48e-01
8.69e-01
-3.20e-01
-2.24e-01
9.01e-01
8.98e-01
-8.09e-01
8.01e-01
-9.33e-01
9.98e-01
-4.52e-01
9.52e-01
1.84e-01
-1.93e-01
-7.00e-01
-2.32e-01
-5.87e-01
-7.77e-01
-5.29e-01
-1.55e-01
-2.87e-01
3.06e-01
-2.20e-01
8.44e-01
-5.32e-01
5.69e-01
4.05e-01
6.86e-01
1.88e-01
9.64e-01
-6.21e-01
2.81e-01
-8.11e-01
-3.08e-01
6.66e-01
4.22e-01
6.78e-02
-1.64e-01
7.33e-01
8.00e-01
-1.98e-01
-9.11e-01
4.36e-01
1.75e-01
6.91e-01
-3.34e-01
5.67e-01
7.04e-01
-4.95e-01
-8.02e-02
8.47e-01
-5.13e-01
-2.89e-01
6.42e-02
-3.62e-01
6.86e-01
-9.36e-01
-7.48e-01
1.31e-01
-5.94e-01
-1.51e-01
-5.83e-01
-9.34e-01
-4.08e-01
-7.05e-01
-4.05e-01
-1.10e-01
-1.00e-01
4.95e-01
7.57e-01
-7.41e-01
7.60e-01
8.13e-01
-5.10e-01
8.32e-01
1.26e-01
4.88e-01
8.56e-01
-1.45e-01
5.85e-01
-7.88e-01
-6.03e-01
1.37e-01
2.00e-01
1.40e-01
-1.51e-01
-1.50e-01
3.95e-01
7.29e-01
-5.35e-01
7.35e-01
5.97e-01
-8.06e-01
-1.11e-01
8.33e-02
-9.55e-01
-4.65e-01
-3.53e-01
-4.16e-01
8.00e-01
-3.30e-02
-6.25e-01
-8.31e-01
2.77e-01
-8.32e-01
3.29e-01
7.41e-01
4.14e-01
-9.64e-01
-9.07e-01
8.43e-01
-2.31e-01
-8.03e-01
3.97e-01
-6.61e-01
-4.85e-01
-1.89e-01
2.02e-02
-6.14e-01
-8.13e-01
-7.64e-01
-6.09e-01
-8.79e-01
5.36e-02
-9.32e-01
-7.55e-01
-1.19e-01
1.56e-01
-7.22e-01
-2.13e-01
4.47e-01
-5.47e-01
2.45e-01
6.66e-01
-7.39e-01
-6.49e-01
1.96e-01
4.66e-01
1.68e-01
-9.21e-01
-1.95e-01
-4.57e-01
5.06e-01
3.64e-01
6.63e-01
-3.94e-01
-7.88e-01
5.19e-01
4.39e-01
8.47e-01
6.04e-01
7.10e-01
-4.56e-01
-1.17e-01
-8.14e-01
-3.27e-01
6.56e-01
1.58e-01
-1.78e-01
