-8.21e-01
8.33e-01
-4.44e-01
6.70e-01
-8.35e-02
-6.11e-01
-9.20e-01
-9.96e-01
5.56e-01
-3.42e-01
-8.39e-01
4.47e-01
6.25e-01
1.48e-01
3.05e-01
9.50e-01
-8.40e-01
8.46e-01
4.99e-01
-1.50e-01
-7.23e-01
-4.75e-01
-9.41e-01
-8.07e-01
-8.35e-01
-5.18e-01
8.37e-01
-6.05e-01
7.12e-01
-4.12e-01
-5.40e-02
-6.38e-01
-3.75e-01
8.43e-01
7.80e-01
-1.29e-01
9.41e-01
-2.36e-01
-2.51e-01
6.61e-01
7.65e-01
-9.67e-01
-9.25e-01
-6.99e-01
-4.88e-01
5.64e-01
-9.82e-01
6.18e-01
-9.17e-01
-6.32e-01
-5.21e-01
-3.67e-01
3.68e-01
-9.60e-01
-1.58e-01
-7.78e-02
4.41e-01
-5.49e-01
4.98e-01
-4.98e-01
-9.96e-01
7.76e-01
4.82e-01
-7.49e-01
3.29e-01
4.50e-01
-8.45e-01
-7.34e-01
1.90e-01
3.72e-01
5.15e-01
1.79e-01
-2.40e-01
-2.31e-01
-4.29e-01
7.73e-01
-4.09e-01
-3.11e-01
-9.96e-01
-7.35e-02
2.76e-01
-7.21e-01
6.66e-02
-4.37e-01
-5.32e-01
-3.44e-01
9.79e-01
1.60e-02
5.67e-01
3.85e-01
-3.02e-01
-1.89e-01
7.60e-01
7.17e-02
-9.10e-01
-6.56e-03
2.73e-01
-6.14e-01
-7.50e-02
-7.22e-01
-2.15e-01
1.71e-01
9.71e-02
-8.40e-01
8.22e-01
7.48e-01
-2.21e-01
7.23e-01
9.19e-01
-1.90e-01
-3.00e-01
-8.86e-01
2.34e-01
-4.81e-01
3.47e-01
-2.98e-01
-2.59e-02
-2.86e-01
-7.28e-01
-3.58e-01
-1.79e-01
-2.57e-01
-2.03e-01
-8.28e-01
-8.11e-01
5.55e-01
-1.53e-01
1.18e-01
-2.20e-01
8.83e-01
-6.29e-01
-7.96e-01
3.27e-01
1.64e-01
-7.90e-01
-5.23e-01
-9.63e-01
-7.30e-01
7.23e-01
5.27e-01
5.50e-01
4.77e-01
-5.68e-01
-2.40e-01
3.28e-01
9.07e-01
8.65e-01
9.32e-01
3.78e-01
2.98e-01
-2.22e-01
-9.88e-01
-4.58e-01
-8.19e-01
1.11e-02
7.79e-01
-2.46e-01
-5.97e-01
-4.58e-01
-7.62e-04
8.06e-01
-1.23e-01
6.08e-01
5.83e-02
-4.20e-01
8.54e-01
-1.90e-01
-5.78e-01
3.35e-01
-4.12e-02
2.49e-01
-6.11e-01
1.20e-01
1.53e-01
-1.23e-01
-8.69e-01
-8.70e-01
5.69e-01
-5.78e-01
6.42e-01
-5.93e-01
2.53e-01
6.78e-01
-8.80e-01
8.33e-01
-6.71e-01
4.24e-01
-3.56e-01
-1.72e-01
1.73e-01
-1.45e-01
-6.03e-01
3.94e-01
-9.25e-01
2.11e-01
-6.43e-01
1.74e-01
1.08e-01
-5.54e-01
-4.57e-01
-1.87e-01
-4.39e-01
9.31e-01
5.18e-01
1.17e-01
-3.52e-01
-1.97e-01
-5.12e-01
-7.42e-01
9.20e-02
1.66e-01
3.65e-01
9.56e-01
1.24e-02
-7.24e-01
-7.77e-01
-8.08e-01
-7.81e-01
5.76e-01
9.03e-01
-5.97e-01
8.61e-01
-5.97e-01
5.67e-02
-6.39e-01
2.55e-01
-8.40e-01
4.18e-01
-3.30e-01
7.28e-01
3.47e-01
-9.88e-02
7.07e-01
4.90e-01
7.56e-01
7.47e-01
3.81e-01
-1.87e-01
-5.26e-01
-4.80e-01
-8.28e-01
-1.59e-01
6.03e-01
1.59e-01
7.12e-01
-9.59e-01
-9.31e-01
4.46e-01
2.49e-01
-8.22e-01
-6.26e-01
-8.91e-03
-7.36e-01
-5.51e-02
-2.55e-02
5.03e-01
2.73e-01
-1.07e-01
-5.43e-02
-6.75e-01
-1.35e-01
-9.44e-01
3.81e-01
9.65e-01
6.65e-01
