9.01e-01
-8.58e-01
-2.47e-01
-7.79e-01
-9.68e-01
5.78e-01
-1.36e-01
-8.21e-01
-1.00e-01
-4.71e-01
9.31e-01
-2.69e-01
4.25e-01
6.91e-02
-8.70e-01
8.95e-01
-1.21e-01
4.01e-01
-7.78e-01
-4.09e-01
9.64e-01
-2.92e-01
-2.19e-02
9.52e-01
-9.25e-02
-1.45e-01
-9.69e-01
-6.05e-01
7.12e-01
-4.12e-01
-9.97e-01
-7.18e-01
-9.24e-02
-5.60e-02
-6.33e-02
-1.36e-01
4.56e-01
3.39e-01
-6.91e-01
9.57e-01
9.50e-02
5.18e-01
-1.07e-01
-4.91e-01
-7.01e-01
-5.59e-02
4.75e-02
-5.72e-01
-5.84e-01
7.90e-01
-9.25e-01
-3.67e-01
3.68e-01
-9.60e-01
-1.58e-01
-7.78e-02
4.41e-01
-5.49e-01
4.98e-01
-4.98e-01
-9.96e-01
7.76e-01
4.82e-01
-7.49e-01
3.29e-01
4.50e-01
-8.45e-01
-7.34e-01
1.90e-01
3.72e-01
5.15e-01
1.79e-01
-2.40e-01
-2.31e-01
-4.29e-01
7.73e-01
-4.09e-01
-3.11e-01
-9.96e-01
-7.35e-02
2.76e-01
-7.21e-01
6.66e-02
-4.37e-01
-5.32e-01
-3.44e-01
9.79e-01
-6.62e-01
-9.59e-01
5.65e-02
3.62e-01
9.47e-02
-1.93e-01
-9.97e-01
9.12e-01
1.60e-01
8.64e-01
9.54e-02
6.68e-01
-9.98e-01
-9.03e-01
4.93e-01
4.80e-01
-4.41e-01
-2.85e-01
-2.04e-01
-3.53e-01
-2.37e-01
9.32e-01
-6.84e-01
-1.37e-01
-4.74e-01
8.45e-01
3.82e-01
-7.08e-01
-3.71e-01
2.59e-01
-2.86e-01
-7.28e-01
-3.58e-01
-1.79e-01
-2.57e-01
-2.03e-01
-8.28e-01
-8.11e-01
5.55e-01
-1.53e-01
1.18e-01
-2.20e-01
8.83e-01
-6.29e-01
-7.96e-01
3.27e-01
1.64e-01
-7.90e-01
6.89e-02
-1.82e-01
-9.52e-02
1.89e-01
3.52e-02
4.67e-02
-7.60e-01
7.26e-01
-2.39e-01
8.68e-01
6.20e-01
4.92e-03
8.87e-01
6.49e-01
1.72e-01
1.34e-01
-3.62e-01
-4.42e-01
3.49e-01
-9.90e-02
-8.29e-01
1.64e-01
4.40e-01
5.84e-01
-5.21e-01
4.12e-01
5.70e-01
3.08e-01
6.31e-01
-7.98e-01
9.80e-01
9.68e-01
1.49e-01
5.08e-01
4.34e-02
2.12e-01
6.30e-01
7.70e-01
-8.92e-01
7.85e-01
7.98e-01
-9.50e-01
-1.54e-01
3.13e-02
-8.67e-01
9.42e-01
3.76e-01
-6.39e-01
-2.88e-02
-4.13e-01
-5.93e-01
8.01e-01
-5.55e-01
2.43e-01
9.93e-01
7.33e-01
3.66e-01
-2.30e-01
-7.89e-01
-7.24e-01
7.35e-01
5.44e-04
-7.38e-01
7.69e-01
5.69e-01
-8.64e-01
-5.52e-01
-3.39e-01
-8.10e-01
8.36e-01
7.19e-01
-6.53e-01
-2.27e-01
6.63e-01
-9.22e-01
-8.36e-01
5.17e-01
9.56e-01
1.24e-02
-7.24e-01
-7.77e-01
-8.08e-01
-7.81e-01
5.76e-01
9.03e-01
-5.97e-01
8.61e-01
-5.97e-01
5.67e-02
-6.39e-01
2.55e-01
-8.40e-01
4.18e-01
-3.30e-01
7.28e-01
3.47e-01
-9.88e-02
7.07e-01
4.90e-01
7.56e-01
7.47e-01
3.81e-01
-1.87e-01
-5.26e-01
-4.80e-01
-8.28e-01
-1.59e-01
6.03e-01
1.59e-01
7.12e-01
-9.59e-01
-9.31e-01
4.46e-01
2.49e-01
-8.22e-01
-6.26e-01
-8.91e-03
-7.36e-01
-5.51e-02
-2.55e-02
5.03e-01
2.73e-01
-1.07e-01
-5.43e-02
-6.75e-01
-1.35e-01
-9.44e-01
3.81e-01
9.65e-01
6.65e-01
