3.99e-01
6.23e-01
-9.46e-01
6.61e-01
-3.23e-01
3.02e-01
-2.39e-01
-6.86e-01
-5.62e-01
8.50e-02
4.07e-01
4.60e-02
7.84e-01
-5.03e-01
3.64e-01
6.96e-01
9.49e-01
-2.24e-01
8.73e-01
5.07e-01
4.95e-01
-9.26e-01
9.88e-01
6.64e-01
8.75e-01
-9.31e-01
3.11e-01
6.17e-01
4.19e-01
-2.73e-01
-6.56e-01
-5.59e-01
3.03e-01
1.33e-01
-1.87e-01
9.36e-02
-5.43e-01
2.39e-01
3.12e-01
-7.07e-01
-5.90e-01
-2.01e-01
5.26e-01
-4.84e-02
7.50e-01
7.53e-01
-3.87e-01
9.87e-01
-6.20e-01
-1.14e-02
2.20e-01
6.83e-01
1.92e-01
-3.02e-02
1.49e-01
6.25e-01
4.05e-01
9.28e-01
-6.25e-01
3.25e-01
-3.81e-01
-5.20e-01
6.84e-01
2.83e-01
7.44e-02
-4.41e-01
-4.95e-01
9.89e-01
-4.78e-01
-9.18e-01
3.62e-01
-3.47e-01
-4.14e-01
-6.93e-01
-3.11e-01
9.63e-01
-5.77e-01
9.34e-01
-2.29e-01
-1.74e-01
5.95e-01
6.07e-02
5.89e-01
-7.88e-01
-7.11e-01
-6.25e-03
-2.53e-01
7.17e-01
-8.44e-01
1.89e-01
-6.57e-01
-2.03e-01
-2.05e-01
8.86e-01
-6.09e-01
4.96e-01
9.44e-01
9.93e-01
-7.99e-02
3.46e-01
-8.98e-01
-8.13e-01
5.71e-02
-5.42e-02
6.32e-01
-7.47e-01
-8.19e-01
-6.86e-01
3.52e-01
2.92e-01
4.91e-01
-6.41e-01
1.81e-02
-4.61e-02
-8.55e-01
-5.76e-01
1.15e-01
-1.02e-01
-6.22e-01
1.43e-01
-9.36e-01
3.67e-02
-3.47e-01
-7.96e-01
5.97e-01
-2.40e-01
-4.15e-01
-3.09e-01
-3.77e-01
-3.36e-01
-2.63e-01
-4.16e-01
-1.73e-01
-8.73e-01
-3.41e-01
6.00e-01
-3.49e-01
7.39e-01
-1.75e-01
2.02e-01
-1.97e-01
5.16e-01
-9.81e-01
1.48e-01
-1.26e-01
-5.79e-01
2.44e-01
-5.54e-01
-1.40e-01
3.18e-01
-8.29e-01
-5.79e-01
-7.90e-01
-2.97e-01
4.29e-01
-4.16e-01
3.61e-01
5.31e-01
-2.35e-01
-9.90e-01
-9.74e-01
8.05e-01
-9.43e-01
-2.66e-01
-4.41e-01
3.69e-01
-6.86e-01
9.32e-01
6.10e-01
3.80e-01
-5.42e-01
-5.94e-01
-3.91e-01
-9.40e-02
6.06e-01
5.78e-01
-6.99e-01
3.94e-01
1.63e-01
-9.70e-01
-6.67e-01
-2.57e-01
-5.63e-01
-1.56e-01
-7.32e-01
3.52e-01
-1.14e-01
-4.94e-01
1.75e-01
-7.86e-01
2.88e-01
-1.54e-01
6.26e-02
-5.14e-01
-5.29e-01
2.96e-02
-4.15e-01
5.58e-01
-7.46e-01
-5.83e-01
7.94e-01
2.45e-01
4.48e-01
-3.40e-01
2.54e-01
-1.77e-01
-4.90e-01
6.33e-02
-4.64e-01
2.69e-01
-5.28e-01
-7.31e-01
7.58e-01
-5.94e-01
7.15e-01
1.99e-02
-2.29e-01
8.65e-02
-7.88e-02
4.45e-01
-7.32e-01
3.06e-01
-8.88e-01
3.67e-01
3.43e-01
-7.28e-01
-9.76e-01
2.25e-01
3.86e-01
2.02e-01
-1.49e-01
-5.80e-01
-8.37e-02
7.94e-01
5.56e-01
4.85e-02
8.87e-01
-4.59e-01
3.04e-01
8.52e-01
-5.30e-01
-6.14e-01
-5.42e-01
6.07e-01
-7.69e-01
6.32e-01
6.76e-01
-4.26e-01
4.61e-01
5.26e-01
-7.74e-01
-1.49e-01
7.29e-01
1.80e-01
-8.10e-01
6.85e-01
8.51e-01
4.39e-01
2.98e-01
-7.23e-01
-2.03e-01
8.83e-01
1.74e-01
6.34e-02
-4.44e-01
