4.90e-01
2.00e-01
-7.82e-01
3.81e-01
1.00e+00
-7.69e-01
2.85e-01
-9.73e-01
-8.35e-01
-5.43e-01
5.68e-01
-9.60e-01
2.36e-01
-4.39e-01
5.92e-01
5.21e-01
3.63e-01
-1.31e-01
6.91e-01
-6.89e-01
-7.39e-02
2.80e-01
6.04e-01
1.21e-01
1.39e-01
7.31e-01
-6.93e-01
6.42e-01
-7.53e-01
-3.09e-01
-9.13e-01
-4.91e-01
-5.23e-01
5.96e-01
-3.64e-01
7.23e-01
-7.84e-01
-7.33e-02
8.37e-01
-9.07e-01
9.79e-01
7.05e-01
-5.35e-01
1.54e-01
-9.74e-01
-8.15e-01
4.83e-01
5.54e-01
-5.89e-01
3.86e-01
-6.61e-01
-8.03e-01
-5.02e-01
6.05e-01
-3.55e-01
-4.15e-01
-5.73e-01
2.76e-01
2.30e-01
-3.74e-01
4.33e-01
-5.53e-01
-1.36e-01
1.63e-01
4.12e-01
9.77e-01
7.01e-01
-1.85e-01
3.01e-01
-6.73e-01
-2.29e-01
7.65e-01
2.72e-01
4.83e-01
6.07e-02
3.67e-01
7.75e-01
3.70e-01
-6.07e-01
-5.94e-01
9.75e-01
6.31e-01
-4.14e-04
4.10e-01
5.60e-01
5.85e-01
-2.16e-01
-1.31e-01
-7.96e-01
9.22e-01
1.96e-01
7.33e-01
3.36e-04
4.91e-01
-1.84e-02
9.81e-01
3.95e-04
7.23e-01
-7.86e-01
3.17e-01
-8.75e-01
-8.64e-01
4.21e-01
8.75e-01
9.75e-02
-5.06e-01
-8.34e-01
-2.20e-01
1.55e-01
-9.27e-01
5.59e-01
5.02e-02
-9.54e-03
2.63e-01
4.78e-01
7.42e-01
7.93e-01
-8.03e-01
7.05e-01
7.68e-01
7.68e-01
3.97e-01
1.15e-01
-2.50e-01
6.15e-01
-7.97e-01
6.02e-01
-9.81e-02
4.42e-02
2.47e-01
5.42e-02
4.36e-01
9.08e-01
-7.53e-01
-9.95e-01
3.84e-01
8.74e-01
9.75e-01
-1.33e-01
-2.57e-01
7.21e-01
7.17e-01
2.54e-01
-8.16e-01
-1.86e-01
6.81e-02
6.33e-02
-3.69e-01
7.17e-01
-6.56e-01
-6.43e-01
1.88e-01
-3.07e-01
7.89e-01
7.26e-01
-9.25e-01
-3.37e-01
9.43e-01
9.91e-01
-2.77e-01
1.07e-01
2.09e-02
-3.22e-01
6.26e-01
9.08e-01
1.44e-01
-7.96e-01
-6.13e-01
4.84e-01
4.55e-01
-4.04e-01
-9.29e-01
8.37e-01
-4.50e-02
-5.18e-01
-4.20e-01
-5.66e-01
4.96e-01
1.80e-01
8.13e-01
7.05e-01
8.62e-01
8.10e-01
-6.11e-01
5.47e-01
8.35e-01
5.52e-01
3.62e-01
-2.02e-01
-3.81e-02
4.86e-01
4.51e-01
3.08e-01
8.41e-01
3.42e-01
7.70e-01
7.15e-02
-9.67e-01
-5.13e-01
4.35e-01
3.94e-01
3.27e-02
-9.36e-01
5.09e-02
-7.32e-01
5.94e-01
9.01e-01
-5.18e-02
-8.65e-01
3.26e-01
8.67e-01
-7.80e-01
-8.83e-01
-6.01e-01
-5.12e-01
-4.94e-01
-6.45e-01
1.72e-01
6.86e-01
2.24e-01
-2.79e-01
-4.88e-01
5.72e-01
9.14e-01
1.70e-01
-2.21e-01
4.80e-02
-9.42e-02
-7.19e-01
8.51e-01
-3.92e-01
-8.14e-01
3.69e-01
-9.26e-01
-7.19e-01
9.85e-01
6.98e-01
9.61e-01
1.85e-01
-1.93e-01
-5.87e-01
3.35e-01
-4.15e-01
6.74e-01
2.51e-01
-3.64e-02
6.04e-02
-9.74e-01
9.89e-03
-4.68e-01
-1.64e-01
-9.26e-01
9.96e-01
-2.03e-01
6.88e-01
2.68e-01
9.87e-01
-4.23e-01
-3.32e-02
9.30e-01
-8.99e-01
6.81e-01
7.57e-01
9.09e-01
2.75e-01
