-7.82e-01
-3.48e-01
-1.07e-01
-6.31e-01
-1.89e-01
6.09e-01
-3.34e-01
6.71e-01
-4.79e-01
-1.03e-01
3.28e-01
-8.78e-01
4.09e-01
1.92e-01
4.12e-01
-8.99e-01
9.68e-01
-3.48e-01
-2.07e-01
-9.99e-01
-8.81e-01
-3.79e-01
3.65e-01
-7.15e-01
-9.14e-01
-6.94e-01
8.61e-02
4.98e-02
-2.92e-01
-4.84e-01
5.47e-01
-3.45e-01
4.30e-01
-6.09e-01
2.13e-02
-6.74e-01
-8.61e-01
-6.62e-01
-6.74e-01
2.30e-01
-3.82e-01
-3.34e-01
2.64e-01
8.79e-01
-1.94e-01
6.35e-01
-5.23e-01
3.06e-01
-5.00e-01
8.19e-02
-1.10e-01
7.67e-01
4.44e-01
-4.12e-01
-9.53e-01
2.56e-01
3.00e-01
-6.60e-01
-5.25e-03
-4.06e-01
2.44e-01
3.79e-01
-8.58e-01
-7.41e-01
-7.45e-02
2.49e-01
5.01e-01
1.02e-01
1.27e-01
9.29e-01
-9.24e-01
-3.79e-01
-4.05e-01
4.25e-01
-5.71e-01
9.16e-01
-7.99e-01
-1.99e-01
8.35e-01
-1.40e-02
5.27e-01
9.63e-01
-7.00e-01
4.38e-01
2.09e-01
-6.82e-02
3.94e-01
-5.18e-01
1.57e-01
-9.04e-03
-5.06e-01
-6.68e-02
-7.36e-01
-7.90e-02
-4.36e-01
4.68e-01
-3.21e-01
6.80e-01
-6.65e-01
-7.64e-01
-1.57e-01
4.21e-01
2.75e-01
4.82e-01
-5.14e-01
-4.33e-01
2.09e-01
8.19e-01
1.99e-01
2.90e-01
7.20e-01
1.45e-01
-1.67e-01
1.84e-01
-9.76e-01
1.88e-01
4.41e-01
5.88e-01
8.21e-01
3.74e-01
6.90e-01
-9.62e-02
2.05e-01
-3.84e-02
7.73e-01
3.48e-01
4.21e-01
1.72e-01
-5.15e-01
4.24e-01
3.44e-01
-1.29e-02
8.93e-01
-2.05e-01
1.42e-01
8.01e-01
-5.67e-01
-2.99e-01
-8.71e-01
-3.42e-01
-7.39e-01
-8.29e-01
-4.63e-01
-4.52e-01
9.36e-02
-7.44e-02
1.03e-01
-3.06e-01
-7.48e-01
-6.72e-01
4.49e-01
-7.85e-01
4.00e-01
3.57e-01
-9.97e-01
-1.76e-01
6.34e-01
-9.62e-01
7.17e-01
-8.15e-01
-8.76e-01
-2.68e-01
-9.76e-02
8.98e-01
8.70e-01
-2.78e-01
-5.45e-01
9.32e-01
6.10e-01
3.80e-01
-1.92e-01
-5.94e-01
-3.91e-01
-9.40e-02
6.06e-01
5.78e-01
-6.99e-01
3.94e-01
1.63e-01
-9.70e-01
-6.67e-01
-2.57e-01
-5.63e-01
-1.56e-01
-7.32e-01
3.52e-01
-1.14e-01
-4.94e-01
1.75e-01
-7.86e-01
2.88e-01
-1.54e-01
6.26e-02
-5.14e-01
-5.29e-01
2.96e-02
-4.15e-01
5.58e-01
-7.46e-01
-5.83e-01
7.94e-01
2.45e-01
4.48e-01
-3.40e-01
2.54e-01
-1.77e-01
-4.90e-01
6.33e-02
-4.64e-01
2.69e-01
-5.28e-01
-7.31e-01
7.58e-01
-5.94e-01
7.15e-01
1.99e-02
-2.29e-01
8.65e-02
-7.88e-02
4.45e-01
-7.32e-01
3.06e-01
-8.88e-01
3.67e-01
3.43e-01
3.03e-01
-9.76e-01
8.73e-01
3.86e-01
2.02e-01
-1.49e-01
-5.80e-01
-8.37e-02
7.94e-01
5.56e-01
4.85e-02
8.87e-01
-4.59e-01
3.04e-01
8.52e-01
-5.30e-01
-6.14e-01
-5.42e-01
6.07e-01
-7.69e-01
6.32e-01
6.76e-01
-4.26e-01
4.61e-01
5.26e-01
-7.74e-01
-1.49e-01
7.29e-01
1.80e-01
-8.10e-01
6.85e-01
8.51e-01
4.39e-01
2.98e-01
-7.23e-01
-2.03e-01
8.83e-01
1.74e-01
6.34e-02
-4.44e-01
