2.92e-01
-4.25e-01
-5.71e-01
-5.63e-01
4.46e-01
1.54e-02
-1.82e-01
-5.52e-01
-4.36e-01
1.98e-01
9.66e-01
9.64e-01
-8.54e-02
-9.77e-01
-5.17e-01
-8.78e-01
8.70e-01
7.77e-01
-2.62e-01
2.16e-01
7.41e-01
8.99e-01
-7.51e-01
-2.25e-01
3.42e-02
1.95e-02
9.15e-01
-1.27e-01
-8.39e-01
-4.74e-01
8.50e-01
3.33e-01
-4.29e-01
-3.65e-01
3.61e-01
1.19e-01
9.13e-01
3.71e-01
-6.44e-01
4.42e-01
8.59e-01
8.15e-01
3.26e-01
-6.07e-02
6.03e-01
1.54e-01
-7.21e-01
4.51e-01
4.47e-02
3.08e-01
-4.73e-01
4.63e-01
-5.77e-01
-2.12e-01
7.55e-01
7.37e-01
1.89e-01
6.53e-01
4.66e-01
4.26e-01
-5.44e-01
7.00e-01
-5.22e-01
8.66e-01
6.92e-01
7.04e-01
-1.25e-01
-3.09e-01
6.45e-01
-2.15e-01
-6.47e-01
-6.27e-01
-3.41e-02
1.52e-01
-4.21e-01
-8.31e-01
-2.93e-01
-8.03e-01
-9.63e-01
8.98e-02
1.21e-01
-9.38e-01
3.10e-01
3.50e-01
-3.63e-01
9.59e-01
7.51e-01
2.99e-02
2.49e-01
-3.23e-01
5.67e-02
-7.39e-01
-7.77e-01
9.84e-01
9.68e-01
-4.68e-01
3.02e-01
9.73e-01
3.28e-01
3.55e-01
-3.80e-01
4.61e-01
-1.09e-01
-6.05e-01
-8.27e-01
-1.69e-01
2.19e-01
6.40e-01
-9.56e-02
2.21e-01
8.18e-01
7.35e-01
3.90e-01
-8.87e-02
8.01e-01
9.68e-01
9.89e-01
-9.67e-01
-1.73e-01
1.87e-02
-8.71e-01
-2.15e-01
3.65e-01
2.23e-01
2.05e-01
-8.01e-02
-4.08e-01
-6.11e-02
9.29e-01
-3.98e-01
2.93e-01
-7.18e-01
-7.23e-01
-7.85e-01
-9.05e-01
-5.31e-01
2.15e-02
-7.79e-01
3.70e-01
-9.18e-01
8.53e-01
-7.41e-02
2.11e-01
-9.91e-02
4.17e-01
-5.74e-01
6.91e-01
8.67e-01
-8.06e-01
-8.12e-01
-2.52e-01
9.31e-01
-2.72e-03
7.87e-01
-9.99e-01
2.51e-01
7.91e-01
-2.01e-01
7.33e-01
-3.95e-01
-1.00e-01
7.60e-01
1.39e-01
-1.40e-01
-7.91e-01
-8.63e-01
-3.97e-01
6.03e-01
-1.06e-01
-4.79e-01
-4.80e-01
-3.17e-01
-5.11e-02
8.66e-01
2.97e-01
-5.34e-01
-5.61e-01
-9.45e-01
-9.33e-01
7.93e-01
6.55e-01
-9.69e-01
-2.65e-01
-3.84e-01
3.77e-02
2.94e-01
-4.96e-01
-8.92e-01
-2.15e-01
6.89e-01
-9.58e-01
-4.93e-01
7.28e-01
-1.26e-01
-6.40e-01
2.74e-01
-2.56e-01
-7.43e-01
-8.04e-01
6.91e-01
-6.39e-01
6.85e-01
1.30e-01
6.68e-01
-1.11e-02
-7.40e-01
-9.59e-01
-2.84e-01
1.42e-01
9.56e-02
-2.17e-01
-6.31e-01
1.39e-01
1.63e-01
4.87e-01
-2.87e-02
6.04e-02
1.21e-01
2.14e-02
4.89e-01
-9.76e-01
9.78e-01
4.47e-01
3.08e-01
-5.64e-01
-9.11e-01
-5.98e-01
-9.13e-02
-4.50e-01
1.36e-01
2.37e-01
-3.63e-01
-7.56e-01
-2.53e-01
4.57e-01
-3.57e-01
1.66e-01
5.32e-01
6.08e-01
3.35e-01
-4.35e-01
-8.88e-01
4.21e-01
3.91e-01
-3.61e-01
-5.13e-01
5.05e-01
-2.73e-01
4.61e-01
9.38e-01
-7.20e-01
-6.94e-01
7.56e-01
-4.00e-01
1.01e-01
-1.28e-01
3.06e-01
-5.81e-01
-8.38e-01
7.83e-01
7.32e-01
-3.19e-01
6.76e-01
1.90e-02
8.89e-01
