7.20e-01
-4.02e-01
-2.68e-01
-5.45e-01
-8.19e-01
-4.91e-02
1.31e-02
-6.82e-01
4.59e-01
2.51e-01
2.54e-01
-2.16e-01
-8.70e-01
7.57e-01
6.62e-01
1.17e-01
8.62e-01
4.72e-02
6.38e-01
2.16e-01
7.41e-01
8.99e-01
-7.51e-01
-2.25e-01
3.42e-02
1.95e-02
9.15e-01
-1.27e-01
-8.39e-01
-4.74e-01
8.50e-01
3.33e-01
-4.29e-01
-3.65e-01
3.61e-01
1.19e-01
9.13e-01
3.71e-01
-6.44e-01
4.42e-01
8.59e-01
2.23e-01
-7.26e-01
-7.60e-01
6.03e-01
1.54e-01
-7.21e-01
4.51e-01
4.47e-02
3.08e-01
-4.73e-01
4.63e-01
-5.77e-01
-2.12e-01
7.55e-01
7.37e-01
1.89e-01
6.53e-01
4.66e-01
4.26e-01
-5.44e-01
7.00e-01
-6.78e-01
8.07e-01
6.90e-01
-5.74e-01
1.98e-01
-1.68e-01
7.62e-01
-1.69e-01
-5.75e-01
3.24e-01
-5.78e-01
9.69e-01
9.21e-01
-6.94e-02
-7.08e-01
7.10e-01
-9.11e-01
8.98e-02
1.21e-01
-9.38e-01
3.10e-01
3.50e-01
-3.63e-01
-9.08e-01
5.74e-01
1.69e-01
2.49e-01
-3.23e-01
5.67e-02
8.50e-05
-4.04e-01
4.42e-01
-9.19e-01
5.81e-01
3.11e-01
9.73e-01
3.28e-01
3.55e-01
-3.80e-01
4.61e-01
-1.09e-01
-6.05e-01
-8.27e-01
-1.69e-01
-9.13e-02
6.40e-01
-9.56e-02
2.21e-01
8.18e-01
-7.94e-01
5.14e-01
-7.78e-01
-2.82e-01
9.20e-01
-8.62e-01
-6.05e-01
1.95e-01
1.20e-01
2.42e-01
-2.12e-02
6.55e-01
7.32e-01
3.44e-01
6.41e-01
-6.49e-01
-3.52e-01
-7.91e-02
-4.25e-01
9.54e-01
-8.54e-01
4.71e-01
4.59e-01
2.26e-01
-5.92e-01
-8.44e-02
4.42e-01
7.18e-01
-7.94e-01
1.81e-01
2.16e-01
-5.50e-01
7.11e-01
-6.29e-01
-7.99e-01
9.23e-01
8.52e-01
5.18e-01
6.31e-01
-7.88e-01
9.31e-01
-2.72e-03
7.87e-01
-9.99e-01
1.76e-01
7.91e-01
-2.01e-01
7.33e-01
-3.95e-01
-1.00e-01
7.60e-01
1.39e-01
-1.40e-01
-7.91e-01
-8.63e-01
-3.97e-01
6.03e-01
-1.06e-01
-4.79e-01
-4.80e-01
-3.17e-01
-5.11e-02
8.66e-01
2.97e-01
-5.34e-01
-5.61e-01
-9.45e-01
-9.33e-01
7.93e-01
6.55e-01
-9.69e-01
-2.65e-01
-3.84e-01
3.77e-02
2.94e-01
-4.96e-01
-8.92e-01
-2.15e-01
6.89e-01
-9.58e-01
-1.64e-01
7.68e-01
-2.96e-01
7.33e-01
-3.48e-01
-6.74e-01
-4.48e-01
6.03e-01
-5.76e-01
-3.91e-02
-2.84e-01
-1.87e-02
-9.30e-01
-8.44e-01
4.74e-01
4.72e-01
4.50e-02
-6.78e-01
-5.02e-01
-3.42e-01
4.45e-01
5.97e-01
1.94e-01
-1.62e-01
-1.20e-01
-5.11e-01
-7.51e-01
3.57e-01
6.56e-01
-4.91e-01
7.02e-01
8.11e-01
9.50e-01
-7.63e-02
-9.11e-01
-5.98e-01
2.19e-01
-4.50e-01
-4.75e-01
3.18e-01
1.12e-01
-1.92e-01
2.76e-01
-7.91e-01
-1.01e-01
-3.38e-01
4.97e-01
-3.65e-01
1.98e-01
9.45e-02
7.88e-01
9.59e-01
-2.29e-01
6.18e-01
2.44e-01
1.57e-02
8.67e-01
7.91e-01
7.44e-01
-5.83e-01
3.84e-01
6.46e-01
4.17e-01
-9.10e-01
6.57e-01
-3.26e-01
6.59e-02
-8.51e-01
4.91e-01
4.85e-01
-8.81e-01
6.35e-01
9.04e-02
3.38e-02
