9.00e-01
-1.69e-01
-8.89e-01
4.41e-01
3.05e-02
5.58e-01
8.40e-01
1.96e-01
1.36e-01
-9.58e-01
3.05e-01
4.76e-01
4.93e-01
5.72e-01
8.51e-01
6.41e-01
5.88e-01
-6.01e-02
-8.29e-01
-9.14e-01
3.28e-01
-5.83e-01
-2.34e-03
6.15e-01
-1.54e-02
-2.54e-01
3.42e-02
8.13e-01
-5.46e-01
5.80e-01
-5.43e-01
-8.69e-01
-7.46e-01
-3.83e-01
9.50e-01
8.88e-01
9.50e-01
-9.96e-01
8.52e-01
-9.55e-01
-1.08e-01
8.02e-01
-6.83e-01
-5.74e-01
7.96e-01
8.06e-02
-3.61e-01
-1.59e-01
-5.66e-02
-1.86e-01
9.78e-01
-9.18e-01
-8.05e-01
-4.50e-02
8.65e-01
7.85e-01
1.07e-01
-7.32e-01
-3.19e-01
-9.49e-01
-9.03e-01
-7.55e-01
6.11e-01
8.17e-02
-9.09e-01
6.77e-01
-4.37e-01
-2.69e-01
4.52e-01
-9.29e-01
-6.66e-01
9.71e-01
-9.46e-01
-2.78e-01
-9.07e-02
4.68e-01
5.44e-01
8.79e-01
6.17e-01
-2.38e-01
8.47e-01
-8.31e-01
-9.74e-02
-1.63e-02
6.00e-01
-8.51e-01
-6.52e-02
2.26e-01
1.66e-01
-7.68e-01
1.52e-01
5.97e-01
-6.48e-02
-6.63e-01
-4.52e-01
5.11e-02
6.74e-01
-4.36e-01
-3.87e-01
-7.80e-01
6.10e-01
-9.13e-01
8.75e-01
9.99e-01
-2.57e-01
7.28e-01
1.34e-01
-3.18e-03
-3.76e-01
4.47e-01
3.79e-01
-6.14e-01
9.24e-01
-4.66e-01
8.25e-01
-8.18e-01
9.95e-01
9.55e-01
4.01e-01
8.62e-01
8.92e-01
-3.48e-01
3.94e-01
9.14e-01
-9.11e-01
-9.34e-01
2.06e-01
-9.25e-02
3.13e-01
-1.67e-01
1.92e-01
3.09e-01
7.46e-01
1.87e-01
9.41e-01
-4.98e-01
2.31e-01
-9.57e-01
2.12e-01
-5.25e-02
4.61e-01
-8.49e-01
-4.02e-01
-3.45e-01
-4.68e-01
5.39e-01
-9.81e-01
-5.81e-01
7.57e-01
-4.64e-01
3.87e-01
-1.23e-01
-1.70e-01
9.48e-01
-4.73e-01
-8.85e-01
-8.39e-01
-7.87e-01
-1.90e-01
-2.01e-01
9.59e-01
6.80e-02
-9.84e-01
-9.33e-02
8.70e-01
1.04e-01
-7.11e-02
-4.04e-01
8.45e-01
-5.22e-01
-4.95e-01
-5.49e-01
-2.36e-02
4.60e-02
-6.84e-01
8.17e-01
-8.21e-01
9.87e-01
-7.85e-01
-7.69e-01
-9.13e-01
-8.51e-01
7.98e-01
-8.36e-01
-7.74e-01
3.97e-01
-9.07e-01
-5.57e-01
2.37e-01
-6.95e-01
-6.37e-01
-6.08e-01
6.63e-01
-8.80e-01
-6.72e-01
9.79e-01
-5.78e-01
-2.34e-01
3.74e-01
-2.13e-01
-9.50e-01
3.07e-01
8.52e-02
2.08e-01
8.11e-01
4.92e-01
8.06e-02
-4.66e-01
-6.17e-01
-9.29e-01
8.86e-02
5.41e-01
-5.52e-01
-7.56e-01
3.17e-01
6.91e-01
-8.38e-01
7.15e-01
1.04e-02
3.04e-01
7.12e-01
-6.77e-01
3.06e-01
-9.09e-01
-9.59e-01
5.43e-02
-1.03e-01
-6.39e-01
-3.11e-01
-2.69e-01
-6.95e-02
-5.92e-01
-1.21e-01
6.22e-01
7.78e-01
1.99e-01
2.66e-01
8.08e-01
7.80e-01
7.45e-01
-8.05e-01
-2.16e-01
6.59e-01
5.08e-01
-6.97e-01
1.64e-01
4.59e-01
-7.05e-01
7.19e-01
-4.68e-01
-9.23e-01
8.88e-01
7.64e-01
-2.39e-01
1.90e-01
-2.97e-01
-3.18e-01
4.96e-01
6.42e-01
-9.82e-01
6.38e-01
4.44e-01
5.57e-01
-1.58e-01
9.78e-01
