3.18e-01
-1.56e-01
4.43e-01
-8.05e-01
-2.12e-01
2.80e-01
9.12e-01
4.48e-01
-9.81e-02
5.74e-01
-7.93e-01
-6.18e-01
6.37e-01
-3.86e-01
2.98e-01
9.60e-01
-2.94e-01
-4.08e-01
-4.15e-01
2.81e-01
9.18e-01
-9.38e-01
3.65e-01
5.08e-01
3.92e-01
5.56e-01
8.90e-01
-2.17e-01
5.97e-01
4.84e-01
-2.88e-01
-4.62e-01
3.62e-01
9.37e-01
3.99e-01
-9.01e-01
8.40e-01
-4.43e-01
-4.12e-01
-6.28e-01
8.77e-01
-2.72e-01
-8.30e-01
-3.21e-01
1.37e-02
-5.12e-01
-1.04e-01
5.91e-02
-9.83e-01
6.51e-01
5.00e-01
-8.36e-01
-5.02e-01
9.26e-01
-6.91e-01
-1.56e-01
2.08e-01
9.32e-02
-3.79e-01
-7.11e-01
3.15e-01
7.03e-02
-1.79e-01
6.36e-01
-6.20e-01
-7.08e-01
8.08e-01
7.69e-01
-8.28e-01
-6.66e-01
9.06e-01
4.84e-01
9.39e-01
-8.57e-01
-4.55e-01
-7.70e-02
-9.36e-01
-8.83e-01
-9.88e-01
-3.64e-01
-8.15e-01
-7.38e-01
5.51e-01
6.58e-01
6.76e-01
-1.70e-01
8.67e-02
-1.05e-01
7.45e-01
2.22e-01
9.61e-01
8.10e-01
-7.16e-02
-9.13e-01
-7.09e-01
8.26e-01
-4.21e-01
3.53e-02
-8.18e-02
-1.08e-03
-4.64e-01
-7.57e-01
7.83e-01
2.43e-02
-7.05e-01
3.22e-01
-4.78e-01
-3.10e-01
6.87e-01
-3.35e-01
4.75e-01
-8.38e-01
-8.76e-01
-1.80e-01
5.13e-01
4.82e-01
1.59e-01
5.17e-01
-4.38e-01
-4.61e-01
-6.83e-01
9.29e-01
-2.96e-01
7.16e-01
-6.63e-01
-4.06e-01
-3.14e-01
-4.39e-01
-4.75e-01
9.52e-01
9.51e-01
6.36e-01
8.14e-01
4.40e-01
-8.54e-01
3.10e-01
-4.90e-01
-1.97e-01
-2.16e-01
1.28e-01
-7.38e-01
-3.63e-01
-8.69e-01
1.54e-02
-2.57e-03
6.91e-01
-5.90e-01
1.23e-02
8.51e-01
9.79e-01
9.29e-01
-3.59e-01
5.76e-01
-1.36e-01
-1.31e-01
9.39e-01
-3.68e-02
3.20e-01
-9.28e-01
-2.89e-01
-5.22e-01
-9.50e-01
-8.42e-01
-9.14e-01
5.07e-01
1.60e-02
7.74e-01
-1.62e-01
-8.60e-01
9.36e-02
9.57e-01
4.80e-01
-1.75e-01
4.83e-01
-2.70e-01
4.09e-01
-9.98e-01
-1.63e-01
-2.05e-01
8.27e-01
4.86e-01
-7.34e-01
6.06e-02
-4.53e-01
1.80e-01
4.48e-01
9.28e-01
4.96e-02
8.90e-01
-4.98e-02
4.69e-01
-4.89e-01
-6.85e-01
9.48e-02
-9.46e-01
7.99e-01
2.17e-01
-7.19e-01
2.58e-01
1.73e-01
7.65e-01
5.49e-01
4.88e-01
-9.38e-01
2.26e-01
-7.71e-01
-6.06e-01
6.61e-01
-5.44e-01
-4.98e-02
-9.86e-01
-6.49e-01
9.93e-01
2.89e-03
4.31e-01
-9.42e-01
-9.14e-01
3.37e-01
1.96e-02
4.88e-01
5.71e-01
9.55e-01
5.65e-02
-9.95e-01
-3.70e-01
-3.92e-01
3.67e-01
1.71e-01
-7.70e-02
-7.62e-01
-8.79e-01
-6.70e-01
-5.27e-01
6.85e-01
-2.18e-01
-8.92e-01
-8.08e-01
-4.20e-01
6.02e-01
3.02e-02
6.60e-01
-4.71e-01
-2.90e-01
2.62e-01
-3.48e-01
9.21e-01
-1.62e-01
-4.62e-01
-6.72e-01
-2.27e-01
8.35e-01
3.24e-01
9.41e-01
-1.73e-01
-8.81e-01
-9.47e-02
-2.87e-01
-7.24e-02
2.60e-01
-1.60e-01
-1.41e-01
-4.48e-01
2.38e-02
9.77e-01
4.41e-01
