-8.84e-01
-5.71e-01
2.03e-01
-4.48e-01
2.65e-01
5.08e-02
8.31e-01
-6.71e-01
8.89e-01
-8.02e-01
-7.18e-01
-2.63e-01
6.50e-01
-8.18e-01
-5.13e-02
-5.78e-01
8.70e-01
-4.32e-01
4.24e-01
-6.11e-01
-4.15e-01
-4.46e-01
-9.02e-02
7.44e-01
3.94e-01
9.99e-01
-2.76e-02
6.25e-01
6.58e-02
-8.41e-01
2.00e-01
-2.49e-01
-2.86e-02
-5.71e-01
8.06e-01
6.59e-01
4.43e-01
5.47e-01
-3.01e-01
8.25e-01
-2.25e-01
8.67e-01
-9.80e-01
-8.34e-02
1.52e-01
-9.38e-01
-8.29e-01
-5.98e-01
-7.99e-02
2.58e-01
-5.14e-01
-1.41e-01
2.13e-01
-6.28e-01
-9.34e-01
8.54e-01
6.21e-01
7.82e-01
9.48e-01
-8.39e-01
-9.76e-02
-3.43e-01
-7.51e-01
7.70e-01
9.79e-01
-5.01e-01
7.78e-01
-1.91e-01
1.67e-01
-1.24e-01
-3.77e-01
-7.13e-01
3.58e-01
8.20e-01
-5.14e-02
-3.35e-01
4.28e-01
-7.75e-01
-4.32e-01
5.92e-01
5.04e-01
9.69e-02
3.34e-01
4.58e-02
-6.22e-02
1.49e-01
-9.66e-02
5.88e-01
7.44e-01
2.51e-01
2.48e-01
6.51e-01
-7.12e-01
2.10e-03
9.63e-01
5.78e-02
-2.35e-01
8.32e-01
-7.76e-01
8.32e-01
-2.52e-01
-3.67e-01
7.74e-01
-9.06e-01
1.08e-01
9.99e-01
7.39e-01
-8.97e-01
-2.62e-01
8.97e-01
-5.69e-01
8.01e-01
-8.58e-01
2.80e-01
3.66e-01
-5.15e-01
-3.92e-01
4.85e-01
1.31e-02
6.16e-01
4.65e-01
6.56e-01
-8.04e-01
4.44e-01
7.41e-01
9.32e-01
-7.45e-01
-5.70e-02
-4.39e-01
7.79e-01
-3.15e-02
-6.08e-01
-1.38e-01
8.04e-01
5.72e-01
2.51e-01
8.47e-01
8.88e-01
5.63e-01
-5.34e-01
1.49e-01
-5.27e-01
9.98e-01
-1.80e-01
2.98e-01
-1.91e-01
4.40e-01
3.48e-01
9.32e-02
-1.23e-01
-3.40e-01
-6.30e-01
5.90e-01
-4.05e-01
4.88e-01
7.58e-01
-8.85e-02
-8.13e-01
-8.65e-01
-3.94e-01
-6.00e-03
2.84e-02
-7.46e-01
5.61e-01
4.26e-01
4.07e-02
5.66e-01
6.36e-01
-5.00e-01
4.43e-01
-3.46e-01
7.85e-01
2.54e-02
6.12e-01
-1.54e-01
-9.44e-01
6.50e-01
2.80e-01
-1.97e-01
3.46e-01
-6.76e-01
-8.25e-01
-5.28e-02
4.40e-01
1.48e-01
2.85e-01
8.83e-01
1.59e-01
-2.61e-01
-3.05e-01
2.96e-01
4.17e-01
9.61e-02
-5.55e-01
9.96e-01
6.10e-01
7.54e-01
1.52e-01
-6.25e-01
-9.68e-01
-7.94e-01
4.28e-01
-7.32e-01
1.33e-01
-8.70e-02
7.26e-01
9.42e-01
-8.90e-01
1.91e-01
-6.55e-01
-9.57e-01
-6.22e-01
-1.09e-01
9.36e-01
3.38e-01
-4.10e-02
-7.72e-01
1.00e-01
9.88e-01
9.21e-01
2.64e-01
-3.58e-01
4.28e-01
9.30e-01
-2.90e-01
-1.14e-01
6.63e-01
5.27e-01
-4.17e-01
1.87e-02
7.48e-01
-8.45e-01
7.00e-01
-4.41e-01
2.41e-01
-7.45e-01
-8.98e-01
-6.69e-02
8.64e-01
-9.08e-01
-8.95e-01
4.62e-01
-6.42e-01
1.28e-01
-8.02e-01
9.75e-02
1.49e-01
-4.95e-02
-8.65e-01
-5.29e-02
6.21e-01
-4.76e-02
1.14e-02
-8.75e-01
1.97e-01
4.87e-01
-4.33e-01
8.90e-01
8.36e-01
-1.99e-01
9.02e-01
-5.17e-01
-6.12e-01
-8.91e-02
-8.19e-01
