3.39e-01
-6.66e-01
-5.97e-01
-6.75e-01
-2.85e-01
-6.70e-01
6.01e-01
-4.65e-01
-5.19e-01
-5.31e-01
-9.12e-01
-5.26e-01
4.95e-01
-4.86e-01
-1.94e-01
-1.69e-01
8.96e-01
-2.22e-02
-3.93e-01
7.32e-01
4.48e-01
-7.19e-01
2.59e-01
3.13e-01
-6.51e-01
-8.82e-01
-4.95e-02
-4.85e-01
5.20e-01
-9.88e-01
2.78e-01
8.37e-01
1.07e-01
8.67e-01
-4.01e-01
7.45e-01
8.70e-01
3.46e-02
-4.57e-01
-7.70e-01
5.19e-01
1.49e-02
6.98e-01
-1.40e-01
-7.11e-01
-4.82e-01
6.12e-02
-7.15e-01
7.89e-01
2.96e-01
6.52e-01
-6.74e-01
-7.86e-01
1.62e-01
9.41e-01
5.22e-01
5.01e-01
9.39e-01
-1.57e-02
-3.63e-01
-7.17e-02
-5.67e-01
9.07e-01
-1.09e-01
1.92e-01
-6.94e-01
1.99e-01
-3.81e-01
9.55e-01
9.46e-01
-1.94e-01
3.73e-01
5.36e-01
1.65e-01
-7.72e-01
-5.81e-01
-8.07e-01
7.02e-01
3.76e-01
7.45e-01
-5.96e-01
-7.22e-01
4.31e-01
1.23e-01
-1.45e-01
-5.57e-01
-4.94e-01
-4.21e-01
-8.00e-01
9.93e-01
-4.27e-01
2.86e-01
3.16e-01
-7.51e-01
-3.62e-01
-7.75e-02
3.47e-01
1.95e-01
-3.09e-01
2.60e-01
8.62e-01
4.63e-02
-2.50e-01
-2.12e-01
-5.92e-01
-4.41e-01
6.59e-01
3.12e-01
-8.56e-01
7.11e-01
-4.00e-01
7.54e-01
-3.82e-01
7.73e-01
-9.82e-01
5.41e-01
-7.04e-01
9.14e-01
6.01e-01
-7.55e-01
1.12e-01
-2.16e-01
6.00e-01
-7.15e-01
-7.58e-01
-1.23e-01
-3.30e-01
5.64e-01
-1.62e-01
-2.73e-01
-3.59e-01
-5.16e-01
-1.77e-01
9.26e-01
-4.89e-01
5.95e-01
-2.19e-01
7.71e-01
2.90e-01
7.41e-01
-1.72e-01
-3.08e-01
1.41e-01
-6.34e-01
9.79e-01
-1.52e-01
-2.60e-01
-3.83e-01
-6.08e-01
1.25e-01
9.11e-01
1.96e-01
7.15e-01
1.11e-01
-4.91e-01
-9.96e-01
-9.31e-01
-4.89e-01
-6.59e-01
2.04e-01
9.37e-01
3.90e-01
-4.70e-01
3.05e-01
-9.86e-01
-1.01e-01
-3.30e-01
-1.04e-01
4.27e-01
6.34e-01
7.60e-01
-2.79e-01
1.23e-01
-4.99e-01
-5.85e-01
6.70e-01
9.69e-02
-8.77e-01
9.91e-03
3.95e-02
-6.35e-01
-1.91e-01
2.32e-01
-8.25e-01
5.85e-01
3.81e-01
-6.73e-01
6.53e-01
7.57e-01
-1.61e-01
-1.32e-01
3.60e-01
-8.39e-01
4.76e-02
-3.23e-01
2.78e-01
-3.60e-02
-3.00e-01
-1.67e-01
-9.31e-01
-5.35e-01
-7.28e-01
-6.45e-01
-6.58e-01
-5.39e-01
4.34e-01
6.71e-01
8.79e-01
-4.65e-02
2.34e-01
-4.29e-01
-7.74e-01
5.11e-01
8.13e-01
2.84e-01
1.25e-01
-6.03e-01
3.22e-01
9.60e-01
8.06e-02
7.49e-01
-4.55e-01
-9.12e-01
-9.63e-01
-3.61e-01
-1.27e-02
4.62e-01
8.84e-01
-4.57e-01
-5.51e-01
7.07e-01
8.93e-01
-2.56e-02
2.29e-01
-2.54e-02
-2.62e-01
-6.80e-01
-1.58e-01
-8.98e-01
-2.51e-01
3.30e-02
8.44e-01
-3.27e-01
8.89e-01
6.72e-01
8.74e-01
1.46e-01
6.72e-02
-9.23e-01
-7.67e-01
-7.28e-01
-7.15e-01
-2.33e-01
6.40e-01
-2.80e-01
-7.35e-01
-6.71e-01
-8.75e-01
-9.18e-01
9.96e-01
-9.62e-01
7.65e-01
1.41e-02
9.96e-01
-4.86e-01
