-2.44e-01
4.55e-01
8.16e-01
-1.49e-01
4.31e-02
6.60e-01
-5.20e-02
8.76e-01
-8.82e-01
-9.99e-01
4.58e-01
9.78e-01
-9.99e-01
9.93e-01
6.35e-01
-3.27e-01
-6.38e-01
-9.21e-01
5.23e-01
1.20e-01
-9.45e-02
-5.51e-01
9.20e-01
-3.88e-01
3.66e-01
5.37e-02
-1.03e-01
4.28e-01
7.94e-01
-2.20e-01
9.23e-01
8.36e-01
2.07e-01
-4.59e-01
3.14e-01
4.85e-01
-5.10e-01
7.18e-02
9.23e-01
-3.22e-01
4.83e-01
-1.97e-01
-7.46e-01
-7.46e-01
3.23e-01
-2.17e-01
-5.48e-02
7.79e-01
-6.88e-01
2.78e-01
-2.45e-01
8.90e-01
-7.69e-01
6.49e-01
-7.42e-01
-9.19e-01
-5.56e-01
-3.17e-01
3.70e-01
8.13e-01
8.35e-01
-4.21e-01
5.13e-01
-2.21e-01
2.41e-01
-4.06e-01
-7.49e-01
8.47e-01
9.92e-01
-7.65e-01
-5.37e-01
-6.49e-01
-2.02e-01
-1.86e-01
-2.31e-01
-5.58e-01
2.54e-02
5.09e-01
2.87e-01
2.70e-01
8.27e-01
-9.21e-01
-2.31e-01
1.13e-01
-2.36e-01
5.68e-01
1.35e-01
7.21e-01
1.43e-01
-8.76e-01
-8.42e-01
4.78e-01
-4.08e-01
1.51e-01
-4.49e-02
-4.54e-01
3.96e-01
5.47e-01
6.88e-01
-6.46e-01
-5.56e-01
6.16e-01
-7.94e-01
-5.45e-01
5.51e-01
-4.51e-02
8.56e-01
4.68e-01
-7.53e-01
-4.74e-01
-1.37e-01
8.68e-02
-2.00e-01
9.04e-01
-4.53e-01
-2.06e-01
8.56e-01
-2.97e-01
-6.14e-01
6.35e-01
6.91e-02
5.54e-01
-9.55e-01
-2.52e-01
-5.27e-01
-3.01e-02
-6.57e-01
9.50e-02
-8.89e-01
-3.24e-01
8.15e-01
-4.83e-01
7.68e-01
-9.46e-01
-7.09e-01
6.38e-01
6.04e-01
4.94e-01
-7.59e-01
-3.71e-02
7.52e-01
1.49e-01
4.70e-01
4.28e-01
-7.68e-01
2.13e-01
-7.16e-01
9.64e-01
-3.84e-01
4.43e-01
-4.12e-01
3.89e-01
-4.76e-01
-2.95e-01
-6.08e-01
-9.32e-01
5.27e-01
-7.57e-04
9.25e-01
8.00e-01
4.31e-01
-9.79e-01
8.40e-01
9.52e-01
3.93e-01
-1.90e-01
-5.22e-01
-3.85e-01
-8.50e-02
9.89e-01
9.31e-01
-6.01e-01
-7.37e-01
4.99e-01
-8.78e-01
-5.02e-01
-1.75e-01
4.96e-01
-8.29e-01
6.44e-01
-8.51e-03
-3.12e-01
8.36e-01
-3.23e-01
-8.44e-01
1.74e-01
3.42e-01
-6.92e-01
-6.81e-01
4.16e-01
-4.22e-01
4.77e-02
2.36e-01
-9.54e-01
-5.93e-01
9.69e-01
7.05e-01
6.64e-01
-5.55e-01
3.94e-01
-8.25e-01
-5.02e-01
1.73e-01
4.79e-01
5.19e-01
-3.31e-01
3.87e-01
-1.22e-02
1.09e-01
-9.39e-01
1.28e-01
9.31e-01
-6.92e-01
-7.28e-01
3.19e-01
9.95e-01
9.53e-01
8.96e-01
8.48e-01
1.05e-01
9.12e-01
7.53e-02
-9.40e-01
-9.99e-01
-1.66e-01
-9.83e-01
-2.36e-01
7.96e-01
6.61e-01
6.47e-01
-7.72e-01
-9.42e-01
8.22e-01
9.32e-01
3.19e-01
-6.71e-01
-5.46e-01
2.72e-01
-2.04e-01
-6.63e-01
-4.20e-01
3.41e-01
-8.39e-01
-8.01e-01
9.11e-01
-2.29e-02
-1.28e-01
5.35e-01
5.66e-01
1.66e-01
-6.10e-01
-9.81e-01
-9.79e-03
5.69e-01
-7.90e-01
-8.24e-01
9.15e-01
7.66e-01
-2.79e-01
-7.92e-01
-9.30e-01
6.15e-02
-4.16e-01
-8.09e-01
-1.86e-01
