-3.48e-01
9.15e-01
-8.31e-01
-9.48e-01
2.76e-01
-1.48e-01
-7.92e-01
-3.67e-01
2.84e-01
7.60e-01
8.76e-02
-8.01e-01
4.94e-01
-9.16e-01
-9.57e-01
-5.39e-02
4.86e-01
-7.59e-01
4.56e-01
-3.28e-01
-4.83e-01
8.65e-01
5.54e-01
2.76e-01
5.14e-01
-5.42e-01
-1.44e-01
9.41e-01
-6.06e-01
-1.89e-01
-2.11e-01
-8.17e-01
8.04e-01
-2.79e-01
-9.30e-01
5.76e-02
-6.41e-01
-9.53e-01
4.01e-02
-1.07e-01
-7.56e-01
2.72e-01
-2.19e-01
3.35e-01
9.07e-01
5.49e-01
-5.80e-02
7.07e-01
8.60e-01
-7.31e-01
2.26e-01
-5.47e-01
-9.31e-01
4.51e-01
8.72e-01
5.96e-01
-4.77e-01
-6.87e-02
-6.47e-01
-4.74e-01
-6.84e-01
-5.00e-01
-8.81e-01
7.20e-01
-4.89e-01
-3.20e-01
4.74e-01
-6.46e-01
7.40e-01
5.14e-01
-9.73e-01
-1.65e-01
-5.39e-01
-9.12e-01
-8.74e-01
-7.72e-01
6.72e-01
4.56e-01
-9.17e-01
8.93e-01
8.06e-02
-6.21e-01
-3.76e-01
-7.63e-01
7.75e-01
5.33e-01
-6.57e-01
-9.45e-01
-4.33e-01
-1.83e-01
6.78e-01
-3.76e-01
-4.47e-01
-7.67e-02
-9.03e-01
-2.24e-01
4.49e-01
1.22e-01
4.18e-01
-7.44e-01
-3.54e-01
-7.54e-01
3.60e-01
6.61e-01
-2.11e-01
7.82e-01
8.95e-01
2.73e-01
-3.61e-01
-5.32e-01
8.01e-01
-5.47e-01
3.90e-01
8.39e-01
-8.70e-01
3.19e-01
-8.87e-01
-8.76e-01
7.50e-01
4.12e-01
-5.50e-01
-3.56e-01
4.26e-01
-9.10e-01
-1.80e-01
-5.47e-02
2.43e-01
3.87e-01
-1.76e-01
8.30e-01
-5.51e-01
3.32e-01
-4.49e-01
6.46e-01
-2.46e-01
-1.47e-01
5.31e-02
-9.37e-01
-5.16e-01
-1.63e-01
-8.54e-01
8.98e-01
8.50e-01
7.92e-01
2.40e-01
-5.98e-01
-1.69e-01
-9.71e-01
-6.33e-01
8.07e-01
-9.57e-01
-7.96e-01
6.77e-01
-1.20e-01
4.32e-01
7.55e-01
9.70e-01
-2.01e-01
-7.71e-01
2.16e-01
-3.12e-01
3.73e-01
4.89e-01
-6.52e-01
9.72e-01
-7.14e-01
1.85e-01
-8.58e-01
-8.93e-01
-5.49e-01
5.85e-01
-5.26e-01
9.19e-01
-4.41e-01
9.05e-01
9.33e-01
-1.55e-01
-2.30e-01
3.85e-02
1.00e+00
4.96e-01
3.01e-01
1.40e-01
-3.37e-01
3.64e-01
-6.73e-01
2.10e-01
-2.10e-01
-3.46e-01
9.15e-01
1.81e-01
1.09e-01
-2.37e-01
-7.68e-01
-4.85e-01
-6.77e-02
5.98e-02
-5.99e-01
-6.86e-01
-1.75e-01
-7.23e-01
2.77e-01
-8.96e-01
9.76e-01
6.74e-01
-4.72e-01
2.25e-01
6.40e-01
2.49e-01
-1.44e-01
-3.24e-01
-7.43e-01
-1.91e-01
7.84e-01
-1.51e-01
5.12e-01
1.72e-01
1.16e-01
-3.03e-01
5.36e-01
-5.87e-01
-7.24e-01
-1.14e-01
-2.34e-01
-9.03e-01
5.05e-01
8.72e-01
-4.37e-01
-4.48e-01
6.94e-01
-7.61e-01
6.14e-01
1.81e-01
9.67e-02
-6.06e-01
4.83e-01
1.49e-01
3.68e-01
-8.63e-02
4.87e-01
-3.63e-01
-5.48e-02
7.51e-01
-4.22e-01
1.76e-01
-4.25e-01
-2.02e-01
3.81e-01
2.14e-01
2.78e-01
-8.16e-01
4.92e-01
-2.46e-01
3.97e-01
-3.36e-01
-6.73e-01
7.26e-01
-6.63e-02
5.36e-01
6.07e-01
-3.78e-01
-6.38e-01
-5.29e-01
6.31e-01
-6.36e-01
