5.21e-01
6.82e-01
-1.54e-01
-8.54e-01
2.40e-01
-3.43e-01
3.18e-01
5.11e-01
-1.19e-01
-8.01e-01
-2.01e-01
8.65e-01
-2.76e-01
-2.84e-01
-1.11e-01
-3.56e-01
7.85e-01
3.55e-01
-1.71e-01
9.92e-01
-4.56e-01
9.21e-01
-5.36e-01
-1.06e-01
-7.04e-01
-8.41e-01
4.97e-01
7.68e-01
7.43e-01
6.94e-01
-4.20e-01
-8.17e-01
7.14e-01
-2.61e-01
-7.91e-01
4.61e-01
-9.62e-01
3.45e-01
-8.64e-01
-2.42e-01
7.06e-01
5.82e-01
-7.26e-01
-3.87e-01
8.41e-01
-6.60e-01
5.05e-01
5.34e-01
1.07e-01
-6.51e-01
2.21e-01
7.73e-02
-9.12e-01
8.17e-01
8.36e-01
-5.14e-01
2.74e-01
6.50e-01
8.45e-01
-3.43e-01
7.27e-01
-5.37e-01
-2.67e-02
3.70e-01
1.59e-01
1.00e+00
-9.67e-02
-2.63e-01
-5.23e-01
8.45e-02
2.79e-01
-8.68e-01
2.67e-01
2.10e-01
3.62e-01
1.86e-01
-4.41e-02
-9.24e-01
-1.10e-01
9.36e-01
9.35e-01
-1.28e-01
4.18e-01
4.58e-01
3.97e-01
-7.36e-01
-4.96e-01
-4.26e-01
-5.70e-01
-6.48e-01
9.45e-01
-4.91e-01
-3.10e-01
-9.08e-01
-2.48e-01
-2.11e-01
8.09e-01
-4.96e-01
4.36e-01
-5.46e-01
6.15e-01
2.10e-01
3.16e-01
-4.54e-01
3.34e-01
-9.60e-01
3.43e-01
-2.78e-01
4.13e-01
6.10e-01
-3.67e-02
-5.07e-01
4.19e-01
-9.03e-01
2.37e-01
6.60e-01
1.19e-01
-7.28e-01
-9.65e-02
-7.09e-01
-8.88e-01
-2.52e-01
3.96e-01
2.77e-01
7.09e-01
2.14e-01
-8.69e-01
-4.17e-01
2.66e-01
-3.92e-02
-5.14e-01
9.48e-01
-7.83e-01
-2.18e-01
-6.66e-02
-5.59e-01
7.06e-01
-4.33e-01
-9.24e-01
-8.55e-01
-2.56e-01
5.91e-01
5.71e-01
6.32e-02
-7.60e-01
3.29e-01
2.43e-01
-9.02e-01
-5.04e-01
-9.61e-01
-1.46e-01
4.41e-02
-5.12e-02
9.88e-01
2.29e-01
2.63e-01
2.76e-01
2.49e-01
-1.62e-02
-3.26e-02
4.17e-02
-9.63e-01
3.90e-02
-8.22e-01
-9.39e-01
-9.39e-01
2.59e-01
6.42e-02
-1.72e-01
1.11e-01
8.86e-01
4.74e-01
5.80e-01
-6.66e-02
2.50e-01
-9.20e-01
-1.39e-01
5.66e-01
-2.33e-01
-4.34e-01
1.09e-02
1.81e-01
-3.61e-01
3.90e-01
7.60e-01
4.82e-01
-2.98e-01
4.32e-01
8.31e-01
-9.53e-01
-5.12e-01
-3.73e-01
-4.90e-01
9.65e-01
-8.93e-02
-7.29e-01
-2.97e-01
-6.80e-02
-2.20e-01
-1.00e+00
-5.34e-01
-5.96e-01
-6.45e-01
-8.81e-01
3.90e-01
2.41e-01
3.51e-01
5.44e-01
-3.30e-01
-8.61e-01
7.85e-01
-8.04e-01
4.18e-01
7.62e-02
9.81e-01
-7.79e-01
7.36e-02
-9.23e-02
2.26e-01
1.41e-01
-2.98e-01
6.26e-01
6.34e-01
-2.57e-01
-1.07e-01
-8.98e-01
-4.47e-01
1.03e-01
-1.96e-01
-8.03e-01
1.07e-01
7.52e-01
1.28e-01
8.88e-01
5.05e-01
-3.65e-01
-9.31e-01
8.53e-01
-1.13e-01
-3.53e-01
-9.79e-02
5.45e-01
7.30e-01
3.64e-01
7.63e-01
5.51e-01
-7.97e-01
-5.50e-01
9.94e-01
-8.70e-02
-8.11e-02
-3.03e-01
2.39e-01
6.63e-01
-8.68e-01
-3.77e-01
-2.97e-02
5.61e-01
5.91e-01
-7.21e-01
2.76e-01
1.92e-01
9.43e-01
4.35e-01
-6.06e-01
