4.42e-01
-8.62e-01
-6.14e-01
-9.98e-01
7.41e-01
4.82e-01
-3.15e-01
-4.84e-01
5.72e-01
5.14e-01
-2.28e-02
-7.74e-01
5.80e-01
9.36e-01
7.83e-01
5.10e-01
2.29e-02
-5.60e-01
3.48e-02
3.63e-01
5.55e-01
2.10e-01
2.51e-01
-1.35e-02
-5.67e-01
-3.53e-01
3.93e-02
-8.88e-02
8.37e-01
-9.17e-01
2.43e-01
5.95e-02
8.06e-01
-4.37e-01
7.55e-01
3.18e-01
3.81e-01
-2.14e-01
-8.46e-01
1.99e-01
9.15e-01
-3.52e-01
6.29e-01
9.01e-01
-2.63e-01
5.52e-01
9.42e-01
-4.68e-01
-5.89e-01
7.26e-01
3.89e-01
9.78e-01
6.63e-02
6.08e-02
-5.72e-01
4.36e-01
-5.27e-01
-6.08e-01
1.44e-01
-6.35e-01
9.88e-01
5.71e-01
8.53e-01
-9.77e-01
-9.88e-01
4.64e-01
8.10e-01
-2.39e-01
7.29e-01
-8.48e-01
-3.32e-01
5.56e-01
1.75e-01
6.61e-01
-7.81e-01
4.42e-01
4.90e-01
-9.18e-01
-1.94e-01
5.48e-01
-2.69e-01
-7.40e-01
-3.79e-01
1.25e-01
-4.56e-01
-8.70e-01
4.42e-01
-5.13e-01
1.40e-01
-4.14e-01
-9.28e-01
-1.29e-01
-5.61e-01
-5.33e-01
5.58e-01
6.51e-02
9.81e-01
5.75e-02
-4.32e-01
-4.71e-01
-8.88e-01
8.66e-01
7.26e-01
-2.04e-01
-1.13e-01
2.88e-02
-7.20e-01
3.84e-01
4.11e-01
-9.50e-01
-6.59e-01
9.73e-01
-5.51e-01
-8.27e-01
7.83e-02
-2.24e-01
1.88e-01
-9.70e-01
-8.94e-01
-3.80e-02
-7.08e-02
-3.84e-01
-3.36e-01
8.08e-01
9.32e-01
-3.54e-01
-9.40e-01
-4.34e-01
-4.01e-01
7.59e-01
4.15e-01
1.47e-01
-9.74e-01
-3.69e-01
-3.86e-01
9.50e-02
-4.83e-01
5.53e-01
-5.22e-01
6.94e-01
-6.60e-01
4.50e-01
-9.30e-01
5.58e-01
5.23e-01
4.38e-01
3.22e-01
-3.56e-01
1.17e-01
2.04e-01
1.94e-01
1.31e-01
-8.66e-01
-6.37e-01
-8.42e-01
9.91e-01
8.64e-01
5.91e-01
-2.51e-01
1.68e-01
-9.70e-01
4.34e-01
-3.14e-01
7.45e-01
7.40e-01
-2.69e-01
5.14e-01
-3.01e-01
-8.61e-01
-2.80e-01
1.10e-02
1.18e-01
-1.68e-01
-2.13e-01
7.52e-01
3.32e-01
1.35e-01
-2.80e-02
5.67e-01
-5.74e-01
-1.11e-01
-4.21e-02
-9.38e-01
9.36e-01
6.52e-01
-5.58e-01
6.97e-01
5.58e-01
-5.59e-01
-8.56e-01
6.70e-01
7.47e-01
7.79e-01
-9.84e-01
5.54e-01
7.68e-01
-7.30e-01
-6.74e-01
-5.59e-01
-7.37e-01
1.84e-01
-9.58e-01
-5.43e-01
9.93e-01
1.28e-01
-2.01e-01
-7.04e-01
-7.26e-01
-2.74e-01
4.79e-01
-8.32e-01
-9.73e-01
9.38e-01
-4.17e-01
-3.56e-01
-3.56e-01
3.42e-01
-2.00e-01
7.07e-01
-4.19e-01
7.72e-01
-2.71e-01
-6.68e-01
9.80e-01
4.88e-01
-4.31e-01
4.03e-01
5.57e-01
9.76e-01
-1.02e-01
-3.32e-01
3.73e-01
1.20e-01
-9.13e-01
-4.84e-01
1.31e-01
-2.11e-01
-1.85e-01
5.69e-01
9.36e-01
-3.63e-01
1.29e-01
8.52e-01
-4.54e-01
-9.32e-01
4.73e-01
6.53e-01
9.68e-02
7.57e-01
4.41e-01
-6.23e-01
-7.28e-01
-9.98e-01
9.76e-01
3.81e-01
-9.80e-01
4.42e-01
8.38e-01
-8.64e-01
-1.77e-01
-2.87e-01
-5.54e-02
-7.18e-01
-9.38e-01
5.05e-01
