-3.13e-01
-3.81e-01
4.81e-01
-3.56e-01
-9.22e-01
6.67e-01
-6.82e-01
-3.20e-01
5.72e-01
4.51e-01
4.16e-01
9.55e-01
-7.28e-01
3.98e-01
-5.56e-01
7.67e-01
-3.81e-01
7.96e-01
9.54e-01
-3.42e-01
-1.04e-01
-2.57e-01
-5.77e-01
-9.92e-01
-9.72e-01
7.63e-01
-2.84e-01
-8.62e-01
4.30e-02
9.92e-02
-6.05e-01
-5.59e-02
-1.73e-01
9.77e-01
2.33e-01
-8.88e-01
-8.36e-01
-1.26e-01
7.06e-01
-6.45e-01
6.53e-01
-4.77e-01
-2.11e-01
-4.59e-02
-3.91e-01
5.20e-01
-6.81e-01
4.79e-01
-8.68e-01
7.15e-01
-4.86e-01
5.61e-01
5.52e-01
-1.45e-01
-2.68e-01
-4.08e-01
5.68e-01
3.51e-02
5.39e-02
-6.00e-01
-6.31e-01
9.45e-01
8.08e-01
1.19e-01
-2.14e-01
3.97e-01
-7.79e-01
-2.04e-01
2.85e-01
-2.69e-01
-1.92e-01
-5.03e-01
9.40e-01
9.07e-01
1.11e-01
-7.83e-01
8.36e-01
4.71e-01
-9.18e-01
5.68e-01
9.69e-01
5.73e-01
-7.39e-01
-3.19e-01
3.28e-01
-1.43e-01
7.33e-01
-6.63e-01
-7.07e-01
-8.24e-01
-1.53e-01
-9.76e-01
1.56e-01
-3.26e-02
-8.49e-01
1.64e-01
7.56e-01
3.03e-01
2.79e-01
9.92e-01
-1.36e-01
6.11e-02
-8.18e-02
-2.27e-01
6.98e-01
-3.24e-01
-2.82e-01
-7.61e-01
-5.40e-01
3.55e-01
4.63e-01
-2.56e-01
4.24e-01
1.27e-03
-5.45e-01
6.64e-01
2.11e-01
4.35e-01
3.68e-01
-1.40e-01
-7.30e-01
9.72e-01
8.51e-01
-5.89e-01
-1.09e-01
-4.95e-01
-7.25e-02
-4.87e-01
-6.97e-01
-9.83e-01
-8.62e-01
-8.76e-01
9.32e-01
5.10e-01
7.56e-01
-7.38e-01
-1.36e-01
-4.53e-02
-4.32e-03
6.21e-01
-1.40e-01
4.15e-01
-9.65e-01
-9.61e-01
1.62e-01
-4.08e-01
-9.83e-01
6.66e-02
7.36e-02
-5.82e-01
-5.96e-01
4.06e-01
-4.14e-02
-2.58e-01
-8.26e-01
3.41e-01
9.08e-01
-7.12e-01
7.88e-01
-7.73e-01
9.50e-02
6.70e-01
2.59e-01
4.16e-01
-1.92e-01
4.36e-01
-8.74e-01
-9.95e-01
-6.39e-01
-2.75e-02
2.44e-01
6.86e-01
6.47e-01
-3.28e-01
9.47e-01
-1.32e-01
-5.24e-01
9.09e-01
7.06e-01
-8.84e-01
-2.93e-01
7.67e-01
6.26e-02
-5.23e-01
9.50e-01
3.74e-01
-8.48e-01
8.84e-01
-7.85e-01
9.48e-01
-5.39e-01
5.67e-01
-3.16e-01
4.11e-01
-9.78e-02
-6.18e-01
8.73e-01
-7.16e-01
-1.89e-01
1.61e-01
3.23e-01
5.77e-01
-3.73e-01
-7.92e-01
9.89e-01
3.68e-01
6.27e-01
-4.34e-01
-4.15e-01
6.76e-01
-4.79e-01
-5.86e-01
3.73e-01
4.48e-01
5.68e-01
7.75e-01
-3.86e-01
-2.31e-01
-4.73e-02
5.90e-02
-9.00e-01
-9.69e-01
3.76e-01
4.18e-02
-3.63e-01
-8.35e-01
-8.19e-01
-1.82e-01
-6.54e-01
3.74e-01
9.70e-01
-6.97e-01
3.30e-01
4.28e-01
2.62e-01
7.13e-01
4.88e-03
-6.94e-01
7.34e-01
8.12e-02
9.60e-01
-1.85e-01
3.07e-01
2.49e-01
-6.20e-01
3.63e-01
6.62e-02
-6.23e-01
7.45e-01
2.23e-01
6.59e-01
7.67e-01
-7.70e-01
7.85e-01
-7.79e-01
2.01e-01
9.86e-02
-7.33e-01
9.84e-01
-8.28e-01
-6.83e-01
1.35e-01
8.85e-01
9.92e-01
-4.09e-01
