-5.67e-01
-5.64e-01
-2.31e-01
-8.76e-02
-3.28e-01
-6.22e-01
-4.44e-01
3.90e-01
-8.70e-01
4.36e-01
-6.42e-01
9.03e-02
-8.72e-01
6.21e-01
6.43e-01
-6.53e-01
4.19e-01
-6.74e-01
2.43e-02
3.93e-01
-5.27e-01
3.89e-01
5.01e-01
4.66e-01
-2.34e-01
5.92e-01
-3.03e-02
-5.12e-02
5.27e-01
7.81e-01
-4.44e-01
-1.40e-01
2.75e-01
9.11e-01
9.68e-01
-6.09e-01
4.56e-02
1.81e-01
3.17e-01
4.70e-01
2.32e-02
-6.36e-01
-9.67e-01
-2.91e-01
5.26e-01
-5.41e-01
-3.90e-01
-5.27e-01
9.67e-01
-4.06e-01
-9.04e-01
-2.83e-01
-4.62e-01
-1.55e-01
2.03e-01
6.64e-01
3.45e-01
-9.31e-01
3.63e-01
-2.95e-01
6.31e-01
9.42e-01
9.82e-01
1.64e-01
6.88e-01
-9.46e-01
5.56e-01
2.08e-01
-6.06e-01
-7.54e-01
3.98e-04
-8.85e-01
-2.04e-01
9.93e-01
8.74e-01
-1.23e-01
8.65e-01
-3.60e-01
3.95e-01
3.09e-01
-7.31e-01
2.37e-01
-1.94e-01
1.80e-01
7.43e-01
-5.03e-02
5.22e-01
2.21e-01
-4.07e-01
-9.30e-01
4.50e-01
6.18e-01
-1.12e-01
-2.32e-01
6.70e-01
3.59e-01
-1.78e-01
5.79e-01
7.98e-01
5.59e-01
-2.14e-01
-8.65e-01
3.47e-01
-4.29e-01
-2.85e-02
9.94e-01
1.32e-01
-1.21e-01
8.19e-01
-8.75e-01
7.94e-01
-5.70e-01
-2.62e-01
-2.60e-01
-3.31e-01
-8.82e-01
-2.37e-01
5.42e-01
-8.86e-01
-2.53e-01
8.29e-01
-5.59e-01
6.72e-01
9.82e-01
-6.40e-01
-1.08e-01
-9.23e-01
8.76e-01
1.10e-02
-5.86e-01
6.66e-01
-8.39e-01
2.92e-02
-7.72e-01
9.82e-01
7.05e-02
-3.58e-01
8.54e-01
-9.58e-01
9.59e-01
-4.74e-01
3.97e-01
7.63e-01
2.45e-01
2.73e-01
8.41e-01
1.60e-03
8.61e-01
-5.07e-02
-6.20e-01
8.28e-01
9.56e-01
-9.33e-01
5.85e-01
-8.21e-01
8.55e-01
4.61e-01
-9.03e-01
-9.26e-01
7.09e-01
1.95e-01
3.13e-01
5.73e-01
3.79e-01
-5.07e-01
8.98e-02
8.88e-01
-8.67e-01
-1.62e-01
9.56e-01
9.47e-01
3.51e-01
-2.53e-01
6.94e-01
-8.15e-01
-4.04e-01
-7.03e-01
9.64e-01
1.45e-01
-5.45e-01
-8.67e-01
-1.85e-02
-4.82e-01
-9.73e-01
8.53e-01
3.39e-01
-3.73e-01
4.10e-01
-2.90e-01
-7.01e-01
2.63e-01
6.78e-01
-6.70e-01
-3.76e-02
-8.76e-01
3.10e-01
-3.69e-01
-5.61e-01
9.19e-01
-8.17e-01
3.63e-02
-4.47e-01
3.89e-01
-9.30e-01
4.74e-01
-2.54e-02
-9.21e-01
8.17e-01
-3.93e-01
-7.74e-01
-6.61e-01
-4.61e-01
6.25e-01
-4.03e-02
-8.32e-01
-6.95e-01
4.21e-01
-9.80e-01
-7.05e-02
7.77e-01
-9.34e-01
7.79e-01
7.15e-01
5.30e-01
-9.20e-01
9.96e-01
-3.81e-01
-7.63e-01
-4.90e-02
-5.97e-02
8.69e-01
-5.52e-01
7.35e-01
-3.96e-01
3.31e-01
3.06e-01
-2.73e-01
9.31e-01
-1.92e-01
4.26e-01
-1.76e-01
3.70e-02
-4.56e-02
1.18e-01
2.16e-01
-2.97e-01
3.00e-01
-3.90e-02
-9.69e-01
1.51e-01
-7.51e-01
3.21e-02
1.41e-01
7.83e-01
3.19e-02
-7.97e-01
-8.19e-01
-4.49e-01
2.86e-04
-4.10e-02
4.84e-01
2.53e-01
-6.91e-01
7.34e-01
-5.93e-01
