-6.57e-01
8.61e-01
1.64e-01
1.67e-01
-2.34e-02
2.30e-01
-4.60e-01
-4.98e-01
-2.14e-01
-4.74e-01
-8.35e-01
-8.47e-01
9.61e-01
-7.67e-01
5.89e-02
5.22e-01
-6.26e-01
-1.08e-01
-5.24e-02
7.49e-01
3.87e-01
4.54e-01
4.30e-01
5.60e-01
-1.94e-01
-5.51e-01
8.41e-01
-3.84e-01
1.89e-01
1.41e-01
9.06e-02
-3.16e-01
5.47e-01
-4.62e-01
-9.94e-01
8.45e-01
-6.78e-01
7.10e-01
-8.85e-01
-4.84e-01
-2.21e-03
1.30e-01
3.42e-01
7.16e-01
5.25e-01
-1.40e-01
-8.59e-01
-1.84e-02
2.09e-01
-9.00e-01
8.44e-01
-9.15e-01
-2.85e-01
-9.52e-01
3.92e-01
-1.23e-01
-4.04e-01
3.75e-02
-7.78e-01
3.52e-02
-7.81e-02
-6.07e-01
-4.39e-01
2.82e-01
-6.00e-01
-2.95e-01
-1.99e-01
-2.12e-01
3.25e-01
9.76e-01
5.40e-01
1.49e-01
2.39e-01
4.86e-01
7.11e-01
-6.46e-02
6.87e-01
-1.43e-01
-6.93e-01
8.23e-01
3.70e-01
7.49e-01
4.55e-01
-5.30e-01
2.56e-01
8.30e-01
-2.30e-02
1.03e-01
-2.01e-02
-8.96e-01
-1.77e-02
-7.91e-01
7.73e-01
-4.12e-01
-5.45e-01
-4.20e-01
-6.57e-02
-9.59e-01
-3.42e-01
3.03e-01
-6.67e-01
-4.43e-01
-3.73e-01
-2.43e-01
-4.08e-01
-2.16e-02
1.79e-01
8.28e-01
1.13e-01
3.09e-02
-1.16e-01
6.73e-01
4.75e-01
1.92e-01
5.35e-01
-6.68e-01
-8.22e-01
3.70e-02
-6.00e-01
3.37e-01
3.83e-01
1.62e-01
-7.79e-01
-7.58e-02
-6.08e-01
-7.55e-01
-2.37e-02
6.03e-01
-2.57e-01
8.53e-01
3.34e-01
-2.34e-01
-3.26e-01
7.87e-01
6.74e-01
6.96e-01
6.73e-01
6.38e-01
4.55e-01
4.95e-01
-1.55e-01
-2.96e-01
6.18e-01
-3.59e-01
7.16e-02
5.23e-01
-6.52e-01
-1.57e-01
7.15e-01
5.93e-01
-7.11e-01
8.07e-01
6.64e-01
8.06e-01
-1.03e-01
6.30e-01
-1.14e-01
-2.53e-01
2.51e-01
2.01e-01
-8.63e-01
6.94e-01
-3.47e-01
1.57e-01
6.69e-01
-5.75e-01
7.97e-01
-5.85e-01
-3.24e-01
-6.68e-01
-6.26e-01
-8.69e-01
-3.58e-01
-1.78e-01
2.87e-01
-5.34e-01
9.63e-01
8.27e-01
8.31e-01
5.68e-01
3.42e-01
-5.47e-01
5.71e-01
-5.56e-01
5.66e-01
-7.06e-01
-7.76e-01
-1.56e-02
-6.88e-01
7.29e-01
-2.30e-01
1.14e-01
-2.98e-02
3.67e-03
6.95e-01
-1.35e-01
-4.06e-01
-6.37e-01
-5.10e-01
4.13e-01
7.10e-03
5.94e-01
-5.10e-01
3.78e-01
-2.75e-02
-7.01e-01
-1.41e-01
-5.39e-01
6.05e-01
-4.82e-01
-9.52e-01
-8.15e-01
-1.51e-01
5.87e-01
6.38e-01
1.36e-01
-2.75e-01
2.60e-02
3.22e-01
1.40e-01
-7.21e-01
6.83e-01
5.71e-02
8.70e-01
-5.43e-01
-2.50e-02
-4.89e-01
3.03e-01
6.83e-01
3.33e-01
1.57e-01
6.73e-02
9.80e-01
-7.47e-01
-1.34e-01
-6.83e-01
9.59e-01
-5.05e-01
2.89e-01
-5.30e-01
3.68e-01
-6.30e-01
7.36e-01
7.95e-01
-8.20e-01
8.81e-01
-8.78e-01
3.17e-01
8.72e-01
-9.86e-01
6.92e-01
-7.92e-01
3.03e-01
3.88e-01
9.88e-01
2.38e-01
3.66e-01
1.15e-03
3.42e-01
-6.70e-01
5.08e-02
-2.21e-01
7.76e-01
-3.17e-01
-3.67e-01
