5.57e-01
-7.81e-01
-8.51e-01
-2.00e-01
9.73e-01
2.32e-01
7.51e-01
7.13e-01
-5.09e-01
-3.10e-01
7.20e-01
-9.28e-01
-1.94e-02
1.82e-01
6.11e-01
-9.48e-01
-9.28e-01
8.29e-01
9.40e-02
-7.42e-01
1.75e-01
6.03e-01
8.46e-01
8.56e-01
1.04e-01
5.71e-01
-4.24e-01
-2.14e-02
-5.24e-01
-8.49e-01
-2.99e-01
-9.00e-01
-9.22e-01
3.69e-01
-7.28e-01
2.59e-01
4.68e-01
-3.17e-01
-4.16e-01
-7.91e-01
7.67e-01
7.02e-01
-9.95e-01
2.07e-01
-7.65e-01
2.26e-01
-8.71e-01
-4.43e-01
-6.66e-01
-4.39e-01
-8.68e-01
-7.60e-01
-1.47e-01
1.73e-01
1.11e-01
-7.66e-01
7.32e-01
1.03e-01
4.63e-01
-9.78e-02
6.68e-01
9.65e-01
-9.88e-01
4.10e-01
-9.29e-01
-9.86e-01
6.61e-01
3.50e-01
-8.31e-01
3.18e-02
6.06e-01
-6.98e-01
5.72e-01
9.70e-01
7.94e-01
8.09e-02
3.53e-01
9.87e-01
1.05e-01
-2.73e-01
-1.33e-01
-6.97e-01
5.97e-01
3.57e-01
2.32e-01
-3.87e-02
-1.34e-02
9.50e-01
2.06e-01
8.23e-01
5.53e-02
-9.47e-01
-2.18e-01
-2.05e-03
-1.71e-01
-8.64e-01
7.05e-01
-9.35e-01
-4.53e-02
-1.84e-01
-1.67e-01
4.96e-01
1.32e-01
9.78e-01
-4.61e-01
-9.21e-01
9.54e-01
-3.26e-01
-7.35e-01
-5.38e-01
-7.54e-01
-2.36e-01
-7.22e-01
7.48e-01
-9.99e-01
-2.43e-01
-9.44e-01
6.58e-01
-8.63e-01
2.25e-01
6.09e-01
1.39e-01
5.85e-01
7.91e-01
-5.18e-01
6.53e-02
-4.72e-03
7.65e-01
2.73e-01
-3.62e-01
5.18e-01
-1.73e-01
-2.68e-01
-8.05e-02
-6.06e-01
6.99e-01
9.43e-01
6.54e-01
3.48e-01
-9.76e-01
6.10e-01
3.93e-01
-7.04e-01
7.39e-01
7.95e-01
-8.51e-01
8.32e-01
6.64e-01
-9.22e-01
-3.60e-01
7.52e-01
7.20e-01
-9.84e-01
4.84e-01
5.30e-01
6.48e-01
9.25e-01
7.02e-01
7.13e-01
-2.86e-01
-5.22e-02
8.53e-01
6.30e-01
7.54e-01
-7.26e-01
3.92e-01
6.79e-01
-5.24e-01
1.22e-01
9.52e-01
-8.82e-01
-7.60e-01
3.45e-01
-8.20e-01
-5.36e-01
-3.32e-02
-1.72e-01
-7.47e-01
6.46e-01
-1.59e-01
-5.26e-01
-6.04e-01
6.09e-02
3.39e-01
8.29e-01
-8.89e-01
7.36e-02
-7.24e-01
8.47e-01
-1.23e-01
-7.37e-01
-2.15e-01
-1.17e-01
5.13e-01
-6.52e-02
-6.35e-01
-5.45e-01
9.37e-01
-5.99e-01
-2.95e-01
8.92e-02
6.09e-01
2.86e-02
-7.04e-02
3.27e-01
6.89e-02
-2.19e-01
6.29e-02
7.33e-01
7.66e-01
-2.56e-02
9.63e-01
-2.90e-01
8.55e-01
-1.53e-01
6.95e-01
-4.97e-01
-9.97e-01
-3.49e-01
-7.12e-01
4.20e-01
-5.77e-01
8.27e-01
-3.33e-01
-3.85e-01
1.17e-01
-7.95e-01
4.55e-01
-7.44e-02
-2.69e-01
-2.95e-01
8.92e-01
8.66e-01
8.40e-01
-2.03e-01
3.59e-01
3.88e-01
1.34e-01
-4.81e-02
-5.00e-01
4.10e-01
-6.95e-01
-1.27e-01
-1.97e-01
-7.78e-01
-2.52e-01
-1.52e-01
-2.64e-01
4.26e-01
1.71e-01
-5.78e-01
4.29e-01
1.97e-01
2.17e-01
7.09e-01
2.02e-02
-2.67e-01
1.09e-01
9.73e-01
-3.64e-01
1.86e-01
9.73e-01
-2.97e-01
-3.76e-01
-9.46e-02
