7.52e-02
-4.80e-01
-8.48e-01
9.62e-01
-2.71e-01
-6.97e-01
-8.41e-01
-2.55e-01
-3.95e-01
-2.34e-02
8.15e-01
6.75e-01
-9.88e-01
-7.57e-01
1.19e-01
-8.42e-01
8.51e-01
7.17e-01
-1.85e-02
3.24e-01
7.93e-02
3.45e-01
3.86e-01
1.08e-01
1.99e-01
-6.47e-01
-4.65e-01
-5.65e-01
7.55e-02
5.96e-01
1.79e-01
6.86e-01
-3.62e-01
7.62e-02
4.50e-01
-1.31e-01
-7.80e-01
-3.22e-02
-7.77e-01
5.24e-01
3.72e-01
2.09e-01
7.36e-01
5.15e-01
8.60e-01
7.23e-01
4.65e-01
-5.16e-01
-2.58e-01
5.26e-01
8.27e-01
-9.78e-01
2.34e-01
-6.06e-01
-4.00e-01
-4.02e-01
-8.00e-01
-9.03e-01
-3.20e-01
7.50e-01
-1.58e-02
-1.74e-01
6.62e-02
-6.53e-01
-7.12e-01
9.12e-01
-8.68e-01
-4.33e-01
2.91e-02
-3.82e-01
-9.34e-01
-4.42e-01
7.83e-01
-4.43e-02
-2.01e-01
2.62e-01
-5.44e-01
9.98e-01
-4.92e-01
-4.48e-01
-6.46e-01
1.51e-01
-7.80e-01
6.66e-02
8.11e-02
-2.95e-01
5.40e-01
-3.41e-01
7.42e-01
-1.12e-01
-5.62e-01
-6.32e-01
4.12e-01
6.30e-01
-4.62e-02
-7.83e-01
2.30e-01
3.69e-01
5.51e-01
-4.45e-02
1.47e-01
-4.54e-02
-1.38e-01
6.90e-01
1.69e-01
6.90e-01
-2.52e-01
-1.65e-01
4.04e-01
-5.25e-02
4.16e-01
9.36e-01
4.46e-01
1.31e-01
-9.40e-01
5.52e-01
-3.82e-01
-1.26e-01
-9.54e-01
-7.72e-01
-1.18e-01
7.26e-01
-6.02e-01
-5.94e-01
5.92e-01
2.33e-01
2.45e-01
-6.86e-01
-8.61e-01
-9.99e-01
3.55e-01
-5.96e-01
-7.59e-01
-7.66e-01
-5.52e-01
-7.04e-01
9.02e-01
-5.13e-01
4.94e-01
8.24e-01
-5.82e-01
1.78e-01
5.02e-01
-8.72e-01
-4.20e-01
4.95e-02
-6.12e-01
9.66e-01
8.48e-01
-7.17e-01
-5.43e-01
-9.20e-03
-1.53e-01
-3.28e-01
7.06e-01
3.08e-01
9.64e-01
2.80e-01
-5.44e-01
2.14e-01
6.01e-01
-5.67e-01
-7.67e-01
2.88e-01
-9.49e-01
6.91e-01
1.24e-01
-8.94e-01
4.90e-01
4.86e-01
8.44e-01
3.48e-01
3.41e-01
-1.83e-01
-1.49e-01
-7.42e-01
3.33e-01
-7.82e-01
-8.26e-01
8.04e-01
8.67e-01
-6.18e-01
-1.79e-01
8.67e-02
6.13e-01
7.29e-01
1.58e-02
4.38e-01
-1.12e-01
-9.78e-01
4.21e-01
4.77e-01
3.63e-01
5.53e-01
2.24e-01
-8.90e-01
-2.58e-01
1.10e-01
-4.76e-01
-6.45e-02
-6.49e-01
5.80e-01
3.60e-01
-6.72e-03
3.07e-01
8.96e-01
2.70e-01
4.17e-01
-1.94e-01
2.67e-01
-6.27e-01
6.66e-01
7.81e-01
-4.38e-01
-4.86e-01
-9.12e-01
2.23e-02
-6.46e-01
7.79e-01
-2.94e-02
7.50e-01
7.04e-01
-6.75e-03
8.23e-01
-1.82e-01
4.19e-01
-1.83e-01
-6.58e-01
-2.81e-01
8.62e-01
2.20e-01
-8.04e-01
-8.12e-01
-8.59e-01
8.85e-01
7.38e-01
2.42e-01
2.62e-01
5.63e-01
-8.72e-01
-6.47e-01
-8.88e-01
5.67e-01
5.12e-01
-4.79e-02
3.54e-01
-7.01e-01
-8.65e-01
4.67e-01
-1.69e-01
-6.66e-01
6.21e-01
1.13e-01
8.24e-01
-2.24e-01
-5.74e-01
-9.10e-01
6.03e-01
-3.77e-01
-4.93e-01
-8.10e-01
-9.03e-02
5.67e-01
-5.31e-01
6.89e-01
