3.65e-01
-7.22e-01
1.14e-01
-5.44e-01
8.52e-01
8.52e-01
7.51e-01
7.13e-01
-5.09e-01
-3.10e-01
7.20e-01
-8.75e-01
-1.94e-02
1.82e-01
6.11e-01
-4.23e-01
-9.28e-01
8.29e-01
9.40e-02
-7.42e-01
1.75e-01
6.03e-01
8.46e-01
4.38e-01
-7.01e-01
-5.68e-01
-6.08e-01
-8.41e-01
6.42e-01
-5.35e-01
2.14e-01
6.05e-01
-3.26e-02
4.07e-01
3.72e-01
3.91e-01
2.41e-01
-3.44e-02
2.84e-01
-2.98e-01
2.49e-01
6.55e-01
-1.37e-01
-6.54e-01
-7.47e-01
-4.69e-01
3.89e-01
-4.63e-01
3.71e-01
-4.39e-01
-8.68e-01
-7.60e-01
-1.47e-01
1.73e-01
1.11e-01
-7.66e-01
7.32e-01
-1.56e-01
-9.35e-01
9.16e-01
9.52e-01
-8.01e-02
5.46e-02
-7.37e-01
8.11e-02
-9.35e-02
4.20e-01
-5.82e-01
2.91e-02
-3.82e-01
-9.34e-01
-4.42e-01
7.83e-01
-4.43e-02
-2.01e-01
2.62e-01
-5.44e-01
9.98e-01
-4.92e-01
-4.48e-01
-6.46e-01
1.51e-01
-7.80e-01
6.66e-02
8.34e-01
-2.95e-01
5.40e-01
-3.41e-01
7.42e-01
-1.12e-01
-5.62e-01
-6.32e-01
4.12e-01
6.30e-01
-2.29e-01
9.31e-01
-8.26e-01
-5.80e-01
-6.16e-01
5.95e-01
-6.95e-01
-8.62e-01
1.92e-01
4.01e-01
-5.96e-01
6.38e-01
8.19e-01
9.81e-01
-2.85e-01
5.38e-01
9.83e-01
-2.21e-01
7.36e-01
8.14e-01
8.80e-01
-6.21e-01
3.94e-01
-1.97e-01
6.48e-01
2.25e-01
6.09e-01
1.39e-01
5.85e-01
7.91e-01
-5.18e-01
3.69e-01
7.12e-01
3.68e-01
-8.40e-01
7.71e-01
4.60e-01
7.65e-01
3.36e-01
-7.82e-02
-3.33e-01
5.70e-01
6.48e-01
6.35e-01
-4.23e-01
-4.79e-02
-6.12e-01
-9.62e-01
5.86e-01
-3.57e-01
-8.64e-01
-6.28e-01
-2.08e-01
-2.39e-01
-6.25e-01
1.80e-01
-3.08e-01
-7.36e-02
-6.85e-01
-4.75e-01
-4.44e-01
-4.24e-01
-9.16e-01
-2.83e-01
6.93e-01
3.22e-01
-1.39e-01
2.02e-01
2.12e-01
1.32e-01
-4.61e-02
-1.46e-01
7.46e-01
6.01e-01
-3.51e-01
-3.41e-01
5.56e-01
-9.06e-01
-2.86e-01
-8.43e-01
9.90e-01
3.24e-01
5.84e-01
-7.47e-01
6.46e-01
-1.59e-01
-5.26e-01
-6.04e-01
6.09e-02
3.39e-01
8.29e-01
-8.89e-01
-2.19e-01
-7.24e-01
8.47e-01
-1.23e-01
-7.37e-01
-8.56e-01
-1.17e-01
-6.19e-01
5.97e-01
-9.51e-02
-5.45e-01
9.37e-01
-5.99e-01
-2.95e-01
8.92e-02
6.09e-01
2.86e-02
-7.04e-02
3.27e-01
7.20e-01
-2.19e-01
6.29e-02
7.33e-01
7.66e-01
-2.56e-02
9.63e-01
-2.90e-01
8.55e-01
-1.53e-01
6.95e-01
-4.97e-01
-9.97e-01
4.88e-01
2.15e-01
9.00e-01
-8.30e-02
5.86e-01
9.13e-01
8.42e-01
-3.07e-01
5.36e-01
3.47e-01
-6.28e-01
2.42e-01
-8.77e-01
-2.29e-02
-5.76e-01
-3.75e-01
-2.69e-02
-9.40e-01
-7.68e-01
2.65e-01
9.95e-01
-1.51e-01
4.10e-01
-6.95e-01
-1.27e-01
-1.97e-01
-7.78e-01
-2.86e-02
-8.18e-01
4.86e-01
3.51e-01
7.58e-01
6.68e-01
9.78e-01
6.55e-01
-5.26e-01
6.62e-01
7.43e-01
-2.37e-01
1.14e-01
6.46e-01
1.51e-01
-3.33e-01
1.93e-01
4.28e-01
-2.74e-01
-8.12e-01
