-8.20e-01
9.32e-01
5.15e-01
-6.38e-01
5.93e-01
-4.70e-01
-8.24e-01
-1.32e-01
-5.09e-01
-3.10e-01
7.20e-01
-9.28e-01
-1.94e-02
1.82e-01
6.11e-01
-9.48e-01
-9.28e-01
8.29e-01
9.40e-02
-7.42e-01
1.75e-01
6.03e-01
8.46e-01
8.56e-01
1.04e-01
5.71e-01
-4.24e-01
-2.14e-02
-5.24e-01
-8.49e-01
-2.99e-01
-9.00e-01
-9.22e-01
3.69e-01
-7.28e-01
2.59e-01
4.68e-01
-3.17e-01
-4.16e-01
-7.91e-01
7.67e-01
7.02e-01
-9.95e-01
2.07e-01
-7.65e-01
2.26e-01
-8.71e-01
-4.43e-01
-6.66e-01
-4.39e-01
4.64e-01
-4.53e-02
-3.32e-01
4.63e-01
4.21e-01
4.59e-01
9.31e-01
-9.21e-01
7.54e-01
-1.63e-01
-8.30e-01
3.72e-01
9.08e-02
5.90e-01
3.11e-01
-8.37e-01
8.60e-01
6.68e-01
6.46e-01
2.97e-01
-7.45e-01
-7.41e-01
4.58e-01
-9.55e-01
1.90e-01
9.73e-01
-8.52e-01
9.80e-01
4.96e-01
5.18e-01
-3.69e-01
-8.15e-01
-8.09e-01
2.85e-01
7.00e-01
8.32e-02
7.66e-01
6.54e-02
-7.51e-01
9.65e-01
-4.87e-01
-7.48e-01
-2.18e-01
-2.05e-03
-1.71e-01
-8.64e-01
7.05e-01
-9.35e-01
-4.53e-02
-1.84e-01
-1.67e-01
4.96e-01
1.32e-01
9.78e-01
-4.61e-01
-9.21e-01
9.54e-01
-3.26e-01
-7.35e-01
-5.38e-01
-7.54e-01
-2.36e-01
-7.22e-01
7.48e-01
-9.99e-01
-2.43e-01
-9.44e-01
6.58e-01
-8.63e-01
2.25e-01
6.09e-01
1.39e-01
5.85e-01
7.91e-01
-5.18e-01
3.69e-01
7.12e-01
3.68e-01
-8.40e-01
7.71e-01
4.60e-01
7.65e-01
3.36e-01
-7.82e-02
-3.33e-01
5.70e-01
6.48e-01
6.35e-01
-4.23e-01
-4.79e-02
-6.12e-01
-9.62e-01
5.86e-01
-3.57e-01
-8.64e-01
-6.28e-01
-2.08e-01
-2.39e-01
-6.25e-01
-4.75e-01
-2.07e-01
-1.69e-02
9.96e-01
-8.73e-01
-4.44e-01
-4.24e-01
-9.16e-01
-2.83e-01
6.93e-01
3.22e-01
-1.39e-01
2.02e-01
2.12e-01
1.32e-01
-4.61e-02
-1.46e-01
7.46e-01
6.01e-01
-3.51e-01
-3.41e-01
5.56e-01
-9.06e-01
-2.86e-01
-8.43e-01
9.90e-01
3.24e-01
1.89e-01
-3.76e-02
-2.20e-01
-3.15e-01
4.38e-01
3.05e-01
-4.07e-01
-5.30e-01
5.98e-01
-8.00e-01
-2.68e-01
1.49e-01
3.49e-01
6.78e-01
-7.37e-01
-2.15e-01
-1.17e-01
5.13e-01
-6.52e-02
-6.35e-01
-5.45e-01
9.37e-01
-5.99e-01
-2.95e-01
8.92e-02
8.26e-01
4.99e-01
2.08e-01
-3.95e-01
6.00e-01
6.51e-01
6.12e-01
-1.99e-01
-7.61e-01
-6.50e-01
-4.46e-01
5.53e-01
-2.49e-01
-2.00e-01
3.32e-03
-2.03e-01
1.52e-01
5.40e-01
-9.60e-01
1.16e-01
-2.48e-01
-5.85e-01
2.46e-01
2.46e-01
-4.92e-01
9.80e-02
-5.83e-01
4.86e-01
3.00e-01
-6.14e-01
3.64e-01
8.66e-01
8.40e-01
-2.03e-01
3.59e-01
3.88e-01
1.34e-01
-4.81e-02
-5.00e-01
4.10e-01
-6.95e-01
-1.27e-01
-1.97e-01
-7.78e-01
-2.52e-01
-1.52e-01
-2.64e-01
4.26e-01
1.71e-01
-5.78e-01
4.29e-01
1.97e-01
2.17e-01
7.09e-01
2.02e-02
-2.67e-01
1.09e-01
9.73e-01
-3.64e-01
1.86e-01
-1.54e-01
-2.97e-01
-3.76e-01
-9.46e-02
