3.65e-01
-7.22e-01
4.29e-01
-5.44e-01
8.52e-01
8.52e-01
7.51e-01
7.13e-01
-5.09e-01
-3.10e-01
7.20e-01
-8.75e-01
-1.94e-02
1.82e-01
6.11e-01
-9.48e-01
-9.28e-01
8.29e-01
9.40e-02
-7.42e-01
1.75e-01
6.03e-01
8.46e-01
4.38e-01
-7.01e-01
-5.68e-01
-6.08e-01
-8.41e-01
6.42e-01
-5.35e-01
2.14e-01
9.87e-01
-5.57e-01
-4.64e-01
-1.04e-02
9.90e-01
-8.35e-01
2.55e-01
3.71e-01
-4.68e-01
1.30e-01
1.55e-01
-5.48e-01
6.53e-01
-3.61e-01
4.63e-01
-4.60e-01
7.23e-01
-2.39e-02
-9.62e-01
5.96e-01
-6.51e-01
9.21e-01
-1.60e-01
1.11e-01
-7.66e-01
7.32e-01
1.03e-01
-9.35e-01
9.16e-01
9.52e-01
-8.01e-02
5.46e-02
-7.37e-01
8.34e-01
-9.35e-02
4.20e-01
-5.82e-01
2.91e-02
-3.82e-01
-9.34e-01
-4.42e-01
7.83e-01
-4.43e-02
1.90e-01
-1.54e-01
-8.52e-01
5.98e-01
9.92e-01
-4.65e-01
8.89e-02
6.46e-01
8.41e-01
9.11e-01
5.14e-01
8.32e-02
7.66e-01
6.54e-02
-7.51e-01
-1.12e-01
-5.62e-01
-6.32e-01
4.12e-01
6.30e-01
-2.29e-01
7.20e-01
-8.26e-01
-5.80e-01
-6.16e-01
5.95e-01
9.65e-01
-8.62e-01
1.92e-01
4.01e-01
-5.96e-01
6.38e-01
8.19e-01
-6.35e-01
9.65e-01
2.86e-01
8.11e-01
1.61e-01
9.81e-02
9.72e-01
3.05e-01
8.93e-01
2.85e-01
4.41e-01
6.84e-01
2.70e-01
1.87e-01
-1.95e-01
7.98e-01
-9.92e-01
9.93e-01
9.41e-01
-8.86e-01
4.33e-01
-8.40e-01
7.71e-01
4.60e-01
7.65e-01
3.36e-01
-7.82e-02
-3.33e-01
5.70e-01
6.48e-01
6.35e-01
-4.23e-01
-4.79e-02
-6.12e-01
-9.62e-01
5.86e-01
-3.57e-01
9.00e-01
2.73e-01
9.58e-02
4.37e-01
-5.17e-01
-3.41e-01
-5.18e-01
-7.81e-01
7.77e-01
-3.58e-01
9.06e-02
2.63e-01
-2.94e-01
-1.10e-01
-5.34e-01
-5.98e-01
-2.05e-01
8.01e-01
-6.36e-01
3.70e-01
3.22e-01
4.57e-01
-3.85e-01
3.33e-01
4.94e-01
9.70e-01
-8.32e-01
-8.90e-01
6.55e-02
8.94e-01
-7.07e-01
-8.19e-01
-9.71e-02
-7.47e-01
6.46e-01
-1.59e-01
-5.26e-01
-6.04e-01
6.09e-02
3.39e-01
8.29e-01
-9.64e-01
-1.57e-01
5.35e-01
-1.12e-01
9.03e-01
-8.09e-01
8.28e-01
-6.42e-01
8.47e-01
-8.41e-02
-6.20e-01
5.82e-01
-8.51e-02
-2.46e-01
8.75e-01
-1.71e-01
7.51e-01
7.64e-01
-1.96e-01
2.46e-01
-1.24e-01
8.35e-01
6.12e-01
-1.99e-01
-7.61e-01
-6.50e-01
-4.46e-01
5.53e-01
-4.38e-01
-4.86e-01
-9.12e-01
2.23e-02
-6.46e-01
7.79e-01
-2.94e-02
7.50e-01
7.04e-01
-6.75e-03
8.23e-01
8.65e-01
-3.07e-01
5.36e-01
3.47e-01
-6.28e-01
2.42e-01
-8.77e-01
-2.29e-02
-5.76e-01
-3.75e-01
-2.69e-02
-9.40e-01
-7.68e-01
2.65e-01
9.95e-01
-1.51e-01
-6.47e-01
-8.88e-01
5.67e-01
5.12e-01
-4.79e-02
3.54e-01
-7.01e-01
-8.65e-01
4.67e-01
-1.69e-01
-6.66e-01
-3.66e-01
-3.38e-01
-6.28e-01
-4.59e-01
3.87e-01
-6.40e-01
5.79e-02
7.12e-02
9.85e-01
-9.12e-01
-9.04e-02
6.70e-01
9.59e-01
8.67e-01
