7.28e-03
1.87e-02
7.79e-01
8.03e-01
-9.49e-01
-6.53e-01
2.64e-01
-2.59e-01
-3.03e-01
-1.73e-01
5.27e-01
-8.75e-01
-3.38e-01
4.53e-01
6.76e-01
-4.87e-01
-3.75e-01
7.17e-01
-1.85e-02
3.24e-01
7.93e-02
9.69e-02
-6.53e-01
3.26e-01
3.00e-01
-1.09e-01
-6.69e-01
9.82e-01
-5.47e-01
-9.68e-01
-5.37e-01
-4.75e-02
4.35e-01
5.27e-01
-6.18e-01
5.86e-01
-9.07e-01
-2.84e-01
-6.09e-01
9.30e-01
5.15e-01
4.82e-01
3.55e-01
-7.29e-01
5.75e-01
-1.92e-01
-2.74e-01
8.42e-01
-5.77e-01
-3.18e-01
1.87e-01
9.40e-01
-4.74e-01
-1.20e-01
-2.68e-01
6.12e-02
-9.30e-01
9.73e-01
-9.35e-01
3.47e-01
6.03e-01
2.67e-01
3.25e-01
8.65e-01
7.05e-01
3.38e-01
9.63e-01
8.83e-02
1.10e-02
2.02e-01
-6.38e-01
3.30e-01
-3.19e-01
-3.02e-01
6.20e-01
-9.27e-01
3.69e-01
9.80e-01
4.96e-01
5.18e-01
-3.69e-01
-8.15e-01
-8.09e-01
2.85e-01
7.00e-01
8.32e-02
7.66e-01
6.54e-02
-7.51e-01
9.65e-01
-2.06e-02
4.87e-01
4.84e-01
6.21e-01
-5.05e-01
1.42e-01
4.95e-01
-8.17e-01
2.03e-01
-5.05e-01
6.97e-01
8.72e-01
1.92e-01
4.01e-01
-5.96e-01
6.38e-01
8.19e-01
9.81e-01
-2.85e-01
5.38e-01
9.83e-01
1.61e-01
9.81e-02
9.72e-01
3.05e-01
8.93e-01
2.03e-01
-4.56e-01
9.40e-01
7.44e-01
4.05e-01
-9.07e-01
-3.23e-01
-9.92e-01
9.93e-01
3.69e-01
7.12e-01
3.68e-01
-8.40e-01
7.71e-01
4.60e-01
7.65e-01
3.36e-01
-7.82e-02
-3.33e-01
5.70e-01
6.48e-01
6.35e-01
-4.23e-01
-4.79e-02
-6.12e-01
-9.62e-01
-9.08e-02
-3.57e-01
-8.64e-01
-4.61e-02
-7.28e-01
-1.01e-01
6.41e-01
1.80e-01
1.81e-01
-7.44e-02
2.55e-01
-7.37e-01
4.63e-01
5.61e-01
-8.88e-01
-6.41e-01
-6.52e-01
-8.39e-01
-4.65e-01
7.92e-01
3.75e-01
-8.03e-01
-9.54e-01
-5.33e-01
-1.66e-01
-1.11e-01
6.65e-01
6.13e-01
-8.86e-01
-4.07e-01
-1.03e-01
-3.11e-01
9.90e-01
3.24e-01
1.89e-01
-3.76e-02
-2.20e-01
-3.15e-01
4.38e-01
3.05e-01
-4.07e-01
-5.30e-01
5.98e-01
-8.00e-01
-2.68e-01
1.49e-01
3.49e-01
6.78e-01
-8.09e-01
8.28e-01
-6.42e-01
8.47e-01
-8.41e-02
-6.20e-01
5.82e-01
-8.51e-02
-2.46e-01
8.75e-01
-1.71e-01
6.09e-01
2.86e-02
-7.04e-02
3.27e-01
6.89e-02
-2.19e-01
6.29e-02
7.33e-01
7.66e-01
-6.27e-01
6.66e-01
7.81e-01
-4.38e-01
-4.86e-01
6.14e-02
-5.02e-01
3.48e-01
3.26e-01
-4.29e-01
9.00e-01
-8.30e-02
2.04e-01
9.13e-01
8.42e-01
-3.07e-01
5.36e-01
3.47e-01
-6.28e-01
-7.52e-01
-5.40e-01
-6.15e-01
-8.30e-02
-9.60e-01
-8.40e-01
7.54e-01
5.43e-02
3.05e-02
4.88e-01
8.70e-01
-7.04e-01
8.38e-01
3.83e-01
5.12e-01
-4.79e-02
3.54e-01
-7.01e-01
-8.65e-01
4.67e-01
-1.69e-01
-6.66e-01
-3.66e-01
-3.38e-01
-6.28e-01
-5.18e-01
3.87e-01
-6.40e-01
5.79e-02
7.12e-02
9.85e-01
-9.12e-01
-9.04e-02
6.70e-01
9.59e-01
8.67e-01
