3.65e-01
-7.22e-01
4.29e-01
-5.44e-01
8.52e-01
8.52e-01
7.51e-01
7.13e-01
-5.09e-01
3.93e-01
-2.35e-01
-8.73e-01
-5.61e-01
2.94e-01
4.04e-01
-3.11e-01
-4.04e-02
6.03e-01
9.40e-02
-6.86e-01
1.75e-01
6.03e-01
8.46e-01
4.38e-01
-7.01e-01
-5.68e-01
-6.08e-01
-8.41e-01
6.42e-01
-5.35e-01
2.14e-01
6.05e-01
-3.26e-02
4.07e-01
3.72e-01
3.91e-01
2.41e-01
-3.44e-02
2.84e-01
-2.98e-01
2.49e-01
6.55e-01
-1.37e-01
-6.54e-01
-7.47e-01
-4.69e-01
3.89e-01
-4.63e-01
3.71e-01
-4.39e-01
-8.68e-01
-7.60e-01
-1.47e-01
5.56e-01
2.33e-01
8.63e-01
2.26e-01
1.57e-01
-3.57e-02
-6.67e-01
-4.25e-01
-8.45e-01
-6.84e-01
4.57e-01
-8.20e-01
1.63e-01
-9.99e-01
2.59e-01
2.91e-02
-3.82e-01
-9.34e-01
-4.42e-01
7.83e-01
-4.43e-02
-2.01e-01
2.62e-01
-5.44e-01
9.98e-01
-4.92e-01
-4.48e-01
-6.46e-01
1.51e-01
-7.80e-01
6.66e-02
8.11e-02
-2.95e-01
5.40e-01
-3.41e-01
7.42e-01
-1.12e-01
-5.62e-01
-6.32e-01
4.12e-01
6.30e-01
-4.62e-02
-7.83e-01
2.30e-01
3.69e-01
5.51e-01
-4.45e-02
1.47e-01
-4.54e-02
-1.38e-01
6.90e-01
1.69e-01
6.90e-01
-2.52e-01
-1.65e-01
4.04e-01
-5.25e-02
4.16e-01
9.36e-01
4.46e-01
1.31e-01
-9.40e-01
5.52e-01
-3.82e-01
-1.26e-01
-9.54e-01
-7.72e-01
-1.18e-01
7.26e-01
-6.02e-01
-5.94e-01
5.92e-01
2.33e-01
2.45e-01
-7.42e-01
-8.61e-01
-9.99e-01
3.55e-01
-5.96e-01
-7.59e-01
-7.66e-01
-5.52e-01
-7.04e-01
9.02e-01
-5.13e-01
4.94e-01
8.24e-01
-5.82e-01
1.78e-01
5.02e-01
-3.48e-01
9.10e-01
5.45e-01
9.34e-01
-7.74e-02
-9.98e-01
-6.38e-01
9.35e-02
-6.70e-01
-8.31e-02
-9.17e-01
5.09e-01
-2.04e-01
8.43e-01
4.44e-01
8.57e-01
7.37e-01
-4.39e-01
-5.67e-01
-7.67e-01
2.88e-01
-9.49e-01
6.91e-01
1.24e-01
-8.94e-01
4.90e-01
4.86e-01
8.44e-01
3.48e-01
3.41e-01
-1.83e-01
-1.49e-01
-7.42e-01
3.33e-01
-7.82e-01
-8.26e-01
8.04e-01
8.67e-01
-6.18e-01
-1.79e-01
8.67e-02
6.13e-01
7.29e-01
1.58e-02
4.38e-01
-1.12e-01
-9.78e-01
4.21e-01
4.77e-01
3.63e-01
5.53e-01
2.24e-01
-8.90e-01
-2.58e-01
1.10e-01
-4.76e-01
-6.45e-02
-6.49e-01
5.80e-01
3.60e-01
-6.72e-03
3.07e-01
8.96e-01
2.70e-01
4.17e-01
7.33e-01
7.66e-01
-6.27e-01
6.66e-01
7.81e-01
-4.38e-01
-4.86e-01
-9.12e-01
2.23e-02
-6.46e-01
7.79e-01
-2.94e-02
7.50e-01
7.04e-01
-6.75e-03
8.23e-01
8.42e-01
-3.07e-01
5.36e-01
3.47e-01
-6.28e-01
2.42e-01
-8.77e-01
-2.29e-02
-5.76e-01
-3.75e-01
-2.69e-02
-9.40e-01
-7.68e-01
2.65e-01
9.95e-01
-1.51e-01
4.10e-01
-6.95e-01
-1.27e-01
-1.97e-01
-7.78e-01
-2.86e-02
-8.18e-01
4.86e-01
3.51e-01
7.58e-01
6.68e-01
9.78e-01
6.55e-01
-5.26e-01
6.62e-01
7.43e-01
-2.37e-01
1.14e-01
6.46e-01
1.51e-01
-3.33e-01
1.93e-01
4.28e-01
-2.74e-01
-8.12e-01
