-4.09e-01
3.36e-01
7.34e-01
-8.29e-01
6.47e-01
-3.57e-01
7.83e-03
9.87e-01
-2.41e-01
-1.62e-01
-8.83e-01
9.24e-01
7.04e-01
-8.76e-01
-7.42e-01
-9.09e-01
6.70e-01
-6.03e-01
-1.12e-01
5.63e-02
-1.86e-01
-3.90e-01
-9.80e-01
-8.01e-01
9.45e-01
-2.27e-01
-3.56e-02
-8.28e-01
-3.14e-01
3.37e-01
9.65e-01
1.13e-01
-4.50e-01
3.58e-01
9.86e-01
9.27e-01
-6.95e-01
-1.71e-01
-1.66e-01
-6.08e-01
-8.95e-01
5.01e-01
8.74e-01
7.56e-02
-4.16e-01
7.95e-01
-9.93e-01
-4.94e-01
-1.13e-01
7.18e-01
-6.33e-01
-1.92e-01
-9.63e-01
1.26e-01
-2.45e-02
-9.45e-01
-8.82e-02
-5.32e-02
-3.87e-01
4.79e-01
7.59e-01
-8.36e-01
-1.76e-01
3.93e-01
-2.12e-01
6.73e-01
-5.02e-01
-8.73e-01
-2.36e-01
-8.49e-01
-2.51e-01
-1.98e-01
9.99e-01
-7.88e-01
6.22e-01
2.94e-01
7.40e-01
4.67e-01
8.79e-01
2.06e-01
-7.28e-01
-8.20e-02
-4.47e-01
1.07e-02
-7.50e-01
6.21e-01
3.15e-02
-5.57e-01
4.96e-01
3.48e-01
4.37e-01
9.52e-01
-5.62e-02
5.66e-01
5.05e-01
1.34e-01
1.81e-01
-4.64e-01
-6.02e-01
-9.88e-01
4.95e-01
-6.14e-01
8.32e-01
9.78e-02
-8.21e-01
9.24e-01
4.57e-01
-2.12e-01
1.06e-01
4.88e-01
-9.62e-01
-7.13e-01
-4.33e-01
2.13e-01
9.88e-01
-1.89e-02
6.05e-02
-1.57e-01
-3.27e-01
-6.68e-01
5.63e-01
6.71e-01
-9.68e-01
7.24e-01
1.44e-01
6.08e-01
-4.30e-01
-5.01e-01
8.36e-01
3.87e-01
3.53e-01
-3.00e-01
3.37e-01
4.60e-01
-2.71e-01
3.30e-01
-3.52e-01
-1.20e-01
-6.34e-01
7.04e-01
-6.83e-01
-5.64e-02
-6.25e-01
-5.80e-01
1.73e-01
5.64e-01
9.37e-01
-4.07e-01
3.51e-01
-3.53e-01
-2.96e-01
-7.12e-01
9.30e-01
2.91e-01
-5.10e-01
-8.35e-02
7.24e-01
-1.59e-01
-4.94e-01
-2.90e-01
-1.27e-01
-5.78e-01
-2.71e-01
-9.75e-01
-9.66e-01
-9.19e-01
6.03e-01
1.39e-01
-8.28e-01
-4.96e-01
-8.69e-01
-7.33e-01
4.51e-01
-2.55e-01
9.77e-01
-7.55e-01
-5.85e-01
-5.57e-01
2.59e-02
-9.88e-01
2.67e-01
-8.35e-01
3.80e-01
-5.22e-02
7.54e-01
-7.07e-01
-6.39e-01
-4.19e-01
-6.63e-01
6.99e-01
6.60e-01
-8.72e-01
-8.66e-01
7.03e-01
-2.96e-01
-4.04e-01
3.72e-01
8.55e-01
6.27e-01
2.75e-01
-2.11e-01
-9.67e-02
-2.48e-01
-8.61e-01
1.03e-02
6.91e-01
7.28e-01
1.35e-01
-4.60e-01
5.60e-01
-8.76e-01
-1.82e-01
-7.00e-01
-3.29e-01
-3.95e-01
-1.75e-01
-1.47e-01
9.22e-01
-7.23e-01
2.67e-01
-1.64e-01
5.32e-01
1.87e-01
-2.41e-02
-3.27e-01
-7.46e-01
5.81e-01
7.54e-01
-2.40e-02
3.19e-01
7.60e-01
3.06e-01
-8.34e-01
-4.82e-01
1.46e-02
-7.76e-01
-4.83e-01
1.20e-02
8.31e-01
-9.93e-01
9.49e-02
-4.00e-01
8.24e-01
8.84e-01
-9.92e-01
2.15e-01
7.27e-02
-2.58e-01
5.37e-01
-1.94e-01
1.34e-01
4.63e-01
-2.07e-01
7.75e-01
-2.52e-02
6.15e-01
-6.72e-01
5.71e-01
-1.50e-01
8.42e-01
9.28e-01
-6.92e-01
-3.14e-01
-6.73e-01
-3.43e-01
