1.76e-01
-2.46e-01
2.24e-01
-2.87e-01
9.51e-01
4.04e-02
2.74e-01
6.82e-02
-1.89e-01
-2.38e-01
5.32e-01
2.53e-01
6.29e-01
1.00e-01
8.65e-02
7.08e-02
4.23e-02
-1.63e-01
-3.81e-02
6.70e-01
-2.83e-01
-1.46e-02
4.89e-01
1.94e-01
-5.34e-01
6.86e-01
-9.64e-01
7.35e-02
-3.74e-01
-6.37e-01
-7.30e-01
5.32e-01
3.95e-01
-9.26e-01
-2.31e-01
4.37e-01
8.08e-01
3.23e-01
2.49e-01
-9.98e-01
3.73e-01
-7.61e-01
-1.00e+00
-9.02e-01
6.80e-01
-1.17e-01
5.48e-01
-8.20e-01
-3.13e-01
-4.67e-01
-9.03e-02
-7.10e-01
8.51e-01
3.71e-01
9.51e-01
-4.50e-01
-5.54e-01
-4.16e-01
-2.27e-01
-3.75e-01
-6.86e-01
-3.88e-01
-1.22e-01
-9.20e-01
8.50e-01
7.13e-01
3.91e-01
8.44e-01
5.19e-01
7.31e-01
4.93e-01
2.60e-01
-9.28e-01
5.51e-01
8.93e-01
-4.29e-01
-5.10e-01
-5.67e-01
-1.82e-01
8.23e-01
-8.04e-01
5.05e-01
-4.31e-01
6.78e-02
-7.81e-01
-8.59e-02
2.36e-01
9.53e-01
-3.09e-01
-6.31e-01
-5.00e-01
4.47e-01
-8.36e-01
9.24e-01
7.99e-01
8.36e-01
4.37e-01
9.99e-01
-8.60e-01
-7.89e-01
5.64e-01
-6.44e-01
-2.85e-01
5.65e-01
-1.58e-01
-4.28e-01
8.10e-01
1.97e-01
8.65e-02
-6.48e-01
-4.05e-01
-1.00e+00
-2.64e-01
-8.95e-02
-1.87e-01
-7.85e-01
-8.58e-01
-2.95e-01
-4.13e-01
7.45e-01
-8.73e-02
-7.75e-01
8.41e-01
5.82e-01
-5.77e-01
-3.33e-01
-6.63e-02
-5.61e-01
9.36e-01
3.22e-01
7.17e-01
6.73e-01
4.48e-01
9.40e-01
-2.97e-01
-1.76e-01
-7.79e-01
-2.60e-01
-2.00e-01
7.64e-01
-6.24e-01
4.44e-01
-8.00e-01
1.82e-01
-4.54e-01
-2.04e-02
7.91e-01
-1.92e-01
-9.19e-01
3.03e-01
5.81e-01
-7.19e-01
-9.39e-01
6.48e-01
-3.03e-01
4.80e-02
-5.43e-01
8.61e-01
9.10e-02
-2.94e-01
-2.70e-01
6.28e-01
-9.07e-01
-9.81e-01
4.89e-01
-3.12e-01
1.22e-01
7.90e-01
5.06e-01
-3.47e-01
-5.35e-01
-7.73e-01
-1.96e-02
-9.10e-01
-1.07e-01
-9.73e-01
-1.37e-01
-3.70e-01
-2.90e-01
-5.11e-01
1.25e-01
2.41e-01
-6.96e-01
-2.71e-02
6.00e-01
6.23e-02
-7.72e-01
-5.12e-01
-5.99e-01
-6.25e-01
-3.47e-01
5.19e-01
-4.66e-01
7.02e-02
2.99e-01
1.96e-01
-1.38e-01
7.25e-01
7.81e-01
8.23e-01
5.32e-01
-6.66e-03
-5.82e-01
2.18e-01
-2.37e-01
-2.33e-01
-2.01e-01
2.39e-01
-5.18e-01
-6.44e-01
-7.13e-01
-3.86e-01
-1.20e-02
1.13e-01
-5.92e-01
7.60e-02
2.22e-01
-3.01e-01
-3.69e-01
-9.60e-01
7.20e-01
3.12e-01
6.34e-02
1.64e-01
-9.15e-01
-6.55e-01
7.54e-01
6.87e-01
-7.18e-01
-8.87e-01
-8.28e-01
-9.83e-01
-1.21e-01
5.09e-01
5.77e-01
-5.11e-01
-8.70e-01
9.41e-01
8.27e-01
8.15e-01
-8.37e-01
3.64e-01
-6.30e-01
-2.26e-01
-7.81e-01
-7.20e-02
1.16e-01
4.60e-01
2.66e-02
-1.63e-01
-3.85e-01
-1.09e-01
8.35e-02
-4.89e-01
4.55e-01
6.89e-02
-2.09e-01
-4.82e-02
1.07e-01
-5.62e-01
-3.82e-01
-4.27e-01
9.43e-01
-9.03e-02
-9.59e-01
