-6.57e-02
-5.56e-01
-1.08e-01
6.32e-01
-2.67e-01
4.04e-02
2.74e-01
6.82e-02
-1.89e-01
-2.38e-01
5.32e-01
2.53e-01
6.29e-01
1.00e-01
8.65e-02
7.08e-02
-9.24e-01
-1.63e-01
-3.81e-02
6.70e-01
-2.83e-01
-1.46e-02
4.89e-01
-2.12e-01
-6.77e-02
-3.51e-01
7.74e-01
-2.43e-01
-8.38e-01
9.86e-01
-4.61e-01
1.56e-01
1.75e-01
-8.75e-01
-2.53e-01
9.95e-01
-3.58e-02
-1.86e-01
4.19e-02
3.33e-01
7.31e-02
1.60e-01
-7.02e-01
6.75e-01
-7.42e-01
2.50e-01
-8.77e-01
6.64e-01
-2.79e-01
-3.00e-01
9.38e-01
4.28e-02
-4.19e-01
2.11e-01
-3.91e-01
-9.07e-01
-9.80e-01
3.05e-01
-2.06e-01
1.13e-01
4.93e-01
1.39e-01
-5.50e-01
4.37e-01
-4.01e-01
8.50e-01
4.36e-01
8.09e-01
3.48e-01
8.72e-01
-5.15e-01
1.54e-01
5.11e-01
7.42e-01
-5.29e-01
9.47e-01
-3.10e-01
-1.97e-01
-4.83e-01
-1.08e-02
-5.52e-01
6.51e-01
3.92e-02
-4.39e-01
-5.34e-01
-5.38e-01
-9.59e-01
1.87e-01
8.10e-01
-2.68e-01
-5.62e-01
-9.80e-01
8.56e-01
-9.37e-01
-1.90e-01
-2.92e-01
7.99e-01
-6.33e-01
7.12e-02
3.79e-01
-5.62e-01
-6.84e-01
5.97e-03
-5.33e-01
-2.12e-01
9.54e-01
-7.70e-02
9.31e-01
8.87e-01
-8.46e-01
8.38e-01
2.11e-01
-8.89e-01
-3.49e-01
3.25e-01
2.38e-01
-3.52e-01
9.81e-01
3.29e-01
-6.38e-01
6.09e-01
-8.83e-01
2.89e-01
-6.90e-01
-1.58e-01
-2.48e-01
-1.06e-02
-3.05e-01
-7.30e-01
9.59e-01
-2.45e-01
5.67e-01
9.22e-01
2.14e-02
-6.86e-01
4.31e-01
-4.31e-01
8.81e-01
6.82e-01
-2.29e-01
-2.46e-01
7.15e-01
9.44e-01
8.88e-01
8.16e-01
1.15e-01
-4.50e-01
-7.11e-01
7.89e-01
2.41e-01
4.58e-01
-9.34e-01
5.22e-01
4.03e-01
4.99e-01
-8.44e-01
7.42e-01
-5.69e-01
-1.72e-01
-3.26e-01
4.69e-01
2.70e-01
9.14e-01
-6.97e-01
9.64e-01
-6.91e-01
-2.84e-01
3.95e-01
-1.10e-01
-1.68e-02
-2.95e-01
-9.14e-02
9.64e-01
3.79e-02
8.96e-01
5.54e-01
5.11e-02
5.61e-01
-5.94e-01
3.85e-01
-2.08e-01
-5.86e-01
7.26e-01
-7.23e-01
8.08e-01
7.69e-01
-9.28e-01
-2.19e-01
3.93e-01
-3.00e-01
-5.89e-01
1.74e-01
7.95e-02
-3.64e-01
-4.27e-01
-2.08e-01
-1.16e-01
1.20e-01
5.50e-01
5.48e-01
-5.86e-01
-2.19e-01
9.24e-01
1.78e-01
-8.47e-01
-6.07e-01
-6.61e-01
-1.03e-01
-8.90e-01
6.06e-01
-5.73e-01
-6.70e-01
9.60e-01
2.76e-02
-5.04e-01
-5.94e-01
1.38e-01
-2.47e-01
3.20e-01
-7.94e-01
-6.70e-01
9.73e-01
6.89e-01
9.56e-01
-8.26e-01
-6.39e-01
-8.59e-01
-4.49e-01
3.48e-01
-1.58e-01
1.12e-01
-9.29e-01
2.25e-01
7.95e-02
-6.53e-01
-9.85e-01
-5.67e-01
9.09e-01
-4.52e-02
-1.08e-01
9.18e-01
3.37e-01
1.32e-01
-5.15e-01
-1.41e-01
-5.96e-01
7.05e-01
1.87e-01
-9.32e-01
-3.97e-01
2.49e-02
3.93e-02
-7.53e-01
-8.75e-02
8.08e-01
-7.43e-01
-9.55e-02
-2.28e-01
7.20e-02
-4.46e-01
5.77e-01
-9.31e-01
4.15e-01
3.45e-01
9.53e-01
