3.77e-01
-4.66e-01
-7.95e-01
5.02e-01
-3.52e-01
5.04e-01
2.85e-01
8.10e-01
-6.81e-01
8.20e-01
-6.92e-01
-2.16e-01
9.57e-01
6.75e-01
5.38e-01
6.33e-01
-3.99e-02
-8.88e-01
-2.86e-01
-7.52e-01
-8.23e-01
-4.80e-01
4.67e-01
-7.34e-01
-4.06e-01
-6.76e-01
1.63e-01
-2.26e-01
-7.84e-01
-4.69e-01
8.58e-01
2.71e-01
2.61e-01
3.44e-01
-4.91e-01
-8.94e-01
-3.15e-01
-2.43e-01
-9.77e-01
4.64e-01
7.33e-01
9.98e-01
-8.66e-01
1.94e-03
2.03e-01
-1.43e-01
4.20e-01
-3.18e-01
7.43e-01
-9.62e-01
2.52e-02
8.99e-01
-3.89e-01
1.92e-01
3.90e-01
-4.70e-01
2.56e-01
-8.97e-01
-9.94e-01
5.59e-01
-4.17e-01
-9.31e-01
-1.27e-01
-1.65e-01
-4.28e-02
4.39e-01
-5.58e-01
-9.65e-01
-3.77e-01
-2.12e-01
-1.07e-01
-8.43e-01
2.66e-02
-5.74e-01
-3.19e-01
5.45e-01
3.18e-01
3.49e-01
9.98e-01
-3.87e-01
8.72e-01
-8.17e-01
8.62e-01
-8.53e-01
-4.82e-01
8.56e-01
-5.13e-02
4.54e-01
9.43e-02
3.72e-01
7.19e-01
-8.17e-01
-6.07e-01
-9.38e-01
8.34e-01
-2.77e-01
1.56e-01
2.18e-01
-3.81e-01
8.63e-01
8.70e-01
-8.56e-01
8.53e-01
-6.90e-01
3.93e-01
-3.76e-01
-3.42e-01
6.27e-01
5.39e-01
7.59e-01
1.57e-01
2.15e-01
-7.60e-01
-7.99e-01
2.08e-02
-6.61e-01
6.60e-01
-5.28e-01
4.41e-01
2.80e-01
-2.80e-01
7.25e-01
4.55e-01
2.64e-01
-6.65e-01
8.50e-01
-7.63e-01
-8.41e-01
-7.38e-01
9.34e-01
-3.49e-01
9.80e-01
-8.93e-01
-7.52e-01
2.86e-01
-1.26e-01
-6.31e-01
8.39e-02
-3.72e-01
5.68e-01
-4.62e-01
-3.89e-01
-9.28e-01
6.87e-01
4.76e-02
-2.88e-02
2.93e-01
-2.31e-01
8.60e-01
9.29e-01
-3.35e-01
-3.44e-01
-7.53e-01
-3.19e-01
-2.89e-01
-2.42e-01
6.21e-01
6.52e-01
1.20e-01
-2.50e-01
9.32e-01
6.80e-01
5.95e-01
-7.86e-01
3.24e-01
1.48e-01
-2.91e-01
1.30e-01
-6.80e-01
3.45e-01
4.52e-01
3.07e-02
-9.58e-01
5.14e-01
-7.83e-01
1.11e-01
-6.02e-01
-2.64e-01
-4.66e-01
-8.77e-01
4.64e-01
4.17e-01
-4.71e-01
5.68e-01
-6.22e-01
-6.41e-01
8.25e-01
-2.15e-01
-2.52e-01
-9.95e-01
-6.52e-01
-3.25e-01
9.15e-01
-6.51e-02
-8.71e-01
6.10e-01
8.95e-01
-3.89e-01
-1.14e-01
-3.35e-01
-3.69e-01
-6.69e-01
9.92e-01
2.07e-01
-7.03e-01
7.27e-01
-3.06e-01
5.54e-01
-8.26e-01
-4.50e-01
-2.47e-01
-3.37e-01
7.97e-01
7.00e-01
-9.54e-01
-6.97e-01
-7.81e-01
7.98e-01
1.59e-01
-3.62e-01
4.84e-04
-9.60e-01
-1.57e-01
2.73e-01
-6.21e-01
4.35e-01
6.90e-01
-1.75e-01
3.31e-01
-9.95e-01
2.24e-01
6.70e-01
3.30e-01
-9.37e-01
8.08e-01
3.57e-01
1.22e-01
-1.56e-01
9.51e-01
5.48e-01
-4.39e-01
-9.64e-01
6.77e-02
-1.59e-01
-5.51e-01
-8.86e-01
-3.25e-01
-8.83e-01
2.00e-01
-3.83e-01
7.60e-02
7.49e-01
5.16e-01
-9.65e-01
5.03e-01
6.82e-01
7.27e-01
-3.31e-02
-3.31e-02
-1.49e-01
3.03e-01
6.67e-02
-1.71e-01
-7.44e-01
3.01e-01
