9.89e-01
3.67e-01
9.89e-01
1.70e-01
1.95e-01
-6.89e-02
8.03e-01
-3.20e-01
4.76e-01
9.22e-01
-3.86e-01
5.90e-02
-8.05e-01
7.14e-01
5.14e-01
-3.65e-01
-8.35e-01
-1.71e-01
7.15e-01
-4.63e-01
-8.67e-01
-3.33e-01
-9.90e-01
-2.27e-01
-8.61e-01
4.84e-01
2.45e-01
-8.07e-01
-1.62e-01
-8.13e-01
4.83e-01
-3.21e-01
1.47e-01
-4.37e-01
1.63e-01
-8.00e-01
-5.47e-03
4.78e-01
-8.43e-01
-1.88e-01
-3.73e-01
-5.44e-01
-7.33e-01
4.88e-01
-7.23e-01
-8.16e-01
-1.90e-01
3.09e-01
4.00e-01
-1.04e-01
-2.43e-01
3.79e-02
5.97e-02
2.02e-01
7.45e-01
-8.75e-02
-7.73e-01
8.75e-02
-5.61e-01
-5.35e-01
8.99e-01
3.40e-01
2.66e-01
1.09e-01
5.72e-01
-1.21e-01
7.22e-01
9.80e-01
-7.33e-01
-7.48e-01
-4.80e-01
8.02e-01
-3.22e-01
6.18e-01
-3.05e-01
3.12e-01
4.71e-01
-2.84e-01
7.81e-01
7.03e-02
7.59e-01
9.97e-01
2.01e-01
6.77e-01
1.18e-01
6.93e-01
2.53e-01
-8.29e-02
9.36e-03
-7.33e-01
7.67e-01
1.27e-01
5.47e-02
9.05e-02
-6.65e-02
-5.88e-01
-6.76e-02
-4.15e-01
5.61e-01
4.29e-01
-8.11e-02
-1.13e-01
-3.55e-01
2.91e-01
-5.29e-01
4.60e-01
3.26e-01
6.95e-01
2.48e-01
9.80e-01
-8.51e-01
8.62e-01
-7.35e-01
1.18e-01
7.35e-01
7.75e-01
3.34e-01
6.63e-01
5.96e-02
1.69e-01
-5.17e-01
2.62e-01
-7.66e-01
7.93e-01
-1.11e-01
-1.84e-01
-3.51e-01
-9.03e-01
7.50e-01
-5.93e-01
6.89e-01
-3.46e-01
7.97e-01
-4.10e-03
-6.19e-02
-1.20e-01
9.37e-01
2.15e-01
-1.43e-01
-2.61e-01
-4.19e-01
6.07e-01
-7.70e-01
1.70e-02
4.14e-01
1.09e-01
-2.76e-01
4.71e-01
-8.43e-01
-5.20e-01
-4.07e-02
-8.95e-02
5.93e-01
-9.50e-01
-3.59e-01
6.87e-01
-9.42e-01
8.90e-01
-5.41e-01
-6.76e-01
9.40e-01
3.58e-01
-8.50e-01
-1.88e-01
1.67e-01
2.81e-01
-9.94e-02
-3.18e-01
-5.33e-01
-1.07e-01
-4.04e-01
8.77e-01
5.09e-01
-1.00e-01
6.57e-02
4.78e-01
5.79e-01
-6.03e-01
-6.31e-01
1.25e-02
6.92e-01
7.09e-01
3.68e-01
-4.13e-01
2.79e-02
-2.33e-01
3.97e-01
-6.77e-01
4.03e-01
5.16e-01
5.54e-01
3.07e-01
1.96e-01
-4.32e-01
-3.25e-01
-7.54e-01
-8.65e-01
-8.01e-01
-8.31e-01
6.53e-01
-6.33e-01
6.68e-01
4.27e-01
2.69e-01
-9.71e-01
8.21e-01
7.32e-01
4.32e-02
6.33e-01
4.46e-01
8.37e-01
-4.36e-01
-4.43e-01
-3.65e-02
3.50e-01
-3.53e-01
3.92e-02
7.32e-01
-5.88e-01
3.31e-01
-6.29e-01
-9.42e-02
-3.29e-01
4.52e-01
-8.52e-01
-3.36e-01
-2.14e-01
7.07e-01
-5.65e-01
4.33e-01
-9.86e-01
-2.50e-01
1.44e-01
8.39e-01
-7.44e-01
-9.37e-01
-8.66e-01
7.26e-01
7.03e-01
-4.12e-01
-8.46e-01
-4.18e-01
-5.65e-01
5.62e-01
3.64e-01
2.80e-01
4.00e-01
9.81e-01
8.34e-01
5.78e-01
6.37e-01
2.49e-02
8.74e-01
5.30e-01
-2.21e-01
9.46e-01
6.70e-01
-2.89e-01
-5.23e-01
-3.07e-01
-6.55e-01
-6.18e-01
-8.55e-01
-8.09e-01
-2.47e-01
