-6.86e-01
4.89e-01
2.99e-01
7.22e-01
7.58e-01
3.72e-01
-5.35e-02
8.58e-01
4.66e-01
8.29e-01
-4.95e-01
-5.56e-01
6.14e-02
2.47e-01
9.79e-01
-3.36e-01
5.15e-01
-2.30e-01
5.20e-01
4.12e-01
-1.55e-01
2.24e-01
-5.61e-01
-5.74e-03
2.43e-03
9.79e-01
2.86e-01
2.07e-01
-4.39e-01
-8.49e-01
-2.19e-01
-3.29e-01
4.17e-01
-7.01e-01
2.32e-01
6.72e-01
-4.44e-01
-8.39e-01
-7.49e-01
6.29e-01
3.93e-01
6.21e-01
-1.15e-01
-7.84e-02
6.72e-01
9.98e-01
6.78e-01
-3.01e-01
9.12e-01
5.35e-01
-7.26e-01
5.03e-01
4.00e-01
-9.70e-01
5.66e-02
-6.79e-02
-6.19e-01
8.64e-01
-6.52e-01
-7.26e-01
-7.14e-01
-5.24e-01
2.83e-01
5.29e-01
-4.56e-01
-4.57e-01
5.61e-01
3.30e-01
-7.66e-01
-5.29e-01
-3.56e-01
-4.62e-01
5.16e-01
-8.41e-01
-8.17e-01
-9.78e-01
2.43e-01
-2.44e-01
9.75e-01
9.10e-01
2.83e-01
1.62e-01
8.23e-01
-1.55e-01
4.39e-01
7.64e-01
-9.89e-01
-5.18e-01
3.47e-01
9.92e-01
3.06e-01
-3.02e-01
4.16e-01
-2.59e-01
-5.07e-01
7.25e-02
-1.13e-01
3.54e-01
-2.86e-01
-4.01e-01
-9.04e-01
-1.19e-01
2.55e-01
-8.54e-01
4.07e-02
6.31e-01
-9.81e-01
-5.83e-03
-2.00e-01
6.54e-01
-5.23e-01
3.53e-01
-2.25e-01
-4.24e-01
-6.58e-01
-4.69e-01
7.62e-01
9.06e-01
7.92e-01
4.50e-01
-4.79e-01
5.40e-02
7.87e-01
7.69e-01
7.07e-01
-9.33e-01
-2.08e-01
-4.65e-01
-4.60e-01
-6.52e-02
9.88e-01
-5.99e-01
2.13e-01
-8.28e-01
-2.03e-01
8.20e-01
-1.54e-02
-2.95e-02
-6.14e-01
9.39e-01
-4.51e-02
-9.55e-01
2.12e-01
-9.57e-01
-5.43e-01
1.22e-01
1.69e-01
8.73e-01
3.65e-01
-7.59e-01
6.52e-01
8.25e-01
2.58e-01
2.92e-01
-2.62e-01
-5.40e-01
-7.95e-01
-4.58e-01
5.91e-01
-9.52e-01
9.96e-01
4.65e-01
-7.57e-01
-6.37e-01
-2.17e-01
-8.97e-01
7.12e-01
8.32e-01
2.26e-01
8.02e-01
-1.10e-01
-8.61e-01
-5.71e-01
1.45e-01
-6.12e-01
1.08e-02
8.30e-01
-4.66e-01
-2.81e-02
1.72e-01
-1.42e-01
-2.12e-02
5.49e-01
-7.30e-01
-2.27e-01
2.43e-01
4.31e-01
-2.54e-01
9.35e-01
1.84e-01
3.57e-02
9.55e-01
9.05e-01
-1.44e-02
-6.29e-01
-9.46e-01
-1.32e-01
5.67e-01
4.49e-01
-9.79e-01
-8.19e-02
3.43e-01
-7.82e-01
-2.44e-01
6.27e-03
-8.27e-01
9.72e-01
1.64e-01
7.53e-01
2.39e-01
3.39e-01
-2.83e-01
6.28e-01
2.55e-01
6.26e-02
-9.55e-01
-5.41e-02
-2.94e-01
5.55e-01
8.93e-01
-7.86e-01
-3.21e-01
4.12e-03
3.92e-01
7.28e-01
-4.40e-01
-6.70e-01
4.04e-01
-8.76e-01
3.42e-02
1.49e-02
4.75e-01
-8.18e-01
-3.59e-01
7.86e-02
-7.28e-02
7.98e-01
-9.84e-01
6.70e-01
3.57e-01
7.31e-01
8.63e-01
9.75e-01
8.93e-01
-9.23e-01
2.16e-01
-8.28e-01
2.47e-01
8.45e-01
1.89e-01
6.73e-01
9.33e-01
-6.67e-01
5.08e-01
-9.12e-01
-5.43e-01
-1.16e-02
3.96e-01
9.55e-01
-3.83e-01
-9.29e-01
-6.93e-01
-3.55e-01
-4.16e-01
4.11e-01
