-1.64e-01
-6.93e-01
-3.42e-02
3.51e-01
-4.06e-01
4.32e-01
-6.57e-01
-4.22e-02
5.28e-01
-3.95e-01
2.77e-01
1.01e-01
-7.00e-01
7.31e-01
-4.54e-01
-2.10e-01
-3.23e-01
1.98e-01
-3.79e-01
4.71e-01
2.48e-01
-8.34e-01
-7.67e-01
-7.01e-01
-7.33e-01
3.30e-01
-2.79e-01
-9.51e-01
9.43e-01
2.19e-01
-6.04e-01
8.12e-01
4.40e-01
-4.48e-01
9.20e-01
2.79e-01
6.13e-01
-6.85e-01
6.83e-01
7.49e-01
8.07e-01
-2.98e-01
7.07e-01
-1.36e-01
9.80e-01
-3.53e-02
-3.82e-01
1.02e-01
5.33e-02
-9.27e-01
6.05e-01
-3.64e-01
4.61e-02
9.65e-01
-5.12e-02
-6.89e-01
4.99e-01
9.12e-01
-2.44e-01
-1.14e-01
9.96e-01
7.95e-01
3.54e-01
2.13e-01
-4.06e-01
-9.23e-01
-1.75e-01
-7.52e-02
2.61e-01
-6.64e-01
8.04e-01
9.21e-01
4.29e-01
-5.60e-02
-3.65e-01
-6.95e-04
-8.52e-01
2.19e-01
-1.55e-01
-4.62e-02
7.66e-01
5.56e-01
9.15e-01
-3.28e-01
1.72e-01
-5.34e-01
8.71e-01
-1.72e-01
3.72e-01
-8.17e-02
2.63e-01
-3.73e-01
-8.39e-02
-7.03e-01
3.90e-01
-9.22e-01
7.75e-01
-9.65e-02
8.73e-01
-3.17e-01
-8.92e-01
-4.32e-02
2.09e-01
9.59e-01
-1.49e-01
-4.22e-01
9.45e-01
1.70e-01
-2.68e-02
9.71e-02
8.39e-01
-7.29e-01
9.13e-02
-6.64e-02
-5.90e-03
-5.29e-01
-5.36e-01
-5.59e-01
-9.53e-01
4.65e-01
9.61e-01
-2.04e-02
-6.86e-01
-3.09e-01
-4.31e-01
1.57e-04
3.11e-01
-2.19e-01
9.07e-01
-3.14e-01
-3.20e-01
4.94e-01
5.03e-01
1.39e-01
8.66e-01
1.95e-01
6.78e-01
6.07e-01
4.68e-01
6.11e-01
6.35e-01
8.26e-01
-2.51e-01
-6.26e-01
-4.84e-01
2.52e-01
-9.92e-01
4.69e-02
-3.61e-01
-8.16e-01
5.43e-01
2.04e-01
1.70e-01
3.26e-01
-4.61e-01
2.86e-01
-8.53e-01
9.93e-01
9.56e-01
4.49e-01
-6.45e-02
-5.46e-01
-4.28e-01
9.23e-01
1.20e-01
1.82e-01
-6.03e-01
-1.86e-01
-5.36e-01
-6.99e-01
6.78e-01
8.93e-01
1.05e-01
8.35e-01
-4.15e-01
7.06e-02
-5.76e-01
7.33e-01
-6.52e-01
2.80e-01
1.09e-01
-6.47e-01
9.11e-01
-5.08e-01
9.92e-01
8.26e-01
-6.09e-01
5.84e-01
-6.59e-01
-3.02e-01
-1.82e-01
-8.41e-01
2.02e-01
-2.13e-01
7.14e-01
-9.16e-01
-3.62e-01
9.92e-01
8.21e-03
-1.64e-01
-6.52e-01
3.52e-01
-7.82e-01
-2.44e-01
6.27e-03
-8.27e-01
9.72e-01
1.64e-01
7.53e-01
-4.09e-01
-6.51e-01
-1.29e-01
1.52e-01
5.28e-01
1.31e-01
-6.57e-01
-9.37e-01
5.24e-01
7.11e-01
-8.71e-01
3.65e-01
1.56e-01
2.98e-01
3.07e-01
8.13e-01
-5.83e-01
-4.43e-01
4.71e-01
-2.01e-01
-2.55e-01
9.19e-01
3.74e-01
-4.96e-01
1.66e-01
9.40e-01
-3.13e-01
-6.31e-01
-7.91e-02
-2.19e-01
9.88e-01
-3.14e-01
2.56e-01
8.15e-01
-3.28e-01
-8.56e-01
-3.95e-01
1.14e-01
-4.41e-01
-2.82e-02
4.56e-01
7.49e-01
7.15e-01
3.28e-01
-5.75e-01
-8.51e-01
2.60e-01
5.06e-01
-3.52e-01
4.41e-02
-3.26e-02
-9.52e-01
-2.39e-01
-8.39e-01
-3.51e-02
-9.63e-01
