8.81e-02
7.72e-01
-4.16e-01
-5.36e-01
-7.08e-01
4.39e-01
-7.74e-01
-6.83e-01
-1.76e-01
-7.54e-01
9.98e-02
6.73e-02
-6.17e-01
-8.28e-02
-1.49e-01
3.22e-01
-3.98e-01
7.22e-01
-6.06e-01
-3.31e-01
9.56e-01
-2.75e-01
-2.07e-01
-7.50e-01
-5.14e-01
8.40e-01
-7.40e-02
7.79e-01
7.08e-01
-7.48e-01
-7.98e-01
-9.10e-01
-4.89e-01
-4.47e-01
1.30e-01
8.44e-01
6.15e-01
-6.19e-01
6.71e-03
8.71e-01
-9.70e-01
-2.98e-01
7.07e-01
-1.36e-01
9.80e-01
-3.53e-02
-3.82e-01
-9.96e-02
8.67e-01
9.61e-01
2.02e-01
7.72e-01
-1.65e-01
-6.63e-01
-5.89e-02
8.29e-01
-3.02e-01
7.27e-01
3.35e-01
-3.23e-01
9.25e-01
4.04e-01
9.98e-01
-7.14e-01
-8.95e-01
-3.39e-01
2.26e-01
2.84e-01
9.69e-01
4.48e-01
-7.13e-01
-4.14e-01
9.64e-01
-5.16e-01
-1.10e-01
1.07e-01
-8.78e-01
5.41e-01
6.42e-01
-4.05e-01
-7.15e-01
3.58e-01
5.73e-02
2.13e-01
-2.29e-01
7.72e-02
1.84e-01
7.22e-01
-2.60e-03
-8.19e-01
-1.33e-01
-8.55e-01
-1.26e-01
8.03e-01
2.80e-01
-5.29e-02
-2.08e-02
-5.06e-01
6.24e-01
-1.17e-02
1.69e-01
-4.45e-03
8.96e-02
-9.80e-01
8.77e-01
-4.77e-01
-6.69e-01
-8.90e-01
-9.49e-01
-4.43e-02
-3.53e-01
-8.81e-01
9.35e-02
2.22e-01
9.43e-01
5.44e-01
-9.21e-01
1.68e-01
-8.73e-01
8.37e-01
-7.87e-01
8.92e-01
-4.43e-01
-3.12e-01
4.50e-01
5.65e-01
-4.64e-01
-3.25e-01
2.74e-01
-9.47e-01
-9.22e-01
8.43e-01
8.94e-01
5.87e-01
1.15e-01
-4.46e-01
2.04e-02
-8.15e-01
-8.48e-01
9.21e-01
-5.51e-01
-3.82e-03
8.26e-01
-1.68e-01
-7.79e-01
-3.00e-01
-4.32e-02
-7.62e-01
8.26e-01
-2.38e-01
7.48e-01
8.07e-01
-1.52e-01
7.36e-01
-1.34e-01
8.35e-01
2.71e-01
-2.32e-01
-8.99e-01
-4.56e-01
-5.88e-01
1.27e-01
2.44e-01
3.45e-01
8.99e-01
5.23e-01
-6.07e-01
-9.91e-01
-4.73e-01
5.19e-01
7.45e-01
-5.89e-01
4.00e-02
-5.42e-01
-1.39e-01
-6.21e-01
6.29e-01
3.00e-01
9.59e-01
-7.48e-01
-8.59e-01
3.90e-01
2.30e-01
2.80e-01
2.98e-02
-7.68e-01
-9.52e-01
-4.29e-02
-5.17e-01
-1.12e-02
6.32e-01
-5.54e-01
-2.33e-02
-9.90e-01
-9.12e-01
-3.45e-01
7.20e-01
3.23e-01
6.73e-01
3.85e-01
-9.39e-01
-6.11e-01
6.08e-01
-5.16e-01
-5.11e-01
-3.96e-01
1.65e-01
-1.38e-01
8.83e-01
3.18e-01
-4.13e-01
-5.26e-01
5.83e-01
9.76e-01
1.97e-01
-7.54e-01
4.07e-01
5.93e-01
4.89e-02
1.29e-01
-5.95e-01
-7.89e-01
-6.11e-01
7.98e-01
5.29e-01
-7.48e-01
5.41e-01
4.39e-01
-2.48e-01
6.59e-01
1.88e-01
3.97e-01
2.78e-01
-9.51e-01
3.13e-02
-1.94e-01
-6.55e-01
8.97e-01
4.77e-01
-7.66e-01
-8.18e-01
-5.41e-01
-5.66e-02
5.54e-01
-6.81e-01
5.99e-02
-9.98e-01
5.55e-01
7.30e-01
-8.71e-01
4.04e-01
-6.17e-01
3.19e-01
-2.20e-01
-2.05e-01
3.95e-01
6.55e-01
-5.33e-01
-7.05e-01
-9.99e-02
5.48e-01
-4.90e-01
-8.23e-01
8.62e-02
-2.66e-01
