3.66e-01
3.24e-01
-1.34e-01
-5.32e-01
-4.18e-01
4.46e-01
-9.60e-01
6.49e-01
3.15e-01
7.83e-01
5.14e-01
-6.63e-01
4.93e-01
7.79e-01
-1.83e-01
2.54e-01
-9.36e-01
-1.31e-01
-4.44e-01
2.90e-01
8.94e-01
-9.65e-01
-4.80e-01
-6.56e-02
4.85e-01
-7.00e-01
-5.12e-02
9.55e-01
-7.05e-01
5.23e-01
-7.67e-01
-4.80e-01
-2.23e-01
-7.05e-01
5.27e-01
8.76e-01
7.53e-01
-3.29e-01
-8.01e-01
8.51e-01
9.70e-01
-4.65e-01
5.06e-01
-5.05e-01
1.96e-01
-1.69e-01
-2.02e-01
9.74e-01
-1.65e-02
1.89e-01
-5.58e-01
1.99e-01
7.58e-01
-2.83e-01
-2.72e-02
3.86e-01
-2.18e-01
-8.69e-01
-4.34e-02
-6.79e-01
-3.95e-02
-6.53e-01
-5.28e-01
2.76e-01
-3.74e-01
-5.27e-01
-2.14e-01
4.39e-01
8.94e-01
-5.14e-01
5.01e-01
8.31e-01
-2.65e-01
-6.26e-02
9.97e-01
4.34e-02
9.59e-01
-8.81e-01
-6.17e-01
-7.14e-01
6.80e-01
8.34e-02
-5.31e-01
-9.06e-01
7.49e-01
-1.41e-01
1.64e-01
-3.34e-01
8.74e-01
5.30e-01
8.68e-01
-3.92e-01
-2.08e-01
-5.96e-01
2.99e-01
6.11e-01
-5.55e-01
-3.81e-01
-8.43e-01
-1.91e-01
8.87e-01
1.75e-01
-9.33e-01
6.60e-01
8.40e-01
9.54e-01
-9.12e-01
-5.68e-01
-7.22e-01
-9.47e-01
-8.25e-01
8.40e-01
-5.29e-01
-8.74e-01
8.18e-01
-3.20e-01
3.17e-01
-4.74e-01
9.93e-01
-9.61e-01
7.50e-01
2.35e-01
-6.62e-01
5.25e-01
9.26e-01
1.37e-01
5.28e-01
4.10e-01
6.44e-01
9.67e-01
-9.22e-01
8.43e-01
8.94e-01
5.87e-01
1.15e-01
-4.46e-01
2.04e-02
-8.15e-01
-8.48e-01
9.21e-01
-5.51e-01
-3.82e-03
8.26e-01
-1.68e-01
-7.79e-01
-3.00e-01
-4.32e-02
-7.62e-01
8.26e-01
-2.38e-01
7.48e-01
-9.70e-01
-1.52e-01
7.36e-01
-1.34e-01
8.35e-01
2.71e-01
-2.32e-01
-8.99e-01
-4.56e-01
-5.88e-01
1.27e-01
2.44e-01
3.45e-01
8.99e-01
5.23e-01
-6.07e-01
-9.91e-01
-4.73e-01
5.19e-01
-6.13e-01
-8.77e-01
1.26e-01
-9.28e-01
-8.22e-01
-3.18e-01
7.33e-01
-3.64e-01
-1.96e-01
5.49e-01
5.18e-01
1.49e-01
-7.75e-01
4.05e-01
-7.93e-02
-2.87e-01
9.28e-01
-5.23e-01
-2.02e-01
-5.43e-01
2.09e-02
-7.05e-01
-8.60e-01
-2.97e-01
7.47e-01
-3.80e-01
-4.22e-01
3.04e-01
3.29e-01
-1.93e-01
-6.26e-01
-1.58e-01
-9.09e-01
1.34e-01
-9.57e-01
-3.99e-02
3.57e-01
-2.86e-01
-5.40e-01
9.63e-01
1.35e-01
1.23e-01
5.83e-01
9.76e-01
1.97e-01
-7.54e-01
4.07e-01
5.93e-01
4.89e-02
1.29e-01
-5.95e-01
-7.89e-01
-1.28e-01
7.98e-01
5.29e-01
-7.48e-01
5.41e-01
4.39e-01
-2.48e-01
6.59e-01
1.88e-01
3.97e-01
2.78e-01
-9.51e-01
3.13e-02
-1.94e-01
-6.55e-01
8.97e-01
-6.56e-01
3.35e-01
-3.23e-01
-9.87e-01
1.24e-01
1.42e-01
-8.13e-01
-1.47e-01
3.84e-01
8.53e-01
8.21e-01
6.05e-01
-2.70e-01
4.44e-01
-2.01e-01
-6.88e-01
2.80e-01
-9.85e-01
5.18e-01
4.69e-01
6.13e-01
5.64e-01
7.01e-01
-5.17e-01
-8.40e-01
8.16e-01
-7.05e-01
