2.54e-01
-2.23e-01
-4.85e-01
-9.24e-01
-9.60e-01
-1.97e-01
-8.10e-01
-4.04e-01
9.52e-02
5.86e-01
2.99e-01
-7.32e-01
8.17e-01
1.83e-01
-7.15e-01
-2.08e-01
1.71e-02
-7.40e-01
2.99e-01
9.22e-02
1.22e-01
9.66e-01
7.11e-01
-7.20e-01
6.69e-01
-9.21e-01
-5.80e-01
-9.00e-01
4.07e-01
3.62e-01
-9.08e-01
-5.22e-01
3.68e-01
4.92e-01
-9.38e-01
-4.61e-01
9.17e-01
2.25e-02
6.25e-01
2.23e-01
7.70e-01
-7.11e-01
-5.63e-01
-3.39e-01
-1.60e-01
8.77e-01
-3.64e-01
1.01e-01
9.57e-01
3.88e-01
5.00e-01
8.94e-01
-8.76e-01
6.88e-01
-4.98e-01
-8.81e-01
-3.28e-02
-2.67e-01
-1.96e-02
9.16e-01
-3.71e-01
-4.80e-01
5.84e-01
5.45e-01
-7.89e-01
1.15e-01
-3.35e-01
-4.79e-01
-8.76e-01
-8.55e-01
-4.21e-01
-9.04e-01
-7.45e-01
-9.96e-01
-1.77e-01
-5.01e-01
-9.43e-01
-6.88e-01
6.78e-02
-1.96e-01
1.73e-01
9.50e-01
-5.59e-01
9.75e-01
9.85e-01
-2.98e-01
-6.02e-01
-3.93e-01
-3.33e-01
-3.67e-01
-6.66e-01
3.51e-01
-2.81e-01
9.71e-01
-1.54e-01
-6.32e-01
4.83e-01
7.31e-01
-6.35e-01
8.27e-01
4.78e-01
3.25e-01
8.88e-01
3.53e-01
-5.30e-01
4.62e-01
9.07e-02
8.42e-02
-2.25e-02
2.25e-01
-7.70e-01
-2.25e-01
3.77e-01
-2.44e-01
5.66e-01
-3.00e-01
-4.03e-01
6.61e-01
-3.89e-01
3.55e-01
3.59e-01
3.02e-01
3.58e-01
-2.29e-01
-3.53e-01
3.65e-01
-6.34e-01
7.42e-01
-8.07e-01
5.39e-01
8.75e-01
8.27e-01
-7.48e-02
1.70e-01
2.09e-01
-8.61e-01
-9.86e-01
-7.97e-01
-2.22e-01
1.49e-01
9.14e-01
-9.45e-01
7.19e-01
3.57e-01
6.87e-01
-6.37e-01
7.71e-01
-1.05e-01
6.38e-01
-1.73e-01
-9.04e-01
9.69e-01
-4.34e-01
-8.40e-01
-3.68e-01
-5.67e-01
5.68e-01
-7.64e-01
-7.23e-01
-2.77e-03
-8.51e-01
9.55e-01
-4.48e-01
5.92e-01
3.59e-01
-2.45e-01
9.74e-01
6.68e-01
-5.23e-01
4.47e-01
8.26e-01
-1.47e-01
5.40e-03
8.36e-01
-2.16e-01
8.27e-02
7.95e-01
-1.06e-01
-8.96e-01
-7.29e-01
7.17e-01
-7.38e-01
-8.52e-02
-8.15e-01
7.17e-01
4.81e-01
-5.83e-01
-1.65e-01
6.78e-01
5.63e-01
6.60e-01
6.41e-01
8.28e-01
-2.94e-01
6.99e-01
-6.74e-02
-8.58e-01
-3.19e-01
-8.11e-01
-7.72e-01
-7.81e-01
-9.33e-02
1.32e-01
8.35e-01
9.50e-02
2.99e-01
3.33e-01
-3.42e-01
-5.37e-01
3.12e-01
-4.87e-01
4.72e-01
9.08e-01
7.60e-01
-5.74e-01
-8.89e-01
9.55e-02
4.56e-01
6.16e-01
5.33e-01
8.45e-01
-9.64e-01
7.78e-01
4.00e-02
4.45e-01
-8.37e-01
-2.51e-01
4.97e-01
5.95e-01
7.55e-01
-2.94e-02
2.49e-02
4.30e-01
3.62e-01
2.10e-01
-9.03e-01
-6.33e-01
4.65e-01
-3.86e-01
3.26e-01
-2.97e-01
-8.86e-01
1.59e-01
-2.12e-01
-9.61e-01
-5.18e-01
1.10e-01
7.28e-01
-4.22e-01
2.32e-01
5.51e-01
-9.54e-02
6.28e-01
-1.53e-01
-2.75e-01
5.21e-01
3.73e-01
2.21e-01
-3.73e-01
-4.09e-01
-4.96e-01
-9.99e-01
7.06e-01
-1.84e-01
-8.98e-01
