-7.79e-01
9.46e-01
2.34e-01
6.44e-01
8.96e-01
-4.69e-01
-5.85e-01
-5.19e-01
-1.78e-01
-6.35e-01
1.56e-01
-9.13e-01
-7.30e-01
-7.93e-02
4.81e-02
1.19e-01
1.71e-02
2.25e-01
-9.34e-01
9.22e-02
-8.51e-01
9.66e-01
7.11e-01
-7.20e-01
6.69e-01
-9.21e-01
-5.80e-01
-9.00e-01
4.07e-01
5.21e-01
-5.89e-02
8.06e-01
-2.30e-01
-1.26e-01
-7.10e-02
-5.95e-02
-4.03e-02
-6.13e-01
7.87e-01
-5.33e-01
3.06e-01
1.48e-01
-4.45e-01
4.97e-01
-1.98e-01
1.23e-01
-8.50e-01
9.64e-01
2.78e-01
3.88e-01
-2.73e-01
8.94e-01
-8.76e-01
6.88e-01
-4.98e-01
-8.81e-01
-3.28e-02
-2.67e-01
-1.96e-02
9.16e-01
-3.71e-01
-4.80e-01
5.84e-01
-8.00e-01
1.94e-02
-3.83e-01
-1.05e-01
-8.20e-01
-6.47e-02
5.64e-01
8.03e-01
-3.60e-02
-3.80e-01
-9.96e-01
9.48e-01
-9.13e-01
6.56e-01
-7.38e-01
2.22e-01
9.18e-01
-8.29e-01
-6.94e-01
9.10e-01
9.00e-01
6.00e-01
-8.67e-01
-4.29e-01
-6.47e-01
9.86e-01
-9.54e-01
6.98e-01
-5.37e-01
-5.37e-01
3.63e-01
7.64e-01
9.48e-01
-2.03e-01
4.66e-01
3.82e-02
9.16e-01
-3.82e-01
-6.37e-01
9.76e-01
-4.63e-01
5.03e-01
-2.64e-01
4.56e-02
-4.19e-01
2.08e-01
2.25e-01
-7.70e-01
-2.25e-01
3.77e-01
-2.84e-01
-1.55e-01
-9.96e-01
8.59e-03
-8.25e-01
1.92e-01
8.31e-01
-7.76e-01
7.04e-01
-5.30e-02
4.80e-02
2.48e-01
-5.37e-01
1.21e-01
7.88e-01
-1.90e-02
-3.55e-01
-2.98e-01
9.65e-01
1.72e-01
1.70e-01
2.09e-01
-1.29e-02
7.58e-01
3.03e-01
7.29e-01
3.77e-02
-6.61e-01
1.76e-01
-8.43e-01
-4.66e-01
-2.49e-01
-8.02e-02
-4.78e-02
4.87e-01
-3.87e-02
-1.95e-02
-8.27e-01
-5.94e-01
6.69e-01
-4.11e-01
2.38e-01
-7.01e-01
-7.53e-01
1.63e-01
-8.57e-02
-8.31e-01
-8.07e-01
9.55e-01
-7.62e-01
-1.26e-01
-8.94e-01
6.12e-01
8.63e-01
-5.63e-01
3.16e-02
3.26e-01
8.73e-01
-4.40e-01
-6.66e-01
9.04e-01
4.91e-01
2.89e-01
6.67e-01
-9.09e-01
-4.33e-01
-6.10e-01
7.17e-01
-7.38e-01
-2.04e-01
-6.58e-01
-4.85e-01
-9.93e-01
4.30e-01
-1.88e-01
-8.92e-01
-9.64e-01
-6.70e-01
1.03e-01
3.25e-01
-5.75e-01
4.48e-02
-3.55e-01
-1.89e-01
-7.43e-01
6.09e-01
-6.86e-01
-7.81e-01
-9.33e-02
1.32e-01
8.35e-01
-3.91e-01
3.68e-01
-7.12e-01
-1.81e-01
-6.58e-02
6.55e-01
-5.93e-01
4.72e-01
9.08e-01
7.60e-01
-5.74e-01
-8.89e-01
9.55e-02
4.56e-01
6.16e-01
8.81e-01
8.45e-01
-9.64e-01
7.78e-01
4.00e-02
4.45e-01
-8.37e-01
-2.51e-01
4.97e-01
5.95e-01
7.55e-01
-2.94e-02
2.49e-02
-7.45e-01
3.62e-01
2.10e-01
-9.03e-01
-6.33e-01
4.65e-01
-3.86e-01
3.26e-01
-2.97e-01
-8.86e-01
8.01e-01
-1.27e-01
4.21e-01
-6.86e-01
5.33e-01
8.36e-01
5.50e-01
1.43e-02
-9.21e-01
5.76e-02
-3.67e-01
-3.58e-01
-4.33e-01
-3.57e-01
-9.29e-01
6.19e-02
9.16e-01
1.57e-01
8.20e-02
7.09e-01
-4.98e-01
-4.08e-01
-9.83e-01
