2.54e-01
-2.23e-01
-4.85e-01
-9.24e-01
-9.60e-01
3.35e-01
3.80e-01
7.73e-01
-3.45e-01
-9.15e-01
8.66e-01
-1.19e-01
2.26e-01
-4.66e-01
-7.15e-01
-2.08e-01
1.71e-02
9.80e-01
-7.25e-01
2.61e-01
6.41e-01
-6.54e-01
-4.21e-02
-7.20e-01
6.69e-01
3.48e-04
-5.80e-01
-9.00e-01
4.07e-01
5.21e-01
-5.89e-02
8.06e-01
-2.30e-01
-1.26e-01
-9.38e-01
-4.61e-01
9.17e-01
2.25e-02
6.25e-01
2.23e-01
7.70e-01
-7.11e-01
7.13e-01
-3.39e-01
-1.60e-01
8.77e-01
-3.64e-01
1.01e-01
9.57e-01
3.88e-01
-2.73e-01
8.94e-01
-8.76e-01
6.88e-01
4.58e-01
-8.81e-01
-2.44e-01
-2.67e-01
-1.96e-02
9.16e-01
-3.71e-01
-4.80e-01
5.84e-01
5.45e-01
-7.89e-01
1.15e-01
-3.35e-01
-4.79e-01
5.00e-01
8.49e-02
8.03e-01
-3.60e-02
-3.80e-01
-9.96e-01
-5.00e-01
6.78e-02
-9.43e-01
-6.88e-01
-4.79e-01
-1.96e-01
1.73e-01
9.50e-01
-5.59e-01
9.75e-01
9.85e-01
-2.98e-01
-6.02e-01
-3.93e-01
-3.33e-01
-3.67e-01
-9.73e-01
3.51e-01
-2.81e-01
9.71e-01
-1.54e-01
-6.32e-01
4.83e-01
4.66e-01
3.82e-02
9.16e-01
-3.82e-01
-6.37e-01
9.76e-01
-4.63e-01
5.83e-01
-2.30e-01
-1.02e-01
5.53e-01
2.78e-01
-1.32e-02
-6.43e-03
5.68e-01
3.77e-01
-3.28e-02
5.66e-01
-3.00e-01
-4.03e-01
-8.25e-01
1.92e-01
8.31e-01
-7.76e-01
7.04e-01
-5.30e-02
2.64e-01
2.88e-01
-5.37e-01
1.21e-01
-5.65e-01
-1.90e-02
-3.55e-01
-2.98e-01
9.65e-01
1.72e-01
1.49e-01
-8.67e-01
7.40e-01
6.33e-01
3.03e-01
7.29e-01
3.77e-02
-6.61e-01
1.76e-01
-8.43e-01
-2.67e-01
-2.49e-01
-8.02e-02
-4.78e-02
4.87e-01
-3.87e-02
-1.95e-02
-8.27e-01
-5.94e-01
6.69e-01
-4.11e-01
2.38e-01
-7.01e-01
-7.53e-01
1.63e-01
-8.57e-02
-8.31e-01
-8.07e-01
9.55e-01
-7.62e-01
8.71e-01
3.86e-01
6.12e-01
8.63e-01
7.88e-01
-2.70e-01
-3.55e-01
8.26e-01
-1.47e-01
2.10e-01
2.61e-01
4.91e-01
2.89e-01
6.67e-01
-9.09e-01
-4.33e-01
-6.10e-01
9.42e-01
5.90e-01
-2.04e-01
-6.58e-01
7.17e-01
-9.93e-01
2.57e-01
-1.88e-01
-8.92e-01
-9.64e-01
-6.70e-01
1.03e-01
5.80e-01
-5.75e-01
4.48e-02
-3.55e-01
-1.89e-01
-7.43e-01
6.09e-01
-6.86e-01
-7.81e-01
-9.33e-02
1.32e-01
8.35e-01
-3.91e-01
3.68e-01
-7.12e-01
4.53e-01
-6.58e-02
3.12e-01
-4.87e-01
4.72e-01
9.08e-01
7.60e-01
-5.74e-01
-8.89e-01
9.55e-02
-2.51e-01
6.16e-01
5.33e-01
8.45e-01
-9.64e-01
7.78e-01
4.00e-02
3.59e-01
2.13e-01
-2.51e-01
4.97e-01
5.95e-01
7.55e-01
-2.94e-02
2.49e-02
4.30e-01
3.62e-01
-6.66e-01
-9.03e-01
-6.33e-01
4.65e-01
-3.86e-01
5.71e-01
3.27e-01
-8.81e-01
8.01e-01
-1.27e-01
4.21e-01
-6.86e-01
8.81e-01
8.36e-01
9.69e-01
1.43e-02
-9.21e-01
5.76e-02
-3.67e-01
-3.58e-01
-4.33e-01
-3.57e-01
-9.29e-01
6.19e-02
9.16e-01
1.57e-01
8.20e-02
7.09e-01
4.58e-01
-4.08e-01
-9.83e-01
