2.54e-01
-2.23e-01
-4.85e-01
-9.24e-01
-9.60e-01
-1.97e-01
-8.10e-01
-4.04e-01
9.52e-02
5.86e-01
2.99e-01
-7.32e-01
8.17e-01
1.83e-01
-7.15e-01
-6.36e-01
-6.61e-01
2.25e-01
-9.34e-01
9.22e-02
1.22e-01
9.66e-01
7.11e-01
-7.20e-01
6.69e-01
-9.21e-01
-5.80e-01
-9.00e-01
4.07e-01
5.21e-01
-5.89e-02
8.06e-01
-2.30e-01
-1.26e-01
-7.10e-02
-5.95e-02
-4.03e-02
-9.85e-01
7.87e-01
-5.33e-01
3.06e-01
8.39e-01
-4.45e-01
1.00e-01
-1.98e-01
1.23e-01
-8.50e-01
9.64e-01
2.78e-01
7.67e-01
-8.57e-01
5.61e-01
-5.54e-01
9.26e-01
9.30e-01
3.54e-01
8.20e-01
-5.53e-01
4.68e-01
-3.34e-01
8.47e-01
-2.48e-01
-2.73e-01
-5.50e-01
-9.41e-01
-4.56e-02
-3.35e-01
-4.79e-01
-2.73e-01
8.49e-02
8.03e-01
-3.60e-02
-3.80e-01
-6.24e-01
9.48e-01
-9.13e-01
6.56e-01
-7.38e-01
2.22e-01
9.18e-01
8.09e-01
3.04e-01
1.74e-01
9.00e-01
-2.83e-01
5.79e-01
-7.12e-01
9.00e-01
-1.29e-02
2.72e-01
7.42e-01
8.71e-01
-3.74e-01
-2.63e-01
4.00e-01
-6.32e-01
4.83e-01
7.31e-01
-6.35e-01
8.27e-01
4.78e-01
3.25e-01
8.88e-01
3.53e-01
-5.30e-01
4.62e-01
9.07e-02
8.42e-02
-2.25e-02
2.25e-01
-7.70e-01
-2.25e-01
3.77e-01
-2.44e-01
5.66e-01
-3.00e-01
-4.03e-01
6.61e-01
-3.89e-01
-7.24e-01
-7.27e-01
-1.54e-01
8.32e-01
4.80e-02
2.48e-01
-5.37e-01
1.21e-01
-3.92e-01
7.70e-01
5.39e-01
8.75e-01
8.27e-01
-7.48e-02
1.70e-01
2.09e-01
-5.42e-01
-6.88e-01
-4.96e-01
7.53e-01
3.77e-02
-6.61e-01
1.76e-01
-8.43e-01
-2.67e-01
-2.49e-01
-8.02e-02
-4.78e-02
4.87e-01
-3.87e-02
-1.95e-02
1.76e-01
-2.94e-01
4.83e-01
-7.28e-01
7.70e-01
-2.93e-01
6.67e-01
5.01e-01
-7.23e-01
-2.77e-03
-8.51e-01
9.55e-01
-7.62e-01
8.71e-01
3.86e-01
6.12e-01
8.63e-01
7.88e-01
-2.70e-01
-3.55e-01
8.26e-01
-1.47e-01
-6.66e-01
2.61e-01
4.91e-01
2.89e-01
6.67e-01
-9.09e-01
-4.33e-01
-6.10e-01
9.42e-01
5.90e-01
-8.46e-01
2.35e-01
7.17e-01
4.81e-01
2.57e-01
-1.88e-01
-8.92e-01
-9.64e-01
-6.70e-01
1.03e-01
5.80e-01
-5.75e-01
4.48e-02
-3.55e-01
-1.89e-01
-7.43e-01
6.09e-01
-6.86e-01
-7.81e-01
-9.33e-02
1.32e-01
8.35e-01
-3.91e-01
3.68e-01
-7.12e-01
4.53e-01
-6.58e-02
3.12e-01
-4.87e-01
4.72e-01
9.08e-01
-1.46e-01
-5.74e-01
-8.89e-01
9.55e-02
4.56e-01
6.16e-01
5.33e-01
8.45e-01
-5.53e-01
-1.95e-01
-2.40e-01
3.59e-01
2.13e-01
-1.83e-01
4.09e-02
-7.32e-02
7.02e-01
7.05e-01
2.36e-01
-3.10e-01
-1.67e-01
2.69e-01
-9.53e-01
-3.64e-01
5.60e-01
7.48e-01
5.71e-01
3.27e-01
-8.97e-01
4.39e-01
7.99e-01
2.91e-01
-7.60e-01
4.21e-01
8.36e-01
5.50e-01
1.43e-02
-9.21e-01
5.76e-02
-3.67e-01
-3.58e-01
-4.33e-01
-3.57e-01
-9.29e-01
6.19e-02
9.16e-01
1.57e-01
8.20e-02
7.09e-01
4.58e-01
-4.08e-01
-9.83e-01
