2.54e-01
-2.23e-01
-4.85e-01
-9.24e-01
-7.62e-01
3.35e-01
3.80e-01
7.73e-01
-3.45e-01
-9.15e-01
8.66e-01
-1.19e-01
2.26e-01
-4.66e-01
-3.83e-01
-6.36e-01
-6.61e-01
2.25e-01
-9.34e-01
9.22e-02
1.22e-01
9.66e-01
7.11e-01
-7.20e-01
6.69e-01
-9.21e-01
-8.89e-01
2.61e-01
-4.63e-01
4.97e-01
5.00e-02
-2.80e-02
-1.92e-01
2.57e-01
3.92e-02
2.31e-01
-7.43e-01
5.68e-01
4.13e-01
7.51e-01
6.02e-01
1.69e-01
3.15e-01
9.17e-01
-9.90e-01
7.35e-01
5.34e-01
-6.48e-01
-4.78e-01
-3.80e-01
-1.49e-01
6.71e-01
4.68e-01
-8.31e-01
9.62e-01
-1.15e-02
-2.10e-01
-4.37e-01
4.34e-01
8.60e-01
-2.14e-02
3.69e-03
-8.59e-01
-7.73e-01
-1.06e-01
-6.09e-01
3.90e-01
6.89e-01
1.33e-01
-9.51e-01
-8.19e-01
-3.89e-02
5.21e-01
-1.88e-01
-1.77e-01
-5.01e-01
-9.75e-01
4.50e-01
9.89e-01
-4.85e-01
7.72e-01
1.51e-01
-2.93e-01
-4.09e-01
-3.65e-01
-4.81e-01
-4.06e-01
-6.47e-01
9.86e-01
2.72e-01
7.42e-01
8.71e-01
-3.74e-01
-2.63e-01
-9.85e-01
-5.29e-01
2.00e-01
-6.48e-01
7.04e-01
-5.45e-01
-1.72e-01
6.00e-01
1.60e-01
-5.49e-01
9.39e-01
8.63e-02
-7.13e-01
4.34e-01
-9.29e-01
4.22e-01
8.72e-01
-5.83e-01
-5.25e-03
-2.84e-01
-8.78e-01
4.57e-01
2.42e-01
-6.70e-01
-2.45e-01
-7.24e-01
-7.27e-01
4.00e-01
8.32e-01
4.80e-02
2.48e-01
-5.37e-01
1.21e-01
-3.92e-01
7.70e-01
5.39e-01
8.75e-01
8.27e-01
-7.48e-02
1.70e-01
2.09e-01
-5.42e-01
7.58e-01
3.03e-01
7.29e-01
3.77e-02
-6.61e-01
-5.38e-01
-8.43e-01
-2.67e-01
-2.49e-01
-8.02e-02
-4.78e-02
4.87e-01
-3.87e-02
-1.95e-02
1.76e-01
-2.94e-01
4.83e-01
-7.28e-01
7.70e-01
5.64e-01
6.67e-01
5.01e-01
5.07e-02
-2.77e-03
-8.51e-01
-7.30e-01
-2.55e-01
6.14e-02
8.06e-01
6.12e-01
8.63e-01
7.88e-01
-2.70e-01
9.49e-01
8.26e-01
-1.47e-01
-6.66e-01
2.61e-01
4.91e-01
2.89e-01
6.67e-01
-9.09e-01
-4.33e-01
-6.10e-01
9.42e-01
5.90e-01
-8.46e-01
2.35e-01
-4.85e-01
-9.93e-01
2.57e-01
-1.88e-01
-8.92e-01
-9.64e-01
-2.14e-02
-8.66e-01
3.17e-01
5.19e-01
1.89e-01
-6.64e-01
-3.55e-01
-5.11e-01
-4.65e-01
-5.41e-01
-5.00e-01
-1.99e-01
7.96e-01
2.09e-01
9.43e-01
4.57e-01
3.33e-01
-1.81e-01
3.38e-01
6.55e-01
-5.93e-01
-2.86e-01
8.93e-01
9.57e-01
-5.74e-01
-8.89e-01
9.55e-02
4.56e-01
6.16e-01
5.33e-01
8.45e-01
-9.64e-01
7.78e-01
4.00e-02
4.45e-01
-8.37e-01
-2.51e-01
4.97e-01
5.95e-01
7.55e-01
-2.94e-02
2.08e-01
4.30e-01
3.62e-01
2.10e-01
-9.03e-01
-6.33e-01
4.65e-01
-3.86e-01
3.26e-01
-2.97e-01
-8.86e-01
1.59e-01
-2.12e-01
8.56e-02
6.00e-01
-5.92e-01
-2.22e-01
8.92e-01
2.32e-01
5.51e-01
9.20e-01
-7.08e-01
-7.20e-01
-4.28e-03
3.60e-01
-1.45e-02
-2.50e-01
6.40e-01
-7.49e-01
-5.85e-02
-5.42e-01
-1.44e-01
6.25e-01
-8.98e-01
