-2.10e-01
-6.98e-03
5.40e-01
7.71e-01
-9.61e-02
2.57e-01
-7.50e-01
-5.22e-01
-7.23e-01
-2.05e-01
9.29e-01
4.95e-01
5.04e-01
-2.36e-01
8.73e-01
-3.90e-01
7.74e-01
-9.32e-01
-1.61e-01
-6.55e-01
4.69e-01
-7.32e-01
-4.45e-01
8.33e-01
-3.44e-01
3.48e-04
-4.12e-01
3.07e-01
7.03e-01
3.62e-01
-9.08e-01
-5.22e-01
6.77e-01
2.17e-01
2.78e-01
7.87e-01
6.53e-01
1.63e-01
9.56e-01
-1.55e-01
-4.22e-01
5.87e-02
7.13e-01
-1.07e-01
-5.05e-01
-6.39e-01
-4.29e-01
7.20e-01
-4.03e-01
-1.68e-01
-6.40e-01
5.95e-01
2.79e-01
-6.04e-01
6.48e-02
8.22e-01
-1.45e-01
-8.52e-01
-1.64e-01
-1.61e-01
7.51e-01
7.81e-01
-2.92e-01
-8.00e-01
1.94e-02
-3.83e-01
-1.05e-01
-8.20e-01
-6.47e-02
5.64e-01
-2.64e-01
5.50e-01
6.13e-01
8.04e-01
-5.53e-01
-2.82e-01
-9.93e-02
1.01e-01
-5.76e-01
1.96e-01
1.83e-01
4.24e-01
-8.49e-01
-9.85e-01
6.78e-03
-6.20e-01
5.80e-01
8.91e-01
-1.29e-02
2.72e-01
7.42e-01
8.71e-01
-3.74e-01
-2.63e-01
-9.85e-01
-5.29e-01
2.00e-01
-6.48e-01
7.04e-01
-5.45e-01
-1.72e-01
6.00e-01
1.60e-01
-5.49e-01
9.39e-01
8.63e-02
-7.13e-01
4.34e-01
-9.29e-01
4.22e-01
-1.97e-01
-2.12e-01
-3.63e-01
-1.47e-01
-2.47e-01
4.57e-01
2.42e-01
-6.70e-01
-2.45e-01
-7.24e-01
-7.27e-01
4.00e-01
8.32e-01
4.80e-02
-3.35e-01
3.65e-01
2.30e-02
7.98e-02
8.72e-01
-3.46e-01
1.26e-01
5.17e-01
4.15e-02
-5.51e-01
5.83e-01
2.78e-01
7.58e-01
3.03e-01
7.29e-01
3.77e-02
-6.61e-01
-5.38e-01
7.19e-01
3.57e-01
6.87e-01
-6.37e-01
7.71e-01
-1.05e-01
6.38e-01
-2.27e-02
-1.74e-01
-2.49e-01
5.76e-01
7.78e-01
8.82e-01
-7.40e-01
-4.78e-01
4.52e-01
-8.17e-01
5.23e-01
1.98e-01
-7.37e-01
-4.79e-01
-1.26e-01
-8.94e-01
6.54e-01
-2.62e-01
-7.69e-01
3.16e-02
2.07e-01
-6.91e-01
2.29e-01
5.40e-03
8.36e-01
-2.16e-01
8.27e-02
7.95e-01
-1.06e-01
-8.96e-01
-7.29e-01
7.17e-01
-7.38e-01
-8.52e-02
-8.15e-01
-5.36e-01
7.58e-01
-5.83e-01
-1.65e-01
6.78e-01
5.63e-01
6.60e-01
-8.66e-01
3.17e-01
5.19e-01
1.89e-01
-6.64e-01
-3.55e-01
-5.11e-01
-4.65e-01
-5.41e-01
-5.00e-01
-1.99e-01
7.96e-01
2.09e-01
9.43e-01
4.57e-01
3.33e-01
-3.42e-01
-5.37e-01
3.12e-01
-4.87e-01
4.72e-01
9.08e-01
7.60e-01
-5.74e-01
-8.89e-01
9.55e-02
4.56e-01
6.16e-01
5.33e-01
8.45e-01
-9.64e-01
7.78e-01
4.00e-02
4.45e-01
-8.37e-01
-2.51e-01
4.97e-01
5.95e-01
7.55e-01
-2.94e-02
2.49e-02
4.30e-01
3.62e-01
2.10e-01
-9.03e-01
-6.33e-01
4.65e-01
-3.86e-01
3.26e-01
-2.97e-01
-8.86e-01
1.59e-01
-2.12e-01
8.56e-02
6.00e-01
-5.92e-01
-2.22e-01
8.92e-01
2.32e-01
5.51e-01
9.20e-01
-7.08e-01
-7.20e-01
-4.28e-03
3.60e-01
-1.45e-02
-2.50e-01
6.40e-01
-7.49e-01
-5.85e-02
-5.42e-01
-1.44e-01
6.25e-01
-8.98e-01
