-1.38e-01
5.15e-01
4.13e-01
-6.27e-01
7.86e-01
1.63e-01
2.01e-01
6.06e-01
-4.88e-01
-9.70e-01
-6.92e-01
-3.76e-01
5.11e-01
-2.36e-01
8.73e-01
-3.90e-01
7.74e-01
-9.32e-01
-1.61e-01
-6.55e-01
4.69e-01
-7.32e-01
-4.45e-01
8.33e-01
-5.25e-01
5.51e-01
-8.89e-01
2.61e-01
-4.63e-01
4.97e-01
5.00e-02
-9.16e-01
8.19e-01
2.02e-01
-4.88e-01
-6.15e-01
5.44e-03
-5.11e-01
8.65e-01
-3.47e-01
-7.10e-01
5.57e-01
-5.63e-01
-3.39e-01
-1.60e-01
8.77e-01
-3.64e-01
1.01e-01
9.57e-01
3.88e-01
5.00e-01
8.94e-01
-8.76e-01
6.88e-01
-4.98e-01
-8.81e-01
-3.28e-02
-2.67e-01
-1.96e-02
9.16e-01
-3.71e-01
-4.80e-01
5.84e-01
5.45e-01
-7.89e-01
1.15e-01
-3.35e-01
-4.79e-01
-8.76e-01
-8.85e-01
3.98e-01
5.85e-01
2.62e-02
-8.76e-02
8.61e-01
-4.96e-01
-7.42e-01
-2.08e-01
3.07e-01
7.64e-01
-8.01e-01
6.17e-01
6.00e-01
-8.32e-01
-8.85e-01
5.04e-01
7.37e-01
8.17e-01
4.62e-01
-5.31e-01
8.81e-01
-1.00e+00
-3.53e-01
-8.39e-01
-6.52e-02
6.43e-02
-3.69e-01
-8.72e-01
5.80e-01
-3.12e-01
8.49e-02
-4.32e-01
2.24e-01
2.36e-01
3.82e-01
-1.63e-02
3.77e-01
8.53e-01
-4.97e-01
-2.29e-01
4.97e-01
7.13e-01
-3.63e-01
-1.47e-01
-2.47e-01
-9.32e-01
2.42e-01
-6.70e-01
1.92e-01
-7.24e-01
-7.27e-01
4.00e-01
8.32e-01
4.80e-02
2.48e-01
-5.37e-01
1.21e-01
-3.92e-01
7.70e-01
5.39e-01
8.75e-01
8.27e-01
-7.48e-02
1.70e-01
2.09e-01
-5.42e-01
4.04e-01
3.03e-01
7.29e-01
3.77e-02
-6.61e-01
1.76e-01
-8.43e-01
-2.67e-01
-2.49e-01
-3.45e-01
-9.95e-01
4.83e-01
-8.43e-01
-2.27e-02
-1.74e-01
-2.49e-01
5.76e-01
7.78e-01
8.82e-01
-7.40e-01
-4.78e-01
4.52e-01
-8.17e-01
5.23e-01
1.98e-01
-7.37e-01
-4.79e-01
-1.26e-01
-8.94e-01
6.54e-01
-2.62e-01
-7.69e-01
3.16e-02
3.26e-01
8.73e-01
-4.40e-01
4.26e-01
2.53e-01
8.81e-01
8.90e-01
-3.52e-01
3.55e-01
9.62e-01
8.07e-01
-8.38e-01
-1.27e-01
-2.04e-01
-6.58e-01
4.54e-01
3.69e-01
-7.45e-01
1.34e-01
2.68e-01
2.51e-01
-1.92e-01
-4.94e-02
7.42e-01
4.91e-01
6.04e-01
-6.94e-01
-4.31e-01
-5.42e-01
-9.86e-01
3.81e-01
-2.60e-01
4.63e-01
9.20e-01
2.09e-01
9.43e-01
4.57e-01
3.33e-01
-3.42e-01
-5.37e-01
3.12e-01
-4.87e-01
4.72e-01
9.08e-01
7.60e-01
-5.74e-01
-8.89e-01
9.55e-02
4.56e-01
6.16e-01
5.33e-01
8.45e-01
-9.64e-01
8.90e-01
6.25e-01
2.22e-01
-6.77e-01
-8.27e-02
7.81e-01
8.40e-01
-7.70e-02
-3.26e-01
-3.40e-01
-5.71e-01
2.03e-01
-3.50e-01
-9.03e-01
-6.33e-01
4.65e-01
-3.86e-01
5.71e-01
3.27e-01
-8.97e-01
4.39e-01
7.99e-01
2.91e-01
-7.60e-01
4.21e-01
8.36e-01
8.92e-01
2.32e-01
5.51e-01
9.20e-01
-7.08e-01
-7.20e-01
-4.28e-03
3.60e-01
-9.97e-01
6.63e-01
2.57e-01
-5.64e-01
-3.05e-01
9.29e-01
-2.80e-01
3.13e-01
4.05e-01
