8.41e-01
-1.92e-01
6.56e-01
-4.80e-01
4.84e-01
6.03e-01
-1.59e-01
1.82e-01
3.72e-01
9.45e-01
-9.25e-01
1.98e-02
8.42e-01
1.99e-01
2.36e-01
-8.84e-01
4.95e-01
-1.46e-01
3.13e-01
-1.94e-01
-4.49e-01
-7.14e-01
4.36e-01
-7.19e-02
-5.53e-01
2.86e-01
5.49e-01
-5.13e-01
-4.96e-01
-1.14e-01
-6.83e-01
-1.38e-01
-7.46e-01
-5.74e-01
1.57e-01
-1.65e-01
9.85e-01
4.15e-01
-2.86e-02
7.67e-01
-6.64e-01
-1.02e-01
8.19e-01
-7.54e-02
7.10e-01
4.89e-01
3.38e-01
3.38e-01
3.54e-01
-1.76e-01
-7.56e-01
-5.15e-01
1.78e-01
2.78e-01
-3.45e-02
4.17e-01
7.98e-01
-1.63e-01
-5.00e-02
-3.92e-01
-7.06e-01
3.91e-02
3.76e-01
-5.38e-01
-2.04e-01
7.25e-01
9.03e-01
4.28e-01
-8.26e-01
1.06e-01
8.68e-01
-2.29e-01
1.65e-01
7.24e-01
6.71e-01
5.23e-02
-1.11e-01
1.43e-01
4.47e-01
-5.31e-01
5.27e-01
8.31e-01
-7.93e-02
-9.31e-01
3.98e-01
7.40e-01
7.47e-02
-3.62e-02
6.48e-01
-2.13e-01
-7.09e-01
8.85e-01
-8.60e-01
-9.62e-02
1.06e-01
-9.08e-01
-7.73e-01
-5.77e-01
-7.57e-01
3.60e-01
3.91e-01
9.58e-01
-2.79e-01
-3.10e-01
-7.86e-01
-2.86e-01
-1.59e-02
-2.66e-01
6.08e-01
2.87e-01
3.08e-01
4.15e-01
-4.80e-02
-7.96e-01
-4.10e-01
3.81e-01
-4.54e-01
2.66e-02
9.34e-01
-1.38e-01
-6.00e-01
1.39e-01
8.74e-01
-3.97e-01
-9.08e-01
3.49e-01
-5.21e-01
-3.65e-01
2.97e-01
-6.92e-02
-4.05e-01
2.52e-01
-1.28e-01
-9.96e-01
-4.43e-01
-2.99e-01
2.41e-01
1.22e-02
-8.82e-01
-6.91e-01
4.42e-01
7.71e-01
4.97e-01
-8.21e-01
-4.42e-01
-8.72e-01
-2.18e-01
3.36e-01
-6.00e-01
5.43e-01
-5.00e-01
3.98e-01
9.13e-01
8.16e-01
-7.91e-01
8.53e-01
3.40e-01
4.90e-01
-4.35e-01
3.01e-01
5.97e-01
8.73e-01
3.16e-01
-2.36e-01
1.80e-01
-2.64e-01
-2.28e-01
-3.69e-01
5.89e-02
-1.57e-01
-6.94e-01
3.03e-01
-5.05e-01
-8.07e-01
1.84e-01
-2.30e-01
3.31e-01
-2.78e-01
-6.51e-01
-7.44e-02
-4.94e-01
9.03e-01
-7.76e-01
2.45e-01
-3.35e-01
4.56e-01
-7.52e-01
1.60e-01
-6.03e-02
-7.67e-01
-9.09e-01
-1.24e-01
8.97e-01
-1.46e-01
-3.86e-01
-4.25e-01
4.77e-01
5.45e-01
-8.53e-01
8.58e-01
-5.08e-01
9.84e-01
5.68e-02
-5.41e-02
-1.15e-02
-1.24e-01
-1.35e-01
-3.13e-02
8.62e-01
-9.42e-01
3.76e-01
1.53e-01
7.18e-01
-6.60e-01
9.68e-01
3.47e-01
9.35e-01
-9.83e-01
8.69e-01
-6.00e-01
-5.16e-01
7.49e-01
8.88e-01
-8.92e-01
7.98e-01
-4.17e-01
-5.34e-01
3.79e-01
9.52e-01
-1.60e-01
5.11e-01
3.52e-01
-2.13e-01
9.45e-01
2.80e-01
2.44e-01
-8.43e-01
-5.64e-01
7.57e-01
-1.97e-01
-7.71e-01
7.96e-01
-2.57e-01
3.43e-01
1.27e-01
-5.12e-01
4.39e-01
2.23e-01
5.82e-01
-5.02e-02
7.25e-01
-7.59e-01
2.27e-01
-6.99e-01
8.71e-02
-7.35e-01
6.93e-01
-7.95e-01
3.09e-01
-8.09e-02
7.69e-01
6.40e-01
-5.30e-01
3.65e-01
-5.30e-02
