5.72e-01
-8.55e-01
9.12e-01
1.10e-01
7.42e-02
5.57e-01
-1.67e-01
-1.17e-01
-2.58e-01
-9.37e-01
-4.33e-01
3.89e-01
-2.80e-01
-3.29e-02
5.63e-03
-6.35e-01
-5.52e-01
-1.68e-01
-1.16e-01
3.28e-01
-6.62e-01
-7.52e-01
8.41e-01
-8.87e-01
8.18e-01
-9.43e-01
7.87e-01
-9.92e-01
-1.22e-01
8.13e-01
-6.49e-01
4.45e-01
-8.31e-01
-3.96e-01
9.54e-01
4.39e-01
-1.02e-01
-5.42e-01
-1.90e-01
-5.86e-01
-2.58e-01
-5.72e-01
-6.94e-01
7.50e-01
-1.03e-01
-8.57e-01
3.16e-02
2.18e-01
6.90e-01
-4.61e-01
-1.01e-01
-5.01e-01
7.97e-01
3.09e-01
2.81e-01
2.50e-01
3.88e-01
6.08e-01
7.40e-01
-6.99e-02
-5.02e-01
7.94e-02
-7.19e-01
7.81e-01
-1.59e-01
8.76e-01
-5.20e-01
-8.20e-01
-3.17e-01
-2.65e-01
2.37e-01
-3.05e-01
-4.09e-01
2.69e-01
-8.34e-01
3.63e-01
-3.58e-01
-7.11e-01
3.84e-02
-4.81e-01
-2.13e-01
3.09e-02
3.94e-02
-5.19e-01
-6.29e-01
9.62e-01
5.48e-01
-9.39e-01
-9.30e-01
-4.19e-01
9.68e-01
4.67e-01
-5.88e-01
-7.43e-01
-2.22e-01
9.40e-01
4.18e-01
3.52e-01
-8.96e-01
-9.05e-01
3.92e-01
-6.18e-01
-6.99e-01
2.21e-01
3.31e-01
-2.49e-01
-4.74e-01
8.95e-01
8.41e-01
1.70e-01
-6.85e-02
-7.47e-03
9.38e-01
-2.79e-01
-1.78e-01
-1.05e-01
4.14e-02
5.15e-01
-1.59e-01
2.00e-01
-6.90e-01
5.87e-01
-5.61e-01
-5.99e-02
-3.12e-01
-1.59e-01
8.16e-01
-5.86e-01
5.04e-01
9.61e-01
9.95e-01
5.18e-02
5.40e-01
-9.80e-01
1.45e-01
-1.17e-01
-6.93e-02
-7.97e-01
9.02e-01
-8.31e-02
8.00e-01
-4.39e-01
-7.80e-01
-1.93e-01
7.14e-02
-8.48e-01
-1.72e-01
-8.13e-01
3.89e-01
-2.32e-01
-4.06e-01
5.06e-01
-1.86e-01
-9.76e-01
3.38e-01
-4.39e-01
-8.26e-01
9.68e-03
-1.29e-01
9.54e-01
7.74e-01
5.80e-01
7.14e-01
-7.07e-01
9.42e-01
-7.32e-01
1.65e-01
-4.93e-01
-5.01e-01
-9.63e-01
-1.62e-01
-7.79e-01
4.31e-01
2.52e-01
-7.34e-02
-2.64e-01
-6.74e-02
-5.65e-02
-7.00e-01
7.05e-01
7.33e-01
8.57e-01
3.08e-01
-3.16e-01
4.54e-01
-2.39e-01
6.96e-02
6.73e-01
1.02e-01
6.42e-01
2.03e-01
7.92e-01
-2.63e-01
-7.82e-01
5.92e-01
4.68e-01
-2.17e-01
7.64e-01
3.76e-01
5.39e-01
8.34e-01
-7.82e-01
-4.25e-01
-4.15e-01
9.54e-02
-5.18e-01
-3.07e-01
7.60e-01
8.63e-01
9.62e-01
-8.09e-01
-6.18e-01
-9.68e-01
4.30e-01
-9.11e-02
-4.57e-01
-4.73e-01
6.80e-01
-6.89e-01
-4.45e-01
-1.61e-01
-2.29e-01
7.13e-01
-9.98e-01
6.48e-01
-5.48e-01
6.17e-01
4.16e-01
-6.76e-01
7.47e-01
-7.38e-01
-3.67e-01
-8.42e-01
-3.27e-01
9.63e-01
-2.23e-01
-1.97e-01
5.57e-01
3.63e-01
8.29e-01
-3.02e-01
-6.64e-01
1.10e-01
1.43e-01
4.05e-01
-7.59e-01
-6.81e-01
3.53e-01
9.19e-01
-7.77e-01
9.41e-01
4.30e-01
-6.52e-01
-4.40e-01
9.64e-01
1.84e-01
8.50e-01
3.54e-01
9.30e-01
-3.51e-01
-8.28e-01
9.44e-01
-9.18e-01
2.84e-01
-1.36e-02
