-1.26e-01
-6.15e-02
-9.69e-01
6.94e-02
-9.94e-01
-2.26e-01
8.38e-01
-5.38e-01
-2.09e-01
-2.03e-01
-9.75e-01
-2.15e-01
1.69e-01
1.35e-01
9.54e-01
-2.24e-01
-7.94e-01
-8.23e-01
6.50e-01
3.79e-01
7.26e-02
7.04e-01
5.67e-01
8.90e-01
9.34e-01
-3.61e-01
8.80e-01
-9.54e-01
-3.93e-01
8.13e-01
-6.49e-01
4.45e-01
-8.31e-01
-3.96e-01
-4.57e-01
4.39e-01
-1.02e-01
-5.42e-01
9.17e-01
-1.50e-01
-8.43e-01
8.09e-01
-1.16e-01
-9.73e-01
2.53e-01
8.45e-01
-4.77e-01
6.80e-01
-2.99e-01
6.97e-01
9.78e-01
-2.22e-02
8.58e-01
3.23e-01
4.79e-01
3.05e-01
-2.29e-01
-7.18e-01
6.98e-02
-7.81e-01
-2.72e-01
-9.32e-01
-3.55e-01
-4.36e-01
8.58e-01
-7.50e-01
4.17e-01
6.53e-01
-5.33e-01
-2.15e-01
2.12e-01
7.86e-01
9.22e-01
-1.65e-01
4.46e-01
-5.23e-01
4.86e-01
1.77e-01
-3.18e-01
5.62e-02
2.87e-01
-6.28e-01
7.67e-01
6.61e-01
4.52e-01
6.76e-01
-3.78e-01
-5.74e-01
-7.45e-01
4.39e-01
-2.62e-01
5.36e-01
-5.88e-01
-7.43e-01
-2.22e-01
9.40e-01
4.18e-01
3.52e-01
-8.96e-01
-9.05e-01
3.92e-01
-6.18e-01
-6.99e-01
2.21e-01
3.31e-01
-2.49e-01
-4.74e-01
8.95e-01
8.41e-01
1.70e-01
-6.85e-02
-7.47e-03
9.38e-01
2.99e-01
-5.12e-02
-3.97e-01
6.14e-01
-6.06e-01
-9.91e-01
-4.07e-01
7.10e-01
2.87e-01
-1.77e-01
-4.68e-01
-2.54e-01
-1.59e-01
8.16e-01
-8.23e-01
-6.13e-01
4.89e-01
-7.30e-01
-5.07e-01
3.33e-01
2.47e-01
-2.43e-01
-8.06e-01
-5.91e-02
-4.54e-01
-7.71e-01
-4.15e-01
-3.01e-02
7.21e-01
-8.87e-01
4.10e-01
6.12e-01
4.32e-01
7.52e-01
8.77e-01
3.89e-01
9.75e-01
2.04e-01
-1.36e-01
1.08e-01
5.96e-01
3.58e-01
4.89e-01
5.84e-01
-3.26e-01
-2.01e-02
-7.56e-01
8.28e-01
-5.07e-01
-7.33e-01
-2.40e-01
5.24e-01
5.27e-01
2.51e-01
4.75e-01
8.91e-01
1.68e-01
-6.85e-01
2.63e-01
-6.75e-01
1.33e-01
8.13e-01
8.84e-01
-7.28e-01
2.72e-01
6.62e-01
4.77e-01
-9.64e-01
5.03e-01
-3.93e-01
-3.16e-01
4.54e-01
5.71e-01
-1.07e-01
6.73e-01
1.02e-01
3.79e-01
2.63e-01
-1.65e-01
1.33e-01
-7.33e-01
4.59e-01
3.48e-01
8.85e-01
-4.03e-01
2.47e-01
1.75e-01
6.95e-01
-7.75e-01
-5.30e-01
9.39e-01
2.04e-01
-3.25e-01
3.10e-01
-5.90e-01
5.96e-01
-3.86e-02
-8.09e-01
-6.18e-01
-9.68e-01
4.30e-01
-9.11e-02
-5.01e-01
-4.73e-01
6.80e-01
2.76e-01
7.12e-01
-4.19e-01
-9.68e-01
3.92e-01
2.64e-01
3.02e-01
3.54e-01
-1.37e-01
6.77e-01
9.41e-01
-4.15e-01
-7.45e-01
-2.05e-01
4.16e-01
3.72e-01
7.26e-01
1.83e-01
-4.11e-01
6.20e-01
-4.04e-01
9.45e-01
3.46e-01
-5.51e-01
-2.72e-01
5.11e-01
-8.09e-01
-5.78e-01
9.74e-01
5.79e-01
1.81e-01
4.12e-01
3.97e-01
6.10e-01
9.72e-01
2.20e-01
9.93e-01
1.84e-01
8.50e-01
3.54e-01
9.30e-01
-3.51e-01
-8.28e-01
9.44e-01
-9.18e-01
2.84e-01
-1.36e-02
