-1.26e-01
-6.15e-02
-9.69e-01
6.94e-02
-9.94e-01
-2.26e-01
8.38e-01
-5.38e-01
-2.09e-01
-2.03e-01
-9.75e-01
-2.15e-01
1.69e-01
1.35e-01
-5.01e-01
-2.24e-01
-7.94e-01
-8.23e-01
6.50e-01
3.79e-01
7.26e-02
7.04e-01
5.67e-01
8.90e-01
9.34e-01
-3.61e-01
8.80e-01
-9.54e-01
-3.93e-01
-3.62e-01
1.94e-01
7.88e-01
-1.64e-01
-6.05e-02
-4.08e-01
-3.97e-01
4.03e-01
9.49e-02
3.00e-01
2.78e-01
-4.18e-01
9.99e-01
-3.14e-01
7.71e-01
5.21e-01
-2.68e-01
4.43e-01
-2.77e-01
-5.76e-01
-5.20e-01
9.78e-01
-2.22e-02
8.58e-01
-7.80e-01
3.41e-01
-8.42e-02
5.44e-01
-8.02e-01
6.86e-01
2.00e-01
-6.09e-01
5.81e-01
-1.06e-01
-5.89e-01
-6.63e-01
-8.51e-01
4.53e-01
-5.39e-01
-3.08e-01
-9.72e-01
-9.47e-01
6.52e-01
-1.37e-01
7.70e-01
6.46e-01
-7.05e-01
-2.54e-01
5.93e-02
-4.03e-02
-9.03e-01
-2.75e-01
8.14e-03
-6.67e-01
7.90e-01
-5.07e-01
8.57e-01
6.94e-01
-5.84e-01
-6.51e-01
9.45e-01
-9.52e-01
-2.95e-01
-5.88e-01
-7.43e-01
-2.22e-01
9.40e-01
4.18e-01
3.52e-01
-8.96e-01
-9.05e-01
3.92e-01
-6.18e-01
-6.99e-01
2.21e-01
3.31e-01
-2.49e-01
-4.74e-01
8.95e-01
8.41e-01
1.70e-01
-6.85e-02
-7.47e-03
9.38e-01
2.99e-01
-5.12e-02
-3.97e-01
6.14e-01
-6.06e-01
-9.91e-01
-4.07e-01
7.10e-01
2.87e-01
-1.77e-01
-4.68e-01
-2.54e-01
-7.33e-01
6.17e-01
6.50e-01
1.70e-01
-6.65e-01
8.38e-01
-8.20e-01
3.83e-01
2.47e-01
4.88e-01
1.01e-01
6.83e-01
2.83e-01
-3.91e-01
5.76e-02
5.73e-01
-2.45e-01
7.82e-02
8.09e-02
-6.94e-02
-9.75e-01
6.62e-01
3.81e-01
4.42e-01
-4.78e-01
-9.70e-01
-8.30e-02
-9.27e-02
4.28e-01
-6.21e-01
8.82e-01
9.41e-01
4.61e-01
5.71e-01
-4.49e-01
-1.71e-01
7.39e-01
1.75e-01
-3.25e-01
6.74e-02
2.08e-01
-2.11e-01
-2.02e-01
-7.51e-01
-6.09e-01
-6.06e-01
-6.13e-01
8.81e-01
-4.71e-01
8.25e-01
-4.41e-01
-7.89e-01
-3.92e-01
-5.35e-01
4.74e-01
2.10e-01
-9.63e-01
9.20e-01
-7.27e-01
-6.63e-01
2.96e-01
-4.12e-01
-3.30e-01
-9.48e-01
3.79e-01
2.63e-01
-1.65e-01
1.33e-01
-7.33e-01
4.59e-01
-9.68e-01
4.37e-01
1.29e-01
3.76e-01
5.39e-01
8.34e-01
-7.82e-01
-5.66e-01
9.81e-01
9.54e-02
-5.18e-01
-3.07e-01
7.60e-01
8.63e-01
9.62e-01
-8.09e-01
-6.18e-01
-9.68e-01
4.30e-01
-9.11e-02
-4.57e-01
-4.73e-01
6.80e-01
2.76e-01
7.12e-01
-4.19e-01
-9.68e-01
3.92e-01
2.64e-01
3.02e-01
3.54e-01
-1.37e-01
6.77e-01
9.41e-01
-4.15e-01
-9.02e-01
-2.05e-01
4.16e-01
3.72e-01
7.26e-01
1.83e-01
-4.11e-01
6.20e-01
-4.04e-01
9.45e-01
3.46e-01
-5.51e-01
-2.72e-01
-3.11e-01
-9.84e-01
-5.34e-01
9.74e-01
5.79e-01
1.81e-01
4.12e-01
3.97e-01
6.10e-01
-4.28e-01
-5.96e-01
-5.05e-01
-7.56e-01
7.38e-01
-7.30e-01
1.68e-01
-2.27e-01
-3.72e-01
2.43e-01
-9.18e-01
2.84e-01
-1.59e-01
