-9.96e-01
2.68e-01
2.44e-01
3.96e-01
-2.50e-01
-1.18e-01
8.60e-01
8.73e-01
-3.61e-01
4.98e-01
-7.08e-01
2.91e-01
3.96e-01
3.96e-01
2.79e-01
-8.38e-02
3.71e-01
7.91e-01
8.42e-01
4.40e-01
9.95e-01
-9.22e-02
-4.83e-01
-1.73e-01
-6.53e-01
9.88e-01
-5.69e-01
-4.73e-01
-6.00e-01
-2.96e-01
4.75e-01
-8.52e-01
1.96e-01
5.59e-01
8.44e-01
-1.77e-01
1.62e-01
2.60e-01
9.17e-01
-1.50e-01
-8.43e-01
8.09e-01
-1.16e-01
-9.73e-01
2.53e-01
8.45e-01
-4.77e-01
6.80e-01
-2.99e-01
6.97e-01
9.78e-01
-2.22e-02
8.58e-01
3.23e-01
4.79e-01
3.05e-01
-2.29e-01
-7.18e-01
6.98e-02
-7.81e-01
-2.72e-01
-9.32e-01
-3.55e-01
-4.36e-01
8.58e-01
-7.50e-01
4.17e-01
6.53e-01
-5.33e-01
-2.15e-01
2.12e-01
7.86e-01
9.22e-01
-1.65e-01
-2.21e-02
3.07e-01
-3.18e-01
7.43e-03
-2.80e-01
-5.33e-01
-4.27e-01
-3.12e-01
-6.27e-01
-4.89e-01
4.52e-01
6.76e-01
-3.78e-01
2.58e-01
-1.75e-02
-1.56e-01
4.08e-01
7.59e-01
-4.02e-02
4.23e-01
-2.59e-01
3.00e-01
4.37e-01
6.71e-01
-6.36e-01
-1.24e-01
-6.63e-01
-2.04e-01
-7.12e-01
4.64e-01
-1.40e-01
9.86e-01
-9.45e-01
5.98e-01
6.65e-02
-4.61e-01
-8.13e-01
-1.96e-01
4.24e-01
1.66e-01
-7.39e-02
6.51e-01
-9.49e-01
-5.91e-01
-2.72e-01
-8.41e-01
-1.30e-02
-3.03e-02
5.26e-01
4.16e-01
-6.10e-01
6.44e-01
-5.71e-01
4.42e-01
-6.85e-02
-1.74e-01
-4.98e-02
9.51e-01
-2.58e-01
2.47e-01
-2.43e-01
-8.06e-01
-5.91e-02
-4.54e-01
-7.71e-01
-4.15e-01
-3.01e-02
7.21e-01
-8.87e-01
4.10e-01
6.12e-01
4.32e-01
7.52e-01
8.77e-01
3.89e-01
9.75e-01
2.04e-01
-1.36e-01
1.08e-01
-2.66e-01
-6.98e-02
-5.47e-02
2.54e-01
9.39e-01
-8.52e-01
-5.35e-01
-1.84e-01
1.71e-01
9.42e-01
-4.71e-02
-1.14e-01
-7.04e-01
8.94e-01
-9.15e-01
-2.13e-01
1.26e-01
-3.91e-02
-7.13e-01
-9.20e-01
-4.00e-01
6.02e-01
-9.66e-01
3.48e-02
-5.96e-01
7.64e-01
9.59e-01
-9.55e-01
7.49e-02
1.97e-01
-3.60e-01
5.88e-01
8.59e-01
6.99e-01
-4.52e-01
-2.94e-01
7.98e-01
-8.81e-02
9.35e-01
-7.10e-02
5.77e-01
-6.41e-01
4.10e-01
-7.34e-02
7.74e-01
-8.83e-01
8.28e-01
-1.01e-01
8.22e-01
8.60e-01
3.58e-01
-3.67e-02
-5.12e-01
3.10e-01
-5.90e-01
5.96e-01
-3.86e-02
-5.05e-01
-4.49e-01
1.72e-01
9.30e-01
-8.92e-01
9.07e-01
-3.28e-01
-2.39e-02
6.82e-01
7.07e-01
1.17e-01
-1.49e-01
5.10e-02
3.35e-01
8.16e-01
-8.70e-02
4.01e-01
7.60e-01
-3.37e-02
-2.88e-02
-7.09e-01
-6.59e-01
1.95e-01
-4.19e-01
5.81e-01
-8.93e-01
-5.39e-01
-7.02e-01
4.46e-02
4.92e-01
-5.89e-01
-4.53e-01
8.98e-01
7.27e-01
-3.49e-01
3.12e-01
3.45e-01
7.02e-02
5.15e-01
1.07e-01
-3.92e-01
7.58e-01
3.51e-01
3.59e-01
-3.28e-01
-4.79e-01
5.31e-01
5.09e-01
-9.65e-01
-5.60e-01
6.24e-01
6.83e-01
-6.30e-02
-1.23e-01
8.64e-01
