-9.96e-01
2.68e-01
2.44e-01
3.96e-01
-2.50e-01
-1.18e-01
8.60e-01
8.73e-01
-3.61e-01
4.98e-01
-7.08e-01
-7.54e-01
-1.65e-01
9.02e-01
6.45e-01
7.46e-01
-4.90e-01
7.91e-01
8.42e-01
4.40e-01
9.95e-01
7.04e-01
5.67e-01
8.90e-01
9.34e-01
9.88e-01
-5.69e-01
-4.73e-01
-6.00e-01
8.13e-01
-6.49e-01
4.45e-01
-8.31e-01
-3.96e-01
9.54e-01
4.39e-01
-1.02e-01
-5.42e-01
9.17e-01
-1.50e-01
-8.43e-01
8.09e-01
-1.16e-01
-9.73e-01
2.53e-01
8.45e-01
-4.77e-01
6.80e-01
-2.99e-01
6.97e-01
9.78e-01
-2.22e-02
8.58e-01
6.52e-02
-2.28e-01
3.05e-01
-2.29e-01
-6.95e-01
7.72e-01
-7.02e-01
6.77e-01
2.94e-01
-7.54e-01
4.06e-01
-2.91e-01
7.36e-01
7.66e-01
-8.79e-01
4.32e-01
4.14e-01
-9.47e-01
1.41e-01
-4.09e-01
2.69e-01
-8.34e-01
3.63e-01
-3.58e-01
-7.11e-01
3.84e-02
-4.81e-01
-2.13e-01
4.67e-01
-6.67e-01
7.90e-01
-7.38e-01
8.13e-01
7.73e-02
3.50e-01
-6.51e-01
9.45e-01
-9.52e-01
-2.95e-01
-5.88e-01
-7.43e-01
-2.22e-01
9.40e-01
4.18e-01
3.52e-01
-8.96e-01
-9.05e-01
3.92e-01
-6.18e-01
-6.99e-01
4.64e-01
-1.40e-01
9.86e-01
-9.45e-01
5.98e-01
6.65e-02
-4.61e-01
-8.13e-01
-1.96e-01
4.24e-01
1.66e-01
-7.39e-02
6.51e-01
-9.49e-01
-5.91e-01
-2.72e-01
-8.41e-01
-1.30e-02
-3.03e-02
5.26e-01
4.16e-01
-6.10e-01
6.44e-01
-5.71e-01
4.42e-01
-6.85e-02
5.92e-01
-4.98e-02
9.51e-01
-2.58e-01
2.47e-01
-2.43e-01
-8.06e-01
-5.91e-02
-4.54e-01
-7.71e-01
-4.15e-01
-3.01e-02
7.21e-01
-8.87e-01
4.10e-01
6.12e-01
4.32e-01
7.52e-01
8.77e-01
3.89e-01
9.75e-01
2.04e-01
5.06e-01
-1.86e-01
-2.66e-01
-6.98e-02
4.89e-01
5.84e-01
-3.26e-01
-2.01e-02
-7.56e-01
8.28e-01
-5.07e-01
-7.33e-01
-2.23e-01
-3.09e-01
2.88e-01
1.65e-01
-4.93e-01
-5.01e-01
-9.63e-01
-1.62e-01
-7.79e-01
4.31e-01
2.52e-01
-6.37e-01
-7.32e-01
6.22e-02
-4.40e-01
8.71e-03
9.77e-02
1.96e-01
9.45e-01
-9.06e-01
-2.63e-01
1.96e-01
-2.24e-01
9.82e-01
1.92e-01
-6.04e-01
5.10e-01
-6.13e-01
5.20e-01
-2.63e-01
-7.82e-01
-1.74e-01
4.68e-01
-2.17e-01
7.64e-01
3.76e-01
5.39e-01
8.34e-01
-7.82e-01
-4.25e-01
-4.15e-01
2.04e-01
-3.25e-01
7.27e-01
9.16e-01
3.76e-01
8.12e-01
-5.36e-01
-5.32e-01
-6.63e-02
6.95e-01
3.85e-01
7.62e-02
-3.85e-01
-8.72e-03
-8.57e-01
-9.95e-01
-1.93e-01
3.89e-01
5.50e-01
-8.37e-01
5.88e-01
-3.89e-01
-8.82e-01
1.26e-01
-1.03e-02
-1.35e-01
-6.56e-01
6.99e-01
-2.68e-01
3.72e-01
7.26e-01
1.83e-01
-4.11e-01
6.20e-01
-4.04e-01
9.45e-01
3.46e-01
-5.51e-01
-2.72e-01
5.11e-01
1.08e-01
-5.78e-01
8.64e-01
-3.74e-01
5.82e-01
-5.02e-02
7.25e-01
-7.59e-01
2.27e-01
-6.99e-01
8.71e-02
-7.41e-01
-9.84e-01
5.09e-01
-7.77e-01
2.55e-01
5.52e-01
7.70e-01
1.96e-01
5.14e-01
9.41e-01
