8.41e-01
-1.92e-01
6.56e-01
-4.80e-01
9.71e-01
-7.33e-01
2.19e-01
-2.85e-01
-8.31e-01
6.95e-01
-9.58e-01
-5.62e-01
8.93e-01
-9.41e-01
-8.77e-01
3.06e-01
-3.57e-01
2.67e-02
5.98e-01
8.80e-01
4.65e-01
7.04e-01
5.67e-01
8.90e-01
-5.53e-01
2.86e-01
5.49e-01
-4.73e-01
-6.00e-01
-2.96e-01
4.75e-01
-8.52e-01
1.96e-01
5.59e-01
8.44e-01
7.69e-01
5.29e-01
-9.77e-01
2.09e-01
-4.72e-01
-1.46e-01
-8.63e-01
1.57e-01
8.90e-03
-9.19e-01
-8.21e-01
-7.41e-01
2.66e-01
2.35e-01
-5.56e-01
-3.13e-01
-6.55e-02
-6.31e-01
-8.47e-01
-3.28e-01
3.27e-01
6.83e-01
1.10e-01
8.77e-02
-9.21e-01
9.15e-01
-7.88e-02
9.86e-01
-5.20e-01
-1.83e-01
9.01e-01
-5.98e-01
-6.20e-01
-5.33e-01
1.06e-01
8.68e-01
-2.29e-01
1.65e-01
7.24e-01
6.71e-01
5.23e-02
-1.11e-01
1.43e-01
4.47e-01
-5.31e-01
5.27e-01
8.31e-01
5.25e-01
1.07e-01
-7.98e-02
-1.70e-01
-7.87e-01
9.37e-01
-4.68e-01
-7.99e-01
4.40e-01
-3.04e-01
2.22e-01
-8.02e-02
-2.97e-01
-5.21e-01
-6.97e-01
2.37e-01
-3.50e-01
3.25e-01
6.07e-02
-4.94e-01
4.19e-01
3.01e-01
1.96e-01
2.98e-01
1.31e-01
-6.75e-01
-1.44e-02
2.40e-01
-8.75e-01
2.95e-02
1.76e-02
-2.79e-01
-1.78e-01
-1.05e-01
4.14e-02
5.15e-01
-1.59e-01
2.00e-01
-6.90e-01
5.87e-01
-5.61e-01
9.69e-01
-8.11e-01
1.08e-02
9.34e-01
-5.86e-01
5.04e-01
9.61e-01
9.95e-01
5.18e-02
1.88e-02
-8.40e-02
5.21e-01
8.53e-01
-5.14e-01
-7.24e-01
-6.53e-01
-4.15e-01
-3.01e-02
7.21e-01
-8.87e-01
4.10e-01
6.12e-01
4.32e-01
7.52e-01
8.77e-01
3.89e-01
-4.78e-01
3.05e-01
-8.30e-02
-9.27e-02
-2.66e-01
-6.98e-02
4.89e-01
5.84e-01
-3.26e-01
-3.66e-01
9.54e-01
7.74e-01
5.80e-01
7.14e-01
-4.71e-02
-1.14e-01
-7.04e-01
8.94e-01
-9.15e-01
-2.13e-01
1.26e-01
-3.91e-02
-7.13e-01
-9.20e-01
-4.00e-01
6.02e-01
-9.66e-01
3.48e-02
-5.96e-01
7.64e-01
9.59e-01
-9.55e-01
7.49e-02
1.97e-01
-3.60e-01
5.88e-01
-3.46e-01
5.24e-01
-7.99e-01
9.33e-01
8.69e-01
2.73e-01
2.68e-01
3.88e-01
-9.38e-01
-3.51e-01
3.48e-01
8.85e-01
-4.03e-01
-1.59e-02
1.75e-01
6.95e-01
-7.75e-01
-5.30e-01
9.39e-01
2.04e-01
-3.25e-01
3.10e-01
-5.90e-01
5.96e-01
-3.86e-02
-5.05e-01
-4.49e-01
1.72e-01
9.30e-01
-8.92e-01
9.07e-01
-3.28e-01
-2.39e-02
6.82e-01
7.07e-01
1.17e-01
-1.49e-01
5.10e-02
3.35e-01
8.16e-01
-8.70e-02
4.01e-01
7.60e-01
-3.37e-02
-2.88e-02
-7.09e-01
-6.59e-01
1.95e-01
-4.19e-01
5.81e-01
-8.93e-01
-5.39e-01
-7.02e-01
4.46e-02
4.92e-01
-5.89e-01
-4.53e-01
8.98e-01
7.27e-01
-3.49e-01
3.12e-01
3.45e-01
7.02e-02
5.15e-01
1.07e-01
-3.92e-01
7.58e-01
3.51e-01
3.59e-01
-3.28e-01
-4.79e-01
5.31e-01
5.09e-01
-9.65e-01
-5.60e-01
7.69e-01
6.40e-01
-5.30e-01
3.65e-01
8.64e-01
