1.85e-01
-6.15e-02
-9.69e-01
6.94e-02
-9.94e-01
-2.26e-01
8.38e-01
-5.38e-01
-2.09e-01
-2.03e-01
-9.75e-01
-2.15e-01
1.69e-01
1.35e-01
-5.01e-01
-2.24e-01
-7.94e-01
-8.23e-01
-1.18e-01
4.78e-01
-5.28e-02
-7.34e-01
4.76e-01
-9.93e-01
7.36e-01
8.51e-01
7.87e-01
-9.92e-01
-1.22e-01
8.13e-01
-6.49e-01
4.45e-01
-8.31e-01
-3.96e-01
9.54e-01
4.39e-01
-1.02e-01
-5.42e-01
9.17e-01
-1.50e-01
-2.08e-01
4.09e-01
-8.38e-01
3.03e-01
-1.03e-01
-8.57e-01
3.16e-02
2.18e-01
6.90e-01
-4.61e-01
9.78e-01
-2.22e-02
8.58e-01
3.23e-01
4.79e-01
3.05e-01
-2.29e-01
-7.18e-01
6.98e-02
-7.81e-01
-2.72e-01
-9.32e-01
-3.55e-01
-4.36e-01
8.58e-01
-7.50e-01
4.17e-01
-8.20e-01
-3.17e-01
-2.65e-01
2.37e-01
7.86e-01
9.22e-01
-1.65e-01
4.46e-01
-5.23e-01
4.86e-01
1.77e-01
-3.18e-01
5.62e-02
2.87e-01
-6.28e-01
7.67e-01
6.61e-01
4.52e-01
6.76e-01
-3.78e-01
2.58e-01
-3.02e-01
-5.38e-01
-7.78e-01
5.36e-01
-5.88e-01
-7.43e-01
-2.22e-01
9.40e-01
4.18e-01
3.52e-01
-8.96e-01
-9.05e-01
3.92e-01
-6.18e-01
-6.99e-01
2.21e-01
3.31e-01
-2.49e-01
-9.45e-01
5.98e-01
6.65e-02
-4.61e-01
-8.13e-01
-1.96e-01
9.91e-01
7.84e-02
1.35e-01
-5.04e-01
-7.85e-01
8.74e-01
-4.48e-01
-4.34e-01
-2.45e-01
4.32e-01
3.41e-01
4.59e-01
-2.54e-01
-7.33e-01
6.17e-01
4.42e-01
-6.85e-02
-1.74e-01
-4.98e-02
9.51e-01
-2.58e-01
2.47e-01
-2.43e-01
-8.06e-01
-5.91e-02
-4.54e-01
-7.71e-01
-4.15e-01
-3.01e-02
7.21e-01
-8.87e-01
4.10e-01
6.12e-01
4.32e-01
7.52e-01
8.77e-01
3.89e-01
9.75e-01
2.04e-01
-1.36e-01
1.08e-01
5.96e-01
3.58e-01
4.89e-01
5.84e-01
-3.26e-01
-2.01e-02
-7.56e-01
8.28e-01
-5.07e-01
-7.33e-01
-2.23e-01
-3.09e-01
2.88e-01
4.27e-01
-8.08e-01
-3.71e-01
1.68e-01
-6.85e-01
2.63e-01
-6.75e-01
1.33e-01
1.32e-02
8.84e-01
-7.28e-01
2.72e-01
2.89e-01
-2.71e-01
-9.64e-01
5.03e-01
3.08e-01
-3.16e-01
4.54e-01
5.71e-01
-1.07e-01
6.73e-01
1.02e-01
3.79e-01
2.63e-01
-1.65e-01
1.33e-01
-7.33e-01
4.59e-01
-9.68e-01
4.37e-01
1.29e-01
3.76e-01
5.39e-01
8.34e-01
-7.82e-01
-4.25e-01
-4.15e-01
9.54e-02
-5.18e-01
8.35e-01
8.55e-01
6.48e-01
7.88e-01
-3.53e-01
-6.18e-01
-9.68e-01
4.30e-01
-9.11e-02
-4.57e-01
-4.73e-01
6.80e-01
2.76e-01
7.12e-01
-4.19e-01
-9.68e-01
3.92e-01
2.64e-01
3.02e-01
3.54e-01
-1.37e-01
6.77e-01
9.41e-01
-4.15e-01
-9.02e-01
-2.05e-01
4.16e-01
3.72e-01
7.26e-01
1.83e-01
-4.11e-01
6.20e-01
-4.04e-01
9.45e-01
3.46e-01
-5.51e-01
-2.72e-01
5.11e-01
1.08e-01
-5.78e-01
9.74e-01
5.79e-01
1.81e-01
4.12e-01
3.97e-01
6.10e-01
9.72e-01
2.20e-01
9.93e-01
1.84e-01
8.50e-01
3.54e-01
9.30e-01
-3.51e-01
-8.28e-01
9.44e-01
-9.18e-01
2.84e-01
-1.36e-02
