4.28e-01
4.55e-01
-8.64e-01
-6.58e-01
-9.31e-01
8.04e-01
-6.01e-01
-2.84e-02
6.14e-03
7.07e-01
3.47e-01
8.79e-01
-7.00e-01
3.83e-02
-5.26e-01
3.94e-02
-8.28e-01
-2.68e-01
-8.67e-03
7.42e-01
-4.00e-01
-3.95e-01
4.69e-01
-4.19e-01
-8.69e-01
-7.29e-01
9.21e-01
4.69e-01
6.68e-01
-4.08e-02
7.66e-01
-5.78e-01
4.47e-01
6.42e-01
-7.08e-01
3.99e-01
2.04e-01
3.72e-02
8.35e-01
9.21e-01
-7.12e-01
9.67e-01
4.70e-01
-5.28e-01
-1.99e-01
-8.58e-01
7.60e-01
-9.49e-01
-6.74e-01
-5.51e-01
4.40e-01
3.63e-01
-3.35e-01
3.24e-01
1.32e-01
-2.49e-02
7.24e-02
1.99e-01
6.30e-02
-2.27e-01
-2.51e-01
7.58e-01
2.20e-01
-5.88e-01
8.46e-01
1.94e-01
6.74e-01
2.85e-02
-2.35e-01
6.20e-01
2.76e-01
-1.31e-01
1.63e-01
-5.70e-01
-6.71e-02
-1.06e-01
-5.61e-01
-6.05e-01
-3.99e-01
-7.04e-01
7.00e-01
3.59e-01
-1.06e-01
-6.76e-02
9.31e-01
4.74e-01
2.96e-02
5.55e-02
-7.98e-01
9.08e-01
3.93e-01
-6.06e-01
-5.20e-01
-6.56e-01
9.24e-01
1.71e-01
-3.03e-01
1.07e-01
8.70e-01
3.24e-01
1.03e-01
4.95e-01
-5.64e-01
9.83e-01
-2.58e-01
-5.02e-01
-5.12e-01
7.52e-01
3.94e-02
-9.49e-01
2.93e-01
-6.35e-01
4.33e-01
9.00e-01
-8.69e-01
5.21e-01
-1.71e-01
-7.92e-01
9.84e-01
-7.18e-01
-5.58e-01
2.50e-01
-9.26e-01
3.18e-01
-5.70e-01
-5.96e-01
7.27e-02
-9.51e-01
6.82e-01
-7.91e-01
-4.33e-01
-8.35e-01
3.96e-02
3.59e-01
-7.89e-01
-2.68e-01
-6.00e-01
8.83e-02
-1.46e-01
-1.77e-01
-8.41e-01
-9.89e-01
-7.79e-01
5.67e-01
-6.38e-01
-6.84e-01
9.37e-01
-9.23e-02
3.91e-02
6.07e-01
-4.46e-01
-9.71e-01
-9.67e-02
1.00e+00
-7.97e-01
-8.53e-01
2.19e-01
9.86e-01
-7.39e-01
-4.70e-01
4.62e-01
-9.61e-01
-9.21e-02
-6.16e-01
2.01e-02
-7.20e-02
-6.92e-02
1.92e-01
1.07e-01
7.07e-01
1.06e-01
-2.47e-01
4.79e-01
-5.76e-02
-8.67e-01
5.17e-01
9.10e-01
-5.90e-01
5.18e-01
-8.92e-01
-4.29e-01
-8.18e-02
-6.49e-01
4.67e-02
7.39e-01
-1.34e-01
-2.71e-01
-9.67e-01
-3.31e-01
-4.96e-01
5.67e-01
-5.39e-01
-5.09e-01
4.82e-02
-1.90e-01
-5.56e-01
-2.43e-01
4.47e-01
-1.08e-01
-1.79e-01
-4.67e-01
8.58e-01
-9.64e-01
-4.85e-01
-2.23e-01
-8.89e-01
-4.49e-02
-6.75e-01
-5.06e-01
-5.72e-01
-4.07e-01
-6.90e-01
7.98e-01
-3.01e-01
-5.98e-01
2.14e-01
-4.92e-01
7.29e-01
-9.77e-01
3.11e-01
9.91e-02
5.76e-01
-1.13e-01
-6.45e-01
8.32e-01
3.15e-01
-2.64e-01
7.82e-01
-3.78e-01
9.83e-01
-1.87e-01
-5.86e-01
-4.93e-01
7.74e-01
-4.44e-01
7.89e-01
-4.67e-01
9.54e-01
-1.03e-01
5.12e-01
-1.57e-01
-8.44e-01
4.42e-01
-7.14e-02
-6.16e-01
1.12e-01
5.62e-01
2.50e-01
6.82e-01
1.18e-01
3.90e-02
-1.21e-01
-2.96e-02
3.23e-01
-8.79e-01
-9.80e-01
9.63e-01
-5.81e-01
5.86e-01
-2.04e-01
-7.72e-01
9.54e-01
8.66e-01
-1.90e-01
-6.12e-01
