-6.32e-01
-8.24e-01
-1.28e-01
-5.73e-01
1.31e-02
-8.24e-01
5.87e-01
-9.30e-01
-9.46e-01
6.91e-01
3.66e-01
-7.04e-01
9.77e-02
2.68e-01
6.81e-01
2.62e-01
5.29e-01
8.92e-01
-4.08e-01
-3.88e-01
8.79e-01
-7.96e-01
-9.50e-01
6.26e-01
3.11e-01
-4.28e-01
-6.83e-01
4.20e-01
-8.49e-02
8.20e-01
2.13e-01
4.50e-01
8.93e-01
-6.44e-01
-3.20e-01
-2.55e-01
-2.39e-01
-7.30e-01
8.23e-01
-3.93e-01
6.95e-01
8.06e-01
5.31e-01
-5.25e-01
5.71e-01
-1.81e-02
-6.08e-01
2.77e-01
-9.79e-01
7.80e-01
7.18e-01
-6.52e-01
-4.67e-01
-7.08e-01
8.60e-01
5.51e-01
-2.03e-01
5.05e-01
8.86e-01
-6.68e-01
-3.24e-01
-1.32e-03
-5.89e-01
2.14e-02
3.91e-03
3.18e-01
-3.12e-01
-9.11e-02
8.21e-01
-7.82e-02
-4.92e-01
1.72e-01
-9.57e-02
-2.74e-02
3.13e-01
2.24e-01
2.16e-01
-4.66e-01
-4.47e-01
3.53e-01
-9.37e-01
3.15e-01
-3.92e-01
3.93e-01
-9.79e-01
9.40e-01
5.27e-01
-6.98e-01
-8.05e-02
-5.84e-01
-5.28e-01
-8.62e-01
4.36e-01
6.64e-01
-9.93e-01
7.47e-01
7.59e-01
-8.60e-01
9.08e-02
-9.85e-01
3.94e-01
-5.75e-01
-4.26e-01
-1.11e-01
6.11e-01
-5.11e-01
-6.57e-01
-8.81e-01
3.12e-01
-3.48e-02
3.21e-01
-1.98e-01
-1.22e-01
-9.84e-01
-3.07e-01
5.91e-01
-4.81e-01
1.24e-01
-2.53e-01
-2.93e-01
9.60e-01
-2.49e-01
-3.85e-01
-3.66e-01
8.11e-01
-7.98e-01
6.30e-01
-7.32e-02
3.65e-01
4.30e-01
-9.32e-01
5.52e-01
-3.95e-01
4.80e-02
7.67e-01
1.90e-01
-6.76e-02
-1.27e-01
-4.77e-01
7.74e-02
6.02e-01
-2.53e-01
2.32e-01
-1.07e-01
6.33e-01
5.45e-01
-5.00e-01
-3.57e-01
4.68e-01
-2.59e-01
1.90e-01
-2.90e-01
2.18e-02
-9.80e-01
-5.43e-01
2.04e-01
-4.41e-01
1.56e-01
6.92e-01
5.87e-01
4.57e-01
-1.31e-01
-8.99e-01
-5.10e-01
6.08e-01
5.13e-01
8.29e-01
9.14e-01
3.83e-01
9.02e-01
1.58e-01
-3.10e-02
-7.32e-03
-7.66e-02
-7.74e-02
-1.36e-01
4.99e-01
-4.04e-01
3.89e-01
-3.83e-01
2.94e-01
2.55e-01
1.94e-01
3.95e-01
6.74e-01
-6.48e-01
-7.71e-01
2.23e-01
6.89e-01
-7.32e-01
-2.84e-01
8.62e-01
2.39e-01
-5.14e-01
7.92e-01
6.97e-01
-7.07e-01
2.01e-01
-8.68e-01
-6.45e-01
8.13e-01
-2.87e-01
3.19e-01
8.44e-01
2.90e-01
-6.86e-01
-6.45e-01
9.90e-01
-5.78e-01
1.11e-01
-1.22e-01
-3.05e-01
-9.52e-01
2.74e-02
6.96e-01
-2.02e-01
-4.66e-01
8.14e-01
6.55e-01
-7.74e-01
-9.57e-01
-8.74e-01
9.62e-01
-3.02e-01
2.95e-01
1.09e-01
-1.97e-01
-8.02e-01
-9.43e-01
9.21e-02
3.88e-01
9.37e-01
-5.00e-01
-7.58e-01
1.15e-01
-3.88e-01
4.82e-01
8.58e-01
7.64e-02
-6.90e-01
-1.00e+00
3.99e-01
8.50e-01
-2.79e-01
2.06e-01
8.33e-01
2.42e-02
-5.10e-01
7.01e-01
-7.39e-02
-2.54e-01
-1.19e-02
-4.38e-01
6.89e-01
-6.40e-01
5.66e-01
-7.19e-01
7.98e-02
-5.72e-01
-8.28e-02
1.13e-01
6.83e-01
7.84e-01
3.41e-01
8.85e-01
