9.01e-01
-9.75e-01
3.62e-01
-7.39e-01
-5.12e-01
-8.07e-01
-7.95e-01
-3.97e-01
7.64e-01
-1.25e-01
8.22e-01
-4.67e-02
8.32e-01
5.99e-01
-4.02e-01
-5.69e-01
1.45e-01
3.20e-01
4.26e-01
2.62e-01
7.68e-01
-9.05e-02
9.33e-02
-9.55e-01
3.12e-01
-4.50e-02
7.98e-01
8.91e-01
9.70e-01
9.61e-01
3.02e-01
-5.66e-01
9.19e-01
-5.59e-01
-8.75e-02
9.22e-01
1.11e-01
7.68e-01
9.02e-01
-4.26e-01
-4.59e-02
6.72e-01
5.11e-01
7.40e-01
-3.94e-01
-2.36e-01
-3.58e-01
-6.10e-01
-5.28e-01
-5.65e-01
5.38e-01
-2.05e-01
4.17e-01
-9.06e-01
3.49e-01
3.18e-01
-3.57e-01
-8.03e-01
-7.18e-01
-2.21e-01
-2.82e-01
-7.69e-01
6.76e-01
-8.20e-01
4.11e-01
1.82e-01
-1.81e-01
9.33e-01
-4.78e-01
-6.69e-01
1.58e-01
-9.81e-01
-7.93e-01
6.76e-01
-2.74e-01
1.70e-01
-7.47e-01
6.07e-01
9.58e-01
-6.06e-04
5.21e-01
5.97e-02
2.91e-01
-9.62e-01
-9.06e-01
-3.07e-01
4.60e-01
-6.99e-01
8.99e-01
9.78e-01
-7.07e-01
2.27e-01
8.47e-01
2.36e-01
4.57e-01
4.00e-01
7.61e-02
9.63e-01
-5.54e-01
2.48e-01
-9.43e-01
7.71e-01
-5.18e-01
-9.76e-01
-9.85e-01
-5.05e-01
9.14e-01
-6.27e-01
9.29e-01
-7.76e-01
5.25e-01
-8.68e-02
8.14e-01
6.86e-01
8.99e-02
1.31e-01
2.86e-01
9.90e-01
9.87e-01
-9.16e-02
-6.45e-02
-9.06e-01
-9.91e-01
1.95e-01
3.20e-01
-4.82e-01
1.65e-01
1.25e-01
4.64e-01
5.54e-01
4.16e-01
6.22e-01
-2.07e-01
-6.86e-01
-7.82e-03
7.82e-01
4.30e-02
-4.54e-01
-8.12e-01
4.41e-01
4.80e-01
1.70e-01
-1.30e-01
4.69e-02
8.61e-02
3.60e-01
2.98e-01
-7.09e-01
-7.34e-01
2.09e-01
-8.83e-01
-8.02e-01
6.05e-01
-9.62e-01
3.92e-01
-9.70e-01
2.66e-01
1.05e-01
-8.90e-01
-7.80e-01
5.91e-01
-5.43e-01
-8.41e-01
2.15e-01
-5.21e-02
3.61e-01
4.99e-01
9.19e-01
-6.41e-01
-4.51e-01
8.84e-01
-3.82e-01
1.51e-01
-6.52e-01
-8.14e-03
8.04e-01
-3.04e-01
6.60e-02
-8.34e-01
-5.34e-01
-8.50e-01
8.41e-01
-9.96e-02
-1.86e-02
5.03e-01
-4.22e-01
-9.62e-01
-7.23e-01
-7.91e-03
-3.50e-01
1.37e-01
-5.78e-01
-4.84e-01
-1.06e-01
-2.24e-02
-7.90e-01
-9.59e-01
7.11e-01
-8.34e-01
-3.62e-01
-3.41e-01
-9.53e-01
-2.38e-01
8.20e-01
-9.17e-01
-8.36e-01
-1.01e-01
8.19e-02
-8.35e-01
-9.38e-01
-3.83e-01
-2.75e-01
2.38e-01
-3.00e-01
-8.53e-01
-4.52e-01
-9.10e-01
6.64e-01
2.57e-03
1.26e-01
6.37e-01
4.18e-01
8.76e-01
6.05e-01
-1.24e-01
-2.74e-01
-7.66e-01
-9.24e-01
1.98e-01
-3.06e-01
1.25e-01
5.34e-01
-2.01e-01
-5.52e-01
8.09e-01
-5.30e-01
-8.95e-01
-8.80e-02
6.68e-01
-6.07e-01
4.11e-01
5.57e-02
4.38e-01
8.33e-02
-2.46e-01
4.87e-01
-4.50e-01
-1.27e-01
1.98e-01
9.07e-01
3.67e-01
-5.42e-01
5.83e-01
2.79e-01
-1.75e-01
6.55e-01
-5.71e-01
-5.38e-01
-9.49e-01
4.35e-01
-9.22e-01
3.50e-02
-7.97e-01
-2.18e-01
4.69e-01
