-8.83e-01
-3.42e-01
-5.91e-03
-1.69e-01
3.01e-01
9.28e-01
-4.46e-01
-2.17e-01
5.75e-02
-1.88e-01
-8.50e-01
1.80e-01
7.10e-01
8.72e-01
-6.15e-01
8.05e-01
-5.60e-01
-1.02e-01
9.11e-01
-9.63e-01
-5.07e-01
7.51e-01
-6.84e-01
-7.23e-01
4.30e-01
7.94e-01
3.67e-01
-9.55e-02
3.56e-01
-4.85e-02
-6.31e-01
9.76e-01
9.44e-03
9.15e-01
5.98e-01
6.51e-01
-5.95e-01
-2.35e-01
-6.05e-01
6.30e-01
-8.46e-01
6.08e-01
5.68e-01
4.86e-01
-2.74e-01
5.30e-01
5.75e-01
-7.52e-01
3.04e-01
1.87e-01
-7.44e-01
-1.06e-01
-7.26e-01
5.24e-01
-9.86e-01
1.94e-04
-7.62e-01
-2.60e-01
-3.89e-01
8.96e-01
2.17e-01
-6.78e-01
7.16e-01
-1.72e-01
-1.81e-01
6.46e-01
-6.21e-01
4.01e-01
4.78e-01
3.18e-01
2.64e-01
-3.39e-01
5.85e-01
-7.42e-01
5.95e-01
9.19e-01
4.73e-01
-1.73e-01
8.98e-01
-9.86e-04
-2.72e-01
6.33e-01
4.68e-01
3.97e-01
5.54e-01
-2.78e-01
1.17e-01
-4.51e-01
-4.88e-01
9.05e-01
-6.10e-01
-1.82e-01
-3.44e-01
-1.94e-01
-5.33e-01
-7.98e-01
8.42e-01
-8.56e-01
1.43e-02
6.26e-01
3.26e-01
-8.45e-01
-3.08e-01
3.96e-01
6.34e-02
-5.37e-02
-4.85e-01
-5.25e-02
7.89e-01
9.56e-01
9.23e-01
3.54e-01
1.01e-01
3.59e-01
-4.13e-01
-8.47e-01
-9.46e-01
-8.73e-01
4.43e-01
5.41e-01
8.39e-01
-5.02e-02
-3.79e-01
3.38e-01
4.89e-01
7.80e-01
-9.99e-02
2.65e-01
5.77e-02
2.88e-01
5.94e-01
9.23e-01
9.16e-01
6.49e-01
9.64e-01
2.69e-01
-5.17e-01
6.97e-01
2.01e-01
4.74e-01
2.11e-01
-9.41e-01
9.74e-01
-8.65e-01
6.86e-01
-7.00e-02
-4.29e-01
-3.80e-01
-5.02e-01
-5.63e-01
3.93e-01
3.42e-01
1.15e-01
7.64e-01
5.23e-01
-2.56e-01
4.18e-01
3.41e-01
-5.68e-01
4.91e-02
-5.36e-01
-4.60e-01
7.56e-01
-2.84e-01
-1.94e-01
3.47e-01
-2.05e-01
7.46e-01
-8.06e-01
-1.54e-01
7.35e-01
2.06e-01
4.42e-01
-6.27e-01
-1.82e-01
9.83e-01
5.13e-02
-8.12e-01
-6.26e-01
3.86e-01
8.14e-01
-8.25e-02
-5.44e-01
8.79e-01
8.43e-01
1.39e-01
-9.21e-03
2.95e-01
3.06e-01
5.23e-01
-3.38e-01
-2.70e-01
7.98e-01
1.21e-01
-5.12e-01
-3.57e-01
-8.99e-01
-3.92e-01
7.72e-02
6.20e-01
-8.65e-01
-9.33e-01
-4.01e-01
2.87e-01
-8.46e-01
-3.65e-01
-9.08e-02
-3.25e-01
1.33e-01
-5.30e-01
7.76e-01
2.82e-01
-5.09e-01
5.27e-01
6.27e-01
5.35e-01
-4.76e-03
4.57e-01
-4.33e-01
-5.94e-01
2.20e-01
1.11e-01
-7.78e-01
-5.74e-01
-3.77e-01
-3.10e-01
-1.24e-01
-8.05e-01
-2.16e-01
3.44e-01
-5.77e-01
3.85e-01
-6.49e-01
8.21e-01
-3.10e-01
-6.87e-02
5.13e-01
8.13e-01
-3.01e-01
-5.52e-01
6.38e-01
-1.74e-01
5.76e-01
-1.93e-01
4.24e-02
8.35e-01
6.40e-01
1.77e-01
-6.24e-03
1.92e-01
1.22e-01
-9.41e-02
-1.29e-02
-8.51e-01
-5.46e-01
-8.62e-01
-3.46e-02
9.80e-01
8.23e-01
6.82e-01
-3.92e-01
7.04e-01
7.85e-01
-7.18e-01
-9.46e-01
