1.43e-01
-1.04e-01
1.27e-01
-8.50e-01
-7.45e-01
6.28e-01
-7.35e-01
-3.34e-01
2.44e-01
-2.70e-01
7.60e-01
4.36e-01
-5.16e-01
7.82e-02
2.40e-01
1.08e-01
2.33e-03
-6.70e-01
6.10e-01
8.79e-01
6.96e-01
5.97e-01
-4.40e-01
4.35e-01
-5.52e-02
8.78e-01
3.45e-01
-6.50e-02
-5.49e-01
5.41e-01
-2.48e-01
-8.12e-02
1.84e-01
9.54e-01
-4.79e-01
8.33e-01
-8.07e-01
6.35e-01
-5.79e-01
-8.71e-03
-8.21e-01
-2.31e-01
-6.95e-01
5.98e-01
4.09e-01
3.90e-01
7.09e-01
-5.83e-01
-6.71e-01
1.30e-01
-8.58e-01
-4.34e-01
4.45e-01
6.06e-01
8.40e-01
-4.64e-01
-6.90e-01
-7.79e-01
2.70e-01
-8.55e-01
-4.12e-01
-5.14e-01
5.52e-01
9.40e-01
8.98e-01
-2.98e-01
-8.14e-01
2.03e-01
6.88e-01
1.08e-01
-9.54e-01
5.99e-01
-2.35e-01
-3.13e-02
-3.39e-01
6.12e-01
-4.06e-01
-8.95e-01
5.79e-01
8.96e-01
-1.64e-01
-8.07e-01
1.66e-01
5.88e-01
1.67e-01
-4.67e-01
-8.11e-01
-5.80e-01
-6.63e-01
-6.59e-01
8.13e-01
2.05e-01
7.10e-01
2.48e-01
5.60e-01
2.72e-01
-6.20e-01
-6.13e-01
-7.11e-01
-9.41e-01
-8.69e-01
5.91e-01
-4.69e-01
6.27e-01
-7.13e-01
5.57e-01
7.31e-01
-6.95e-01
-2.36e-01
-2.76e-01
6.06e-01
9.56e-01
3.47e-01
-8.30e-01
3.66e-01
-1.06e-02
-2.72e-01
-3.61e-01
2.49e-01
5.10e-01
-7.99e-01
-2.80e-03
-7.46e-01
2.50e-01
6.73e-01
-5.45e-01
7.18e-01
-2.92e-01
-6.21e-01
-9.95e-01
1.39e-01
6.35e-02
9.24e-01
1.15e-01
7.30e-01
7.75e-01
9.39e-01
-1.00e-01
6.03e-01
5.33e-01
-4.33e-01
-7.44e-01
4.81e-01
8.13e-01
-5.11e-01
-6.74e-01
5.53e-01
1.41e-01
3.36e-01
2.32e-01
-4.39e-01
-7.27e-02
5.71e-01
5.34e-01
-7.81e-01
-5.54e-01
2.04e-01
-9.71e-01
3.06e-01
3.80e-01
-5.56e-01
3.25e-01
8.53e-01
-4.05e-01
-7.48e-01
-8.52e-01
6.88e-01
6.02e-02
-2.08e-01
-2.80e-01
-6.44e-01
-5.97e-01
3.40e-01
-7.83e-01
-1.80e-01
2.60e-03
5.67e-01
-8.97e-01
1.10e-02
8.84e-01
7.21e-01
9.75e-01
2.37e-01
1.70e-01
3.38e-01
6.25e-01
-4.52e-01
-6.18e-01
5.03e-01
6.50e-01
-9.82e-01
3.01e-01
4.95e-01
-8.38e-01
-1.62e-01
3.22e-01
-2.89e-01
-2.06e-01
6.64e-01
-8.13e-01
8.97e-01
4.60e-01
-9.96e-01
6.32e-01
9.99e-01
5.85e-01
-5.48e-01
-6.51e-01
-4.40e-01
3.70e-01
-5.77e-01
-8.76e-02
2.31e-03
4.95e-01
-6.64e-01
1.46e-01
-7.66e-01
9.79e-01
-2.31e-01
5.33e-02
4.91e-01
-7.31e-01
5.38e-01
5.65e-01
-8.70e-01
8.37e-01
-2.38e-01
6.49e-01
-4.55e-01
9.21e-01
1.18e-01
-2.43e-01
5.38e-01
1.74e-01
-6.96e-01
-5.73e-02
-4.28e-01
-6.64e-01
4.50e-01
7.63e-01
-4.61e-01
4.45e-01
2.17e-02
4.12e-01
-9.42e-01
-9.25e-01
4.97e-01
6.95e-01
3.59e-01
-1.87e-01
-3.57e-01
-6.79e-01
-7.37e-01
2.91e-01
1.76e-01
-3.87e-01
9.03e-01
4.85e-01
-7.23e-01
7.90e-01
2.30e-01
1.22e-01
-3.35e-01
1.96e-01
-3.38e-01
