-5.40e-01
3.72e-01
-5.06e-01
5.81e-01
9.92e-01
-4.74e-01
9.40e-01
-8.84e-01
7.72e-01
-8.87e-01
-7.91e-01
7.44e-01
8.03e-01
-7.53e-02
-9.74e-01
1.46e-01
-6.14e-01
-3.65e-01
-3.99e-01
-3.43e-01
5.60e-01
-5.68e-01
-2.27e-01
2.71e-01
-9.88e-01
-9.09e-01
1.54e-01
-7.85e-01
6.42e-02
2.37e-01
-9.49e-02
-4.69e-01
-8.15e-01
7.22e-01
-9.10e-01
-9.38e-01
9.19e-01
-2.18e-01
-7.08e-01
6.57e-01
-4.16e-01
-8.97e-02
-8.90e-01
4.75e-01
-4.14e-02
-6.66e-01
-5.87e-02
9.00e-01
-3.40e-01
9.52e-01
-2.45e-01
-9.32e-01
-2.75e-01
-1.58e-01
9.37e-01
1.82e-01
-9.57e-01
-3.60e-01
-7.46e-01
-2.69e-01
-5.69e-01
-5.59e-01
7.15e-01
7.62e-01
4.74e-01
-8.95e-01
-9.36e-01
4.46e-01
-3.73e-01
-1.39e-01
-2.96e-01
5.22e-01
-6.93e-02
5.73e-01
9.94e-01
2.66e-01
-7.56e-01
-9.24e-01
6.72e-01
-2.08e-01
-7.94e-01
3.86e-02
3.45e-01
9.37e-01
7.00e-01
-4.82e-01
1.09e-01
-6.52e-01
7.31e-02
9.37e-01
4.25e-01
1.46e-01
3.44e-01
9.75e-01
8.58e-01
7.49e-02
4.18e-01
-1.99e-01
-2.51e-01
9.50e-01
-5.16e-01
2.39e-01
-9.82e-01
-1.10e-01
4.83e-01
-2.21e-01
-4.73e-01
9.35e-01
-9.45e-01
-9.71e-01
-9.76e-01
-3.61e-01
-4.13e-02
1.10e-01
-3.70e-01
5.56e-01
7.35e-01
-8.18e-01
2.17e-01
2.84e-01
5.63e-01
1.10e-01
-2.32e-01
1.40e-01
4.68e-01
-4.84e-02
9.70e-01
4.26e-01
8.75e-01
8.75e-01
-7.39e-02
-1.64e-01
-7.65e-02
8.04e-01
-2.84e-01
5.81e-01
5.47e-01
8.14e-01
-6.07e-01
3.74e-01
-2.96e-01
-4.80e-01
-3.39e-01
-8.12e-01
-3.20e-02
-8.13e-01
8.45e-01
-5.46e-01
7.72e-02
-2.90e-01
8.62e-02
-1.92e-01
7.59e-01
7.88e-01
-8.70e-01
1.07e-01
-8.93e-01
-9.71e-01
-7.29e-01
2.50e-01
6.09e-01
9.24e-01
-1.63e-01
8.26e-01
9.91e-02
3.76e-01
7.22e-01
-5.43e-02
1.26e-01
-3.08e-01
7.24e-01
-1.60e-01
9.20e-01
-6.64e-01
-8.87e-01
9.82e-01
-2.74e-01
5.90e-01
-2.88e-01
-5.18e-01
-3.63e-01
7.36e-01
-4.33e-01
-4.69e-01
6.95e-02
4.90e-01
-5.90e-01
-1.91e-01
3.52e-01
3.60e-01
-4.18e-01
6.48e-01
-8.79e-01
-4.65e-01
8.74e-01
-5.02e-01
-5.91e-01
-9.57e-01
-2.01e-01
5.61e-01
9.96e-01
9.09e-02
3.73e-01
8.38e-01
-9.38e-01
-2.43e-01
-2.56e-01
-1.11e-01
-8.75e-02
3.36e-01
-2.60e-01
-3.84e-01
4.16e-01
3.11e-01
4.33e-01
-3.91e-02
-2.42e-01
7.53e-01
8.33e-01
6.07e-01
3.39e-01
3.61e-01
8.12e-01
-9.00e-01
6.56e-02
-4.79e-01
-9.36e-01
-1.82e-01
-4.99e-01
-6.96e-01
-8.69e-01
1.84e-01
1.55e-01
5.01e-02
2.41e-01
3.79e-01
-7.47e-01
-1.14e-01
7.88e-01
2.70e-01
-3.61e-02
2.45e-01
2.18e-01
2.80e-01
-4.39e-01
1.59e-01
5.87e-02
-1.56e-01
-2.72e-01
8.11e-01
8.18e-01
-3.19e-01
-4.73e-01
-4.49e-01
-6.83e-01
5.17e-01
8.94e-01
-6.67e-01
1.95e-01
-4.81e-01
-7.52e-01
4.94e-01
-3.89e-01
-3.98e-01
9.88e-01
