-5.40e-01
3.72e-01
-5.06e-01
5.81e-01
9.92e-01
-4.74e-01
-8.57e-01
-5.35e-02
-8.76e-01
3.97e-01
4.31e-01
5.26e-01
6.96e-01
7.30e-01
1.18e-01
5.51e-01
-5.15e-01
5.60e-01
-2.97e-01
5.02e-01
-3.81e-01
-1.49e-01
-1.78e-01
8.09e-01
-5.93e-01
-6.23e-01
1.28e-01
-2.61e-01
-4.98e-02
-8.61e-01
7.99e-01
9.50e-01
-2.30e-01
-7.78e-01
3.58e-01
3.32e-01
8.62e-01
9.04e-01
-6.14e-01
-4.53e-01
-6.73e-01
-5.02e-01
-2.03e-01
-4.31e-01
4.04e-01
8.13e-01
5.13e-01
7.27e-01
7.77e-01
-2.33e-01
1.54e-01
6.46e-01
9.13e-01
-4.20e-01
-2.79e-01
5.47e-02
-4.39e-02
6.61e-01
5.81e-01
2.18e-01
-3.26e-01
1.70e-01
-2.43e-01
-6.64e-01
3.98e-01
1.73e-01
9.56e-01
-2.09e-02
4.08e-01
2.33e-01
-8.76e-01
-9.33e-01
-6.75e-01
1.17e-01
-6.01e-01
6.27e-01
9.43e-01
9.44e-01
-6.67e-01
-1.88e-01
-3.81e-02
6.81e-01
6.98e-01
4.06e-01
8.51e-01
9.94e-01
3.49e-01
-1.77e-01
-3.89e-01
6.94e-01
-3.42e-01
1.90e-01
9.95e-02
1.11e-01
-8.83e-01
-8.29e-01
-6.23e-01
-7.94e-01
-4.65e-01
-7.53e-01
8.51e-01
-3.18e-01
9.10e-01
8.85e-01
-9.86e-02
3.64e-01
-2.34e-01
7.25e-01
5.82e-01
3.64e-01
2.96e-01
-8.80e-01
6.19e-01
-3.89e-02
3.04e-01
4.93e-01
5.59e-01
3.20e-02
-4.79e-01
-9.85e-01
7.58e-01
-3.92e-02
-9.24e-01
-4.63e-01
-4.30e-01
-4.91e-02
5.54e-01
-7.59e-01
8.75e-01
8.75e-01
-7.39e-02
-1.64e-01
-7.65e-02
8.04e-01
-2.84e-01
5.81e-01
5.47e-01
8.14e-01
-6.07e-01
-4.07e-01
-3.56e-01
-6.75e-01
-4.93e-01
-8.45e-01
-7.53e-01
-6.70e-01
6.08e-01
-9.04e-01
-4.43e-01
2.07e-01
1.95e-02
-2.20e-02
-6.63e-02
6.65e-03
-1.77e-01
3.96e-01
-6.68e-01
3.52e-01
-1.28e-01
6.19e-01
-8.90e-01
2.89e-01
-5.77e-01
1.96e-01
2.46e-02
2.65e-01
-6.46e-01
-8.06e-01
-6.89e-01
-4.58e-01
-6.27e-02
6.32e-01
1.39e-01
-7.54e-01
-1.00e+00
2.55e-01
-6.39e-01
4.84e-01
-3.40e-01
-3.38e-01
-2.77e-01
-8.52e-01
-1.77e-01
-5.38e-01
-5.93e-01
7.34e-03
-8.45e-01
4.99e-01
-3.19e-01
-2.42e-01
7.64e-01
6.24e-02
-6.87e-01
3.02e-01
6.66e-01
7.98e-01
-5.18e-01
4.13e-01
5.99e-01
8.40e-01
-2.57e-01
-5.95e-01
6.20e-01
8.38e-01
1.85e-02
-2.43e-01
7.83e-01
-8.18e-01
7.93e-01
-3.43e-01
4.36e-01
-2.02e-01
3.97e-01
8.13e-01
2.89e-01
6.31e-02
-8.86e-01
-2.45e-01
-1.87e-01
-9.88e-01
9.27e-01
1.96e-01
6.60e-02
-5.60e-01
-6.57e-01
2.90e-01
-8.68e-01
9.30e-01
5.70e-02
-2.16e-01
-8.85e-01
3.81e-01
-6.68e-01
6.76e-01
4.67e-01
-1.83e-01
-8.94e-01
9.33e-01
7.20e-01
7.00e-01
-3.10e-01
3.86e-02
8.07e-02
1.30e-01
7.43e-01
-2.80e-01
-3.80e-01
4.29e-01
9.06e-01
9.84e-02
4.14e-02
4.61e-01
-1.13e-01
-6.85e-01
-9.60e-01
-3.71e-01
-3.64e-01
-3.20e-01
-8.33e-01
-2.27e-01
7.45e-01
9.41e-01
-9.04e-01
3.45e-01
2.18e-01
