-4.61e-01
-8.58e-01
-2.65e-01
-5.08e-01
3.30e-01
-3.96e-01
6.85e-01
-7.56e-01
2.69e-01
2.21e-01
6.75e-01
2.76e-01
4.14e-01
6.13e-01
-6.14e-01
1.00e-01
-4.16e-01
-5.81e-01
-4.19e-01
-6.98e-02
-4.13e-01
-2.25e-01
9.47e-01
-5.20e-01
6.45e-01
2.31e-01
-1.06e-01
2.19e-01
-5.34e-02
8.43e-01
-7.04e-01
7.91e-01
1.40e-02
6.54e-01
1.04e-02
-5.46e-01
8.89e-01
2.39e-01
1.11e-01
5.26e-01
4.43e-01
5.45e-01
-3.04e-02
7.01e-01
-4.58e-01
8.02e-01
1.04e-01
5.75e-01
2.94e-01
2.00e-01
-7.17e-01
6.61e-02
-9.96e-01
-4.54e-01
-2.04e-02
3.14e-01
5.31e-01
-2.63e-01
-4.94e-01
-3.49e-01
2.42e-01
-5.33e-01
-3.46e-02
4.00e-01
-2.69e-01
4.83e-01
-5.20e-01
-9.29e-02
2.07e-01
-4.76e-02
5.52e-01
-7.94e-01
8.98e-01
-4.18e-01
-8.90e-01
2.98e-01
4.69e-01
-2.34e-01
6.71e-02
6.81e-01
6.96e-01
1.20e-01
-5.00e-01
2.36e-02
-2.67e-01
-2.82e-01
-2.70e-01
9.31e-02
-6.23e-01
3.30e-02
-2.70e-01
2.81e-01
3.09e-01
-8.36e-03
-5.03e-01
-3.72e-01
6.10e-01
-3.24e-01
4.02e-01
-5.51e-01
-5.44e-01
-7.23e-01
4.22e-01
-1.37e-01
-5.89e-02
2.18e-01
-4.36e-01
3.22e-01
3.49e-02
4.99e-01
-9.18e-01
6.27e-02
7.72e-01
-5.86e-01
-4.25e-01
-2.80e-01
7.18e-01
1.76e-01
9.02e-01
-9.75e-01
6.16e-01
-1.94e-01
-9.82e-01
8.07e-01
-5.85e-01
4.42e-01
-6.35e-01
-7.88e-01
8.11e-02
5.58e-01
6.66e-01
-1.38e-01
5.50e-01
-2.96e-01
1.11e-01
3.42e-01
6.28e-01
-2.74e-01
-2.65e-01
-8.72e-01
-3.97e-01
-4.54e-01
3.64e-01
-2.30e-01
-6.33e-01
-2.99e-01
-6.71e-01
-4.32e-01
-2.07e-01
-6.63e-01
2.10e-02
9.08e-01
-8.59e-01
6.43e-01
8.85e-02
-9.91e-01
-9.12e-01
-4.23e-01
-1.47e-01
-4.89e-01
-4.47e-01
1.20e-01
8.48e-01
-7.71e-01
8.53e-01
-8.54e-01
9.35e-01
-6.61e-02
5.46e-01
3.49e-01
-4.92e-01
-7.47e-01
3.17e-02
2.33e-01
-9.70e-02
1.53e-01
9.10e-01
-1.43e-01
1.95e-01
7.71e-01
3.33e-01
-8.25e-02
3.59e-01
8.79e-01
8.43e-01
1.39e-01
-9.21e-03
2.95e-01
3.06e-01
5.23e-01
-3.38e-01
-2.70e-01
7.98e-01
1.21e-01
-5.12e-01
-3.57e-01
-8.99e-01
-3.92e-01
7.72e-02
6.20e-01
-8.65e-01
-9.33e-01
-4.01e-01
2.87e-01
-8.46e-01
-3.65e-01
-9.08e-02
-3.25e-01
1.33e-01
-5.30e-01
7.76e-01
2.82e-01
-5.09e-01
5.27e-01
6.27e-01
5.35e-01
-4.76e-03
4.57e-01
-4.33e-01
-5.94e-01
2.20e-01
1.11e-01
-7.78e-01
-5.74e-01
-3.77e-01
-3.10e-01
-1.24e-01
-8.05e-01
-2.16e-01
3.44e-01
-5.77e-01
3.85e-01
-6.49e-01
8.21e-01
-3.10e-01
-6.87e-02
5.13e-01
8.13e-01
-3.01e-01
-5.52e-01
6.38e-01
-1.74e-01
5.76e-01
-1.93e-01
4.24e-02
8.35e-01
6.40e-01
1.77e-01
-6.24e-03
1.92e-01
1.22e-01
-9.41e-02
-1.29e-02
-8.51e-01
-5.46e-01
-8.62e-01
-3.46e-02
9.80e-01
8.23e-01
6.82e-01
-3.92e-01
7.04e-01
7.85e-01
-7.18e-01
-9.46e-01
