-5.40e-01
3.72e-01
-5.06e-01
5.81e-01
9.92e-01
-4.74e-01
9.40e-01
-8.84e-01
7.72e-01
-8.87e-01
-7.91e-01
7.44e-01
8.03e-01
8.61e-01
-7.24e-01
4.72e-01
5.77e-01
5.07e-01
-2.19e-01
-4.78e-01
9.15e-01
-4.63e-01
7.76e-01
5.17e-01
-1.69e-01
-1.37e-01
-4.77e-01
7.76e-01
-4.34e-01
5.38e-01
6.70e-01
6.33e-01
3.48e-01
3.64e-01
6.23e-01
-2.40e-01
7.17e-01
6.30e-01
-8.45e-01
-8.28e-01
-6.41e-01
-4.81e-01
7.79e-01
9.35e-01
-5.48e-01
7.31e-01
-8.64e-01
-5.06e-02
-6.79e-01
-7.99e-01
-7.07e-01
9.32e-01
6.57e-01
5.32e-01
-1.65e-01
5.45e-01
9.74e-01
5.15e-02
1.49e-01
2.39e-01
-1.62e-01
-8.32e-01
-5.37e-01
-9.98e-01
8.13e-01
1.33e-01
2.10e-01
-7.74e-01
5.59e-01
9.13e-02
9.62e-02
4.79e-01
-2.99e-01
7.01e-01
-4.79e-01
6.27e-01
9.43e-01
9.44e-01
-6.67e-01
-1.88e-01
-3.81e-02
6.81e-01
6.98e-01
4.06e-01
8.51e-01
9.94e-01
3.49e-01
-1.77e-01
-3.89e-01
6.94e-01
-5.90e-01
7.85e-01
-4.57e-01
5.19e-02
-5.80e-01
6.96e-01
2.37e-01
-2.78e-01
6.14e-01
-2.95e-01
-9.37e-01
3.27e-01
-2.53e-01
-2.55e-01
-9.17e-02
4.89e-01
-7.62e-01
-7.90e-01
7.42e-01
3.95e-01
5.52e-01
2.44e-01
5.99e-01
-5.02e-01
-9.43e-01
4.27e-01
2.05e-01
-8.10e-01
8.57e-01
-8.32e-01
-3.28e-01
1.62e-01
7.38e-01
6.95e-01
2.85e-02
-5.45e-01
-5.88e-01
1.40e-01
9.03e-01
-2.63e-01
9.50e-01
-7.48e-02
4.57e-01
9.86e-02
8.58e-01
-6.36e-01
1.85e-01
8.14e-01
-6.07e-01
-4.07e-01
-3.56e-01
-6.75e-01
-4.93e-01
-8.45e-01
-7.53e-01
-6.70e-01
6.08e-01
-9.04e-01
-4.43e-01
2.07e-01
1.95e-02
-2.20e-02
-6.63e-02
6.65e-03
-1.77e-01
3.96e-01
-8.35e-01
6.85e-01
-7.66e-01
-6.29e-01
-1.95e-01
4.16e-02
7.00e-02
1.31e-01
9.91e-02
3.76e-01
7.22e-01
-5.43e-02
1.26e-01
-3.08e-01
7.24e-01
-1.60e-01
9.20e-01
-6.64e-01
-8.87e-01
9.82e-01
-2.74e-01
5.90e-01
-2.88e-01
-5.18e-01
-3.63e-01
7.36e-01
-4.33e-01
-2.33e-01
6.95e-02
4.90e-01
-5.90e-01
-1.91e-01
3.52e-01
3.60e-01
-4.18e-01
6.48e-01
-8.79e-01
-4.65e-01
8.74e-01
-5.02e-01
-5.91e-01
-9.57e-01
-2.01e-01
5.61e-01
9.96e-01
9.09e-02
3.73e-01
-8.84e-01
-4.63e-01
4.26e-01
2.07e-02
-5.17e-01
6.79e-02
-9.56e-01
-7.32e-01
7.52e-01
3.47e-01
-9.78e-01
8.40e-01
-2.21e-01
3.06e-01
6.87e-01
7.74e-01
-5.21e-01
-6.45e-01
2.49e-01
-1.11e-01
4.02e-01
-4.25e-01
5.83e-01
-3.96e-01
8.04e-01
6.54e-01
3.54e-01
2.55e-01
6.90e-02
-7.98e-01
6.82e-01
1.39e-01
4.82e-01
-5.45e-01
-1.14e-01
7.88e-01
2.70e-01
-3.61e-02
2.45e-01
2.18e-01
2.80e-01
-4.39e-01
1.59e-01
5.87e-02
-1.56e-01
-2.72e-01
8.11e-01
8.18e-01
-3.19e-01
1.68e-02
-4.49e-01
-6.83e-01
5.17e-01
8.94e-01
-6.67e-01
1.95e-01
-4.81e-01
-7.52e-01
4.94e-01
-3.89e-01
-3.98e-01
9.88e-01
