-3.53e-01
6.94e-01
-4.99e-01
-1.82e-01
-5.87e-01
-4.03e-01
9.80e-01
-7.30e-01
9.30e-01
2.02e-01
4.99e-01
-4.62e-01
3.34e-01
7.38e-02
5.94e-01
5.19e-01
9.29e-01
-6.51e-01
-1.13e-01
-7.77e-01
-7.18e-01
3.37e-02
-8.96e-01
-4.44e-02
9.97e-01
-9.79e-01
4.27e-01
4.00e-01
2.73e-01
-6.95e-01
4.85e-01
-7.73e-01
3.52e-01
1.63e-01
8.84e-01
-8.33e-01
1.11e-01
4.76e-01
2.62e-01
3.98e-02
-5.68e-01
3.38e-01
4.23e-01
-3.79e-01
2.41e-01
-7.62e-01
-7.70e-01
9.19e-01
8.88e-01
4.33e-01
1.68e-01
4.77e-01
1.73e-01
9.78e-01
-7.44e-01
-9.79e-01
-7.14e-01
-7.74e-01
8.79e-01
6.94e-01
-3.00e-01
-3.16e-02
-3.52e-01
-3.38e-01
-7.64e-01
-5.81e-01
6.17e-01
-2.66e-01
6.56e-01
-5.43e-01
1.34e-01
4.01e-01
-7.84e-01
1.35e-01
4.94e-01
-3.86e-01
-1.25e-01
6.21e-01
2.02e-01
-4.38e-02
-6.01e-01
-3.63e-01
6.32e-01
9.52e-01
-6.58e-01
5.36e-01
6.40e-01
-8.48e-01
6.30e-01
-9.78e-01
7.94e-01
7.52e-02
4.19e-01
1.62e-01
6.13e-01
-8.66e-01
6.96e-01
-6.68e-01
7.09e-01
-5.26e-02
-2.42e-01
4.63e-01
2.81e-01
-5.06e-01
4.69e-01
-8.23e-01
3.37e-01
9.08e-01
-2.61e-01
-3.58e-01
8.84e-02
5.41e-01
3.52e-01
-2.99e-01
8.88e-03
2.90e-01
9.26e-01
-6.68e-01
3.70e-01
9.98e-01
-4.18e-01
6.89e-01
7.11e-01
8.49e-01
1.76e-01
1.48e-01
-4.00e-01
-1.84e-01
2.45e-01
4.01e-01
9.84e-01
5.25e-01
-3.45e-01
1.75e-01
-3.42e-01
7.63e-01
3.01e-01
7.47e-01
1.31e-01
7.57e-01
6.85e-01
9.24e-02
8.47e-02
-6.16e-01
-6.27e-01
-6.09e-02
-8.68e-02
-5.60e-01
-3.76e-01
4.25e-01
4.13e-01
9.70e-01
2.32e-01
9.24e-01
-6.64e-01
-6.79e-02
8.17e-01
-6.76e-02
-1.89e-01
-4.91e-01
-4.59e-01
-1.82e-01
6.32e-01
3.36e-01
9.99e-01
7.37e-01
8.85e-01
1.55e-01
3.56e-01
-6.24e-01
-2.57e-02
-1.38e-01
-1.55e-01
9.82e-01
9.11e-01
1.02e-02
6.93e-01
5.03e-01
-4.25e-01
-1.42e-02
-7.42e-01
-3.96e-01
-7.89e-01
1.12e-01
-5.02e-01
-5.91e-01
-9.49e-01
-4.11e-01
2.17e-01
2.02e-01
2.25e-01
-2.18e-01
8.14e-01
1.22e-01
5.14e-01
5.30e-01
-1.45e-01
-7.96e-01
-1.81e-01
1.04e-01
5.94e-01
3.64e-02
-9.29e-01
-1.73e-01
-7.63e-01
1.90e-01
4.09e-01
6.57e-01
5.52e-01
-1.42e-01
-9.00e-01
-4.51e-01
8.29e-01
-9.95e-02
-3.47e-01
-9.03e-01
-9.76e-01
4.53e-01
-8.32e-01
-8.88e-01
2.69e-01
-5.68e-01
-7.20e-01
-3.91e-01
8.72e-01
-5.71e-01
-7.52e-01
5.94e-01
4.70e-01
-4.43e-01
-1.69e-01
-2.55e-01
-9.35e-01
7.55e-01
-2.66e-01
-3.39e-01
9.14e-01
6.68e-02
1.46e-01
1.08e-01
6.39e-01
-6.79e-01
9.53e-01
-4.76e-01
-7.79e-01
7.87e-01
4.40e-01
-5.24e-01
-2.81e-01
8.79e-01
-9.04e-02
9.22e-01
2.43e-02
-4.69e-01
2.71e-01
-6.22e-01
7.11e-01
-2.87e-01
4.62e-01
-8.64e-01
1.61e-01
-1.21e-02
2.87e-01
9.71e-01
4.50e-01
