1.46e-01
5.20e-02
-2.60e-01
-9.71e-01
7.89e-01
3.22e-01
-2.52e-01
1.57e-01
8.52e-01
-6.48e-01
-2.25e-01
-9.53e-01
-5.35e-01
-8.93e-01
-4.71e-01
-1.07e-01
-5.29e-01
-5.73e-01
-6.69e-01
5.40e-01
-5.91e-01
9.00e-01
-9.98e-01
-9.52e-01
-3.87e-02
-7.70e-02
-2.48e-01
-3.61e-01
-7.30e-02
-2.46e-01
7.95e-01
-5.26e-01
-5.16e-01
-9.55e-01
-6.00e-01
1.45e-01
5.70e-01
-5.59e-01
-8.61e-01
-2.53e-01
6.73e-01
-1.24e-01
5.32e-01
5.04e-01
1.22e-01
7.85e-01
7.31e-01
6.03e-01
5.37e-01
2.49e-01
8.96e-01
2.33e-02
7.13e-01
9.81e-01
5.38e-01
5.96e-01
-9.27e-01
8.57e-01
3.55e-01
-5.16e-01
4.90e-01
-9.64e-01
7.08e-01
4.03e-01
5.81e-01
-9.91e-01
-7.38e-01
3.15e-01
-7.75e-01
9.69e-01
-3.11e-01
-8.50e-01
-8.45e-01
-4.57e-01
-2.22e-01
-8.28e-01
-9.41e-01
-9.77e-01
-6.95e-01
-7.68e-01
6.78e-01
6.94e-01
-4.71e-01
-1.74e-01
2.82e-01
-1.50e-01
7.53e-01
2.09e-01
1.22e-01
-7.90e-01
-7.92e-02
-5.92e-01
2.77e-01
-8.83e-01
5.18e-01
-6.23e-01
9.13e-01
-7.62e-01
-8.95e-01
8.68e-01
-7.69e-02
-5.31e-02
-3.21e-01
6.68e-01
-6.05e-01
3.90e-01
6.89e-01
-1.63e-01
-3.06e-01
-4.73e-01
-4.82e-01
8.62e-01
-8.77e-01
2.09e-01
-1.47e-01
-7.77e-01
1.00e+00
6.90e-01
8.25e-01
-2.30e-01
1.54e-01
8.80e-01
-6.25e-01
-1.48e-01
-4.01e-01
1.86e-01
2.25e-01
1.40e-01
-6.87e-01
7.29e-01
-4.33e-01
-7.48e-01
6.58e-01
8.21e-01
9.34e-01
9.44e-01
-6.09e-01
-5.57e-01
5.91e-01
-5.58e-01
1.66e-01
-8.97e-01
-4.23e-02
6.74e-01
6.61e-01
3.72e-01
-2.53e-01
6.79e-01
-8.23e-01
-6.16e-01
8.21e-01
5.35e-01
-5.53e-01
-6.60e-01
-3.21e-02
1.14e-01
-3.29e-02
6.27e-01
8.44e-01
-3.15e-01
-4.65e-01
1.65e-01
8.16e-02
6.43e-02
-9.86e-01
7.14e-01
1.90e-01
6.04e-01
-3.60e-01
6.50e-01
-2.73e-01
-9.16e-01
2.08e-02
-8.92e-01
7.16e-01
-1.59e-01
3.69e-01
-4.32e-01
1.32e-01
-4.40e-01
7.81e-01
-5.14e-01
1.28e-01
5.26e-01
-6.08e-01
8.68e-01
-6.05e-01
1.57e-01
-5.94e-01
-5.44e-01
-7.60e-01
4.04e-01
-7.59e-01
7.55e-02
-9.18e-01
4.02e-01
-2.76e-01
7.41e-01
-1.24e-01
-3.33e-02
-2.12e-01
8.40e-01
-7.70e-02
-4.77e-01
-3.75e-01
2.94e-02
4.24e-01
2.74e-01
9.39e-01
-8.02e-01
-7.91e-01
1.19e-01
-5.54e-01
8.41e-01
-7.26e-02
-3.01e-01
-4.22e-01
-7.57e-01
9.23e-01
-7.85e-01
9.32e-01
8.68e-01
6.73e-01
-9.26e-01
-3.91e-01
4.02e-02
-6.56e-01
-7.38e-01
9.87e-02
1.75e-01
-1.82e-01
-6.54e-01
6.55e-01
-2.57e-01
-1.33e-01
1.93e-01
-4.90e-01
9.81e-01
6.88e-01
-4.69e-01
-8.47e-01
6.65e-01
-7.36e-01
5.77e-01
7.92e-01
7.02e-01
-1.97e-01
-8.32e-01
9.13e-01
-4.49e-01
2.06e-01
-9.80e-01
-3.57e-01
4.10e-01
3.19e-01
-5.31e-01
8.83e-01
-7.63e-01
3.65e-02
-3.03e-01
-3.58e-01
9.37e-01
3.34e-01
6.24e-01
1.75e-01
