-5.99e-01
-5.34e-01
-6.95e-01
-8.41e-02
6.71e-01
-1.56e-01
-6.25e-01
-2.87e-01
7.79e-01
-1.39e-01
2.49e-01
-4.46e-01
8.78e-01
3.60e-01
-8.93e-01
8.24e-01
-6.75e-01
-6.37e-01
8.19e-01
-5.03e-01
2.85e-01
-2.62e-01
-4.84e-01
-2.84e-01
-3.69e-01
-7.30e-01
-9.17e-02
2.99e-01
-1.20e-01
-2.12e-01
-6.15e-01
9.41e-01
6.94e-01
9.61e-01
3.39e-01
8.09e-01
-6.76e-01
3.76e-01
-5.46e-01
-6.65e-01
-8.53e-01
-3.56e-01
9.42e-01
3.62e-01
8.30e-01
-6.91e-01
7.31e-01
6.30e-01
-8.25e-01
-9.55e-01
6.51e-02
2.80e-01
-3.25e-01
-4.73e-01
4.70e-01
-2.26e-01
9.28e-01
-5.33e-01
-6.17e-01
-8.83e-01
3.72e-01
3.16e-01
-5.45e-01
-4.23e-01
1.62e-01
7.53e-01
3.94e-01
6.18e-01
1.64e-01
-9.66e-01
-4.47e-02
-9.36e-02
9.47e-01
-7.43e-01
4.59e-01
6.90e-01
-9.39e-01
-8.60e-01
-6.02e-01
-2.79e-01
5.86e-01
8.86e-02
3.06e-01
5.84e-01
-7.17e-01
-5.69e-01
-8.97e-01
6.25e-01
9.66e-01
-2.07e-01
-6.74e-01
-9.01e-01
6.38e-01
-1.93e-01
5.63e-01
5.80e-01
-9.60e-01
3.35e-02
-9.84e-01
2.28e-01
6.80e-01
-3.90e-01
-1.67e-01
7.48e-01
-2.28e-01
-6.06e-01
-7.34e-01
-6.77e-01
3.78e-01
9.94e-01
9.72e-01
-2.22e-01
-3.59e-01
9.24e-01
-4.98e-01
7.23e-01
-8.97e-01
-8.05e-02
-8.00e-01
4.50e-01
6.13e-01
-2.46e-01
8.81e-01
-6.39e-01
-2.05e-01
-5.63e-01
3.28e-01
3.53e-01
5.00e-01
7.33e-01
4.13e-01
4.06e-03
6.85e-01
-4.45e-01
-8.10e-01
-3.62e-01
7.71e-02
-5.49e-02
-5.19e-01
-2.25e-02
-9.27e-01
1.46e-01
9.74e-01
-7.14e-01
-7.79e-01
-8.56e-01
-7.46e-01
-4.62e-01
6.18e-01
-2.33e-01
-2.41e-01
2.06e-01
7.00e-01
5.78e-02
2.03e-01
-1.56e-01
4.31e-01
8.18e-01
-8.61e-02
8.13e-01
5.75e-01
9.75e-02
6.58e-01
7.56e-01
7.46e-02
-4.15e-01
-5.87e-01
1.50e-01
-6.72e-01
7.68e-01
4.65e-01
-6.99e-01
7.75e-01
-3.31e-01
3.57e-01
9.39e-01
-2.13e-01
-1.83e-01
4.00e-01
6.55e-01
-8.46e-01
5.01e-01
2.42e-01
6.91e-01
-4.84e-01
5.91e-01
-3.02e-01
-4.94e-01
-1.09e-01
-5.15e-01
8.13e-01
-2.89e-01
9.45e-01
2.58e-01
-9.21e-01
-3.27e-01
8.25e-02
8.74e-01
-2.38e-01
9.93e-01
6.18e-01
-8.58e-01
8.91e-01
-9.00e-01
-3.16e-01
4.12e-01
-4.32e-01
-7.09e-01
-5.42e-01
-9.76e-01
-4.35e-02
4.44e-01
6.77e-01
-3.34e-01
7.00e-01
2.89e-01
-4.48e-01
-9.01e-01
4.29e-02
-6.92e-01
-6.21e-01
-8.71e-01
2.47e-01
3.88e-01
3.73e-02
-1.87e-01
8.33e-01
-9.43e-01
1.45e-01
-5.90e-01
7.00e-02
7.93e-01
-4.59e-01
2.46e-02
-6.57e-01
6.25e-01
5.11e-01
2.78e-01
-9.01e-01
-8.41e-01
3.95e-01
-7.69e-01
-6.30e-01
3.38e-01
9.94e-01
8.26e-01
-4.63e-01
9.21e-01
7.74e-01
-9.80e-01
-3.47e-01
6.63e-01
5.59e-01
6.19e-01
-5.65e-01
6.75e-01
-1.06e-01
-6.41e-02
-6.34e-01
2.14e-02
-7.40e-01
7.44e-01
4.98e-02
-2.64e-03
-2.71e-01
