-7.75e-02
7.82e-01
2.13e-02
4.98e-01
-3.49e-01
-6.27e-02
-9.84e-01
-7.54e-01
5.28e-01
-2.34e-01
6.67e-01
4.06e-01
-5.93e-01
5.78e-01
1.76e-01
7.98e-01
-3.78e-01
4.41e-01
4.89e-01
-3.00e-01
-8.80e-01
-7.17e-01
9.90e-01
-5.02e-01
8.82e-02
1.79e-01
-5.79e-01
4.21e-02
-6.08e-01
-9.22e-01
-3.87e-01
-9.55e-01
1.60e-01
6.43e-02
5.32e-02
7.16e-01
-1.11e-01
9.56e-01
5.75e-01
-1.95e-01
-5.32e-01
9.34e-01
-5.82e-02
4.24e-01
-2.23e-01
-2.66e-01
-3.51e-01
4.09e-01
5.80e-01
-6.08e-01
5.12e-01
-3.92e-01
7.81e-01
2.60e-01
1.39e-01
3.93e-01
-7.58e-01
-2.29e-01
-2.95e-01
4.66e-01
-7.08e-01
5.35e-01
-3.61e-02
2.20e-01
-4.32e-01
-8.24e-01
-6.85e-01
9.79e-01
1.29e-01
1.28e-01
5.99e-01
-8.05e-01
4.39e-01
6.65e-01
-5.45e-01
8.48e-01
-6.58e-01
-9.53e-01
-9.59e-01
-9.23e-01
-2.47e-02
-3.14e-01
-1.29e-01
-6.59e-03
1.50e-02
9.21e-01
9.33e-01
9.70e-01
-7.10e-01
2.24e-02
-3.03e-01
7.19e-01
-6.03e-01
5.02e-01
-6.93e-01
-6.16e-01
-4.56e-01
-6.29e-01
-3.57e-02
-6.33e-01
-3.35e-02
-2.27e-01
-1.27e-01
1.98e-02
-9.07e-01
-5.34e-01
8.33e-01
9.49e-01
-3.34e-01
9.27e-01
-7.04e-01
-7.41e-01
2.53e-01
7.23e-01
-1.52e-01
1.11e-01
-7.50e-01
6.74e-01
6.77e-01
1.68e-01
-6.68e-01
2.52e-01
-1.10e-01
-7.99e-01
-1.29e-01
-3.80e-01
-7.54e-01
4.00e-01
1.84e-01
-4.60e-01
1.81e-01
-1.11e-01
6.37e-01
-5.71e-01
3.63e-01
6.06e-01
-6.57e-01
-8.77e-01
-9.43e-01
-2.75e-01
-8.54e-01
8.62e-01
-1.82e-01
-9.59e-01
-5.98e-02
7.86e-01
-5.96e-01
6.50e-01
-3.04e-01
-4.32e-01
-1.45e-01
-7.84e-02
1.28e-01
-3.03e-01
-9.08e-01
-8.17e-01
-8.72e-01
5.66e-01
-8.16e-01
7.46e-01
-9.65e-01
1.37e-01
-7.09e-01
9.36e-02
-9.96e-01
1.61e-01
9.19e-01
-5.56e-01
-1.38e-01
-1.95e-01
6.83e-01
-7.94e-01
1.29e-01
5.61e-01
1.29e-01
-3.07e-02
6.41e-01
6.56e-01
-8.57e-01
-6.24e-01
-5.19e-01
-7.71e-01
-1.16e-01
-1.41e-01
6.99e-01
-1.97e-01
5.62e-01
-6.38e-01
-3.74e-01
-9.71e-01
7.66e-01
9.24e-01
-5.61e-01
2.23e-02
-1.16e-01
-9.93e-01
-2.42e-03
-3.91e-01
-4.50e-01
6.00e-01
-8.60e-01
-9.63e-01
6.50e-01
7.07e-01
-3.74e-01
9.22e-02
-5.88e-01
7.40e-01
-6.83e-01
-7.41e-01
-5.03e-01
7.47e-01
6.07e-01
2.15e-01
9.66e-01
8.99e-01
-4.66e-01
-6.08e-01
2.47e-01
2.46e-01
7.06e-01
-7.67e-01
1.75e-01
2.74e-01
4.73e-01
3.70e-01
6.34e-01
7.08e-01
-4.37e-01
-7.30e-01
2.61e-01
-4.73e-01
-2.85e-02
1.59e-01
1.48e-01
-3.89e-01
8.46e-01
-2.98e-01
-1.70e-01
-4.17e-01
-2.61e-01
9.94e-01
3.85e-01
-1.24e-01
-3.94e-01
-5.27e-01
7.75e-01
5.14e-01
-2.77e-01
5.98e-01
-6.45e-01
-1.11e-01
-2.86e-01
2.25e-02
7.83e-01
7.76e-01
-4.49e-01
-1.79e-01
6.62e-01
-1.46e-01
7.43e-01
-1.80e-01
-7.03e-01
5.06e-01
-2.31e-01
