6.32e-01
2.88e-01
-9.53e-01
-1.60e-01
-8.53e-01
-9.77e-01
-4.80e-01
-8.17e-01
9.49e-01
7.27e-02
5.62e-01
-4.22e-01
4.09e-02
8.93e-01
-8.35e-01
7.98e-01
-3.78e-01
4.41e-01
4.89e-01
-3.00e-01
-8.80e-01
-7.17e-01
9.90e-01
-5.02e-01
8.82e-02
1.79e-01
-5.79e-01
4.21e-02
-6.08e-01
-9.22e-01
-3.87e-01
-9.55e-01
1.60e-01
6.43e-02
5.32e-02
7.16e-01
-1.11e-01
9.56e-01
5.75e-01
-5.51e-01
1.73e-01
-6.73e-01
6.74e-01
-9.14e-01
9.20e-01
-2.59e-01
1.55e-01
-9.62e-01
-2.62e-01
-2.51e-01
3.07e-01
8.38e-01
-4.23e-01
-9.55e-01
1.24e-01
-7.09e-01
4.76e-01
-7.45e-01
-2.54e-01
8.72e-01
-7.90e-01
-6.02e-01
-8.53e-01
-3.91e-01
-9.61e-01
-7.43e-01
-3.12e-01
-3.19e-01
2.46e-01
-2.55e-01
7.76e-01
-7.03e-01
-9.89e-02
-2.48e-01
1.71e-02
8.80e-01
-2.69e-01
4.93e-01
-3.10e-01
6.36e-01
5.13e-03
-8.43e-01
3.87e-01
2.09e-01
-2.55e-01
6.71e-01
2.41e-01
3.26e-01
-5.01e-01
7.74e-01
-4.65e-01
4.37e-01
7.25e-01
7.12e-01
4.94e-01
-6.26e-01
-9.48e-01
-4.48e-01
7.77e-01
-1.25e-01
3.26e-01
-2.41e-01
8.34e-01
-7.67e-01
-6.34e-01
-8.18e-01
-2.16e-01
7.32e-01
-5.18e-01
-8.62e-01
-9.89e-01
-7.66e-01
-9.42e-01
5.87e-01
-9.51e-01
2.26e-02
-5.12e-01
-7.81e-01
-8.27e-01
-6.47e-01
-3.90e-01
1.78e-01
4.13e-01
7.12e-01
8.05e-01
-9.55e-01
4.36e-01
4.07e-01
-2.91e-01
-6.10e-01
-1.62e-01
-7.24e-01
8.53e-01
1.00e-01
9.10e-02
-7.06e-01
-9.69e-02
-9.43e-02
1.40e-01
-7.87e-01
-3.78e-01
-4.69e-01
-5.55e-01
-3.17e-01
3.44e-01
9.98e-01
2.41e-01
-4.43e-01
2.36e-01
-7.50e-01
-9.51e-01
-3.18e-01
1.36e-01
8.46e-01
-5.74e-01
-4.29e-01
4.01e-01
6.76e-01
-1.84e-01
-8.47e-01
-7.27e-01
-6.57e-01
-8.86e-01
7.45e-01
-3.69e-01
-2.27e-01
6.84e-01
6.10e-01
-4.03e-01
-5.70e-01
2.39e-01
5.56e-01
-9.73e-01
1.31e-02
-1.90e-02
2.87e-01
6.95e-01
1.98e-01
9.99e-02
-8.59e-01
-1.95e-01
-9.11e-01
-1.22e-01
6.27e-01
6.61e-01
9.12e-01
-5.62e-01
-2.72e-01
3.09e-01
7.58e-01
7.71e-01
-6.88e-01
-6.83e-01
-3.25e-01
9.79e-01
3.63e-01
8.07e-01
4.41e-01
5.35e-01
5.63e-02
-1.70e-01
-6.01e-01
2.28e-01
9.25e-01
-4.02e-01
6.79e-01
-9.04e-01
-8.76e-01
1.75e-01
3.64e-01
-8.69e-02
-5.79e-01
6.07e-01
2.15e-01
9.66e-01
8.99e-01
-4.66e-01
-1.13e-01
4.99e-01
-9.88e-01
4.33e-01
-2.72e-01
9.82e-01
2.74e-01
4.73e-01
3.70e-01
-2.67e-01
-5.11e-01
-7.22e-01
1.93e-01
-3.53e-01
7.95e-01
3.07e-01
9.93e-01
3.11e-01
-6.78e-01
8.51e-01
9.26e-01
1.00e-02
9.30e-01
-5.26e-01
3.97e-01
3.14e-01
2.28e-01
2.45e-01
2.64e-01
6.77e-01
-1.18e-01
2.19e-01
-8.29e-01
1.18e-01
3.88e-01
-5.80e-01
6.98e-01
8.39e-01
4.36e-01
-9.66e-01
-4.03e-01
7.63e-01
-9.53e-01
-9.11e-01
6.18e-01
-9.21e-01
7.56e-01
8.08e-01
