-3.21e-01
-9.51e-01
2.45e-01
1.55e-01
-9.52e-01
-4.47e-02
-6.83e-01
-6.65e-01
-8.58e-01
-3.67e-01
-9.57e-01
-3.24e-01
3.21e-01
-7.28e-01
1.54e-01
5.37e-01
7.19e-01
9.24e-01
3.76e-01
1.24e-01
-8.94e-01
7.50e-01
7.37e-01
8.13e-01
5.79e-01
-4.58e-01
6.17e-01
-4.70e-01
1.56e-01
7.36e-01
5.15e-01
7.32e-01
-6.23e-01
2.54e-01
-5.59e-01
7.52e-01
-3.64e-01
9.73e-01
8.29e-01
-7.25e-01
-4.91e-01
-3.65e-01
-4.70e-01
5.19e-01
7.35e-01
5.69e-01
9.67e-01
-3.45e-01
7.41e-01
-2.95e-01
3.88e-01
3.37e-01
-2.49e-01
-5.24e-01
-2.07e-01
1.75e-01
-2.90e-01
9.73e-01
1.90e-01
-3.86e-01
-6.29e-01
2.72e-02
-2.12e-01
-4.68e-01
6.38e-01
-2.90e-01
2.87e-03
7.73e-01
4.09e-02
5.21e-01
-4.64e-01
7.09e-01
6.07e-01
-3.11e-01
2.14e-01
-5.01e-01
9.85e-01
1.34e-01
-5.31e-01
8.56e-01
-1.92e-02
-8.98e-01
9.22e-01
-1.11e-01
-1.63e-01
-9.15e-02
-2.70e-01
-4.43e-01
6.65e-01
1.51e-01
-9.08e-01
-5.77e-01
-1.50e-01
-8.80e-01
8.53e-01
2.16e-01
4.13e-01
-5.71e-01
-9.30e-01
8.49e-01
-7.01e-01
8.36e-01
4.79e-01
3.70e-01
-9.72e-01
6.61e-01
-1.73e-01
-5.67e-02
1.18e-01
6.30e-01
-1.88e-01
-8.30e-01
-1.91e-01
-3.86e-01
-3.71e-01
2.58e-02
-6.44e-01
2.67e-01
-9.25e-03
8.05e-01
-8.32e-02
7.72e-02
3.75e-01
2.23e-01
-8.65e-01
-4.82e-01
6.60e-02
3.19e-01
8.12e-01
3.60e-01
7.42e-02
-5.34e-02
-5.34e-01
1.42e-01
-9.46e-01
7.53e-01
-2.57e-01
-1.85e-01
3.47e-01
8.15e-01
5.29e-01
2.56e-01
5.06e-01
-4.79e-01
-5.91e-01
-1.43e-01
7.34e-01
-6.64e-01
-2.47e-01
-2.66e-01
-5.87e-02
-5.71e-01
-7.14e-01
-1.70e-01
-4.71e-01
9.95e-01
9.00e-01
6.74e-01
7.83e-01
-6.39e-01
8.99e-01
-5.47e-01
-1.12e-01
1.46e-01
-8.70e-01
4.38e-01
1.54e-01
7.91e-01
2.65e-01
-6.77e-02
-2.52e-01
3.09e-01
-3.42e-01
9.15e-01
-7.98e-01
-6.03e-01
-7.43e-01
-1.60e-01
-9.98e-01
5.27e-01
5.57e-01
9.05e-01
2.54e-01
1.54e-01
-9.64e-01
-6.78e-01
8.30e-02
1.24e-01
-7.03e-01
7.44e-01
-1.84e-01
-5.84e-01
2.89e-01
2.85e-01
8.87e-01
-1.78e-01
-7.65e-01
-7.17e-01
-1.82e-01
4.13e-01
9.18e-02
-8.44e-02
-5.31e-01
1.09e-01
4.40e-02
-9.63e-01
-9.10e-01
1.22e-02
9.30e-02
-6.44e-01
7.13e-01
1.95e-01
5.81e-01
1.22e-01
2.15e-01
3.10e-01
-8.02e-01
7.30e-01
3.91e-01
-8.65e-01
-6.70e-01
-2.42e-01
7.84e-01
1.26e-01
1.07e-01
-5.95e-01
7.69e-01
7.90e-01
-5.50e-01
-8.94e-02
-4.06e-01
-6.05e-01
8.27e-01
-6.22e-01
-5.31e-01
2.22e-01
1.12e-02
-2.17e-01
-6.22e-01
5.36e-01
2.64e-01
-8.90e-01
-3.70e-01
-4.70e-01
-1.23e-01
-8.93e-01
6.28e-03
-7.59e-02
9.45e-01
-4.53e-01
1.30e-01
5.04e-01
2.89e-01
7.81e-02
2.80e-01
-4.79e-01
7.21e-01
7.72e-01
1.88e-01
6.77e-01
-4.13e-01
-5.77e-01
-8.26e-01
5.44e-01
5.41e-01
