-5.42e-01
-5.85e-01
1.85e-01
-9.23e-01
3.80e-01
-3.95e-01
-7.96e-01
6.82e-01
-1.46e-01
-6.75e-01
8.12e-01
5.00e-01
8.80e-01
8.65e-01
3.49e-01
-7.28e-01
7.02e-01
-7.85e-01
-3.95e-01
-5.99e-01
7.82e-01
2.71e-01
-2.76e-01
1.67e-01
-7.56e-01
4.09e-01
5.75e-01
7.28e-01
-8.76e-01
9.25e-01
1.48e-01
-2.77e-01
2.42e-02
2.84e-02
-9.66e-01
9.37e-01
-8.91e-01
-6.12e-01
-7.57e-01
-5.70e-01
-8.75e-01
1.71e-01
-6.33e-01
-5.10e-01
-1.98e-01
-9.79e-02
-7.78e-01
-8.60e-01
2.70e-01
5.15e-01
8.67e-01
-4.96e-02
-5.90e-01
1.62e-01
6.78e-01
4.64e-01
-9.80e-01
-7.31e-01
4.12e-01
6.52e-01
7.59e-02
-4.91e-01
-5.19e-01
-5.17e-01
-2.32e-01
-1.09e-01
3.27e-01
5.45e-01
2.83e-01
7.73e-01
-2.91e-01
9.65e-01
2.88e-01
6.66e-01
2.56e-01
6.73e-01
-2.28e-01
-4.07e-01
-9.77e-01
3.40e-02
-7.18e-01
-8.36e-01
-3.02e-01
7.38e-01
-6.83e-01
-1.23e-02
7.77e-01
-5.76e-01
-6.64e-02
2.76e-01
4.73e-01
1.92e-01
9.99e-01
6.94e-01
-6.77e-01
-9.53e-01
-5.04e-01
-1.78e-01
-2.01e-02
-8.03e-02
9.59e-01
1.52e-01
7.11e-01
8.89e-01
-2.72e-01
6.63e-01
3.51e-01
-5.26e-01
2.50e-01
6.42e-01
-4.98e-01
2.72e-01
4.94e-01
8.50e-01
-6.92e-01
3.85e-02
4.65e-01
-8.24e-01
4.68e-01
-5.74e-01
6.47e-01
3.04e-01
-7.55e-01
1.44e-01
-3.54e-01
-2.42e-01
-8.36e-01
7.01e-01
-2.08e-01
1.00e-01
2.17e-01
5.52e-01
-5.71e-01
-3.56e-01
3.92e-01
-2.57e-01
-7.49e-01
-5.54e-01
-6.73e-01
-2.76e-01
-7.80e-01
-8.05e-01
-2.32e-02
-8.84e-01
8.49e-01
-2.25e-01
2.21e-01
-4.10e-02
-5.29e-02
-4.64e-02
-7.28e-01
-8.50e-01
-7.95e-01
3.12e-01
-5.06e-02
-2.70e-01
8.52e-01
-4.23e-02
5.68e-01
-9.69e-01
-2.92e-01
-9.92e-01
-2.18e-01
-1.50e-01
8.85e-01
3.12e-01
2.28e-01
5.13e-01
9.91e-01
-1.84e-02
-6.16e-01
-1.00e+00
9.67e-01
2.63e-01
2.71e-01
7.05e-01
2.21e-01
6.27e-01
-5.02e-01
7.69e-01
-1.81e-01
-9.24e-01
1.95e-01
4.94e-01
-5.81e-02
-3.93e-01
-6.56e-01
2.15e-02
-9.72e-02
-3.10e-01
-7.53e-01
-5.95e-01
-4.06e-01
-6.85e-01
-7.10e-01
8.57e-01
-9.07e-01
-5.82e-01
-7.37e-01
5.05e-01
-9.85e-01
-4.56e-01
-6.93e-01
-8.21e-01
7.76e-01
7.31e-03
9.59e-01
-9.06e-01
-8.99e-01
5.93e-02
-9.12e-01
-8.53e-01
4.64e-01
9.56e-01
5.82e-01
-9.31e-01
-4.57e-01
8.53e-01
-4.99e-01
3.24e-01
-8.09e-02
1.29e-01
5.87e-01
-1.13e-01
8.59e-01
-4.56e-01
9.47e-02
-6.02e-01
-1.97e-01
8.18e-01
3.98e-01
-4.67e-01
2.56e-01
-6.08e-01
-5.73e-01
-8.74e-01
-3.30e-02
-9.11e-01
-5.90e-01
-5.47e-01
3.13e-01
-9.39e-01
6.19e-01
6.77e-01
-7.52e-01
-1.07e-02
-6.84e-01
-7.58e-01
7.37e-01
-9.80e-01
-2.04e-01
1.33e-01
-6.19e-01
7.13e-01
3.46e-01
-3.37e-01
-6.78e-02
2.30e-01
3.01e-01
7.05e-02
7.62e-01
8.93e-01
5.28e-01
2.87e-01
7.00e-01
