-9.30e-01
-8.29e-01
-1.45e-01
-8.62e-01
-2.12e-01
3.89e-01
-5.96e-01
9.23e-01
6.92e-01
5.51e-01
-3.86e-01
-1.33e-01
-4.00e-01
6.98e-01
-7.51e-01
3.03e-01
-8.46e-01
-1.76e-01
7.68e-01
-9.62e-01
-8.06e-01
-7.14e-01
-3.90e-01
4.72e-01
-2.93e-01
1.81e-01
-2.45e-01
-4.74e-01
5.13e-01
8.86e-01
-5.50e-01
5.39e-01
-9.32e-01
-4.37e-01
-6.98e-02
-2.99e-02
-5.66e-01
-6.75e-01
4.36e-01
9.71e-01
5.05e-01
4.63e-01
8.14e-01
9.27e-01
-8.31e-02
8.38e-01
-9.10e-02
6.43e-01
-4.59e-01
-1.84e-01
-6.10e-01
-1.59e-01
-5.37e-01
5.02e-01
3.16e-01
-3.46e-01
7.84e-01
3.08e-01
1.74e-02
-5.95e-01
-9.06e-01
6.50e-01
4.11e-01
-9.67e-01
-5.64e-01
-3.50e-01
3.03e-01
-1.19e-01
4.94e-02
-9.53e-01
7.17e-01
8.41e-01
7.66e-01
-8.82e-01
4.27e-01
9.74e-01
-2.78e-01
7.58e-01
9.19e-01
9.32e-01
7.79e-01
4.12e-01
7.80e-01
-3.66e-01
-4.16e-02
8.98e-01
-7.01e-01
9.07e-01
-3.34e-01
-4.48e-01
8.80e-01
9.80e-01
4.50e-01
6.90e-01
1.22e-01
5.91e-01
3.65e-01
-3.05e-01
5.94e-02
-3.93e-01
-6.89e-01
-2.83e-01
-1.70e-01
5.67e-01
-7.69e-01
5.89e-01
-2.72e-01
6.38e-01
-4.37e-02
-3.34e-01
-7.40e-01
-7.65e-01
7.71e-01
-8.86e-01
-9.53e-01
-2.94e-01
-3.69e-01
2.81e-01
-9.62e-01
2.88e-01
8.13e-01
-6.45e-01
-1.09e-01
-6.77e-01
1.93e-01
-1.83e-01
-9.84e-01
-9.08e-02
9.64e-01
9.62e-01
7.02e-01
1.42e-01
-5.01e-01
1.77e-01
8.49e-01
-5.98e-01
4.37e-01
-7.56e-01
9.25e-01
-7.69e-01
-4.93e-01
-3.26e-01
4.74e-01
4.16e-01
2.09e-01
-3.21e-01
6.53e-01
8.21e-01
1.30e-01
-2.53e-01
6.90e-01
2.74e-02
-3.20e-01
2.78e-02
-9.75e-01
9.20e-01
-6.54e-01
3.36e-01
-9.26e-01
-6.16e-02
-3.52e-01
4.59e-01
4.72e-01
2.89e-01
4.80e-01
1.12e-01
-7.49e-01
9.39e-01
-7.27e-01
-7.95e-01
-4.57e-01
-3.81e-01
-8.81e-01
6.68e-01
-3.77e-01
7.01e-01
-2.99e-01
-8.44e-01
7.19e-01
9.08e-01
-2.34e-02
-1.05e-01
-5.07e-02
2.07e-01
-8.01e-01
-2.36e-01
1.43e-01
-2.95e-01
-2.68e-02
-7.02e-01
4.04e-01
-3.31e-01
5.10e-01
-9.43e-01
-3.28e-01
6.38e-01
-3.94e-02
-2.66e-01
5.82e-01
-2.04e-01
4.00e-01
3.53e-01
-4.79e-02
-3.33e-01
-2.73e-01
-4.95e-01
2.55e-01
8.48e-01
2.80e-01
-9.62e-01
-5.61e-01
-7.08e-01
3.85e-02
9.98e-01
1.53e-01
-8.24e-01
8.57e-02
-8.39e-01
-6.58e-02
-7.23e-01
-2.70e-01
-9.46e-01
4.73e-02
-4.54e-01
-4.11e-01
6.93e-01
-8.80e-01
9.27e-01
9.47e-01
2.43e-02
-2.54e-01
-7.00e-01
9.51e-01
8.83e-01
-6.73e-01
-4.62e-01
-6.90e-01
-5.23e-01
5.35e-01
3.23e-01
-6.69e-01
-7.09e-01
7.35e-01
2.97e-01
6.23e-01
-7.97e-01
9.71e-01
-9.45e-01
5.41e-01
-6.13e-01
-7.94e-02
-8.11e-01
4.77e-01
3.47e-02
2.70e-02
-3.86e-01
-9.58e-01
6.74e-01
-6.61e-01
-3.67e-01
-5.72e-02
-5.73e-01
3.51e-01
-9.88e-02
8.28e-01
