-3.01e-01
-8.95e-02
-6.27e-01
-7.18e-01
8.00e-01
-8.07e-01
-6.62e-01
9.37e-01
-5.13e-01
8.75e-01
-4.27e-01
-7.93e-01
-4.55e-01
9.57e-01
1.71e-01
2.52e-01
1.08e-01
-7.46e-01
-6.38e-01
-9.69e-02
-2.54e-01
6.00e-01
2.72e-01
-5.81e-01
1.56e-01
3.63e-01
6.69e-01
-6.60e-01
-2.05e-01
-3.92e-01
-1.36e-02
9.39e-01
7.80e-01
5.88e-01
9.26e-01
-9.37e-01
2.28e-01
3.22e-01
1.49e-01
3.47e-01
-4.28e-01
-8.24e-01
2.58e-01
2.17e-01
-1.23e-01
7.08e-02
2.37e-01
-4.26e-02
-5.08e-01
-7.30e-01
2.04e-01
-5.30e-01
5.31e-01
9.13e-01
8.81e-01
4.29e-02
-1.44e-01
6.17e-01
-7.34e-02
4.83e-01
-3.70e-01
8.09e-02
-1.96e-02
-8.29e-01
8.74e-01
-6.21e-01
-2.68e-01
-3.59e-01
6.05e-01
-4.81e-01
-7.62e-01
4.94e-01
-7.72e-01
1.05e-01
-4.10e-01
-4.90e-01
-2.74e-01
7.09e-02
2.60e-01
-3.00e-01
-6.34e-01
6.25e-01
2.67e-01
-7.96e-01
2.54e-01
1.11e-01
4.68e-01
-8.33e-01
1.42e-01
9.88e-01
-9.78e-01
5.20e-01
2.62e-03
-2.44e-01
-4.12e-01
7.16e-01
6.39e-01
-3.06e-01
-4.29e-01
2.42e-01
6.24e-01
-5.88e-01
1.62e-01
-1.52e-01
5.13e-01
-7.42e-01
5.26e-01
6.86e-01
-7.26e-01
2.95e-01
4.92e-01
-3.50e-01
-2.82e-01
-6.07e-01
1.92e-01
-5.31e-02
6.16e-03
-7.59e-02
9.69e-01
-4.55e-01
8.49e-01
6.33e-01
-9.83e-01
-2.15e-01
5.54e-01
6.81e-02
9.28e-02
-2.26e-01
-8.00e-01
-2.37e-02
9.34e-01
-1.35e-01
-9.77e-02
8.51e-01
-9.61e-01
6.05e-01
8.06e-01
2.17e-01
-5.79e-01
4.56e-01
9.83e-01
-3.83e-01
5.71e-01
8.60e-02
-2.28e-01
-9.08e-01
1.13e-01
-2.94e-03
6.92e-01
-5.95e-01
-1.63e-01
-4.57e-01
4.89e-01
2.48e-01
-8.93e-01
-6.31e-01
-9.47e-01
1.19e-01
-5.20e-01
8.18e-01
-6.51e-01
-2.50e-01
-8.70e-01
3.55e-01
-7.52e-01
-8.28e-01
-4.05e-01
2.82e-01
6.97e-01
1.21e-01
9.02e-01
-8.41e-01
6.72e-02
-7.76e-01
9.20e-01
-1.99e-01
-5.19e-01
-8.21e-01
9.18e-01
2.26e-01
-6.35e-01
3.85e-01
1.64e-01
7.38e-02
-5.71e-01
2.60e-01
9.93e-01
4.47e-01
1.38e-01
-3.69e-02
3.58e-01
-1.58e-01
8.70e-01
-5.80e-01
8.69e-01
-9.18e-01
1.30e-02
-8.50e-01
-2.81e-01
9.64e-01
-5.68e-01
8.77e-01
-7.15e-01
1.51e-01
-5.42e-01
-3.75e-02
4.29e-02
-5.51e-01
1.19e-01
-9.36e-02
-8.74e-01
-5.02e-01
7.56e-01
1.18e-02
-2.42e-01
7.32e-01
3.62e-01
7.11e-01
9.52e-01
8.29e-01
1.99e-01
-8.95e-02
2.08e-01
3.92e-01
4.76e-01
-9.13e-01
9.87e-01
-7.56e-01
-2.14e-01
9.01e-01
-1.60e-01
-5.16e-01
-2.61e-01
2.48e-01
6.11e-01
-1.93e-01
-6.28e-01
8.74e-01
-4.48e-01
9.40e-01
8.07e-01
4.60e-01
6.68e-01
8.65e-01
-7.26e-01
-1.99e-01
7.02e-01
-9.63e-01
3.97e-01
1.83e-01
3.09e-01
-2.30e-01
-5.50e-01
3.50e-01
3.70e-01
2.47e-01
9.64e-01
-7.78e-01
7.15e-01
-8.55e-01
-5.39e-01
-5.25e-01
1.96e-01
7.61e-01
-7.54e-01
