9.78e-01
3.92e-02
-1.89e-01
7.52e-01
-7.25e-02
3.89e-01
-5.96e-01
-8.89e-01
7.37e-01
5.51e-01
-3.86e-01
-1.33e-01
-4.00e-01
6.98e-01
-7.51e-01
3.03e-01
-8.46e-01
7.72e-01
4.75e-01
-5.15e-01
-6.16e-01
9.64e-01
-7.23e-02
7.86e-01
1.69e-01
-9.33e-01
-8.62e-01
-1.34e-01
-4.15e-01
-1.27e-01
-8.30e-01
-7.26e-01
-1.03e-01
-2.09e-01
-5.47e-01
-5.12e-01
-1.92e-01
8.30e-01
-9.91e-01
2.30e-01
-2.08e-01
-6.21e-01
-3.09e-01
6.77e-01
4.39e-01
-8.30e-02
-9.23e-01
-7.65e-01
6.24e-01
-8.11e-01
-3.36e-01
2.30e-01
4.01e-01
9.28e-01
1.46e-01
7.83e-01
7.84e-01
-5.11e-01
-5.18e-01
2.58e-01
6.12e-03
2.62e-01
9.64e-01
-9.21e-01
-4.25e-01
4.05e-02
3.23e-01
-1.49e-01
6.80e-01
-1.24e-02
8.52e-01
-2.82e-01
-6.57e-01
-8.50e-01
5.86e-01
-3.02e-01
-2.69e-01
1.22e-01
9.75e-01
-5.59e-01
1.68e-01
5.06e-01
-4.45e-01
-6.49e-01
2.25e-01
-6.45e-01
-7.88e-01
7.66e-01
-3.34e-01
-4.48e-01
8.80e-01
9.80e-01
6.76e-01
6.90e-01
1.22e-01
4.29e-01
3.65e-01
-3.05e-01
5.94e-02
-3.64e-01
3.91e-01
-9.29e-01
-5.99e-01
-9.55e-01
8.33e-01
7.55e-01
-5.14e-01
5.35e-01
3.18e-02
7.90e-01
-1.06e-01
9.49e-01
5.80e-01
-9.87e-01
8.94e-01
-9.92e-02
-3.86e-01
-8.94e-01
9.02e-01
2.89e-01
3.91e-01
-8.84e-01
5.21e-01
-8.60e-01
1.93e-01
-1.83e-01
-9.84e-01
9.71e-01
9.64e-01
9.62e-01
7.02e-01
1.42e-01
-5.01e-01
1.77e-01
8.49e-01
-5.98e-01
4.37e-01
-7.56e-01
9.25e-01
-7.69e-01
-4.93e-01
6.48e-01
-6.64e-01
-5.76e-01
6.19e-01
-1.39e-02
4.49e-01
-1.42e-01
-2.69e-01
9.02e-01
-8.05e-01
-1.01e-01
-4.24e-01
-3.97e-02
-9.01e-01
-8.68e-01
-6.54e-01
3.36e-01
-9.26e-01
-6.16e-02
-3.52e-01
4.59e-01
4.72e-01
2.89e-01
4.80e-01
1.12e-01
-4.92e-01
4.37e-01
6.75e-01
4.23e-01
7.75e-01
-8.94e-01
-9.44e-01
-5.73e-01
8.57e-01
-5.19e-01
3.48e-01
5.28e-01
-2.99e-01
-4.54e-01
6.98e-02
5.00e-01
-4.29e-01
8.50e-01
4.93e-01
-3.82e-01
5.42e-01
1.87e-01
6.75e-02
-8.69e-01
-2.43e-01
-3.61e-01
4.78e-01
4.52e-02
7.26e-02
5.80e-01
7.74e-01
-1.48e-01
5.76e-01
7.27e-02
-2.29e-02
-2.24e-01
-1.72e-01
-3.05e-01
7.54e-01
7.24e-01
1.15e-01
-7.35e-01
-1.61e-01
-6.66e-01
-3.71e-01
-5.75e-02
6.62e-01
9.98e-01
1.53e-01
-8.24e-01
-9.71e-01
-1.91e-01
-6.58e-02
-3.17e-01
-3.71e-01
-9.51e-01
3.53e-01
-5.05e-01
-7.93e-01
3.43e-01
-8.80e-01
9.27e-01
9.47e-01
2.43e-02
-2.54e-01
-7.00e-01
9.51e-01
8.83e-01
-6.73e-01
-4.62e-01
-6.90e-01
-5.23e-01
5.35e-01
6.60e-01
-6.69e-01
-7.09e-01
7.35e-01
2.97e-01
6.23e-01
-7.97e-01
-9.08e-02
-9.45e-01
5.41e-01
-6.13e-01
-7.94e-02
-8.11e-01
4.77e-01
3.47e-02
2.70e-02
-3.86e-01
-9.58e-01
6.74e-01
-6.61e-01
-3.67e-01
-5.72e-02
-5.73e-01
3.51e-01
-9.88e-02
3.20e-01
