-3.16e-01
8.09e-01
-8.47e-01
-2.39e-01
-9.09e-01
-3.14e-01
-7.91e-01
2.24e-01
6.71e-01
9.52e-01
-3.39e-01
8.79e-01
5.86e-01
6.89e-01
-2.45e-01
4.55e-01
-3.17e-01
4.96e-01
-9.29e-01
6.69e-01
-1.32e-01
-5.89e-01
3.18e-01
8.72e-01
8.83e-01
-6.39e-01
1.35e-02
-4.16e-01
-7.77e-01
-3.28e-01
-7.85e-03
-7.12e-01
-6.96e-02
3.80e-01
-3.17e-01
-2.65e-01
-5.51e-01
-6.49e-01
-8.34e-01
7.17e-01
3.46e-01
-3.26e-01
3.13e-01
7.04e-01
-9.38e-01
7.55e-01
9.59e-01
-7.57e-01
-7.76e-02
9.72e-01
-3.18e-02
-1.46e-01
-4.41e-01
9.78e-01
-2.69e-01
6.73e-01
3.76e-01
4.61e-01
8.14e-01
-4.44e-01
-6.19e-01
-4.52e-01
7.22e-01
6.24e-01
2.12e-01
7.01e-01
-9.92e-01
2.97e-01
-2.07e-01
-4.48e-01
5.60e-01
4.54e-03
8.73e-01
-2.74e-02
2.70e-01
-3.74e-01
-2.69e-01
-2.57e-02
1.49e-01
-1.87e-01
2.44e-01
-9.09e-01
7.44e-03
9.67e-01
-1.57e-01
-2.73e-02
2.46e-01
-1.41e-01
-7.38e-01
-7.58e-01
-5.54e-01
1.51e-02
4.74e-01
6.81e-01
-5.90e-01
-4.19e-01
2.69e-02
-6.79e-01
2.31e-01
5.02e-02
-4.01e-01
4.60e-01
-1.44e-01
-1.55e-02
-1.48e-01
-3.96e-01
3.26e-01
-7.37e-01
-6.86e-01
-3.41e-01
5.34e-01
6.49e-01
6.85e-02
5.88e-01
-4.41e-01
-7.73e-01
-5.32e-01
4.27e-01
-4.50e-01
-3.36e-01
-4.23e-01
-6.92e-01
6.02e-01
-5.03e-01
3.68e-01
-8.77e-01
6.37e-01
-1.33e-01
-1.49e-01
9.19e-01
4.26e-01
-3.92e-01
7.99e-02
-6.68e-01
7.72e-01
-9.58e-01
-6.42e-02
-1.12e-03
-1.81e-01
5.03e-01
-2.80e-01
-1.02e-01
4.29e-01
-9.56e-01
-4.75e-01
-1.99e-01
4.23e-01
9.51e-01
-7.30e-01
-1.60e-01
-8.60e-01
7.61e-01
-8.01e-01
-9.40e-01
-9.57e-01
-7.39e-01
-3.69e-01
8.80e-01
-4.23e-01
4.17e-01
-2.55e-01
3.77e-01
3.17e-02
-3.27e-01
8.05e-01
-5.96e-01
5.99e-01
-3.92e-01
-5.86e-01
5.66e-01
-7.02e-01
3.42e-01
2.13e-01
3.26e-01
7.47e-01
-3.47e-01
-6.96e-01
1.59e-01
6.51e-01
-1.24e-01
5.88e-01
-9.27e-01
1.61e-01
-2.67e-01
8.12e-01
8.65e-01
6.92e-01
4.49e-02
7.27e-01
1.85e-01
3.29e-01
-5.98e-01
4.80e-01
5.92e-01
-7.80e-01
-2.58e-02
1.25e-01
-5.95e-01
7.39e-01
4.35e-01
1.73e-01
8.77e-01
-1.50e-01
-1.10e-01
3.22e-01
4.06e-01
6.34e-02
5.31e-01
8.05e-01
-9.57e-01
6.91e-01
-6.13e-01
6.05e-01
-2.52e-01
-4.56e-01
5.70e-01
-7.85e-01
4.76e-01
1.86e-01
8.10e-01
3.70e-01
3.67e-01
-8.74e-01
8.17e-01
-3.99e-01
-8.10e-01
3.94e-01
5.69e-02
-3.94e-01
8.30e-01
-8.03e-01
-1.92e-01
-8.68e-01
9.15e-01
-8.33e-01
-8.97e-01
6.61e-01
-3.15e-01
-2.22e-02
-9.69e-01
7.06e-01
7.69e-01
6.28e-01
4.44e-01
3.17e-01
-7.10e-01
-8.92e-01
3.29e-01
5.05e-01
-9.63e-01
1.49e-01
4.01e-01
-5.34e-01
4.94e-01
2.01e-01
-4.47e-01
4.27e-01
-2.39e-01
-3.04e-01
8.68e-01
3.20e-01
4.00e-01
7.55e-01
-1.09e-01
9.68e-01
