9.78e-01
3.92e-02
-1.89e-01
7.52e-01
-7.25e-02
3.89e-01
5.80e-01
9.23e-01
6.92e-01
-6.16e-01
-1.49e-01
3.06e-01
6.98e-01
7.89e-01
-2.24e-01
6.22e-02
4.81e-01
-2.33e-01
4.52e-01
-5.70e-01
-7.87e-01
2.38e-01
7.06e-01
-4.72e-01
1.67e-01
2.31e-01
-6.40e-01
6.07e-01
5.18e-01
-3.99e-01
5.65e-02
-9.52e-01
-5.32e-01
1.44e-01
-2.95e-01
7.07e-01
9.24e-01
8.30e-01
-8.85e-01
-2.04e-01
-7.04e-01
4.56e-01
-7.91e-01
4.27e-01
-5.61e-01
7.54e-01
2.04e-01
3.55e-01
7.38e-01
9.03e-01
-3.36e-01
2.30e-01
4.01e-01
6.71e-01
3.43e-01
-7.63e-02
-5.94e-01
3.08e-01
-6.52e-01
9.74e-01
-9.67e-01
5.20e-01
2.51e-01
-9.67e-01
-4.77e-01
-3.50e-01
3.03e-01
-1.19e-01
4.94e-02
-7.52e-01
1.83e-01
6.47e-01
5.04e-01
5.76e-02
-4.16e-01
-9.37e-01
-1.03e-01
-4.93e-01
4.37e-01
6.12e-01
2.78e-01
-2.78e-01
9.22e-02
6.45e-01
2.14e-01
5.05e-01
-1.13e-01
3.72e-01
-8.33e-02
8.98e-02
-6.11e-01
-7.58e-01
6.76e-01
7.75e-01
-3.33e-01
-8.51e-01
-9.29e-01
-1.64e-02
1.11e-01
-9.63e-01
-2.28e-01
-7.68e-01
-3.71e-01
-4.94e-02
-7.69e-01
5.89e-01
-2.72e-01
5.35e-01
5.70e-01
-7.90e-01
3.99e-01
1.22e-01
-3.19e-01
-8.86e-01
-9.53e-01
-2.94e-01
-5.04e-01
-5.26e-01
7.72e-02
-1.66e-01
-6.02e-01
-9.69e-01
-3.42e-01
-2.89e-01
3.86e-01
9.04e-02
-2.92e-01
-2.23e-01
7.73e-01
-6.59e-01
1.29e-01
4.55e-01
1.33e-02
7.35e-01
-9.22e-01
-7.03e-01
-3.18e-01
-9.34e-01
-9.01e-01
-7.69e-01
-4.93e-01
-3.26e-01
4.74e-01
4.16e-01
2.09e-01
-3.21e-01
6.53e-01
8.21e-01
1.30e-01
-2.53e-01
6.90e-01
2.74e-02
-3.20e-01
2.78e-02
-9.75e-01
9.20e-01
-6.54e-01
3.36e-01
-9.26e-01
-6.16e-02
8.41e-01
-9.74e-01
-7.84e-01
-2.74e-01
2.08e-01
-3.11e-02
2.40e-01
-3.44e-01
-2.91e-01
-7.95e-01
-4.57e-01
-3.81e-01
-8.81e-01
6.68e-01
-3.77e-01
7.01e-01
-2.99e-01
-8.44e-01
7.19e-01
9.08e-01
-2.34e-02
-1.05e-01
-5.07e-02
2.07e-01
-8.01e-01
-2.36e-01
1.43e-01
-2.95e-01
-2.68e-02
-7.02e-01
4.04e-01
-3.31e-01
5.10e-01
-9.43e-01
-3.28e-01
6.38e-01
-3.94e-02
-2.66e-01
8.37e-01
-3.68e-02
1.82e-01
5.22e-01
1.69e-01
1.61e-02
3.82e-01
-9.05e-01
2.20e-02
7.06e-01
-2.05e-01
-3.05e-02
-9.45e-01
-6.52e-01
6.62e-01
9.98e-01
1.53e-01
-8.24e-01
8.72e-01
-7.53e-01
4.44e-01
-1.81e-02
8.39e-01
-5.25e-01
-9.62e-01
2.82e-01
1.41e-01
-5.19e-01
-6.28e-01
3.01e-01
-4.81e-02
2.43e-02
-5.23e-01
-7.00e-01
9.51e-01
8.83e-01
-6.73e-01
-4.62e-01
-6.90e-01
1.44e-01
5.35e-01
6.60e-01
2.13e-01
-7.09e-01
7.35e-01
2.97e-01
6.23e-01
-8.88e-01
5.13e-01
-1.41e-01
-4.44e-01
-6.13e-01
-7.94e-02
-8.11e-01
2.90e-01
8.31e-01
-5.10e-01
-5.94e-01
4.75e-01
1.29e-01
7.57e-01
6.60e-01
4.18e-01
-2.70e-01
6.88e-01
2.77e-01
8.28e-01
