2.58e-01
4.91e-01
4.69e-01
8.43e-01
-8.88e-02
9.66e-01
1.35e-01
-1.28e-01
-3.89e-01
8.30e-01
3.34e-01
-1.12e-01
-6.54e-01
7.42e-02
7.08e-01
7.74e-01
-9.46e-01
4.25e-01
-3.95e-01
-5.99e-01
7.82e-01
2.51e-01
-8.60e-01
-2.90e-01
-1.36e-01
-1.39e-01
-1.41e-01
-3.26e-01
6.48e-01
9.18e-01
1.22e-02
8.62e-01
-9.11e-01
-6.34e-01
-5.13e-01
-7.10e-01
1.05e-01
-6.78e-01
2.74e-01
-9.84e-01
9.62e-01
-8.45e-01
4.15e-01
6.62e-01
-7.84e-01
-3.56e-01
9.64e-01
-7.78e-01
-8.64e-01
9.43e-01
-4.66e-02
8.88e-01
-6.70e-01
3.88e-01
-3.91e-01
-8.04e-01
2.71e-01
2.42e-01
3.04e-01
9.31e-02
-2.37e-01
-9.74e-01
4.77e-02
1.45e-01
4.63e-01
6.50e-01
-6.15e-01
3.56e-02
4.62e-01
-8.31e-01
3.18e-01
5.92e-01
-7.31e-01
3.41e-01
-8.10e-01
6.73e-01
5.94e-01
1.85e-01
-4.57e-01
-2.43e-01
-4.70e-01
5.56e-01
7.69e-01
7.22e-01
-3.01e-01
9.70e-01
2.71e-01
6.62e-01
-7.86e-01
-2.84e-01
-6.14e-01
-2.98e-01
4.19e-01
-7.03e-02
-4.51e-01
9.93e-01
4.38e-01
-1.19e-01
-5.25e-01
9.61e-01
8.38e-01
-7.80e-01
2.20e-01
6.57e-01
-5.11e-02
7.28e-01
-6.78e-01
8.10e-01
1.10e-01
6.42e-01
-4.98e-01
2.72e-01
4.94e-01
8.50e-01
-6.92e-01
3.85e-02
4.65e-01
-8.24e-01
4.68e-01
-5.74e-01
6.47e-01
3.04e-01
-7.55e-01
1.44e-01
-3.54e-01
-2.42e-01
-8.36e-01
7.01e-01
-2.08e-01
1.00e-01
2.17e-01
5.52e-01
-5.71e-01
-3.56e-01
3.92e-01
-2.57e-01
6.88e-01
-4.28e-01
6.35e-01
-2.76e-01
-7.80e-01
-8.05e-01
-2.32e-02
-8.84e-01
8.49e-01
-2.25e-01
2.21e-01
-4.10e-02
-5.29e-02
-4.64e-02
-7.28e-01
-8.50e-01
-7.95e-01
3.12e-01
-9.35e-01
2.43e-01
-1.58e-01
-1.51e-01
-6.79e-01
7.67e-01
-3.61e-01
3.00e-01
7.73e-01
-4.84e-01
-1.45e-01
9.51e-01
-6.62e-01
8.26e-01
9.09e-01
6.52e-01
-4.18e-01
5.52e-02
-4.42e-02
5.21e-02
5.74e-01
2.03e-01
-4.02e-01
6.74e-01
-7.36e-01
-4.87e-02
-7.62e-01
-6.28e-02
1.01e-02
-7.41e-01
-7.54e-01
-5.78e-01
-1.55e-01
-1.61e-01
6.99e-01
6.47e-01
7.98e-01
-2.55e-01
7.39e-01
-8.51e-01
2.35e-01
1.67e-01
9.49e-01
-8.48e-02
1.82e-01
4.86e-01
5.24e-01
-1.70e-01
8.62e-01
-7.87e-01
5.86e-01
-7.00e-01
2.75e-01
-5.79e-01
-7.77e-01
2.01e-01
-1.36e-01
4.34e-01
-9.78e-03
6.61e-01
-9.41e-01
1.79e-01
7.89e-01
2.55e-01
2.99e-01
9.11e-01
-8.13e-01
-9.74e-01
4.24e-01
-1.57e-01
-5.98e-01
-3.57e-01
-6.40e-01
-4.99e-01
4.19e-01
-2.18e-01
5.73e-02
-1.36e-02
-9.63e-01
-1.51e-01
-5.14e-01
-8.80e-01
-2.30e-01
7.72e-01
-1.37e-01
2.44e-01
-7.04e-02
-9.95e-01
7.02e-01
1.50e-01
7.22e-01
-4.57e-01
-1.92e-02
6.71e-01
2.10e-01
5.88e-01
7.23e-01
-1.47e-01
-3.23e-01
-7.08e-01
5.93e-01
-7.70e-02
-8.69e-02
-7.76e-01
5.25e-01
-9.36e-01
-1.05e-02
-6.26e-01
6.41e-01
-9.71e-02
1.47e-02
