-9.30e-01
-8.29e-01
-1.45e-01
7.52e-01
-7.25e-02
3.89e-01
-5.96e-01
9.23e-01
6.92e-01
-6.16e-01
-1.49e-01
3.06e-01
6.98e-01
7.89e-01
-4.25e-01
-8.49e-01
-7.46e-01
7.72e-01
4.75e-01
-5.15e-01
-6.16e-01
2.38e-01
-4.92e-01
7.86e-01
1.69e-01
-9.33e-01
-8.62e-01
-4.55e-02
-9.56e-01
-8.26e-02
8.92e-01
3.34e-01
6.57e-02
2.25e-02
9.69e-01
-4.50e-01
-7.19e-02
3.15e-01
-3.25e-01
-6.17e-01
-1.68e-01
-1.61e-01
-9.33e-01
9.27e-01
4.39e-01
-8.30e-02
-9.23e-01
-7.65e-01
6.24e-01
-8.11e-01
-3.36e-01
2.30e-01
4.01e-01
6.71e-01
3.43e-01
3.75e-01
6.46e-01
-4.63e-01
4.72e-01
1.41e-01
-6.27e-01
1.81e-01
-8.61e-01
9.25e-01
5.86e-01
-1.27e-01
8.81e-01
-1.83e-01
4.33e-01
7.10e-01
8.52e-01
-2.82e-01
-6.57e-01
-8.50e-01
4.18e-01
-8.31e-02
5.37e-02
-7.88e-02
-2.74e-01
-3.69e-01
2.83e-01
-2.78e-01
2.56e-01
6.45e-01
-4.16e-02
8.98e-01
-7.01e-01
-1.50e-01
-3.34e-01
-4.48e-01
8.80e-01
9.80e-01
4.50e-01
-5.26e-01
1.22e-01
5.91e-01
3.65e-01
-3.05e-01
-4.62e-01
-3.64e-01
3.91e-01
-9.29e-01
-1.70e-01
-9.55e-01
8.33e-01
7.55e-01
-5.14e-01
5.35e-01
-5.52e-01
9.12e-01
-6.11e-01
7.02e-01
-3.19e-01
-5.43e-01
7.40e-01
4.46e-01
4.12e-01
-5.78e-01
5.03e-01
9.33e-02
-4.48e-02
8.13e-01
-5.02e-01
-6.77e-01
1.93e-01
-1.83e-01
-9.84e-01
-9.08e-02
9.64e-01
9.62e-01
7.02e-01
1.42e-01
-5.01e-01
1.77e-01
-9.22e-01
-7.03e-01
4.37e-01
-7.56e-01
9.25e-01
-7.69e-01
-4.93e-01
-3.26e-01
4.74e-01
4.16e-01
2.09e-01
-3.21e-01
6.53e-01
8.21e-01
1.30e-01
-2.53e-01
6.90e-01
2.74e-02
-3.20e-01
2.78e-02
-9.75e-01
-8.68e-01
-6.54e-01
3.36e-01
-9.26e-01
-6.16e-02
-3.52e-01
4.59e-01
-7.84e-01
-2.74e-01
-9.16e-01
-4.70e-01
-5.19e-01
-6.44e-01
1.66e-01
4.79e-01
9.96e-01
-7.56e-01
6.17e-01
-5.54e-01
-9.45e-01
-8.64e-01
-7.45e-01
-9.15e-01
-1.40e-01
9.22e-02
6.54e-01
4.78e-01
5.20e-01
-7.17e-01
6.61e-01
-1.02e-01
7.01e-01
5.37e-01
5.48e-01
4.90e-01
1.46e-01
1.67e-01
8.87e-01
-3.29e-01
9.49e-01
-3.92e-01
-8.53e-01
-6.97e-01
8.37e-01
-3.68e-02
1.82e-01
5.22e-01
1.69e-01
1.61e-02
3.82e-01
-9.05e-01
2.20e-02
7.06e-01
-2.05e-01
-3.05e-02
4.78e-01
-6.52e-01
6.62e-01
9.98e-01
1.53e-01
-8.24e-01
-4.93e-02
8.82e-01
7.43e-01
-3.17e-01
-2.70e-01
-9.46e-01
8.72e-01
-1.12e-01
-5.80e-01
9.72e-02
6.97e-01
9.27e-01
9.47e-01
2.43e-02
-2.54e-01
-7.00e-01
9.51e-01
8.83e-01
-6.73e-01
-4.62e-01
-6.90e-01
-5.23e-01
5.35e-01
3.23e-01
-6.69e-01
-7.09e-01
7.35e-01
2.97e-01
6.23e-01
-7.97e-01
9.71e-01
-9.45e-01
5.41e-01
-6.13e-01
-7.94e-02
-8.11e-01
4.77e-01
8.31e-01
-5.10e-01
-5.94e-01
4.75e-01
1.29e-01
7.57e-01
6.60e-01
4.18e-01
-2.70e-01
6.88e-01
2.77e-01
8.28e-01
