-2.64e-01
-8.69e-02
-1.26e-01
9.67e-01
9.72e-01
7.13e-03
-3.95e-02
7.01e-01
2.36e-01
-1.47e-01
-9.74e-01
-9.59e-02
-8.81e-01
4.01e-01
2.23e-01
-7.75e-01
4.89e-01
-6.19e-01
-6.73e-01
8.30e-01
3.10e-02
-4.01e-01
9.98e-01
-2.59e-01
-6.63e-01
-8.84e-02
5.29e-01
3.82e-01
-7.24e-01
8.53e-02
3.74e-02
6.75e-01
2.22e-01
-3.37e-01
9.11e-02
-3.07e-01
-3.30e-01
3.29e-01
-7.58e-01
3.91e-01
-8.76e-01
-7.93e-01
3.86e-01
-7.31e-01
3.89e-01
-7.87e-01
1.99e-01
-6.65e-01
5.02e-01
9.23e-01
7.09e-01
7.62e-01
-5.98e-01
-8.58e-02
7.21e-01
-4.00e-01
-3.91e-01
2.04e-01
3.40e-01
4.83e-01
4.86e-01
8.78e-01
-3.57e-02
-9.98e-01
-6.60e-01
-9.23e-01
-6.05e-02
6.27e-01
-8.28e-01
-3.13e-01
-8.55e-01
-7.52e-01
-1.27e-01
9.52e-01
9.38e-01
1.43e-01
7.92e-01
9.95e-01
-3.19e-01
4.56e-01
-4.82e-01
9.30e-01
9.55e-02
8.45e-01
6.32e-01
6.40e-01
-4.88e-01
6.05e-01
1.06e-01
2.63e-01
-3.46e-01
-5.76e-01
4.61e-01
1.92e-01
3.31e-01
1.06e-01
1.69e-01
-8.07e-01
8.44e-01
1.34e-01
3.03e-01
7.54e-01
1.56e-01
-2.47e-01
-3.98e-01
1.84e-01
-4.27e-01
-1.51e-01
-5.68e-01
8.40e-03
9.25e-01
-4.35e-01
2.14e-01
-7.59e-01
7.28e-01
-1.89e-01
3.67e-01
-6.79e-01
-9.86e-01
-6.42e-01
-9.62e-02
-2.15e-01
3.15e-01
-5.38e-01
-7.93e-02
8.94e-01
8.18e-01
-6.03e-01
-6.38e-01
-6.87e-01
-9.97e-01
8.50e-01
-5.42e-01
-4.24e-01
-2.78e-01
4.91e-01
1.54e-01
1.60e-01
-8.95e-01
5.28e-01
-9.30e-01
-1.28e-01
8.81e-01
-4.31e-01
6.15e-01
1.75e-01
-4.05e-01
-3.06e-01
-2.81e-01
-8.97e-01
-1.01e-01
-4.57e-01
4.89e-01
2.48e-01
3.00e-01
5.09e-02
-6.05e-01
-4.35e-01
7.17e-01
-9.05e-02
-6.56e-01
5.80e-01
-3.53e-01
4.22e-01
9.14e-01
-6.91e-01
-1.59e-01
-6.17e-01
-1.43e-02
-8.48e-01
-5.03e-02
-6.54e-02
-6.83e-01
6.27e-01
4.41e-01
-9.51e-01
3.08e-01
3.54e-01
5.80e-01
4.28e-01
-7.36e-01
-9.10e-01
9.33e-01
-2.62e-01
-6.78e-03
4.49e-01
-1.36e-01
9.06e-01
-5.96e-01
7.32e-01
-4.87e-01
6.40e-01
5.56e-01
-6.42e-01
6.75e-01
-9.18e-01
8.80e-01
2.58e-01
1.71e-01
7.94e-01
-2.69e-01
5.83e-01
-6.97e-01
1.51e-01
-5.42e-01
5.92e-01
-7.85e-01
-8.93e-01
-6.75e-01
-6.94e-01
9.58e-02
3.20e-02
-2.04e-01
4.29e-01
6.35e-01
3.44e-01
-1.04e-01
-6.60e-01
9.76e-01
1.31e-02
-6.83e-01
-7.69e-01
-8.17e-01
3.90e-01
8.37e-03
-9.76e-01
4.69e-01
8.68e-01
2.90e-01
-7.82e-01
7.60e-02
1.47e-01
9.81e-01
-3.77e-01
7.55e-03
9.62e-01
-8.99e-01
8.74e-01
-2.95e-01
2.00e-01
-4.09e-01
-5.55e-01
-4.09e-01
-2.99e-01
-8.94e-01
-8.24e-01
1.56e-01
-6.02e-01
-5.45e-02
6.71e-01
-3.99e-01
-1.12e-01
6.08e-01
1.84e-02
-2.21e-01
-6.72e-01
-2.44e-02
-1.38e-01
4.08e-01
2.99e-01
-9.95e-01
8.46e-01
7.39e-01
-2.25e-01
1.64e-01
