-2.21e-01
5.15e-01
-1.89e-01
7.52e-01
-7.25e-02
3.89e-01
-5.96e-01
3.13e-01
7.37e-01
5.51e-01
8.13e-01
-2.41e-01
1.73e-01
7.89e-01
-2.24e-01
6.22e-02
4.81e-01
-2.33e-01
4.52e-01
-5.70e-01
-7.87e-01
2.38e-01
-4.92e-01
2.56e-01
5.29e-01
7.43e-03
-8.62e-01
-4.55e-02
-9.56e-01
-8.26e-02
8.92e-01
3.34e-01
6.57e-02
2.25e-02
9.69e-01
-4.50e-01
-7.19e-02
3.15e-01
-3.25e-01
-6.17e-01
-1.68e-01
-1.61e-01
4.37e-01
5.48e-01
-8.90e-01
-4.63e-01
-6.24e-02
-3.69e-01
-1.45e-02
-5.74e-01
-9.97e-01
7.74e-01
6.58e-02
3.02e-01
-7.48e-01
3.75e-01
6.46e-01
-4.63e-01
4.72e-01
1.41e-01
-6.27e-01
1.81e-01
-6.62e-01
-3.30e-01
1.81e-01
9.83e-01
-1.68e-01
-8.65e-03
-2.41e-01
-9.53e-01
7.17e-01
8.41e-01
7.66e-01
-8.82e-01
4.27e-01
9.74e-01
-2.78e-01
7.58e-01
9.19e-01
9.32e-01
7.79e-01
4.12e-01
7.80e-01
-3.66e-01
2.14e-01
5.05e-01
-1.13e-01
3.72e-01
-8.33e-02
8.98e-02
-6.11e-01
-7.58e-01
6.76e-01
7.75e-01
-3.33e-01
-8.51e-01
-9.29e-01
-1.64e-02
1.11e-01
-9.63e-01
-2.28e-01
-7.68e-01
-3.71e-01
-4.94e-02
-6.73e-01
-2.45e-01
7.20e-01
4.46e-01
-5.23e-03
-8.95e-01
-1.06e-01
9.49e-01
-3.74e-01
3.00e-01
4.18e-01
2.53e-01
-3.86e-01
-8.94e-01
9.02e-01
2.89e-01
3.91e-01
-8.84e-01
5.21e-01
-8.60e-01
1.93e-01
-1.83e-01
-2.92e-01
-2.23e-01
7.73e-01
1.50e-01
-6.73e-01
-8.80e-01
-9.58e-02
4.62e-01
-3.27e-01
1.04e-01
1.46e-03
-4.05e-01
2.06e-01
-8.52e-01
3.32e-01
4.41e-01
-4.11e-01
-7.35e-01
-4.05e-01
-8.85e-01
2.07e-02
7.47e-01
8.71e-01
-8.83e-02
9.04e-01
-2.33e-01
5.89e-02
2.06e-01
-1.64e-01
-1.57e-01
7.25e-01
5.46e-01
5.50e-01
-7.75e-01
1.33e-01
5.13e-01
-1.86e-01
7.36e-02
-9.16e-01
2.13e-01
5.25e-01
-9.81e-01
6.75e-01
7.00e-02
9.23e-01
2.85e-01
2.25e-01
-5.94e-01
4.01e-01
-8.37e-01
5.69e-01
4.87e-01
8.40e-01
8.41e-01
-1.98e-01
3.47e-01
5.20e-01
-7.17e-01
6.61e-01
-1.02e-01
7.01e-01
-4.00e-01
-3.06e-01
6.02e-01
5.72e-01
1.67e-01
8.87e-01
-3.29e-01
9.49e-01
-3.92e-01
-8.53e-01
-6.97e-01
-4.79e-01
8.08e-01
5.50e-01
-8.89e-01
-8.90e-01
2.62e-02
1.81e-01
-2.96e-01
2.40e-01
6.01e-02
7.21e-01
-1.87e-01
-7.49e-01
-2.00e-01
5.22e-01
-7.90e-02
-6.47e-01
-5.73e-01
-9.71e-01
6.48e-01
-6.58e-02
-7.23e-01
-2.70e-01
-7.59e-01
8.72e-01
-1.12e-01
-5.80e-01
9.72e-02
6.97e-01
-7.15e-01
-3.87e-01
5.43e-01
-3.01e-01
-4.11e-01
1.45e-01
7.88e-02
7.82e-02
4.48e-01
-6.90e-01
-5.23e-01
5.35e-01
6.60e-01
2.13e-01
5.50e-02
-6.57e-01
1.93e-01
2.95e-01
8.06e-01
-1.56e-01
3.54e-01
7.17e-01
1.27e-01
1.37e-01
-3.00e-01
-3.06e-01
7.99e-01
8.12e-02
-9.69e-01
-9.07e-01
4.37e-02
7.57e-01
6.60e-01
4.18e-01
-2.70e-01
2.86e-01
8.60e-01
3.20e-01
