-3.01e-01
-8.95e-02
-6.27e-01
-7.18e-01
8.00e-01
-8.07e-01
-6.62e-01
9.37e-01
-5.13e-01
8.75e-01
-4.27e-01
-7.93e-01
-4.55e-01
9.57e-01
1.71e-01
2.52e-01
1.08e-01
-7.46e-01
-6.38e-01
-9.69e-02
-2.54e-01
6.00e-01
2.72e-01
-5.81e-01
1.56e-01
3.63e-01
6.69e-01
-6.60e-01
-2.05e-01
-3.92e-01
-1.36e-02
9.39e-01
-3.75e-02
5.88e-01
9.26e-01
-9.37e-01
2.28e-01
3.22e-01
1.49e-01
3.47e-01
-4.28e-01
-8.24e-01
2.58e-01
2.17e-01
-1.23e-01
7.08e-02
2.37e-01
-4.26e-02
-5.08e-01
-7.30e-01
2.04e-01
-5.30e-01
5.31e-01
9.13e-01
8.81e-01
-7.52e-01
-1.44e-01
6.17e-01
-7.34e-02
-1.24e-01
-5.41e-01
-6.13e-01
-3.38e-01
7.03e-01
-9.58e-01
-9.99e-01
-6.64e-01
1.06e-02
6.43e-01
-3.29e-01
-2.50e-01
4.70e-01
-7.29e-01
-4.84e-01
-4.06e-01
-1.08e-01
6.04e-02
1.67e-01
-4.25e-01
3.66e-01
-6.75e-01
2.81e-01
9.10e-01
6.41e-01
-4.03e-01
-6.69e-01
-7.13e-01
-9.96e-01
-9.80e-01
6.26e-01
8.34e-01
-1.89e-01
1.44e-01
6.90e-01
-4.12e-01
7.16e-01
6.39e-01
-3.06e-01
-4.29e-01
2.42e-01
6.24e-01
-5.88e-01
1.62e-01
-1.52e-01
5.13e-01
-7.42e-01
5.26e-01
6.86e-01
-7.98e-01
2.95e-01
4.92e-01
-3.50e-01
9.00e-02
-6.07e-01
1.92e-01
-5.31e-02
6.16e-03
-7.59e-02
9.69e-01
-4.55e-01
8.49e-01
6.33e-01
3.57e-02
2.70e-01
2.23e-01
6.81e-02
9.28e-02
-2.26e-01
-3.21e-01
-9.50e-01
6.95e-01
-3.64e-01
5.39e-01
-3.94e-01
7.23e-01
-3.89e-01
4.64e-02
-2.70e-01
-1.79e-01
3.34e-01
4.08e-01
-5.41e-01
7.15e-01
8.60e-02
-2.28e-01
-9.08e-01
1.13e-01
-2.94e-03
6.92e-01
-5.95e-01
-1.63e-01
-5.71e-01
4.89e-01
2.48e-01
-8.93e-01
-6.31e-01
-9.47e-01
1.19e-01
-5.20e-01
8.18e-01
-6.51e-01
-2.50e-01
-8.70e-01
3.55e-01
-7.52e-01
-8.28e-01
-4.05e-01
-2.23e-01
5.96e-01
2.19e-01
-7.98e-01
-4.39e-01
2.37e-01
-1.89e-01
7.87e-01
-3.67e-01
3.26e-01
6.01e-01
-7.32e-01
-7.85e-01
-6.35e-01
3.85e-01
1.64e-01
7.38e-02
-2.26e-01
-5.52e-01
9.93e-01
4.47e-01
1.38e-01
-3.69e-02
3.58e-01
-1.58e-01
8.70e-01
-6.42e-01
6.75e-01
4.99e-01
1.30e-02
-8.50e-01
3.45e-01
1.15e-01
-2.23e-01
8.87e-01
7.42e-01
5.79e-01
-6.29e-01
-3.59e-01
4.29e-02
-5.51e-01
1.19e-01
-9.36e-02
-8.74e-01
-5.02e-01
7.56e-01
1.18e-02
-2.42e-01
7.32e-01
3.62e-01
7.11e-01
9.52e-01
8.29e-01
-7.51e-01
-1.51e-01
9.55e-01
-9.62e-01
4.76e-01
-9.13e-01
9.87e-01
-7.56e-01
-2.14e-01
9.01e-01
-1.60e-01
-5.16e-01
-2.61e-01
2.48e-01
6.11e-01
-1.93e-01
-6.28e-01
9.16e-01
-4.48e-01
9.40e-01
8.07e-01
4.60e-01
6.68e-01
8.65e-01
-7.26e-01
-1.99e-01
7.02e-01
-9.63e-01
3.97e-01
1.83e-01
3.09e-01
-1.12e-01
6.08e-01
1.84e-02
4.55e-01
-5.75e-01
-5.47e-01
8.12e-01
5.92e-01
-5.53e-01
5.18e-01
9.75e-03
1.96e-01
7.61e-01
-7.54e-01
