9.78e-01
3.92e-02
-1.89e-01
7.52e-01
-7.25e-02
3.89e-01
-5.96e-01
9.23e-01
6.92e-01
-6.16e-01
-1.49e-01
3.06e-01
6.98e-01
7.89e-01
-4.25e-01
-8.49e-01
-7.46e-01
7.72e-01
4.75e-01
-5.15e-01
-6.16e-01
9.64e-01
-7.23e-02
7.86e-01
1.69e-01
-9.33e-01
-8.62e-01
-1.34e-01
-4.15e-01
-1.27e-01
-8.30e-01
-7.26e-01
-1.03e-01
-2.09e-01
-5.47e-01
-5.12e-01
-1.92e-01
8.30e-01
-9.91e-01
2.30e-01
-2.08e-01
-6.21e-01
-3.09e-01
6.77e-01
4.39e-01
-8.30e-02
-9.23e-01
-7.65e-01
6.24e-01
-8.11e-01
-3.36e-01
2.30e-01
4.01e-01
6.71e-01
3.43e-01
-7.63e-02
-5.94e-01
-8.41e-01
-6.52e-01
-4.46e-01
-1.39e-01
-4.20e-01
-8.61e-01
9.25e-01
5.86e-01
-1.27e-01
8.81e-01
-1.83e-01
4.33e-01
7.10e-01
8.52e-01
-2.82e-01
-6.57e-01
-8.50e-01
5.86e-01
-3.02e-01
-2.69e-01
-5.90e-01
4.37e-01
6.12e-01
2.78e-01
4.33e-01
1.96e-01
1.07e-01
7.84e-03
9.51e-01
-4.79e-01
-1.50e-01
5.28e-03
8.02e-04
1.42e-01
-7.58e-01
6.76e-01
6.90e-01
1.22e-01
5.91e-01
3.65e-01
-3.05e-01
5.94e-02
-3.64e-01
3.91e-01
-9.29e-01
-5.99e-01
-9.55e-01
8.33e-01
7.55e-01
-5.14e-01
5.35e-01
3.18e-02
7.90e-01
-1.06e-01
9.49e-01
5.80e-01
-9.87e-01
8.94e-01
-9.92e-02
-3.86e-01
-8.94e-01
9.02e-01
2.89e-01
3.91e-01
-8.84e-01
5.21e-01
-8.60e-01
1.93e-01
-1.83e-01
-2.92e-01
-2.23e-01
7.73e-01
1.50e-01
-6.73e-01
-8.80e-01
-9.58e-02
4.62e-01
-3.27e-01
1.04e-01
1.46e-03
-4.05e-01
2.10e-01
-8.52e-01
3.32e-01
4.41e-01
-4.11e-01
-7.35e-01
-4.05e-01
-9.91e-01
-6.74e-01
-3.17e-01
-7.64e-01
1.29e-01
1.06e-01
-2.33e-01
5.89e-02
2.06e-01
-1.64e-01
-1.57e-01
7.25e-01
5.46e-01
5.50e-01
-7.75e-01
1.33e-01
5.13e-01
-1.86e-01
7.36e-02
-9.16e-01
2.13e-01
5.25e-01
4.37e-01
6.75e-01
7.00e-02
9.23e-01
2.85e-01
2.25e-01
-5.94e-01
7.33e-01
-9.45e-01
8.80e-01
4.87e-01
8.40e-01
8.41e-01
-1.98e-01
3.47e-01
5.20e-01
-7.17e-01
6.61e-01
-1.02e-01
7.01e-01
-4.00e-01
-3.06e-01
6.02e-01
5.72e-01
1.67e-01
-4.29e-02
-2.90e-01
1.59e-01
-4.09e-01
3.51e-02
-6.06e-01
-4.79e-01
8.08e-01
5.50e-01
-8.89e-01
-8.90e-01
2.62e-02
1.81e-01
-2.96e-01
2.40e-01
6.01e-02
7.21e-01
-1.87e-01
-7.49e-01
-2.00e-01
5.22e-01
-7.90e-02
-6.47e-01
-5.73e-01
-9.71e-01
6.48e-01
-6.58e-02
-7.23e-01
-2.70e-01
-7.59e-01
8.72e-01
-1.12e-01
-5.80e-01
9.72e-02
-5.92e-01
-2.96e-02
-3.87e-01
5.43e-01
1.44e-01
-7.00e-01
9.51e-01
8.83e-01
-6.73e-01
-4.62e-01
-6.90e-01
-5.23e-01
5.35e-01
6.60e-01
2.13e-01
5.50e-02
-6.57e-01
1.93e-01
2.95e-01
8.06e-01
-1.56e-01
3.54e-01
7.17e-01
1.27e-01
1.37e-01
-3.00e-01
-3.06e-01
7.99e-01
8.12e-02
-9.69e-01
-9.07e-01
4.37e-02
7.57e-01
6.60e-01
4.18e-01
-2.70e-01
2.86e-01
8.60e-01
3.20e-01
