4.53e-02
3.08e-01
-3.56e-01
-7.42e-01
4.29e-01
2.89e-02
7.04e-01
2.20e-01
6.71e-01
-4.94e-01
-6.44e-01
-3.10e-01
5.40e-01
-6.05e-01
-3.84e-02
1.31e-01
-3.39e-01
-2.43e-01
9.99e-01
3.57e-01
7.28e-01
-6.09e-01
2.92e-01
-6.71e-01
-2.26e-01
4.62e-01
3.33e-01
-1.29e-01
-2.39e-01
2.34e-01
-1.18e-01
-8.75e-01
-6.26e-02
-9.74e-02
-6.17e-01
-3.76e-01
-9.89e-01
-1.74e-01
-4.89e-01
-5.98e-01
3.20e-01
-1.98e-01
3.21e-01
1.98e-02
-7.99e-02
6.99e-01
9.43e-01
-9.83e-01
-4.18e-01
-2.88e-01
-4.84e-01
2.51e-01
-7.03e-02
-9.08e-01
2.11e-01
6.91e-01
8.76e-01
3.20e-01
1.22e-01
-9.64e-01
-4.14e-01
8.63e-01
7.25e-01
2.20e-01
-8.97e-01
-3.66e-01
9.40e-01
9.45e-01
9.23e-01
5.47e-01
-5.68e-01
3.66e-01
-3.61e-01
-6.39e-01
9.38e-01
5.34e-01
8.67e-01
3.16e-01
-6.35e-01
-5.83e-01
-8.99e-03
-6.70e-01
6.91e-01
6.54e-02
5.71e-01
2.14e-01
9.49e-01
8.79e-01
-7.83e-01
3.88e-01
7.70e-01
8.26e-01
-6.37e-01
6.85e-01
7.84e-01
7.89e-01
-8.20e-01
-1.68e-01
8.74e-01
3.92e-01
-5.69e-02
-7.47e-01
-7.93e-01
-6.23e-01
-7.05e-01
-9.79e-01
9.47e-01
3.07e-01
8.01e-01
-3.30e-01
-4.71e-01
4.51e-02
-9.37e-01
9.39e-01
8.63e-01
-8.19e-01
3.40e-01
-1.56e-01
7.33e-01
-5.75e-02
6.66e-01
-9.55e-01
1.94e-01
9.76e-01
-4.57e-02
1.74e-01
-7.93e-01
7.42e-01
5.72e-01
-7.50e-01
8.27e-01
-9.99e-02
4.21e-01
5.65e-01
7.28e-02
-4.23e-01
6.73e-01
1.68e-01
-1.86e-01
2.29e-02
-8.01e-01
2.78e-01
-1.79e-01
8.12e-01
5.56e-01
9.61e-01
8.59e-02
1.02e-01
-1.24e-01
-1.49e-01
-2.39e-01
3.98e-01
-6.22e-01
-6.56e-01
-3.97e-01
3.91e-01
-8.63e-01
4.59e-02
1.92e-01
5.11e-01
4.59e-01
6.58e-03
-8.80e-01
1.92e-01
-2.76e-01
-3.02e-01
-6.15e-01
-7.84e-02
-2.03e-01
4.89e-02
-6.90e-01
9.61e-01
7.46e-01
-5.69e-01
-2.52e-01
-8.24e-03
-8.56e-02
-3.14e-01
-6.68e-01
-6.21e-01
-6.99e-01
7.07e-01
-8.83e-01
7.88e-01
5.85e-01
-7.58e-01
-9.46e-01
-2.41e-02
1.57e-01
-1.92e-01
-2.21e-01
-6.85e-01
5.57e-01
-9.86e-01
-7.76e-01
-9.83e-01
-3.37e-01
-1.86e-01
-4.26e-01
-3.85e-01
9.25e-01
3.34e-01
2.44e-01
-6.83e-01
7.11e-01
5.72e-01
1.17e-01
-6.26e-01
-8.69e-01
2.43e-01
-6.70e-01
7.12e-02
-3.34e-01
4.02e-01
7.61e-02
-6.80e-01
-8.27e-01
9.72e-01
4.36e-01
-6.92e-01
6.61e-01
-2.42e-01
4.10e-01
-4.83e-01
-9.03e-01
4.78e-01
3.30e-01
2.09e-01
6.32e-01
8.68e-01
-8.71e-02
-1.50e-01
-6.28e-01
-5.59e-01
-7.20e-01
4.36e-01
-8.20e-01
8.62e-01
-2.83e-01
2.82e-01
-4.41e-01
-2.16e-01
2.19e-01
9.52e-01
2.32e-01
-5.46e-01
3.63e-01
-7.25e-01
9.09e-01
3.77e-01
2.69e-01
-4.88e-01
-1.10e-01
2.81e-01
-5.45e-01
5.66e-01
-1.10e-01
-5.10e-01
-4.61e-01
-1.42e-01
-1.83e-01
-3.69e-01
4.98e-01
-3.87e-02
7.66e-01
