5.16e-02
-7.55e-01
-1.30e-01
-7.24e-01
-7.64e-01
-4.06e-01
4.18e-01
-2.42e-01
-6.79e-01
-3.14e-01
2.57e-01
2.72e-01
4.73e-01
-9.38e-01
7.26e-01
7.79e-01
5.40e-01
-4.73e-01
-8.89e-01
-3.05e-01
4.14e-01
-6.93e-02
-4.39e-01
3.79e-01
-1.46e-01
-4.17e-01
-2.21e-01
6.73e-01
-6.98e-01
6.08e-01
4.30e-01
9.52e-01
-6.89e-01
-8.49e-01
7.02e-01
-1.45e-01
8.08e-02
5.55e-01
-6.26e-01
4.86e-01
-3.67e-01
3.12e-01
-4.35e-01
1.94e-01
-8.78e-01
-6.39e-01
-1.95e-01
-8.92e-01
-8.02e-01
-6.85e-01
7.08e-01
-5.94e-01
-1.69e-01
7.73e-01
-9.86e-01
8.09e-01
3.58e-01
9.37e-01
-2.27e-02
9.06e-01
-1.21e-01
-4.38e-01
-3.96e-01
-9.85e-01
-8.07e-01
5.47e-01
6.06e-01
-4.00e-01
6.66e-01
3.47e-01
8.41e-01
-7.85e-01
-8.88e-02
-2.86e-01
-4.91e-01
-4.53e-01
-2.56e-01
-3.54e-01
-3.23e-02
-4.04e-01
4.33e-01
-9.27e-01
-8.33e-02
-5.66e-01
7.21e-01
9.65e-01
-2.94e-01
-5.84e-01
-9.70e-01
7.97e-02
-8.30e-01
5.23e-01
-8.36e-01
-6.27e-01
8.46e-01
4.34e-02
-5.10e-01
6.64e-01
1.42e-01
5.26e-01
-4.61e-01
-7.06e-01
-1.47e-01
-3.88e-01
4.48e-01
6.10e-01
2.29e-01
7.20e-01
-7.16e-01
8.36e-01
-7.01e-01
-9.58e-01
-5.33e-01
-1.21e-03
-6.35e-01
4.03e-01
-6.03e-01
2.07e-01
9.01e-01
8.88e-01
6.71e-01
-6.13e-01
6.80e-03
4.47e-01
6.96e-01
-1.16e-01
3.84e-01
-5.40e-01
2.00e-01
8.77e-01
-9.47e-01
9.45e-01
-6.36e-01
5.70e-01
-7.53e-01
8.36e-01
9.73e-01
4.78e-01
6.56e-01
6.41e-01
6.91e-01
3.68e-01
7.99e-01
-2.87e-01
4.31e-01
1.20e-01
1.89e-01
5.10e-01
6.61e-01
7.27e-01
4.95e-02
-7.56e-01
-3.76e-02
-9.70e-03
7.69e-01
8.02e-02
5.70e-01
5.64e-01
4.35e-01
-3.89e-01
4.10e-01
4.77e-01
4.83e-01
-8.87e-02
3.78e-01
7.76e-01
-7.85e-01
-9.46e-01
-1.60e-01
5.14e-01
-4.22e-01
8.10e-01
-4.50e-02
-1.73e-01
9.15e-01
8.33e-01
-7.17e-01
8.00e-01
-9.86e-02
-9.80e-01
-7.04e-02
9.92e-01
-2.48e-01
2.22e-01
9.61e-01
5.82e-01
8.55e-01
4.38e-01
4.63e-01
8.69e-01
5.56e-01
7.80e-01
-6.96e-01
-4.82e-01
-2.95e-01
-9.00e-01
1.79e-01
-3.92e-01
6.52e-01
2.62e-01
6.49e-01
-7.05e-01
4.39e-01
3.80e-01
-8.39e-01
5.23e-01
6.37e-02
7.35e-01
9.17e-01
-1.73e-01
-5.85e-01
1.30e-01
9.71e-01
2.60e-02
7.12e-01
1.44e-01
-3.59e-01
-5.99e-02
-6.52e-01
-9.84e-02
7.03e-01
-8.97e-01
-1.49e-01
-1.62e-03
-3.19e-02
-9.04e-01
-7.76e-02
-6.49e-01
-3.52e-01
2.63e-01
4.21e-01
-1.06e-02
8.72e-01
-9.13e-01
-1.14e-01
4.44e-01
6.69e-01
-9.56e-01
-6.19e-01
2.43e-01
-7.99e-01
-4.99e-01
3.97e-01
8.04e-01
8.76e-01
-8.71e-01
3.82e-01
3.09e-01
-3.10e-01
7.96e-01
3.75e-02
9.59e-02
-8.60e-01
1.92e-01
4.47e-01
-7.62e-01
-5.67e-01
3.41e-01
-7.84e-02
-3.45e-01
3.02e-01
3.65e-01
1.82e-01
5.11e-01
3.02e-01
