3.91e-01
3.08e-01
-3.56e-01
-7.42e-01
4.29e-01
2.89e-02
7.04e-01
2.20e-01
6.71e-01
-4.94e-01
-6.44e-01
-3.10e-01
6.35e-01
3.20e-01
2.51e-01
6.72e-02
5.70e-01
4.55e-01
-4.21e-01
-3.01e-01
-2.38e-01
9.12e-01
-3.76e-01
9.13e-01
-8.86e-01
6.60e-01
-7.70e-01
-6.17e-01
-1.30e-01
-2.10e-01
6.88e-01
-6.68e-01
2.97e-01
6.24e-01
2.09e-01
1.32e-01
-6.70e-01
5.59e-01
4.17e-01
-5.41e-01
-1.24e-01
-1.98e-01
3.21e-01
1.98e-02
-7.99e-02
6.99e-01
9.43e-01
-9.83e-01
-4.18e-01
-2.88e-01
-4.84e-01
2.51e-01
-7.03e-02
-9.08e-01
2.11e-01
6.91e-01
8.76e-01
3.75e-01
1.22e-01
-9.64e-01
-4.14e-01
8.63e-01
7.25e-01
2.20e-01
-8.97e-01
-3.66e-01
9.40e-01
9.45e-01
9.23e-01
5.47e-01
-5.68e-01
3.66e-01
-3.68e-01
-6.39e-01
9.38e-01
5.34e-01
8.67e-01
3.16e-01
-6.35e-01
-5.83e-01
-8.99e-03
-6.70e-01
6.91e-01
6.54e-02
5.71e-01
2.14e-01
9.49e-01
8.79e-01
-7.83e-01
3.88e-01
7.70e-01
8.26e-01
-6.37e-01
6.85e-01
7.84e-01
7.89e-01
-8.20e-01
-1.68e-01
8.74e-01
3.92e-01
-5.69e-02
-7.47e-01
-7.93e-01
-6.23e-01
-7.05e-01
-9.79e-01
9.47e-01
3.07e-01
8.01e-01
-3.30e-01
-4.71e-01
4.51e-02
-9.37e-01
9.39e-01
8.63e-01
-8.19e-01
3.40e-01
-1.56e-01
7.33e-01
-5.75e-02
6.66e-01
-9.55e-01
1.94e-01
9.76e-01
-4.57e-02
-6.50e-01
-7.93e-01
7.42e-01
5.72e-01
-7.50e-01
8.27e-01
-9.99e-02
4.21e-01
5.65e-01
7.28e-02
-4.23e-01
6.73e-01
1.68e-01
-1.86e-01
2.29e-02
-8.01e-01
2.78e-01
-1.79e-01
8.12e-01
5.56e-01
9.61e-01
8.59e-02
1.02e-01
-1.24e-01
-1.49e-01
-2.39e-01
3.98e-01
-6.22e-01
4.45e-01
-7.04e-01
-9.98e-01
-9.34e-01
-6.57e-01
5.74e-01
-4.95e-01
4.29e-01
2.97e-01
9.08e-01
-7.53e-01
-1.16e-01
1.62e-01
-8.56e-01
4.09e-01
2.68e-01
-7.24e-01
5.17e-01
1.64e-02
1.71e-01
4.66e-01
8.50e-01
8.53e-01
-1.39e-01
3.87e-01
-4.10e-01
3.20e-01
-4.20e-01
-8.94e-02
-7.72e-02
8.81e-01
1.74e-01
2.19e-01
-9.22e-01
-5.95e-01
3.46e-01
-2.90e-02
-7.85e-01
-5.66e-01
2.21e-01
6.96e-01
2.80e-02
2.92e-01
6.67e-01
5.64e-01
-6.14e-01
9.91e-01
-2.46e-01
-2.34e-01
-6.01e-01
1.22e-01
8.50e-01
-4.30e-01
5.24e-01
8.06e-01
-2.02e-02
1.95e-01
-9.41e-01
-4.71e-01
2.09e-01
5.72e-01
9.65e-01
5.57e-01
5.38e-01
9.48e-01
-3.81e-01
-8.02e-01
-4.97e-01
-9.97e-01
-5.26e-01
-1.69e-01
-6.78e-01
4.60e-01
-4.56e-01
5.07e-01
1.82e-01
4.33e-01
1.17e-01
-6.21e-01
2.61e-01
7.05e-01
-3.68e-01
7.12e-02
-8.36e-01
9.47e-01
9.71e-01
8.27e-01
8.75e-01
6.67e-02
1.02e-02
7.64e-01
4.57e-01
-1.93e-01
8.32e-02
-9.66e-01
-7.57e-01
-8.41e-01
-6.37e-01
-9.23e-01
2.61e-01
-4.62e-01
-3.75e-01
-8.39e-01
8.63e-01
8.62e-01
7.07e-01
-7.01e-02
1.98e-02
6.81e-01
-1.09e-01
6.41e-01
8.58e-01
