7.09e-01
-7.62e-01
-5.38e-01
-2.96e-01
8.22e-01
-8.64e-01
-9.04e-01
-4.98e-01
-6.04e-01
2.14e-01
-3.24e-01
7.69e-01
-2.05e-01
2.75e-01
2.51e-01
6.72e-02
5.70e-01
4.19e-01
-6.20e-01
9.63e-01
-2.02e-01
-4.63e-01
-5.27e-01
7.54e-02
2.79e-01
5.32e-01
5.35e-01
4.26e-01
7.92e-01
-6.18e-01
6.42e-01
5.30e-01
3.14e-01
5.25e-01
-9.62e-01
-6.34e-01
8.75e-01
8.08e-01
4.17e-01
-5.41e-01
-1.24e-01
-9.27e-01
1.15e-01
1.97e-01
5.21e-01
-5.35e-01
6.90e-01
-4.68e-01
3.82e-01
-1.91e-01
7.67e-01
-9.55e-01
-4.23e-01
-1.96e-01
3.74e-01
2.46e-01
-4.89e-01
-9.49e-01
2.27e-02
8.27e-01
8.48e-01
-9.37e-01
1.25e-01
3.40e-01
-7.91e-02
5.96e-01
-2.06e-02
3.91e-01
9.27e-01
6.39e-01
-9.84e-01
-3.13e-01
-8.84e-01
-5.93e-01
4.19e-01
6.69e-01
-1.69e-01
-8.19e-01
-8.92e-01
6.76e-01
-9.12e-01
-3.63e-01
-8.39e-02
-7.12e-01
4.90e-01
-5.01e-01
-8.77e-01
8.13e-01
5.55e-01
7.70e-02
2.77e-01
8.58e-02
-9.79e-01
-2.57e-02
2.63e-01
-4.84e-01
-6.15e-01
6.35e-02
3.19e-01
5.74e-01
3.14e-01
9.37e-01
-4.32e-01
-5.17e-01
7.54e-01
5.05e-01
2.58e-01
-4.70e-01
-1.52e-01
2.24e-01
-6.65e-01
-5.60e-02
4.43e-01
7.07e-01
-6.93e-01
-3.63e-01
8.96e-01
-2.91e-01
-5.85e-01
6.91e-01
2.89e-01
1.22e-01
-3.64e-01
-6.69e-01
-8.97e-02
-8.31e-01
5.50e-01
-8.38e-01
-6.07e-01
1.14e-01
6.61e-01
5.95e-01
3.47e-01
-4.53e-01
-3.76e-01
1.25e-02
-8.47e-01
-8.25e-01
2.90e-01
3.38e-01
1.40e-01
6.90e-01
9.65e-01
1.68e-01
-9.98e-01
8.30e-01
2.57e-01
9.14e-01
-4.18e-01
6.67e-01
4.56e-01
-5.32e-01
-1.69e-01
5.81e-01
5.42e-01
5.39e-01
7.43e-01
-5.89e-01
-7.23e-01
-6.62e-01
-9.72e-01
4.14e-01
-7.64e-01
3.83e-01
4.06e-01
-4.82e-01
-2.87e-01
3.22e-01
-7.54e-01
-1.65e-01
-4.85e-01
-4.57e-01
-1.71e-01
-4.47e-01
2.94e-01
-4.33e-01
-1.56e-02
-1.05e-01
-5.18e-01
1.82e-01
9.53e-01
3.03e-01
1.77e-01
2.82e-01
9.85e-01
6.25e-02
6.12e-01
1.32e-01
-3.30e-01
-4.17e-01
-1.81e-01
-3.48e-01
3.85e-01
-3.17e-01
1.57e-01
-2.86e-01
7.04e-01
-2.48e-01
-2.86e-01
2.02e-01
1.43e-01
-4.79e-02
5.91e-01
6.89e-01
8.92e-01
7.74e-01
1.09e-01
4.24e-01
9.64e-01
-1.93e-01
1.67e-01
6.10e-01
5.32e-01
-4.04e-01
-1.77e-01
9.08e-01
-1.06e-02
-7.11e-03
9.94e-01
-3.44e-01
1.75e-01
1.26e-01
7.99e-01
-3.82e-01
8.38e-01
-9.34e-01
9.00e-01
-9.22e-01
4.86e-01
6.34e-01
1.14e-01
-5.06e-01
7.13e-01
-3.53e-01
-7.87e-01
-6.88e-01
-7.67e-01
-4.77e-01
-3.50e-01
5.64e-01
-5.91e-01
9.01e-02
-4.73e-01
-1.91e-01
-4.14e-01
-8.02e-01
-7.75e-01
9.46e-01
5.77e-01
6.12e-01
4.33e-01
2.64e-01
5.76e-01
8.09e-01
6.26e-02
-1.81e-01
-3.26e-01
-2.32e-01
8.24e-01
-4.83e-01
-8.04e-01
-6.83e-01
-2.56e-01
-5.23e-01
-1.85e-01
