-1.31e-01
-8.48e-01
-9.99e-01
5.41e-01
9.91e-01
1.00e+00
-2.71e-01
-7.03e-01
2.22e-01
9.50e-01
3.68e-01
-6.67e-01
2.44e-01
-4.65e-01
6.23e-01
-6.60e-01
6.56e-01
6.45e-01
-8.14e-01
-1.82e-01
-5.45e-01
3.66e-01
4.23e-01
1.52e-01
-4.46e-01
-1.62e-01
-9.99e-01
-1.77e-01
5.93e-02
-6.35e-01
8.71e-01
5.06e-02
4.22e-01
7.65e-02
6.41e-02
-2.72e-01
5.63e-01
4.83e-01
-6.94e-01
-9.86e-01
5.85e-01
-1.92e-01
8.27e-01
-8.41e-01
-5.89e-01
-2.94e-01
3.63e-01
-7.83e-02
3.18e-01
6.18e-01
7.07e-01
-2.31e-01
7.40e-01
5.20e-01
-6.93e-01
5.91e-01
8.87e-01
-1.04e-01
1.64e-01
1.22e-03
-4.51e-01
4.09e-01
8.11e-01
-1.28e-01
-3.98e-02
1.37e-01
-3.26e-01
2.90e-01
-4.65e-01
-6.81e-01
-1.60e-01
-8.85e-01
-9.39e-01
-7.84e-01
-7.73e-01
-3.22e-01
3.95e-02
4.28e-02
-6.57e-01
3.23e-01
7.45e-01
-3.83e-02
-5.54e-01
-3.07e-01
2.71e-01
1.71e-01
-1.31e-01
-9.04e-03
-4.35e-01
-3.31e-01
-7.68e-02
-9.38e-01
4.91e-01
-1.65e-01
-4.78e-01
-4.61e-01
4.91e-01
1.03e-01
2.60e-02
-1.73e-01
-5.77e-01
5.02e-01
8.03e-01
-1.10e-01
-9.39e-01
1.09e-01
9.58e-03
8.41e-01
2.90e-01
-6.42e-01
4.56e-01
8.46e-01
-3.68e-01
-9.35e-01
9.69e-01
-4.44e-02
1.81e-01
-6.89e-01
-6.23e-01
-4.57e-02
-9.57e-01
-4.70e-01
-1.14e-01
8.41e-01
-6.92e-01
-4.05e-01
-6.13e-02
2.22e-01
5.22e-01
-3.90e-01
-4.69e-01
-1.36e-01
-8.71e-01
-3.24e-01
2.24e-02
-8.08e-01
-2.70e-01
-5.25e-01
8.08e-01
-5.39e-01
4.75e-02
3.60e-01
-7.67e-02
-3.31e-01
-6.12e-02
1.00e-01
-3.07e-01
6.72e-01
8.56e-02
3.07e-01
-5.91e-01
4.01e-01
6.56e-01
-6.65e-01
7.12e-01
-8.65e-01
-5.44e-01
-8.31e-01
-1.73e-01
-7.71e-01
-6.86e-01
-9.51e-01
8.59e-01
2.69e-01
-1.80e-01
3.43e-01
8.35e-01
4.13e-01
-8.56e-01
9.15e-02
-8.37e-01
2.78e-01
-8.39e-01
-4.15e-01
-9.09e-01
6.98e-01
-1.26e-01
-9.25e-01
-2.65e-01
3.05e-01
7.79e-01
7.62e-01
-4.47e-01
-1.82e-01
-8.56e-02
-1.57e-01
7.65e-01
-3.62e-01
1.11e-01
2.89e-01
9.80e-01
8.01e-01
8.18e-01
7.41e-01
-7.60e-01
8.77e-01
-4.84e-01
7.11e-01
1.87e-01
9.85e-01
2.01e-01
6.49e-01
-4.30e-01
-2.13e-01
-6.60e-01
-3.88e-01
-1.49e-01
-5.05e-01
6.59e-01
-7.07e-01
-9.06e-01
9.91e-01
-2.13e-01
3.37e-01
-7.19e-01
9.90e-01
3.50e-01
8.21e-01
8.57e-01
-8.14e-01
-5.58e-01
6.66e-01
6.82e-01
6.97e-01
9.83e-02
-7.31e-01
-3.45e-01
-4.44e-01
6.20e-01
-7.12e-01
-8.11e-01
-8.12e-01
3.58e-01
9.73e-01
9.56e-01
-1.11e-01
-7.47e-01
1.09e-01
-8.31e-01
8.36e-01
-4.16e-01
-6.34e-01
-1.88e-01
1.51e-01
-4.38e-01
9.62e-01
-6.46e-01
9.26e-01
5.04e-01
-3.95e-01
2.57e-01
-6.11e-02
-4.86e-01
5.78e-01
-4.91e-01
1.04e-01
-8.14e-01
4.79e-01
9.55e-01
-5.71e-01
-1.72e-01
-9.21e-01
-2.79e-01
-2.28e-02
3.40e-01
