-1.23e-01
8.68e-01
5.92e-01
1.99e-01
2.00e-01
4.16e-01
1.38e-01
5.02e-01
4.33e-01
1.53e-01
-5.66e-01
-4.19e-01
-2.18e-01
9.00e-01
7.76e-01
-1.83e-01
4.04e-01
8.92e-01
-5.79e-01
5.94e-01
-1.57e-01
7.40e-01
-7.48e-01
-1.04e-01
2.50e-02
8.01e-01
7.71e-01
5.33e-01
-2.28e-01
-9.43e-01
7.79e-01
2.84e-01
-6.11e-01
-5.77e-01
3.95e-03
-9.73e-01
-4.47e-01
-6.01e-01
-3.41e-01
9.90e-01
-3.17e-01
-1.03e-01
2.31e-02
-8.23e-01
-8.80e-02
9.38e-01
-5.64e-01
-3.86e-02
-1.06e-02
2.27e-01
-9.73e-01
8.46e-01
4.29e-01
-4.34e-01
8.66e-01
8.26e-01
-9.88e-01
3.81e-01
-5.01e-01
2.73e-01
-4.72e-01
-5.25e-01
7.45e-02
3.23e-01
-4.80e-01
-1.95e-01
-2.85e-01
-5.35e-01
-3.59e-01
3.10e-01
-4.88e-01
7.91e-01
5.91e-01
4.19e-01
-3.36e-01
7.40e-01
-8.69e-01
1.24e-01
-4.53e-01
2.80e-01
8.27e-01
5.73e-01
-3.04e-01
-1.25e-01
-2.59e-01
6.27e-01
-9.04e-01
3.48e-01
5.48e-01
-9.66e-01
-9.71e-01
1.37e-01
-9.02e-03
7.57e-01
-5.65e-01
8.00e-01
5.53e-01
-2.90e-01
-9.48e-02
3.24e-02
-2.23e-01
3.28e-01
-1.18e-01
7.66e-01
-5.83e-01
-5.11e-01
-6.23e-01
2.59e-01
7.89e-02
7.04e-01
-3.60e-01
-6.00e-01
-6.63e-01
-4.96e-01
-9.38e-01
9.24e-01
3.59e-01
3.03e-01
4.48e-02
-9.51e-01
-9.34e-01
9.64e-01
8.71e-01
3.45e-02
-3.70e-01
7.70e-01
-7.79e-02
-2.64e-01
-7.56e-01
5.27e-01
3.12e-01
6.64e-01
-4.47e-01
-7.05e-01
1.82e-01
-4.84e-01
6.45e-01
2.76e-01
6.17e-02
-1.01e-01
1.53e-01
3.18e-01
5.36e-01
-3.54e-02
-3.83e-01
-5.85e-01
-7.86e-01
3.29e-01
8.43e-01
-4.09e-01
4.94e-01
7.52e-01
8.42e-01
6.18e-01
-6.19e-01
8.39e-01
9.72e-01
-6.02e-01
3.63e-01
2.25e-01
-1.83e-01
5.68e-01
-6.83e-01
-9.76e-01
-4.55e-01
6.86e-01
-5.96e-01
-3.00e-01
-9.76e-01
-5.62e-01
-2.55e-01
-4.86e-01
-8.86e-01
2.88e-01
-4.89e-01
4.82e-01
-6.70e-01
7.07e-01
6.65e-01
-4.34e-01
-8.23e-01
-9.62e-01
1.37e-01
-5.02e-01
-1.34e-01
2.24e-01
-2.21e-01
7.42e-01
-1.31e-01
-1.20e-01
-6.25e-01
-3.98e-01
5.88e-01
-3.71e-01
6.35e-01
3.31e-02
-3.02e-01
-8.18e-01
-6.17e-01
8.32e-03
-1.58e-01
-8.64e-01
9.27e-01
-8.65e-01
4.16e-01
9.62e-01
5.15e-01
-5.88e-01
5.16e-01
-9.17e-01
4.64e-01
8.78e-01
-8.52e-02
-2.53e-01
4.41e-01
-6.37e-01
-5.62e-01
-5.95e-01
2.65e-01
-6.57e-01
-9.00e-01
-8.32e-01
6.28e-01
3.14e-01
-9.15e-01
8.35e-01
-3.54e-01
6.71e-01
-9.60e-01
1.33e-01
7.03e-01
1.15e-01
4.04e-01
-7.67e-01
7.19e-01
-9.21e-01
-3.86e-01
6.56e-02
-9.92e-01
-2.25e-01
-7.67e-01
8.34e-01
7.88e-02
1.82e-01
-5.21e-02
6.18e-01
-3.12e-03
6.49e-02
6.21e-01
5.12e-01
-1.39e-01
-5.70e-01
-8.93e-01
9.07e-01
9.54e-01
-1.50e-01
-5.66e-01
-4.24e-02
8.14e-01
9.19e-01
2.19e-02
-4.92e-01
2.57e-01
3.69e-01
-9.92e-01
