-2.55e-01
6.74e-03
-6.46e-01
1.42e-01
3.15e-01
-8.30e-01
-7.23e-01
9.35e-02
-4.39e-01
-7.96e-01
-1.07e-01
-6.20e-01
3.69e-01
-3.26e-01
2.56e-02
1.66e-01
1.55e-01
-4.49e-01
-5.08e-02
-8.71e-01
5.98e-01
6.13e-01
6.28e-02
6.69e-01
5.18e-01
-9.69e-01
-1.52e-01
7.28e-01
2.52e-01
-2.20e-01
-1.31e-01
-2.46e-01
-1.64e-01
-2.08e-01
-4.48e-01
7.70e-01
1.47e-01
6.92e-01
7.96e-01
3.25e-01
7.98e-01
9.91e-01
-2.32e-01
-5.06e-01
-7.29e-01
-7.52e-01
9.85e-01
-7.06e-01
-6.07e-01
7.31e-01
9.94e-01
8.79e-01
7.35e-01
3.26e-01
-8.66e-01
-6.02e-01
-1.05e-02
-9.24e-02
6.43e-01
2.38e-01
2.27e-01
-2.33e-01
9.88e-01
-6.45e-01
1.07e-01
6.74e-01
-7.84e-01
-5.73e-03
-1.42e-01
5.85e-01
-9.29e-02
-8.42e-01
-8.12e-01
-5.24e-01
4.84e-01
1.32e-01
1.66e-01
4.50e-01
-6.58e-01
3.84e-01
9.78e-01
9.82e-01
-1.79e-01
-2.08e-01
8.47e-02
3.53e-01
-7.19e-04
1.36e-01
4.85e-01
5.56e-01
1.09e-01
5.93e-01
1.46e-01
7.06e-01
-5.56e-02
5.35e-01
4.95e-02
-8.75e-01
3.07e-01
-7.29e-01
-9.12e-01
3.20e-02
-1.78e-01
2.49e-01
-4.84e-01
-2.75e-01
-3.14e-01
-7.42e-01
-3.14e-01
3.90e-01
4.57e-01
8.99e-01
-9.47e-01
-6.01e-01
3.63e-01
3.12e-01
-5.28e-01
4.02e-01
-4.91e-01
-7.03e-01
8.60e-01
8.86e-01
8.94e-01
-9.66e-01
7.80e-01
6.65e-02
-9.18e-01
-5.13e-01
4.49e-01
-8.84e-01
8.38e-01
-5.82e-01
-7.44e-01
3.47e-01
-1.26e-01
-8.98e-01
-6.99e-01
5.86e-01
-4.52e-01
-2.12e-01
-5.20e-01
-3.01e-01
-9.33e-01
-8.32e-01
8.02e-01
6.73e-01
-7.88e-01
-7.24e-01
-5.73e-01
2.78e-01
9.97e-01
2.85e-01
-2.85e-01
9.49e-01
7.45e-01
-2.16e-02
-3.13e-01
4.30e-01
4.19e-01
6.33e-01
3.76e-01
-5.37e-01
-4.18e-01
-2.62e-01
4.51e-01
5.97e-01
1.69e-01
3.16e-01
-4.85e-01
6.61e-01
6.20e-01
8.72e-01
7.17e-01
-9.74e-02
5.27e-01
-2.20e-01
-9.14e-01
-3.77e-01
-3.46e-02
7.66e-02
8.13e-01
-5.69e-01
-5.04e-01
7.73e-01
1.95e-02
9.88e-01
-1.82e-01
-9.35e-01
1.87e-01
-6.24e-01
1.21e-03
-9.22e-01
-3.69e-01
9.22e-01
5.08e-01
8.50e-01
9.10e-02
4.18e-01
7.75e-01
-7.06e-01
2.20e-01
8.32e-01
-7.82e-01
-4.08e-01
-9.50e-01
1.71e-01
-6.87e-01
-3.04e-01
1.94e-01
-9.30e-01
2.28e-01
-2.29e-01
1.10e-01
6.18e-01
5.34e-01
9.15e-01
3.35e-01
5.91e-01
2.06e-01
1.37e-01
-4.42e-01
4.97e-01
3.94e-01
1.24e-01
9.97e-01
1.86e-01
-2.79e-01
-7.43e-01
5.44e-01
1.19e-01
-3.26e-01
4.61e-01
-2.51e-01
8.16e-01
-6.27e-02
-4.01e-01
4.05e-01
2.89e-01
-8.94e-02
-9.05e-02
-5.38e-01
8.66e-02
3.92e-01
9.08e-01
7.00e-01
9.21e-01
-3.10e-02
-7.72e-01
7.71e-01
-7.34e-01
-2.37e-01
-9.96e-01
2.43e-02
-3.77e-01
7.83e-01
-2.42e-01
-3.21e-01
3.34e-01
-8.81e-01
-7.08e-01
2.67e-01
-3.74e-01
-7.23e-01
8.22e-01
-9.92e-01
