3.68e-01
-1.82e-01
2.28e-01
-8.32e-01
-4.69e-01
5.75e-02
9.73e-01
1.68e-01
-6.43e-01
8.96e-04
-9.05e-01
5.02e-01
4.47e-01
9.09e-02
8.96e-01
-7.10e-01
4.55e-01
5.63e-01
-7.88e-01
6.75e-01
-5.33e-01
-3.10e-01
6.40e-01
-3.36e-01
-3.51e-01
4.19e-01
-6.27e-01
-6.64e-01
1.31e-01
-7.43e-01
3.14e-01
-1.75e-02
8.82e-02
-1.18e-01
-3.17e-01
-2.32e-01
6.41e-01
5.73e-01
-8.28e-01
-9.05e-01
-1.98e-01
-9.05e-01
9.86e-01
-2.47e-01
4.11e-01
4.84e-01
8.49e-01
-2.09e-01
9.52e-01
8.24e-01
-9.14e-01
8.21e-01
-8.10e-02
-6.38e-01
-2.39e-01
-4.03e-01
8.53e-01
8.86e-01
8.48e-01
-3.33e-01
-9.81e-01
-8.75e-01
9.88e-01
-9.88e-01
6.75e-01
-3.23e-01
-3.87e-01
1.13e-01
-2.21e-01
2.02e-01
7.27e-01
4.04e-01
8.38e-01
-5.97e-01
-6.40e-01
-8.18e-01
1.15e-01
-4.55e-01
-6.26e-01
-3.07e-01
-8.73e-01
-1.91e-01
-1.92e-01
-9.93e-01
-8.82e-01
-5.77e-02
5.62e-01
-5.82e-02
4.33e-01
-5.60e-01
-1.48e-01
5.13e-01
7.51e-01
5.46e-01
-9.92e-01
-3.08e-01
4.27e-01
-9.34e-01
6.82e-01
2.16e-01
1.07e-01
2.41e-01
-3.35e-01
-5.51e-01
-9.19e-01
-5.13e-01
8.76e-01
-2.22e-01
3.76e-01
3.87e-01
-2.86e-02
-3.37e-01
-6.09e-01
-4.56e-01
3.80e-01
8.88e-01
-1.39e-02
-2.41e-01
3.79e-01
-1.52e-01
2.46e-01
3.19e-01
-7.30e-01
3.09e-01
-3.17e-01
3.05e-01
9.22e-01
-6.72e-01
-8.26e-01
-6.76e-01
2.83e-02
-8.05e-01
-3.82e-02
-8.55e-03
-1.90e-01
-8.33e-01
7.64e-03
7.33e-01
-6.85e-01
4.52e-01
6.75e-02
2.34e-01
-6.06e-01
7.55e-01
-9.03e-01
-5.99e-01
-7.50e-01
8.21e-01
7.92e-01
8.40e-01
-9.67e-01
8.50e-01
7.58e-01
-5.13e-01
4.45e-01
-4.89e-01
8.69e-01
-5.88e-01
-6.23e-01
6.36e-01
6.21e-01
-6.00e-01
2.60e-01
4.68e-01
-9.80e-02
-2.66e-01
7.49e-01
-6.53e-01
4.58e-01
-8.21e-02
-8.32e-01
6.73e-02
9.58e-01
-2.14e-02
4.85e-01
-1.33e-01
-8.87e-01
-5.13e-01
-1.36e-01
-2.73e-01
9.25e-01
2.40e-01
-4.35e-01
1.54e-01
-1.18e-01
2.03e-01
-5.04e-01
3.43e-01
7.33e-01
2.26e-01
-6.16e-01
4.68e-01
-5.77e-01
-3.94e-01
-9.17e-01
3.25e-01
7.92e-02
3.92e-01
-8.92e-01
3.78e-01
-3.76e-01
-3.67e-01
1.16e-01
5.29e-01
-2.47e-01
-5.44e-01
-9.46e-01
-8.76e-01
6.57e-01
7.63e-01
-7.17e-01
6.42e-01
9.08e-02
7.08e-01
8.88e-01
5.17e-02
-9.83e-01
6.89e-01
-8.94e-01
-3.21e-01
3.68e-01
-7.69e-01
-7.61e-01
7.71e-01
-2.17e-01
-9.01e-01
2.11e-01
7.88e-01
5.56e-01
3.85e-01
1.05e-01
-2.82e-01
7.53e-01
3.84e-01
-8.29e-01
-3.43e-01
-9.86e-02
1.35e-01
6.26e-01
-4.52e-01
-5.69e-02
5.95e-01
8.82e-01
-1.10e-01
1.58e-01
1.62e-01
-7.84e-01
6.12e-01
9.61e-01
2.36e-01
5.71e-01
6.28e-01
-7.60e-01
-9.46e-03
4.27e-01
4.35e-01
-7.13e-01
5.54e-04
-2.45e-02
-5.77e-01
5.59e-01
5.18e-01
5.50e-01
3.43e-01
6.61e-01
