-4.36e-01
-3.17e-01
-3.39e-01
2.73e-01
-3.37e-01
7.28e-01
-1.16e-01
-9.37e-01
-1.04e-03
-4.61e-01
-1.42e-01
-3.10e-01
2.66e-01
-4.73e-02
-8.28e-01
5.30e-01
-7.45e-01
-8.95e-01
6.46e-01
-6.03e-01
-2.02e-01
1.59e-01
-4.54e-01
-7.74e-01
-1.65e-01
-8.69e-01
5.87e-01
7.75e-01
-2.09e-01
2.79e-01
-7.57e-01
-3.78e-01
-6.13e-01
-7.12e-01
2.30e-01
1.22e-03
-9.12e-01
-3.45e-01
-4.18e-03
-2.80e-01
3.21e-01
-6.69e-01
-4.57e-01
7.09e-01
7.36e-02
4.93e-01
-9.93e-01
7.94e-01
3.61e-01
-2.32e-01
-6.40e-01
-5.90e-01
7.13e-01
-8.17e-01
4.06e-01
-6.99e-01
2.14e-01
6.07e-01
2.77e-01
8.01e-01
-3.26e-02
-9.20e-01
-7.06e-01
-3.00e-01
4.84e-01
5.96e-01
9.18e-01
3.83e-01
-5.40e-01
5.60e-02
3.31e-01
-3.08e-01
4.49e-01
-1.14e-01
9.61e-01
-9.52e-01
-3.48e-01
-2.89e-01
7.56e-01
-7.98e-01
9.84e-01
7.87e-02
1.38e-01
-1.53e-01
-5.15e-02
-9.55e-01
-4.46e-01
1.36e-01
-8.82e-01
9.15e-01
2.87e-01
-8.34e-01
3.70e-01
-9.06e-01
5.16e-01
-3.19e-01
1.39e-01
-6.36e-01
3.65e-01
-5.68e-01
-6.46e-02
4.95e-01
7.64e-01
2.89e-01
7.63e-01
-5.01e-02
-3.64e-01
3.47e-01
-4.01e-01
-4.65e-01
-3.00e-01
-6.61e-01
-9.02e-01
5.87e-01
-7.99e-01
-9.92e-01
5.15e-01
3.55e-01
-9.01e-01
8.99e-01
3.20e-01
-6.59e-01
-8.46e-01
8.38e-01
1.00e-01
8.85e-01
9.82e-01
-9.88e-01
6.38e-01
-2.92e-01
-7.57e-02
7.70e-01
-5.09e-01
-1.73e-02
3.40e-01
-6.62e-01
9.08e-01
-7.51e-02
5.75e-01
-8.65e-01
1.08e-01
-1.22e-01
-3.60e-01
4.12e-02
-4.86e-02
-9.54e-01
7.49e-01
5.96e-01
-7.56e-01
-2.03e-01
-8.48e-01
-9.91e-01
9.99e-01
2.91e-01
-2.52e-01
-6.73e-02
3.91e-01
-6.44e-01
-2.47e-01
4.16e-01
5.16e-01
-3.20e-01
-4.58e-01
-7.10e-01
-3.80e-01
-6.03e-01
-8.94e-01
4.66e-01
1.41e-01
6.50e-01
-1.97e-01
4.16e-01
-6.65e-01
-4.24e-01
-3.94e-01
5.16e-01
6.31e-02
7.61e-01
8.37e-01
9.69e-01
-8.62e-01
-5.14e-01
4.64e-01
-4.50e-01
-4.17e-01
-5.84e-01
3.48e-01
-3.66e-01
-8.38e-01
-8.78e-01
-7.85e-01
7.98e-01
6.37e-01
-3.59e-01
-6.92e-01
-8.19e-02
7.92e-01
5.19e-01
8.70e-01
7.81e-01
6.57e-02
6.66e-01
-5.48e-01
-2.93e-01
-4.37e-01
4.64e-01
8.12e-02
9.35e-02
-3.74e-01
7.79e-02
-4.16e-01
-4.12e-01
-5.23e-01
4.20e-01
-2.80e-01
-1.89e-01
9.30e-01
5.85e-01
-6.61e-01
5.03e-01
9.58e-01
-4.72e-01
4.80e-02
6.20e-01
1.23e-01
9.72e-01
1.40e-01
1.91e-01
-7.59e-01
-5.68e-01
-5.18e-01
-9.17e-01
6.74e-02
-4.13e-01
-3.42e-01
1.27e-01
-8.78e-01
7.00e-01
2.07e-01
-5.47e-01
9.22e-01
2.54e-01
-5.28e-01
8.56e-01
9.36e-01
-2.71e-02
-2.79e-01
6.63e-01
3.08e-01
-1.68e-01
1.76e-03
-2.45e-01
-3.03e-01
6.50e-02
-8.66e-01
-2.19e-01
8.03e-01
-4.37e-01
9.94e-01
9.65e-01
-3.27e-01
9.95e-01
5.06e-01
-8.34e-01
1.48e-03
