3.68e-01
-1.82e-01
2.28e-01
-8.32e-01
-4.69e-01
5.75e-02
9.73e-01
1.68e-01
-6.43e-01
8.96e-04
-9.05e-01
5.02e-01
4.47e-01
9.09e-02
8.96e-01
-7.10e-01
4.55e-01
5.63e-01
-7.88e-01
8.26e-01
-5.33e-01
-3.10e-01
6.40e-01
-3.36e-01
-3.51e-01
4.19e-01
-6.27e-01
-6.64e-01
1.31e-01
-7.43e-01
3.14e-01
-1.75e-02
8.82e-02
-1.18e-01
-3.17e-01
-2.32e-01
6.41e-01
5.73e-01
2.44e-01
-9.05e-01
-1.98e-01
-9.05e-01
9.86e-01
8.03e-01
-2.20e-01
-5.29e-01
-8.21e-01
-5.96e-01
5.32e-01
8.20e-01
-2.92e-01
-5.71e-01
9.56e-02
-9.09e-01
4.14e-01
-9.93e-01
-3.24e-01
6.25e-01
-3.82e-01
4.48e-01
-6.72e-01
4.31e-01
-5.34e-01
-1.25e-01
9.80e-01
-5.94e-01
8.99e-01
-8.35e-01
1.52e-02
-8.66e-01
7.77e-01
-8.17e-01
3.90e-01
4.83e-01
-7.42e-01
-7.49e-01
6.00e-01
6.51e-01
3.92e-01
8.80e-01
8.05e-01
-3.25e-01
-6.43e-01
6.08e-01
4.51e-01
-9.06e-02
-9.20e-01
6.59e-01
1.45e-01
-1.14e-01
-4.66e-01
-4.28e-01
1.56e-01
-8.13e-01
3.09e-01
1.67e-01
-1.03e-01
-2.78e-01
2.46e-01
5.56e-01
7.35e-01
-9.02e-01
8.34e-01
-6.50e-01
9.63e-01
9.18e-01
5.87e-01
-2.75e-01
-3.55e-01
-4.84e-01
-9.37e-01
6.83e-01
-9.06e-01
-8.69e-01
5.63e-01
-8.73e-01
-8.48e-01
2.45e-01
2.08e-01
-5.20e-01
-2.45e-02
5.73e-01
5.99e-01
-5.78e-01
1.89e-01
7.70e-01
5.34e-01
3.40e-01
-7.02e-01
9.81e-01
-8.73e-01
3.54e-02
-2.20e-01
9.40e-01
-5.06e-01
5.42e-02
1.00e-01
-4.64e-01
-1.45e-01
-3.25e-01
-6.42e-01
9.21e-01
4.86e-01
8.72e-01
-2.64e-01
3.00e-01
3.63e-01
2.30e-01
9.22e-02
-7.57e-01
-8.90e-01
-1.45e-01
5.22e-01
-6.90e-01
-8.71e-01
2.50e-01
-5.61e-01
7.53e-01
2.79e-01
4.89e-01
-2.94e-01
-5.85e-01
-1.82e-01
1.09e-01
1.35e-01
9.66e-01
7.68e-02
-2.54e-01
2.97e-01
3.09e-02
-5.10e-01
-7.74e-01
1.40e-01
5.80e-01
-5.51e-01
-1.58e-01
-9.84e-01
-4.43e-01
-6.85e-01
-5.77e-01
8.93e-01
8.58e-02
-1.25e-01
-2.37e-01
5.62e-01
6.02e-01
-4.75e-01
7.82e-01
-6.66e-01
-4.45e-01
-7.41e-01
-3.58e-01
1.79e-01
1.66e-01
-3.57e-01
-4.92e-01
4.14e-01
5.40e-03
-8.92e-01
3.78e-01
-3.76e-01
-3.67e-01
1.16e-01
5.29e-01
-4.68e-01
6.57e-01
-9.46e-01
-8.76e-01
-5.44e-01
-7.37e-01
-9.52e-01
-8.05e-01
9.08e-02
7.08e-01
8.88e-01
5.17e-02
-9.83e-01
6.89e-01
-8.94e-01
-3.21e-01
3.68e-01
-7.69e-01
-7.61e-01
7.71e-01
-2.17e-01
-9.01e-01
2.11e-01
7.88e-01
5.56e-01
3.85e-01
2.36e-01
-2.82e-01
7.53e-01
3.84e-01
-8.29e-01
-3.43e-01
-9.86e-02
1.35e-01
6.26e-01
-4.52e-01
-5.69e-02
5.95e-01
8.82e-01
-1.10e-01
1.58e-01
1.62e-01
-7.84e-01
6.12e-01
9.61e-01
1.05e-01
5.71e-01
6.28e-01
-7.60e-01
-9.46e-03
4.27e-01
4.35e-01
-7.13e-01
5.54e-04
-2.45e-02
8.60e-01
5.59e-01
5.18e-01
5.50e-01
3.43e-01
6.61e-01
