-8.03e-01
9.46e-01
-8.09e-01
8.06e-01
-2.41e-01
-8.90e-01
3.62e-01
5.48e-01
-3.12e-01
9.74e-01
-9.12e-01
-7.88e-01
-2.52e-01
2.76e-01
-4.61e-01
-5.93e-01
9.40e-01
4.00e-01
5.95e-01
2.33e-01
8.43e-01
-7.33e-01
-8.42e-02
-4.47e-01
-5.58e-01
-5.04e-01
-8.60e-01
8.82e-01
9.82e-01
8.78e-01
8.39e-01
3.63e-01
-5.68e-01
1.94e-01
6.81e-01
-6.28e-01
-9.88e-01
-4.70e-01
8.91e-01
3.01e-01
4.84e-01
-4.83e-01
9.73e-01
-6.78e-01
7.32e-01
-7.68e-01
-8.37e-01
1.01e-01
-8.88e-01
-8.03e-02
-4.15e-01
-1.60e-01
-8.13e-01
-3.28e-02
3.83e-01
3.16e-02
-4.13e-01
5.77e-01
2.49e-01
-8.90e-01
7.80e-02
6.47e-01
1.17e-01
6.57e-01
-7.63e-01
2.78e-01
2.26e-01
1.25e-01
-9.90e-01
-5.61e-02
6.79e-01
1.11e-01
2.39e-03
9.76e-01
2.36e-01
-4.32e-01
1.53e-01
-1.89e-01
-1.77e-01
8.98e-01
-5.19e-01
-5.10e-01
9.81e-01
-3.65e-01
-1.24e-01
4.53e-01
-3.13e-01
8.71e-01
7.11e-01
2.95e-01
2.63e-03
1.22e-01
9.97e-01
5.54e-01
5.05e-01
-5.49e-01
5.01e-01
-9.35e-01
-1.13e-01
9.11e-01
2.76e-01
-1.78e-01
-2.67e-01
-7.84e-01
2.89e-01
-6.79e-01
2.30e-01
8.10e-01
1.57e-01
-9.61e-01
6.92e-01
6.99e-01
-7.58e-01
7.42e-01
7.27e-01
8.84e-01
-1.63e-01
6.82e-01
8.11e-01
-1.51e-01
-3.65e-01
-1.18e-02
-4.97e-01
2.33e-01
-4.89e-01
-8.98e-02
8.86e-01
-3.51e-01
-8.27e-02
-2.39e-01
-2.49e-01
9.63e-01
-4.01e-01
9.14e-01
-5.62e-01
-7.38e-01
8.10e-01
-7.82e-01
8.92e-01
-5.74e-01
-8.57e-01
9.07e-01
7.91e-01
1.26e-01
-3.84e-01
7.14e-02
1.94e-01
-6.33e-01
-3.21e-01
-6.27e-01
-7.74e-01
-3.37e-01
-1.07e-01
3.76e-02
5.06e-01
4.75e-01
3.46e-01
-5.37e-02
7.27e-01
5.75e-01
-3.88e-01
2.43e-01
-7.05e-01
7.49e-02
7.02e-01
-5.15e-01
-6.16e-01
7.24e-01
-8.98e-01
1.66e-01
-4.75e-01
4.82e-01
2.80e-01
5.96e-01
-5.64e-01
8.91e-01
-2.89e-01
-9.60e-01
-8.42e-01
2.07e-01
6.65e-02
6.13e-01
-5.77e-01
2.45e-01
-5.31e-01
-5.66e-01
5.55e-01
-1.91e-01
-3.14e-01
4.52e-01
-1.29e-01
2.89e-01
-2.33e-01
4.49e-01
8.55e-01
2.14e-01
-7.69e-01
-2.65e-02
6.30e-01
9.20e-01
9.72e-01
-5.93e-01
-5.81e-01
9.97e-01
-7.11e-01
-4.09e-02
-7.84e-01
-6.64e-01
-9.45e-01
-1.21e-01
-4.91e-01
5.59e-01
5.91e-01
8.44e-01
-4.41e-01
6.69e-01
-4.35e-01
2.81e-01
8.52e-01
2.13e-01
-5.98e-01
-8.42e-01
-8.99e-01
-2.81e-01
-9.82e-01
4.77e-01
-7.87e-01
-2.17e-01
-7.19e-01
-1.62e-01
-8.64e-01
-2.27e-01
7.48e-01
-7.30e-01
6.61e-01
-5.68e-01
2.67e-01
2.92e-01
-9.31e-02
6.40e-01
-9.21e-01
1.00e+00
7.58e-01
-8.02e-02
-7.99e-01
-8.35e-01
-8.74e-01
-3.67e-01
-8.33e-01
-8.27e-01
9.42e-01
-7.94e-01
7.07e-03
6.90e-01
5.38e-01
-7.23e-01
6.57e-01
9.45e-01
-7.56e-01
-7.83e-01
-9.92e-01
-1.83e-01
8.35e-01
1.55e-01
2.16e-01
