-8.03e-01
9.46e-01
-8.09e-01
8.06e-01
-2.41e-01
-8.90e-01
3.62e-01
5.48e-01
-3.12e-01
9.74e-01
-9.12e-01
-7.88e-01
-2.52e-01
2.76e-01
-4.61e-01
-5.93e-01
9.40e-01
4.00e-01
5.95e-01
2.33e-01
8.43e-01
-4.29e-02
-8.42e-02
-4.47e-01
-5.58e-01
-5.04e-01
-8.60e-01
8.82e-01
9.82e-01
8.78e-01
8.39e-01
3.63e-01
7.64e-01
1.94e-01
6.81e-01
-6.28e-01
-9.88e-01
-6.56e-01
-7.47e-01
8.36e-02
-2.25e-01
-9.83e-01
1.35e-01
7.76e-01
9.17e-01
2.81e-01
-6.24e-01
8.49e-01
-7.91e-03
5.74e-01
-7.73e-01
1.32e-01
-6.68e-01
6.80e-01
2.81e-01
3.30e-01
7.31e-01
-9.35e-01
5.41e-01
-1.72e-01
5.00e-02
2.78e-01
-8.37e-01
5.63e-01
-7.21e-01
-2.89e-01
-7.10e-01
8.12e-01
2.90e-01
-4.86e-01
2.94e-01
6.72e-01
8.42e-01
-1.16e-01
-4.77e-01
-6.52e-01
-3.88e-01
4.05e-01
-8.87e-01
8.05e-01
4.38e-01
8.18e-01
-9.99e-01
1.86e-01
3.27e-03
8.76e-01
-9.68e-01
4.22e-01
-5.32e-01
7.99e-01
-8.33e-01
-5.40e-01
-3.49e-01
-7.61e-01
9.72e-01
-6.85e-01
-3.44e-01
-4.13e-02
8.19e-01
4.01e-01
-5.49e-01
8.56e-01
-9.11e-01
-9.89e-01
5.31e-02
4.78e-01
1.12e-01
1.92e-01
7.37e-01
-6.68e-02
6.68e-01
-8.73e-01
-8.40e-01
-2.79e-01
-7.18e-01
-1.22e-01
-5.67e-01
7.70e-01
1.12e-01
4.87e-01
-1.98e-02
6.72e-01
-4.06e-01
-3.31e-01
-7.73e-01
1.29e-01
-8.23e-01
1.68e-01
-2.61e-01
7.90e-01
-3.77e-01
-6.65e-01
-1.31e-01
3.91e-01
-8.09e-01
-9.67e-01
8.98e-01
1.71e-01
8.57e-01
-8.61e-02
3.49e-01
9.28e-03
-9.00e-01
8.48e-01
2.42e-01
-6.47e-01
-7.83e-01
-5.65e-01
-9.82e-01
4.70e-01
9.29e-01
-6.97e-01
4.04e-01
-7.02e-02
-1.21e-01
7.78e-01
1.09e-05
1.04e-01
-7.36e-01
5.89e-01
-1.04e-01
-6.76e-01
-4.98e-01
5.18e-02
3.81e-01
5.25e-01
8.23e-01
-5.93e-01
-6.24e-01
1.52e-01
4.08e-01
-4.45e-01
4.50e-01
-8.37e-01
-7.28e-01
-6.76e-01
-2.99e-01
-8.36e-01
-5.68e-01
-3.46e-01
-8.36e-01
-2.75e-01
-4.08e-01
1.25e-02
-9.27e-01
7.28e-01
-6.15e-01
6.06e-01
-4.29e-02
1.68e-01
-1.29e-01
2.89e-01
-2.33e-01
4.49e-01
8.55e-01
2.14e-01
-7.69e-01
-2.65e-02
6.30e-01
9.20e-01
9.72e-01
-5.93e-01
-5.81e-01
9.97e-01
-7.11e-01
-4.09e-02
-7.84e-01
-6.64e-01
-9.45e-01
-1.21e-01
-4.91e-01
5.59e-01
5.91e-01
8.44e-01
-4.41e-01
6.69e-01
-4.35e-01
2.81e-01
8.52e-01
2.13e-01
-5.98e-01
-8.42e-01
-8.99e-01
-2.81e-01
-9.82e-01
4.77e-01
-7.87e-01
-2.17e-01
-7.19e-01
-1.62e-01
-8.64e-01
-2.27e-01
7.48e-01
-7.30e-01
6.61e-01
-5.68e-01
2.67e-01
2.92e-01
-9.31e-02
6.40e-01
-9.21e-01
1.00e+00
7.58e-01
-8.02e-02
-7.99e-01
-9.99e-01
7.44e-01
-4.79e-02
-6.48e-01
-7.63e-01
9.11e-02
-2.96e-01
-8.96e-01
5.96e-01
-1.85e-01
5.21e-01
1.73e-01
6.08e-01
-1.33e-01
-7.20e-01
8.42e-02
-4.91e-01
2.46e-01
5.16e-01
3.28e-01
