-2.32e-01
8.08e-01
6.74e-01
8.42e-01
-8.76e-01
-4.41e-02
7.49e-01
9.84e-01
1.14e-01
-1.21e-01
4.88e-01
8.47e-01
5.69e-02
4.15e-01
1.31e-01
6.59e-01
-1.51e-01
-9.01e-01
2.14e-01
7.89e-01
1.80e-01
5.96e-01
6.04e-02
-7.11e-01
8.17e-01
-5.44e-01
9.07e-01
-8.27e-01
-7.74e-01
5.48e-01
-2.36e-02
7.21e-01
-4.35e-01
-4.40e-01
7.72e-01
-6.58e-01
-6.16e-01
9.78e-01
2.23e-02
9.20e-01
1.47e-01
-6.54e-01
9.35e-01
6.00e-01
9.30e-01
-5.38e-01
1.48e-01
-8.22e-01
6.38e-01
-2.37e-01
5.93e-01
-4.04e-01
9.55e-01
6.26e-01
1.65e-02
-2.59e-01
4.51e-01
5.65e-01
-1.60e-01
-8.39e-01
4.16e-01
-4.16e-01
-9.11e-01
-6.81e-01
1.52e-01
-9.63e-01
8.37e-01
3.73e-01
-6.17e-01
4.00e-01
-3.40e-01
-9.29e-01
3.33e-01
6.82e-01
-9.42e-01
-1.27e-01
-9.45e-01
-7.80e-01
1.50e-01
-5.82e-01
-9.60e-01
-5.77e-01
-6.59e-01
9.10e-01
-7.68e-02
2.17e-01
-6.18e-01
6.46e-01
-5.32e-04
-7.73e-01
9.13e-01
8.87e-01
6.49e-02
2.27e-01
6.96e-01
-9.66e-01
-6.47e-01
-5.95e-01
6.01e-02
5.92e-01
3.18e-01
6.32e-01
-1.08e-01
-5.22e-01
-3.43e-01
6.12e-01
1.22e-01
6.50e-01
4.83e-02
-7.68e-01
-2.40e-01
-9.82e-01
-1.46e-01
4.99e-01
-3.75e-01
-8.17e-01
7.09e-01
-4.75e-01
-7.34e-01
8.07e-01
8.98e-01
2.85e-01
-2.62e-01
-4.00e-01
6.63e-02
-7.43e-01
-3.22e-01
-8.03e-01
-7.82e-01
-8.50e-01
2.01e-01
-4.25e-01
-9.53e-01
-8.80e-01
3.15e-01
-6.51e-01
-5.02e-01
-3.65e-01
-1.81e-01
1.20e-01
-8.25e-01
7.24e-01
-4.68e-01
6.11e-01
2.77e-01
7.74e-01
9.93e-01
-4.96e-01
-8.07e-01
-1.66e-01
8.83e-01
7.84e-01
2.84e-01
6.13e-02
8.14e-01
8.47e-01
6.51e-01
2.06e-01
-6.05e-01
6.74e-01
-9.95e-01
9.83e-01
-4.29e-01
-2.66e-01
-3.66e-01
-5.66e-01
5.80e-02
-1.74e-01
-2.90e-01
-4.23e-01
1.54e-01
-4.45e-01
4.50e-01
-8.37e-01
-7.28e-01
-6.76e-01
-8.29e-01
-1.27e-01
-4.68e-01
9.07e-01
-4.09e-02
-3.26e-01
-4.32e-02
9.38e-01
-3.18e-01
-6.08e-01
-9.41e-01
2.33e-01
-4.29e-02
1.68e-01
-1.29e-01
2.89e-01
-2.33e-01
4.49e-01
8.55e-01
2.14e-01
-7.69e-01
-2.65e-02
6.30e-01
9.20e-01
9.72e-01
-5.93e-01
-5.81e-01
9.97e-01
-7.11e-01
4.89e-01
-7.84e-01
-6.64e-01
-9.45e-01
-1.21e-01
-4.91e-01
5.59e-01
5.91e-01
8.44e-01
-4.25e-01
6.69e-01
-4.35e-01
2.81e-01
8.52e-01
2.13e-01
-5.98e-01
-8.42e-01
-8.99e-01
7.48e-01
-9.82e-01
4.77e-01
-7.87e-01
-2.17e-01
-7.19e-01
-1.62e-01
-8.64e-01
-2.27e-01
-2.81e-01
-7.30e-01
6.61e-01
-5.68e-01
2.67e-01
2.92e-01
-9.31e-02
6.40e-01
-9.21e-01
1.00e+00
-1.60e-01
-3.34e-01
6.35e-01
-9.99e-01
7.44e-01
5.96e-01
-6.48e-01
-7.63e-01
-2.99e-01
-2.96e-01
-8.96e-01
-4.79e-02
-1.85e-01
5.21e-01
1.73e-01
6.08e-01
-1.33e-01
-7.20e-01
8.42e-02
-4.91e-01
2.46e-01
5.16e-01
3.28e-01
