2.90e-01
-1.58e-01
7.37e-01
-3.92e-01
-9.64e-01
6.81e-01
-8.21e-01
-6.30e-01
-8.30e-01
-5.63e-01
8.22e-02
-2.45e-01
6.57e-01
3.88e-01
3.01e-01
4.15e-01
-6.05e-01
-5.44e-02
-6.23e-02
-6.68e-01
-9.78e-01
-7.37e-01
8.85e-01
-4.43e-01
-3.71e-01
6.19e-02
-9.34e-01
-9.32e-01
9.34e-02
6.58e-01
4.29e-01
-7.48e-01
4.28e-01
9.79e-01
2.88e-01
-7.15e-01
8.86e-01
-5.87e-01
-9.93e-01
-2.57e-01
-5.52e-01
-7.51e-02
9.39e-01
-7.08e-01
3.21e-01
-5.52e-01
-4.55e-01
6.91e-01
7.91e-01
2.50e-01
7.58e-01
-9.75e-01
1.79e-01
7.67e-01
-6.30e-01
-2.65e-01
-4.99e-01
3.42e-01
-1.39e-01
-5.42e-02
-6.18e-01
4.67e-01
-6.14e-01
9.89e-01
-6.76e-01
-5.61e-01
-8.50e-01
-1.52e-01
8.28e-01
-6.71e-01
-5.08e-01
-6.10e-04
9.59e-01
3.06e-01
7.99e-01
-3.05e-01
-8.13e-01
-5.40e-01
6.83e-01
2.69e-01
3.97e-01
8.73e-01
-6.41e-02
-3.02e-01
6.65e-01
-3.94e-01
6.86e-01
6.18e-01
4.54e-02
6.59e-01
-7.69e-02
-9.59e-01
3.32e-02
-9.52e-01
8.93e-01
-2.71e-01
-3.01e-01
7.78e-01
1.95e-02
-7.93e-01
-2.68e-01
-9.82e-01
-1.96e-01
3.13e-01
2.04e-01
-2.58e-01
-2.38e-01
-8.32e-01
-1.08e-01
-6.89e-01
-6.49e-01
-9.65e-01
6.65e-01
1.54e-01
-2.83e-01
2.55e-01
1.85e-01
-1.47e-01
-1.10e-01
-1.25e-01
1.11e-01
-7.17e-01
4.51e-01
-8.16e-01
-9.20e-01
-2.03e-01
6.52e-01
6.91e-01
-9.38e-01
-7.51e-02
8.22e-01
-2.98e-01
-2.86e-01
-1.02e-01
6.68e-01
-4.99e-02
-1.60e-03
5.61e-01
-1.75e-01
-9.82e-01
3.93e-01
6.01e-01
1.91e-01
6.58e-01
1.25e-02
6.41e-01
-4.07e-01
-1.37e-01
3.03e-01
2.55e-01
3.71e-01
9.61e-01
1.30e-01
5.89e-02
2.34e-01
-8.31e-01
2.97e-01
-2.20e-02
8.50e-01
-2.84e-01
-1.88e-01
-3.35e-01
-6.26e-01
-2.71e-01
-7.02e-01
4.80e-01
3.07e-01
3.91e-01
-5.49e-01
5.27e-01
8.77e-01
1.31e-01
3.80e-01
5.90e-02
-9.66e-01
1.78e-01
-2.42e-02
-9.88e-01
-3.96e-01
5.60e-01
-1.96e-01
-6.38e-01
-9.79e-01
-9.23e-01
-1.49e-01
-9.84e-01
8.11e-01
-7.41e-01
-2.77e-01
3.24e-01
6.27e-01
5.23e-01
8.20e-01
-4.91e-01
-7.34e-01
5.22e-01
4.30e-01
5.21e-01
1.65e-01
5.59e-01
1.59e-01
-5.95e-01
2.49e-01
-8.47e-01
3.17e-01
-1.85e-01
9.41e-01
-2.18e-01
2.17e-01
-3.60e-02
-1.13e-01
-7.50e-01
-1.41e-01
4.55e-01
8.48e-01
4.87e-01
-5.70e-01
1.57e-01
5.05e-01
-7.70e-01
-7.84e-01
3.65e-01
-9.48e-01
-6.57e-01
5.42e-01
-8.99e-01
-9.91e-01
5.97e-01
-5.52e-01
-7.95e-01
2.85e-01
1.59e-01
7.74e-01
1.24e-01
2.84e-01
3.66e-01
-4.16e-01
2.85e-01
-8.15e-01
1.89e-01
-1.34e-01
3.40e-01
2.27e-01
7.91e-01
-8.06e-01
-3.23e-02
2.48e-02
-6.10e-02
7.11e-02
-1.64e-01
4.54e-02
4.51e-01
-2.74e-01
8.22e-01
-6.02e-01
-8.21e-01
-3.75e-01
-4.98e-01
-6.16e-01
-4.53e-01
-4.45e-01
-7.22e-01
-9.45e-01
-3.03e-01
-5.38e-01
