2.90e-01
-1.58e-01
7.37e-01
-3.92e-01
-9.64e-01
6.81e-01
-8.21e-01
-6.30e-01
-8.30e-01
-5.63e-01
8.22e-02
-2.45e-01
6.57e-01
3.88e-01
3.01e-01
-2.71e-01
-6.05e-01
-5.44e-02
-6.23e-02
-6.68e-01
-9.78e-01
-7.37e-01
8.85e-01
-4.43e-01
-3.71e-01
6.19e-02
-9.34e-01
-9.32e-01
9.34e-02
6.58e-01
4.29e-01
-7.48e-01
4.28e-01
9.79e-01
2.88e-01
-7.15e-01
8.86e-01
-5.87e-01
-9.93e-01
-2.57e-01
-5.52e-01
-7.51e-02
9.39e-01
-7.08e-01
3.21e-01
-5.52e-01
-4.55e-01
6.91e-01
7.91e-01
2.50e-01
7.58e-01
-9.75e-01
1.79e-01
7.67e-01
-6.30e-01
-2.65e-01
-4.99e-01
3.42e-01
-1.39e-01
-5.42e-02
-6.18e-01
4.67e-01
-6.14e-01
-7.08e-01
-6.76e-01
-5.61e-01
-8.50e-01
-1.52e-01
8.28e-01
-6.71e-01
-5.08e-01
-6.10e-04
9.59e-01
3.06e-01
7.99e-01
-3.05e-01
8.35e-01
-2.95e-01
3.36e-01
-6.33e-01
6.87e-01
6.49e-01
4.45e-02
6.88e-01
7.66e-01
-1.57e-01
6.51e-01
1.63e-01
-4.56e-01
-9.09e-01
-5.63e-01
-6.63e-01
-9.59e-01
-5.05e-01
7.93e-01
4.15e-01
-3.01e-01
7.78e-01
1.95e-02
-7.93e-01
-2.68e-01
-9.82e-01
-1.96e-01
5.93e-03
-3.06e-01
4.23e-01
-2.95e-01
4.25e-01
-6.91e-01
8.44e-01
4.88e-01
9.48e-01
6.78e-01
-5.54e-01
1.32e-01
-4.52e-01
8.10e-01
6.23e-01
-8.37e-01
-5.13e-01
4.01e-02
-6.57e-02
-5.45e-01
-5.06e-01
3.09e-01
5.39e-01
2.85e-01
3.50e-01
4.35e-02
5.25e-01
-4.39e-01
6.64e-01
-7.34e-01
9.80e-01
-7.93e-01
-7.13e-01
-4.43e-01
4.15e-01
3.07e-01
-3.56e-01
1.91e-01
6.25e-01
7.32e-02
-6.69e-01
-9.75e-01
-1.21e-01
9.73e-01
-6.33e-01
-2.50e-01
7.03e-01
-1.18e-01
-8.73e-02
-2.78e-01
-8.89e-01
2.30e-01
7.67e-01
5.27e-01
2.21e-01
-3.68e-01
-7.23e-01
9.53e-02
2.75e-01
-5.92e-01
-9.51e-01
-9.15e-01
-7.66e-01
6.88e-01
9.00e-01
1.87e-01
-7.09e-01
-5.07e-01
1.31e-01
3.80e-01
5.90e-02
-9.66e-01
1.78e-01
-2.42e-02
-9.88e-01
-3.96e-01
5.60e-01
-1.96e-01
-6.38e-01
-9.79e-01
-9.23e-01
-1.49e-01
-9.84e-01
8.11e-01
-7.41e-01
-2.77e-01
3.24e-01
6.27e-01
5.23e-01
8.20e-01
-4.91e-01
-7.34e-01
5.22e-01
4.30e-01
-3.08e-01
-9.14e-01
5.88e-01
8.26e-01
2.36e-01
-6.58e-01
-1.30e-01
-7.59e-02
3.08e-02
8.57e-01
2.54e-02
-7.22e-01
-7.53e-01
9.88e-01
-8.27e-01
9.26e-01
2.85e-01
-4.69e-01
-6.51e-01
-5.28e-01
1.57e-01
4.37e-02
9.86e-01
-5.67e-01
-1.84e-01
8.74e-01
-9.04e-01
7.65e-01
4.44e-02
8.85e-01
-1.51e-01
-7.96e-01
4.55e-01
-6.89e-01
-8.52e-01
5.47e-01
1.15e-01
-4.34e-01
6.63e-01
-9.06e-01
-2.25e-01
-8.83e-02
-6.37e-01
-3.88e-01
-8.59e-01
1.73e-01
-4.10e-01
-8.18e-02
-4.23e-01
5.11e-01
4.35e-01
7.78e-01
-9.25e-01
-8.42e-01
-9.92e-02
-7.62e-01
-4.12e-01
7.74e-01
-1.72e-01
2.54e-01
-2.23e-02
-6.66e-01
6.92e-01
-8.01e-01
3.29e-01
4.26e-01
8.26e-01
-3.54e-01
