-4.09e-01
-7.67e-01
8.56e-01
-7.01e-01
1.69e-02
6.95e-01
8.39e-01
7.52e-01
-9.14e-01
9.17e-01
-5.57e-01
8.59e-01
-4.92e-01
-1.94e-01
9.85e-01
-9.05e-03
3.16e-01
9.55e-01
1.89e-01
9.30e-02
3.08e-01
4.74e-01
-3.73e-01
1.40e-01
8.78e-01
6.44e-01
-9.00e-01
-4.91e-01
1.52e-01
2.85e-01
-3.37e-01
5.55e-01
9.20e-01
-4.73e-01
3.75e-01
-1.10e-01
-2.24e-01
9.63e-01
8.30e-01
7.12e-01
-9.45e-01
-4.74e-01
4.30e-01
8.15e-01
-7.05e-01
8.70e-01
7.42e-01
4.95e-01
-7.57e-01
-7.78e-02
-3.37e-01
3.07e-01
6.80e-01
9.55e-01
-9.86e-01
9.53e-01
1.14e-01
7.37e-01
7.94e-01
-1.72e-01
-3.99e-01
-5.02e-01
6.74e-02
2.92e-01
1.14e-01
-6.00e-01
6.98e-01
-4.39e-01
-1.88e-01
2.54e-01
2.90e-01
-4.14e-01
-7.43e-01
3.88e-01
-1.22e-01
6.55e-01
2.42e-01
7.60e-01
7.83e-01
-7.06e-01
6.37e-01
4.26e-01
9.02e-01
-8.01e-01
2.33e-01
1.77e-01
-1.10e-01
-5.36e-01
8.64e-01
6.59e-01
8.60e-01
4.04e-01
-2.71e-01
3.98e-01
-4.57e-01
9.23e-01
-5.25e-01
-1.89e-01
7.36e-02
-4.03e-01
-5.94e-01
-9.07e-01
1.63e-02
2.55e-02
-1.06e-01
-4.28e-01
9.74e-02
-8.68e-01
7.78e-01
-3.71e-01
4.58e-01
-4.90e-01
-3.25e-01
4.50e-01
5.68e-01
1.84e-01
-6.40e-01
7.91e-01
-2.96e-01
6.51e-01
-5.90e-02
4.40e-01
2.75e-01
5.05e-01
-9.98e-01
2.76e-01
7.84e-01
-1.02e-01
5.11e-01
-9.53e-01
-3.44e-01
4.01e-02
-6.52e-01
-8.44e-01
-3.43e-01
3.88e-01
5.22e-01
-6.79e-01
7.45e-01
4.34e-01
-8.21e-01
8.64e-01
4.95e-01
-1.41e-01
-5.90e-01
2.88e-01
4.38e-02
7.10e-01
1.78e-01
-6.19e-01
-9.99e-01
-8.97e-01
-1.91e-01
-4.40e-01
2.30e-01
-8.62e-01
6.65e-01
3.82e-01
8.01e-01
-4.94e-01
-4.09e-01
6.47e-01
2.65e-01
5.92e-01
7.31e-01
2.05e-01
-4.32e-01
-1.42e-01
8.20e-01
-4.80e-01
-9.04e-01
6.88e-01
6.76e-01
-8.29e-01
-6.68e-01
9.80e-01
9.32e-01
4.06e-01
-4.75e-01
8.71e-01
9.51e-01
2.85e-01
-5.20e-02
-3.09e-01
-1.79e-01
4.69e-01
9.07e-01
-5.39e-01
-9.45e-01
9.38e-01
-2.15e-02
-6.24e-01
-3.71e-01
-5.42e-01
2.17e-02
4.64e-01
-3.45e-01
1.20e-02
-5.92e-01
8.43e-01
-1.31e-01
6.14e-01
5.63e-01
2.86e-01
5.01e-01
2.76e-01
-5.05e-01
-8.53e-01
-4.96e-01
-3.94e-01
7.96e-01
-9.22e-01
-3.04e-01
8.04e-01
-4.28e-01
4.07e-01
4.73e-01
5.86e-01
5.86e-01
6.75e-01
5.18e-01
4.01e-01
1.58e-01
1.27e-01
3.42e-01
-5.58e-01
-6.62e-01
-2.35e-01
7.88e-01
-7.64e-02
-5.64e-01
2.53e-01
7.46e-01
6.53e-01
2.97e-02
-3.73e-01
5.94e-01
-9.25e-01
-8.23e-01
-5.75e-01
-6.38e-02
2.38e-02
6.04e-01
4.22e-01
2.85e-01
-4.01e-01
-9.47e-01
4.17e-01
2.17e-01
-7.77e-01
8.49e-01
1.04e-01
-3.63e-01
-5.49e-01
5.80e-01
-8.65e-01
5.49e-01
7.17e-01
8.65e-01
3.32e-01
-8.69e-01
6.14e-02
1.05e-01
-9.68e-01
-7.27e-01
