8.19e-01
9.18e-01
-4.36e-01
-8.29e-01
3.21e-01
-7.82e-01
2.36e-01
-3.90e-01
-1.75e-01
8.21e-01
5.21e-01
4.25e-01
4.84e-01
6.25e-01
5.98e-02
-3.61e-01
-1.81e-01
-1.34e-01
3.39e-02
6.69e-02
4.52e-01
8.86e-01
8.70e-01
8.08e-01
5.55e-01
-3.50e-02
-6.90e-01
-1.37e-01
8.73e-02
-1.04e-01
2.97e-01
-5.13e-02
4.95e-02
5.39e-01
-3.66e-01
7.54e-01
-5.23e-01
3.96e-01
-3.51e-01
2.99e-01
8.94e-01
1.79e-01
-1.69e-01
-5.75e-01
4.57e-01
8.76e-01
6.01e-01
4.21e-01
-8.73e-01
-4.12e-01
6.81e-01
4.16e-01
-4.13e-01
7.81e-01
-8.47e-01
5.62e-01
-9.23e-01
-2.56e-01
5.47e-01
-2.42e-01
9.56e-02
2.91e-01
7.99e-01
-8.06e-01
-3.92e-01
-5.18e-01
-6.00e-01
-8.37e-01
6.74e-01
9.49e-01
-5.51e-01
9.09e-01
-1.20e-02
-5.86e-01
1.03e-01
-4.17e-01
-5.60e-01
2.18e-01
3.19e-01
7.90e-01
4.44e-01
-7.41e-01
9.14e-01
7.11e-02
9.23e-02
2.58e-02
-1.88e-01
-5.72e-01
4.00e-01
8.85e-01
-3.46e-02
-8.81e-01
-9.28e-01
1.44e-01
-4.91e-01
2.33e-01
8.81e-01
-1.53e-01
8.94e-01
9.23e-01
9.65e-01
-6.46e-01
7.96e-01
8.86e-01
-9.68e-01
-8.96e-01
9.21e-01
-7.87e-01
-1.44e-01
-5.59e-01
5.06e-01
6.98e-01
-1.83e-01
-4.06e-02
9.58e-01
-7.95e-02
8.89e-01
5.40e-02
7.83e-01
2.84e-01
3.70e-01
4.53e-01
-4.87e-01
4.27e-01
-2.08e-01
2.21e-01
-4.11e-01
-2.03e-01
1.24e-01
-1.14e-01
1.21e-01
-7.68e-01
-4.66e-01
5.32e-01
-8.20e-01
-2.58e-01
-5.17e-01
1.09e-01
-5.44e-01
-2.46e-01
-1.39e-01
-7.03e-01
2.77e-02
6.92e-01
9.90e-01
1.59e-01
8.84e-01
-5.44e-01
-2.93e-01
-6.97e-01
-8.31e-01
7.53e-01
-5.03e-01
-2.43e-01
-7.71e-01
-3.77e-01
7.53e-01
-8.28e-01
-7.30e-02
-5.02e-01
-9.56e-01
-1.40e-01
6.61e-01
6.00e-01
-3.08e-01
6.27e-01
-6.86e-01
5.23e-01
6.88e-01
-3.31e-01
9.22e-01
6.26e-01
-8.94e-01
2.39e-01
-8.41e-01
7.81e-01
6.53e-01
1.41e-01
-1.14e-01
-2.80e-01
2.29e-01
-8.83e-01
-3.87e-01
-8.01e-01
4.33e-01
-4.25e-02
2.87e-01
2.19e-01
-1.34e-01
5.02e-01
-6.40e-01
-5.14e-01
2.29e-01
7.19e-01
7.92e-01
-1.02e-01
8.54e-01
-2.79e-01
5.32e-01
-5.92e-01
-7.79e-02
-4.30e-01
3.44e-01
9.74e-02
-7.75e-01
5.92e-01
-1.10e-01
2.99e-01
5.59e-01
9.81e-01
-7.20e-01
-6.92e-01
6.49e-02
-8.68e-01
-4.04e-01
-3.18e-01
9.53e-01
9.65e-01
6.50e-01
5.49e-01
-6.25e-01
-8.24e-01
-6.69e-01
8.27e-02
-1.52e-01
-2.12e-01
6.35e-01
-8.85e-01
4.42e-01
8.60e-02
-2.87e-01
7.56e-02
4.90e-01
5.83e-01
3.14e-01
9.13e-01
-8.50e-01
2.88e-01
5.67e-01
7.06e-01
9.07e-01
9.75e-03
6.85e-01
-6.73e-01
4.50e-01
-2.31e-01
2.82e-01
-9.98e-01
2.24e-01
5.23e-01
8.99e-01
9.65e-02
2.81e-01
5.35e-01
8.83e-01
5.71e-01
1.30e-01
-8.96e-01
7.44e-01
3.91e-01
2.68e-01
-5.69e-01
4.48e-01
-7.20e-01
-3.00e-01
