1.82e-01
1.00e-01
6.97e-01
8.16e-01
-6.64e-01
5.96e-01
-2.04e-01
-3.39e-01
1.01e-01
-2.05e-01
-5.34e-01
-3.86e-01
9.00e-01
3.42e-01
-8.51e-01
7.46e-01
-8.12e-01
9.65e-01
-7.33e-01
-4.52e-01
-4.74e-01
-7.13e-01
2.54e-01
1.42e-02
3.68e-01
-1.74e-01
-5.56e-01
9.69e-01
-9.95e-01
4.92e-01
-4.63e-01
-5.02e-01
-5.64e-01
-3.50e-01
-4.36e-02
-8.04e-01
-5.39e-01
3.46e-02
4.46e-03
7.69e-01
2.54e-01
-1.10e-01
3.10e-01
-6.41e-01
-5.88e-01
5.07e-01
-7.44e-01
2.59e-02
-6.68e-01
2.59e-01
4.32e-02
-3.90e-01
1.13e-01
-9.75e-01
4.79e-01
-6.88e-01
8.81e-01
6.05e-01
9.10e-01
8.65e-01
8.15e-02
-8.33e-01
8.02e-02
4.31e-01
5.92e-01
-1.98e-01
-8.55e-01
-7.05e-02
5.23e-01
5.90e-01
6.25e-01
-6.60e-01
-6.60e-01
8.25e-01
3.80e-01
7.66e-01
3.53e-01
-3.43e-01
2.11e-01
2.84e-01
-9.96e-01
2.99e-01
-5.42e-01
-8.56e-01
-2.69e-01
5.89e-01
9.10e-01
-3.70e-01
-4.93e-02
2.88e-01
3.05e-01
-5.05e-01
7.50e-01
-3.78e-01
-2.00e-01
-8.46e-01
-9.99e-01
6.06e-01
3.17e-01
4.38e-02
5.86e-02
4.97e-02
-7.87e-01
9.33e-01
9.32e-01
7.99e-01
7.81e-02
5.42e-01
2.84e-01
9.97e-01
3.84e-01
1.06e-01
1.00e-01
-5.19e-01
9.02e-01
8.92e-01
3.80e-01
-1.41e-01
-5.32e-01
-6.46e-01
1.98e-01
5.22e-01
9.90e-01
-3.18e-01
9.77e-01
-6.70e-01
-5.70e-01
-8.97e-01
1.40e-01
-2.28e-02
-9.59e-01
-4.55e-01
9.96e-01
-7.99e-01
5.12e-02
4.03e-01
-5.36e-01
-5.36e-01
-7.20e-01
-1.87e-01
2.21e-01
5.17e-01
6.84e-01
9.68e-01
9.27e-01
-6.39e-01
-2.37e-01
-1.03e-01
-4.95e-01
7.37e-01
-8.07e-01
5.22e-01
-1.90e-01
6.79e-01
-5.17e-01
-5.32e-01
1.07e-02
-1.82e-01
-2.18e-01
5.54e-01
-4.44e-01
-3.93e-01
-8.85e-02
2.24e-02
9.40e-01
-5.40e-01
2.33e-01
-3.65e-01
-5.31e-01
-8.01e-01
1.69e-01
3.80e-01
4.51e-01
-4.25e-01
8.69e-01
-7.75e-01
4.05e-01
-4.33e-01
1.56e-01
-4.61e-01
-1.64e-01
9.07e-01
9.38e-01
7.66e-02
-5.94e-01
-8.87e-01
-6.97e-01
-4.78e-01
-1.00e-01
1.79e-01
-7.88e-01
7.00e-01
7.73e-01
1.33e-01
-3.94e-01
-3.50e-02
-5.80e-01
5.94e-01
-7.19e-02
6.59e-01
-1.98e-01
3.45e-01
-4.69e-03
6.97e-01
7.07e-01
3.63e-01
-1.54e-01
-9.05e-01
-7.68e-01
1.65e-01
-8.42e-01
1.10e-01
-9.31e-01
-9.93e-01
-4.35e-01
8.86e-01
4.15e-01
7.26e-01
-8.54e-01
7.38e-01
-2.46e-01
-2.66e-02
7.25e-01
4.41e-01
9.30e-01
9.97e-01
6.08e-01
9.16e-01
5.23e-01
-5.25e-01
-1.59e-02
-3.92e-01
1.06e-01
9.64e-04
4.37e-01
-4.62e-01
-1.32e-01
3.82e-01
6.99e-01
-6.74e-01
9.51e-02
-1.49e-01
-4.78e-03
7.62e-01
-5.47e-01
-8.23e-01
-9.68e-01
7.39e-01
3.82e-01
9.56e-01
-9.41e-01
-9.04e-01
-5.87e-01
9.71e-02
1.13e-01
-5.71e-01
2.37e-01
-7.32e-01
-2.26e-01
6.90e-01
-1.44e-01
-2.72e-01
3.61e-02
-5.92e-02
9.19e-01
