4.96e-01
-9.38e-01
1.87e-01
-9.25e-01
4.15e-01
4.35e-01
4.53e-01
-4.82e-01
6.25e-01
-3.66e-01
3.21e-01
-8.52e-01
-1.11e-01
-9.35e-01
-5.74e-01
-5.70e-01
9.77e-01
-2.36e-01
-2.02e-01
5.89e-01
-3.37e-01
-6.99e-01
1.80e-01
-6.93e-01
1.04e-01
2.98e-01
-9.85e-02
-3.89e-01
-4.47e-01
-5.97e-01
8.11e-01
-5.72e-01
-5.11e-01
-1.54e-01
2.47e-01
1.25e-01
2.66e-01
2.36e-01
-9.86e-01
-2.53e-02
2.69e-01
-9.22e-01
5.31e-01
-9.00e-01
-7.14e-01
-4.81e-01
-1.47e-01
-2.60e-01
-5.18e-01
7.39e-01
6.92e-01
5.56e-01
-5.78e-01
-5.07e-01
-7.79e-01
-3.90e-01
2.58e-01
4.50e-01
2.12e-01
2.02e-01
-2.22e-01
4.28e-01
6.14e-01
-9.52e-01
1.84e-01
1.93e-01
-4.17e-01
5.69e-01
-8.82e-01
5.37e-01
7.29e-02
-3.13e-01
-9.23e-01
5.58e-01
-5.54e-01
-8.48e-01
-9.57e-01
-3.43e-01
-8.76e-01
3.19e-01
-4.75e-01
9.50e-01
8.14e-01
7.69e-02
2.29e-02
-8.55e-01
6.38e-01
2.83e-01
3.15e-01
-3.74e-01
3.57e-01
-7.18e-01
5.93e-01
3.33e-01
-3.56e-01
-3.73e-01
7.71e-01
-6.63e-03
-8.54e-02
-5.25e-01
-7.74e-01
-5.58e-01
-6.62e-01
7.81e-01
2.20e-01
-5.46e-03
3.97e-01
6.83e-01
-8.77e-01
6.71e-02
5.67e-01
4.38e-01
-5.20e-01
-6.22e-01
-3.82e-01
6.36e-01
8.90e-01
-6.14e-01
9.51e-01
-9.62e-01
-2.33e-01
6.56e-01
-2.12e-02
5.36e-01
-4.96e-01
7.93e-01
-6.04e-01
1.37e-01
-1.87e-01
3.28e-01
-6.50e-01
6.13e-01
6.71e-01
-6.62e-01
-5.45e-02
7.13e-01
7.21e-01
-2.30e-01
-9.93e-01
-5.28e-01
3.04e-01
-3.33e-02
3.77e-01
-1.43e-01
8.59e-01
-1.55e-01
6.93e-01
5.18e-01
-9.10e-02
-7.59e-01
7.36e-01
2.52e-01
-3.39e-01
-4.33e-01
-2.96e-01
9.60e-01
-3.46e-01
9.88e-01
-1.54e-01
3.23e-01
8.84e-01
9.34e-01
-9.62e-01
4.40e-01
-3.99e-01
2.29e-03
2.09e-01
-4.69e-01
6.30e-02
4.11e-01
-9.61e-01
-4.32e-01
5.02e-01
8.89e-01
-6.54e-01
7.53e-01
2.56e-01
-6.41e-01
8.15e-01
-1.68e-01
-6.74e-01
-5.73e-01
-2.99e-01
8.49e-01
-7.33e-01
-6.86e-01
-7.72e-02
-9.70e-01
-2.39e-01
-1.63e-01
2.84e-01
5.93e-01
-8.12e-02
-7.03e-01
-8.52e-01
-2.54e-01
8.57e-01
7.56e-02
-1.14e-01
7.16e-01
-8.39e-01
8.56e-01
2.81e-01
1.74e-01
-3.21e-01
2.71e-01
7.20e-01
6.94e-01
5.09e-01
9.09e-01
-7.34e-01
2.22e-01
-5.10e-01
5.14e-01
-2.43e-01
-1.52e-01
4.58e-01
-3.75e-01
8.98e-01
-5.58e-01
7.32e-01
4.88e-01
8.72e-01
8.15e-01
-3.24e-01
-9.30e-02
3.63e-01
6.58e-01
4.79e-01
-3.39e-01
7.98e-01
-9.30e-02
3.31e-01
5.08e-01
-6.39e-01
8.39e-01
-8.74e-01
4.48e-01
-2.05e-01
-5.64e-01
7.25e-02
-3.77e-01
-1.72e-01
1.19e-01
-3.14e-01
-2.99e-01
-8.21e-01
9.29e-01
-9.96e-02
5.35e-01
-1.28e-01
-7.38e-01
-6.73e-01
1.66e-01
1.74e-01
3.84e-01
1.26e-01
-5.11e-01
-5.29e-01
7.85e-01
-2.78e-02
-5.98e-01
-9.77e-01
5.49e-01
4.42e-01
