1.82e-01
1.00e-01
6.97e-01
8.16e-01
-6.64e-01
5.96e-01
-2.04e-01
-3.39e-01
1.01e-01
-2.05e-01
-5.34e-01
-3.86e-01
9.00e-01
3.42e-01
-8.51e-01
7.46e-01
-8.12e-01
9.65e-01
-7.33e-01
-4.52e-01
-4.74e-01
-7.13e-01
2.54e-01
1.42e-02
3.68e-01
-1.74e-01
-5.56e-01
9.69e-01
-9.95e-01
4.92e-01
-9.54e-01
-7.00e-01
-9.94e-03
6.35e-01
9.25e-01
3.78e-01
3.21e-01
6.10e-01
1.10e-01
9.81e-01
1.64e-01
-5.13e-01
6.85e-01
9.76e-01
4.90e-01
-8.58e-01
-4.07e-01
-4.84e-01
4.56e-01
-5.61e-01
6.23e-01
-6.34e-01
-7.56e-01
9.54e-01
-6.14e-01
6.17e-01
-1.30e-01
6.75e-01
-5.07e-01
5.61e-01
-6.79e-01
-4.90e-01
-5.14e-01
4.61e-01
5.75e-01
9.32e-01
-5.61e-01
-8.59e-01
-1.60e-01
-6.89e-01
-9.16e-01
-4.24e-01
2.06e-01
-2.52e-01
-7.81e-01
3.26e-01
-2.37e-01
2.30e-01
-3.45e-01
8.78e-01
-8.08e-01
-3.05e-01
-7.41e-01
1.38e-01
-2.69e-01
5.89e-01
9.10e-01
-3.70e-01
-4.93e-02
-8.33e-01
3.17e-01
-1.71e-01
-8.64e-01
-7.78e-01
3.63e-02
-4.46e-01
-8.01e-01
-3.56e-02
-1.24e-02
-7.94e-01
-4.48e-01
-9.80e-01
6.71e-01
-1.77e-01
6.04e-01
8.90e-01
8.33e-02
2.57e-01
8.02e-01
-2.66e-01
-6.27e-01
8.01e-02
5.32e-02
-5.08e-02
-3.94e-01
8.92e-01
3.80e-01
-1.41e-01
-5.32e-01
-6.46e-01
1.98e-01
5.22e-01
9.90e-01
-3.18e-01
9.77e-01
-6.70e-01
-5.70e-01
-8.97e-01
1.40e-01
-2.28e-02
-9.59e-01
-4.55e-01
9.96e-01
-7.99e-01
5.12e-02
4.03e-01
-5.36e-01
-5.36e-01
-7.20e-01
-1.87e-01
2.21e-01
5.17e-01
6.84e-01
9.68e-01
9.27e-01
-6.39e-01
5.52e-01
-1.03e-01
-4.95e-01
7.37e-01
-8.07e-01
-8.02e-01
-6.55e-01
8.81e-04
-1.33e-01
-5.15e-01
8.47e-01
-9.93e-01
1.05e-01
8.18e-01
6.93e-01
1.85e-01
3.41e-01
4.85e-01
5.94e-02
5.85e-01
8.08e-01
-9.26e-01
5.95e-01
3.53e-01
1.40e-01
1.34e-01
3.50e-02
9.48e-01
4.00e-01
3.74e-01
-1.58e-01
9.61e-01
-4.59e-01
8.56e-01
3.08e-01
-7.70e-02
-7.30e-02
-2.68e-01
-6.81e-01
9.48e-01
-1.36e-01
9.87e-01
-5.88e-01
7.72e-03
-1.93e-01
-1.00e+00
2.50e-01
2.46e-01
8.15e-01
8.26e-01
-6.76e-01
-6.06e-01
-5.91e-01
9.29e-01
5.91e-01
-1.74e-01
-2.00e-01
9.92e-01
-8.89e-01
-1.07e-01
-4.23e-01
-2.25e-01
8.38e-01
5.62e-01
-4.89e-01
-4.49e-02
7.92e-01
5.41e-01
-4.35e-01
8.86e-01
4.15e-01
7.26e-01
-8.54e-01
7.38e-01
-2.46e-01
-2.66e-02
7.25e-01
4.41e-01
9.30e-01
9.97e-01
6.08e-01
9.16e-01
5.23e-01
-5.25e-01
-1.59e-02
-3.92e-01
1.06e-01
9.64e-04
4.37e-01
-4.62e-01
-1.32e-01
3.82e-01
6.99e-01
-6.74e-01
9.51e-02
-1.49e-01
-4.78e-03
7.62e-01
-5.47e-01
-8.23e-01
-9.68e-01
7.39e-01
3.82e-01
9.56e-01
-9.41e-01
-9.04e-01
-5.87e-01
9.71e-02
1.13e-01
-5.71e-01
2.37e-01
-7.32e-01
-2.26e-01
6.90e-01
-1.44e-01
-2.72e-01
3.61e-02
-5.92e-02
9.19e-01
