-4.17e-01
2.74e-01
3.04e-01
5.02e-02
8.62e-01
-6.33e-01
5.24e-01
-2.61e-01
-3.05e-01
3.61e-02
-4.71e-01
1.57e-02
9.52e-01
-6.70e-01
7.49e-01
-9.98e-02
-5.88e-01
-1.33e-01
-5.06e-01
3.18e-01
9.03e-01
9.79e-02
-9.45e-01
5.00e-01
-1.05e-01
1.71e-01
-3.88e-01
-2.22e-01
-4.70e-01
4.39e-01
-5.27e-01
-5.68e-01
-3.06e-01
-9.47e-01
-2.28e-01
-2.09e-01
7.00e-01
3.82e-01
-2.56e-01
-1.52e-01
7.19e-01
-5.46e-01
6.25e-01
-2.08e-02
8.26e-01
6.89e-01
2.90e-01
-3.37e-01
-4.35e-01
-7.82e-01
-5.43e-01
8.90e-01
6.55e-01
6.62e-01
-3.58e-01
-3.71e-01
-4.21e-01
-6.94e-02
5.78e-01
-6.94e-01
-4.09e-01
6.59e-02
-2.93e-01
1.80e-01
-6.68e-01
-4.71e-01
1.92e-01
2.42e-01
-3.79e-01
9.49e-01
9.35e-02
-5.16e-01
3.19e-01
1.52e-01
-5.66e-01
6.73e-01
-7.86e-01
2.83e-01
9.70e-01
7.01e-01
1.40e-01
1.09e-01
1.45e-02
9.81e-01
-1.72e-01
5.49e-01
-9.10e-01
-8.12e-01
-5.12e-02
5.70e-01
-6.96e-01
7.87e-01
8.67e-01
-2.90e-01
2.06e-01
1.02e-01
-9.46e-01
-9.78e-01
-5.84e-01
3.63e-01
2.16e-01
8.27e-01
-1.91e-01
8.90e-01
-6.93e-01
2.91e-01
6.20e-01
-4.52e-01
-5.63e-01
-7.64e-01
-3.29e-01
6.89e-01
3.58e-01
-9.29e-02
5.08e-02
4.56e-01
9.36e-01
-7.95e-01
-5.35e-01
-5.22e-01
-7.80e-01
9.68e-01
-7.55e-01
-2.67e-01
-4.36e-01
-5.33e-01
8.06e-02
-5.36e-01
-7.34e-01
8.71e-01
-5.55e-01
2.21e-01
9.10e-01
-9.23e-02
-5.62e-01
-4.98e-01
5.50e-01
-2.42e-01
-7.92e-01
2.20e-01
1.47e-01
-5.99e-01
-2.34e-01
-3.71e-01
-1.77e-01
8.98e-01
6.18e-02
-5.41e-01
1.45e-01
-6.55e-01
-9.65e-01
-5.54e-01
2.25e-01
4.52e-01
-1.49e-01
-9.08e-01
6.31e-01
2.64e-01
-5.63e-01
9.70e-01
3.45e-01
-1.27e-01
-7.62e-01
6.63e-01
1.55e-01
3.68e-01
-3.67e-01
-5.80e-01
6.72e-01
6.27e-01
-4.31e-01
-5.92e-01
6.24e-01
1.82e-01
2.91e-01
1.62e-01
9.59e-01
9.35e-01
-1.25e-01
9.67e-01
6.11e-01
9.23e-01
2.93e-01
-4.38e-01
-5.80e-01
6.54e-01
4.44e-01
-7.86e-01
-2.66e-01
-4.86e-01
-1.35e-01
-6.95e-01
1.33e-01
4.15e-01
5.18e-01
8.51e-01
9.49e-01
8.76e-03
-9.45e-01
8.20e-01
7.89e-01
-9.75e-02
-1.88e-01
-6.94e-01
7.10e-01
-3.78e-01
-9.79e-01
4.19e-01
9.91e-01
4.24e-01
2.70e-01
-6.45e-01
1.68e-01
-6.36e-01
3.75e-01
4.95e-01
5.14e-01
-2.94e-01
-5.10e-01
-4.80e-01
-5.47e-01
9.81e-01
6.52e-01
8.78e-01
-1.65e-01
5.79e-01
3.35e-01
-9.31e-01
-3.89e-02
6.64e-01
-8.43e-01
-5.88e-01
-2.64e-02
9.58e-01
1.82e-01
8.83e-01
6.51e-01
-4.85e-02
3.83e-01
2.06e-01
-5.92e-01
6.46e-01
-9.70e-01
5.04e-01
-5.65e-01
-4.70e-01
-6.91e-01
6.56e-01
1.22e-01
-8.60e-01
-1.63e-01
8.26e-01
4.44e-01
9.07e-01
-2.30e-01
-1.98e-01
1.71e-01
-1.49e-03
-5.28e-01
8.79e-01
-6.13e-01
-9.07e-01
6.86e-01
5.40e-01
-5.02e-01
