-8.19e-01
-2.28e-01
-2.78e-01
1.50e-01
9.05e-01
-3.91e-01
6.52e-01
8.53e-01
3.43e-01
7.52e-01
-6.23e-01
-7.67e-01
8.51e-01
4.80e-01
3.50e-01
6.72e-01
-1.83e-01
2.97e-01
7.39e-01
5.26e-02
6.50e-01
-1.37e-01
6.22e-01
2.74e-01
-6.64e-01
8.62e-01
-9.64e-01
5.18e-01
-4.79e-01
5.66e-01
8.38e-01
2.00e-01
7.00e-01
3.01e-01
-5.45e-01
8.17e-01
-5.94e-01
8.00e-01
2.10e-01
-7.60e-01
3.57e-01
7.69e-01
-1.07e-02
9.55e-01
-6.08e-01
2.50e-01
-9.27e-01
5.43e-01
4.22e-02
-3.15e-01
-9.03e-01
7.02e-01
1.04e-01
9.40e-01
7.76e-01
6.81e-01
-7.65e-02
5.29e-01
7.59e-01
-8.67e-02
3.19e-01
-1.98e-01
-1.44e-01
-7.83e-01
-2.88e-01
4.05e-01
2.90e-01
-8.30e-01
3.46e-01
7.48e-01
-4.96e-01
2.75e-01
5.17e-01
3.87e-01
-2.17e-01
-3.27e-01
5.05e-01
7.50e-01
-3.68e-01
-8.81e-01
-2.13e-01
4.99e-01
2.89e-01
-8.53e-01
5.46e-01
-7.45e-01
-4.66e-01
-6.29e-01
5.47e-01
-5.51e-01
-8.09e-01
2.01e-01
-9.68e-01
-7.95e-01
6.12e-01
-7.14e-01
4.70e-01
-8.22e-01
-5.38e-01
-8.55e-01
-7.80e-01
9.92e-01
-9.80e-01
1.64e-02
-5.56e-02
7.90e-01
-9.33e-01
-8.14e-02
6.65e-01
-2.01e-02
3.02e-01
-9.98e-01
-9.32e-01
-1.20e-01
-2.13e-01
-5.31e-01
-6.57e-01
-7.45e-01
4.29e-01
-3.33e-01
3.08e-01
-5.13e-01
1.46e-01
9.78e-01
9.53e-01
5.14e-01
-5.38e-01
9.28e-01
-3.91e-01
8.39e-01
-8.89e-01
-4.87e-01
1.06e-01
1.72e-01
-6.18e-03
6.59e-02
8.21e-02
1.10e-01
-5.86e-01
8.63e-01
5.64e-01
-8.51e-01
4.04e-01
5.58e-01
7.43e-01
3.59e-01
-9.41e-01
1.09e-02
-7.56e-01
9.72e-01
2.05e-01
8.70e-01
7.56e-01
-8.71e-01
-5.74e-01
5.65e-01
5.94e-02
7.83e-02
4.28e-01
-9.23e-01
-1.87e-01
5.25e-01
4.06e-01
-7.50e-01
1.69e-01
-3.50e-01
-7.92e-01
-8.18e-01
-2.93e-01
-1.00e-01
7.57e-01
-3.15e-01
4.61e-02
-5.71e-01
5.29e-01
6.18e-01
-9.00e-01
8.02e-01
-7.39e-01
6.54e-01
3.35e-01
2.12e-01
7.82e-01
1.63e-01
6.99e-01
8.65e-01
6.10e-02
-6.50e-01
-3.07e-01
2.29e-01
4.29e-01
1.65e-01
-9.68e-01
2.07e-01
8.66e-01
-7.13e-01
3.37e-01
-6.12e-01
3.25e-02
-2.98e-01
6.40e-01
-1.00e-01
9.28e-01
9.67e-01
6.89e-01
3.49e-01
1.03e-01
-2.66e-01
5.61e-01
-4.00e-01
-2.25e-01
6.10e-01
4.06e-01
6.44e-02
-9.13e-01
2.85e-01
5.88e-01
-4.69e-01
-3.54e-02
-2.03e-01
-8.84e-01
3.36e-01
2.37e-01
2.31e-01
8.63e-01
5.43e-01
-5.86e-01
-2.25e-01
3.68e-01
-4.13e-01
-5.64e-01
-4.46e-01
4.76e-01
-6.75e-01
3.76e-02
-8.96e-01
-2.77e-01
-5.69e-01
9.27e-01
2.22e-01
1.23e-02
-2.59e-01
2.30e-01
8.26e-01
2.42e-01
-1.63e-01
1.07e-02
3.94e-01
4.06e-01
-2.26e-02
-1.16e-01
-8.70e-01
9.79e-02
-2.91e-01
-7.63e-01
2.51e-01
-7.40e-01
7.58e-01
2.17e-01
-8.65e-01
-7.63e-01
-1.97e-01
-7.66e-01
-4.87e-01
-3.56e-01
