-6.19e-01
8.06e-01
-2.51e-01
-8.77e-01
2.22e-01
-7.32e-01
-4.43e-01
5.01e-01
8.98e-02
-2.10e-01
5.03e-01
-6.64e-01
5.11e-01
-7.88e-01
-8.67e-02
-2.79e-01
2.33e-01
-9.94e-01
-7.08e-01
1.90e-01
-7.67e-01
-9.09e-01
-4.96e-01
-8.03e-01
-5.48e-01
8.08e-01
-1.42e-01
-4.78e-01
-6.08e-01
-5.03e-01
-7.49e-01
-6.02e-01
-9.98e-01
6.39e-01
-9.66e-01
8.38e-01
3.99e-01
7.50e-01
7.10e-01
3.81e-01
-3.90e-01
-2.85e-01
8.91e-01
-7.34e-01
8.94e-01
-5.92e-01
-1.65e-01
3.88e-01
-2.93e-01
-8.99e-01
-7.97e-01
-6.77e-01
7.21e-01
-6.38e-01
-5.43e-01
5.22e-01
4.75e-01
1.17e-01
7.23e-01
-4.86e-01
1.96e-01
7.22e-01
8.14e-01
2.31e-01
8.15e-01
4.05e-01
2.90e-01
-8.30e-01
3.46e-01
7.48e-01
-4.96e-01
2.75e-01
5.17e-01
3.87e-01
-2.17e-01
-3.27e-01
5.05e-01
7.50e-01
-3.68e-01
-8.81e-01
-2.13e-01
4.99e-01
2.89e-01
-8.53e-01
5.46e-01
-7.45e-01
-4.66e-01
-6.29e-01
5.47e-01
-5.51e-01
-8.09e-01
2.01e-01
-9.68e-01
-7.95e-01
6.12e-01
-7.14e-01
4.70e-01
-8.22e-01
-5.38e-01
-8.55e-01
-7.80e-01
9.92e-01
-9.80e-01
1.64e-02
-5.56e-02
7.90e-01
-9.33e-01
-8.14e-02
6.65e-01
-2.01e-02
3.02e-01
-9.98e-01
-9.32e-01
-6.19e-01
6.63e-01
-8.57e-01
-2.76e-01
7.76e-01
1.19e-01
5.76e-01
6.94e-01
1.72e-01
-5.61e-01
-1.69e-01
2.89e-01
-9.65e-01
2.33e-01
5.57e-01
-3.91e-01
8.39e-01
-8.89e-01
5.85e-01
-7.18e-01
1.72e-01
-6.18e-03
6.59e-02
8.21e-02
1.10e-01
-5.86e-01
8.63e-01
5.64e-01
-8.51e-01
4.04e-01
5.58e-01
7.43e-01
3.59e-01
-9.41e-01
1.09e-02
-7.56e-01
1.06e-01
5.69e-01
-5.55e-01
6.51e-01
3.57e-02
7.86e-01
-7.36e-01
-2.39e-01
1.57e-01
9.18e-01
1.64e-01
-5.24e-01
5.66e-01
-6.20e-01
-8.67e-01
9.57e-01
3.23e-01
-7.81e-01
-7.62e-01
3.41e-01
-3.51e-01
4.63e-01
-3.64e-01
-4.04e-01
-6.23e-02
8.81e-01
-5.64e-01
7.56e-01
-9.13e-01
7.88e-01
8.12e-01
-3.73e-01
-4.71e-01
4.51e-01
9.13e-01
-4.21e-01
7.86e-01
5.38e-01
-1.87e-02
-2.12e-01
8.30e-01
7.26e-02
5.72e-01
-9.39e-01
5.30e-01
-6.14e-01
-6.53e-01
5.87e-01
1.10e-01
3.28e-01
-4.54e-02
-4.36e-01
-6.01e-01
-1.01e-01
8.53e-01
-3.28e-01
4.64e-01
5.94e-01
-8.49e-01
8.44e-01
-4.00e-01
-2.25e-01
6.10e-01
4.06e-01
6.44e-02
-9.13e-01
2.85e-01
5.88e-01
-4.69e-01
-3.54e-02
-2.03e-01
-8.84e-01
3.36e-01
2.37e-01
2.31e-01
8.63e-01
5.43e-01
-4.78e-01
7.92e-01
5.16e-01
-7.61e-01
3.44e-01
3.93e-01
-5.60e-02
-3.07e-01
-1.71e-01
-5.45e-01
3.11e-01
-1.56e-01
6.43e-01
-7.69e-01
2.99e-01
-4.49e-01
6.99e-01
-2.92e-01
-8.66e-01
-1.68e-02
1.07e-02
3.94e-01
4.06e-01
-2.26e-02
-1.16e-01
-8.70e-01
9.79e-02
-2.91e-01
-7.63e-01
2.51e-01
-7.40e-01
7.58e-01
2.17e-01
-8.65e-01
-7.63e-01
-1.97e-01
-7.66e-01
-4.87e-01
-3.56e-01
