-1.33e-01
3.20e-01
-2.18e-01
-8.20e-01
-3.89e-01
-2.92e-01
-8.17e-01
7.84e-01
-5.10e-01
-2.50e-02
-2.29e-01
6.26e-01
-1.40e-01
2.40e-01
-2.16e-02
4.86e-01
-4.40e-01
9.37e-01
5.45e-01
-5.90e-01
4.16e-01
1.91e-03
-8.10e-01
-1.92e-01
-9.94e-01
4.70e-01
-5.86e-01
-4.08e-01
9.59e-01
7.19e-01
3.42e-01
-3.27e-01
-1.17e-01
-6.37e-01
-1.14e-01
-6.15e-01
-9.83e-02
-5.92e-01
9.39e-01
5.64e-01
-3.72e-01
-1.13e-02
6.51e-01
1.09e-02
7.45e-01
8.88e-02
9.38e-01
-4.97e-01
2.31e-01
-8.79e-01
-8.12e-01
-3.86e-01
7.98e-02
-9.26e-01
4.10e-01
-5.27e-01
-2.69e-01
-3.03e-01
5.16e-01
7.64e-01
-8.71e-01
8.81e-03
-9.10e-02
-3.54e-01
-9.09e-01
-3.42e-01
-4.23e-01
7.31e-02
-7.98e-01
-3.54e-01
-8.52e-01
-9.01e-02
-8.40e-01
-1.55e-01
-7.57e-01
-3.89e-01
1.33e-01
-6.78e-01
-2.98e-01
9.07e-02
-8.63e-02
-1.90e-01
5.87e-01
-1.40e-01
2.70e-01
8.31e-01
-5.83e-01
3.20e-01
3.81e-01
-4.87e-01
3.56e-01
-3.74e-01
8.50e-01
5.50e-01
-9.14e-01
-5.73e-01
-6.51e-01
-4.10e-01
-2.85e-01
7.17e-01
-2.48e-01
9.33e-01
-6.51e-01
6.34e-01
6.92e-01
1.45e-01
7.59e-01
-3.91e-01
7.97e-01
-4.34e-01
-8.95e-01
-2.42e-01
-3.88e-01
-4.83e-01
-6.20e-01
7.62e-01
-3.20e-01
-4.05e-01
6.34e-01
-8.76e-01
-1.54e-01
6.61e-01
1.89e-01
-5.66e-01
8.11e-01
4.03e-02
7.48e-01
-2.38e-01
-1.79e-01
2.12e-03
7.58e-01
-5.34e-01
-2.92e-01
-9.32e-01
-1.76e-01
-9.14e-01
5.61e-01
1.90e-01
2.81e-01
4.65e-01
8.57e-01
-9.11e-01
-5.35e-01
2.43e-01
5.73e-01
-5.95e-01
-9.96e-01
1.21e-01
7.06e-01
1.36e-01
-5.20e-01
6.50e-01
4.69e-01
2.64e-01
-3.44e-01
-9.83e-01
-9.51e-01
-9.94e-01
-7.96e-01
3.89e-02
-5.80e-01
-9.02e-01
-5.95e-02
-9.51e-01
9.97e-01
-7.66e-02
-1.44e-01
-4.32e-01
-9.61e-01
9.10e-01
-4.64e-01
-7.37e-01
-7.95e-01
-1.16e-01
6.96e-01
3.08e-01
-3.98e-01
5.99e-01
7.40e-01
-3.11e-01
-1.20e-01
3.65e-01
8.62e-01
6.94e-01
-8.78e-01
8.51e-01
6.02e-02
-1.10e-01
-7.47e-01
3.34e-02
-5.18e-02
-2.89e-02
2.47e-01
-7.02e-02
-3.01e-02
3.91e-01
5.63e-01
7.68e-02
3.27e-02
-5.03e-01
-7.24e-01
4.45e-01
-2.76e-01
-7.29e-02
7.92e-01
-6.72e-01
2.32e-01
-4.95e-01
1.83e-02
4.41e-01
-7.95e-01
-1.22e-01
-6.52e-01
8.85e-01
-8.39e-01
-7.02e-01
-1.56e-01
-5.64e-02
-5.27e-01
-4.71e-01
-6.12e-01
1.98e-01
6.86e-01
-2.79e-01
5.88e-01
-4.91e-01
1.14e-01
-5.31e-01
1.97e-01
6.48e-01
-3.75e-01
5.59e-01
5.70e-01
2.99e-01
-2.07e-01
-5.90e-01
2.86e-01
-3.81e-02
1.35e-01
-6.12e-01
-4.73e-01
-4.19e-01
-3.28e-01
-4.66e-01
-2.15e-01
9.11e-02
-1.26e-01
7.19e-01
-3.04e-01
-7.20e-01
-6.32e-01
9.31e-01
9.62e-01
6.27e-01
-9.15e-01
-6.47e-01
2.57e-01
3.76e-01
5.45e-02
9.82e-01
-5.16e-01
-6.36e-01
4.10e-01
-1.25e-01
-8.12e-01
