-1.33e-01
3.20e-01
-2.18e-01
-8.20e-01
-3.89e-01
-2.92e-01
-8.17e-01
7.84e-01
-5.10e-01
-2.50e-02
-3.52e-01
5.03e-01
-7.61e-02
-1.35e-01
2.86e-01
-5.57e-01
6.87e-03
-5.01e-01
-9.37e-01
-1.22e-01
-4.26e-01
1.10e-01
-8.02e-01
2.01e-01
-8.33e-01
-4.39e-01
7.51e-01
-2.93e-01
-6.10e-01
6.33e-01
-1.91e-01
4.80e-01
-8.35e-01
-4.76e-01
5.74e-01
2.27e-01
-6.88e-01
-2.12e-01
5.06e-02
5.58e-01
-6.01e-01
-6.02e-01
-9.04e-01
3.91e-01
-3.24e-01
-3.68e-01
-1.85e-01
9.16e-01
-7.33e-01
3.45e-01
8.01e-01
4.10e-02
-4.78e-01
8.12e-01
4.41e-01
8.43e-01
-2.49e-01
4.27e-01
-5.42e-02
9.45e-01
8.37e-01
-9.53e-01
-2.62e-01
2.73e-01
3.11e-01
-9.40e-01
9.71e-01
-6.42e-01
5.53e-01
4.93e-02
6.70e-01
-6.39e-01
7.63e-01
-8.59e-01
8.67e-01
2.61e-01
-5.68e-01
-1.19e-01
-2.48e-01
7.23e-01
5.94e-01
9.14e-01
4.09e-01
3.56e-01
5.94e-01
2.68e-01
-8.97e-01
5.08e-02
-8.34e-01
-2.84e-01
8.91e-01
-2.91e-01
9.75e-01
1.52e-01
-5.90e-02
-7.67e-01
-6.82e-03
4.52e-01
4.00e-01
4.44e-01
-5.45e-01
3.53e-01
-5.42e-01
-7.76e-01
-4.93e-01
9.48e-01
-4.90e-01
-1.68e-02
-4.03e-01
7.67e-01
1.33e-01
-6.93e-01
2.65e-01
-5.36e-02
9.59e-01
1.79e-02
-5.38e-01
-7.59e-02
9.09e-01
-6.03e-01
-9.63e-01
-3.17e-01
-4.59e-01
-3.90e-01
7.28e-01
9.25e-01
7.29e-01
7.84e-01
-4.54e-01
-9.45e-01
5.68e-01
6.04e-01
2.27e-01
-8.13e-02
6.14e-01
6.59e-01
-6.45e-01
-9.14e-01
-5.96e-01
8.01e-01
-5.53e-01
7.29e-01
-9.36e-01
-5.47e-01
-9.91e-01
8.94e-01
-5.84e-01
7.07e-01
6.84e-01
-2.24e-01
1.33e-02
3.65e-01
-9.25e-01
-1.44e-01
-1.06e-01
-8.65e-01
-4.96e-01
5.48e-01
7.30e-01
-9.81e-01
5.87e-02
-1.44e-01
1.27e-01
-6.65e-01
-2.46e-01
-7.66e-02
-1.44e-01
-4.32e-01
-9.61e-01
9.10e-01
-4.64e-01
-7.37e-01
-7.95e-01
-1.16e-01
6.96e-01
3.08e-01
-3.98e-01
5.99e-01
7.40e-01
-3.11e-01
-1.20e-01
3.65e-01
8.62e-01
6.94e-01
-8.78e-01
8.51e-01
6.02e-02
7.64e-01
-7.47e-01
-3.88e-01
-5.18e-02
-2.89e-02
2.47e-01
-7.02e-02
-3.01e-02
3.91e-01
5.63e-01
7.36e-02
8.06e-02
5.29e-01
-6.75e-01
-7.86e-02
1.48e-01
-2.68e-01
8.31e-01
4.31e-01
-5.53e-01
-5.07e-01
2.32e-01
-9.62e-01
8.01e-01
7.32e-01
7.52e-01
4.92e-01
-4.02e-01
3.43e-01
-2.94e-01
-9.59e-01
8.27e-01
2.46e-01
-9.08e-01
-7.58e-01
4.11e-01
-5.61e-01
-5.56e-02
1.24e-01
-4.04e-01
5.33e-01
4.84e-01
3.09e-01
-2.29e-03
-8.65e-01
-3.89e-01
5.37e-01
-6.75e-01
-6.24e-01
-8.83e-01
7.87e-01
9.06e-01
-2.50e-01
-3.36e-01
6.74e-02
-9.16e-01
9.75e-01
6.91e-01
2.85e-01
-1.26e-01
7.19e-01
-3.04e-01
-7.20e-01
-6.32e-01
9.31e-01
9.62e-01
6.27e-01
-9.15e-01
-6.47e-01
2.57e-01
3.76e-01
5.45e-02
9.82e-01
-5.16e-01
-6.36e-01
4.10e-01
-1.25e-01
-8.12e-01
