-2.24e-03
-8.22e-01
8.34e-01
3.00e-01
-3.41e-01
-1.21e-01
-8.02e-01
-6.73e-01
7.41e-02
5.22e-01
9.51e-01
-2.19e-02
-2.66e-01
1.05e-02
-8.63e-01
6.79e-01
-6.04e-01
-5.60e-01
-8.56e-01
-1.31e-01
-6.08e-01
5.02e-01
-7.52e-01
9.16e-01
-1.08e-01
2.59e-01
-3.06e-01
-1.62e-01
-3.65e-01
1.13e-01
-3.75e-01
-7.29e-01
-4.12e-01
-2.04e-01
-9.69e-01
-1.96e-01
6.35e-01
8.02e-01
-9.52e-01
5.61e-01
-6.24e-01
7.69e-01
-1.07e-02
9.55e-01
-6.08e-01
2.50e-01
-9.27e-01
5.43e-01
4.22e-02
-3.15e-01
-9.03e-01
7.02e-01
1.04e-01
9.40e-01
7.50e-01
6.81e-01
-7.65e-02
5.29e-01
7.59e-01
-8.67e-02
-4.59e-01
3.50e-01
-8.28e-01
-4.21e-01
-1.18e-01
-8.49e-01
-2.39e-01
6.53e-01
-1.39e-01
4.84e-01
4.31e-01
-8.80e-01
1.59e-01
1.64e-01
-7.11e-01
8.44e-01
-3.78e-01
-5.59e-01
-8.17e-01
-8.85e-01
7.84e-01
-7.68e-01
-2.52e-02
8.77e-01
7.76e-01
-1.62e-01
-8.77e-01
-1.84e-01
4.58e-01
2.49e-01
7.86e-01
1.24e-01
6.60e-01
6.20e-01
2.06e-01
1.02e-01
8.18e-02
5.34e-01
-5.84e-01
3.63e-01
2.16e-01
8.27e-01
-1.91e-01
8.90e-01
-6.93e-01
-6.04e-01
-7.97e-01
-1.88e-01
-7.06e-02
5.92e-01
-4.50e-01
-9.11e-01
9.99e-01
-1.20e-01
-2.13e-01
-5.31e-01
-6.57e-01
-7.45e-01
4.29e-01
-3.33e-01
3.08e-01
-5.13e-01
1.46e-01
9.78e-01
9.53e-01
5.14e-01
-5.38e-01
-1.06e-01
-2.77e-02
-8.94e-01
5.41e-01
1.21e-01
-9.89e-01
5.13e-01
2.25e-01
-8.61e-01
-5.68e-01
6.40e-02
5.89e-01
9.35e-02
-5.60e-01
1.14e-01
7.89e-01
-3.71e-01
-1.77e-01
8.98e-01
6.18e-02
-5.41e-01
1.45e-01
-6.55e-01
-1.25e-01
-5.54e-01
2.25e-01
4.52e-01
-1.49e-01
-9.08e-01
6.31e-01
-1.05e-01
-5.63e-01
9.70e-01
3.45e-01
-1.27e-01
-7.62e-01
6.63e-01
1.55e-01
3.68e-01
-3.67e-01
-5.80e-01
6.72e-01
-9.10e-01
-9.08e-01
3.81e-01
5.76e-01
8.83e-01
6.32e-01
-9.28e-01
-8.08e-01
-1.61e-01
-7.69e-01
-5.82e-01
-3.47e-01
1.63e-01
2.51e-01
6.85e-01
9.00e-01
2.15e-01
7.25e-01
-1.47e-01
-2.11e-01
1.80e-01
3.40e-01
-6.29e-01
-7.70e-01
6.46e-01
-3.89e-01
9.34e-01
-3.61e-01
-3.90e-01
-1.60e-01
-4.30e-01
5.01e-01
6.22e-01
7.14e-01
-7.46e-01
-8.80e-01
-1.82e-01
-7.44e-01
-1.31e-01
8.44e-01
-4.00e-01
-2.25e-01
6.10e-01
4.06e-01
8.02e-01
-5.80e-01
-7.37e-01
-3.94e-01
-1.94e-01
5.40e-01
-6.52e-01
6.41e-01
7.56e-01
-1.35e-01
-9.46e-01
-5.05e-01
-3.43e-01
-1.15e-01
4.72e-01
-5.94e-02
9.62e-01
-4.23e-01
-8.42e-01
8.82e-01
6.10e-01
9.05e-01
-1.41e-01
-3.81e-01
3.59e-01
-4.74e-01
8.88e-01
-1.24e-01
-7.76e-01
9.24e-01
-6.59e-01
-9.22e-01
-9.58e-01
-2.62e-01
-5.27e-01
1.28e-01
1.41e-02
3.87e-01
-5.85e-01
-1.00e+00
6.89e-01
-3.68e-01
1.28e-02
-1.07e-01
5.76e-01
1.42e-01
-9.49e-01
-9.28e-02
-7.69e-01
3.95e-01
2.44e-01
-7.70e-01
