-1.33e-01
3.20e-01
-2.18e-01
-8.20e-01
-3.89e-01
-2.92e-01
-8.17e-01
7.84e-01
-5.10e-01
-2.50e-02
-2.29e-01
6.26e-01
4.79e-02
2.40e-01
-2.16e-02
4.86e-01
-4.40e-01
9.37e-01
5.45e-01
7.45e-04
4.16e-01
8.31e-01
-8.10e-01
-1.92e-01
-9.94e-01
4.70e-01
-5.86e-01
-4.08e-01
9.59e-01
7.19e-01
3.42e-01
-3.27e-01
-1.17e-01
-6.37e-01
-1.14e-01
-6.15e-01
-9.83e-02
-5.92e-01
9.39e-01
5.64e-01
-3.72e-01
-1.13e-02
-2.15e-01
1.09e-02
7.45e-01
8.88e-02
9.38e-01
-4.97e-01
2.31e-01
-8.79e-01
-8.12e-01
-3.86e-01
7.98e-02
-5.95e-01
4.10e-01
-5.27e-01
7.85e-01
-3.03e-01
5.16e-01
7.64e-01
-8.71e-01
8.81e-03
-9.10e-02
-3.54e-01
-9.09e-01
-3.42e-01
-4.23e-01
7.31e-02
-7.98e-01
-1.55e-01
-8.52e-01
-9.01e-02
-8.40e-01
-3.54e-01
-7.57e-01
-3.59e-01
1.33e-01
-6.78e-01
-2.98e-01
9.07e-02
-8.63e-02
-1.90e-01
5.87e-01
-1.40e-01
2.70e-01
5.99e-01
-5.83e-01
-3.85e-01
3.81e-01
-4.87e-01
3.56e-01
-3.74e-01
8.50e-01
5.50e-01
-2.85e-01
-5.73e-01
-6.51e-01
-4.10e-01
-9.14e-01
7.17e-01
-2.48e-01
9.33e-01
-6.51e-01
6.34e-01
6.92e-01
1.45e-01
-9.41e-01
9.83e-01
2.91e-01
-4.09e-01
4.59e-01
7.97e-01
-8.72e-01
7.71e-01
1.32e-02
-1.09e-01
-2.34e-01
-3.40e-01
-9.83e-01
-4.15e-01
-1.98e-01
-2.43e-01
-7.30e-02
6.64e-01
-9.01e-01
9.09e-01
-2.92e-01
5.19e-02
2.57e-01
4.57e-01
2.47e-01
1.69e-01
6.20e-01
-9.79e-01
-4.64e-02
-2.02e-01
2.78e-01
2.93e-01
-2.51e-01
1.52e-02
-2.21e-01
8.64e-01
-2.27e-01
-5.35e-01
-2.69e-01
9.25e-01
-8.36e-01
-3.63e-01
8.37e-01
-4.26e-01
-5.52e-01
5.43e-01
-2.19e-01
-5.47e-02
1.14e-01
-9.72e-01
2.54e-01
-2.67e-01
-2.31e-01
-7.85e-01
4.42e-01
-9.66e-01
-9.58e-01
-9.27e-04
-1.05e-01
7.17e-01
-6.89e-01
-6.12e-01
3.94e-01
1.45e-01
1.36e-01
8.99e-01
8.29e-01
-3.67e-01
-8.20e-01
1.96e-01
8.42e-01
-1.51e-01
9.04e-01
-3.78e-01
-8.91e-01
-6.29e-01
-6.79e-01
1.89e-01
-2.39e-01
-4.84e-01
6.28e-01
-7.55e-01
4.70e-01
2.30e-02
9.76e-01
-2.57e-02
2.90e-01
-4.44e-01
-1.34e-01
-3.34e-01
-6.32e-01
-6.73e-02
-6.11e-01
5.74e-01
5.88e-01
-9.69e-01
-5.40e-02
-1.77e-01
9.74e-02
-1.74e-01
6.80e-01
9.90e-01
6.02e-01
-4.74e-01
2.03e-01
-8.88e-01
7.45e-01
7.62e-01
-2.47e-01
-2.25e-01
-7.87e-01
6.81e-01
6.21e-01
6.64e-01
-8.88e-01
-4.09e-01
-8.99e-01
-6.86e-01
-8.63e-01
-7.50e-01
-1.32e-01
-5.31e-01
1.97e-01
6.48e-01
-3.75e-01
5.59e-01
5.70e-01
2.99e-01
-2.07e-01
-5.90e-01
2.86e-01
-3.81e-02
1.35e-01
-6.12e-01
-4.73e-01
-4.19e-01
-3.28e-01
-4.66e-01
6.51e-01
9.11e-02
-1.26e-01
7.19e-01
-3.04e-01
-7.20e-01
-6.32e-01
9.31e-01
9.62e-01
6.27e-01
-9.15e-01
-6.47e-01
2.57e-01
3.76e-01
5.45e-02
9.82e-01
-5.16e-01
-6.36e-01
4.10e-01
-1.25e-01
-8.12e-01
